[2026-01-10T00:04:36.471+0000] {local_task_job_runner.py:120} INFO - ::group::Pre task execution logs
[2026-01-10T00:04:36.483+0000] {taskinstance.py:2076} INFO - Dependencies all met for dep_context=non-requeueable deps ti=<TaskInstance: kitedag.get_job_ids scheduled__2026-01-09T00:00:00+00:00 [queued]>
[2026-01-10T00:04:36.489+0000] {taskinstance.py:2076} INFO - Dependencies all met for dep_context=requeueable deps ti=<TaskInstance: kitedag.get_job_ids scheduled__2026-01-09T00:00:00+00:00 [queued]>
[2026-01-10T00:04:36.490+0000] {taskinstance.py:2306} INFO - Starting attempt 1 of 1
[2026-01-10T00:04:36.500+0000] {taskinstance.py:2330} INFO - Executing <Task(DatabricksGetJobids): get_job_ids> on 2026-01-09 00:00:00+00:00
[2026-01-10T00:04:36.506+0000] {warnings.py:112} WARNING - /home/***/.local/lib/python3.12/site-packages/***/task/task_runner/standard_task_runner.py:62: DeprecationWarning: This process (pid=71317) is multi-threaded, use of fork() may lead to deadlocks in the child.
  pid = os.fork()

[2026-01-10T00:04:36.508+0000] {standard_task_runner.py:64} INFO - Started process 71319 to run task
[2026-01-10T00:04:36.508+0000] {standard_task_runner.py:90} INFO - Running: ['***', 'tasks', 'run', 'kitedag', 'get_job_ids', 'scheduled__2026-01-09T00:00:00+00:00', '--job-id', '270', '--raw', '--subdir', 'DAGS_FOLDER/kitedag.py', '--cfg-path', '/tmp/tmpcgcgbeif']
[2026-01-10T00:04:36.511+0000] {standard_task_runner.py:91} INFO - Job 270: Subtask get_job_ids
[2026-01-10T00:04:36.555+0000] {task_command.py:426} INFO - Running <TaskInstance: kitedag.get_job_ids scheduled__2026-01-09T00:00:00+00:00 [running]> on host e9b202c96d39
[2026-01-10T00:04:36.623+0000] {taskinstance.py:2648} INFO - Exporting env vars: AIRFLOW_CTX_DAG_OWNER='***' AIRFLOW_CTX_DAG_ID='kitedag' AIRFLOW_CTX_TASK_ID='get_job_ids' AIRFLOW_CTX_EXECUTION_DATE='2026-01-09T00:00:00+00:00' AIRFLOW_CTX_TRY_NUMBER='1' AIRFLOW_CTX_DAG_RUN_ID='scheduled__2026-01-09T00:00:00+00:00'
[2026-01-10T00:04:36.625+0000] {taskinstance.py:430} INFO - ::endgroup::
[2026-01-10T00:04:36.635+0000] {base.py:84} INFO - Using connection ID 'databricks_default' for task execution.
[2026-01-10T00:04:36.636+0000] {logging_mixin.py:188} INFO - Using Databricks Token: ***
[2026-01-10T00:04:38.711+0000] {logging_mixin.py:188} INFO - Fetched Job IDs: [187092103708177, 959528231352]
[2026-01-10T00:04:38.712+0000] {DatabricksGetJobids.py:17} INFO - job_ids fetched!
[2026-01-10T00:04:38.712+0000] {taskinstance.py:441} INFO - ::group::Post task execution logs
[2026-01-10T00:04:38.737+0000] {taskinstance.py:1206} INFO - Marking task as SUCCESS. dag_id=kitedag, task_id=get_job_ids, run_id=scheduled__2026-01-09T00:00:00+00:00, execution_date=20260109T000000, start_date=20260110T000436, end_date=20260110T000438
[2026-01-10T00:04:38.765+0000] {local_task_job_runner.py:243} INFO - Task exited with return code 0
[2026-01-10T00:04:38.783+0000] {taskinstance.py:3503} INFO - 1 downstream tasks scheduled from follow-on schedule check
[2026-01-10T00:04:38.784+0000] {local_task_job_runner.py:222} INFO - ::endgroup::
