[2025-12-10T09:46:28.532+0000] {local_task_job_runner.py:120} INFO - ::group::Pre task execution logs
[2025-12-10T09:46:28.538+0000] {taskinstance.py:2076} INFO - Dependencies all met for dep_context=non-requeueable deps ti=<TaskInstance: kitedag.hello_task manual__2025-12-10T09:46:26.760519+00:00 [queued]>
[2025-12-10T09:46:28.541+0000] {taskinstance.py:2076} INFO - Dependencies all met for dep_context=requeueable deps ti=<TaskInstance: kitedag.hello_task manual__2025-12-10T09:46:26.760519+00:00 [queued]>
[2025-12-10T09:46:28.541+0000] {taskinstance.py:2306} INFO - Starting attempt 1 of 1
[2025-12-10T09:46:28.545+0000] {taskinstance.py:2330} INFO - Executing <Task(PythonOperator): hello_task> on 2025-12-10 09:46:26.760519+00:00
[2025-12-10T09:46:28.549+0000] {warnings.py:112} WARNING - /home/***/.local/lib/python3.12/site-packages/***/task/task_runner/standard_task_runner.py:62: DeprecationWarning: This process (pid=3491) is multi-threaded, use of fork() may lead to deadlocks in the child.
  pid = os.fork()

[2025-12-10T09:46:28.550+0000] {standard_task_runner.py:64} INFO - Started process 3493 to run task
[2025-12-10T09:46:28.550+0000] {standard_task_runner.py:90} INFO - Running: ['***', 'tasks', 'run', 'kitedag', 'hello_task', 'manual__2025-12-10T09:46:26.760519+00:00', '--job-id', '71', '--raw', '--subdir', 'DAGS_FOLDER/kitedag.py', '--cfg-path', '/tmp/tmpzwbv8bpp']
[2025-12-10T09:46:28.552+0000] {standard_task_runner.py:91} INFO - Job 71: Subtask hello_task
[2025-12-10T09:46:28.574+0000] {task_command.py:426} INFO - Running <TaskInstance: kitedag.hello_task manual__2025-12-10T09:46:26.760519+00:00 [running]> on host e9b202c96d39
[2025-12-10T09:46:28.610+0000] {taskinstance.py:2648} INFO - Exporting env vars: AIRFLOW_CTX_DAG_OWNER='***' AIRFLOW_CTX_DAG_ID='kitedag' AIRFLOW_CTX_TASK_ID='hello_task' AIRFLOW_CTX_EXECUTION_DATE='2025-12-10T09:46:26.760519+00:00' AIRFLOW_CTX_TRY_NUMBER='1' AIRFLOW_CTX_DAG_RUN_ID='manual__2025-12-10T09:46:26.760519+00:00'
[2025-12-10T09:46:28.611+0000] {taskinstance.py:430} INFO - ::endgroup::
[2025-12-10T09:46:28.611+0000] {logging_mixin.py:188} INFO - Hello from Kite DAG!
[2025-12-10T09:46:28.611+0000] {python.py:237} INFO - Done. Returned value was: None
[2025-12-10T09:46:28.612+0000] {taskinstance.py:441} INFO - ::group::Post task execution logs
[2025-12-10T09:46:28.616+0000] {taskinstance.py:1206} INFO - Marking task as SUCCESS. dag_id=kitedag, task_id=hello_task, run_id=manual__2025-12-10T09:46:26.760519+00:00, execution_date=20251210T094626, start_date=20251210T094628, end_date=20251210T094628
[2025-12-10T09:46:28.654+0000] {local_task_job_runner.py:243} INFO - Task exited with return code 0
[2025-12-10T09:46:28.665+0000] {taskinstance.py:3503} INFO - 1 downstream tasks scheduled from follow-on schedule check
[2025-12-10T09:46:28.666+0000] {local_task_job_runner.py:222} INFO - ::endgroup::
