[2025-12-08T10:00:10.750+0000] {local_task_job_runner.py:120} INFO - ::group::Pre task execution logs
[2025-12-08T10:00:10.759+0000] {taskinstance.py:2076} INFO - Dependencies all met for dep_context=non-requeueable deps ti=<TaskInstance: kitedag.postgres_to_s3_task manual__2025-12-08T10:00:07.584974+00:00 [queued]>
[2025-12-08T10:00:10.762+0000] {taskinstance.py:2076} INFO - Dependencies all met for dep_context=requeueable deps ti=<TaskInstance: kitedag.postgres_to_s3_task manual__2025-12-08T10:00:07.584974+00:00 [queued]>
[2025-12-08T10:00:10.762+0000] {taskinstance.py:2306} INFO - Starting attempt 1 of 1
[2025-12-08T10:00:10.768+0000] {taskinstance.py:2330} INFO - Executing <Task(PostgresToS3Operator): postgres_to_s3_task> on 2025-12-08 10:00:07.584974+00:00
[2025-12-08T10:00:10.771+0000] {warnings.py:112} WARNING - /home/***/.local/lib/python3.12/site-packages/***/task/task_runner/standard_task_runner.py:62: DeprecationWarning: This process (pid=246) is multi-threaded, use of fork() may lead to deadlocks in the child.
  pid = os.fork()

[2025-12-08T10:00:10.772+0000] {standard_task_runner.py:64} INFO - Started process 248 to run task
[2025-12-08T10:00:10.774+0000] {standard_task_runner.py:90} INFO - Running: ['***', 'tasks', 'run', 'kitedag', 'postgres_to_s3_task', 'manual__2025-12-08T10:00:07.584974+00:00', '--job-id', '10', '--raw', '--subdir', 'DAGS_FOLDER/kitedag.py', '--cfg-path', '/tmp/tmp36ydf7hm']
[2025-12-08T10:00:10.776+0000] {standard_task_runner.py:91} INFO - Job 10: Subtask postgres_to_s3_task
[2025-12-08T10:00:10.796+0000] {task_command.py:426} INFO - Running <TaskInstance: kitedag.postgres_to_s3_task manual__2025-12-08T10:00:07.584974+00:00 [running]> on host f599d371e488
[2025-12-08T10:00:10.825+0000] {taskinstance.py:2648} INFO - Exporting env vars: AIRFLOW_CTX_DAG_OWNER='***' AIRFLOW_CTX_DAG_ID='kitedag' AIRFLOW_CTX_TASK_ID='postgres_to_s3_task' AIRFLOW_CTX_EXECUTION_DATE='2025-12-08T10:00:07.584974+00:00' AIRFLOW_CTX_TRY_NUMBER='1' AIRFLOW_CTX_DAG_RUN_ID='manual__2025-12-08T10:00:07.584974+00:00'
[2025-12-08T10:00:10.826+0000] {taskinstance.py:430} INFO - ::endgroup::
[2025-12-08T10:00:10.896+0000] {base.py:84} INFO - Using connection ID 'postgres' for task execution.
[2025-12-08T10:00:10.897+0000] {taskinstance.py:441} INFO - ::group::Post task execution logs
[2025-12-08T10:00:10.898+0000] {taskinstance.py:2905} ERROR - Task failed with exception
Traceback (most recent call last):
  File "/home/airflow/.local/lib/python3.12/site-packages/airflow/models/taskinstance.py", line 465, in _execute_task
    result = _execute_callable(context=context, **execute_callable_kwargs)
             ^^^^^^^^^^^^^^^^^^^^^^^^^^^^^^^^^^^^^^^^^^^^^^^^^^^^^^^^^^^^^
  File "/home/airflow/.local/lib/python3.12/site-packages/airflow/models/taskinstance.py", line 432, in _execute_callable
    return execute_callable(context=context, **execute_callable_kwargs)
           ^^^^^^^^^^^^^^^^^^^^^^^^^^^^^^^^^^^^^^^^^^^^^^^^^^^^^^^^^^^^
  File "/home/airflow/.local/lib/python3.12/site-packages/airflow/models/baseoperator.py", line 401, in wrapper
    return func(self, *args, **kwargs)
           ^^^^^^^^^^^^^^^^^^^^^^^^^^^
  File "/opt/airflow/dags/connectors/postgres_s3_connector.py", line 27, in execute
    results = postgres_hook.get_records(sql=self.sql)
              ^^^^^^^^^^^^^^^^^^^^^^^^^^^^^^^^^^^^^^^
  File "/home/airflow/.local/lib/python3.12/site-packages/airflow/providers/common/sql/hooks/sql.py", line 309, in get_records
    return self.run(sql=sql, parameters=parameters, handler=fetch_all_handler)
           ^^^^^^^^^^^^^^^^^^^^^^^^^^^^^^^^^^^^^^^^^^^^^^^^^^^^^^^^^^^^^^^^^^^
  File "/home/airflow/.local/lib/python3.12/site-packages/airflow/providers/common/sql/hooks/sql.py", line 438, in run
    with self._create_autocommit_connection(autocommit) as conn:
  File "/usr/local/lib/python3.12/contextlib.py", line 137, in __enter__
    return next(self.gen)
           ^^^^^^^^^^^^^^
  File "/home/airflow/.local/lib/python3.12/site-packages/airflow/providers/common/sql/hooks/sql.py", line 560, in _create_autocommit_connection
    with closing(self.get_conn()) as conn:
                 ^^^^^^^^^^^^^^^
  File "/home/airflow/.local/lib/python3.12/site-packages/airflow/providers/postgres/hooks/postgres.py", line 175, in get_conn
    self.conn = psycopg2.connect(**conn_args)
                ^^^^^^^^^^^^^^^^^^^^^^^^^^^^^
  File "/home/airflow/.local/lib/python3.12/site-packages/psycopg2/__init__.py", line 122, in connect
    conn = _connect(dsn, connection_factory=connection_factory, **kwasync)
           ^^^^^^^^^^^^^^^^^^^^^^^^^^^^^^^^^^^^^^^^^^^^^^^^^^^^^^^^^^^^^^^
psycopg2.OperationalError: connection to server at "localhost" (::1), port 5432 failed: Connection refused
	Is the server running on that host and accepting TCP/IP connections?
connection to server at "localhost" (127.0.0.1), port 5432 failed: Connection refused
	Is the server running on that host and accepting TCP/IP connections?

[2025-12-08T10:00:10.902+0000] {taskinstance.py:1206} INFO - Marking task as FAILED. dag_id=kitedag, task_id=postgres_to_s3_task, run_id=manual__2025-12-08T10:00:07.584974+00:00, execution_date=20251208T100007, start_date=20251208T100010, end_date=20251208T100010
[2025-12-08T10:00:10.906+0000] {standard_task_runner.py:110} ERROR - Failed to execute job 10 for task postgres_to_s3_task (connection to server at "localhost" (::1), port 5432 failed: Connection refused
	Is the server running on that host and accepting TCP/IP connections?
connection to server at "localhost" (127.0.0.1), port 5432 failed: Connection refused
	Is the server running on that host and accepting TCP/IP connections?
; 248)
[2025-12-08T10:00:10.914+0000] {local_task_job_runner.py:243} INFO - Task exited with return code 1
[2025-12-08T10:00:10.923+0000] {taskinstance.py:3503} INFO - 0 downstream tasks scheduled from follow-on schedule check
[2025-12-08T10:00:10.924+0000] {local_task_job_runner.py:222} INFO - ::endgroup::
