[2025-12-11T00:07:05.941+0000] {local_task_job_runner.py:120} INFO - ::group::Pre task execution logs
[2025-12-11T00:07:05.946+0000] {taskinstance.py:2076} INFO - Dependencies all met for dep_context=non-requeueable deps ti=<TaskInstance: kitedag.run_job scheduled__2025-12-10T00:00:00+00:00 [queued]>
[2025-12-11T00:07:05.949+0000] {taskinstance.py:2076} INFO - Dependencies all met for dep_context=requeueable deps ti=<TaskInstance: kitedag.run_job scheduled__2025-12-10T00:00:00+00:00 [queued]>
[2025-12-11T00:07:05.949+0000] {taskinstance.py:2306} INFO - Starting attempt 1 of 1
[2025-12-11T00:07:05.954+0000] {taskinstance.py:2330} INFO - Executing <Task(DatabricksJobRunOperator): run_job> on 2025-12-10 00:00:00+00:00
[2025-12-11T00:07:05.957+0000] {warnings.py:112} WARNING - /home/***/.local/lib/python3.12/site-packages/***/task/task_runner/standard_task_runner.py:62: DeprecationWarning: This process (pid=7162) is multi-threaded, use of fork() may lead to deadlocks in the child.
  pid = os.fork()

[2025-12-11T00:07:05.957+0000] {standard_task_runner.py:64} INFO - Started process 7164 to run task
[2025-12-11T00:07:05.958+0000] {standard_task_runner.py:90} INFO - Running: ['***', 'tasks', 'run', 'kitedag', 'run_job', 'scheduled__2025-12-10T00:00:00+00:00', '--job-id', '108', '--raw', '--subdir', 'DAGS_FOLDER/kitedag.py', '--cfg-path', '/tmp/tmpn0lqb84y']
[2025-12-11T00:07:05.959+0000] {standard_task_runner.py:91} INFO - Job 108: Subtask run_job
[2025-12-11T00:07:05.975+0000] {task_command.py:426} INFO - Running <TaskInstance: kitedag.run_job scheduled__2025-12-10T00:00:00+00:00 [running]> on host e9b202c96d39
[2025-12-11T00:07:06.012+0000] {taskinstance.py:2648} INFO - Exporting env vars: AIRFLOW_CTX_DAG_OWNER='***' AIRFLOW_CTX_DAG_ID='kitedag' AIRFLOW_CTX_TASK_ID='run_job' AIRFLOW_CTX_EXECUTION_DATE='2025-12-10T00:00:00+00:00' AIRFLOW_CTX_TRY_NUMBER='1' AIRFLOW_CTX_DAG_RUN_ID='scheduled__2025-12-10T00:00:00+00:00'
[2025-12-11T00:07:06.013+0000] {taskinstance.py:430} INFO - ::endgroup::
[2025-12-11T00:07:06.013+0000] {DatabricksJobRunOperator.py:20} INFO - Running Databricks job_id: 20636376952835
[2025-12-11T00:07:06.013+0000] {DatabricksJobRunOperator.py:21} INFO - Rendered job_id: 20636376952835 (<class 'str'>)
[2025-12-11T00:07:06.015+0000] {base.py:84} INFO - Using connection ID 'databricks_default' for task execution.
[2025-12-11T00:07:06.016+0000] {logging_mixin.py:188} INFO - Using Databricks Token: ***
[2025-12-11T00:07:06.016+0000] {logging_mixin.py:188} INFO - Job Payload: {'job_id': '20636376952835', 'notebook_params': {}}
[2025-12-11T00:07:07.522+0000] {DatabricksJobRunOperator.py:25} INFO - Databricks Job Run Successfully!
[2025-12-11T00:07:07.522+0000] {DatabricksJobRunOperator.py:26} INFO - {
  "run_id": 823897731492681,
  "number_in_job": 823897731492681
}
[2025-12-11T00:07:07.522+0000] {taskinstance.py:441} INFO - ::group::Post task execution logs
[2025-12-11T00:07:07.531+0000] {taskinstance.py:1206} INFO - Marking task as SUCCESS. dag_id=kitedag, task_id=run_job, run_id=scheduled__2025-12-10T00:00:00+00:00, execution_date=20251210T000000, start_date=20251211T000705, end_date=20251211T000707
[2025-12-11T00:07:07.547+0000] {local_task_job_runner.py:243} INFO - Task exited with return code 0
[2025-12-11T00:07:07.555+0000] {taskinstance.py:3503} INFO - 0 downstream tasks scheduled from follow-on schedule check
[2025-12-11T00:07:07.556+0000] {local_task_job_runner.py:222} INFO - ::endgroup::
