[2025-12-08T10:00:09.825+0000] {local_task_job_runner.py:120} INFO - ::group::Pre task execution logs
[2025-12-08T10:00:09.837+0000] {taskinstance.py:2076} INFO - Dependencies all met for dep_context=non-requeueable deps ti=<TaskInstance: kitedag.hello_task manual__2025-12-08T10:00:07.584974+00:00 [queued]>
[2025-12-08T10:00:09.840+0000] {taskinstance.py:2076} INFO - Dependencies all met for dep_context=requeueable deps ti=<TaskInstance: kitedag.hello_task manual__2025-12-08T10:00:07.584974+00:00 [queued]>
[2025-12-08T10:00:09.840+0000] {taskinstance.py:2306} INFO - Starting attempt 1 of 1
[2025-12-08T10:00:09.844+0000] {taskinstance.py:2330} INFO - Executing <Task(PythonOperator): hello_task> on 2025-12-08 10:00:07.584974+00:00
[2025-12-08T10:00:09.848+0000] {warnings.py:112} WARNING - /home/***/.local/lib/python3.12/site-packages/***/task/task_runner/standard_task_runner.py:62: DeprecationWarning: This process (pid=243) is multi-threaded, use of fork() may lead to deadlocks in the child.
  pid = os.fork()

[2025-12-08T10:00:09.849+0000] {standard_task_runner.py:64} INFO - Started process 245 to run task
[2025-12-08T10:00:09.849+0000] {standard_task_runner.py:90} INFO - Running: ['***', 'tasks', 'run', 'kitedag', 'hello_task', 'manual__2025-12-08T10:00:07.584974+00:00', '--job-id', '9', '--raw', '--subdir', 'DAGS_FOLDER/kitedag.py', '--cfg-path', '/tmp/tmpgyyav7jr']
[2025-12-08T10:00:09.851+0000] {standard_task_runner.py:91} INFO - Job 9: Subtask hello_task
[2025-12-08T10:00:09.871+0000] {task_command.py:426} INFO - Running <TaskInstance: kitedag.hello_task manual__2025-12-08T10:00:07.584974+00:00 [running]> on host f599d371e488
[2025-12-08T10:00:09.899+0000] {taskinstance.py:2648} INFO - Exporting env vars: AIRFLOW_CTX_DAG_OWNER='***' AIRFLOW_CTX_DAG_ID='kitedag' AIRFLOW_CTX_TASK_ID='hello_task' AIRFLOW_CTX_EXECUTION_DATE='2025-12-08T10:00:07.584974+00:00' AIRFLOW_CTX_TRY_NUMBER='1' AIRFLOW_CTX_DAG_RUN_ID='manual__2025-12-08T10:00:07.584974+00:00'
[2025-12-08T10:00:09.901+0000] {taskinstance.py:430} INFO - ::endgroup::
[2025-12-08T10:00:09.901+0000] {logging_mixin.py:188} INFO - Hello from Kite DAG!
[2025-12-08T10:00:09.901+0000] {python.py:237} INFO - Done. Returned value was: None
[2025-12-08T10:00:09.901+0000] {taskinstance.py:441} INFO - ::group::Post task execution logs
[2025-12-08T10:00:09.904+0000] {taskinstance.py:1206} INFO - Marking task as SUCCESS. dag_id=kitedag, task_id=hello_task, run_id=manual__2025-12-08T10:00:07.584974+00:00, execution_date=20251208T100007, start_date=20251208T100009, end_date=20251208T100009
[2025-12-08T10:00:09.952+0000] {local_task_job_runner.py:243} INFO - Task exited with return code 0
[2025-12-08T10:00:09.963+0000] {taskinstance.py:3503} INFO - 1 downstream tasks scheduled from follow-on schedule check
[2025-12-08T10:00:09.964+0000] {local_task_job_runner.py:222} INFO - ::endgroup::
