[2025-12-30T00:06:03.772+0000] {local_task_job_runner.py:120} INFO - ::group::Pre task execution logs
[2025-12-30T00:06:03.777+0000] {taskinstance.py:2076} INFO - Dependencies all met for dep_context=non-requeueable deps ti=<TaskInstance: kitedag.run_job scheduled__2025-12-29T00:00:00+00:00 [queued]>
[2025-12-30T00:06:03.780+0000] {taskinstance.py:2076} INFO - Dependencies all met for dep_context=requeueable deps ti=<TaskInstance: kitedag.run_job scheduled__2025-12-29T00:00:00+00:00 [queued]>
[2025-12-30T00:06:03.780+0000] {taskinstance.py:2306} INFO - Starting attempt 1 of 1
[2025-12-30T00:06:03.784+0000] {taskinstance.py:2330} INFO - Executing <Task(DatabricksJobRunOperator): run_job> on 2025-12-29 00:00:00+00:00
[2025-12-30T00:06:03.788+0000] {warnings.py:112} WARNING - /home/***/.local/lib/python3.12/site-packages/***/task/task_runner/standard_task_runner.py:62: DeprecationWarning: This process (pid=31558) is multi-threaded, use of fork() may lead to deadlocks in the child.
  pid = os.fork()

[2025-12-30T00:06:03.788+0000] {standard_task_runner.py:64} INFO - Started process 31560 to run task
[2025-12-30T00:06:03.789+0000] {standard_task_runner.py:90} INFO - Running: ['***', 'tasks', 'run', 'kitedag', 'run_job', 'scheduled__2025-12-29T00:00:00+00:00', '--job-id', '228', '--raw', '--subdir', 'DAGS_FOLDER/kitedag.py', '--cfg-path', '/tmp/tmp64u1vh_n']
[2025-12-30T00:06:03.790+0000] {standard_task_runner.py:91} INFO - Job 228: Subtask run_job
[2025-12-30T00:06:03.807+0000] {task_command.py:426} INFO - Running <TaskInstance: kitedag.run_job scheduled__2025-12-29T00:00:00+00:00 [running]> on host e9b202c96d39
[2025-12-30T00:06:03.841+0000] {taskinstance.py:2648} INFO - Exporting env vars: AIRFLOW_CTX_DAG_OWNER='***' AIRFLOW_CTX_DAG_ID='kitedag' AIRFLOW_CTX_TASK_ID='run_job' AIRFLOW_CTX_EXECUTION_DATE='2025-12-29T00:00:00+00:00' AIRFLOW_CTX_TRY_NUMBER='1' AIRFLOW_CTX_DAG_RUN_ID='scheduled__2025-12-29T00:00:00+00:00'
[2025-12-30T00:06:03.842+0000] {taskinstance.py:430} INFO - ::endgroup::
[2025-12-30T00:06:03.842+0000] {DatabricksJobRunOperator.py:20} INFO - Running Databricks job_id: [187092103708177, 959528231352]
[2025-12-30T00:06:03.842+0000] {logging_mixin.py:188} INFO - Running jobs with IDs: [187092103708177, 959528231352]
[2025-12-30T00:06:03.842+0000] {logging_mixin.py:188} INFO - Payload: {'job_id': 187092103708177, 'notebook_params': {}}
[2025-12-30T00:06:03.844+0000] {base.py:84} INFO - Using connection ID 'databricks_default' for task execution.
[2025-12-30T00:06:03.845+0000] {logging_mixin.py:188} INFO - Using Databricks Token: ***
[2025-12-30T00:06:03.845+0000] {logging_mixin.py:188} INFO - Job Payload: {'job_id': 187092103708177, 'notebook_params': {}}
[2025-12-30T00:06:05.324+0000] {logging_mixin.py:188} INFO - Payload: {'job_id': 959528231352, 'notebook_params': {}}
[2025-12-30T00:06:05.335+0000] {base.py:84} INFO - Using connection ID 'databricks_default' for task execution.
[2025-12-30T00:06:05.335+0000] {logging_mixin.py:188} INFO - Using Databricks Token: ***
[2025-12-30T00:06:05.336+0000] {logging_mixin.py:188} INFO - Job Payload: {'job_id': 959528231352, 'notebook_params': {}}
[2025-12-30T00:06:06.664+0000] {DatabricksJobRunOperator.py:25} INFO - Databricks Job Run Successfully!
[2025-12-30T00:06:06.665+0000] {DatabricksJobRunOperator.py:26} INFO - {
  "status": "Jobs triggered successfully"
}
[2025-12-30T00:06:06.666+0000] {taskinstance.py:441} INFO - ::group::Post task execution logs
[2025-12-30T00:06:06.671+0000] {taskinstance.py:1206} INFO - Marking task as SUCCESS. dag_id=kitedag, task_id=run_job, run_id=scheduled__2025-12-29T00:00:00+00:00, execution_date=20251229T000000, start_date=20251230T000603, end_date=20251230T000606
[2025-12-30T00:06:06.712+0000] {local_task_job_runner.py:243} INFO - Task exited with return code 0
[2025-12-30T00:06:06.720+0000] {taskinstance.py:3503} INFO - 0 downstream tasks scheduled from follow-on schedule check
[2025-12-30T00:06:06.721+0000] {local_task_job_runner.py:222} INFO - ::endgroup::
