[2025-12-12T12:59:28.247+0000] {local_task_job_runner.py:120} INFO - ::group::Pre task execution logs
[2025-12-12T12:59:28.253+0000] {taskinstance.py:2076} INFO - Dependencies all met for dep_context=non-requeueable deps ti=<TaskInstance: kitedag.update_status_transform_youtube_json manual__2025-12-12T12:59:16.793393+00:00 [queued]>
[2025-12-12T12:59:28.256+0000] {taskinstance.py:2076} INFO - Dependencies all met for dep_context=requeueable deps ti=<TaskInstance: kitedag.update_status_transform_youtube_json manual__2025-12-12T12:59:16.793393+00:00 [queued]>
[2025-12-12T12:59:28.256+0000] {taskinstance.py:2306} INFO - Starting attempt 1 of 1
[2025-12-12T12:59:28.260+0000] {taskinstance.py:2330} INFO - Executing <Task(PythonOperator): update_status_transform_youtube_json> on 2025-12-12 12:59:16.793393+00:00
[2025-12-12T12:59:28.263+0000] {warnings.py:112} WARNING - /home/***/.local/lib/python3.12/site-packages/***/task/task_runner/standard_task_runner.py:62: DeprecationWarning: This process (pid=16888) is multi-threaded, use of fork() may lead to deadlocks in the child.
  pid = os.fork()

[2025-12-12T12:59:28.264+0000] {standard_task_runner.py:64} INFO - Started process 16890 to run task
[2025-12-12T12:59:28.265+0000] {standard_task_runner.py:90} INFO - Running: ['***', 'tasks', 'run', 'kitedag', 'update_status_transform_youtube_json', 'manual__2025-12-12T12:59:16.793393+00:00', '--job-id', '123', '--raw', '--subdir', 'DAGS_FOLDER/kitedag.py', '--cfg-path', '/tmp/tmpxai35xk8']
[2025-12-12T12:59:28.266+0000] {standard_task_runner.py:91} INFO - Job 123: Subtask update_status_transform_youtube_json
[2025-12-12T12:59:28.283+0000] {task_command.py:426} INFO - Running <TaskInstance: kitedag.update_status_transform_youtube_json manual__2025-12-12T12:59:16.793393+00:00 [running]> on host e9b202c96d39
[2025-12-12T12:59:28.314+0000] {taskinstance.py:2648} INFO - Exporting env vars: AIRFLOW_CTX_DAG_OWNER='***' AIRFLOW_CTX_DAG_ID='kitedag' AIRFLOW_CTX_TASK_ID='update_status_transform_youtube_json' AIRFLOW_CTX_EXECUTION_DATE='2025-12-12T12:59:16.793393+00:00' AIRFLOW_CTX_TRY_NUMBER='1' AIRFLOW_CTX_DAG_RUN_ID='manual__2025-12-12T12:59:16.793393+00:00'
[2025-12-12T12:59:28.314+0000] {taskinstance.py:430} INFO - ::endgroup::
[2025-12-12T12:59:28.315+0000] {taskinstance.py:441} INFO - ::group::Post task execution logs
[2025-12-12T12:59:28.315+0000] {taskinstance.py:2905} ERROR - Task failed with exception
Traceback (most recent call last):
  File "/home/airflow/.local/lib/python3.12/site-packages/airflow/models/taskinstance.py", line 465, in _execute_task
    result = _execute_callable(context=context, **execute_callable_kwargs)
             ^^^^^^^^^^^^^^^^^^^^^^^^^^^^^^^^^^^^^^^^^^^^^^^^^^^^^^^^^^^^^
  File "/home/airflow/.local/lib/python3.12/site-packages/airflow/models/taskinstance.py", line 432, in _execute_callable
    return execute_callable(context=context, **execute_callable_kwargs)
           ^^^^^^^^^^^^^^^^^^^^^^^^^^^^^^^^^^^^^^^^^^^^^^^^^^^^^^^^^^^^
  File "/home/airflow/.local/lib/python3.12/site-packages/airflow/models/baseoperator.py", line 401, in wrapper
    return func(self, *args, **kwargs)
           ^^^^^^^^^^^^^^^^^^^^^^^^^^^
  File "/home/airflow/.local/lib/python3.12/site-packages/airflow/operators/python.py", line 235, in execute
    return_value = self.execute_callable()
                   ^^^^^^^^^^^^^^^^^^^^^^^
  File "/home/airflow/.local/lib/python3.12/site-packages/airflow/operators/python.py", line 252, in execute_callable
    return self.python_callable(*self.op_args, **self.op_kwargs)
           ^^^^^^^^^^^^^^^^^^^^^^^^^^^^^^^^^^^^^^^^^^^^^^^^^^^^^
  File "/opt/airflow/dags/kitedag.py", line 26, in update_status
    with open(JOB_FILE_PATH, "r") as f:
         ^^^^^^^^^^^^^^^^^^^^^^^^
FileNotFoundError: [Errno 2] No such file or directory: '/Users/bhavikabharti/airflow-docker/dags/Job_dictionary.py'
[2025-12-12T12:59:28.318+0000] {taskinstance.py:1206} INFO - Marking task as FAILED. dag_id=kitedag, task_id=update_status_transform_youtube_json, run_id=manual__2025-12-12T12:59:16.793393+00:00, execution_date=20251212T125916, start_date=20251212T125928, end_date=20251212T125928
[2025-12-12T12:59:28.322+0000] {standard_task_runner.py:110} ERROR - Failed to execute job 123 for task update_status_transform_youtube_json ([Errno 2] No such file or directory: '/Users/bhavikabharti/airflow-docker/dags/Job_dictionary.py'; 16890)
[2025-12-12T12:59:28.363+0000] {local_task_job_runner.py:243} INFO - Task exited with return code 1
[2025-12-12T12:59:28.373+0000] {taskinstance.py:3503} INFO - 0 downstream tasks scheduled from follow-on schedule check
[2025-12-12T12:59:28.375+0000] {local_task_job_runner.py:222} INFO - ::endgroup::
