[2025-12-10T10:51:48.361+0000] {local_task_job_runner.py:120} INFO - ::group::Pre task execution logs
[2025-12-10T10:51:48.366+0000] {taskinstance.py:2076} INFO - Dependencies all met for dep_context=non-requeueable deps ti=<TaskInstance: kitedag.run_job manual__2025-12-10T10:51:36.760394+00:00 [queued]>
[2025-12-10T10:51:48.369+0000] {taskinstance.py:2076} INFO - Dependencies all met for dep_context=requeueable deps ti=<TaskInstance: kitedag.run_job manual__2025-12-10T10:51:36.760394+00:00 [queued]>
[2025-12-10T10:51:48.369+0000] {taskinstance.py:2306} INFO - Starting attempt 1 of 1
[2025-12-10T10:51:48.374+0000] {taskinstance.py:2330} INFO - Executing <Task(DatabricksJobRunOperator): run_job> on 2025-12-10 10:51:36.760394+00:00
[2025-12-10T10:51:48.377+0000] {warnings.py:112} WARNING - /home/***/.local/lib/python3.12/site-packages/***/task/task_runner/standard_task_runner.py:62: DeprecationWarning: This process (pid=4413) is multi-threaded, use of fork() may lead to deadlocks in the child.
  pid = os.fork()

[2025-12-10T10:51:48.377+0000] {standard_task_runner.py:64} INFO - Started process 4415 to run task
[2025-12-10T10:51:48.378+0000] {standard_task_runner.py:90} INFO - Running: ['***', 'tasks', 'run', 'kitedag', 'run_job', 'manual__2025-12-10T10:51:36.760394+00:00', '--job-id', '98', '--raw', '--subdir', 'DAGS_FOLDER/kitedag.py', '--cfg-path', '/tmp/tmp361m0_8i']
[2025-12-10T10:51:48.379+0000] {standard_task_runner.py:91} INFO - Job 98: Subtask run_job
[2025-12-10T10:51:48.395+0000] {task_command.py:426} INFO - Running <TaskInstance: kitedag.run_job manual__2025-12-10T10:51:36.760394+00:00 [running]> on host e9b202c96d39
[2025-12-10T10:51:48.429+0000] {taskinstance.py:2648} INFO - Exporting env vars: AIRFLOW_CTX_DAG_OWNER='***' AIRFLOW_CTX_DAG_ID='kitedag' AIRFLOW_CTX_TASK_ID='run_job' AIRFLOW_CTX_EXECUTION_DATE='2025-12-10T10:51:36.760394+00:00' AIRFLOW_CTX_TRY_NUMBER='1' AIRFLOW_CTX_DAG_RUN_ID='manual__2025-12-10T10:51:36.760394+00:00'
[2025-12-10T10:51:48.429+0000] {taskinstance.py:430} INFO - ::endgroup::
[2025-12-10T10:51:48.429+0000] {DatabricksJobRunOperator.py:20} INFO - Running Databricks job_id: 506124935142046
[2025-12-10T10:51:48.430+0000] {DatabricksJobRunOperator.py:21} INFO - Rendered job_id: 506124935142046 (<class 'str'>)
[2025-12-10T10:51:48.432+0000] {base.py:84} INFO - Using connection ID 'databricks_default' for task execution.
[2025-12-10T10:51:48.432+0000] {logging_mixin.py:188} INFO - Using Databricks Token: ***
[2025-12-10T10:51:48.432+0000] {logging_mixin.py:188} INFO - Job Payload: {'job_id': '506124935142046', 'notebook_params': {}}
[2025-12-10T10:51:49.840+0000] {DatabricksJobRunOperator.py:25} INFO - Databricks Job Run Successfully!
[2025-12-10T10:51:49.841+0000] {DatabricksJobRunOperator.py:26} INFO - {
  "run_id": 685896525671942,
  "number_in_job": 685896525671942
}
[2025-12-10T10:51:49.842+0000] {taskinstance.py:441} INFO - ::group::Post task execution logs
[2025-12-10T10:51:49.865+0000] {taskinstance.py:1206} INFO - Marking task as SUCCESS. dag_id=kitedag, task_id=run_job, run_id=manual__2025-12-10T10:51:36.760394+00:00, execution_date=20251210T105136, start_date=20251210T105148, end_date=20251210T105149
[2025-12-10T10:51:49.880+0000] {local_task_job_runner.py:243} INFO - Task exited with return code 0
[2025-12-10T10:51:49.892+0000] {taskinstance.py:3503} INFO - 0 downstream tasks scheduled from follow-on schedule check
[2025-12-10T10:51:49.892+0000] {local_task_job_runner.py:222} INFO - ::endgroup::
