[2025-12-19T01:08:03.622+0000] {local_task_job_runner.py:120} INFO - ::group::Pre task execution logs
[2025-12-19T01:08:03.628+0000] {taskinstance.py:2076} INFO - Dependencies all met for dep_context=non-requeueable deps ti=<TaskInstance: kitedag.youtube_search_task scheduled__2025-12-18T00:00:00+00:00 [queued]>
[2025-12-19T01:08:03.631+0000] {taskinstance.py:2076} INFO - Dependencies all met for dep_context=requeueable deps ti=<TaskInstance: kitedag.youtube_search_task scheduled__2025-12-18T00:00:00+00:00 [queued]>
[2025-12-19T01:08:03.631+0000] {taskinstance.py:2306} INFO - Starting attempt 1 of 1
[2025-12-19T01:08:03.635+0000] {taskinstance.py:2330} INFO - Executing <Task(YoutubeAPISearchOperator): youtube_search_task> on 2025-12-18 00:00:00+00:00
[2025-12-19T01:08:03.639+0000] {warnings.py:112} WARNING - /home/***/.local/lib/python3.12/site-packages/***/task/task_runner/standard_task_runner.py:62: DeprecationWarning: This process (pid=30214) is multi-threaded, use of fork() may lead to deadlocks in the child.
  pid = os.fork()

[2025-12-19T01:08:03.640+0000] {standard_task_runner.py:64} INFO - Started process 30216 to run task
[2025-12-19T01:08:03.640+0000] {standard_task_runner.py:90} INFO - Running: ['***', 'tasks', 'run', 'kitedag', 'youtube_search_task', 'scheduled__2025-12-18T00:00:00+00:00', '--job-id', '213', '--raw', '--subdir', 'DAGS_FOLDER/kitedag.py', '--cfg-path', '/tmp/tmph584fm0f']
[2025-12-19T01:08:03.642+0000] {standard_task_runner.py:91} INFO - Job 213: Subtask youtube_search_task
[2025-12-19T01:08:03.665+0000] {task_command.py:426} INFO - Running <TaskInstance: kitedag.youtube_search_task scheduled__2025-12-18T00:00:00+00:00 [running]> on host e9b202c96d39
[2025-12-19T01:08:03.697+0000] {taskinstance.py:2648} INFO - Exporting env vars: AIRFLOW_CTX_DAG_OWNER='***' AIRFLOW_CTX_DAG_ID='kitedag' AIRFLOW_CTX_TASK_ID='youtube_search_task' AIRFLOW_CTX_EXECUTION_DATE='2025-12-18T00:00:00+00:00' AIRFLOW_CTX_TRY_NUMBER='1' AIRFLOW_CTX_DAG_RUN_ID='scheduled__2025-12-18T00:00:00+00:00'
[2025-12-19T01:08:03.698+0000] {taskinstance.py:430} INFO - ::endgroup::
[2025-12-19T01:08:03.701+0000] {base.py:84} INFO - Using connection ID 'youtube_connection' for task execution.
[2025-12-19T01:08:04.165+0000] {base.py:84} INFO - Using connection ID 'aws_default' for task execution.
[2025-12-19T01:08:04.165+0000] {connection_wrapper.py:384} INFO - AWS Connection (conn_id='aws_default', conn_type='aws') credentials retrieved from login and password.
[2025-12-19T01:08:04.789+0000] {taskinstance.py:441} INFO - ::group::Post task execution logs
[2025-12-19T01:08:04.790+0000] {taskinstance.py:2905} ERROR - Task failed with exception
Traceback (most recent call last):
  File "/home/airflow/.local/lib/python3.12/site-packages/airflow/models/taskinstance.py", line 465, in _execute_task
    result = _execute_callable(context=context, **execute_callable_kwargs)
             ^^^^^^^^^^^^^^^^^^^^^^^^^^^^^^^^^^^^^^^^^^^^^^^^^^^^^^^^^^^^^
  File "/home/airflow/.local/lib/python3.12/site-packages/airflow/models/taskinstance.py", line 432, in _execute_callable
    return execute_callable(context=context, **execute_callable_kwargs)
           ^^^^^^^^^^^^^^^^^^^^^^^^^^^^^^^^^^^^^^^^^^^^^^^^^^^^^^^^^^^^
  File "/home/airflow/.local/lib/python3.12/site-packages/airflow/models/baseoperator.py", line 401, in wrapper
    return func(self, *args, **kwargs)
           ^^^^^^^^^^^^^^^^^^^^^^^^^^^
  File "/opt/airflow/dags/connectors/YoutubeAPI_Operator.py", line 45, in execute
    aws_hook.load_string(
  File "/home/airflow/.local/lib/python3.12/site-packages/airflow/providers/amazon/aws/hooks/s3.py", line 135, in wrapper
    return func(*bound_args.args, **bound_args.kwargs)
           ^^^^^^^^^^^^^^^^^^^^^^^^^^^^^^^^^^^^^^^^^^^
  File "/home/airflow/.local/lib/python3.12/site-packages/airflow/providers/amazon/aws/hooks/s3.py", line 89, in wrapper
    return func(*bound_args.args, **bound_args.kwargs)
           ^^^^^^^^^^^^^^^^^^^^^^^^^^^^^^^^^^^^^^^^^^^
  File "/home/airflow/.local/lib/python3.12/site-packages/airflow/providers/amazon/aws/hooks/s3.py", line 1149, in load_string
    self._upload_file_obj(f, key, bucket_name, replace, encrypt, acl_policy)
  File "/home/airflow/.local/lib/python3.12/site-packages/airflow/providers/amazon/aws/hooks/s3.py", line 1232, in _upload_file_obj
    client.upload_fileobj(
  File "/home/airflow/.local/lib/python3.12/site-packages/boto3/s3/inject.py", line 642, in upload_fileobj
    return future.result()
           ^^^^^^^^^^^^^^^
  File "/home/airflow/.local/lib/python3.12/site-packages/s3transfer/futures.py", line 103, in result
    return self._coordinator.result()
           ^^^^^^^^^^^^^^^^^^^^^^^^^^
  File "/home/airflow/.local/lib/python3.12/site-packages/s3transfer/futures.py", line 266, in result
    raise self._exception
  File "/home/airflow/.local/lib/python3.12/site-packages/s3transfer/tasks.py", line 139, in __call__
    return self._execute_main(kwargs)
           ^^^^^^^^^^^^^^^^^^^^^^^^^^
  File "/home/airflow/.local/lib/python3.12/site-packages/s3transfer/tasks.py", line 162, in _execute_main
    return_value = self._main(**kwargs)
                   ^^^^^^^^^^^^^^^^^^^^
  File "/home/airflow/.local/lib/python3.12/site-packages/s3transfer/upload.py", line 764, in _main
    client.put_object(Bucket=bucket, Key=key, Body=body, **extra_args)
  File "/home/airflow/.local/lib/python3.12/site-packages/botocore/client.py", line 565, in _api_call
    return self._make_api_call(operation_name, kwargs)
           ^^^^^^^^^^^^^^^^^^^^^^^^^^^^^^^^^^^^^^^^^^^
  File "/home/airflow/.local/lib/python3.12/site-packages/botocore/client.py", line 1021, in _make_api_call
    raise error_class(parsed_response, operation_name)
botocore.exceptions.ClientError: An error occurred (RequestTimeTooSkewed) when calling the PutObject operation: The difference between the request time and the current time is too large.
[2025-12-19T01:08:04.803+0000] {taskinstance.py:1206} INFO - Marking task as FAILED. dag_id=kitedag, task_id=youtube_search_task, run_id=scheduled__2025-12-18T00:00:00+00:00, execution_date=20251218T000000, start_date=20251219T010803, end_date=20251219T010804
[2025-12-19T01:08:04.810+0000] {standard_task_runner.py:110} ERROR - Failed to execute job 213 for task youtube_search_task (An error occurred (RequestTimeTooSkewed) when calling the PutObject operation: The difference between the request time and the current time is too large.; 30216)
[2025-12-19T01:08:04.823+0000] {local_task_job_runner.py:243} INFO - Task exited with return code 1
[2025-12-19T01:08:04.845+0000] {taskinstance.py:3503} INFO - 0 downstream tasks scheduled from follow-on schedule check
[2025-12-19T01:08:04.847+0000] {local_task_job_runner.py:222} INFO - ::endgroup::
