[2026-01-05T00:19:14.018+0000] {local_task_job_runner.py:120} INFO - ::group::Pre task execution logs
[2026-01-05T00:19:14.024+0000] {taskinstance.py:2076} INFO - Dependencies all met for dep_context=non-requeueable deps ti=<TaskInstance: kitedag.run_job scheduled__2026-01-04T00:00:00+00:00 [queued]>
[2026-01-05T00:19:14.026+0000] {taskinstance.py:2076} INFO - Dependencies all met for dep_context=requeueable deps ti=<TaskInstance: kitedag.run_job scheduled__2026-01-04T00:00:00+00:00 [queued]>
[2026-01-05T00:19:14.027+0000] {taskinstance.py:2306} INFO - Starting attempt 1 of 1
[2026-01-05T00:19:14.031+0000] {taskinstance.py:2330} INFO - Executing <Task(DatabricksJobRunOperator): run_job> on 2026-01-04 00:00:00+00:00
[2026-01-05T00:19:14.034+0000] {warnings.py:112} WARNING - /home/***/.local/lib/python3.12/site-packages/***/task/task_runner/standard_task_runner.py:62: DeprecationWarning: This process (pid=46605) is multi-threaded, use of fork() may lead to deadlocks in the child.
  pid = os.fork()

[2026-01-05T00:19:14.035+0000] {standard_task_runner.py:64} INFO - Started process 46607 to run task
[2026-01-05T00:19:14.036+0000] {standard_task_runner.py:90} INFO - Running: ['***', 'tasks', 'run', 'kitedag', 'run_job', 'scheduled__2026-01-04T00:00:00+00:00', '--job-id', '246', '--raw', '--subdir', 'DAGS_FOLDER/kitedag.py', '--cfg-path', '/tmp/tmp8u8p8yc6']
[2026-01-05T00:19:14.037+0000] {standard_task_runner.py:91} INFO - Job 246: Subtask run_job
[2026-01-05T00:19:14.053+0000] {task_command.py:426} INFO - Running <TaskInstance: kitedag.run_job scheduled__2026-01-04T00:00:00+00:00 [running]> on host e9b202c96d39
[2026-01-05T00:19:14.087+0000] {taskinstance.py:2648} INFO - Exporting env vars: AIRFLOW_CTX_DAG_OWNER='***' AIRFLOW_CTX_DAG_ID='kitedag' AIRFLOW_CTX_TASK_ID='run_job' AIRFLOW_CTX_EXECUTION_DATE='2026-01-04T00:00:00+00:00' AIRFLOW_CTX_TRY_NUMBER='1' AIRFLOW_CTX_DAG_RUN_ID='scheduled__2026-01-04T00:00:00+00:00'
[2026-01-05T00:19:14.088+0000] {taskinstance.py:430} INFO - ::endgroup::
[2026-01-05T00:19:14.088+0000] {DatabricksJobRunOperator.py:20} INFO - Running Databricks job_id: [187092103708177, 959528231352]
[2026-01-05T00:19:14.088+0000] {logging_mixin.py:188} INFO - Running jobs with IDs: [187092103708177, 959528231352]
[2026-01-05T00:19:14.088+0000] {logging_mixin.py:188} INFO - Payload: {'job_id': 187092103708177, 'notebook_params': {}}
[2026-01-05T00:19:14.091+0000] {base.py:84} INFO - Using connection ID 'databricks_default' for task execution.
[2026-01-05T00:19:14.091+0000] {logging_mixin.py:188} INFO - Using Databricks Token: ***
[2026-01-05T00:19:14.091+0000] {logging_mixin.py:188} INFO - Job Payload: {'job_id': 187092103708177, 'notebook_params': {}}
[2026-01-05T00:19:15.235+0000] {DatabricksJobRunOperator.py:32} ERROR - Failed to run job: 404 Client Error: Not Found for url: https://dbc-edd8f916-cefb.cloud.databricks.com/api/2.1/jobs/run-now
[2026-01-05T00:19:15.237+0000] {taskinstance.py:441} INFO - ::group::Post task execution logs
[2026-01-05T00:19:15.238+0000] {taskinstance.py:2905} ERROR - Task failed with exception
Traceback (most recent call last):
  File "/home/airflow/.local/lib/python3.12/site-packages/airflow/models/taskinstance.py", line 465, in _execute_task
    result = _execute_callable(context=context, **execute_callable_kwargs)
             ^^^^^^^^^^^^^^^^^^^^^^^^^^^^^^^^^^^^^^^^^^^^^^^^^^^^^^^^^^^^^
  File "/home/airflow/.local/lib/python3.12/site-packages/airflow/models/taskinstance.py", line 432, in _execute_callable
    return execute_callable(context=context, **execute_callable_kwargs)
           ^^^^^^^^^^^^^^^^^^^^^^^^^^^^^^^^^^^^^^^^^^^^^^^^^^^^^^^^^^^^
  File "/home/airflow/.local/lib/python3.12/site-packages/airflow/models/baseoperator.py", line 401, in wrapper
    return func(self, *args, **kwargs)
           ^^^^^^^^^^^^^^^^^^^^^^^^^^^
  File "/opt/airflow/dags/connectors/DatabricksJobRunOperator.py", line 24, in execute
    response_json = hook.run_job(self.job_ids, self.notebook_params)
                    ^^^^^^^^^^^^^^^^^^^^^^^^^^^^^^^^^^^^^^^^^^^^^^^^
  File "/opt/airflow/dags/customHooks/DatabricksHook.py", line 66, in run_job
    self._request('jobs/run-now', method='POST', job_payload=payload)
  File "/opt/airflow/dags/customHooks/DatabricksHook.py", line 33, in _request
    response.raise_for_status()
  File "/home/airflow/.local/lib/python3.12/site-packages/requests/models.py", line 1024, in raise_for_status
    raise HTTPError(http_error_msg, response=self)
requests.exceptions.HTTPError: 404 Client Error: Not Found for url: https://dbc-edd8f916-cefb.cloud.databricks.com/api/2.1/jobs/run-now
[2026-01-05T00:19:15.249+0000] {taskinstance.py:1206} INFO - Marking task as FAILED. dag_id=kitedag, task_id=run_job, run_id=scheduled__2026-01-04T00:00:00+00:00, execution_date=20260104T000000, start_date=20260105T001914, end_date=20260105T001915
[2026-01-05T00:19:15.259+0000] {standard_task_runner.py:110} ERROR - Failed to execute job 246 for task run_job (404 Client Error: Not Found for url: https://dbc-edd8f916-cefb.cloud.databricks.com/api/2.1/jobs/run-now; 46607)
[2026-01-05T00:19:15.309+0000] {local_task_job_runner.py:243} INFO - Task exited with return code 1
[2026-01-05T00:19:15.319+0000] {taskinstance.py:3503} INFO - 0 downstream tasks scheduled from follow-on schedule check
[2026-01-05T00:19:15.319+0000] {local_task_job_runner.py:222} INFO - ::endgroup::
