[2025-12-09T11:25:55.168+0000] {local_task_job_runner.py:120} INFO - ::group::Pre task execution logs
[2025-12-09T11:25:55.174+0000] {taskinstance.py:2076} INFO - Dependencies all met for dep_context=non-requeueable deps ti=<TaskInstance: kitedag.create_jobs manual__2025-12-09T11:25:45.433457+00:00 [queued]>
[2025-12-09T11:25:55.176+0000] {taskinstance.py:2076} INFO - Dependencies all met for dep_context=requeueable deps ti=<TaskInstance: kitedag.create_jobs manual__2025-12-09T11:25:45.433457+00:00 [queued]>
[2025-12-09T11:25:55.176+0000] {taskinstance.py:2306} INFO - Starting attempt 1 of 1
[2025-12-09T11:25:55.181+0000] {taskinstance.py:2330} INFO - Executing <Task(DatabricksJobCreateOperator): create_jobs> on 2025-12-09 11:25:45.433457+00:00
[2025-12-09T11:25:55.184+0000] {warnings.py:112} WARNING - /home/***/.local/lib/python3.12/site-packages/***/task/task_runner/standard_task_runner.py:62: DeprecationWarning: This process (pid=263) is multi-threaded, use of fork() may lead to deadlocks in the child.
  pid = os.fork()

[2025-12-09T11:25:55.185+0000] {standard_task_runner.py:64} INFO - Started process 265 to run task
[2025-12-09T11:25:55.186+0000] {standard_task_runner.py:90} INFO - Running: ['***', 'tasks', 'run', 'kitedag', 'create_jobs', 'manual__2025-12-09T11:25:45.433457+00:00', '--job-id', '24', '--raw', '--subdir', 'DAGS_FOLDER/kitedag.py', '--cfg-path', '/tmp/tmpzmp092_8']
[2025-12-09T11:25:55.187+0000] {standard_task_runner.py:91} INFO - Job 24: Subtask create_jobs
[2025-12-09T11:25:55.204+0000] {task_command.py:426} INFO - Running <TaskInstance: kitedag.create_jobs manual__2025-12-09T11:25:45.433457+00:00 [running]> on host e9b202c96d39
[2025-12-09T11:25:55.234+0000] {taskinstance.py:2648} INFO - Exporting env vars: AIRFLOW_CTX_DAG_OWNER='***' AIRFLOW_CTX_DAG_ID='kitedag' AIRFLOW_CTX_TASK_ID='create_jobs' AIRFLOW_CTX_EXECUTION_DATE='2025-12-09T11:25:45.433457+00:00' AIRFLOW_CTX_TRY_NUMBER='1' AIRFLOW_CTX_DAG_RUN_ID='manual__2025-12-09T11:25:45.433457+00:00'
[2025-12-09T11:25:55.235+0000] {taskinstance.py:430} INFO - ::endgroup::
[2025-12-09T11:25:55.238+0000] {base.py:84} INFO - Using connection ID 'databricks_default' for task execution.
[2025-12-09T11:25:56.435+0000] {taskinstance.py:441} INFO - ::group::Post task execution logs
[2025-12-09T11:25:56.436+0000] {taskinstance.py:2905} ERROR - Task failed with exception
Traceback (most recent call last):
  File "/home/airflow/.local/lib/python3.12/site-packages/airflow/models/taskinstance.py", line 465, in _execute_task
    result = _execute_callable(context=context, **execute_callable_kwargs)
             ^^^^^^^^^^^^^^^^^^^^^^^^^^^^^^^^^^^^^^^^^^^^^^^^^^^^^^^^^^^^^
  File "/home/airflow/.local/lib/python3.12/site-packages/airflow/models/taskinstance.py", line 432, in _execute_callable
    return execute_callable(context=context, **execute_callable_kwargs)
           ^^^^^^^^^^^^^^^^^^^^^^^^^^^^^^^^^^^^^^^^^^^^^^^^^^^^^^^^^^^^
  File "/home/airflow/.local/lib/python3.12/site-packages/airflow/models/baseoperator.py", line 401, in wrapper
    return func(self, *args, **kwargs)
           ^^^^^^^^^^^^^^^^^^^^^^^^^^^
  File "/opt/airflow/dags/connectors/DatabricksJobCreateOperator.py", line 37, in execute
    response = hook.create_job(job_config)
               ^^^^^^^^^^^^^^^^^^^^^^^^^^^
  File "/opt/airflow/dags/customHooks/DatabricksHook.py", line 34, in create_job
    return self._request('jobs/create', method='POST', json=job_config)
           ^^^^^^^^^^^^^^^^^^^^^^^^^^^^^^^^^^^^^^^^^^^^^^^^^^^^^^^^^^^^
  File "/opt/airflow/dags/customHooks/DatabricksHook.py", line 30, in _request
    response.raise_for_status()
  File "/home/airflow/.local/lib/python3.12/site-packages/requests/models.py", line 1024, in raise_for_status
    raise HTTPError(http_error_msg, response=self)
requests.exceptions.HTTPError: 400 Client Error: Bad Request for url: https://dbc-edd8f916-cefb.cloud.databricks.com/api/2.1/jobs/create
[2025-12-09T11:25:56.449+0000] {taskinstance.py:1206} INFO - Marking task as FAILED. dag_id=kitedag, task_id=create_jobs, run_id=manual__2025-12-09T11:25:45.433457+00:00, execution_date=20251209T112545, start_date=20251209T112555, end_date=20251209T112556
[2025-12-09T11:25:56.458+0000] {standard_task_runner.py:110} ERROR - Failed to execute job 24 for task create_jobs (400 Client Error: Bad Request for url: https://dbc-edd8f916-cefb.cloud.databricks.com/api/2.1/jobs/create; 265)
[2025-12-09T11:25:56.482+0000] {local_task_job_runner.py:243} INFO - Task exited with return code 1
[2025-12-09T11:25:56.501+0000] {taskinstance.py:3503} INFO - 0 downstream tasks scheduled from follow-on schedule check
[2025-12-09T11:25:56.503+0000] {local_task_job_runner.py:222} INFO - ::endgroup::
