[2025-12-12T00:04:34.064+0000] {local_task_job_runner.py:120} INFO - ::group::Pre task execution logs
[2025-12-12T00:04:34.069+0000] {taskinstance.py:2076} INFO - Dependencies all met for dep_context=non-requeueable deps ti=<TaskInstance: kitedag.run_job scheduled__2025-12-11T00:00:00+00:00 [queued]>
[2025-12-12T00:04:34.072+0000] {taskinstance.py:2076} INFO - Dependencies all met for dep_context=requeueable deps ti=<TaskInstance: kitedag.run_job scheduled__2025-12-11T00:00:00+00:00 [queued]>
[2025-12-12T00:04:34.072+0000] {taskinstance.py:2306} INFO - Starting attempt 1 of 1
[2025-12-12T00:04:34.077+0000] {taskinstance.py:2330} INFO - Executing <Task(DatabricksJobRunOperator): run_job> on 2025-12-11 00:00:00+00:00
[2025-12-12T00:04:34.081+0000] {warnings.py:112} WARNING - /home/***/.local/lib/python3.12/site-packages/***/task/task_runner/standard_task_runner.py:62: DeprecationWarning: This process (pid=13837) is multi-threaded, use of fork() may lead to deadlocks in the child.
  pid = os.fork()

[2025-12-12T00:04:34.082+0000] {standard_task_runner.py:64} INFO - Started process 13839 to run task
[2025-12-12T00:04:34.082+0000] {standard_task_runner.py:90} INFO - Running: ['***', 'tasks', 'run', 'kitedag', 'run_job', 'scheduled__2025-12-11T00:00:00+00:00', '--job-id', '113', '--raw', '--subdir', 'DAGS_FOLDER/kitedag.py', '--cfg-path', '/tmp/tmpahtuxwbg']
[2025-12-12T00:04:34.084+0000] {standard_task_runner.py:91} INFO - Job 113: Subtask run_job
[2025-12-12T00:04:34.101+0000] {task_command.py:426} INFO - Running <TaskInstance: kitedag.run_job scheduled__2025-12-11T00:00:00+00:00 [running]> on host e9b202c96d39
[2025-12-12T00:04:34.135+0000] {taskinstance.py:2648} INFO - Exporting env vars: AIRFLOW_CTX_DAG_OWNER='***' AIRFLOW_CTX_DAG_ID='kitedag' AIRFLOW_CTX_TASK_ID='run_job' AIRFLOW_CTX_EXECUTION_DATE='2025-12-11T00:00:00+00:00' AIRFLOW_CTX_TRY_NUMBER='1' AIRFLOW_CTX_DAG_RUN_ID='scheduled__2025-12-11T00:00:00+00:00'
[2025-12-12T00:04:34.136+0000] {taskinstance.py:430} INFO - ::endgroup::
[2025-12-12T00:04:34.136+0000] {DatabricksJobRunOperator.py:20} INFO - Running Databricks job_id: 1120596512497509
[2025-12-12T00:04:34.136+0000] {DatabricksJobRunOperator.py:21} INFO - Rendered job_id: 1120596512497509 (<class 'str'>)
[2025-12-12T00:04:34.139+0000] {base.py:84} INFO - Using connection ID 'databricks_default' for task execution.
[2025-12-12T00:04:34.139+0000] {logging_mixin.py:188} INFO - Using Databricks Token: ***
[2025-12-12T00:04:34.139+0000] {logging_mixin.py:188} INFO - Job Payload: {'job_id': '1120596512497509', 'notebook_params': {}}
[2025-12-12T00:04:35.571+0000] {DatabricksJobRunOperator.py:25} INFO - Databricks Job Run Successfully!
[2025-12-12T00:04:35.573+0000] {DatabricksJobRunOperator.py:26} INFO - {
  "run_id": 1125413566865387,
  "number_in_job": 1125413566865387
}
[2025-12-12T00:04:35.574+0000] {taskinstance.py:441} INFO - ::group::Post task execution logs
[2025-12-12T00:04:35.598+0000] {taskinstance.py:1206} INFO - Marking task as SUCCESS. dag_id=kitedag, task_id=run_job, run_id=scheduled__2025-12-11T00:00:00+00:00, execution_date=20251211T000000, start_date=20251212T000434, end_date=20251212T000435
[2025-12-12T00:04:35.649+0000] {local_task_job_runner.py:243} INFO - Task exited with return code 0
[2025-12-12T00:04:35.666+0000] {taskinstance.py:3503} INFO - 0 downstream tasks scheduled from follow-on schedule check
[2025-12-12T00:04:35.667+0000] {local_task_job_runner.py:222} INFO - ::endgroup::
