[2025-12-10T09:46:35.531+0000] {local_task_job_runner.py:120} INFO - ::group::Pre task execution logs
[2025-12-10T09:46:35.536+0000] {taskinstance.py:2076} INFO - Dependencies all met for dep_context=non-requeueable deps ti=<TaskInstance: kitedag.create_jobs manual__2025-12-10T09:46:26.760519+00:00 [queued]>
[2025-12-10T09:46:35.539+0000] {taskinstance.py:2076} INFO - Dependencies all met for dep_context=requeueable deps ti=<TaskInstance: kitedag.create_jobs manual__2025-12-10T09:46:26.760519+00:00 [queued]>
[2025-12-10T09:46:35.539+0000] {taskinstance.py:2306} INFO - Starting attempt 1 of 1
[2025-12-10T09:46:35.543+0000] {taskinstance.py:2330} INFO - Executing <Task(DatabricksJobCreateOperator): create_jobs> on 2025-12-10 09:46:26.760519+00:00
[2025-12-10T09:46:35.547+0000] {warnings.py:112} WARNING - /home/***/.local/lib/python3.12/site-packages/***/task/task_runner/standard_task_runner.py:62: DeprecationWarning: This process (pid=3504) is multi-threaded, use of fork() may lead to deadlocks in the child.
  pid = os.fork()

[2025-12-10T09:46:35.547+0000] {standard_task_runner.py:64} INFO - Started process 3506 to run task
[2025-12-10T09:46:35.548+0000] {standard_task_runner.py:90} INFO - Running: ['***', 'tasks', 'run', 'kitedag', 'create_jobs', 'manual__2025-12-10T09:46:26.760519+00:00', '--job-id', '74', '--raw', '--subdir', 'DAGS_FOLDER/kitedag.py', '--cfg-path', '/tmp/tmp16xlf090']
[2025-12-10T09:46:35.549+0000] {standard_task_runner.py:91} INFO - Job 74: Subtask create_jobs
[2025-12-10T09:46:35.565+0000] {task_command.py:426} INFO - Running <TaskInstance: kitedag.create_jobs manual__2025-12-10T09:46:26.760519+00:00 [running]> on host e9b202c96d39
[2025-12-10T09:46:35.593+0000] {taskinstance.py:2648} INFO - Exporting env vars: AIRFLOW_CTX_DAG_OWNER='***' AIRFLOW_CTX_DAG_ID='kitedag' AIRFLOW_CTX_TASK_ID='create_jobs' AIRFLOW_CTX_EXECUTION_DATE='2025-12-10T09:46:26.760519+00:00' AIRFLOW_CTX_TRY_NUMBER='1' AIRFLOW_CTX_DAG_RUN_ID='manual__2025-12-10T09:46:26.760519+00:00'
[2025-12-10T09:46:35.594+0000] {taskinstance.py:430} INFO - ::endgroup::
[2025-12-10T09:46:35.594+0000] {logging_mixin.py:188} INFO - Using Databricks Token: dapi70c2a0e6f27780a2bc383f98f77776a3
[2025-12-10T09:46:35.595+0000] {logging_mixin.py:188} INFO - Job Payload: {'name': 'ytdw_raw_category_transformation_frjson', 'tasks': [{'task_key': 'transform_youtube_json', 'notebook_task': {'notebook_path': '/Workspace/Users/bhavikabharti2@gmail.com/YTDW_RAW/ytdw_raw_category_transformation_frjson'}, 'job_cluster_key': None, 'compute': {'spec': {'kind': 'SERVERLESS'}}}], 'email_notifications': {'on_start': ['bhavikabharti2@gmail.com'], 'on_success': ['bhavikabharti2@gmail.com'], 'on_failure': ['bhavikabharti2@gmail.com']}, 'timeout_seconds': 3600, 'max_concurrent_runs': 1}
[2025-12-10T09:46:37.724+0000] {DatabricksJobCreateOperator.py:48} INFO - Databricks Job Created Successfully!
[2025-12-10T09:46:37.726+0000] {DatabricksJobCreateOperator.py:49} INFO - {
  "job_id": 747050908903142
}
[2025-12-10T09:46:37.726+0000] {taskinstance.py:441} INFO - ::group::Post task execution logs
[2025-12-10T09:46:37.749+0000] {taskinstance.py:1206} INFO - Marking task as SUCCESS. dag_id=kitedag, task_id=create_jobs, run_id=manual__2025-12-10T09:46:26.760519+00:00, execution_date=20251210T094626, start_date=20251210T094635, end_date=20251210T094637
[2025-12-10T09:46:37.805+0000] {local_task_job_runner.py:243} INFO - Task exited with return code 0
[2025-12-10T09:46:37.819+0000] {taskinstance.py:3503} INFO - 0 downstream tasks scheduled from follow-on schedule check
[2025-12-10T09:46:37.821+0000] {local_task_job_runner.py:222} INFO - ::endgroup::
