[2025-12-15T13:01:42.432+0000] {local_task_job_runner.py:120} INFO - ::group::Pre task execution logs
[2025-12-15T13:01:42.438+0000] {taskinstance.py:2076} INFO - Dependencies all met for dep_context=non-requeueable deps ti=<TaskInstance: kitedag.run_job manual__2025-12-15T13:01:29.754026+00:00 [queued]>
[2025-12-15T13:01:42.441+0000] {taskinstance.py:2076} INFO - Dependencies all met for dep_context=requeueable deps ti=<TaskInstance: kitedag.run_job manual__2025-12-15T13:01:29.754026+00:00 [queued]>
[2025-12-15T13:01:42.442+0000] {taskinstance.py:2306} INFO - Starting attempt 1 of 1
[2025-12-15T13:01:42.446+0000] {taskinstance.py:2330} INFO - Executing <Task(DatabricksJobRunOperator): run_job> on 2025-12-15 13:01:29.754026+00:00
[2025-12-15T13:01:42.450+0000] {warnings.py:112} WARNING - /home/***/.local/lib/python3.12/site-packages/***/task/task_runner/standard_task_runner.py:62: DeprecationWarning: This process (pid=26162) is multi-threaded, use of fork() may lead to deadlocks in the child.
  pid = os.fork()

[2025-12-15T13:01:42.450+0000] {standard_task_runner.py:64} INFO - Started process 26164 to run task
[2025-12-15T13:01:42.451+0000] {standard_task_runner.py:90} INFO - Running: ['***', 'tasks', 'run', 'kitedag', 'run_job', 'manual__2025-12-15T13:01:29.754026+00:00', '--job-id', '202', '--raw', '--subdir', 'DAGS_FOLDER/kitedag.py', '--cfg-path', '/tmp/tmprq_rap53']
[2025-12-15T13:01:42.452+0000] {standard_task_runner.py:91} INFO - Job 202: Subtask run_job
[2025-12-15T13:01:42.470+0000] {task_command.py:426} INFO - Running <TaskInstance: kitedag.run_job manual__2025-12-15T13:01:29.754026+00:00 [running]> on host e9b202c96d39
[2025-12-15T13:01:42.506+0000] {taskinstance.py:2648} INFO - Exporting env vars: AIRFLOW_CTX_DAG_OWNER='***' AIRFLOW_CTX_DAG_ID='kitedag' AIRFLOW_CTX_TASK_ID='run_job' AIRFLOW_CTX_EXECUTION_DATE='2025-12-15T13:01:29.754026+00:00' AIRFLOW_CTX_TRY_NUMBER='1' AIRFLOW_CTX_DAG_RUN_ID='manual__2025-12-15T13:01:29.754026+00:00'
[2025-12-15T13:01:42.507+0000] {taskinstance.py:430} INFO - ::endgroup::
[2025-12-15T13:01:42.507+0000] {DatabricksJobRunOperator.py:20} INFO - Running Databricks job_id: [187092103708177, 959528231352]
[2025-12-15T13:01:42.508+0000] {logging_mixin.py:188} INFO - Running jobs with IDs: [187092103708177, 959528231352]
[2025-12-15T13:01:42.508+0000] {logging_mixin.py:188} INFO - Payload: {'job_id': 187092103708177, 'notebook_params': {}}
[2025-12-15T13:01:42.510+0000] {base.py:84} INFO - Using connection ID 'databricks_default' for task execution.
[2025-12-15T13:01:42.511+0000] {logging_mixin.py:188} INFO - Using Databricks Token: ***
[2025-12-15T13:01:42.511+0000] {logging_mixin.py:188} INFO - Job Payload: {'job_id': 187092103708177, 'notebook_params': {}}
[2025-12-15T13:02:19.018+0000] {logging_mixin.py:188} INFO - Payload: {'job_id': 959528231352, 'notebook_params': {}}
[2025-12-15T13:02:19.036+0000] {base.py:84} INFO - Using connection ID 'databricks_default' for task execution.
[2025-12-15T13:02:19.037+0000] {logging_mixin.py:188} INFO - Using Databricks Token: ***
[2025-12-15T13:02:19.037+0000] {logging_mixin.py:188} INFO - Job Payload: {'job_id': 959528231352, 'notebook_params': {}}
[2025-12-15T13:02:20.610+0000] {DatabricksJobRunOperator.py:25} INFO - Databricks Job Run Successfully!
[2025-12-15T13:02:20.612+0000] {DatabricksJobRunOperator.py:26} INFO - {
  "status": "Jobs triggered successfully"
}
[2025-12-15T13:02:20.612+0000] {taskinstance.py:441} INFO - ::group::Post task execution logs
[2025-12-15T13:02:20.633+0000] {taskinstance.py:1206} INFO - Marking task as SUCCESS. dag_id=kitedag, task_id=run_job, run_id=manual__2025-12-15T13:01:29.754026+00:00, execution_date=20251215T130129, start_date=20251215T130142, end_date=20251215T130220
[2025-12-15T13:02:20.682+0000] {local_task_job_runner.py:243} INFO - Task exited with return code 0
[2025-12-15T13:02:20.698+0000] {taskinstance.py:3503} INFO - 0 downstream tasks scheduled from follow-on schedule check
[2025-12-15T13:02:20.698+0000] {local_task_job_runner.py:222} INFO - ::endgroup::
