[2025-12-08T12:59:26.475+0000] {local_task_job_runner.py:120} INFO - ::group::Pre task execution logs
[2025-12-08T12:59:26.505+0000] {taskinstance.py:2076} INFO - Dependencies all met for dep_context=non-requeueable deps ti=<TaskInstance: kitedag.youtube_search_task scheduled__2025-12-07T00:00:00+00:00 [queued]>
[2025-12-08T12:59:26.510+0000] {taskinstance.py:2076} INFO - Dependencies all met for dep_context=requeueable deps ti=<TaskInstance: kitedag.youtube_search_task scheduled__2025-12-07T00:00:00+00:00 [queued]>
[2025-12-08T12:59:26.510+0000] {taskinstance.py:2306} INFO - Starting attempt 1 of 1
[2025-12-08T12:59:26.517+0000] {taskinstance.py:2330} INFO - Executing <Task(YoutubeAPISearchOperator): youtube_search_task> on 2025-12-07 00:00:00+00:00
[2025-12-08T12:59:26.522+0000] {warnings.py:112} WARNING - /home/***/.local/lib/python3.12/site-packages/***/task/task_runner/standard_task_runner.py:62: DeprecationWarning: This process (pid=73) is multi-threaded, use of fork() may lead to deadlocks in the child.
  pid = os.fork()

[2025-12-08T12:59:26.523+0000] {standard_task_runner.py:64} INFO - Started process 75 to run task
[2025-12-08T12:59:26.523+0000] {standard_task_runner.py:90} INFO - Running: ['***', 'tasks', 'run', 'kitedag', 'youtube_search_task', 'scheduled__2025-12-07T00:00:00+00:00', '--job-id', '4', '--raw', '--subdir', 'DAGS_FOLDER/kitedag.py', '--cfg-path', '/tmp/tmpanw63srn']
[2025-12-08T12:59:26.525+0000] {standard_task_runner.py:91} INFO - Job 4: Subtask youtube_search_task
[2025-12-08T12:59:26.572+0000] {task_command.py:426} INFO - Running <TaskInstance: kitedag.youtube_search_task scheduled__2025-12-07T00:00:00+00:00 [running]> on host 7da3cc2ce126
[2025-12-08T12:59:26.638+0000] {taskinstance.py:2648} INFO - Exporting env vars: AIRFLOW_CTX_DAG_OWNER='***' AIRFLOW_CTX_DAG_ID='kitedag' AIRFLOW_CTX_TASK_ID='youtube_search_task' AIRFLOW_CTX_EXECUTION_DATE='2025-12-07T00:00:00+00:00' AIRFLOW_CTX_TRY_NUMBER='1' AIRFLOW_CTX_DAG_RUN_ID='scheduled__2025-12-07T00:00:00+00:00'
[2025-12-08T12:59:26.639+0000] {taskinstance.py:430} INFO - ::endgroup::
[2025-12-08T12:59:26.643+0000] {taskinstance.py:441} INFO - ::group::Post task execution logs
[2025-12-08T12:59:26.648+0000] {taskinstance.py:2905} ERROR - Task failed with exception
Traceback (most recent call last):
  File "/home/airflow/.local/lib/python3.12/site-packages/airflow/models/taskinstance.py", line 465, in _execute_task
    result = _execute_callable(context=context, **execute_callable_kwargs)
             ^^^^^^^^^^^^^^^^^^^^^^^^^^^^^^^^^^^^^^^^^^^^^^^^^^^^^^^^^^^^^
  File "/home/airflow/.local/lib/python3.12/site-packages/airflow/models/taskinstance.py", line 432, in _execute_callable
    return execute_callable(context=context, **execute_callable_kwargs)
           ^^^^^^^^^^^^^^^^^^^^^^^^^^^^^^^^^^^^^^^^^^^^^^^^^^^^^^^^^^^^
  File "/home/airflow/.local/lib/python3.12/site-packages/airflow/models/baseoperator.py", line 401, in wrapper
    return func(self, *args, **kwargs)
           ^^^^^^^^^^^^^^^^^^^^^^^^^^^
  File "/opt/airflow/dags/connectors/YoutubeAPI_Operator.py", line 32, in execute
    response = method(
               ^^^^^^^
  File "/opt/airflow/dags/customHooks/youtubeApiHook.py", line 37, in search_videos
    return self._request('search', params)
           ^^^^^^^^^^^^^^^^^^^^^^^^^^^^^^^
  File "/opt/airflow/dags/customHooks/youtubeApiHook.py", line 17, in _request
    api_key = self.get_api_key()
              ^^^^^^^^^^^^^^^^^^
  File "/opt/airflow/dags/customHooks/youtubeApiHook.py", line 13, in get_api_key
    conn = self.get_connection(self.youtube_conn_id)
           ^^^^^^^^^^^^^^^^^^^^^^^^^^^^^^^^^^^^^^^^^
  File "/home/airflow/.local/lib/python3.12/site-packages/airflow/hooks/base.py", line 83, in get_connection
    conn = Connection.get_connection_from_secrets(conn_id)
           ^^^^^^^^^^^^^^^^^^^^^^^^^^^^^^^^^^^^^^^^^^^^^^^
  File "/home/airflow/.local/lib/python3.12/site-packages/airflow/models/connection.py", line 519, in get_connection_from_secrets
    raise AirflowNotFoundException(f"The conn_id `{conn_id}` isn't defined")
airflow.exceptions.AirflowNotFoundException: The conn_id `youtube_connection` isn't defined
[2025-12-08T12:59:26.653+0000] {taskinstance.py:1206} INFO - Marking task as FAILED. dag_id=kitedag, task_id=youtube_search_task, run_id=scheduled__2025-12-07T00:00:00+00:00, execution_date=20251207T000000, start_date=20251208T125926, end_date=20251208T125926
[2025-12-08T12:59:26.661+0000] {standard_task_runner.py:110} ERROR - Failed to execute job 4 for task youtube_search_task (The conn_id `youtube_connection` isn't defined; 75)
[2025-12-08T12:59:26.705+0000] {local_task_job_runner.py:243} INFO - Task exited with return code 1
[2025-12-08T12:59:26.721+0000] {taskinstance.py:3503} INFO - 0 downstream tasks scheduled from follow-on schedule check
[2025-12-08T12:59:26.725+0000] {local_task_job_runner.py:222} INFO - ::endgroup::
[2025-12-08T13:31:10.600+0000] {local_task_job_runner.py:120} INFO - ::group::Pre task execution logs
[2025-12-08T13:31:10.606+0000] {taskinstance.py:2076} INFO - Dependencies all met for dep_context=non-requeueable deps ti=<TaskInstance: kitedag.youtube_search_task scheduled__2025-12-07T00:00:00+00:00 [queued]>
[2025-12-08T13:31:10.609+0000] {taskinstance.py:2076} INFO - Dependencies all met for dep_context=requeueable deps ti=<TaskInstance: kitedag.youtube_search_task scheduled__2025-12-07T00:00:00+00:00 [queued]>
[2025-12-08T13:31:10.609+0000] {taskinstance.py:2306} INFO - Starting attempt 1 of 1
[2025-12-08T13:31:10.614+0000] {taskinstance.py:2330} INFO - Executing <Task(YoutubeAPISearchOperator): youtube_search_task> on 2025-12-07 00:00:00+00:00
[2025-12-08T13:31:10.617+0000] {warnings.py:112} WARNING - /home/***/.local/lib/python3.12/site-packages/***/task/task_runner/standard_task_runner.py:62: DeprecationWarning: This process (pid=114) is multi-threaded, use of fork() may lead to deadlocks in the child.
  pid = os.fork()

[2025-12-08T13:31:10.618+0000] {standard_task_runner.py:64} INFO - Started process 118 to run task
[2025-12-08T13:31:10.619+0000] {standard_task_runner.py:90} INFO - Running: ['***', 'tasks', 'run', 'kitedag', 'youtube_search_task', 'scheduled__2025-12-07T00:00:00+00:00', '--job-id', '4', '--raw', '--subdir', 'DAGS_FOLDER/kitedag.py', '--cfg-path', '/tmp/tmpor1hjsyo']
[2025-12-08T13:31:10.620+0000] {standard_task_runner.py:91} INFO - Job 4: Subtask youtube_search_task
[2025-12-08T13:31:10.640+0000] {task_command.py:426} INFO - Running <TaskInstance: kitedag.youtube_search_task scheduled__2025-12-07T00:00:00+00:00 [running]> on host 9073a2501aaf
[2025-12-08T13:31:10.675+0000] {taskinstance.py:2648} INFO - Exporting env vars: AIRFLOW_CTX_DAG_OWNER='***' AIRFLOW_CTX_DAG_ID='kitedag' AIRFLOW_CTX_TASK_ID='youtube_search_task' AIRFLOW_CTX_EXECUTION_DATE='2025-12-07T00:00:00+00:00' AIRFLOW_CTX_TRY_NUMBER='1' AIRFLOW_CTX_DAG_RUN_ID='scheduled__2025-12-07T00:00:00+00:00'
[2025-12-08T13:31:10.676+0000] {taskinstance.py:430} INFO - ::endgroup::
[2025-12-08T13:31:10.679+0000] {base.py:84} INFO - Using connection ID 'youtube_connection' for task execution.
[2025-12-08T13:31:11.629+0000] {base.py:84} INFO - Using connection ID 'aws_default' for task execution.
[2025-12-08T13:31:11.630+0000] {connection_wrapper.py:384} INFO - AWS Connection (conn_id='aws_default', conn_type='aws') credentials retrieved from login and password.
[2025-12-08T13:31:13.948+0000] {YoutubeAPI_Operator.py:52} INFO - Data uploaded to s3://bhavikabucket22/youtube_data/search_result.json
[2025-12-08T13:31:13.949+0000] {taskinstance.py:441} INFO - ::group::Post task execution logs
[2025-12-08T13:31:13.991+0000] {taskinstance.py:1206} INFO - Marking task as SUCCESS. dag_id=kitedag, task_id=youtube_search_task, run_id=scheduled__2025-12-07T00:00:00+00:00, execution_date=20251207T000000, start_date=20251208T133110, end_date=20251208T133113
[2025-12-08T13:31:14.019+0000] {local_task_job_runner.py:243} INFO - Task exited with return code 0
[2025-12-08T13:31:14.037+0000] {taskinstance.py:3503} INFO - 1 downstream tasks scheduled from follow-on schedule check
[2025-12-08T13:31:14.038+0000] {local_task_job_runner.py:222} INFO - ::endgroup::
