[2025-12-08T12:59:32.509+0000] {local_task_job_runner.py:120} INFO - ::group::Pre task execution logs
[2025-12-08T12:59:32.516+0000] {taskinstance.py:2076} INFO - Dependencies all met for dep_context=non-requeueable deps ti=<TaskInstance: kitedag.youtube_search_task manual__2025-12-08T12:59:29.036475+00:00 [queued]>
[2025-12-08T12:59:32.519+0000] {taskinstance.py:2076} INFO - Dependencies all met for dep_context=requeueable deps ti=<TaskInstance: kitedag.youtube_search_task manual__2025-12-08T12:59:29.036475+00:00 [queued]>
[2025-12-08T12:59:32.519+0000] {taskinstance.py:2306} INFO - Starting attempt 1 of 1
[2025-12-08T12:59:32.524+0000] {taskinstance.py:2330} INFO - Executing <Task(YoutubeAPISearchOperator): youtube_search_task> on 2025-12-08 12:59:29.036475+00:00
[2025-12-08T12:59:32.527+0000] {warnings.py:112} WARNING - /home/***/.local/lib/python3.12/site-packages/***/task/task_runner/standard_task_runner.py:62: DeprecationWarning: This process (pid=79) is multi-threaded, use of fork() may lead to deadlocks in the child.
  pid = os.fork()

[2025-12-08T12:59:32.528+0000] {standard_task_runner.py:64} INFO - Started process 88 to run task
[2025-12-08T12:59:32.528+0000] {standard_task_runner.py:90} INFO - Running: ['***', 'tasks', 'run', 'kitedag', 'youtube_search_task', 'manual__2025-12-08T12:59:29.036475+00:00', '--job-id', '6', '--raw', '--subdir', 'DAGS_FOLDER/kitedag.py', '--cfg-path', '/tmp/tmpufroop6t']
[2025-12-08T12:59:32.529+0000] {standard_task_runner.py:91} INFO - Job 6: Subtask youtube_search_task
[2025-12-08T12:59:32.550+0000] {task_command.py:426} INFO - Running <TaskInstance: kitedag.youtube_search_task manual__2025-12-08T12:59:29.036475+00:00 [running]> on host 7da3cc2ce126
[2025-12-08T12:59:32.587+0000] {taskinstance.py:2648} INFO - Exporting env vars: AIRFLOW_CTX_DAG_OWNER='***' AIRFLOW_CTX_DAG_ID='kitedag' AIRFLOW_CTX_TASK_ID='youtube_search_task' AIRFLOW_CTX_EXECUTION_DATE='2025-12-08T12:59:29.036475+00:00' AIRFLOW_CTX_TRY_NUMBER='1' AIRFLOW_CTX_DAG_RUN_ID='manual__2025-12-08T12:59:29.036475+00:00'
[2025-12-08T12:59:32.588+0000] {taskinstance.py:430} INFO - ::endgroup::
[2025-12-08T12:59:32.592+0000] {taskinstance.py:441} INFO - ::group::Post task execution logs
[2025-12-08T12:59:32.596+0000] {taskinstance.py:2905} ERROR - Task failed with exception
Traceback (most recent call last):
  File "/home/airflow/.local/lib/python3.12/site-packages/airflow/models/taskinstance.py", line 465, in _execute_task
    result = _execute_callable(context=context, **execute_callable_kwargs)
             ^^^^^^^^^^^^^^^^^^^^^^^^^^^^^^^^^^^^^^^^^^^^^^^^^^^^^^^^^^^^^
  File "/home/airflow/.local/lib/python3.12/site-packages/airflow/models/taskinstance.py", line 432, in _execute_callable
    return execute_callable(context=context, **execute_callable_kwargs)
           ^^^^^^^^^^^^^^^^^^^^^^^^^^^^^^^^^^^^^^^^^^^^^^^^^^^^^^^^^^^^
  File "/home/airflow/.local/lib/python3.12/site-packages/airflow/models/baseoperator.py", line 401, in wrapper
    return func(self, *args, **kwargs)
           ^^^^^^^^^^^^^^^^^^^^^^^^^^^
  File "/opt/airflow/dags/connectors/YoutubeAPI_Operator.py", line 32, in execute
    response = method(
               ^^^^^^^
  File "/opt/airflow/dags/customHooks/youtubeApiHook.py", line 37, in search_videos
    return self._request('search', params)
           ^^^^^^^^^^^^^^^^^^^^^^^^^^^^^^^
  File "/opt/airflow/dags/customHooks/youtubeApiHook.py", line 17, in _request
    api_key = self.get_api_key()
              ^^^^^^^^^^^^^^^^^^
  File "/opt/airflow/dags/customHooks/youtubeApiHook.py", line 13, in get_api_key
    conn = self.get_connection(self.youtube_conn_id)
           ^^^^^^^^^^^^^^^^^^^^^^^^^^^^^^^^^^^^^^^^^
  File "/home/airflow/.local/lib/python3.12/site-packages/airflow/hooks/base.py", line 83, in get_connection
    conn = Connection.get_connection_from_secrets(conn_id)
           ^^^^^^^^^^^^^^^^^^^^^^^^^^^^^^^^^^^^^^^^^^^^^^^
  File "/home/airflow/.local/lib/python3.12/site-packages/airflow/models/connection.py", line 519, in get_connection_from_secrets
    raise AirflowNotFoundException(f"The conn_id `{conn_id}` isn't defined")
airflow.exceptions.AirflowNotFoundException: The conn_id `youtube_connection` isn't defined
[2025-12-08T12:59:32.598+0000] {taskinstance.py:1206} INFO - Marking task as FAILED. dag_id=kitedag, task_id=youtube_search_task, run_id=manual__2025-12-08T12:59:29.036475+00:00, execution_date=20251208T125929, start_date=20251208T125932, end_date=20251208T125932
[2025-12-08T12:59:32.603+0000] {standard_task_runner.py:110} ERROR - Failed to execute job 6 for task youtube_search_task (The conn_id `youtube_connection` isn't defined; 88)
[2025-12-08T12:59:32.629+0000] {local_task_job_runner.py:243} INFO - Task exited with return code 1
[2025-12-08T12:59:32.639+0000] {taskinstance.py:3503} INFO - 0 downstream tasks scheduled from follow-on schedule check
[2025-12-08T12:59:32.640+0000] {local_task_job_runner.py:222} INFO - ::endgroup::
