[2025-12-08T10:51:58.293+0000] {local_task_job_runner.py:120} INFO - ::group::Pre task execution logs
[2025-12-08T10:51:58.302+0000] {taskinstance.py:2076} INFO - Dependencies all met for dep_context=non-requeueable deps ti=<TaskInstance: kitedag.youtube_get_category_task manual__2025-12-08T10:51:51.215637+00:00 [queued]>
[2025-12-08T10:51:58.305+0000] {taskinstance.py:2076} INFO - Dependencies all met for dep_context=requeueable deps ti=<TaskInstance: kitedag.youtube_get_category_task manual__2025-12-08T10:51:51.215637+00:00 [queued]>
[2025-12-08T10:51:58.306+0000] {taskinstance.py:2306} INFO - Starting attempt 1 of 1
[2025-12-08T10:51:58.311+0000] {taskinstance.py:2330} INFO - Executing <Task(YoutubeAPISearchOperator): youtube_get_category_task> on 2025-12-08 10:51:51.215637+00:00
[2025-12-08T10:51:58.315+0000] {warnings.py:112} WARNING - /home/***/.local/lib/python3.12/site-packages/***/task/task_runner/standard_task_runner.py:62: DeprecationWarning: This process (pid=979) is multi-threaded, use of fork() may lead to deadlocks in the child.
  pid = os.fork()

[2025-12-08T10:51:58.316+0000] {standard_task_runner.py:64} INFO - Started process 981 to run task
[2025-12-08T10:51:58.317+0000] {standard_task_runner.py:90} INFO - Running: ['***', 'tasks', 'run', 'kitedag', 'youtube_get_category_task', 'manual__2025-12-08T10:51:51.215637+00:00', '--job-id', '23', '--raw', '--subdir', 'DAGS_FOLDER/kitedag.py', '--cfg-path', '/tmp/tmpxp34fk7_']
[2025-12-08T10:51:58.318+0000] {standard_task_runner.py:91} INFO - Job 23: Subtask youtube_get_category_task
[2025-12-08T10:51:58.338+0000] {task_command.py:426} INFO - Running <TaskInstance: kitedag.youtube_get_category_task manual__2025-12-08T10:51:51.215637+00:00 [running]> on host f599d371e488
[2025-12-08T10:51:58.366+0000] {taskinstance.py:2648} INFO - Exporting env vars: AIRFLOW_CTX_DAG_OWNER='***' AIRFLOW_CTX_DAG_ID='kitedag' AIRFLOW_CTX_TASK_ID='youtube_get_category_task' AIRFLOW_CTX_EXECUTION_DATE='2025-12-08T10:51:51.215637+00:00' AIRFLOW_CTX_TRY_NUMBER='1' AIRFLOW_CTX_DAG_RUN_ID='manual__2025-12-08T10:51:51.215637+00:00'
[2025-12-08T10:51:58.367+0000] {taskinstance.py:430} INFO - ::endgroup::
[2025-12-08T10:51:58.370+0000] {base.py:84} INFO - Using connection ID 'youtube_connection' for task execution.
[2025-12-08T10:51:58.597+0000] {base.py:84} INFO - Using connection ID 'aws_default' for task execution.
[2025-12-08T10:51:58.598+0000] {connection_wrapper.py:384} INFO - AWS Connection (conn_id='aws_default', conn_type='aws') credentials retrieved from login and password.
[2025-12-08T10:51:59.506+0000] {YoutubeAPI_Operator.py:52} INFO - Data uploaded to s3://bhavikabucket22/youtube_data/categories.json
[2025-12-08T10:51:59.506+0000] {taskinstance.py:441} INFO - ::group::Post task execution logs
[2025-12-08T10:51:59.520+0000] {taskinstance.py:1206} INFO - Marking task as SUCCESS. dag_id=kitedag, task_id=youtube_get_category_task, run_id=manual__2025-12-08T10:51:51.215637+00:00, execution_date=20251208T105151, start_date=20251208T105158, end_date=20251208T105159
[2025-12-08T10:51:59.568+0000] {local_task_job_runner.py:243} INFO - Task exited with return code 0
[2025-12-08T10:51:59.578+0000] {taskinstance.py:3503} INFO - 0 downstream tasks scheduled from follow-on schedule check
[2025-12-08T10:51:59.578+0000] {local_task_job_runner.py:222} INFO - ::endgroup::
