[2025-12-10T09:52:14.397+0000] {local_task_job_runner.py:120} INFO - ::group::Pre task execution logs
[2025-12-10T09:52:14.403+0000] {taskinstance.py:2076} INFO - Dependencies all met for dep_context=non-requeueable deps ti=<TaskInstance: kitedag.create_jobs manual__2025-12-10T09:52:07.370989+00:00 [queued]>
[2025-12-10T09:52:14.406+0000] {taskinstance.py:2076} INFO - Dependencies all met for dep_context=requeueable deps ti=<TaskInstance: kitedag.create_jobs manual__2025-12-10T09:52:07.370989+00:00 [queued]>
[2025-12-10T09:52:14.406+0000] {taskinstance.py:2306} INFO - Starting attempt 1 of 1
[2025-12-10T09:52:14.410+0000] {taskinstance.py:2330} INFO - Executing <Task(DatabricksJobCreateOperator): create_jobs> on 2025-12-10 09:52:07.370989+00:00
[2025-12-10T09:52:14.413+0000] {warnings.py:112} WARNING - /home/***/.local/lib/python3.12/site-packages/***/task/task_runner/standard_task_runner.py:62: DeprecationWarning: This process (pid=3597) is multi-threaded, use of fork() may lead to deadlocks in the child.
  pid = os.fork()

[2025-12-10T09:52:14.414+0000] {standard_task_runner.py:64} INFO - Started process 3599 to run task
[2025-12-10T09:52:14.414+0000] {standard_task_runner.py:90} INFO - Running: ['***', 'tasks', 'run', 'kitedag', 'create_jobs', 'manual__2025-12-10T09:52:07.370989+00:00', '--job-id', '78', '--raw', '--subdir', 'DAGS_FOLDER/kitedag.py', '--cfg-path', '/tmp/tmp5f21lu_4']
[2025-12-10T09:52:14.415+0000] {standard_task_runner.py:91} INFO - Job 78: Subtask create_jobs
[2025-12-10T09:52:14.431+0000] {task_command.py:426} INFO - Running <TaskInstance: kitedag.create_jobs manual__2025-12-10T09:52:07.370989+00:00 [running]> on host e9b202c96d39
[2025-12-10T09:52:14.464+0000] {taskinstance.py:2648} INFO - Exporting env vars: AIRFLOW_CTX_DAG_OWNER='***' AIRFLOW_CTX_DAG_ID='kitedag' AIRFLOW_CTX_TASK_ID='create_jobs' AIRFLOW_CTX_EXECUTION_DATE='2025-12-10T09:52:07.370989+00:00' AIRFLOW_CTX_TRY_NUMBER='1' AIRFLOW_CTX_DAG_RUN_ID='manual__2025-12-10T09:52:07.370989+00:00'
[2025-12-10T09:52:14.465+0000] {taskinstance.py:430} INFO - ::endgroup::
[2025-12-10T09:52:14.467+0000] {base.py:84} INFO - Using connection ID 'databricks_default' for task execution.
[2025-12-10T09:52:14.468+0000] {logging_mixin.py:188} INFO - Using Databricks Token: ***
[2025-12-10T09:52:14.468+0000] {logging_mixin.py:188} INFO - Job Payload: {'name': 'ytdw_raw_category_transformation_frjson', 'tasks': [{'task_key': 'transform_youtube_json', 'notebook_task': {'notebook_path': '/Workspace/Users/bhavikabharti2@gmail.com/YTDW_RAW/ytdw_raw_category_transformation_frjson'}, 'job_cluster_key': None, 'compute': {'spec': {'kind': 'SERVERLESS'}}}], 'email_notifications': {'on_start': ['bhavikabharti2@gmail.com'], 'on_success': ['bhavikabharti2@gmail.com'], 'on_failure': ['bhavikabharti2@gmail.com']}, 'timeout_seconds': 3600, 'max_concurrent_runs': 1}
[2025-12-10T09:52:16.149+0000] {DatabricksJobCreateOperator.py:48} INFO - Databricks Job Created Successfully!
[2025-12-10T09:52:16.150+0000] {DatabricksJobCreateOperator.py:49} INFO - {
  "job_id": 1048291900552400
}
[2025-12-10T09:52:16.151+0000] {taskinstance.py:441} INFO - ::group::Post task execution logs
[2025-12-10T09:52:16.175+0000] {taskinstance.py:1206} INFO - Marking task as SUCCESS. dag_id=kitedag, task_id=create_jobs, run_id=manual__2025-12-10T09:52:07.370989+00:00, execution_date=20251210T095207, start_date=20251210T095214, end_date=20251210T095216
[2025-12-10T09:52:16.208+0000] {local_task_job_runner.py:243} INFO - Task exited with return code 0
[2025-12-10T09:52:16.221+0000] {taskinstance.py:3503} INFO - 0 downstream tasks scheduled from follow-on schedule check
[2025-12-10T09:52:16.222+0000] {local_task_job_runner.py:222} INFO - ::endgroup::
