[2025-12-15T12:47:56.402+0000] {local_task_job_runner.py:120} INFO - ::group::Pre task execution logs
[2025-12-15T12:47:56.407+0000] {taskinstance.py:2076} INFO - Dependencies all met for dep_context=non-requeueable deps ti=<TaskInstance: kitedag.get_job_ids manual__2025-12-15T12:47:47.703795+00:00 [queued]>
[2025-12-15T12:47:56.410+0000] {taskinstance.py:2076} INFO - Dependencies all met for dep_context=requeueable deps ti=<TaskInstance: kitedag.get_job_ids manual__2025-12-15T12:47:47.703795+00:00 [queued]>
[2025-12-15T12:47:56.410+0000] {taskinstance.py:2306} INFO - Starting attempt 1 of 1
[2025-12-15T12:47:56.414+0000] {taskinstance.py:2330} INFO - Executing <Task(DatabricksGetJobids): get_job_ids> on 2025-12-15 12:47:47.703795+00:00
[2025-12-15T12:47:56.417+0000] {warnings.py:112} WARNING - /home/***/.local/lib/python3.12/site-packages/***/task/task_runner/standard_task_runner.py:62: DeprecationWarning: This process (pid=25920) is multi-threaded, use of fork() may lead to deadlocks in the child.
  pid = os.fork()

[2025-12-15T12:47:56.418+0000] {standard_task_runner.py:64} INFO - Started process 25922 to run task
[2025-12-15T12:47:56.418+0000] {standard_task_runner.py:90} INFO - Running: ['***', 'tasks', 'run', 'kitedag', 'get_job_ids', 'manual__2025-12-15T12:47:47.703795+00:00', '--job-id', '186', '--raw', '--subdir', 'DAGS_FOLDER/kitedag.py', '--cfg-path', '/tmp/tmp16zwb7te']
[2025-12-15T12:47:56.419+0000] {standard_task_runner.py:91} INFO - Job 186: Subtask get_job_ids
[2025-12-15T12:47:56.435+0000] {task_command.py:426} INFO - Running <TaskInstance: kitedag.get_job_ids manual__2025-12-15T12:47:47.703795+00:00 [running]> on host e9b202c96d39
[2025-12-15T12:47:56.463+0000] {taskinstance.py:2648} INFO - Exporting env vars: AIRFLOW_CTX_DAG_OWNER='***' AIRFLOW_CTX_DAG_ID='kitedag' AIRFLOW_CTX_TASK_ID='get_job_ids' AIRFLOW_CTX_EXECUTION_DATE='2025-12-15T12:47:47.703795+00:00' AIRFLOW_CTX_TRY_NUMBER='1' AIRFLOW_CTX_DAG_RUN_ID='manual__2025-12-15T12:47:47.703795+00:00'
[2025-12-15T12:47:56.464+0000] {taskinstance.py:430} INFO - ::endgroup::
[2025-12-15T12:47:56.466+0000] {base.py:84} INFO - Using connection ID 'databricks_default' for task execution.
[2025-12-15T12:47:56.467+0000] {logging_mixin.py:188} INFO - Using Databricks Token: ***
[2025-12-15T12:47:58.014+0000] {logging_mixin.py:188} INFO - Fetched Job IDs: [187092103708177, 959528231352]
[2025-12-15T12:47:58.016+0000] {DatabricksGetJobids.py:17} INFO - job_ids fetched!
[2025-12-15T12:47:58.016+0000] {taskinstance.py:441} INFO - ::group::Post task execution logs
[2025-12-15T12:47:58.037+0000] {taskinstance.py:1206} INFO - Marking task as SUCCESS. dag_id=kitedag, task_id=get_job_ids, run_id=manual__2025-12-15T12:47:47.703795+00:00, execution_date=20251215T124747, start_date=20251215T124756, end_date=20251215T124758
[2025-12-15T12:47:58.072+0000] {local_task_job_runner.py:243} INFO - Task exited with return code 0
[2025-12-15T12:47:58.090+0000] {taskinstance.py:3503} INFO - 1 downstream tasks scheduled from follow-on schedule check
[2025-12-15T12:47:58.090+0000] {local_task_job_runner.py:222} INFO - ::endgroup::
