[2026-01-09T00:00:44.690+0000] {local_task_job_runner.py:120} INFO - ::group::Pre task execution logs
[2026-01-09T00:00:44.696+0000] {taskinstance.py:2076} INFO - Dependencies all met for dep_context=non-requeueable deps ti=<TaskInstance: kitedag.run_job scheduled__2026-01-08T00:00:00+00:00 [queued]>
[2026-01-09T00:00:44.698+0000] {taskinstance.py:2076} INFO - Dependencies all met for dep_context=requeueable deps ti=<TaskInstance: kitedag.run_job scheduled__2026-01-08T00:00:00+00:00 [queued]>
[2026-01-09T00:00:44.699+0000] {taskinstance.py:2306} INFO - Starting attempt 1 of 1
[2026-01-09T00:00:44.703+0000] {taskinstance.py:2330} INFO - Executing <Task(DatabricksJobRunOperator): run_job> on 2026-01-08 00:00:00+00:00
[2026-01-09T00:00:44.706+0000] {warnings.py:112} WARNING - /home/***/.local/lib/python3.12/site-packages/***/task/task_runner/standard_task_runner.py:62: DeprecationWarning: This process (pid=65541) is multi-threaded, use of fork() may lead to deadlocks in the child.
  pid = os.fork()

[2026-01-09T00:00:44.706+0000] {standard_task_runner.py:64} INFO - Started process 65543 to run task
[2026-01-09T00:00:44.707+0000] {standard_task_runner.py:90} INFO - Running: ['***', 'tasks', 'run', 'kitedag', 'run_job', 'scheduled__2026-01-08T00:00:00+00:00', '--job-id', '266', '--raw', '--subdir', 'DAGS_FOLDER/kitedag.py', '--cfg-path', '/tmp/tmpae9f3je8']
[2026-01-09T00:00:44.708+0000] {standard_task_runner.py:91} INFO - Job 266: Subtask run_job
[2026-01-09T00:00:44.725+0000] {task_command.py:426} INFO - Running <TaskInstance: kitedag.run_job scheduled__2026-01-08T00:00:00+00:00 [running]> on host e9b202c96d39
[2026-01-09T00:00:44.759+0000] {taskinstance.py:2648} INFO - Exporting env vars: AIRFLOW_CTX_DAG_OWNER='***' AIRFLOW_CTX_DAG_ID='kitedag' AIRFLOW_CTX_TASK_ID='run_job' AIRFLOW_CTX_EXECUTION_DATE='2026-01-08T00:00:00+00:00' AIRFLOW_CTX_TRY_NUMBER='1' AIRFLOW_CTX_DAG_RUN_ID='scheduled__2026-01-08T00:00:00+00:00'
[2026-01-09T00:00:44.759+0000] {taskinstance.py:430} INFO - ::endgroup::
[2026-01-09T00:00:44.760+0000] {DatabricksJobRunOperator.py:20} INFO - Running Databricks job_id: [187092103708177, 959528231352]
[2026-01-09T00:00:44.760+0000] {logging_mixin.py:188} INFO - Running jobs with IDs: [187092103708177, 959528231352]
[2026-01-09T00:00:44.760+0000] {logging_mixin.py:188} INFO - Payload: {'job_id': 187092103708177, 'notebook_params': {}}
[2026-01-09T00:00:44.762+0000] {base.py:84} INFO - Using connection ID 'databricks_default' for task execution.
[2026-01-09T00:00:44.762+0000] {logging_mixin.py:188} INFO - Using Databricks Token: ***
[2026-01-09T00:00:44.763+0000] {logging_mixin.py:188} INFO - Job Payload: {'job_id': 187092103708177, 'notebook_params': {}}
[2026-01-09T00:00:46.005+0000] {DatabricksJobRunOperator.py:32} ERROR - Failed to run job: 404 Client Error: Not Found for url: https://dbc-edd8f916-cefb.cloud.databricks.com/api/2.1/jobs/run-now
[2026-01-09T00:00:46.008+0000] {taskinstance.py:441} INFO - ::group::Post task execution logs
[2026-01-09T00:00:46.009+0000] {taskinstance.py:2905} ERROR - Task failed with exception
Traceback (most recent call last):
  File "/home/airflow/.local/lib/python3.12/site-packages/airflow/models/taskinstance.py", line 465, in _execute_task
    result = _execute_callable(context=context, **execute_callable_kwargs)
             ^^^^^^^^^^^^^^^^^^^^^^^^^^^^^^^^^^^^^^^^^^^^^^^^^^^^^^^^^^^^^
  File "/home/airflow/.local/lib/python3.12/site-packages/airflow/models/taskinstance.py", line 432, in _execute_callable
    return execute_callable(context=context, **execute_callable_kwargs)
           ^^^^^^^^^^^^^^^^^^^^^^^^^^^^^^^^^^^^^^^^^^^^^^^^^^^^^^^^^^^^
  File "/home/airflow/.local/lib/python3.12/site-packages/airflow/models/baseoperator.py", line 401, in wrapper
    return func(self, *args, **kwargs)
           ^^^^^^^^^^^^^^^^^^^^^^^^^^^
  File "/opt/airflow/dags/connectors/DatabricksJobRunOperator.py", line 24, in execute
    response_json = hook.run_job(self.job_ids, self.notebook_params)
                    ^^^^^^^^^^^^^^^^^^^^^^^^^^^^^^^^^^^^^^^^^^^^^^^^
  File "/opt/airflow/dags/customHooks/DatabricksHook.py", line 66, in run_job
    self._request('jobs/run-now', method='POST', job_payload=payload)
  File "/opt/airflow/dags/customHooks/DatabricksHook.py", line 33, in _request
    response.raise_for_status()
  File "/home/airflow/.local/lib/python3.12/site-packages/requests/models.py", line 1024, in raise_for_status
    raise HTTPError(http_error_msg, response=self)
requests.exceptions.HTTPError: 404 Client Error: Not Found for url: https://dbc-edd8f916-cefb.cloud.databricks.com/api/2.1/jobs/run-now
[2026-01-09T00:00:46.021+0000] {taskinstance.py:1206} INFO - Marking task as FAILED. dag_id=kitedag, task_id=run_job, run_id=scheduled__2026-01-08T00:00:00+00:00, execution_date=20260108T000000, start_date=20260109T000044, end_date=20260109T000046
[2026-01-09T00:00:46.031+0000] {standard_task_runner.py:110} ERROR - Failed to execute job 266 for task run_job (404 Client Error: Not Found for url: https://dbc-edd8f916-cefb.cloud.databricks.com/api/2.1/jobs/run-now; 65543)
[2026-01-09T00:00:46.074+0000] {local_task_job_runner.py:243} INFO - Task exited with return code 1
[2026-01-09T00:00:46.091+0000] {taskinstance.py:3503} INFO - 0 downstream tasks scheduled from follow-on schedule check
[2026-01-09T00:00:46.093+0000] {local_task_job_runner.py:222} INFO - ::endgroup::
