[2025-12-08T09:49:37.857+0000] {local_task_job_runner.py:120} INFO - ::group::Pre task execution logs
[2025-12-08T09:49:37.870+0000] {taskinstance.py:2076} INFO - Dependencies all met for dep_context=non-requeueable deps ti=<TaskInstance: kitedag.postgres_to_s3_task manual__2025-12-08T09:49:33.568302+00:00 [queued]>
[2025-12-08T09:49:37.876+0000] {taskinstance.py:2076} INFO - Dependencies all met for dep_context=requeueable deps ti=<TaskInstance: kitedag.postgres_to_s3_task manual__2025-12-08T09:49:33.568302+00:00 [queued]>
[2025-12-08T09:49:37.876+0000] {taskinstance.py:2306} INFO - Starting attempt 1 of 1
[2025-12-08T09:49:37.882+0000] {taskinstance.py:2330} INFO - Executing <Task(PostgresToS3Operator): postgres_to_s3_task> on 2025-12-08 09:49:33.568302+00:00
[2025-12-08T09:49:37.886+0000] {warnings.py:112} WARNING - /home/***/.local/lib/python3.12/site-packages/***/task/task_runner/standard_task_runner.py:62: DeprecationWarning: This process (pid=97) is multi-threaded, use of fork() may lead to deadlocks in the child.
  pid = os.fork()

[2025-12-08T09:49:37.887+0000] {standard_task_runner.py:64} INFO - Started process 101 to run task
[2025-12-08T09:49:37.887+0000] {standard_task_runner.py:90} INFO - Running: ['***', 'tasks', 'run', 'kitedag', 'postgres_to_s3_task', 'manual__2025-12-08T09:49:33.568302+00:00', '--job-id', '8', '--raw', '--subdir', 'DAGS_FOLDER/kitedag.py', '--cfg-path', '/tmp/tmpi5x5xawj']
[2025-12-08T09:49:37.891+0000] {standard_task_runner.py:91} INFO - Job 8: Subtask postgres_to_s3_task
[2025-12-08T09:49:37.932+0000] {task_command.py:426} INFO - Running <TaskInstance: kitedag.postgres_to_s3_task manual__2025-12-08T09:49:33.568302+00:00 [running]> on host f599d371e488
[2025-12-08T09:49:37.971+0000] {taskinstance.py:2648} INFO - Exporting env vars: AIRFLOW_CTX_DAG_OWNER='***' AIRFLOW_CTX_DAG_ID='kitedag' AIRFLOW_CTX_TASK_ID='postgres_to_s3_task' AIRFLOW_CTX_EXECUTION_DATE='2025-12-08T09:49:33.568302+00:00' AIRFLOW_CTX_TRY_NUMBER='1' AIRFLOW_CTX_DAG_RUN_ID='manual__2025-12-08T09:49:33.568302+00:00'
[2025-12-08T09:49:37.972+0000] {taskinstance.py:430} INFO - ::endgroup::
[2025-12-08T09:49:38.202+0000] {taskinstance.py:441} INFO - ::group::Post task execution logs
[2025-12-08T09:49:38.212+0000] {taskinstance.py:2905} ERROR - Task failed with exception
Traceback (most recent call last):
  File "/home/airflow/.local/lib/python3.12/site-packages/airflow/models/taskinstance.py", line 465, in _execute_task
    result = _execute_callable(context=context, **execute_callable_kwargs)
             ^^^^^^^^^^^^^^^^^^^^^^^^^^^^^^^^^^^^^^^^^^^^^^^^^^^^^^^^^^^^^
  File "/home/airflow/.local/lib/python3.12/site-packages/airflow/models/taskinstance.py", line 432, in _execute_callable
    return execute_callable(context=context, **execute_callable_kwargs)
           ^^^^^^^^^^^^^^^^^^^^^^^^^^^^^^^^^^^^^^^^^^^^^^^^^^^^^^^^^^^^
  File "/home/airflow/.local/lib/python3.12/site-packages/airflow/models/baseoperator.py", line 401, in wrapper
    return func(self, *args, **kwargs)
           ^^^^^^^^^^^^^^^^^^^^^^^^^^^
  File "/opt/airflow/dags/connectors/postgres_s3_connector.py", line 27, in execute
    results = postgres_hook.get_records(sql=self.sql)
              ^^^^^^^^^^^^^^^^^^^^^^^^^^^^^^^^^^^^^^^
  File "/home/airflow/.local/lib/python3.12/site-packages/airflow/providers/common/sql/hooks/sql.py", line 309, in get_records
    return self.run(sql=sql, parameters=parameters, handler=fetch_all_handler)
           ^^^^^^^^^^^^^^^^^^^^^^^^^^^^^^^^^^^^^^^^^^^^^^^^^^^^^^^^^^^^^^^^^^^
  File "/home/airflow/.local/lib/python3.12/site-packages/airflow/providers/common/sql/hooks/sql.py", line 438, in run
    with self._create_autocommit_connection(autocommit) as conn:
  File "/usr/local/lib/python3.12/contextlib.py", line 137, in __enter__
    return next(self.gen)
           ^^^^^^^^^^^^^^
  File "/home/airflow/.local/lib/python3.12/site-packages/airflow/providers/common/sql/hooks/sql.py", line 560, in _create_autocommit_connection
    with closing(self.get_conn()) as conn:
                 ^^^^^^^^^^^^^^^
  File "/home/airflow/.local/lib/python3.12/site-packages/airflow/providers/postgres/hooks/postgres.py", line 145, in get_conn
    conn = deepcopy(self.connection or self.get_connection(conn_id))
                                       ^^^^^^^^^^^^^^^^^^^^^^^^^^^^
  File "/home/airflow/.local/lib/python3.12/site-packages/airflow/hooks/base.py", line 83, in get_connection
    conn = Connection.get_connection_from_secrets(conn_id)
           ^^^^^^^^^^^^^^^^^^^^^^^^^^^^^^^^^^^^^^^^^^^^^^^
  File "/home/airflow/.local/lib/python3.12/site-packages/airflow/models/connection.py", line 519, in get_connection_from_secrets
    raise AirflowNotFoundException(f"The conn_id `{conn_id}` isn't defined")
airflow.exceptions.AirflowNotFoundException: The conn_id `postgres` isn't defined
[2025-12-08T09:49:38.217+0000] {taskinstance.py:1206} INFO - Marking task as FAILED. dag_id=kitedag, task_id=postgres_to_s3_task, run_id=manual__2025-12-08T09:49:33.568302+00:00, execution_date=20251208T094933, start_date=20251208T094937, end_date=20251208T094938
[2025-12-08T09:49:38.238+0000] {standard_task_runner.py:110} ERROR - Failed to execute job 8 for task postgres_to_s3_task (The conn_id `postgres` isn't defined; 101)
[2025-12-08T09:49:38.275+0000] {local_task_job_runner.py:243} INFO - Task exited with return code 1
[2025-12-08T09:49:38.289+0000] {taskinstance.py:3503} INFO - 0 downstream tasks scheduled from follow-on schedule check
[2025-12-08T09:49:38.291+0000] {local_task_job_runner.py:222} INFO - ::endgroup::
