[2025-12-17T00:49:44.869+0000] {processor.py:161} INFO - Started process (PID=41723) to work on /home/airflow/.local/lib/python3.12/site-packages/airflow/example_dags/example_nested_branch_dag.py
[2025-12-17T00:49:44.870+0000] {processor.py:830} INFO - Processing file /home/airflow/.local/lib/python3.12/site-packages/airflow/example_dags/example_nested_branch_dag.py for tasks to queue
[2025-12-17T00:49:44.870+0000] {logging_mixin.py:188} INFO - [2025-12-17T00:49:44.870+0000] {dagbag.py:545} INFO - Filling up the DagBag from /home/airflow/.local/lib/python3.12/site-packages/airflow/example_dags/example_nested_branch_dag.py
[2025-12-17T00:49:44.876+0000] {processor.py:840} INFO - DAG(s) 'example_nested_branch_dag' retrieved from /home/airflow/.local/lib/python3.12/site-packages/airflow/example_dags/example_nested_branch_dag.py
[2025-12-17T00:49:44.885+0000] {logging_mixin.py:188} INFO - [2025-12-17T00:49:44.885+0000] {dag.py:3089} INFO - Sync 1 DAGs
[2025-12-17T00:49:44.894+0000] {logging_mixin.py:188} INFO - [2025-12-17T00:49:44.894+0000] {dag.py:3947} INFO - Setting next_dagrun for example_nested_branch_dag to 2025-12-16 00:00:00+00:00, run_after=2025-12-17 00:00:00+00:00
[2025-12-17T00:49:44.903+0000] {processor.py:183} INFO - Processing /home/airflow/.local/lib/python3.12/site-packages/airflow/example_dags/example_nested_branch_dag.py took 0.036 seconds
[2025-12-17T01:13:20.344+0000] {processor.py:161} INFO - Started process (PID=41782) to work on /home/airflow/.local/lib/python3.12/site-packages/airflow/example_dags/example_nested_branch_dag.py
[2025-12-17T01:13:20.345+0000] {processor.py:830} INFO - Processing file /home/airflow/.local/lib/python3.12/site-packages/airflow/example_dags/example_nested_branch_dag.py for tasks to queue
[2025-12-17T01:13:20.346+0000] {logging_mixin.py:188} INFO - [2025-12-17T01:13:20.346+0000] {dagbag.py:545} INFO - Filling up the DagBag from /home/airflow/.local/lib/python3.12/site-packages/airflow/example_dags/example_nested_branch_dag.py
[2025-12-17T01:13:20.351+0000] {processor.py:840} INFO - DAG(s) 'example_nested_branch_dag' retrieved from /home/airflow/.local/lib/python3.12/site-packages/airflow/example_dags/example_nested_branch_dag.py
[2025-12-17T01:13:20.364+0000] {logging_mixin.py:188} INFO - [2025-12-17T01:13:20.364+0000] {dag.py:3089} INFO - Sync 1 DAGs
[2025-12-17T01:13:20.375+0000] {logging_mixin.py:188} INFO - [2025-12-17T01:13:20.375+0000] {dag.py:3947} INFO - Setting next_dagrun for example_nested_branch_dag to 2025-12-16 00:00:00+00:00, run_after=2025-12-17 00:00:00+00:00
[2025-12-17T01:13:20.385+0000] {processor.py:183} INFO - Processing /home/airflow/.local/lib/python3.12/site-packages/airflow/example_dags/example_nested_branch_dag.py took 0.043 seconds
[2025-12-17T02:08:59.149+0000] {processor.py:161} INFO - Started process (PID=41841) to work on /home/airflow/.local/lib/python3.12/site-packages/airflow/example_dags/example_nested_branch_dag.py
[2025-12-17T02:08:59.150+0000] {processor.py:830} INFO - Processing file /home/airflow/.local/lib/python3.12/site-packages/airflow/example_dags/example_nested_branch_dag.py for tasks to queue
[2025-12-17T02:08:59.151+0000] {logging_mixin.py:188} INFO - [2025-12-17T02:08:59.150+0000] {dagbag.py:545} INFO - Filling up the DagBag from /home/airflow/.local/lib/python3.12/site-packages/airflow/example_dags/example_nested_branch_dag.py
[2025-12-17T02:08:59.157+0000] {processor.py:840} INFO - DAG(s) 'example_nested_branch_dag' retrieved from /home/airflow/.local/lib/python3.12/site-packages/airflow/example_dags/example_nested_branch_dag.py
[2025-12-17T02:08:59.171+0000] {logging_mixin.py:188} INFO - [2025-12-17T02:08:59.171+0000] {dag.py:3089} INFO - Sync 1 DAGs
[2025-12-17T02:08:59.182+0000] {logging_mixin.py:188} INFO - [2025-12-17T02:08:59.182+0000] {dag.py:3947} INFO - Setting next_dagrun for example_nested_branch_dag to 2025-12-16 00:00:00+00:00, run_after=2025-12-17 00:00:00+00:00
[2025-12-17T02:08:59.193+0000] {processor.py:183} INFO - Processing /home/airflow/.local/lib/python3.12/site-packages/airflow/example_dags/example_nested_branch_dag.py took 0.048 seconds
[2025-12-17T02:38:03.255+0000] {processor.py:161} INFO - Started process (PID=41900) to work on /home/airflow/.local/lib/python3.12/site-packages/airflow/example_dags/example_nested_branch_dag.py
[2025-12-17T02:38:03.256+0000] {processor.py:830} INFO - Processing file /home/airflow/.local/lib/python3.12/site-packages/airflow/example_dags/example_nested_branch_dag.py for tasks to queue
[2025-12-17T02:38:03.257+0000] {logging_mixin.py:188} INFO - [2025-12-17T02:38:03.257+0000] {dagbag.py:545} INFO - Filling up the DagBag from /home/airflow/.local/lib/python3.12/site-packages/airflow/example_dags/example_nested_branch_dag.py
[2025-12-17T02:38:03.261+0000] {processor.py:840} INFO - DAG(s) 'example_nested_branch_dag' retrieved from /home/airflow/.local/lib/python3.12/site-packages/airflow/example_dags/example_nested_branch_dag.py
[2025-12-17T02:38:03.274+0000] {logging_mixin.py:188} INFO - [2025-12-17T02:38:03.274+0000] {dag.py:3089} INFO - Sync 1 DAGs
[2025-12-17T02:38:03.374+0000] {logging_mixin.py:188} INFO - [2025-12-17T02:38:03.374+0000] {dag.py:3947} INFO - Setting next_dagrun for example_nested_branch_dag to 2025-12-16 00:00:00+00:00, run_after=2025-12-17 00:00:00+00:00
[2025-12-17T02:38:03.385+0000] {processor.py:183} INFO - Processing /home/airflow/.local/lib/python3.12/site-packages/airflow/example_dags/example_nested_branch_dag.py took 0.132 seconds
[2025-12-17T03:29:16.347+0000] {processor.py:161} INFO - Started process (PID=41959) to work on /home/airflow/.local/lib/python3.12/site-packages/airflow/example_dags/example_nested_branch_dag.py
[2025-12-17T03:29:16.348+0000] {processor.py:830} INFO - Processing file /home/airflow/.local/lib/python3.12/site-packages/airflow/example_dags/example_nested_branch_dag.py for tasks to queue
[2025-12-17T03:29:16.348+0000] {logging_mixin.py:188} INFO - [2025-12-17T03:29:16.348+0000] {dagbag.py:545} INFO - Filling up the DagBag from /home/airflow/.local/lib/python3.12/site-packages/airflow/example_dags/example_nested_branch_dag.py
[2025-12-17T03:29:16.357+0000] {processor.py:840} INFO - DAG(s) 'example_nested_branch_dag' retrieved from /home/airflow/.local/lib/python3.12/site-packages/airflow/example_dags/example_nested_branch_dag.py
[2025-12-17T03:29:16.369+0000] {logging_mixin.py:188} INFO - [2025-12-17T03:29:16.369+0000] {dag.py:3089} INFO - Sync 1 DAGs
[2025-12-17T03:29:16.481+0000] {logging_mixin.py:188} INFO - [2025-12-17T03:29:16.481+0000] {dag.py:3947} INFO - Setting next_dagrun for example_nested_branch_dag to 2025-12-16 00:00:00+00:00, run_after=2025-12-17 00:00:00+00:00
[2025-12-17T03:29:16.490+0000] {processor.py:183} INFO - Processing /home/airflow/.local/lib/python3.12/site-packages/airflow/example_dags/example_nested_branch_dag.py took 0.145 seconds
[2025-12-17T03:53:43.447+0000] {processor.py:161} INFO - Started process (PID=42018) to work on /home/airflow/.local/lib/python3.12/site-packages/airflow/example_dags/example_nested_branch_dag.py
[2025-12-17T03:53:43.447+0000] {processor.py:830} INFO - Processing file /home/airflow/.local/lib/python3.12/site-packages/airflow/example_dags/example_nested_branch_dag.py for tasks to queue
[2025-12-17T03:53:43.448+0000] {logging_mixin.py:188} INFO - [2025-12-17T03:53:43.448+0000] {dagbag.py:545} INFO - Filling up the DagBag from /home/airflow/.local/lib/python3.12/site-packages/airflow/example_dags/example_nested_branch_dag.py
[2025-12-17T03:53:43.453+0000] {processor.py:840} INFO - DAG(s) 'example_nested_branch_dag' retrieved from /home/airflow/.local/lib/python3.12/site-packages/airflow/example_dags/example_nested_branch_dag.py
[2025-12-17T03:53:43.467+0000] {logging_mixin.py:188} INFO - [2025-12-17T03:53:43.467+0000] {dag.py:3089} INFO - Sync 1 DAGs
[2025-12-17T03:53:43.479+0000] {logging_mixin.py:188} INFO - [2025-12-17T03:53:43.479+0000] {dag.py:3947} INFO - Setting next_dagrun for example_nested_branch_dag to 2025-12-16 00:00:00+00:00, run_after=2025-12-17 00:00:00+00:00
[2025-12-17T03:53:43.497+0000] {processor.py:183} INFO - Processing /home/airflow/.local/lib/python3.12/site-packages/airflow/example_dags/example_nested_branch_dag.py took 0.053 seconds
[2025-12-17T04:54:46.318+0000] {processor.py:161} INFO - Started process (PID=42077) to work on /home/airflow/.local/lib/python3.12/site-packages/airflow/example_dags/example_nested_branch_dag.py
[2025-12-17T04:54:46.321+0000] {processor.py:830} INFO - Processing file /home/airflow/.local/lib/python3.12/site-packages/airflow/example_dags/example_nested_branch_dag.py for tasks to queue
[2025-12-17T04:54:46.322+0000] {logging_mixin.py:188} INFO - [2025-12-17T04:54:46.322+0000] {dagbag.py:545} INFO - Filling up the DagBag from /home/airflow/.local/lib/python3.12/site-packages/airflow/example_dags/example_nested_branch_dag.py
[2025-12-17T04:54:46.327+0000] {processor.py:840} INFO - DAG(s) 'example_nested_branch_dag' retrieved from /home/airflow/.local/lib/python3.12/site-packages/airflow/example_dags/example_nested_branch_dag.py
[2025-12-17T04:54:46.340+0000] {logging_mixin.py:188} INFO - [2025-12-17T04:54:46.340+0000] {dag.py:3089} INFO - Sync 1 DAGs
[2025-12-17T04:54:46.352+0000] {logging_mixin.py:188} INFO - [2025-12-17T04:54:46.352+0000] {dag.py:3947} INFO - Setting next_dagrun for example_nested_branch_dag to 2025-12-16 00:00:00+00:00, run_after=2025-12-17 00:00:00+00:00
[2025-12-17T04:54:46.366+0000] {processor.py:183} INFO - Processing /home/airflow/.local/lib/python3.12/site-packages/airflow/example_dags/example_nested_branch_dag.py took 0.051 seconds
[2025-12-17T06:11:25.665+0000] {processor.py:161} INFO - Started process (PID=42136) to work on /home/airflow/.local/lib/python3.12/site-packages/airflow/example_dags/example_nested_branch_dag.py
[2025-12-17T06:11:25.666+0000] {processor.py:830} INFO - Processing file /home/airflow/.local/lib/python3.12/site-packages/airflow/example_dags/example_nested_branch_dag.py for tasks to queue
[2025-12-17T06:11:25.667+0000] {logging_mixin.py:188} INFO - [2025-12-17T06:11:25.666+0000] {dagbag.py:545} INFO - Filling up the DagBag from /home/airflow/.local/lib/python3.12/site-packages/airflow/example_dags/example_nested_branch_dag.py
[2025-12-17T06:11:25.671+0000] {processor.py:840} INFO - DAG(s) 'example_nested_branch_dag' retrieved from /home/airflow/.local/lib/python3.12/site-packages/airflow/example_dags/example_nested_branch_dag.py
[2025-12-17T06:11:25.686+0000] {logging_mixin.py:188} INFO - [2025-12-17T06:11:25.685+0000] {dag.py:3089} INFO - Sync 1 DAGs
[2025-12-17T06:11:25.699+0000] {logging_mixin.py:188} INFO - [2025-12-17T06:11:25.699+0000] {dag.py:3947} INFO - Setting next_dagrun for example_nested_branch_dag to 2025-12-16 00:00:00+00:00, run_after=2025-12-17 00:00:00+00:00
[2025-12-17T06:11:25.711+0000] {processor.py:183} INFO - Processing /home/airflow/.local/lib/python3.12/site-packages/airflow/example_dags/example_nested_branch_dag.py took 0.049 seconds
[2025-12-17T07:48:05.722+0000] {processor.py:161} INFO - Started process (PID=42195) to work on /home/airflow/.local/lib/python3.12/site-packages/airflow/example_dags/example_nested_branch_dag.py
[2025-12-17T07:48:05.724+0000] {processor.py:830} INFO - Processing file /home/airflow/.local/lib/python3.12/site-packages/airflow/example_dags/example_nested_branch_dag.py for tasks to queue
[2025-12-17T07:48:05.725+0000] {logging_mixin.py:188} INFO - [2025-12-17T07:48:05.725+0000] {dagbag.py:545} INFO - Filling up the DagBag from /home/airflow/.local/lib/python3.12/site-packages/airflow/example_dags/example_nested_branch_dag.py
[2025-12-17T07:48:05.730+0000] {processor.py:840} INFO - DAG(s) 'example_nested_branch_dag' retrieved from /home/airflow/.local/lib/python3.12/site-packages/airflow/example_dags/example_nested_branch_dag.py
[2025-12-17T07:48:05.741+0000] {logging_mixin.py:188} INFO - [2025-12-17T07:48:05.741+0000] {dag.py:3089} INFO - Sync 1 DAGs
[2025-12-17T07:48:05.751+0000] {logging_mixin.py:188} INFO - [2025-12-17T07:48:05.750+0000] {dag.py:3947} INFO - Setting next_dagrun for example_nested_branch_dag to 2025-12-16 00:00:00+00:00, run_after=2025-12-17 00:00:00+00:00
[2025-12-17T07:48:05.763+0000] {processor.py:183} INFO - Processing /home/airflow/.local/lib/python3.12/site-packages/airflow/example_dags/example_nested_branch_dag.py took 0.047 seconds
[2025-12-17T08:58:45.762+0000] {processor.py:161} INFO - Started process (PID=42254) to work on /home/airflow/.local/lib/python3.12/site-packages/airflow/example_dags/example_nested_branch_dag.py
[2025-12-17T08:58:45.762+0000] {processor.py:830} INFO - Processing file /home/airflow/.local/lib/python3.12/site-packages/airflow/example_dags/example_nested_branch_dag.py for tasks to queue
[2025-12-17T08:58:45.763+0000] {logging_mixin.py:188} INFO - [2025-12-17T08:58:45.763+0000] {dagbag.py:545} INFO - Filling up the DagBag from /home/airflow/.local/lib/python3.12/site-packages/airflow/example_dags/example_nested_branch_dag.py
[2025-12-17T08:58:45.769+0000] {processor.py:840} INFO - DAG(s) 'example_nested_branch_dag' retrieved from /home/airflow/.local/lib/python3.12/site-packages/airflow/example_dags/example_nested_branch_dag.py
[2025-12-17T08:58:45.780+0000] {logging_mixin.py:188} INFO - [2025-12-17T08:58:45.779+0000] {dag.py:3089} INFO - Sync 1 DAGs
[2025-12-17T08:58:45.790+0000] {logging_mixin.py:188} INFO - [2025-12-17T08:58:45.790+0000] {dag.py:3947} INFO - Setting next_dagrun for example_nested_branch_dag to 2025-12-16 00:00:00+00:00, run_after=2025-12-17 00:00:00+00:00
[2025-12-17T08:58:45.801+0000] {processor.py:183} INFO - Processing /home/airflow/.local/lib/python3.12/site-packages/airflow/example_dags/example_nested_branch_dag.py took 0.042 seconds
[2025-12-17T09:21:00.503+0000] {processor.py:161} INFO - Started process (PID=42313) to work on /home/airflow/.local/lib/python3.12/site-packages/airflow/example_dags/example_nested_branch_dag.py
[2025-12-17T09:21:00.504+0000] {processor.py:830} INFO - Processing file /home/airflow/.local/lib/python3.12/site-packages/airflow/example_dags/example_nested_branch_dag.py for tasks to queue
[2025-12-17T09:21:00.504+0000] {logging_mixin.py:188} INFO - [2025-12-17T09:21:00.504+0000] {dagbag.py:545} INFO - Filling up the DagBag from /home/airflow/.local/lib/python3.12/site-packages/airflow/example_dags/example_nested_branch_dag.py
[2025-12-17T09:21:00.510+0000] {processor.py:840} INFO - DAG(s) 'example_nested_branch_dag' retrieved from /home/airflow/.local/lib/python3.12/site-packages/airflow/example_dags/example_nested_branch_dag.py
[2025-12-17T09:21:00.526+0000] {logging_mixin.py:188} INFO - [2025-12-17T09:21:00.526+0000] {dag.py:3089} INFO - Sync 1 DAGs
[2025-12-17T09:21:00.535+0000] {logging_mixin.py:188} INFO - [2025-12-17T09:21:00.535+0000] {dag.py:3947} INFO - Setting next_dagrun for example_nested_branch_dag to 2025-12-16 00:00:00+00:00, run_after=2025-12-17 00:00:00+00:00
[2025-12-17T09:21:00.547+0000] {processor.py:183} INFO - Processing /home/airflow/.local/lib/python3.12/site-packages/airflow/example_dags/example_nested_branch_dag.py took 0.046 seconds
[2025-12-17T10:31:20.829+0000] {processor.py:161} INFO - Started process (PID=42372) to work on /home/airflow/.local/lib/python3.12/site-packages/airflow/example_dags/example_nested_branch_dag.py
[2025-12-17T10:31:20.829+0000] {processor.py:830} INFO - Processing file /home/airflow/.local/lib/python3.12/site-packages/airflow/example_dags/example_nested_branch_dag.py for tasks to queue
[2025-12-17T10:31:20.831+0000] {logging_mixin.py:188} INFO - [2025-12-17T10:31:20.831+0000] {dagbag.py:545} INFO - Filling up the DagBag from /home/airflow/.local/lib/python3.12/site-packages/airflow/example_dags/example_nested_branch_dag.py
[2025-12-17T10:31:20.836+0000] {processor.py:840} INFO - DAG(s) 'example_nested_branch_dag' retrieved from /home/airflow/.local/lib/python3.12/site-packages/airflow/example_dags/example_nested_branch_dag.py
[2025-12-17T10:31:20.848+0000] {logging_mixin.py:188} INFO - [2025-12-17T10:31:20.848+0000] {dag.py:3089} INFO - Sync 1 DAGs
[2025-12-17T10:31:20.859+0000] {logging_mixin.py:188} INFO - [2025-12-17T10:31:20.859+0000] {dag.py:3947} INFO - Setting next_dagrun for example_nested_branch_dag to 2025-12-16 00:00:00+00:00, run_after=2025-12-17 00:00:00+00:00
[2025-12-17T10:31:20.869+0000] {processor.py:183} INFO - Processing /home/airflow/.local/lib/python3.12/site-packages/airflow/example_dags/example_nested_branch_dag.py took 0.043 seconds
[2025-12-17T11:32:05.409+0000] {processor.py:161} INFO - Started process (PID=42431) to work on /home/airflow/.local/lib/python3.12/site-packages/airflow/example_dags/example_nested_branch_dag.py
[2025-12-17T11:32:05.410+0000] {processor.py:830} INFO - Processing file /home/airflow/.local/lib/python3.12/site-packages/airflow/example_dags/example_nested_branch_dag.py for tasks to queue
[2025-12-17T11:32:05.410+0000] {logging_mixin.py:188} INFO - [2025-12-17T11:32:05.410+0000] {dagbag.py:545} INFO - Filling up the DagBag from /home/airflow/.local/lib/python3.12/site-packages/airflow/example_dags/example_nested_branch_dag.py
[2025-12-17T11:32:05.414+0000] {processor.py:840} INFO - DAG(s) 'example_nested_branch_dag' retrieved from /home/airflow/.local/lib/python3.12/site-packages/airflow/example_dags/example_nested_branch_dag.py
[2025-12-17T11:32:05.423+0000] {logging_mixin.py:188} INFO - [2025-12-17T11:32:05.423+0000] {dag.py:3089} INFO - Sync 1 DAGs
[2025-12-17T11:32:05.432+0000] {logging_mixin.py:188} INFO - [2025-12-17T11:32:05.432+0000] {dag.py:3947} INFO - Setting next_dagrun for example_nested_branch_dag to 2025-12-16 00:00:00+00:00, run_after=2025-12-17 00:00:00+00:00
[2025-12-17T11:32:05.438+0000] {processor.py:183} INFO - Processing /home/airflow/.local/lib/python3.12/site-packages/airflow/example_dags/example_nested_branch_dag.py took 0.032 seconds
[2025-12-17T12:33:35.069+0000] {processor.py:161} INFO - Started process (PID=42490) to work on /home/airflow/.local/lib/python3.12/site-packages/airflow/example_dags/example_nested_branch_dag.py
[2025-12-17T12:33:35.070+0000] {processor.py:830} INFO - Processing file /home/airflow/.local/lib/python3.12/site-packages/airflow/example_dags/example_nested_branch_dag.py for tasks to queue
[2025-12-17T12:33:35.070+0000] {logging_mixin.py:188} INFO - [2025-12-17T12:33:35.070+0000] {dagbag.py:545} INFO - Filling up the DagBag from /home/airflow/.local/lib/python3.12/site-packages/airflow/example_dags/example_nested_branch_dag.py
[2025-12-17T12:33:35.076+0000] {processor.py:840} INFO - DAG(s) 'example_nested_branch_dag' retrieved from /home/airflow/.local/lib/python3.12/site-packages/airflow/example_dags/example_nested_branch_dag.py
[2025-12-17T12:33:35.088+0000] {logging_mixin.py:188} INFO - [2025-12-17T12:33:35.087+0000] {dag.py:3089} INFO - Sync 1 DAGs
[2025-12-17T12:33:35.097+0000] {logging_mixin.py:188} INFO - [2025-12-17T12:33:35.096+0000] {dag.py:3947} INFO - Setting next_dagrun for example_nested_branch_dag to 2025-12-16 00:00:00+00:00, run_after=2025-12-17 00:00:00+00:00
[2025-12-17T12:33:35.104+0000] {processor.py:183} INFO - Processing /home/airflow/.local/lib/python3.12/site-packages/airflow/example_dags/example_nested_branch_dag.py took 0.038 seconds
[2025-12-17T13:42:10.013+0000] {processor.py:161} INFO - Started process (PID=42549) to work on /home/airflow/.local/lib/python3.12/site-packages/airflow/example_dags/example_nested_branch_dag.py
[2025-12-17T13:42:10.016+0000] {processor.py:830} INFO - Processing file /home/airflow/.local/lib/python3.12/site-packages/airflow/example_dags/example_nested_branch_dag.py for tasks to queue
[2025-12-17T13:42:10.017+0000] {logging_mixin.py:188} INFO - [2025-12-17T13:42:10.017+0000] {dagbag.py:545} INFO - Filling up the DagBag from /home/airflow/.local/lib/python3.12/site-packages/airflow/example_dags/example_nested_branch_dag.py
[2025-12-17T13:42:10.021+0000] {processor.py:840} INFO - DAG(s) 'example_nested_branch_dag' retrieved from /home/airflow/.local/lib/python3.12/site-packages/airflow/example_dags/example_nested_branch_dag.py
[2025-12-17T13:42:10.030+0000] {logging_mixin.py:188} INFO - [2025-12-17T13:42:10.030+0000] {dag.py:3089} INFO - Sync 1 DAGs
[2025-12-17T13:42:10.041+0000] {logging_mixin.py:188} INFO - [2025-12-17T13:42:10.041+0000] {dag.py:3947} INFO - Setting next_dagrun for example_nested_branch_dag to 2025-12-16 00:00:00+00:00, run_after=2025-12-17 00:00:00+00:00
[2025-12-17T13:42:10.053+0000] {processor.py:183} INFO - Processing /home/airflow/.local/lib/python3.12/site-packages/airflow/example_dags/example_nested_branch_dag.py took 0.043 seconds
[2025-12-17T14:56:28.176+0000] {processor.py:161} INFO - Started process (PID=42608) to work on /home/airflow/.local/lib/python3.12/site-packages/airflow/example_dags/example_nested_branch_dag.py
[2025-12-17T14:56:28.179+0000] {processor.py:830} INFO - Processing file /home/airflow/.local/lib/python3.12/site-packages/airflow/example_dags/example_nested_branch_dag.py for tasks to queue
[2025-12-17T14:56:28.180+0000] {logging_mixin.py:188} INFO - [2025-12-17T14:56:28.179+0000] {dagbag.py:545} INFO - Filling up the DagBag from /home/airflow/.local/lib/python3.12/site-packages/airflow/example_dags/example_nested_branch_dag.py
[2025-12-17T14:56:28.184+0000] {processor.py:840} INFO - DAG(s) 'example_nested_branch_dag' retrieved from /home/airflow/.local/lib/python3.12/site-packages/airflow/example_dags/example_nested_branch_dag.py
[2025-12-17T14:56:28.193+0000] {logging_mixin.py:188} INFO - [2025-12-17T14:56:28.193+0000] {dag.py:3089} INFO - Sync 1 DAGs
[2025-12-17T14:56:28.204+0000] {logging_mixin.py:188} INFO - [2025-12-17T14:56:28.204+0000] {dag.py:3947} INFO - Setting next_dagrun for example_nested_branch_dag to 2025-12-16 00:00:00+00:00, run_after=2025-12-17 00:00:00+00:00
[2025-12-17T14:56:28.214+0000] {processor.py:183} INFO - Processing /home/airflow/.local/lib/python3.12/site-packages/airflow/example_dags/example_nested_branch_dag.py took 0.040 seconds
[2025-12-17T16:05:46.671+0000] {processor.py:161} INFO - Started process (PID=42667) to work on /home/airflow/.local/lib/python3.12/site-packages/airflow/example_dags/example_nested_branch_dag.py
[2025-12-17T16:05:46.672+0000] {processor.py:830} INFO - Processing file /home/airflow/.local/lib/python3.12/site-packages/airflow/example_dags/example_nested_branch_dag.py for tasks to queue
[2025-12-17T16:05:46.673+0000] {logging_mixin.py:188} INFO - [2025-12-17T16:05:46.673+0000] {dagbag.py:545} INFO - Filling up the DagBag from /home/airflow/.local/lib/python3.12/site-packages/airflow/example_dags/example_nested_branch_dag.py
[2025-12-17T16:05:46.680+0000] {processor.py:840} INFO - DAG(s) 'example_nested_branch_dag' retrieved from /home/airflow/.local/lib/python3.12/site-packages/airflow/example_dags/example_nested_branch_dag.py
[2025-12-17T16:05:46.695+0000] {logging_mixin.py:188} INFO - [2025-12-17T16:05:46.695+0000] {dag.py:3089} INFO - Sync 1 DAGs
[2025-12-17T16:05:46.707+0000] {logging_mixin.py:188} INFO - [2025-12-17T16:05:46.707+0000] {dag.py:3947} INFO - Setting next_dagrun for example_nested_branch_dag to 2025-12-16 00:00:00+00:00, run_after=2025-12-17 00:00:00+00:00
[2025-12-17T16:05:46.717+0000] {processor.py:183} INFO - Processing /home/airflow/.local/lib/python3.12/site-packages/airflow/example_dags/example_nested_branch_dag.py took 0.052 seconds
[2025-12-17T17:20:38.199+0000] {processor.py:161} INFO - Started process (PID=42726) to work on /home/airflow/.local/lib/python3.12/site-packages/airflow/example_dags/example_nested_branch_dag.py
[2025-12-17T17:20:38.200+0000] {processor.py:830} INFO - Processing file /home/airflow/.local/lib/python3.12/site-packages/airflow/example_dags/example_nested_branch_dag.py for tasks to queue
[2025-12-17T17:20:38.200+0000] {logging_mixin.py:188} INFO - [2025-12-17T17:20:38.200+0000] {dagbag.py:545} INFO - Filling up the DagBag from /home/airflow/.local/lib/python3.12/site-packages/airflow/example_dags/example_nested_branch_dag.py
[2025-12-17T17:20:38.205+0000] {processor.py:840} INFO - DAG(s) 'example_nested_branch_dag' retrieved from /home/airflow/.local/lib/python3.12/site-packages/airflow/example_dags/example_nested_branch_dag.py
[2025-12-17T17:20:38.218+0000] {logging_mixin.py:188} INFO - [2025-12-17T17:20:38.218+0000] {dag.py:3089} INFO - Sync 1 DAGs
[2025-12-17T17:20:38.227+0000] {logging_mixin.py:188} INFO - [2025-12-17T17:20:38.227+0000] {dag.py:3947} INFO - Setting next_dagrun for example_nested_branch_dag to 2025-12-16 00:00:00+00:00, run_after=2025-12-17 00:00:00+00:00
[2025-12-17T17:20:38.238+0000] {processor.py:183} INFO - Processing /home/airflow/.local/lib/python3.12/site-packages/airflow/example_dags/example_nested_branch_dag.py took 0.042 seconds
[2025-12-17T18:07:07.447+0000] {processor.py:161} INFO - Started process (PID=42785) to work on /home/airflow/.local/lib/python3.12/site-packages/airflow/example_dags/example_nested_branch_dag.py
[2025-12-17T18:07:07.448+0000] {processor.py:830} INFO - Processing file /home/airflow/.local/lib/python3.12/site-packages/airflow/example_dags/example_nested_branch_dag.py for tasks to queue
[2025-12-17T18:07:07.448+0000] {logging_mixin.py:188} INFO - [2025-12-17T18:07:07.448+0000] {dagbag.py:545} INFO - Filling up the DagBag from /home/airflow/.local/lib/python3.12/site-packages/airflow/example_dags/example_nested_branch_dag.py
[2025-12-17T18:07:07.455+0000] {processor.py:840} INFO - DAG(s) 'example_nested_branch_dag' retrieved from /home/airflow/.local/lib/python3.12/site-packages/airflow/example_dags/example_nested_branch_dag.py
[2025-12-17T18:07:07.475+0000] {logging_mixin.py:188} INFO - [2025-12-17T18:07:07.475+0000] {dag.py:3089} INFO - Sync 1 DAGs
[2025-12-17T18:07:07.485+0000] {logging_mixin.py:188} INFO - [2025-12-17T18:07:07.485+0000] {dag.py:3947} INFO - Setting next_dagrun for example_nested_branch_dag to 2025-12-16 00:00:00+00:00, run_after=2025-12-17 00:00:00+00:00
[2025-12-17T18:07:07.494+0000] {processor.py:183} INFO - Processing /home/airflow/.local/lib/python3.12/site-packages/airflow/example_dags/example_nested_branch_dag.py took 0.054 seconds
[2025-12-17T18:26:58.106+0000] {processor.py:161} INFO - Started process (PID=42844) to work on /home/airflow/.local/lib/python3.12/site-packages/airflow/example_dags/example_nested_branch_dag.py
[2025-12-17T18:26:58.107+0000] {processor.py:830} INFO - Processing file /home/airflow/.local/lib/python3.12/site-packages/airflow/example_dags/example_nested_branch_dag.py for tasks to queue
[2025-12-17T18:26:58.107+0000] {logging_mixin.py:188} INFO - [2025-12-17T18:26:58.107+0000] {dagbag.py:545} INFO - Filling up the DagBag from /home/airflow/.local/lib/python3.12/site-packages/airflow/example_dags/example_nested_branch_dag.py
[2025-12-17T18:26:58.112+0000] {processor.py:840} INFO - DAG(s) 'example_nested_branch_dag' retrieved from /home/airflow/.local/lib/python3.12/site-packages/airflow/example_dags/example_nested_branch_dag.py
[2025-12-17T18:26:58.125+0000] {logging_mixin.py:188} INFO - [2025-12-17T18:26:58.125+0000] {dag.py:3089} INFO - Sync 1 DAGs
[2025-12-17T18:26:58.136+0000] {logging_mixin.py:188} INFO - [2025-12-17T18:26:58.136+0000] {dag.py:3947} INFO - Setting next_dagrun for example_nested_branch_dag to 2025-12-16 00:00:00+00:00, run_after=2025-12-17 00:00:00+00:00
[2025-12-17T18:26:58.148+0000] {processor.py:183} INFO - Processing /home/airflow/.local/lib/python3.12/site-packages/airflow/example_dags/example_nested_branch_dag.py took 0.045 seconds
[2025-12-17T19:41:42.705+0000] {processor.py:161} INFO - Started process (PID=42903) to work on /home/airflow/.local/lib/python3.12/site-packages/airflow/example_dags/example_nested_branch_dag.py
[2025-12-17T19:41:42.706+0000] {processor.py:830} INFO - Processing file /home/airflow/.local/lib/python3.12/site-packages/airflow/example_dags/example_nested_branch_dag.py for tasks to queue
[2025-12-17T19:41:42.706+0000] {logging_mixin.py:188} INFO - [2025-12-17T19:41:42.706+0000] {dagbag.py:545} INFO - Filling up the DagBag from /home/airflow/.local/lib/python3.12/site-packages/airflow/example_dags/example_nested_branch_dag.py
[2025-12-17T19:41:42.712+0000] {processor.py:840} INFO - DAG(s) 'example_nested_branch_dag' retrieved from /home/airflow/.local/lib/python3.12/site-packages/airflow/example_dags/example_nested_branch_dag.py
[2025-12-17T19:41:42.721+0000] {logging_mixin.py:188} INFO - [2025-12-17T19:41:42.721+0000] {dag.py:3089} INFO - Sync 1 DAGs
[2025-12-17T19:41:42.731+0000] {logging_mixin.py:188} INFO - [2025-12-17T19:41:42.731+0000] {dag.py:3947} INFO - Setting next_dagrun for example_nested_branch_dag to 2025-12-16 00:00:00+00:00, run_after=2025-12-17 00:00:00+00:00
[2025-12-17T19:41:42.741+0000] {processor.py:183} INFO - Processing /home/airflow/.local/lib/python3.12/site-packages/airflow/example_dags/example_nested_branch_dag.py took 0.038 seconds
[2025-12-17T21:17:14.625+0000] {processor.py:161} INFO - Started process (PID=42962) to work on /home/airflow/.local/lib/python3.12/site-packages/airflow/example_dags/example_nested_branch_dag.py
[2025-12-17T21:17:14.626+0000] {processor.py:830} INFO - Processing file /home/airflow/.local/lib/python3.12/site-packages/airflow/example_dags/example_nested_branch_dag.py for tasks to queue
[2025-12-17T21:17:14.626+0000] {logging_mixin.py:188} INFO - [2025-12-17T21:17:14.626+0000] {dagbag.py:545} INFO - Filling up the DagBag from /home/airflow/.local/lib/python3.12/site-packages/airflow/example_dags/example_nested_branch_dag.py
[2025-12-17T21:17:14.632+0000] {processor.py:840} INFO - DAG(s) 'example_nested_branch_dag' retrieved from /home/airflow/.local/lib/python3.12/site-packages/airflow/example_dags/example_nested_branch_dag.py
[2025-12-17T21:17:14.641+0000] {logging_mixin.py:188} INFO - [2025-12-17T21:17:14.641+0000] {dag.py:3089} INFO - Sync 1 DAGs
[2025-12-17T21:17:14.651+0000] {logging_mixin.py:188} INFO - [2025-12-17T21:17:14.650+0000] {dag.py:3947} INFO - Setting next_dagrun for example_nested_branch_dag to 2025-12-16 00:00:00+00:00, run_after=2025-12-17 00:00:00+00:00
[2025-12-17T21:17:14.662+0000] {processor.py:183} INFO - Processing /home/airflow/.local/lib/python3.12/site-packages/airflow/example_dags/example_nested_branch_dag.py took 0.040 seconds
[2025-12-17T22:30:37.807+0000] {processor.py:161} INFO - Started process (PID=43021) to work on /home/airflow/.local/lib/python3.12/site-packages/airflow/example_dags/example_nested_branch_dag.py
[2025-12-17T22:30:37.809+0000] {processor.py:830} INFO - Processing file /home/airflow/.local/lib/python3.12/site-packages/airflow/example_dags/example_nested_branch_dag.py for tasks to queue
[2025-12-17T22:30:37.810+0000] {logging_mixin.py:188} INFO - [2025-12-17T22:30:37.810+0000] {dagbag.py:545} INFO - Filling up the DagBag from /home/airflow/.local/lib/python3.12/site-packages/airflow/example_dags/example_nested_branch_dag.py
[2025-12-17T22:30:37.818+0000] {processor.py:840} INFO - DAG(s) 'example_nested_branch_dag' retrieved from /home/airflow/.local/lib/python3.12/site-packages/airflow/example_dags/example_nested_branch_dag.py
[2025-12-17T22:30:37.837+0000] {logging_mixin.py:188} INFO - [2025-12-17T22:30:37.836+0000] {dag.py:3089} INFO - Sync 1 DAGs
[2025-12-17T22:30:37.851+0000] {logging_mixin.py:188} INFO - [2025-12-17T22:30:37.851+0000] {dag.py:3947} INFO - Setting next_dagrun for example_nested_branch_dag to 2025-12-16 00:00:00+00:00, run_after=2025-12-17 00:00:00+00:00
[2025-12-17T22:30:37.872+0000] {processor.py:183} INFO - Processing /home/airflow/.local/lib/python3.12/site-packages/airflow/example_dags/example_nested_branch_dag.py took 0.070 seconds
