[2025-12-17T00:49:43.973+0000] {processor.py:161} INFO - Started process (PID=41702) to work on /home/airflow/.local/lib/python3.12/site-packages/airflow/example_dags/example_params_ui_tutorial.py
[2025-12-17T00:49:43.975+0000] {processor.py:830} INFO - Processing file /home/airflow/.local/lib/python3.12/site-packages/airflow/example_dags/example_params_ui_tutorial.py for tasks to queue
[2025-12-17T00:49:43.976+0000] {logging_mixin.py:188} INFO - [2025-12-17T00:49:43.976+0000] {dagbag.py:545} INFO - Filling up the DagBag from /home/airflow/.local/lib/python3.12/site-packages/airflow/example_dags/example_params_ui_tutorial.py
[2025-12-17T00:49:43.980+0000] {processor.py:840} INFO - DAG(s) 'example_params_ui_tutorial' retrieved from /home/airflow/.local/lib/python3.12/site-packages/airflow/example_dags/example_params_ui_tutorial.py
[2025-12-17T00:49:44.075+0000] {logging_mixin.py:188} INFO - [2025-12-17T00:49:44.075+0000] {dag.py:3089} INFO - Sync 1 DAGs
[2025-12-17T00:49:44.188+0000] {logging_mixin.py:188} INFO - [2025-12-17T00:49:44.187+0000] {dag.py:3947} INFO - Setting next_dagrun for example_params_ui_tutorial to None, run_after=None
[2025-12-17T00:49:44.196+0000] {processor.py:183} INFO - Processing /home/airflow/.local/lib/python3.12/site-packages/airflow/example_dags/example_params_ui_tutorial.py took 0.228 seconds
[2025-12-17T01:13:19.643+0000] {processor.py:161} INFO - Started process (PID=41761) to work on /home/airflow/.local/lib/python3.12/site-packages/airflow/example_dags/example_params_ui_tutorial.py
[2025-12-17T01:13:19.643+0000] {processor.py:830} INFO - Processing file /home/airflow/.local/lib/python3.12/site-packages/airflow/example_dags/example_params_ui_tutorial.py for tasks to queue
[2025-12-17T01:13:19.643+0000] {logging_mixin.py:188} INFO - [2025-12-17T01:13:19.643+0000] {dagbag.py:545} INFO - Filling up the DagBag from /home/airflow/.local/lib/python3.12/site-packages/airflow/example_dags/example_params_ui_tutorial.py
[2025-12-17T01:13:19.647+0000] {processor.py:840} INFO - DAG(s) 'example_params_ui_tutorial' retrieved from /home/airflow/.local/lib/python3.12/site-packages/airflow/example_dags/example_params_ui_tutorial.py
[2025-12-17T01:13:19.669+0000] {logging_mixin.py:188} INFO - [2025-12-17T01:13:19.669+0000] {dag.py:3089} INFO - Sync 1 DAGs
[2025-12-17T01:13:19.760+0000] {logging_mixin.py:188} INFO - [2025-12-17T01:13:19.759+0000] {dag.py:3947} INFO - Setting next_dagrun for example_params_ui_tutorial to None, run_after=None
[2025-12-17T01:13:19.768+0000] {processor.py:183} INFO - Processing /home/airflow/.local/lib/python3.12/site-packages/airflow/example_dags/example_params_ui_tutorial.py took 0.129 seconds
[2025-12-17T02:08:57.726+0000] {processor.py:161} INFO - Started process (PID=41820) to work on /home/airflow/.local/lib/python3.12/site-packages/airflow/example_dags/example_params_ui_tutorial.py
[2025-12-17T02:08:57.728+0000] {processor.py:830} INFO - Processing file /home/airflow/.local/lib/python3.12/site-packages/airflow/example_dags/example_params_ui_tutorial.py for tasks to queue
[2025-12-17T02:08:57.729+0000] {logging_mixin.py:188} INFO - [2025-12-17T02:08:57.729+0000] {dagbag.py:545} INFO - Filling up the DagBag from /home/airflow/.local/lib/python3.12/site-packages/airflow/example_dags/example_params_ui_tutorial.py
[2025-12-17T02:08:57.735+0000] {processor.py:840} INFO - DAG(s) 'example_params_ui_tutorial' retrieved from /home/airflow/.local/lib/python3.12/site-packages/airflow/example_dags/example_params_ui_tutorial.py
[2025-12-17T02:08:57.770+0000] {logging_mixin.py:188} INFO - [2025-12-17T02:08:57.769+0000] {dag.py:3089} INFO - Sync 1 DAGs
[2025-12-17T02:08:57.916+0000] {logging_mixin.py:188} INFO - [2025-12-17T02:08:57.916+0000] {dag.py:3947} INFO - Setting next_dagrun for example_params_ui_tutorial to None, run_after=None
[2025-12-17T02:08:57.929+0000] {processor.py:183} INFO - Processing /home/airflow/.local/lib/python3.12/site-packages/airflow/example_dags/example_params_ui_tutorial.py took 0.210 seconds
[2025-12-17T02:38:01.471+0000] {processor.py:161} INFO - Started process (PID=41879) to work on /home/airflow/.local/lib/python3.12/site-packages/airflow/example_dags/example_params_ui_tutorial.py
[2025-12-17T02:38:01.472+0000] {processor.py:830} INFO - Processing file /home/airflow/.local/lib/python3.12/site-packages/airflow/example_dags/example_params_ui_tutorial.py for tasks to queue
[2025-12-17T02:38:01.472+0000] {logging_mixin.py:188} INFO - [2025-12-17T02:38:01.472+0000] {dagbag.py:545} INFO - Filling up the DagBag from /home/airflow/.local/lib/python3.12/site-packages/airflow/example_dags/example_params_ui_tutorial.py
[2025-12-17T02:38:01.479+0000] {processor.py:840} INFO - DAG(s) 'example_params_ui_tutorial' retrieved from /home/airflow/.local/lib/python3.12/site-packages/airflow/example_dags/example_params_ui_tutorial.py
[2025-12-17T02:38:01.505+0000] {logging_mixin.py:188} INFO - [2025-12-17T02:38:01.505+0000] {dag.py:3089} INFO - Sync 1 DAGs
[2025-12-17T02:38:01.512+0000] {logging_mixin.py:188} INFO - [2025-12-17T02:38:01.512+0000] {dag.py:3947} INFO - Setting next_dagrun for example_params_ui_tutorial to None, run_after=None
[2025-12-17T02:38:01.614+0000] {processor.py:183} INFO - Processing /home/airflow/.local/lib/python3.12/site-packages/airflow/example_dags/example_params_ui_tutorial.py took 0.146 seconds
[2025-12-17T03:29:14.801+0000] {processor.py:161} INFO - Started process (PID=41938) to work on /home/airflow/.local/lib/python3.12/site-packages/airflow/example_dags/example_params_ui_tutorial.py
[2025-12-17T03:29:14.802+0000] {processor.py:830} INFO - Processing file /home/airflow/.local/lib/python3.12/site-packages/airflow/example_dags/example_params_ui_tutorial.py for tasks to queue
[2025-12-17T03:29:14.802+0000] {logging_mixin.py:188} INFO - [2025-12-17T03:29:14.802+0000] {dagbag.py:545} INFO - Filling up the DagBag from /home/airflow/.local/lib/python3.12/site-packages/airflow/example_dags/example_params_ui_tutorial.py
[2025-12-17T03:29:14.806+0000] {processor.py:840} INFO - DAG(s) 'example_params_ui_tutorial' retrieved from /home/airflow/.local/lib/python3.12/site-packages/airflow/example_dags/example_params_ui_tutorial.py
[2025-12-17T03:29:14.834+0000] {logging_mixin.py:188} INFO - [2025-12-17T03:29:14.834+0000] {dag.py:3089} INFO - Sync 1 DAGs
[2025-12-17T03:29:14.839+0000] {logging_mixin.py:188} INFO - [2025-12-17T03:29:14.839+0000] {dag.py:3947} INFO - Setting next_dagrun for example_params_ui_tutorial to None, run_after=None
[2025-12-17T03:29:14.857+0000] {processor.py:183} INFO - Processing /home/airflow/.local/lib/python3.12/site-packages/airflow/example_dags/example_params_ui_tutorial.py took 0.059 seconds
[2025-12-17T03:53:42.687+0000] {processor.py:161} INFO - Started process (PID=41997) to work on /home/airflow/.local/lib/python3.12/site-packages/airflow/example_dags/example_params_ui_tutorial.py
[2025-12-17T03:53:42.688+0000] {processor.py:830} INFO - Processing file /home/airflow/.local/lib/python3.12/site-packages/airflow/example_dags/example_params_ui_tutorial.py for tasks to queue
[2025-12-17T03:53:42.689+0000] {logging_mixin.py:188} INFO - [2025-12-17T03:53:42.688+0000] {dagbag.py:545} INFO - Filling up the DagBag from /home/airflow/.local/lib/python3.12/site-packages/airflow/example_dags/example_params_ui_tutorial.py
[2025-12-17T03:53:42.692+0000] {processor.py:840} INFO - DAG(s) 'example_params_ui_tutorial' retrieved from /home/airflow/.local/lib/python3.12/site-packages/airflow/example_dags/example_params_ui_tutorial.py
[2025-12-17T03:53:42.718+0000] {logging_mixin.py:188} INFO - [2025-12-17T03:53:42.718+0000] {dag.py:3089} INFO - Sync 1 DAGs
[2025-12-17T03:53:42.724+0000] {logging_mixin.py:188} INFO - [2025-12-17T03:53:42.724+0000] {dag.py:3947} INFO - Setting next_dagrun for example_params_ui_tutorial to None, run_after=None
[2025-12-17T03:53:42.737+0000] {processor.py:183} INFO - Processing /home/airflow/.local/lib/python3.12/site-packages/airflow/example_dags/example_params_ui_tutorial.py took 0.053 seconds
[2025-12-17T04:54:45.409+0000] {processor.py:161} INFO - Started process (PID=42056) to work on /home/airflow/.local/lib/python3.12/site-packages/airflow/example_dags/example_params_ui_tutorial.py
[2025-12-17T04:54:45.411+0000] {processor.py:830} INFO - Processing file /home/airflow/.local/lib/python3.12/site-packages/airflow/example_dags/example_params_ui_tutorial.py for tasks to queue
[2025-12-17T04:54:45.413+0000] {logging_mixin.py:188} INFO - [2025-12-17T04:54:45.412+0000] {dagbag.py:545} INFO - Filling up the DagBag from /home/airflow/.local/lib/python3.12/site-packages/airflow/example_dags/example_params_ui_tutorial.py
[2025-12-17T04:54:45.416+0000] {processor.py:840} INFO - DAG(s) 'example_params_ui_tutorial' retrieved from /home/airflow/.local/lib/python3.12/site-packages/airflow/example_dags/example_params_ui_tutorial.py
[2025-12-17T04:54:45.437+0000] {logging_mixin.py:188} INFO - [2025-12-17T04:54:45.437+0000] {dag.py:3089} INFO - Sync 1 DAGs
[2025-12-17T04:54:45.442+0000] {logging_mixin.py:188} INFO - [2025-12-17T04:54:45.442+0000] {dag.py:3947} INFO - Setting next_dagrun for example_params_ui_tutorial to None, run_after=None
[2025-12-17T04:54:45.454+0000] {processor.py:183} INFO - Processing /home/airflow/.local/lib/python3.12/site-packages/airflow/example_dags/example_params_ui_tutorial.py took 0.050 seconds
[2025-12-17T06:11:24.721+0000] {processor.py:161} INFO - Started process (PID=42115) to work on /home/airflow/.local/lib/python3.12/site-packages/airflow/example_dags/example_params_ui_tutorial.py
[2025-12-17T06:11:24.721+0000] {processor.py:830} INFO - Processing file /home/airflow/.local/lib/python3.12/site-packages/airflow/example_dags/example_params_ui_tutorial.py for tasks to queue
[2025-12-17T06:11:24.722+0000] {logging_mixin.py:188} INFO - [2025-12-17T06:11:24.721+0000] {dagbag.py:545} INFO - Filling up the DagBag from /home/airflow/.local/lib/python3.12/site-packages/airflow/example_dags/example_params_ui_tutorial.py
[2025-12-17T06:11:24.725+0000] {processor.py:840} INFO - DAG(s) 'example_params_ui_tutorial' retrieved from /home/airflow/.local/lib/python3.12/site-packages/airflow/example_dags/example_params_ui_tutorial.py
[2025-12-17T06:11:24.749+0000] {logging_mixin.py:188} INFO - [2025-12-17T06:11:24.749+0000] {dag.py:3089} INFO - Sync 1 DAGs
[2025-12-17T06:11:24.754+0000] {logging_mixin.py:188} INFO - [2025-12-17T06:11:24.754+0000] {dag.py:3947} INFO - Setting next_dagrun for example_params_ui_tutorial to None, run_after=None
[2025-12-17T06:11:24.764+0000] {processor.py:183} INFO - Processing /home/airflow/.local/lib/python3.12/site-packages/airflow/example_dags/example_params_ui_tutorial.py took 0.047 seconds
[2025-12-17T07:48:04.951+0000] {processor.py:161} INFO - Started process (PID=42174) to work on /home/airflow/.local/lib/python3.12/site-packages/airflow/example_dags/example_params_ui_tutorial.py
[2025-12-17T07:48:04.951+0000] {processor.py:830} INFO - Processing file /home/airflow/.local/lib/python3.12/site-packages/airflow/example_dags/example_params_ui_tutorial.py for tasks to queue
[2025-12-17T07:48:04.952+0000] {logging_mixin.py:188} INFO - [2025-12-17T07:48:04.952+0000] {dagbag.py:545} INFO - Filling up the DagBag from /home/airflow/.local/lib/python3.12/site-packages/airflow/example_dags/example_params_ui_tutorial.py
[2025-12-17T07:48:04.957+0000] {processor.py:840} INFO - DAG(s) 'example_params_ui_tutorial' retrieved from /home/airflow/.local/lib/python3.12/site-packages/airflow/example_dags/example_params_ui_tutorial.py
[2025-12-17T07:48:04.993+0000] {logging_mixin.py:188} INFO - [2025-12-17T07:48:04.993+0000] {dag.py:3089} INFO - Sync 1 DAGs
[2025-12-17T07:48:05.013+0000] {logging_mixin.py:188} INFO - [2025-12-17T07:48:05.013+0000] {dag.py:3947} INFO - Setting next_dagrun for example_params_ui_tutorial to None, run_after=None
[2025-12-17T07:48:05.023+0000] {processor.py:183} INFO - Processing /home/airflow/.local/lib/python3.12/site-packages/airflow/example_dags/example_params_ui_tutorial.py took 0.075 seconds
[2025-12-17T08:58:45.141+0000] {processor.py:161} INFO - Started process (PID=42233) to work on /home/airflow/.local/lib/python3.12/site-packages/airflow/example_dags/example_params_ui_tutorial.py
[2025-12-17T08:58:45.142+0000] {processor.py:830} INFO - Processing file /home/airflow/.local/lib/python3.12/site-packages/airflow/example_dags/example_params_ui_tutorial.py for tasks to queue
[2025-12-17T08:58:45.143+0000] {logging_mixin.py:188} INFO - [2025-12-17T08:58:45.143+0000] {dagbag.py:545} INFO - Filling up the DagBag from /home/airflow/.local/lib/python3.12/site-packages/airflow/example_dags/example_params_ui_tutorial.py
[2025-12-17T08:58:45.147+0000] {processor.py:840} INFO - DAG(s) 'example_params_ui_tutorial' retrieved from /home/airflow/.local/lib/python3.12/site-packages/airflow/example_dags/example_params_ui_tutorial.py
[2025-12-17T08:58:45.174+0000] {logging_mixin.py:188} INFO - [2025-12-17T08:58:45.174+0000] {dag.py:3089} INFO - Sync 1 DAGs
[2025-12-17T08:58:45.180+0000] {logging_mixin.py:188} INFO - [2025-12-17T08:58:45.179+0000] {dag.py:3947} INFO - Setting next_dagrun for example_params_ui_tutorial to None, run_after=None
[2025-12-17T08:58:45.189+0000] {processor.py:183} INFO - Processing /home/airflow/.local/lib/python3.12/site-packages/airflow/example_dags/example_params_ui_tutorial.py took 0.052 seconds
[2025-12-17T09:20:59.823+0000] {processor.py:161} INFO - Started process (PID=42292) to work on /home/airflow/.local/lib/python3.12/site-packages/airflow/example_dags/example_params_ui_tutorial.py
[2025-12-17T09:20:59.824+0000] {processor.py:830} INFO - Processing file /home/airflow/.local/lib/python3.12/site-packages/airflow/example_dags/example_params_ui_tutorial.py for tasks to queue
[2025-12-17T09:20:59.824+0000] {logging_mixin.py:188} INFO - [2025-12-17T09:20:59.824+0000] {dagbag.py:545} INFO - Filling up the DagBag from /home/airflow/.local/lib/python3.12/site-packages/airflow/example_dags/example_params_ui_tutorial.py
[2025-12-17T09:20:59.828+0000] {processor.py:840} INFO - DAG(s) 'example_params_ui_tutorial' retrieved from /home/airflow/.local/lib/python3.12/site-packages/airflow/example_dags/example_params_ui_tutorial.py
[2025-12-17T09:20:59.854+0000] {logging_mixin.py:188} INFO - [2025-12-17T09:20:59.854+0000] {dag.py:3089} INFO - Sync 1 DAGs
[2025-12-17T09:20:59.863+0000] {logging_mixin.py:188} INFO - [2025-12-17T09:20:59.863+0000] {dag.py:3947} INFO - Setting next_dagrun for example_params_ui_tutorial to None, run_after=None
[2025-12-17T09:20:59.873+0000] {processor.py:183} INFO - Processing /home/airflow/.local/lib/python3.12/site-packages/airflow/example_dags/example_params_ui_tutorial.py took 0.054 seconds
[2025-12-17T10:31:20.159+0000] {processor.py:161} INFO - Started process (PID=42351) to work on /home/airflow/.local/lib/python3.12/site-packages/airflow/example_dags/example_params_ui_tutorial.py
[2025-12-17T10:31:20.162+0000] {processor.py:830} INFO - Processing file /home/airflow/.local/lib/python3.12/site-packages/airflow/example_dags/example_params_ui_tutorial.py for tasks to queue
[2025-12-17T10:31:20.163+0000] {logging_mixin.py:188} INFO - [2025-12-17T10:31:20.163+0000] {dagbag.py:545} INFO - Filling up the DagBag from /home/airflow/.local/lib/python3.12/site-packages/airflow/example_dags/example_params_ui_tutorial.py
[2025-12-17T10:31:20.166+0000] {processor.py:840} INFO - DAG(s) 'example_params_ui_tutorial' retrieved from /home/airflow/.local/lib/python3.12/site-packages/airflow/example_dags/example_params_ui_tutorial.py
[2025-12-17T10:31:20.190+0000] {logging_mixin.py:188} INFO - [2025-12-17T10:31:20.190+0000] {dag.py:3089} INFO - Sync 1 DAGs
[2025-12-17T10:31:20.196+0000] {logging_mixin.py:188} INFO - [2025-12-17T10:31:20.196+0000] {dag.py:3947} INFO - Setting next_dagrun for example_params_ui_tutorial to None, run_after=None
[2025-12-17T10:31:20.203+0000] {processor.py:183} INFO - Processing /home/airflow/.local/lib/python3.12/site-packages/airflow/example_dags/example_params_ui_tutorial.py took 0.047 seconds
[2025-12-17T11:32:04.551+0000] {processor.py:161} INFO - Started process (PID=42410) to work on /home/airflow/.local/lib/python3.12/site-packages/airflow/example_dags/example_params_ui_tutorial.py
[2025-12-17T11:32:04.551+0000] {processor.py:830} INFO - Processing file /home/airflow/.local/lib/python3.12/site-packages/airflow/example_dags/example_params_ui_tutorial.py for tasks to queue
[2025-12-17T11:32:04.552+0000] {logging_mixin.py:188} INFO - [2025-12-17T11:32:04.552+0000] {dagbag.py:545} INFO - Filling up the DagBag from /home/airflow/.local/lib/python3.12/site-packages/airflow/example_dags/example_params_ui_tutorial.py
[2025-12-17T11:32:04.556+0000] {processor.py:840} INFO - DAG(s) 'example_params_ui_tutorial' retrieved from /home/airflow/.local/lib/python3.12/site-packages/airflow/example_dags/example_params_ui_tutorial.py
[2025-12-17T11:32:04.578+0000] {logging_mixin.py:188} INFO - [2025-12-17T11:32:04.578+0000] {dag.py:3089} INFO - Sync 1 DAGs
[2025-12-17T11:32:04.584+0000] {logging_mixin.py:188} INFO - [2025-12-17T11:32:04.584+0000] {dag.py:3947} INFO - Setting next_dagrun for example_params_ui_tutorial to None, run_after=None
[2025-12-17T11:32:04.590+0000] {processor.py:183} INFO - Processing /home/airflow/.local/lib/python3.12/site-packages/airflow/example_dags/example_params_ui_tutorial.py took 0.043 seconds
[2025-12-17T12:33:34.388+0000] {processor.py:161} INFO - Started process (PID=42469) to work on /home/airflow/.local/lib/python3.12/site-packages/airflow/example_dags/example_params_ui_tutorial.py
[2025-12-17T12:33:34.389+0000] {processor.py:830} INFO - Processing file /home/airflow/.local/lib/python3.12/site-packages/airflow/example_dags/example_params_ui_tutorial.py for tasks to queue
[2025-12-17T12:33:34.389+0000] {logging_mixin.py:188} INFO - [2025-12-17T12:33:34.389+0000] {dagbag.py:545} INFO - Filling up the DagBag from /home/airflow/.local/lib/python3.12/site-packages/airflow/example_dags/example_params_ui_tutorial.py
[2025-12-17T12:33:34.392+0000] {processor.py:840} INFO - DAG(s) 'example_params_ui_tutorial' retrieved from /home/airflow/.local/lib/python3.12/site-packages/airflow/example_dags/example_params_ui_tutorial.py
[2025-12-17T12:33:34.418+0000] {logging_mixin.py:188} INFO - [2025-12-17T12:33:34.418+0000] {dag.py:3089} INFO - Sync 1 DAGs
[2025-12-17T12:33:34.423+0000] {logging_mixin.py:188} INFO - [2025-12-17T12:33:34.423+0000] {dag.py:3947} INFO - Setting next_dagrun for example_params_ui_tutorial to None, run_after=None
[2025-12-17T12:33:34.434+0000] {processor.py:183} INFO - Processing /home/airflow/.local/lib/python3.12/site-packages/airflow/example_dags/example_params_ui_tutorial.py took 0.048 seconds
[2025-12-17T13:42:09.384+0000] {processor.py:161} INFO - Started process (PID=42528) to work on /home/airflow/.local/lib/python3.12/site-packages/airflow/example_dags/example_params_ui_tutorial.py
[2025-12-17T13:42:09.385+0000] {processor.py:830} INFO - Processing file /home/airflow/.local/lib/python3.12/site-packages/airflow/example_dags/example_params_ui_tutorial.py for tasks to queue
[2025-12-17T13:42:09.386+0000] {logging_mixin.py:188} INFO - [2025-12-17T13:42:09.386+0000] {dagbag.py:545} INFO - Filling up the DagBag from /home/airflow/.local/lib/python3.12/site-packages/airflow/example_dags/example_params_ui_tutorial.py
[2025-12-17T13:42:09.389+0000] {processor.py:840} INFO - DAG(s) 'example_params_ui_tutorial' retrieved from /home/airflow/.local/lib/python3.12/site-packages/airflow/example_dags/example_params_ui_tutorial.py
[2025-12-17T13:42:09.416+0000] {logging_mixin.py:188} INFO - [2025-12-17T13:42:09.415+0000] {dag.py:3089} INFO - Sync 1 DAGs
[2025-12-17T13:42:09.422+0000] {logging_mixin.py:188} INFO - [2025-12-17T13:42:09.422+0000] {dag.py:3947} INFO - Setting next_dagrun for example_params_ui_tutorial to None, run_after=None
[2025-12-17T13:42:09.430+0000] {processor.py:183} INFO - Processing /home/airflow/.local/lib/python3.12/site-packages/airflow/example_dags/example_params_ui_tutorial.py took 0.049 seconds
[2025-12-17T14:56:27.594+0000] {processor.py:161} INFO - Started process (PID=42587) to work on /home/airflow/.local/lib/python3.12/site-packages/airflow/example_dags/example_params_ui_tutorial.py
[2025-12-17T14:56:27.596+0000] {processor.py:830} INFO - Processing file /home/airflow/.local/lib/python3.12/site-packages/airflow/example_dags/example_params_ui_tutorial.py for tasks to queue
[2025-12-17T14:56:27.597+0000] {logging_mixin.py:188} INFO - [2025-12-17T14:56:27.597+0000] {dagbag.py:545} INFO - Filling up the DagBag from /home/airflow/.local/lib/python3.12/site-packages/airflow/example_dags/example_params_ui_tutorial.py
[2025-12-17T14:56:27.600+0000] {processor.py:840} INFO - DAG(s) 'example_params_ui_tutorial' retrieved from /home/airflow/.local/lib/python3.12/site-packages/airflow/example_dags/example_params_ui_tutorial.py
[2025-12-17T14:56:27.621+0000] {logging_mixin.py:188} INFO - [2025-12-17T14:56:27.621+0000] {dag.py:3089} INFO - Sync 1 DAGs
[2025-12-17T14:56:27.628+0000] {logging_mixin.py:188} INFO - [2025-12-17T14:56:27.627+0000] {dag.py:3947} INFO - Setting next_dagrun for example_params_ui_tutorial to None, run_after=None
[2025-12-17T14:56:27.636+0000] {processor.py:183} INFO - Processing /home/airflow/.local/lib/python3.12/site-packages/airflow/example_dags/example_params_ui_tutorial.py took 0.044 seconds
[2025-12-17T16:05:45.936+0000] {processor.py:161} INFO - Started process (PID=42646) to work on /home/airflow/.local/lib/python3.12/site-packages/airflow/example_dags/example_params_ui_tutorial.py
[2025-12-17T16:05:45.936+0000] {processor.py:830} INFO - Processing file /home/airflow/.local/lib/python3.12/site-packages/airflow/example_dags/example_params_ui_tutorial.py for tasks to queue
[2025-12-17T16:05:45.937+0000] {logging_mixin.py:188} INFO - [2025-12-17T16:05:45.937+0000] {dagbag.py:545} INFO - Filling up the DagBag from /home/airflow/.local/lib/python3.12/site-packages/airflow/example_dags/example_params_ui_tutorial.py
[2025-12-17T16:05:45.941+0000] {processor.py:840} INFO - DAG(s) 'example_params_ui_tutorial' retrieved from /home/airflow/.local/lib/python3.12/site-packages/airflow/example_dags/example_params_ui_tutorial.py
[2025-12-17T16:05:45.970+0000] {logging_mixin.py:188} INFO - [2025-12-17T16:05:45.970+0000] {dag.py:3089} INFO - Sync 1 DAGs
[2025-12-17T16:05:45.979+0000] {logging_mixin.py:188} INFO - [2025-12-17T16:05:45.979+0000] {dag.py:3947} INFO - Setting next_dagrun for example_params_ui_tutorial to None, run_after=None
[2025-12-17T16:05:46.001+0000] {processor.py:183} INFO - Processing /home/airflow/.local/lib/python3.12/site-packages/airflow/example_dags/example_params_ui_tutorial.py took 0.070 seconds
[2025-12-17T17:20:37.573+0000] {processor.py:161} INFO - Started process (PID=42705) to work on /home/airflow/.local/lib/python3.12/site-packages/airflow/example_dags/example_params_ui_tutorial.py
[2025-12-17T17:20:37.573+0000] {processor.py:830} INFO - Processing file /home/airflow/.local/lib/python3.12/site-packages/airflow/example_dags/example_params_ui_tutorial.py for tasks to queue
[2025-12-17T17:20:37.574+0000] {logging_mixin.py:188} INFO - [2025-12-17T17:20:37.574+0000] {dagbag.py:545} INFO - Filling up the DagBag from /home/airflow/.local/lib/python3.12/site-packages/airflow/example_dags/example_params_ui_tutorial.py
[2025-12-17T17:20:37.577+0000] {processor.py:840} INFO - DAG(s) 'example_params_ui_tutorial' retrieved from /home/airflow/.local/lib/python3.12/site-packages/airflow/example_dags/example_params_ui_tutorial.py
[2025-12-17T17:20:37.599+0000] {logging_mixin.py:188} INFO - [2025-12-17T17:20:37.599+0000] {dag.py:3089} INFO - Sync 1 DAGs
[2025-12-17T17:20:37.604+0000] {logging_mixin.py:188} INFO - [2025-12-17T17:20:37.604+0000] {dag.py:3947} INFO - Setting next_dagrun for example_params_ui_tutorial to None, run_after=None
[2025-12-17T17:20:37.613+0000] {processor.py:183} INFO - Processing /home/airflow/.local/lib/python3.12/site-packages/airflow/example_dags/example_params_ui_tutorial.py took 0.043 seconds
[2025-12-17T18:07:06.835+0000] {processor.py:161} INFO - Started process (PID=42764) to work on /home/airflow/.local/lib/python3.12/site-packages/airflow/example_dags/example_params_ui_tutorial.py
[2025-12-17T18:07:06.836+0000] {processor.py:830} INFO - Processing file /home/airflow/.local/lib/python3.12/site-packages/airflow/example_dags/example_params_ui_tutorial.py for tasks to queue
[2025-12-17T18:07:06.837+0000] {logging_mixin.py:188} INFO - [2025-12-17T18:07:06.837+0000] {dagbag.py:545} INFO - Filling up the DagBag from /home/airflow/.local/lib/python3.12/site-packages/airflow/example_dags/example_params_ui_tutorial.py
[2025-12-17T18:07:06.841+0000] {processor.py:840} INFO - DAG(s) 'example_params_ui_tutorial' retrieved from /home/airflow/.local/lib/python3.12/site-packages/airflow/example_dags/example_params_ui_tutorial.py
[2025-12-17T18:07:06.865+0000] {logging_mixin.py:188} INFO - [2025-12-17T18:07:06.865+0000] {dag.py:3089} INFO - Sync 1 DAGs
[2025-12-17T18:07:06.871+0000] {logging_mixin.py:188} INFO - [2025-12-17T18:07:06.871+0000] {dag.py:3947} INFO - Setting next_dagrun for example_params_ui_tutorial to None, run_after=None
[2025-12-17T18:07:06.881+0000] {processor.py:183} INFO - Processing /home/airflow/.local/lib/python3.12/site-packages/airflow/example_dags/example_params_ui_tutorial.py took 0.049 seconds
[2025-12-17T18:26:57.509+0000] {processor.py:161} INFO - Started process (PID=42823) to work on /home/airflow/.local/lib/python3.12/site-packages/airflow/example_dags/example_params_ui_tutorial.py
[2025-12-17T18:26:57.510+0000] {processor.py:830} INFO - Processing file /home/airflow/.local/lib/python3.12/site-packages/airflow/example_dags/example_params_ui_tutorial.py for tasks to queue
[2025-12-17T18:26:57.510+0000] {logging_mixin.py:188} INFO - [2025-12-17T18:26:57.510+0000] {dagbag.py:545} INFO - Filling up the DagBag from /home/airflow/.local/lib/python3.12/site-packages/airflow/example_dags/example_params_ui_tutorial.py
[2025-12-17T18:26:57.514+0000] {processor.py:840} INFO - DAG(s) 'example_params_ui_tutorial' retrieved from /home/airflow/.local/lib/python3.12/site-packages/airflow/example_dags/example_params_ui_tutorial.py
[2025-12-17T18:26:57.543+0000] {logging_mixin.py:188} INFO - [2025-12-17T18:26:57.543+0000] {dag.py:3089} INFO - Sync 1 DAGs
[2025-12-17T18:26:57.551+0000] {logging_mixin.py:188} INFO - [2025-12-17T18:26:57.550+0000] {dag.py:3947} INFO - Setting next_dagrun for example_params_ui_tutorial to None, run_after=None
[2025-12-17T18:26:57.561+0000] {processor.py:183} INFO - Processing /home/airflow/.local/lib/python3.12/site-packages/airflow/example_dags/example_params_ui_tutorial.py took 0.054 seconds
[2025-12-17T19:41:42.011+0000] {processor.py:161} INFO - Started process (PID=42882) to work on /home/airflow/.local/lib/python3.12/site-packages/airflow/example_dags/example_params_ui_tutorial.py
[2025-12-17T19:41:42.015+0000] {processor.py:830} INFO - Processing file /home/airflow/.local/lib/python3.12/site-packages/airflow/example_dags/example_params_ui_tutorial.py for tasks to queue
[2025-12-17T19:41:42.015+0000] {logging_mixin.py:188} INFO - [2025-12-17T19:41:42.015+0000] {dagbag.py:545} INFO - Filling up the DagBag from /home/airflow/.local/lib/python3.12/site-packages/airflow/example_dags/example_params_ui_tutorial.py
[2025-12-17T19:41:42.021+0000] {processor.py:840} INFO - DAG(s) 'example_params_ui_tutorial' retrieved from /home/airflow/.local/lib/python3.12/site-packages/airflow/example_dags/example_params_ui_tutorial.py
[2025-12-17T19:41:42.045+0000] {logging_mixin.py:188} INFO - [2025-12-17T19:41:42.045+0000] {dag.py:3089} INFO - Sync 1 DAGs
[2025-12-17T19:41:42.050+0000] {logging_mixin.py:188} INFO - [2025-12-17T19:41:42.050+0000] {dag.py:3947} INFO - Setting next_dagrun for example_params_ui_tutorial to None, run_after=None
[2025-12-17T19:41:42.057+0000] {processor.py:183} INFO - Processing /home/airflow/.local/lib/python3.12/site-packages/airflow/example_dags/example_params_ui_tutorial.py took 0.055 seconds
[2025-12-17T21:17:14.015+0000] {processor.py:161} INFO - Started process (PID=42941) to work on /home/airflow/.local/lib/python3.12/site-packages/airflow/example_dags/example_params_ui_tutorial.py
[2025-12-17T21:17:14.021+0000] {processor.py:830} INFO - Processing file /home/airflow/.local/lib/python3.12/site-packages/airflow/example_dags/example_params_ui_tutorial.py for tasks to queue
[2025-12-17T21:17:14.022+0000] {logging_mixin.py:188} INFO - [2025-12-17T21:17:14.022+0000] {dagbag.py:545} INFO - Filling up the DagBag from /home/airflow/.local/lib/python3.12/site-packages/airflow/example_dags/example_params_ui_tutorial.py
[2025-12-17T21:17:14.025+0000] {processor.py:840} INFO - DAG(s) 'example_params_ui_tutorial' retrieved from /home/airflow/.local/lib/python3.12/site-packages/airflow/example_dags/example_params_ui_tutorial.py
[2025-12-17T21:17:14.056+0000] {logging_mixin.py:188} INFO - [2025-12-17T21:17:14.056+0000] {dag.py:3089} INFO - Sync 1 DAGs
[2025-12-17T21:17:14.062+0000] {logging_mixin.py:188} INFO - [2025-12-17T21:17:14.062+0000] {dag.py:3947} INFO - Setting next_dagrun for example_params_ui_tutorial to None, run_after=None
[2025-12-17T21:17:14.075+0000] {processor.py:183} INFO - Processing /home/airflow/.local/lib/python3.12/site-packages/airflow/example_dags/example_params_ui_tutorial.py took 0.067 seconds
[2025-12-17T22:30:36.975+0000] {processor.py:161} INFO - Started process (PID=43000) to work on /home/airflow/.local/lib/python3.12/site-packages/airflow/example_dags/example_params_ui_tutorial.py
[2025-12-17T22:30:36.976+0000] {processor.py:830} INFO - Processing file /home/airflow/.local/lib/python3.12/site-packages/airflow/example_dags/example_params_ui_tutorial.py for tasks to queue
[2025-12-17T22:30:36.976+0000] {logging_mixin.py:188} INFO - [2025-12-17T22:30:36.976+0000] {dagbag.py:545} INFO - Filling up the DagBag from /home/airflow/.local/lib/python3.12/site-packages/airflow/example_dags/example_params_ui_tutorial.py
[2025-12-17T22:30:36.979+0000] {processor.py:840} INFO - DAG(s) 'example_params_ui_tutorial' retrieved from /home/airflow/.local/lib/python3.12/site-packages/airflow/example_dags/example_params_ui_tutorial.py
[2025-12-17T22:30:37.001+0000] {logging_mixin.py:188} INFO - [2025-12-17T22:30:37.001+0000] {dag.py:3089} INFO - Sync 1 DAGs
[2025-12-17T22:30:37.006+0000] {logging_mixin.py:188} INFO - [2025-12-17T22:30:37.006+0000] {dag.py:3947} INFO - Setting next_dagrun for example_params_ui_tutorial to None, run_after=None
[2025-12-17T22:30:37.018+0000] {processor.py:183} INFO - Processing /home/airflow/.local/lib/python3.12/site-packages/airflow/example_dags/example_params_ui_tutorial.py took 0.046 seconds
