[2025-12-17T00:49:45.378+0000] {processor.py:161} INFO - Started process (PID=41739) to work on /home/airflow/.local/lib/python3.12/site-packages/airflow/example_dags/example_branch_day_of_week_operator.py
[2025-12-17T00:49:45.380+0000] {processor.py:830} INFO - Processing file /home/airflow/.local/lib/python3.12/site-packages/airflow/example_dags/example_branch_day_of_week_operator.py for tasks to queue
[2025-12-17T00:49:45.380+0000] {logging_mixin.py:188} INFO - [2025-12-17T00:49:45.380+0000] {dagbag.py:545} INFO - Filling up the DagBag from /home/airflow/.local/lib/python3.12/site-packages/airflow/example_dags/example_branch_day_of_week_operator.py
[2025-12-17T00:49:45.383+0000] {processor.py:840} INFO - DAG(s) 'example_weekday_branch_operator' retrieved from /home/airflow/.local/lib/python3.12/site-packages/airflow/example_dags/example_branch_day_of_week_operator.py
[2025-12-17T00:49:45.395+0000] {logging_mixin.py:188} INFO - [2025-12-17T00:49:45.395+0000] {dag.py:3089} INFO - Sync 1 DAGs
[2025-12-17T00:49:45.405+0000] {logging_mixin.py:188} INFO - [2025-12-17T00:49:45.405+0000] {dag.py:3947} INFO - Setting next_dagrun for example_weekday_branch_operator to 2025-12-16 00:00:00+00:00, run_after=2025-12-17 00:00:00+00:00
[2025-12-17T00:49:45.416+0000] {processor.py:183} INFO - Processing /home/airflow/.local/lib/python3.12/site-packages/airflow/example_dags/example_branch_day_of_week_operator.py took 0.041 seconds
[2025-12-17T01:13:20.984+0000] {processor.py:161} INFO - Started process (PID=41798) to work on /home/airflow/.local/lib/python3.12/site-packages/airflow/example_dags/example_branch_day_of_week_operator.py
[2025-12-17T01:13:20.985+0000] {processor.py:830} INFO - Processing file /home/airflow/.local/lib/python3.12/site-packages/airflow/example_dags/example_branch_day_of_week_operator.py for tasks to queue
[2025-12-17T01:13:20.986+0000] {logging_mixin.py:188} INFO - [2025-12-17T01:13:20.985+0000] {dagbag.py:545} INFO - Filling up the DagBag from /home/airflow/.local/lib/python3.12/site-packages/airflow/example_dags/example_branch_day_of_week_operator.py
[2025-12-17T01:13:20.990+0000] {processor.py:840} INFO - DAG(s) 'example_weekday_branch_operator' retrieved from /home/airflow/.local/lib/python3.12/site-packages/airflow/example_dags/example_branch_day_of_week_operator.py
[2025-12-17T01:13:21.003+0000] {logging_mixin.py:188} INFO - [2025-12-17T01:13:21.003+0000] {dag.py:3089} INFO - Sync 1 DAGs
[2025-12-17T01:13:21.014+0000] {logging_mixin.py:188} INFO - [2025-12-17T01:13:21.014+0000] {dag.py:3947} INFO - Setting next_dagrun for example_weekday_branch_operator to 2025-12-16 00:00:00+00:00, run_after=2025-12-17 00:00:00+00:00
[2025-12-17T01:13:21.030+0000] {processor.py:183} INFO - Processing /home/airflow/.local/lib/python3.12/site-packages/airflow/example_dags/example_branch_day_of_week_operator.py took 0.050 seconds
[2025-12-17T02:08:59.604+0000] {processor.py:161} INFO - Started process (PID=41857) to work on /home/airflow/.local/lib/python3.12/site-packages/airflow/example_dags/example_branch_day_of_week_operator.py
[2025-12-17T02:08:59.604+0000] {processor.py:830} INFO - Processing file /home/airflow/.local/lib/python3.12/site-packages/airflow/example_dags/example_branch_day_of_week_operator.py for tasks to queue
[2025-12-17T02:08:59.605+0000] {logging_mixin.py:188} INFO - [2025-12-17T02:08:59.605+0000] {dagbag.py:545} INFO - Filling up the DagBag from /home/airflow/.local/lib/python3.12/site-packages/airflow/example_dags/example_branch_day_of_week_operator.py
[2025-12-17T02:08:59.611+0000] {processor.py:840} INFO - DAG(s) 'example_weekday_branch_operator' retrieved from /home/airflow/.local/lib/python3.12/site-packages/airflow/example_dags/example_branch_day_of_week_operator.py
[2025-12-17T02:08:59.628+0000] {logging_mixin.py:188} INFO - [2025-12-17T02:08:59.628+0000] {dag.py:3089} INFO - Sync 1 DAGs
[2025-12-17T02:08:59.637+0000] {logging_mixin.py:188} INFO - [2025-12-17T02:08:59.637+0000] {dag.py:3947} INFO - Setting next_dagrun for example_weekday_branch_operator to 2025-12-16 00:00:00+00:00, run_after=2025-12-17 00:00:00+00:00
[2025-12-17T02:08:59.644+0000] {processor.py:183} INFO - Processing /home/airflow/.local/lib/python3.12/site-packages/airflow/example_dags/example_branch_day_of_week_operator.py took 0.042 seconds
[2025-12-17T02:38:03.719+0000] {processor.py:161} INFO - Started process (PID=41916) to work on /home/airflow/.local/lib/python3.12/site-packages/airflow/example_dags/example_branch_day_of_week_operator.py
[2025-12-17T02:38:03.722+0000] {processor.py:830} INFO - Processing file /home/airflow/.local/lib/python3.12/site-packages/airflow/example_dags/example_branch_day_of_week_operator.py for tasks to queue
[2025-12-17T02:38:03.722+0000] {logging_mixin.py:188} INFO - [2025-12-17T02:38:03.722+0000] {dagbag.py:545} INFO - Filling up the DagBag from /home/airflow/.local/lib/python3.12/site-packages/airflow/example_dags/example_branch_day_of_week_operator.py
[2025-12-17T02:38:03.728+0000] {processor.py:840} INFO - DAG(s) 'example_weekday_branch_operator' retrieved from /home/airflow/.local/lib/python3.12/site-packages/airflow/example_dags/example_branch_day_of_week_operator.py
[2025-12-17T02:38:03.738+0000] {logging_mixin.py:188} INFO - [2025-12-17T02:38:03.738+0000] {dag.py:3089} INFO - Sync 1 DAGs
[2025-12-17T02:38:03.747+0000] {logging_mixin.py:188} INFO - [2025-12-17T02:38:03.747+0000] {dag.py:3947} INFO - Setting next_dagrun for example_weekday_branch_operator to 2025-12-16 00:00:00+00:00, run_after=2025-12-17 00:00:00+00:00
[2025-12-17T02:38:03.753+0000] {processor.py:183} INFO - Processing /home/airflow/.local/lib/python3.12/site-packages/airflow/example_dags/example_branch_day_of_week_operator.py took 0.037 seconds
[2025-12-17T03:29:17.592+0000] {processor.py:161} INFO - Started process (PID=41975) to work on /home/airflow/.local/lib/python3.12/site-packages/airflow/example_dags/example_branch_day_of_week_operator.py
[2025-12-17T03:29:17.596+0000] {processor.py:830} INFO - Processing file /home/airflow/.local/lib/python3.12/site-packages/airflow/example_dags/example_branch_day_of_week_operator.py for tasks to queue
[2025-12-17T03:29:17.596+0000] {logging_mixin.py:188} INFO - [2025-12-17T03:29:17.596+0000] {dagbag.py:545} INFO - Filling up the DagBag from /home/airflow/.local/lib/python3.12/site-packages/airflow/example_dags/example_branch_day_of_week_operator.py
[2025-12-17T03:29:17.600+0000] {processor.py:840} INFO - DAG(s) 'example_weekday_branch_operator' retrieved from /home/airflow/.local/lib/python3.12/site-packages/airflow/example_dags/example_branch_day_of_week_operator.py
[2025-12-17T03:29:17.701+0000] {logging_mixin.py:188} INFO - [2025-12-17T03:29:17.701+0000] {dag.py:3089} INFO - Sync 1 DAGs
[2025-12-17T03:29:17.709+0000] {logging_mixin.py:188} INFO - [2025-12-17T03:29:17.709+0000] {dag.py:3947} INFO - Setting next_dagrun for example_weekday_branch_operator to 2025-12-16 00:00:00+00:00, run_after=2025-12-17 00:00:00+00:00
[2025-12-17T03:29:17.720+0000] {processor.py:183} INFO - Processing /home/airflow/.local/lib/python3.12/site-packages/airflow/example_dags/example_branch_day_of_week_operator.py took 0.131 seconds
[2025-12-17T03:53:43.985+0000] {processor.py:161} INFO - Started process (PID=42034) to work on /home/airflow/.local/lib/python3.12/site-packages/airflow/example_dags/example_branch_day_of_week_operator.py
[2025-12-17T03:53:43.986+0000] {processor.py:830} INFO - Processing file /home/airflow/.local/lib/python3.12/site-packages/airflow/example_dags/example_branch_day_of_week_operator.py for tasks to queue
[2025-12-17T03:53:43.986+0000] {logging_mixin.py:188} INFO - [2025-12-17T03:53:43.986+0000] {dagbag.py:545} INFO - Filling up the DagBag from /home/airflow/.local/lib/python3.12/site-packages/airflow/example_dags/example_branch_day_of_week_operator.py
[2025-12-17T03:53:43.990+0000] {processor.py:840} INFO - DAG(s) 'example_weekday_branch_operator' retrieved from /home/airflow/.local/lib/python3.12/site-packages/airflow/example_dags/example_branch_day_of_week_operator.py
[2025-12-17T03:53:44.002+0000] {logging_mixin.py:188} INFO - [2025-12-17T03:53:44.002+0000] {dag.py:3089} INFO - Sync 1 DAGs
[2025-12-17T03:53:44.014+0000] {logging_mixin.py:188} INFO - [2025-12-17T03:53:44.014+0000] {dag.py:3947} INFO - Setting next_dagrun for example_weekday_branch_operator to 2025-12-16 00:00:00+00:00, run_after=2025-12-17 00:00:00+00:00
[2025-12-17T03:53:44.025+0000] {processor.py:183} INFO - Processing /home/airflow/.local/lib/python3.12/site-packages/airflow/example_dags/example_branch_day_of_week_operator.py took 0.043 seconds
[2025-12-17T04:54:46.869+0000] {processor.py:161} INFO - Started process (PID=42093) to work on /home/airflow/.local/lib/python3.12/site-packages/airflow/example_dags/example_branch_day_of_week_operator.py
[2025-12-17T04:54:46.869+0000] {processor.py:830} INFO - Processing file /home/airflow/.local/lib/python3.12/site-packages/airflow/example_dags/example_branch_day_of_week_operator.py for tasks to queue
[2025-12-17T04:54:46.869+0000] {logging_mixin.py:188} INFO - [2025-12-17T04:54:46.869+0000] {dagbag.py:545} INFO - Filling up the DagBag from /home/airflow/.local/lib/python3.12/site-packages/airflow/example_dags/example_branch_day_of_week_operator.py
[2025-12-17T04:54:46.873+0000] {processor.py:840} INFO - DAG(s) 'example_weekday_branch_operator' retrieved from /home/airflow/.local/lib/python3.12/site-packages/airflow/example_dags/example_branch_day_of_week_operator.py
[2025-12-17T04:54:46.887+0000] {logging_mixin.py:188} INFO - [2025-12-17T04:54:46.887+0000] {dag.py:3089} INFO - Sync 1 DAGs
[2025-12-17T04:54:46.897+0000] {logging_mixin.py:188} INFO - [2025-12-17T04:54:46.897+0000] {dag.py:3947} INFO - Setting next_dagrun for example_weekday_branch_operator to 2025-12-16 00:00:00+00:00, run_after=2025-12-17 00:00:00+00:00
[2025-12-17T04:54:46.904+0000] {processor.py:183} INFO - Processing /home/airflow/.local/lib/python3.12/site-packages/airflow/example_dags/example_branch_day_of_week_operator.py took 0.039 seconds
[2025-12-17T06:11:26.117+0000] {processor.py:161} INFO - Started process (PID=42152) to work on /home/airflow/.local/lib/python3.12/site-packages/airflow/example_dags/example_branch_day_of_week_operator.py
[2025-12-17T06:11:26.118+0000] {processor.py:830} INFO - Processing file /home/airflow/.local/lib/python3.12/site-packages/airflow/example_dags/example_branch_day_of_week_operator.py for tasks to queue
[2025-12-17T06:11:26.118+0000] {logging_mixin.py:188} INFO - [2025-12-17T06:11:26.118+0000] {dagbag.py:545} INFO - Filling up the DagBag from /home/airflow/.local/lib/python3.12/site-packages/airflow/example_dags/example_branch_day_of_week_operator.py
[2025-12-17T06:11:26.122+0000] {processor.py:840} INFO - DAG(s) 'example_weekday_branch_operator' retrieved from /home/airflow/.local/lib/python3.12/site-packages/airflow/example_dags/example_branch_day_of_week_operator.py
[2025-12-17T06:11:26.133+0000] {logging_mixin.py:188} INFO - [2025-12-17T06:11:26.133+0000] {dag.py:3089} INFO - Sync 1 DAGs
[2025-12-17T06:11:26.143+0000] {logging_mixin.py:188} INFO - [2025-12-17T06:11:26.143+0000] {dag.py:3947} INFO - Setting next_dagrun for example_weekday_branch_operator to 2025-12-16 00:00:00+00:00, run_after=2025-12-17 00:00:00+00:00
[2025-12-17T06:11:26.149+0000] {processor.py:183} INFO - Processing /home/airflow/.local/lib/python3.12/site-packages/airflow/example_dags/example_branch_day_of_week_operator.py took 0.035 seconds
[2025-12-17T07:48:06.174+0000] {processor.py:161} INFO - Started process (PID=42211) to work on /home/airflow/.local/lib/python3.12/site-packages/airflow/example_dags/example_branch_day_of_week_operator.py
[2025-12-17T07:48:06.176+0000] {processor.py:830} INFO - Processing file /home/airflow/.local/lib/python3.12/site-packages/airflow/example_dags/example_branch_day_of_week_operator.py for tasks to queue
[2025-12-17T07:48:06.177+0000] {logging_mixin.py:188} INFO - [2025-12-17T07:48:06.177+0000] {dagbag.py:545} INFO - Filling up the DagBag from /home/airflow/.local/lib/python3.12/site-packages/airflow/example_dags/example_branch_day_of_week_operator.py
[2025-12-17T07:48:06.180+0000] {processor.py:840} INFO - DAG(s) 'example_weekday_branch_operator' retrieved from /home/airflow/.local/lib/python3.12/site-packages/airflow/example_dags/example_branch_day_of_week_operator.py
[2025-12-17T07:48:06.196+0000] {logging_mixin.py:188} INFO - [2025-12-17T07:48:06.195+0000] {dag.py:3089} INFO - Sync 1 DAGs
[2025-12-17T07:48:06.204+0000] {logging_mixin.py:188} INFO - [2025-12-17T07:48:06.204+0000] {dag.py:3947} INFO - Setting next_dagrun for example_weekday_branch_operator to 2025-12-16 00:00:00+00:00, run_after=2025-12-17 00:00:00+00:00
[2025-12-17T07:48:06.213+0000] {processor.py:183} INFO - Processing /home/airflow/.local/lib/python3.12/site-packages/airflow/example_dags/example_branch_day_of_week_operator.py took 0.041 seconds
[2025-12-17T08:58:46.280+0000] {processor.py:161} INFO - Started process (PID=42270) to work on /home/airflow/.local/lib/python3.12/site-packages/airflow/example_dags/example_branch_day_of_week_operator.py
[2025-12-17T08:58:46.280+0000] {processor.py:830} INFO - Processing file /home/airflow/.local/lib/python3.12/site-packages/airflow/example_dags/example_branch_day_of_week_operator.py for tasks to queue
[2025-12-17T08:58:46.281+0000] {logging_mixin.py:188} INFO - [2025-12-17T08:58:46.281+0000] {dagbag.py:545} INFO - Filling up the DagBag from /home/airflow/.local/lib/python3.12/site-packages/airflow/example_dags/example_branch_day_of_week_operator.py
[2025-12-17T08:58:46.285+0000] {processor.py:840} INFO - DAG(s) 'example_weekday_branch_operator' retrieved from /home/airflow/.local/lib/python3.12/site-packages/airflow/example_dags/example_branch_day_of_week_operator.py
[2025-12-17T08:58:46.298+0000] {logging_mixin.py:188} INFO - [2025-12-17T08:58:46.298+0000] {dag.py:3089} INFO - Sync 1 DAGs
[2025-12-17T08:58:46.309+0000] {logging_mixin.py:188} INFO - [2025-12-17T08:58:46.309+0000] {dag.py:3947} INFO - Setting next_dagrun for example_weekday_branch_operator to 2025-12-16 00:00:00+00:00, run_after=2025-12-17 00:00:00+00:00
[2025-12-17T08:58:46.320+0000] {processor.py:183} INFO - Processing /home/airflow/.local/lib/python3.12/site-packages/airflow/example_dags/example_branch_day_of_week_operator.py took 0.044 seconds
[2025-12-17T09:21:00.975+0000] {processor.py:161} INFO - Started process (PID=42329) to work on /home/airflow/.local/lib/python3.12/site-packages/airflow/example_dags/example_branch_day_of_week_operator.py
[2025-12-17T09:21:00.977+0000] {processor.py:830} INFO - Processing file /home/airflow/.local/lib/python3.12/site-packages/airflow/example_dags/example_branch_day_of_week_operator.py for tasks to queue
[2025-12-17T09:21:00.978+0000] {logging_mixin.py:188} INFO - [2025-12-17T09:21:00.978+0000] {dagbag.py:545} INFO - Filling up the DagBag from /home/airflow/.local/lib/python3.12/site-packages/airflow/example_dags/example_branch_day_of_week_operator.py
[2025-12-17T09:21:00.983+0000] {processor.py:840} INFO - DAG(s) 'example_weekday_branch_operator' retrieved from /home/airflow/.local/lib/python3.12/site-packages/airflow/example_dags/example_branch_day_of_week_operator.py
[2025-12-17T09:21:00.994+0000] {logging_mixin.py:188} INFO - [2025-12-17T09:21:00.994+0000] {dag.py:3089} INFO - Sync 1 DAGs
[2025-12-17T09:21:01.003+0000] {logging_mixin.py:188} INFO - [2025-12-17T09:21:01.003+0000] {dag.py:3947} INFO - Setting next_dagrun for example_weekday_branch_operator to 2025-12-16 00:00:00+00:00, run_after=2025-12-17 00:00:00+00:00
[2025-12-17T09:21:01.013+0000] {processor.py:183} INFO - Processing /home/airflow/.local/lib/python3.12/site-packages/airflow/example_dags/example_branch_day_of_week_operator.py took 0.041 seconds
[2025-12-17T10:31:21.233+0000] {processor.py:161} INFO - Started process (PID=42388) to work on /home/airflow/.local/lib/python3.12/site-packages/airflow/example_dags/example_branch_day_of_week_operator.py
[2025-12-17T10:31:21.234+0000] {processor.py:830} INFO - Processing file /home/airflow/.local/lib/python3.12/site-packages/airflow/example_dags/example_branch_day_of_week_operator.py for tasks to queue
[2025-12-17T10:31:21.235+0000] {logging_mixin.py:188} INFO - [2025-12-17T10:31:21.235+0000] {dagbag.py:545} INFO - Filling up the DagBag from /home/airflow/.local/lib/python3.12/site-packages/airflow/example_dags/example_branch_day_of_week_operator.py
[2025-12-17T10:31:21.238+0000] {processor.py:840} INFO - DAG(s) 'example_weekday_branch_operator' retrieved from /home/airflow/.local/lib/python3.12/site-packages/airflow/example_dags/example_branch_day_of_week_operator.py
[2025-12-17T10:31:21.251+0000] {logging_mixin.py:188} INFO - [2025-12-17T10:31:21.251+0000] {dag.py:3089} INFO - Sync 1 DAGs
[2025-12-17T10:31:21.262+0000] {logging_mixin.py:188} INFO - [2025-12-17T10:31:21.262+0000] {dag.py:3947} INFO - Setting next_dagrun for example_weekday_branch_operator to 2025-12-16 00:00:00+00:00, run_after=2025-12-17 00:00:00+00:00
[2025-12-17T10:31:21.270+0000] {processor.py:183} INFO - Processing /home/airflow/.local/lib/python3.12/site-packages/airflow/example_dags/example_branch_day_of_week_operator.py took 0.040 seconds
[2025-12-17T11:32:05.837+0000] {processor.py:161} INFO - Started process (PID=42447) to work on /home/airflow/.local/lib/python3.12/site-packages/airflow/example_dags/example_branch_day_of_week_operator.py
[2025-12-17T11:32:05.839+0000] {processor.py:830} INFO - Processing file /home/airflow/.local/lib/python3.12/site-packages/airflow/example_dags/example_branch_day_of_week_operator.py for tasks to queue
[2025-12-17T11:32:05.839+0000] {logging_mixin.py:188} INFO - [2025-12-17T11:32:05.839+0000] {dagbag.py:545} INFO - Filling up the DagBag from /home/airflow/.local/lib/python3.12/site-packages/airflow/example_dags/example_branch_day_of_week_operator.py
[2025-12-17T11:32:05.843+0000] {processor.py:840} INFO - DAG(s) 'example_weekday_branch_operator' retrieved from /home/airflow/.local/lib/python3.12/site-packages/airflow/example_dags/example_branch_day_of_week_operator.py
[2025-12-17T11:32:05.856+0000] {logging_mixin.py:188} INFO - [2025-12-17T11:32:05.856+0000] {dag.py:3089} INFO - Sync 1 DAGs
[2025-12-17T11:32:05.866+0000] {logging_mixin.py:188} INFO - [2025-12-17T11:32:05.866+0000] {dag.py:3947} INFO - Setting next_dagrun for example_weekday_branch_operator to 2025-12-16 00:00:00+00:00, run_after=2025-12-17 00:00:00+00:00
[2025-12-17T11:32:05.873+0000] {processor.py:183} INFO - Processing /home/airflow/.local/lib/python3.12/site-packages/airflow/example_dags/example_branch_day_of_week_operator.py took 0.039 seconds
[2025-12-17T12:33:35.550+0000] {processor.py:161} INFO - Started process (PID=42506) to work on /home/airflow/.local/lib/python3.12/site-packages/airflow/example_dags/example_branch_day_of_week_operator.py
[2025-12-17T12:33:35.551+0000] {processor.py:830} INFO - Processing file /home/airflow/.local/lib/python3.12/site-packages/airflow/example_dags/example_branch_day_of_week_operator.py for tasks to queue
[2025-12-17T12:33:35.551+0000] {logging_mixin.py:188} INFO - [2025-12-17T12:33:35.551+0000] {dagbag.py:545} INFO - Filling up the DagBag from /home/airflow/.local/lib/python3.12/site-packages/airflow/example_dags/example_branch_day_of_week_operator.py
[2025-12-17T12:33:35.556+0000] {processor.py:840} INFO - DAG(s) 'example_weekday_branch_operator' retrieved from /home/airflow/.local/lib/python3.12/site-packages/airflow/example_dags/example_branch_day_of_week_operator.py
[2025-12-17T12:33:35.570+0000] {logging_mixin.py:188} INFO - [2025-12-17T12:33:35.570+0000] {dag.py:3089} INFO - Sync 1 DAGs
[2025-12-17T12:33:35.580+0000] {logging_mixin.py:188} INFO - [2025-12-17T12:33:35.579+0000] {dag.py:3947} INFO - Setting next_dagrun for example_weekday_branch_operator to 2025-12-16 00:00:00+00:00, run_after=2025-12-17 00:00:00+00:00
[2025-12-17T12:33:35.592+0000] {processor.py:183} INFO - Processing /home/airflow/.local/lib/python3.12/site-packages/airflow/example_dags/example_branch_day_of_week_operator.py took 0.045 seconds
[2025-12-17T13:42:10.455+0000] {processor.py:161} INFO - Started process (PID=42565) to work on /home/airflow/.local/lib/python3.12/site-packages/airflow/example_dags/example_branch_day_of_week_operator.py
[2025-12-17T13:42:10.455+0000] {processor.py:830} INFO - Processing file /home/airflow/.local/lib/python3.12/site-packages/airflow/example_dags/example_branch_day_of_week_operator.py for tasks to queue
[2025-12-17T13:42:10.456+0000] {logging_mixin.py:188} INFO - [2025-12-17T13:42:10.456+0000] {dagbag.py:545} INFO - Filling up the DagBag from /home/airflow/.local/lib/python3.12/site-packages/airflow/example_dags/example_branch_day_of_week_operator.py
[2025-12-17T13:42:10.460+0000] {processor.py:840} INFO - DAG(s) 'example_weekday_branch_operator' retrieved from /home/airflow/.local/lib/python3.12/site-packages/airflow/example_dags/example_branch_day_of_week_operator.py
[2025-12-17T13:42:10.469+0000] {logging_mixin.py:188} INFO - [2025-12-17T13:42:10.469+0000] {dag.py:3089} INFO - Sync 1 DAGs
[2025-12-17T13:42:10.480+0000] {logging_mixin.py:188} INFO - [2025-12-17T13:42:10.480+0000] {dag.py:3947} INFO - Setting next_dagrun for example_weekday_branch_operator to 2025-12-16 00:00:00+00:00, run_after=2025-12-17 00:00:00+00:00
[2025-12-17T13:42:10.487+0000] {processor.py:183} INFO - Processing /home/airflow/.local/lib/python3.12/site-packages/airflow/example_dags/example_branch_day_of_week_operator.py took 0.036 seconds
[2025-12-17T14:56:28.627+0000] {processor.py:161} INFO - Started process (PID=42624) to work on /home/airflow/.local/lib/python3.12/site-packages/airflow/example_dags/example_branch_day_of_week_operator.py
[2025-12-17T14:56:28.628+0000] {processor.py:830} INFO - Processing file /home/airflow/.local/lib/python3.12/site-packages/airflow/example_dags/example_branch_day_of_week_operator.py for tasks to queue
[2025-12-17T14:56:28.628+0000] {logging_mixin.py:188} INFO - [2025-12-17T14:56:28.628+0000] {dagbag.py:545} INFO - Filling up the DagBag from /home/airflow/.local/lib/python3.12/site-packages/airflow/example_dags/example_branch_day_of_week_operator.py
[2025-12-17T14:56:28.631+0000] {processor.py:840} INFO - DAG(s) 'example_weekday_branch_operator' retrieved from /home/airflow/.local/lib/python3.12/site-packages/airflow/example_dags/example_branch_day_of_week_operator.py
[2025-12-17T14:56:28.643+0000] {logging_mixin.py:188} INFO - [2025-12-17T14:56:28.643+0000] {dag.py:3089} INFO - Sync 1 DAGs
[2025-12-17T14:56:28.653+0000] {logging_mixin.py:188} INFO - [2025-12-17T14:56:28.652+0000] {dag.py:3947} INFO - Setting next_dagrun for example_weekday_branch_operator to 2025-12-16 00:00:00+00:00, run_after=2025-12-17 00:00:00+00:00
[2025-12-17T14:56:28.663+0000] {processor.py:183} INFO - Processing /home/airflow/.local/lib/python3.12/site-packages/airflow/example_dags/example_branch_day_of_week_operator.py took 0.039 seconds
[2025-12-17T16:05:47.261+0000] {processor.py:161} INFO - Started process (PID=42683) to work on /home/airflow/.local/lib/python3.12/site-packages/airflow/example_dags/example_branch_day_of_week_operator.py
[2025-12-17T16:05:47.262+0000] {processor.py:830} INFO - Processing file /home/airflow/.local/lib/python3.12/site-packages/airflow/example_dags/example_branch_day_of_week_operator.py for tasks to queue
[2025-12-17T16:05:47.263+0000] {logging_mixin.py:188} INFO - [2025-12-17T16:05:47.263+0000] {dagbag.py:545} INFO - Filling up the DagBag from /home/airflow/.local/lib/python3.12/site-packages/airflow/example_dags/example_branch_day_of_week_operator.py
[2025-12-17T16:05:47.268+0000] {processor.py:840} INFO - DAG(s) 'example_weekday_branch_operator' retrieved from /home/airflow/.local/lib/python3.12/site-packages/airflow/example_dags/example_branch_day_of_week_operator.py
[2025-12-17T16:05:47.281+0000] {logging_mixin.py:188} INFO - [2025-12-17T16:05:47.281+0000] {dag.py:3089} INFO - Sync 1 DAGs
[2025-12-17T16:05:47.296+0000] {logging_mixin.py:188} INFO - [2025-12-17T16:05:47.296+0000] {dag.py:3947} INFO - Setting next_dagrun for example_weekday_branch_operator to 2025-12-16 00:00:00+00:00, run_after=2025-12-17 00:00:00+00:00
[2025-12-17T16:05:47.304+0000] {processor.py:183} INFO - Processing /home/airflow/.local/lib/python3.12/site-packages/airflow/example_dags/example_branch_day_of_week_operator.py took 0.047 seconds
[2025-12-17T17:20:38.837+0000] {processor.py:161} INFO - Started process (PID=42742) to work on /home/airflow/.local/lib/python3.12/site-packages/airflow/example_dags/example_branch_day_of_week_operator.py
[2025-12-17T17:20:38.838+0000] {processor.py:830} INFO - Processing file /home/airflow/.local/lib/python3.12/site-packages/airflow/example_dags/example_branch_day_of_week_operator.py for tasks to queue
[2025-12-17T17:20:38.839+0000] {logging_mixin.py:188} INFO - [2025-12-17T17:20:38.839+0000] {dagbag.py:545} INFO - Filling up the DagBag from /home/airflow/.local/lib/python3.12/site-packages/airflow/example_dags/example_branch_day_of_week_operator.py
[2025-12-17T17:20:38.843+0000] {processor.py:840} INFO - DAG(s) 'example_weekday_branch_operator' retrieved from /home/airflow/.local/lib/python3.12/site-packages/airflow/example_dags/example_branch_day_of_week_operator.py
[2025-12-17T17:20:38.855+0000] {logging_mixin.py:188} INFO - [2025-12-17T17:20:38.855+0000] {dag.py:3089} INFO - Sync 1 DAGs
[2025-12-17T17:20:38.866+0000] {logging_mixin.py:188} INFO - [2025-12-17T17:20:38.866+0000] {dag.py:3947} INFO - Setting next_dagrun for example_weekday_branch_operator to 2025-12-16 00:00:00+00:00, run_after=2025-12-17 00:00:00+00:00
[2025-12-17T17:20:38.874+0000] {processor.py:183} INFO - Processing /home/airflow/.local/lib/python3.12/site-packages/airflow/example_dags/example_branch_day_of_week_operator.py took 0.041 seconds
[2025-12-17T18:07:07.889+0000] {processor.py:161} INFO - Started process (PID=42801) to work on /home/airflow/.local/lib/python3.12/site-packages/airflow/example_dags/example_branch_day_of_week_operator.py
[2025-12-17T18:07:07.891+0000] {processor.py:830} INFO - Processing file /home/airflow/.local/lib/python3.12/site-packages/airflow/example_dags/example_branch_day_of_week_operator.py for tasks to queue
[2025-12-17T18:07:07.892+0000] {logging_mixin.py:188} INFO - [2025-12-17T18:07:07.892+0000] {dagbag.py:545} INFO - Filling up the DagBag from /home/airflow/.local/lib/python3.12/site-packages/airflow/example_dags/example_branch_day_of_week_operator.py
[2025-12-17T18:07:07.895+0000] {processor.py:840} INFO - DAG(s) 'example_weekday_branch_operator' retrieved from /home/airflow/.local/lib/python3.12/site-packages/airflow/example_dags/example_branch_day_of_week_operator.py
[2025-12-17T18:07:07.904+0000] {logging_mixin.py:188} INFO - [2025-12-17T18:07:07.904+0000] {dag.py:3089} INFO - Sync 1 DAGs
[2025-12-17T18:07:07.913+0000] {logging_mixin.py:188} INFO - [2025-12-17T18:07:07.913+0000] {dag.py:3947} INFO - Setting next_dagrun for example_weekday_branch_operator to 2025-12-16 00:00:00+00:00, run_after=2025-12-17 00:00:00+00:00
[2025-12-17T18:07:07.921+0000] {processor.py:183} INFO - Processing /home/airflow/.local/lib/python3.12/site-packages/airflow/example_dags/example_branch_day_of_week_operator.py took 0.034 seconds
[2025-12-17T18:26:58.570+0000] {processor.py:161} INFO - Started process (PID=42860) to work on /home/airflow/.local/lib/python3.12/site-packages/airflow/example_dags/example_branch_day_of_week_operator.py
[2025-12-17T18:26:58.570+0000] {processor.py:830} INFO - Processing file /home/airflow/.local/lib/python3.12/site-packages/airflow/example_dags/example_branch_day_of_week_operator.py for tasks to queue
[2025-12-17T18:26:58.571+0000] {logging_mixin.py:188} INFO - [2025-12-17T18:26:58.571+0000] {dagbag.py:545} INFO - Filling up the DagBag from /home/airflow/.local/lib/python3.12/site-packages/airflow/example_dags/example_branch_day_of_week_operator.py
[2025-12-17T18:26:58.577+0000] {processor.py:840} INFO - DAG(s) 'example_weekday_branch_operator' retrieved from /home/airflow/.local/lib/python3.12/site-packages/airflow/example_dags/example_branch_day_of_week_operator.py
[2025-12-17T18:26:58.589+0000] {logging_mixin.py:188} INFO - [2025-12-17T18:26:58.589+0000] {dag.py:3089} INFO - Sync 1 DAGs
[2025-12-17T18:26:58.601+0000] {logging_mixin.py:188} INFO - [2025-12-17T18:26:58.601+0000] {dag.py:3947} INFO - Setting next_dagrun for example_weekday_branch_operator to 2025-12-16 00:00:00+00:00, run_after=2025-12-17 00:00:00+00:00
[2025-12-17T18:26:58.612+0000] {processor.py:183} INFO - Processing /home/airflow/.local/lib/python3.12/site-packages/airflow/example_dags/example_branch_day_of_week_operator.py took 0.045 seconds
[2025-12-17T19:41:43.242+0000] {processor.py:161} INFO - Started process (PID=42919) to work on /home/airflow/.local/lib/python3.12/site-packages/airflow/example_dags/example_branch_day_of_week_operator.py
[2025-12-17T19:41:43.242+0000] {processor.py:830} INFO - Processing file /home/airflow/.local/lib/python3.12/site-packages/airflow/example_dags/example_branch_day_of_week_operator.py for tasks to queue
[2025-12-17T19:41:43.243+0000] {logging_mixin.py:188} INFO - [2025-12-17T19:41:43.243+0000] {dagbag.py:545} INFO - Filling up the DagBag from /home/airflow/.local/lib/python3.12/site-packages/airflow/example_dags/example_branch_day_of_week_operator.py
[2025-12-17T19:41:43.247+0000] {processor.py:840} INFO - DAG(s) 'example_weekday_branch_operator' retrieved from /home/airflow/.local/lib/python3.12/site-packages/airflow/example_dags/example_branch_day_of_week_operator.py
[2025-12-17T19:41:43.260+0000] {logging_mixin.py:188} INFO - [2025-12-17T19:41:43.259+0000] {dag.py:3089} INFO - Sync 1 DAGs
[2025-12-17T19:41:43.270+0000] {logging_mixin.py:188} INFO - [2025-12-17T19:41:43.270+0000] {dag.py:3947} INFO - Setting next_dagrun for example_weekday_branch_operator to 2025-12-16 00:00:00+00:00, run_after=2025-12-17 00:00:00+00:00
[2025-12-17T19:41:43.286+0000] {processor.py:183} INFO - Processing /home/airflow/.local/lib/python3.12/site-packages/airflow/example_dags/example_branch_day_of_week_operator.py took 0.047 seconds
[2025-12-17T21:17:15.042+0000] {processor.py:161} INFO - Started process (PID=42978) to work on /home/airflow/.local/lib/python3.12/site-packages/airflow/example_dags/example_branch_day_of_week_operator.py
[2025-12-17T21:17:15.042+0000] {processor.py:830} INFO - Processing file /home/airflow/.local/lib/python3.12/site-packages/airflow/example_dags/example_branch_day_of_week_operator.py for tasks to queue
[2025-12-17T21:17:15.043+0000] {logging_mixin.py:188} INFO - [2025-12-17T21:17:15.043+0000] {dagbag.py:545} INFO - Filling up the DagBag from /home/airflow/.local/lib/python3.12/site-packages/airflow/example_dags/example_branch_day_of_week_operator.py
[2025-12-17T21:17:15.046+0000] {processor.py:840} INFO - DAG(s) 'example_weekday_branch_operator' retrieved from /home/airflow/.local/lib/python3.12/site-packages/airflow/example_dags/example_branch_day_of_week_operator.py
[2025-12-17T21:17:15.057+0000] {logging_mixin.py:188} INFO - [2025-12-17T21:17:15.057+0000] {dag.py:3089} INFO - Sync 1 DAGs
[2025-12-17T21:17:15.066+0000] {logging_mixin.py:188} INFO - [2025-12-17T21:17:15.066+0000] {dag.py:3947} INFO - Setting next_dagrun for example_weekday_branch_operator to 2025-12-16 00:00:00+00:00, run_after=2025-12-17 00:00:00+00:00
[2025-12-17T21:17:15.075+0000] {processor.py:183} INFO - Processing /home/airflow/.local/lib/python3.12/site-packages/airflow/example_dags/example_branch_day_of_week_operator.py took 0.035 seconds
[2025-12-17T22:30:38.337+0000] {processor.py:161} INFO - Started process (PID=43037) to work on /home/airflow/.local/lib/python3.12/site-packages/airflow/example_dags/example_branch_day_of_week_operator.py
[2025-12-17T22:30:38.338+0000] {processor.py:830} INFO - Processing file /home/airflow/.local/lib/python3.12/site-packages/airflow/example_dags/example_branch_day_of_week_operator.py for tasks to queue
[2025-12-17T22:30:38.339+0000] {logging_mixin.py:188} INFO - [2025-12-17T22:30:38.339+0000] {dagbag.py:545} INFO - Filling up the DagBag from /home/airflow/.local/lib/python3.12/site-packages/airflow/example_dags/example_branch_day_of_week_operator.py
[2025-12-17T22:30:38.343+0000] {processor.py:840} INFO - DAG(s) 'example_weekday_branch_operator' retrieved from /home/airflow/.local/lib/python3.12/site-packages/airflow/example_dags/example_branch_day_of_week_operator.py
[2025-12-17T22:30:38.355+0000] {logging_mixin.py:188} INFO - [2025-12-17T22:30:38.355+0000] {dag.py:3089} INFO - Sync 1 DAGs
[2025-12-17T22:30:38.365+0000] {logging_mixin.py:188} INFO - [2025-12-17T22:30:38.365+0000] {dag.py:3947} INFO - Setting next_dagrun for example_weekday_branch_operator to 2025-12-16 00:00:00+00:00, run_after=2025-12-17 00:00:00+00:00
[2025-12-17T22:30:38.375+0000] {processor.py:183} INFO - Processing /home/airflow/.local/lib/python3.12/site-packages/airflow/example_dags/example_branch_day_of_week_operator.py took 0.042 seconds
