[2025-12-17T00:49:44.806+0000] {processor.py:161} INFO - Started process (PID=41720) to work on /home/airflow/.local/lib/python3.12/site-packages/airflow/example_dags/example_sla_dag.py
[2025-12-17T00:49:44.806+0000] {processor.py:830} INFO - Processing file /home/airflow/.local/lib/python3.12/site-packages/airflow/example_dags/example_sla_dag.py for tasks to queue
[2025-12-17T00:49:44.807+0000] {logging_mixin.py:188} INFO - [2025-12-17T00:49:44.806+0000] {dagbag.py:545} INFO - Filling up the DagBag from /home/airflow/.local/lib/python3.12/site-packages/airflow/example_dags/example_sla_dag.py
[2025-12-17T00:49:44.812+0000] {processor.py:840} INFO - DAG(s) 'example_sla_dag' retrieved from /home/airflow/.local/lib/python3.12/site-packages/airflow/example_dags/example_sla_dag.py
[2025-12-17T00:49:44.825+0000] {logging_mixin.py:188} INFO - [2025-12-17T00:49:44.825+0000] {dag.py:3089} INFO - Sync 1 DAGs
[2025-12-17T00:49:44.836+0000] {logging_mixin.py:188} INFO - [2025-12-17T00:49:44.836+0000] {dag.py:3947} INFO - Setting next_dagrun for example_sla_dag to 2025-12-17 00:46:00+00:00, run_after=2025-12-17 00:48:00+00:00
[2025-12-17T00:49:44.848+0000] {processor.py:183} INFO - Processing /home/airflow/.local/lib/python3.12/site-packages/airflow/example_dags/example_sla_dag.py took 0.047 seconds
[2025-12-17T01:13:20.235+0000] {processor.py:161} INFO - Started process (PID=41779) to work on /home/airflow/.local/lib/python3.12/site-packages/airflow/example_dags/example_sla_dag.py
[2025-12-17T01:13:20.235+0000] {processor.py:830} INFO - Processing file /home/airflow/.local/lib/python3.12/site-packages/airflow/example_dags/example_sla_dag.py for tasks to queue
[2025-12-17T01:13:20.236+0000] {logging_mixin.py:188} INFO - [2025-12-17T01:13:20.236+0000] {dagbag.py:545} INFO - Filling up the DagBag from /home/airflow/.local/lib/python3.12/site-packages/airflow/example_dags/example_sla_dag.py
[2025-12-17T01:13:20.244+0000] {processor.py:840} INFO - DAG(s) 'example_sla_dag' retrieved from /home/airflow/.local/lib/python3.12/site-packages/airflow/example_dags/example_sla_dag.py
[2025-12-17T01:13:20.258+0000] {logging_mixin.py:188} INFO - [2025-12-17T01:13:20.257+0000] {dag.py:3089} INFO - Sync 1 DAGs
[2025-12-17T01:13:20.269+0000] {logging_mixin.py:188} INFO - [2025-12-17T01:13:20.268+0000] {dag.py:3947} INFO - Setting next_dagrun for example_sla_dag to 2025-12-17 01:10:00+00:00, run_after=2025-12-17 01:12:00+00:00
[2025-12-17T01:13:20.280+0000] {processor.py:183} INFO - Processing /home/airflow/.local/lib/python3.12/site-packages/airflow/example_dags/example_sla_dag.py took 0.049 seconds
[2025-12-17T02:08:58.988+0000] {processor.py:161} INFO - Started process (PID=41838) to work on /home/airflow/.local/lib/python3.12/site-packages/airflow/example_dags/example_sla_dag.py
[2025-12-17T02:08:58.989+0000] {processor.py:830} INFO - Processing file /home/airflow/.local/lib/python3.12/site-packages/airflow/example_dags/example_sla_dag.py for tasks to queue
[2025-12-17T02:08:58.989+0000] {logging_mixin.py:188} INFO - [2025-12-17T02:08:58.989+0000] {dagbag.py:545} INFO - Filling up the DagBag from /home/airflow/.local/lib/python3.12/site-packages/airflow/example_dags/example_sla_dag.py
[2025-12-17T02:08:58.993+0000] {processor.py:840} INFO - DAG(s) 'example_sla_dag' retrieved from /home/airflow/.local/lib/python3.12/site-packages/airflow/example_dags/example_sla_dag.py
[2025-12-17T02:08:59.004+0000] {logging_mixin.py:188} INFO - [2025-12-17T02:08:59.004+0000] {dag.py:3089} INFO - Sync 1 DAGs
[2025-12-17T02:08:59.014+0000] {logging_mixin.py:188} INFO - [2025-12-17T02:08:59.014+0000] {dag.py:3947} INFO - Setting next_dagrun for example_sla_dag to 2025-12-17 02:06:00+00:00, run_after=2025-12-17 02:08:00+00:00
[2025-12-17T02:08:59.023+0000] {processor.py:183} INFO - Processing /home/airflow/.local/lib/python3.12/site-packages/airflow/example_dags/example_sla_dag.py took 0.038 seconds
[2025-12-17T02:38:03.002+0000] {processor.py:161} INFO - Started process (PID=41897) to work on /home/airflow/.local/lib/python3.12/site-packages/airflow/example_dags/example_sla_dag.py
[2025-12-17T02:38:03.003+0000] {processor.py:830} INFO - Processing file /home/airflow/.local/lib/python3.12/site-packages/airflow/example_dags/example_sla_dag.py for tasks to queue
[2025-12-17T02:38:03.003+0000] {logging_mixin.py:188} INFO - [2025-12-17T02:38:03.003+0000] {dagbag.py:545} INFO - Filling up the DagBag from /home/airflow/.local/lib/python3.12/site-packages/airflow/example_dags/example_sla_dag.py
[2025-12-17T02:38:03.007+0000] {processor.py:840} INFO - DAG(s) 'example_sla_dag' retrieved from /home/airflow/.local/lib/python3.12/site-packages/airflow/example_dags/example_sla_dag.py
[2025-12-17T02:38:03.017+0000] {logging_mixin.py:188} INFO - [2025-12-17T02:38:03.017+0000] {dag.py:3089} INFO - Sync 1 DAGs
[2025-12-17T02:38:03.115+0000] {logging_mixin.py:188} INFO - [2025-12-17T02:38:03.115+0000] {dag.py:3947} INFO - Setting next_dagrun for example_sla_dag to 2025-12-17 02:36:00+00:00, run_after=2025-12-17 02:38:00+00:00
[2025-12-17T02:38:03.128+0000] {processor.py:183} INFO - Processing /home/airflow/.local/lib/python3.12/site-packages/airflow/example_dags/example_sla_dag.py took 0.129 seconds
[2025-12-17T03:29:16.176+0000] {processor.py:161} INFO - Started process (PID=41956) to work on /home/airflow/.local/lib/python3.12/site-packages/airflow/example_dags/example_sla_dag.py
[2025-12-17T03:29:16.177+0000] {processor.py:830} INFO - Processing file /home/airflow/.local/lib/python3.12/site-packages/airflow/example_dags/example_sla_dag.py for tasks to queue
[2025-12-17T03:29:16.177+0000] {logging_mixin.py:188} INFO - [2025-12-17T03:29:16.177+0000] {dagbag.py:545} INFO - Filling up the DagBag from /home/airflow/.local/lib/python3.12/site-packages/airflow/example_dags/example_sla_dag.py
[2025-12-17T03:29:16.183+0000] {processor.py:840} INFO - DAG(s) 'example_sla_dag' retrieved from /home/airflow/.local/lib/python3.12/site-packages/airflow/example_dags/example_sla_dag.py
[2025-12-17T03:29:16.198+0000] {logging_mixin.py:188} INFO - [2025-12-17T03:29:16.198+0000] {dag.py:3089} INFO - Sync 1 DAGs
[2025-12-17T03:29:16.310+0000] {logging_mixin.py:188} INFO - [2025-12-17T03:29:16.310+0000] {dag.py:3947} INFO - Setting next_dagrun for example_sla_dag to 2025-12-17 03:26:00+00:00, run_after=2025-12-17 03:28:00+00:00
[2025-12-17T03:29:16.322+0000] {processor.py:183} INFO - Processing /home/airflow/.local/lib/python3.12/site-packages/airflow/example_dags/example_sla_dag.py took 0.150 seconds
[2025-12-17T03:53:43.334+0000] {processor.py:161} INFO - Started process (PID=42015) to work on /home/airflow/.local/lib/python3.12/site-packages/airflow/example_dags/example_sla_dag.py
[2025-12-17T03:53:43.336+0000] {processor.py:830} INFO - Processing file /home/airflow/.local/lib/python3.12/site-packages/airflow/example_dags/example_sla_dag.py for tasks to queue
[2025-12-17T03:53:43.337+0000] {logging_mixin.py:188} INFO - [2025-12-17T03:53:43.337+0000] {dagbag.py:545} INFO - Filling up the DagBag from /home/airflow/.local/lib/python3.12/site-packages/airflow/example_dags/example_sla_dag.py
[2025-12-17T03:53:43.343+0000] {processor.py:840} INFO - DAG(s) 'example_sla_dag' retrieved from /home/airflow/.local/lib/python3.12/site-packages/airflow/example_dags/example_sla_dag.py
[2025-12-17T03:53:43.371+0000] {logging_mixin.py:188} INFO - [2025-12-17T03:53:43.371+0000] {dag.py:3089} INFO - Sync 1 DAGs
[2025-12-17T03:53:43.384+0000] {logging_mixin.py:188} INFO - [2025-12-17T03:53:43.384+0000] {dag.py:3947} INFO - Setting next_dagrun for example_sla_dag to 2025-12-17 03:50:00+00:00, run_after=2025-12-17 03:52:00+00:00
[2025-12-17T03:53:43.393+0000] {processor.py:183} INFO - Processing /home/airflow/.local/lib/python3.12/site-packages/airflow/example_dags/example_sla_dag.py took 0.072 seconds
[2025-12-17T04:54:46.246+0000] {processor.py:161} INFO - Started process (PID=42074) to work on /home/airflow/.local/lib/python3.12/site-packages/airflow/example_dags/example_sla_dag.py
[2025-12-17T04:54:46.247+0000] {processor.py:830} INFO - Processing file /home/airflow/.local/lib/python3.12/site-packages/airflow/example_dags/example_sla_dag.py for tasks to queue
[2025-12-17T04:54:46.248+0000] {logging_mixin.py:188} INFO - [2025-12-17T04:54:46.248+0000] {dagbag.py:545} INFO - Filling up the DagBag from /home/airflow/.local/lib/python3.12/site-packages/airflow/example_dags/example_sla_dag.py
[2025-12-17T04:54:46.254+0000] {processor.py:840} INFO - DAG(s) 'example_sla_dag' retrieved from /home/airflow/.local/lib/python3.12/site-packages/airflow/example_dags/example_sla_dag.py
[2025-12-17T04:54:46.270+0000] {logging_mixin.py:188} INFO - [2025-12-17T04:54:46.270+0000] {dag.py:3089} INFO - Sync 1 DAGs
[2025-12-17T04:54:46.286+0000] {logging_mixin.py:188} INFO - [2025-12-17T04:54:46.286+0000] {dag.py:3947} INFO - Setting next_dagrun for example_sla_dag to 2025-12-17 04:52:00+00:00, run_after=2025-12-17 04:54:00+00:00
[2025-12-17T04:54:46.299+0000] {processor.py:183} INFO - Processing /home/airflow/.local/lib/python3.12/site-packages/airflow/example_dags/example_sla_dag.py took 0.057 seconds
[2025-12-17T06:11:25.563+0000] {processor.py:161} INFO - Started process (PID=42133) to work on /home/airflow/.local/lib/python3.12/site-packages/airflow/example_dags/example_sla_dag.py
[2025-12-17T06:11:25.564+0000] {processor.py:830} INFO - Processing file /home/airflow/.local/lib/python3.12/site-packages/airflow/example_dags/example_sla_dag.py for tasks to queue
[2025-12-17T06:11:25.564+0000] {logging_mixin.py:188} INFO - [2025-12-17T06:11:25.564+0000] {dagbag.py:545} INFO - Filling up the DagBag from /home/airflow/.local/lib/python3.12/site-packages/airflow/example_dags/example_sla_dag.py
[2025-12-17T06:11:25.569+0000] {processor.py:840} INFO - DAG(s) 'example_sla_dag' retrieved from /home/airflow/.local/lib/python3.12/site-packages/airflow/example_dags/example_sla_dag.py
[2025-12-17T06:11:25.578+0000] {logging_mixin.py:188} INFO - [2025-12-17T06:11:25.578+0000] {dag.py:3089} INFO - Sync 1 DAGs
[2025-12-17T06:11:25.588+0000] {logging_mixin.py:188} INFO - [2025-12-17T06:11:25.588+0000] {dag.py:3947} INFO - Setting next_dagrun for example_sla_dag to 2025-12-17 06:08:00+00:00, run_after=2025-12-17 06:10:00+00:00
[2025-12-17T06:11:25.594+0000] {processor.py:183} INFO - Processing /home/airflow/.local/lib/python3.12/site-packages/airflow/example_dags/example_sla_dag.py took 0.034 seconds
[2025-12-17T07:48:05.614+0000] {processor.py:161} INFO - Started process (PID=42192) to work on /home/airflow/.local/lib/python3.12/site-packages/airflow/example_dags/example_sla_dag.py
[2025-12-17T07:48:05.615+0000] {processor.py:830} INFO - Processing file /home/airflow/.local/lib/python3.12/site-packages/airflow/example_dags/example_sla_dag.py for tasks to queue
[2025-12-17T07:48:05.615+0000] {logging_mixin.py:188} INFO - [2025-12-17T07:48:05.615+0000] {dagbag.py:545} INFO - Filling up the DagBag from /home/airflow/.local/lib/python3.12/site-packages/airflow/example_dags/example_sla_dag.py
[2025-12-17T07:48:05.619+0000] {processor.py:840} INFO - DAG(s) 'example_sla_dag' retrieved from /home/airflow/.local/lib/python3.12/site-packages/airflow/example_dags/example_sla_dag.py
[2025-12-17T07:48:05.627+0000] {logging_mixin.py:188} INFO - [2025-12-17T07:48:05.627+0000] {dag.py:3089} INFO - Sync 1 DAGs
[2025-12-17T07:48:05.637+0000] {logging_mixin.py:188} INFO - [2025-12-17T07:48:05.637+0000] {dag.py:3947} INFO - Setting next_dagrun for example_sla_dag to 2025-12-17 07:46:00+00:00, run_after=2025-12-17 07:48:00+00:00
[2025-12-17T07:48:05.644+0000] {processor.py:183} INFO - Processing /home/airflow/.local/lib/python3.12/site-packages/airflow/example_dags/example_sla_dag.py took 0.033 seconds
[2025-12-17T08:58:45.702+0000] {processor.py:161} INFO - Started process (PID=42251) to work on /home/airflow/.local/lib/python3.12/site-packages/airflow/example_dags/example_sla_dag.py
[2025-12-17T08:58:45.702+0000] {processor.py:830} INFO - Processing file /home/airflow/.local/lib/python3.12/site-packages/airflow/example_dags/example_sla_dag.py for tasks to queue
[2025-12-17T08:58:45.703+0000] {logging_mixin.py:188} INFO - [2025-12-17T08:58:45.703+0000] {dagbag.py:545} INFO - Filling up the DagBag from /home/airflow/.local/lib/python3.12/site-packages/airflow/example_dags/example_sla_dag.py
[2025-12-17T08:58:45.707+0000] {processor.py:840} INFO - DAG(s) 'example_sla_dag' retrieved from /home/airflow/.local/lib/python3.12/site-packages/airflow/example_dags/example_sla_dag.py
[2025-12-17T08:58:45.722+0000] {logging_mixin.py:188} INFO - [2025-12-17T08:58:45.722+0000] {dag.py:3089} INFO - Sync 1 DAGs
[2025-12-17T08:58:45.736+0000] {logging_mixin.py:188} INFO - [2025-12-17T08:58:45.736+0000] {dag.py:3947} INFO - Setting next_dagrun for example_sla_dag to 2025-12-17 08:56:00+00:00, run_after=2025-12-17 08:58:00+00:00
[2025-12-17T08:58:45.745+0000] {processor.py:183} INFO - Processing /home/airflow/.local/lib/python3.12/site-packages/airflow/example_dags/example_sla_dag.py took 0.046 seconds
[2025-12-17T09:21:00.447+0000] {processor.py:161} INFO - Started process (PID=42310) to work on /home/airflow/.local/lib/python3.12/site-packages/airflow/example_dags/example_sla_dag.py
[2025-12-17T09:21:00.447+0000] {processor.py:830} INFO - Processing file /home/airflow/.local/lib/python3.12/site-packages/airflow/example_dags/example_sla_dag.py for tasks to queue
[2025-12-17T09:21:00.448+0000] {logging_mixin.py:188} INFO - [2025-12-17T09:21:00.448+0000] {dagbag.py:545} INFO - Filling up the DagBag from /home/airflow/.local/lib/python3.12/site-packages/airflow/example_dags/example_sla_dag.py
[2025-12-17T09:21:00.451+0000] {processor.py:840} INFO - DAG(s) 'example_sla_dag' retrieved from /home/airflow/.local/lib/python3.12/site-packages/airflow/example_dags/example_sla_dag.py
[2025-12-17T09:21:00.462+0000] {logging_mixin.py:188} INFO - [2025-12-17T09:21:00.462+0000] {dag.py:3089} INFO - Sync 1 DAGs
[2025-12-17T09:21:00.477+0000] {logging_mixin.py:188} INFO - [2025-12-17T09:21:00.476+0000] {dag.py:3947} INFO - Setting next_dagrun for example_sla_dag to 2025-12-17 09:18:00+00:00, run_after=2025-12-17 09:20:00+00:00
[2025-12-17T09:21:00.488+0000] {processor.py:183} INFO - Processing /home/airflow/.local/lib/python3.12/site-packages/airflow/example_dags/example_sla_dag.py took 0.044 seconds
[2025-12-17T10:31:20.723+0000] {processor.py:161} INFO - Started process (PID=42369) to work on /home/airflow/.local/lib/python3.12/site-packages/airflow/example_dags/example_sla_dag.py
[2025-12-17T10:31:20.724+0000] {processor.py:830} INFO - Processing file /home/airflow/.local/lib/python3.12/site-packages/airflow/example_dags/example_sla_dag.py for tasks to queue
[2025-12-17T10:31:20.724+0000] {logging_mixin.py:188} INFO - [2025-12-17T10:31:20.724+0000] {dagbag.py:545} INFO - Filling up the DagBag from /home/airflow/.local/lib/python3.12/site-packages/airflow/example_dags/example_sla_dag.py
[2025-12-17T10:31:20.727+0000] {processor.py:840} INFO - DAG(s) 'example_sla_dag' retrieved from /home/airflow/.local/lib/python3.12/site-packages/airflow/example_dags/example_sla_dag.py
[2025-12-17T10:31:20.736+0000] {logging_mixin.py:188} INFO - [2025-12-17T10:31:20.736+0000] {dag.py:3089} INFO - Sync 1 DAGs
[2025-12-17T10:31:20.749+0000] {logging_mixin.py:188} INFO - [2025-12-17T10:31:20.749+0000] {dag.py:3947} INFO - Setting next_dagrun for example_sla_dag to 2025-12-17 10:28:00+00:00, run_after=2025-12-17 10:30:00+00:00
[2025-12-17T10:31:20.757+0000] {processor.py:183} INFO - Processing /home/airflow/.local/lib/python3.12/site-packages/airflow/example_dags/example_sla_dag.py took 0.037 seconds
[2025-12-17T11:32:05.312+0000] {processor.py:161} INFO - Started process (PID=42428) to work on /home/airflow/.local/lib/python3.12/site-packages/airflow/example_dags/example_sla_dag.py
[2025-12-17T11:32:05.313+0000] {processor.py:830} INFO - Processing file /home/airflow/.local/lib/python3.12/site-packages/airflow/example_dags/example_sla_dag.py for tasks to queue
[2025-12-17T11:32:05.313+0000] {logging_mixin.py:188} INFO - [2025-12-17T11:32:05.313+0000] {dagbag.py:545} INFO - Filling up the DagBag from /home/airflow/.local/lib/python3.12/site-packages/airflow/example_dags/example_sla_dag.py
[2025-12-17T11:32:05.317+0000] {processor.py:840} INFO - DAG(s) 'example_sla_dag' retrieved from /home/airflow/.local/lib/python3.12/site-packages/airflow/example_dags/example_sla_dag.py
[2025-12-17T11:32:05.326+0000] {logging_mixin.py:188} INFO - [2025-12-17T11:32:05.326+0000] {dag.py:3089} INFO - Sync 1 DAGs
[2025-12-17T11:32:05.336+0000] {logging_mixin.py:188} INFO - [2025-12-17T11:32:05.336+0000] {dag.py:3947} INFO - Setting next_dagrun for example_sla_dag to 2025-12-17 11:30:00+00:00, run_after=2025-12-17 11:32:00+00:00
[2025-12-17T11:32:05.343+0000] {processor.py:183} INFO - Processing /home/airflow/.local/lib/python3.12/site-packages/airflow/example_dags/example_sla_dag.py took 0.034 seconds
[2025-12-17T12:33:34.969+0000] {processor.py:161} INFO - Started process (PID=42487) to work on /home/airflow/.local/lib/python3.12/site-packages/airflow/example_dags/example_sla_dag.py
[2025-12-17T12:33:34.969+0000] {processor.py:830} INFO - Processing file /home/airflow/.local/lib/python3.12/site-packages/airflow/example_dags/example_sla_dag.py for tasks to queue
[2025-12-17T12:33:34.970+0000] {logging_mixin.py:188} INFO - [2025-12-17T12:33:34.969+0000] {dagbag.py:545} INFO - Filling up the DagBag from /home/airflow/.local/lib/python3.12/site-packages/airflow/example_dags/example_sla_dag.py
[2025-12-17T12:33:34.974+0000] {processor.py:840} INFO - DAG(s) 'example_sla_dag' retrieved from /home/airflow/.local/lib/python3.12/site-packages/airflow/example_dags/example_sla_dag.py
[2025-12-17T12:33:34.985+0000] {logging_mixin.py:188} INFO - [2025-12-17T12:33:34.985+0000] {dag.py:3089} INFO - Sync 1 DAGs
[2025-12-17T12:33:34.999+0000] {logging_mixin.py:188} INFO - [2025-12-17T12:33:34.999+0000] {dag.py:3947} INFO - Setting next_dagrun for example_sla_dag to 2025-12-17 12:30:00+00:00, run_after=2025-12-17 12:32:00+00:00
[2025-12-17T12:33:35.013+0000] {processor.py:183} INFO - Processing /home/airflow/.local/lib/python3.12/site-packages/airflow/example_dags/example_sla_dag.py took 0.048 seconds
[2025-12-17T13:42:09.946+0000] {processor.py:161} INFO - Started process (PID=42546) to work on /home/airflow/.local/lib/python3.12/site-packages/airflow/example_dags/example_sla_dag.py
[2025-12-17T13:42:09.948+0000] {processor.py:830} INFO - Processing file /home/airflow/.local/lib/python3.12/site-packages/airflow/example_dags/example_sla_dag.py for tasks to queue
[2025-12-17T13:42:09.949+0000] {logging_mixin.py:188} INFO - [2025-12-17T13:42:09.948+0000] {dagbag.py:545} INFO - Filling up the DagBag from /home/airflow/.local/lib/python3.12/site-packages/airflow/example_dags/example_sla_dag.py
[2025-12-17T13:42:09.952+0000] {processor.py:840} INFO - DAG(s) 'example_sla_dag' retrieved from /home/airflow/.local/lib/python3.12/site-packages/airflow/example_dags/example_sla_dag.py
[2025-12-17T13:42:09.961+0000] {logging_mixin.py:188} INFO - [2025-12-17T13:42:09.961+0000] {dag.py:3089} INFO - Sync 1 DAGs
[2025-12-17T13:42:09.972+0000] {logging_mixin.py:188} INFO - [2025-12-17T13:42:09.971+0000] {dag.py:3947} INFO - Setting next_dagrun for example_sla_dag to 2025-12-17 13:40:00+00:00, run_after=2025-12-17 13:42:00+00:00
[2025-12-17T13:42:09.979+0000] {processor.py:183} INFO - Processing /home/airflow/.local/lib/python3.12/site-packages/airflow/example_dags/example_sla_dag.py took 0.036 seconds
[2025-12-17T14:56:28.081+0000] {processor.py:161} INFO - Started process (PID=42605) to work on /home/airflow/.local/lib/python3.12/site-packages/airflow/example_dags/example_sla_dag.py
[2025-12-17T14:56:28.081+0000] {processor.py:830} INFO - Processing file /home/airflow/.local/lib/python3.12/site-packages/airflow/example_dags/example_sla_dag.py for tasks to queue
[2025-12-17T14:56:28.082+0000] {logging_mixin.py:188} INFO - [2025-12-17T14:56:28.081+0000] {dagbag.py:545} INFO - Filling up the DagBag from /home/airflow/.local/lib/python3.12/site-packages/airflow/example_dags/example_sla_dag.py
[2025-12-17T14:56:28.085+0000] {processor.py:840} INFO - DAG(s) 'example_sla_dag' retrieved from /home/airflow/.local/lib/python3.12/site-packages/airflow/example_dags/example_sla_dag.py
[2025-12-17T14:56:28.094+0000] {logging_mixin.py:188} INFO - [2025-12-17T14:56:28.094+0000] {dag.py:3089} INFO - Sync 1 DAGs
[2025-12-17T14:56:28.107+0000] {logging_mixin.py:188} INFO - [2025-12-17T14:56:28.107+0000] {dag.py:3947} INFO - Setting next_dagrun for example_sla_dag to 2025-12-17 14:54:00+00:00, run_after=2025-12-17 14:56:00+00:00
[2025-12-17T14:56:28.116+0000] {processor.py:183} INFO - Processing /home/airflow/.local/lib/python3.12/site-packages/airflow/example_dags/example_sla_dag.py took 0.038 seconds
[2025-12-17T16:05:46.565+0000] {processor.py:161} INFO - Started process (PID=42664) to work on /home/airflow/.local/lib/python3.12/site-packages/airflow/example_dags/example_sla_dag.py
[2025-12-17T16:05:46.569+0000] {processor.py:830} INFO - Processing file /home/airflow/.local/lib/python3.12/site-packages/airflow/example_dags/example_sla_dag.py for tasks to queue
[2025-12-17T16:05:46.569+0000] {logging_mixin.py:188} INFO - [2025-12-17T16:05:46.569+0000] {dagbag.py:545} INFO - Filling up the DagBag from /home/airflow/.local/lib/python3.12/site-packages/airflow/example_dags/example_sla_dag.py
[2025-12-17T16:05:46.574+0000] {processor.py:840} INFO - DAG(s) 'example_sla_dag' retrieved from /home/airflow/.local/lib/python3.12/site-packages/airflow/example_dags/example_sla_dag.py
[2025-12-17T16:05:46.588+0000] {logging_mixin.py:188} INFO - [2025-12-17T16:05:46.588+0000] {dag.py:3089} INFO - Sync 1 DAGs
[2025-12-17T16:05:46.601+0000] {logging_mixin.py:188} INFO - [2025-12-17T16:05:46.601+0000] {dag.py:3947} INFO - Setting next_dagrun for example_sla_dag to 2025-12-17 16:02:00+00:00, run_after=2025-12-17 16:04:00+00:00
[2025-12-17T16:05:46.611+0000] {processor.py:183} INFO - Processing /home/airflow/.local/lib/python3.12/site-packages/airflow/example_dags/example_sla_dag.py took 0.050 seconds
[2025-12-17T17:20:38.094+0000] {processor.py:161} INFO - Started process (PID=42723) to work on /home/airflow/.local/lib/python3.12/site-packages/airflow/example_dags/example_sla_dag.py
[2025-12-17T17:20:38.095+0000] {processor.py:830} INFO - Processing file /home/airflow/.local/lib/python3.12/site-packages/airflow/example_dags/example_sla_dag.py for tasks to queue
[2025-12-17T17:20:38.095+0000] {logging_mixin.py:188} INFO - [2025-12-17T17:20:38.095+0000] {dagbag.py:545} INFO - Filling up the DagBag from /home/airflow/.local/lib/python3.12/site-packages/airflow/example_dags/example_sla_dag.py
[2025-12-17T17:20:38.099+0000] {processor.py:840} INFO - DAG(s) 'example_sla_dag' retrieved from /home/airflow/.local/lib/python3.12/site-packages/airflow/example_dags/example_sla_dag.py
[2025-12-17T17:20:38.108+0000] {logging_mixin.py:188} INFO - [2025-12-17T17:20:38.108+0000] {dag.py:3089} INFO - Sync 1 DAGs
[2025-12-17T17:20:38.118+0000] {logging_mixin.py:188} INFO - [2025-12-17T17:20:38.118+0000] {dag.py:3947} INFO - Setting next_dagrun for example_sla_dag to 2025-12-17 17:18:00+00:00, run_after=2025-12-17 17:20:00+00:00
[2025-12-17T17:20:38.125+0000] {processor.py:183} INFO - Processing /home/airflow/.local/lib/python3.12/site-packages/airflow/example_dags/example_sla_dag.py took 0.034 seconds
[2025-12-17T18:07:07.352+0000] {processor.py:161} INFO - Started process (PID=42782) to work on /home/airflow/.local/lib/python3.12/site-packages/airflow/example_dags/example_sla_dag.py
[2025-12-17T18:07:07.353+0000] {processor.py:830} INFO - Processing file /home/airflow/.local/lib/python3.12/site-packages/airflow/example_dags/example_sla_dag.py for tasks to queue
[2025-12-17T18:07:07.354+0000] {logging_mixin.py:188} INFO - [2025-12-17T18:07:07.353+0000] {dagbag.py:545} INFO - Filling up the DagBag from /home/airflow/.local/lib/python3.12/site-packages/airflow/example_dags/example_sla_dag.py
[2025-12-17T18:07:07.358+0000] {processor.py:840} INFO - DAG(s) 'example_sla_dag' retrieved from /home/airflow/.local/lib/python3.12/site-packages/airflow/example_dags/example_sla_dag.py
[2025-12-17T18:07:07.367+0000] {logging_mixin.py:188} INFO - [2025-12-17T18:07:07.367+0000] {dag.py:3089} INFO - Sync 1 DAGs
[2025-12-17T18:07:07.377+0000] {logging_mixin.py:188} INFO - [2025-12-17T18:07:07.377+0000] {dag.py:3947} INFO - Setting next_dagrun for example_sla_dag to 2025-12-17 18:04:00+00:00, run_after=2025-12-17 18:06:00+00:00
[2025-12-17T18:07:07.388+0000] {processor.py:183} INFO - Processing /home/airflow/.local/lib/python3.12/site-packages/airflow/example_dags/example_sla_dag.py took 0.039 seconds
[2025-12-17T18:26:58.011+0000] {processor.py:161} INFO - Started process (PID=42841) to work on /home/airflow/.local/lib/python3.12/site-packages/airflow/example_dags/example_sla_dag.py
[2025-12-17T18:26:58.012+0000] {processor.py:830} INFO - Processing file /home/airflow/.local/lib/python3.12/site-packages/airflow/example_dags/example_sla_dag.py for tasks to queue
[2025-12-17T18:26:58.012+0000] {logging_mixin.py:188} INFO - [2025-12-17T18:26:58.012+0000] {dagbag.py:545} INFO - Filling up the DagBag from /home/airflow/.local/lib/python3.12/site-packages/airflow/example_dags/example_sla_dag.py
[2025-12-17T18:26:58.018+0000] {processor.py:840} INFO - DAG(s) 'example_sla_dag' retrieved from /home/airflow/.local/lib/python3.12/site-packages/airflow/example_dags/example_sla_dag.py
[2025-12-17T18:26:58.029+0000] {logging_mixin.py:188} INFO - [2025-12-17T18:26:58.029+0000] {dag.py:3089} INFO - Sync 1 DAGs
[2025-12-17T18:26:58.041+0000] {logging_mixin.py:188} INFO - [2025-12-17T18:26:58.040+0000] {dag.py:3947} INFO - Setting next_dagrun for example_sla_dag to 2025-12-17 18:24:00+00:00, run_after=2025-12-17 18:26:00+00:00
[2025-12-17T18:26:58.053+0000] {processor.py:183} INFO - Processing /home/airflow/.local/lib/python3.12/site-packages/airflow/example_dags/example_sla_dag.py took 0.045 seconds
[2025-12-17T19:41:42.645+0000] {processor.py:161} INFO - Started process (PID=42900) to work on /home/airflow/.local/lib/python3.12/site-packages/airflow/example_dags/example_sla_dag.py
[2025-12-17T19:41:42.646+0000] {processor.py:830} INFO - Processing file /home/airflow/.local/lib/python3.12/site-packages/airflow/example_dags/example_sla_dag.py for tasks to queue
[2025-12-17T19:41:42.647+0000] {logging_mixin.py:188} INFO - [2025-12-17T19:41:42.647+0000] {dagbag.py:545} INFO - Filling up the DagBag from /home/airflow/.local/lib/python3.12/site-packages/airflow/example_dags/example_sla_dag.py
[2025-12-17T19:41:42.651+0000] {processor.py:840} INFO - DAG(s) 'example_sla_dag' retrieved from /home/airflow/.local/lib/python3.12/site-packages/airflow/example_dags/example_sla_dag.py
[2025-12-17T19:41:42.660+0000] {logging_mixin.py:188} INFO - [2025-12-17T19:41:42.660+0000] {dag.py:3089} INFO - Sync 1 DAGs
[2025-12-17T19:41:42.672+0000] {logging_mixin.py:188} INFO - [2025-12-17T19:41:42.672+0000] {dag.py:3947} INFO - Setting next_dagrun for example_sla_dag to 2025-12-17 19:38:00+00:00, run_after=2025-12-17 19:40:00+00:00
[2025-12-17T19:41:42.685+0000] {processor.py:183} INFO - Processing /home/airflow/.local/lib/python3.12/site-packages/airflow/example_dags/example_sla_dag.py took 0.043 seconds
[2025-12-17T21:17:14.539+0000] {processor.py:161} INFO - Started process (PID=42959) to work on /home/airflow/.local/lib/python3.12/site-packages/airflow/example_dags/example_sla_dag.py
[2025-12-17T21:17:14.541+0000] {processor.py:830} INFO - Processing file /home/airflow/.local/lib/python3.12/site-packages/airflow/example_dags/example_sla_dag.py for tasks to queue
[2025-12-17T21:17:14.542+0000] {logging_mixin.py:188} INFO - [2025-12-17T21:17:14.542+0000] {dagbag.py:545} INFO - Filling up the DagBag from /home/airflow/.local/lib/python3.12/site-packages/airflow/example_dags/example_sla_dag.py
[2025-12-17T21:17:14.546+0000] {processor.py:840} INFO - DAG(s) 'example_sla_dag' retrieved from /home/airflow/.local/lib/python3.12/site-packages/airflow/example_dags/example_sla_dag.py
[2025-12-17T21:17:14.557+0000] {logging_mixin.py:188} INFO - [2025-12-17T21:17:14.557+0000] {dag.py:3089} INFO - Sync 1 DAGs
[2025-12-17T21:17:14.569+0000] {logging_mixin.py:188} INFO - [2025-12-17T21:17:14.569+0000] {dag.py:3947} INFO - Setting next_dagrun for example_sla_dag to 2025-12-17 21:14:00+00:00, run_after=2025-12-17 21:16:00+00:00
[2025-12-17T21:17:14.577+0000] {processor.py:183} INFO - Processing /home/airflow/.local/lib/python3.12/site-packages/airflow/example_dags/example_sla_dag.py took 0.040 seconds
[2025-12-17T22:30:37.534+0000] {processor.py:161} INFO - Started process (PID=43018) to work on /home/airflow/.local/lib/python3.12/site-packages/airflow/example_dags/example_sla_dag.py
[2025-12-17T22:30:37.535+0000] {processor.py:830} INFO - Processing file /home/airflow/.local/lib/python3.12/site-packages/airflow/example_dags/example_sla_dag.py for tasks to queue
[2025-12-17T22:30:37.535+0000] {logging_mixin.py:188} INFO - [2025-12-17T22:30:37.535+0000] {dagbag.py:545} INFO - Filling up the DagBag from /home/airflow/.local/lib/python3.12/site-packages/airflow/example_dags/example_sla_dag.py
[2025-12-17T22:30:37.539+0000] {processor.py:840} INFO - DAG(s) 'example_sla_dag' retrieved from /home/airflow/.local/lib/python3.12/site-packages/airflow/example_dags/example_sla_dag.py
[2025-12-17T22:30:37.552+0000] {logging_mixin.py:188} INFO - [2025-12-17T22:30:37.552+0000] {dag.py:3089} INFO - Sync 1 DAGs
[2025-12-17T22:30:37.659+0000] {logging_mixin.py:188} INFO - [2025-12-17T22:30:37.659+0000] {dag.py:3947} INFO - Setting next_dagrun for example_sla_dag to 2025-12-17 22:28:00+00:00, run_after=2025-12-17 22:30:00+00:00
[2025-12-17T22:30:37.726+0000] {processor.py:183} INFO - Processing /home/airflow/.local/lib/python3.12/site-packages/airflow/example_dags/example_sla_dag.py took 0.198 seconds
