[2025-12-17T00:49:43.944+0000] {processor.py:161} INFO - Started process (PID=41701) to work on /home/airflow/.local/lib/python3.12/site-packages/airflow/example_dags/example_branch_operator_decorator.py
[2025-12-17T00:49:43.945+0000] {processor.py:830} INFO - Processing file /home/airflow/.local/lib/python3.12/site-packages/airflow/example_dags/example_branch_operator_decorator.py for tasks to queue
[2025-12-17T00:49:43.946+0000] {logging_mixin.py:188} INFO - [2025-12-17T00:49:43.946+0000] {dagbag.py:545} INFO - Filling up the DagBag from /home/airflow/.local/lib/python3.12/site-packages/airflow/example_dags/example_branch_operator_decorator.py
[2025-12-17T00:49:43.956+0000] {processor.py:840} INFO - DAG(s) 'example_branch_python_operator_decorator' retrieved from /home/airflow/.local/lib/python3.12/site-packages/airflow/example_dags/example_branch_operator_decorator.py
[2025-12-17T00:49:43.972+0000] {logging_mixin.py:188} INFO - [2025-12-17T00:49:43.972+0000] {dag.py:3089} INFO - Sync 1 DAGs
[2025-12-17T00:49:43.983+0000] {logging_mixin.py:188} INFO - [2025-12-17T00:49:43.983+0000] {dag.py:3947} INFO - Setting next_dagrun for example_branch_python_operator_decorator to 2025-12-16 00:00:00+00:00, run_after=2025-12-17 00:00:00+00:00
[2025-12-17T00:49:44.001+0000] {processor.py:183} INFO - Processing /home/airflow/.local/lib/python3.12/site-packages/airflow/example_dags/example_branch_operator_decorator.py took 0.060 seconds
[2025-12-17T01:13:19.536+0000] {processor.py:161} INFO - Started process (PID=41760) to work on /home/airflow/.local/lib/python3.12/site-packages/airflow/example_dags/example_branch_operator_decorator.py
[2025-12-17T01:13:19.537+0000] {processor.py:830} INFO - Processing file /home/airflow/.local/lib/python3.12/site-packages/airflow/example_dags/example_branch_operator_decorator.py for tasks to queue
[2025-12-17T01:13:19.539+0000] {logging_mixin.py:188} INFO - [2025-12-17T01:13:19.538+0000] {dagbag.py:545} INFO - Filling up the DagBag from /home/airflow/.local/lib/python3.12/site-packages/airflow/example_dags/example_branch_operator_decorator.py
[2025-12-17T01:13:19.548+0000] {processor.py:840} INFO - DAG(s) 'example_branch_python_operator_decorator' retrieved from /home/airflow/.local/lib/python3.12/site-packages/airflow/example_dags/example_branch_operator_decorator.py
[2025-12-17T01:13:19.564+0000] {logging_mixin.py:188} INFO - [2025-12-17T01:13:19.564+0000] {dag.py:3089} INFO - Sync 1 DAGs
[2025-12-17T01:13:19.668+0000] {logging_mixin.py:188} INFO - [2025-12-17T01:13:19.667+0000] {dag.py:3947} INFO - Setting next_dagrun for example_branch_python_operator_decorator to 2025-12-16 00:00:00+00:00, run_after=2025-12-17 00:00:00+00:00
[2025-12-17T01:13:19.676+0000] {processor.py:183} INFO - Processing /home/airflow/.local/lib/python3.12/site-packages/airflow/example_dags/example_branch_operator_decorator.py took 0.143 seconds
[2025-12-17T02:08:57.577+0000] {processor.py:161} INFO - Started process (PID=41819) to work on /home/airflow/.local/lib/python3.12/site-packages/airflow/example_dags/example_branch_operator_decorator.py
[2025-12-17T02:08:57.583+0000] {processor.py:830} INFO - Processing file /home/airflow/.local/lib/python3.12/site-packages/airflow/example_dags/example_branch_operator_decorator.py for tasks to queue
[2025-12-17T02:08:57.585+0000] {logging_mixin.py:188} INFO - [2025-12-17T02:08:57.584+0000] {dagbag.py:545} INFO - Filling up the DagBag from /home/airflow/.local/lib/python3.12/site-packages/airflow/example_dags/example_branch_operator_decorator.py
[2025-12-17T02:08:57.602+0000] {processor.py:840} INFO - DAG(s) 'example_branch_python_operator_decorator' retrieved from /home/airflow/.local/lib/python3.12/site-packages/airflow/example_dags/example_branch_operator_decorator.py
[2025-12-17T02:08:57.625+0000] {logging_mixin.py:188} INFO - [2025-12-17T02:08:57.625+0000] {dag.py:3089} INFO - Sync 1 DAGs
[2025-12-17T02:08:57.815+0000] {logging_mixin.py:188} INFO - [2025-12-17T02:08:57.815+0000] {dag.py:3947} INFO - Setting next_dagrun for example_branch_python_operator_decorator to 2025-12-16 00:00:00+00:00, run_after=2025-12-17 00:00:00+00:00
[2025-12-17T02:08:57.829+0000] {processor.py:183} INFO - Processing /home/airflow/.local/lib/python3.12/site-packages/airflow/example_dags/example_branch_operator_decorator.py took 0.259 seconds
[2025-12-17T02:38:01.450+0000] {processor.py:161} INFO - Started process (PID=41878) to work on /home/airflow/.local/lib/python3.12/site-packages/airflow/example_dags/example_branch_operator_decorator.py
[2025-12-17T02:38:01.451+0000] {processor.py:830} INFO - Processing file /home/airflow/.local/lib/python3.12/site-packages/airflow/example_dags/example_branch_operator_decorator.py for tasks to queue
[2025-12-17T02:38:01.451+0000] {logging_mixin.py:188} INFO - [2025-12-17T02:38:01.451+0000] {dagbag.py:545} INFO - Filling up the DagBag from /home/airflow/.local/lib/python3.12/site-packages/airflow/example_dags/example_branch_operator_decorator.py
[2025-12-17T02:38:01.460+0000] {processor.py:840} INFO - DAG(s) 'example_branch_python_operator_decorator' retrieved from /home/airflow/.local/lib/python3.12/site-packages/airflow/example_dags/example_branch_operator_decorator.py
[2025-12-17T02:38:01.472+0000] {logging_mixin.py:188} INFO - [2025-12-17T02:38:01.472+0000] {dag.py:3089} INFO - Sync 1 DAGs
[2025-12-17T02:38:01.587+0000] {logging_mixin.py:188} INFO - [2025-12-17T02:38:01.587+0000] {dag.py:3947} INFO - Setting next_dagrun for example_branch_python_operator_decorator to 2025-12-16 00:00:00+00:00, run_after=2025-12-17 00:00:00+00:00
[2025-12-17T02:38:01.610+0000] {processor.py:183} INFO - Processing /home/airflow/.local/lib/python3.12/site-packages/airflow/example_dags/example_branch_operator_decorator.py took 0.164 seconds
[2025-12-17T03:29:14.668+0000] {processor.py:161} INFO - Started process (PID=41937) to work on /home/airflow/.local/lib/python3.12/site-packages/airflow/example_dags/example_branch_operator_decorator.py
[2025-12-17T03:29:14.668+0000] {processor.py:830} INFO - Processing file /home/airflow/.local/lib/python3.12/site-packages/airflow/example_dags/example_branch_operator_decorator.py for tasks to queue
[2025-12-17T03:29:14.668+0000] {logging_mixin.py:188} INFO - [2025-12-17T03:29:14.668+0000] {dagbag.py:545} INFO - Filling up the DagBag from /home/airflow/.local/lib/python3.12/site-packages/airflow/example_dags/example_branch_operator_decorator.py
[2025-12-17T03:29:14.677+0000] {processor.py:840} INFO - DAG(s) 'example_branch_python_operator_decorator' retrieved from /home/airflow/.local/lib/python3.12/site-packages/airflow/example_dags/example_branch_operator_decorator.py
[2025-12-17T03:29:14.690+0000] {logging_mixin.py:188} INFO - [2025-12-17T03:29:14.690+0000] {dag.py:3089} INFO - Sync 1 DAGs
[2025-12-17T03:29:14.699+0000] {logging_mixin.py:188} INFO - [2025-12-17T03:29:14.699+0000] {dag.py:3947} INFO - Setting next_dagrun for example_branch_python_operator_decorator to 2025-12-16 00:00:00+00:00, run_after=2025-12-17 00:00:00+00:00
[2025-12-17T03:29:14.786+0000] {processor.py:183} INFO - Processing /home/airflow/.local/lib/python3.12/site-packages/airflow/example_dags/example_branch_operator_decorator.py took 0.121 seconds
[2025-12-17T03:53:42.650+0000] {processor.py:161} INFO - Started process (PID=41996) to work on /home/airflow/.local/lib/python3.12/site-packages/airflow/example_dags/example_branch_operator_decorator.py
[2025-12-17T03:53:42.651+0000] {processor.py:830} INFO - Processing file /home/airflow/.local/lib/python3.12/site-packages/airflow/example_dags/example_branch_operator_decorator.py for tasks to queue
[2025-12-17T03:53:42.652+0000] {logging_mixin.py:188} INFO - [2025-12-17T03:53:42.651+0000] {dagbag.py:545} INFO - Filling up the DagBag from /home/airflow/.local/lib/python3.12/site-packages/airflow/example_dags/example_branch_operator_decorator.py
[2025-12-17T03:53:42.663+0000] {processor.py:840} INFO - DAG(s) 'example_branch_python_operator_decorator' retrieved from /home/airflow/.local/lib/python3.12/site-packages/airflow/example_dags/example_branch_operator_decorator.py
[2025-12-17T03:53:42.680+0000] {logging_mixin.py:188} INFO - [2025-12-17T03:53:42.680+0000] {dag.py:3089} INFO - Sync 1 DAGs
[2025-12-17T03:53:42.689+0000] {logging_mixin.py:188} INFO - [2025-12-17T03:53:42.689+0000] {dag.py:3947} INFO - Setting next_dagrun for example_branch_python_operator_decorator to 2025-12-16 00:00:00+00:00, run_after=2025-12-17 00:00:00+00:00
[2025-12-17T03:53:42.706+0000] {processor.py:183} INFO - Processing /home/airflow/.local/lib/python3.12/site-packages/airflow/example_dags/example_branch_operator_decorator.py took 0.060 seconds
[2025-12-17T04:54:45.400+0000] {processor.py:161} INFO - Started process (PID=42055) to work on /home/airflow/.local/lib/python3.12/site-packages/airflow/example_dags/example_branch_operator_decorator.py
[2025-12-17T04:54:45.400+0000] {processor.py:830} INFO - Processing file /home/airflow/.local/lib/python3.12/site-packages/airflow/example_dags/example_branch_operator_decorator.py for tasks to queue
[2025-12-17T04:54:45.401+0000] {logging_mixin.py:188} INFO - [2025-12-17T04:54:45.401+0000] {dagbag.py:545} INFO - Filling up the DagBag from /home/airflow/.local/lib/python3.12/site-packages/airflow/example_dags/example_branch_operator_decorator.py
[2025-12-17T04:54:45.411+0000] {processor.py:840} INFO - DAG(s) 'example_branch_python_operator_decorator' retrieved from /home/airflow/.local/lib/python3.12/site-packages/airflow/example_dags/example_branch_operator_decorator.py
[2025-12-17T04:54:45.429+0000] {logging_mixin.py:188} INFO - [2025-12-17T04:54:45.428+0000] {dag.py:3089} INFO - Sync 1 DAGs
[2025-12-17T04:54:45.447+0000] {logging_mixin.py:188} INFO - [2025-12-17T04:54:45.447+0000] {dag.py:3947} INFO - Setting next_dagrun for example_branch_python_operator_decorator to 2025-12-16 00:00:00+00:00, run_after=2025-12-17 00:00:00+00:00
[2025-12-17T04:54:45.459+0000] {processor.py:183} INFO - Processing /home/airflow/.local/lib/python3.12/site-packages/airflow/example_dags/example_branch_operator_decorator.py took 0.062 seconds
[2025-12-17T06:11:24.709+0000] {processor.py:161} INFO - Started process (PID=42114) to work on /home/airflow/.local/lib/python3.12/site-packages/airflow/example_dags/example_branch_operator_decorator.py
[2025-12-17T06:11:24.709+0000] {processor.py:830} INFO - Processing file /home/airflow/.local/lib/python3.12/site-packages/airflow/example_dags/example_branch_operator_decorator.py for tasks to queue
[2025-12-17T06:11:24.710+0000] {logging_mixin.py:188} INFO - [2025-12-17T06:11:24.710+0000] {dagbag.py:545} INFO - Filling up the DagBag from /home/airflow/.local/lib/python3.12/site-packages/airflow/example_dags/example_branch_operator_decorator.py
[2025-12-17T06:11:24.718+0000] {processor.py:840} INFO - DAG(s) 'example_branch_python_operator_decorator' retrieved from /home/airflow/.local/lib/python3.12/site-packages/airflow/example_dags/example_branch_operator_decorator.py
[2025-12-17T06:11:24.740+0000] {logging_mixin.py:188} INFO - [2025-12-17T06:11:24.740+0000] {dag.py:3089} INFO - Sync 1 DAGs
[2025-12-17T06:11:24.754+0000] {logging_mixin.py:188} INFO - [2025-12-17T06:11:24.754+0000] {dag.py:3947} INFO - Setting next_dagrun for example_branch_python_operator_decorator to 2025-12-16 00:00:00+00:00, run_after=2025-12-17 00:00:00+00:00
[2025-12-17T06:11:24.767+0000] {processor.py:183} INFO - Processing /home/airflow/.local/lib/python3.12/site-packages/airflow/example_dags/example_branch_operator_decorator.py took 0.063 seconds
[2025-12-17T07:48:04.890+0000] {processor.py:161} INFO - Started process (PID=42173) to work on /home/airflow/.local/lib/python3.12/site-packages/airflow/example_dags/example_branch_operator_decorator.py
[2025-12-17T07:48:04.892+0000] {processor.py:830} INFO - Processing file /home/airflow/.local/lib/python3.12/site-packages/airflow/example_dags/example_branch_operator_decorator.py for tasks to queue
[2025-12-17T07:48:04.892+0000] {logging_mixin.py:188} INFO - [2025-12-17T07:48:04.892+0000] {dagbag.py:545} INFO - Filling up the DagBag from /home/airflow/.local/lib/python3.12/site-packages/airflow/example_dags/example_branch_operator_decorator.py
[2025-12-17T07:48:04.902+0000] {processor.py:840} INFO - DAG(s) 'example_branch_python_operator_decorator' retrieved from /home/airflow/.local/lib/python3.12/site-packages/airflow/example_dags/example_branch_operator_decorator.py
[2025-12-17T07:48:04.922+0000] {logging_mixin.py:188} INFO - [2025-12-17T07:48:04.921+0000] {dag.py:3089} INFO - Sync 1 DAGs
[2025-12-17T07:48:04.933+0000] {logging_mixin.py:188} INFO - [2025-12-17T07:48:04.933+0000] {dag.py:3947} INFO - Setting next_dagrun for example_branch_python_operator_decorator to 2025-12-16 00:00:00+00:00, run_after=2025-12-17 00:00:00+00:00
[2025-12-17T07:48:04.943+0000] {processor.py:183} INFO - Processing /home/airflow/.local/lib/python3.12/site-packages/airflow/example_dags/example_branch_operator_decorator.py took 0.056 seconds
[2025-12-17T08:58:45.117+0000] {processor.py:161} INFO - Started process (PID=42232) to work on /home/airflow/.local/lib/python3.12/site-packages/airflow/example_dags/example_branch_operator_decorator.py
[2025-12-17T08:58:45.117+0000] {processor.py:830} INFO - Processing file /home/airflow/.local/lib/python3.12/site-packages/airflow/example_dags/example_branch_operator_decorator.py for tasks to queue
[2025-12-17T08:58:45.118+0000] {logging_mixin.py:188} INFO - [2025-12-17T08:58:45.118+0000] {dagbag.py:545} INFO - Filling up the DagBag from /home/airflow/.local/lib/python3.12/site-packages/airflow/example_dags/example_branch_operator_decorator.py
[2025-12-17T08:58:45.127+0000] {processor.py:840} INFO - DAG(s) 'example_branch_python_operator_decorator' retrieved from /home/airflow/.local/lib/python3.12/site-packages/airflow/example_dags/example_branch_operator_decorator.py
[2025-12-17T08:58:45.141+0000] {logging_mixin.py:188} INFO - [2025-12-17T08:58:45.140+0000] {dag.py:3089} INFO - Sync 1 DAGs
[2025-12-17T08:58:45.151+0000] {logging_mixin.py:188} INFO - [2025-12-17T08:58:45.151+0000] {dag.py:3947} INFO - Setting next_dagrun for example_branch_python_operator_decorator to 2025-12-16 00:00:00+00:00, run_after=2025-12-17 00:00:00+00:00
[2025-12-17T08:58:45.168+0000] {processor.py:183} INFO - Processing /home/airflow/.local/lib/python3.12/site-packages/airflow/example_dags/example_branch_operator_decorator.py took 0.055 seconds
[2025-12-17T09:20:59.787+0000] {processor.py:161} INFO - Started process (PID=42291) to work on /home/airflow/.local/lib/python3.12/site-packages/airflow/example_dags/example_branch_operator_decorator.py
[2025-12-17T09:20:59.789+0000] {processor.py:830} INFO - Processing file /home/airflow/.local/lib/python3.12/site-packages/airflow/example_dags/example_branch_operator_decorator.py for tasks to queue
[2025-12-17T09:20:59.789+0000] {logging_mixin.py:188} INFO - [2025-12-17T09:20:59.789+0000] {dagbag.py:545} INFO - Filling up the DagBag from /home/airflow/.local/lib/python3.12/site-packages/airflow/example_dags/example_branch_operator_decorator.py
[2025-12-17T09:20:59.801+0000] {processor.py:840} INFO - DAG(s) 'example_branch_python_operator_decorator' retrieved from /home/airflow/.local/lib/python3.12/site-packages/airflow/example_dags/example_branch_operator_decorator.py
[2025-12-17T09:20:59.819+0000] {logging_mixin.py:188} INFO - [2025-12-17T09:20:59.819+0000] {dag.py:3089} INFO - Sync 1 DAGs
[2025-12-17T09:20:59.831+0000] {logging_mixin.py:188} INFO - [2025-12-17T09:20:59.831+0000] {dag.py:3947} INFO - Setting next_dagrun for example_branch_python_operator_decorator to 2025-12-16 00:00:00+00:00, run_after=2025-12-17 00:00:00+00:00
[2025-12-17T09:20:59.843+0000] {processor.py:183} INFO - Processing /home/airflow/.local/lib/python3.12/site-packages/airflow/example_dags/example_branch_operator_decorator.py took 0.061 seconds
[2025-12-17T10:31:20.139+0000] {processor.py:161} INFO - Started process (PID=42350) to work on /home/airflow/.local/lib/python3.12/site-packages/airflow/example_dags/example_branch_operator_decorator.py
[2025-12-17T10:31:20.140+0000] {processor.py:830} INFO - Processing file /home/airflow/.local/lib/python3.12/site-packages/airflow/example_dags/example_branch_operator_decorator.py for tasks to queue
[2025-12-17T10:31:20.140+0000] {logging_mixin.py:188} INFO - [2025-12-17T10:31:20.140+0000] {dagbag.py:545} INFO - Filling up the DagBag from /home/airflow/.local/lib/python3.12/site-packages/airflow/example_dags/example_branch_operator_decorator.py
[2025-12-17T10:31:20.153+0000] {processor.py:840} INFO - DAG(s) 'example_branch_python_operator_decorator' retrieved from /home/airflow/.local/lib/python3.12/site-packages/airflow/example_dags/example_branch_operator_decorator.py
[2025-12-17T10:31:20.168+0000] {logging_mixin.py:188} INFO - [2025-12-17T10:31:20.168+0000] {dag.py:3089} INFO - Sync 1 DAGs
[2025-12-17T10:31:20.179+0000] {logging_mixin.py:188} INFO - [2025-12-17T10:31:20.179+0000] {dag.py:3947} INFO - Setting next_dagrun for example_branch_python_operator_decorator to 2025-12-16 00:00:00+00:00, run_after=2025-12-17 00:00:00+00:00
[2025-12-17T10:31:20.193+0000] {processor.py:183} INFO - Processing /home/airflow/.local/lib/python3.12/site-packages/airflow/example_dags/example_branch_operator_decorator.py took 0.056 seconds
[2025-12-17T11:32:04.512+0000] {processor.py:161} INFO - Started process (PID=42409) to work on /home/airflow/.local/lib/python3.12/site-packages/airflow/example_dags/example_branch_operator_decorator.py
[2025-12-17T11:32:04.513+0000] {processor.py:830} INFO - Processing file /home/airflow/.local/lib/python3.12/site-packages/airflow/example_dags/example_branch_operator_decorator.py for tasks to queue
[2025-12-17T11:32:04.514+0000] {logging_mixin.py:188} INFO - [2025-12-17T11:32:04.514+0000] {dagbag.py:545} INFO - Filling up the DagBag from /home/airflow/.local/lib/python3.12/site-packages/airflow/example_dags/example_branch_operator_decorator.py
[2025-12-17T11:32:04.522+0000] {processor.py:840} INFO - DAG(s) 'example_branch_python_operator_decorator' retrieved from /home/airflow/.local/lib/python3.12/site-packages/airflow/example_dags/example_branch_operator_decorator.py
[2025-12-17T11:32:04.537+0000] {logging_mixin.py:188} INFO - [2025-12-17T11:32:04.536+0000] {dag.py:3089} INFO - Sync 1 DAGs
[2025-12-17T11:32:04.545+0000] {logging_mixin.py:188} INFO - [2025-12-17T11:32:04.545+0000] {dag.py:3947} INFO - Setting next_dagrun for example_branch_python_operator_decorator to 2025-12-16 00:00:00+00:00, run_after=2025-12-17 00:00:00+00:00
[2025-12-17T11:32:04.558+0000] {processor.py:183} INFO - Processing /home/airflow/.local/lib/python3.12/site-packages/airflow/example_dags/example_branch_operator_decorator.py took 0.049 seconds
[2025-12-17T12:33:34.384+0000] {processor.py:161} INFO - Started process (PID=42468) to work on /home/airflow/.local/lib/python3.12/site-packages/airflow/example_dags/example_branch_operator_decorator.py
[2025-12-17T12:33:34.385+0000] {processor.py:830} INFO - Processing file /home/airflow/.local/lib/python3.12/site-packages/airflow/example_dags/example_branch_operator_decorator.py for tasks to queue
[2025-12-17T12:33:34.385+0000] {logging_mixin.py:188} INFO - [2025-12-17T12:33:34.385+0000] {dagbag.py:545} INFO - Filling up the DagBag from /home/airflow/.local/lib/python3.12/site-packages/airflow/example_dags/example_branch_operator_decorator.py
[2025-12-17T12:33:34.396+0000] {processor.py:840} INFO - DAG(s) 'example_branch_python_operator_decorator' retrieved from /home/airflow/.local/lib/python3.12/site-packages/airflow/example_dags/example_branch_operator_decorator.py
[2025-12-17T12:33:34.410+0000] {logging_mixin.py:188} INFO - [2025-12-17T12:33:34.410+0000] {dag.py:3089} INFO - Sync 1 DAGs
[2025-12-17T12:33:34.426+0000] {logging_mixin.py:188} INFO - [2025-12-17T12:33:34.425+0000] {dag.py:3947} INFO - Setting next_dagrun for example_branch_python_operator_decorator to 2025-12-16 00:00:00+00:00, run_after=2025-12-17 00:00:00+00:00
[2025-12-17T12:33:34.436+0000] {processor.py:183} INFO - Processing /home/airflow/.local/lib/python3.12/site-packages/airflow/example_dags/example_branch_operator_decorator.py took 0.055 seconds
[2025-12-17T13:42:09.374+0000] {processor.py:161} INFO - Started process (PID=42527) to work on /home/airflow/.local/lib/python3.12/site-packages/airflow/example_dags/example_branch_operator_decorator.py
[2025-12-17T13:42:09.375+0000] {processor.py:830} INFO - Processing file /home/airflow/.local/lib/python3.12/site-packages/airflow/example_dags/example_branch_operator_decorator.py for tasks to queue
[2025-12-17T13:42:09.375+0000] {logging_mixin.py:188} INFO - [2025-12-17T13:42:09.375+0000] {dagbag.py:545} INFO - Filling up the DagBag from /home/airflow/.local/lib/python3.12/site-packages/airflow/example_dags/example_branch_operator_decorator.py
[2025-12-17T13:42:09.384+0000] {processor.py:840} INFO - DAG(s) 'example_branch_python_operator_decorator' retrieved from /home/airflow/.local/lib/python3.12/site-packages/airflow/example_dags/example_branch_operator_decorator.py
[2025-12-17T13:42:09.399+0000] {logging_mixin.py:188} INFO - [2025-12-17T13:42:09.399+0000] {dag.py:3089} INFO - Sync 1 DAGs
[2025-12-17T13:42:09.411+0000] {logging_mixin.py:188} INFO - [2025-12-17T13:42:09.411+0000] {dag.py:3947} INFO - Setting next_dagrun for example_branch_python_operator_decorator to 2025-12-16 00:00:00+00:00, run_after=2025-12-17 00:00:00+00:00
[2025-12-17T13:42:09.420+0000] {processor.py:183} INFO - Processing /home/airflow/.local/lib/python3.12/site-packages/airflow/example_dags/example_branch_operator_decorator.py took 0.049 seconds
[2025-12-17T14:56:27.550+0000] {processor.py:161} INFO - Started process (PID=42586) to work on /home/airflow/.local/lib/python3.12/site-packages/airflow/example_dags/example_branch_operator_decorator.py
[2025-12-17T14:56:27.550+0000] {processor.py:830} INFO - Processing file /home/airflow/.local/lib/python3.12/site-packages/airflow/example_dags/example_branch_operator_decorator.py for tasks to queue
[2025-12-17T14:56:27.550+0000] {logging_mixin.py:188} INFO - [2025-12-17T14:56:27.550+0000] {dagbag.py:545} INFO - Filling up the DagBag from /home/airflow/.local/lib/python3.12/site-packages/airflow/example_dags/example_branch_operator_decorator.py
[2025-12-17T14:56:27.558+0000] {processor.py:840} INFO - DAG(s) 'example_branch_python_operator_decorator' retrieved from /home/airflow/.local/lib/python3.12/site-packages/airflow/example_dags/example_branch_operator_decorator.py
[2025-12-17T14:56:27.569+0000] {logging_mixin.py:188} INFO - [2025-12-17T14:56:27.569+0000] {dag.py:3089} INFO - Sync 1 DAGs
[2025-12-17T14:56:27.577+0000] {logging_mixin.py:188} INFO - [2025-12-17T14:56:27.577+0000] {dag.py:3947} INFO - Setting next_dagrun for example_branch_python_operator_decorator to 2025-12-16 00:00:00+00:00, run_after=2025-12-17 00:00:00+00:00
[2025-12-17T14:56:27.583+0000] {processor.py:183} INFO - Processing /home/airflow/.local/lib/python3.12/site-packages/airflow/example_dags/example_branch_operator_decorator.py took 0.036 seconds
[2025-12-17T16:05:45.871+0000] {processor.py:161} INFO - Started process (PID=42645) to work on /home/airflow/.local/lib/python3.12/site-packages/airflow/example_dags/example_branch_operator_decorator.py
[2025-12-17T16:05:45.871+0000] {processor.py:830} INFO - Processing file /home/airflow/.local/lib/python3.12/site-packages/airflow/example_dags/example_branch_operator_decorator.py for tasks to queue
[2025-12-17T16:05:45.872+0000] {logging_mixin.py:188} INFO - [2025-12-17T16:05:45.872+0000] {dagbag.py:545} INFO - Filling up the DagBag from /home/airflow/.local/lib/python3.12/site-packages/airflow/example_dags/example_branch_operator_decorator.py
[2025-12-17T16:05:45.882+0000] {processor.py:840} INFO - DAG(s) 'example_branch_python_operator_decorator' retrieved from /home/airflow/.local/lib/python3.12/site-packages/airflow/example_dags/example_branch_operator_decorator.py
[2025-12-17T16:05:45.900+0000] {logging_mixin.py:188} INFO - [2025-12-17T16:05:45.899+0000] {dag.py:3089} INFO - Sync 1 DAGs
[2025-12-17T16:05:45.913+0000] {logging_mixin.py:188} INFO - [2025-12-17T16:05:45.913+0000] {dag.py:3947} INFO - Setting next_dagrun for example_branch_python_operator_decorator to 2025-12-16 00:00:00+00:00, run_after=2025-12-17 00:00:00+00:00
[2025-12-17T16:05:45.926+0000] {processor.py:183} INFO - Processing /home/airflow/.local/lib/python3.12/site-packages/airflow/example_dags/example_branch_operator_decorator.py took 0.058 seconds
[2025-12-17T17:20:37.534+0000] {processor.py:161} INFO - Started process (PID=42704) to work on /home/airflow/.local/lib/python3.12/site-packages/airflow/example_dags/example_branch_operator_decorator.py
[2025-12-17T17:20:37.534+0000] {processor.py:830} INFO - Processing file /home/airflow/.local/lib/python3.12/site-packages/airflow/example_dags/example_branch_operator_decorator.py for tasks to queue
[2025-12-17T17:20:37.535+0000] {logging_mixin.py:188} INFO - [2025-12-17T17:20:37.535+0000] {dagbag.py:545} INFO - Filling up the DagBag from /home/airflow/.local/lib/python3.12/site-packages/airflow/example_dags/example_branch_operator_decorator.py
[2025-12-17T17:20:37.545+0000] {processor.py:840} INFO - DAG(s) 'example_branch_python_operator_decorator' retrieved from /home/airflow/.local/lib/python3.12/site-packages/airflow/example_dags/example_branch_operator_decorator.py
[2025-12-17T17:20:37.563+0000] {logging_mixin.py:188} INFO - [2025-12-17T17:20:37.563+0000] {dag.py:3089} INFO - Sync 1 DAGs
[2025-12-17T17:20:37.572+0000] {logging_mixin.py:188} INFO - [2025-12-17T17:20:37.572+0000] {dag.py:3947} INFO - Setting next_dagrun for example_branch_python_operator_decorator to 2025-12-16 00:00:00+00:00, run_after=2025-12-17 00:00:00+00:00
[2025-12-17T17:20:37.580+0000] {processor.py:183} INFO - Processing /home/airflow/.local/lib/python3.12/site-packages/airflow/example_dags/example_branch_operator_decorator.py took 0.051 seconds
[2025-12-17T18:07:06.832+0000] {processor.py:161} INFO - Started process (PID=42763) to work on /home/airflow/.local/lib/python3.12/site-packages/airflow/example_dags/example_branch_operator_decorator.py
[2025-12-17T18:07:06.835+0000] {processor.py:830} INFO - Processing file /home/airflow/.local/lib/python3.12/site-packages/airflow/example_dags/example_branch_operator_decorator.py for tasks to queue
[2025-12-17T18:07:06.836+0000] {logging_mixin.py:188} INFO - [2025-12-17T18:07:06.836+0000] {dagbag.py:545} INFO - Filling up the DagBag from /home/airflow/.local/lib/python3.12/site-packages/airflow/example_dags/example_branch_operator_decorator.py
[2025-12-17T18:07:06.847+0000] {processor.py:840} INFO - DAG(s) 'example_branch_python_operator_decorator' retrieved from /home/airflow/.local/lib/python3.12/site-packages/airflow/example_dags/example_branch_operator_decorator.py
[2025-12-17T18:07:06.867+0000] {logging_mixin.py:188} INFO - [2025-12-17T18:07:06.867+0000] {dag.py:3089} INFO - Sync 1 DAGs
[2025-12-17T18:07:06.879+0000] {logging_mixin.py:188} INFO - [2025-12-17T18:07:06.879+0000] {dag.py:3947} INFO - Setting next_dagrun for example_branch_python_operator_decorator to 2025-12-16 00:00:00+00:00, run_after=2025-12-17 00:00:00+00:00
[2025-12-17T18:07:06.889+0000] {processor.py:183} INFO - Processing /home/airflow/.local/lib/python3.12/site-packages/airflow/example_dags/example_branch_operator_decorator.py took 0.062 seconds
[2025-12-17T18:26:57.460+0000] {processor.py:161} INFO - Started process (PID=42822) to work on /home/airflow/.local/lib/python3.12/site-packages/airflow/example_dags/example_branch_operator_decorator.py
[2025-12-17T18:26:57.461+0000] {processor.py:830} INFO - Processing file /home/airflow/.local/lib/python3.12/site-packages/airflow/example_dags/example_branch_operator_decorator.py for tasks to queue
[2025-12-17T18:26:57.461+0000] {logging_mixin.py:188} INFO - [2025-12-17T18:26:57.461+0000] {dagbag.py:545} INFO - Filling up the DagBag from /home/airflow/.local/lib/python3.12/site-packages/airflow/example_dags/example_branch_operator_decorator.py
[2025-12-17T18:26:57.470+0000] {processor.py:840} INFO - DAG(s) 'example_branch_python_operator_decorator' retrieved from /home/airflow/.local/lib/python3.12/site-packages/airflow/example_dags/example_branch_operator_decorator.py
[2025-12-17T18:26:57.482+0000] {logging_mixin.py:188} INFO - [2025-12-17T18:26:57.482+0000] {dag.py:3089} INFO - Sync 1 DAGs
[2025-12-17T18:26:57.491+0000] {logging_mixin.py:188} INFO - [2025-12-17T18:26:57.491+0000] {dag.py:3947} INFO - Setting next_dagrun for example_branch_python_operator_decorator to 2025-12-16 00:00:00+00:00, run_after=2025-12-17 00:00:00+00:00
[2025-12-17T18:26:57.498+0000] {processor.py:183} INFO - Processing /home/airflow/.local/lib/python3.12/site-packages/airflow/example_dags/example_branch_operator_decorator.py took 0.041 seconds
[2025-12-17T19:41:41.955+0000] {processor.py:161} INFO - Started process (PID=42881) to work on /home/airflow/.local/lib/python3.12/site-packages/airflow/example_dags/example_branch_operator_decorator.py
[2025-12-17T19:41:41.956+0000] {processor.py:830} INFO - Processing file /home/airflow/.local/lib/python3.12/site-packages/airflow/example_dags/example_branch_operator_decorator.py for tasks to queue
[2025-12-17T19:41:41.957+0000] {logging_mixin.py:188} INFO - [2025-12-17T19:41:41.956+0000] {dagbag.py:545} INFO - Filling up the DagBag from /home/airflow/.local/lib/python3.12/site-packages/airflow/example_dags/example_branch_operator_decorator.py
[2025-12-17T19:41:41.966+0000] {processor.py:840} INFO - DAG(s) 'example_branch_python_operator_decorator' retrieved from /home/airflow/.local/lib/python3.12/site-packages/airflow/example_dags/example_branch_operator_decorator.py
[2025-12-17T19:41:41.978+0000] {logging_mixin.py:188} INFO - [2025-12-17T19:41:41.978+0000] {dag.py:3089} INFO - Sync 1 DAGs
[2025-12-17T19:41:41.986+0000] {logging_mixin.py:188} INFO - [2025-12-17T19:41:41.986+0000] {dag.py:3947} INFO - Setting next_dagrun for example_branch_python_operator_decorator to 2025-12-16 00:00:00+00:00, run_after=2025-12-17 00:00:00+00:00
[2025-12-17T19:41:41.993+0000] {processor.py:183} INFO - Processing /home/airflow/.local/lib/python3.12/site-packages/airflow/example_dags/example_branch_operator_decorator.py took 0.044 seconds
[2025-12-17T21:17:13.996+0000] {processor.py:161} INFO - Started process (PID=42940) to work on /home/airflow/.local/lib/python3.12/site-packages/airflow/example_dags/example_branch_operator_decorator.py
[2025-12-17T21:17:13.997+0000] {processor.py:830} INFO - Processing file /home/airflow/.local/lib/python3.12/site-packages/airflow/example_dags/example_branch_operator_decorator.py for tasks to queue
[2025-12-17T21:17:13.998+0000] {logging_mixin.py:188} INFO - [2025-12-17T21:17:13.998+0000] {dagbag.py:545} INFO - Filling up the DagBag from /home/airflow/.local/lib/python3.12/site-packages/airflow/example_dags/example_branch_operator_decorator.py
[2025-12-17T21:17:14.007+0000] {processor.py:840} INFO - DAG(s) 'example_branch_python_operator_decorator' retrieved from /home/airflow/.local/lib/python3.12/site-packages/airflow/example_dags/example_branch_operator_decorator.py
[2025-12-17T21:17:14.023+0000] {logging_mixin.py:188} INFO - [2025-12-17T21:17:14.023+0000] {dag.py:3089} INFO - Sync 1 DAGs
[2025-12-17T21:17:14.034+0000] {logging_mixin.py:188} INFO - [2025-12-17T21:17:14.034+0000] {dag.py:3947} INFO - Setting next_dagrun for example_branch_python_operator_decorator to 2025-12-16 00:00:00+00:00, run_after=2025-12-17 00:00:00+00:00
[2025-12-17T21:17:14.042+0000] {processor.py:183} INFO - Processing /home/airflow/.local/lib/python3.12/site-packages/airflow/example_dags/example_branch_operator_decorator.py took 0.052 seconds
[2025-12-17T22:30:36.966+0000] {processor.py:161} INFO - Started process (PID=42999) to work on /home/airflow/.local/lib/python3.12/site-packages/airflow/example_dags/example_branch_operator_decorator.py
[2025-12-17T22:30:36.967+0000] {processor.py:830} INFO - Processing file /home/airflow/.local/lib/python3.12/site-packages/airflow/example_dags/example_branch_operator_decorator.py for tasks to queue
[2025-12-17T22:30:36.967+0000] {logging_mixin.py:188} INFO - [2025-12-17T22:30:36.967+0000] {dagbag.py:545} INFO - Filling up the DagBag from /home/airflow/.local/lib/python3.12/site-packages/airflow/example_dags/example_branch_operator_decorator.py
[2025-12-17T22:30:36.976+0000] {processor.py:840} INFO - DAG(s) 'example_branch_python_operator_decorator' retrieved from /home/airflow/.local/lib/python3.12/site-packages/airflow/example_dags/example_branch_operator_decorator.py
[2025-12-17T22:30:36.991+0000] {logging_mixin.py:188} INFO - [2025-12-17T22:30:36.991+0000] {dag.py:3089} INFO - Sync 1 DAGs
[2025-12-17T22:30:36.999+0000] {logging_mixin.py:188} INFO - [2025-12-17T22:30:36.999+0000] {dag.py:3947} INFO - Setting next_dagrun for example_branch_python_operator_decorator to 2025-12-16 00:00:00+00:00, run_after=2025-12-17 00:00:00+00:00
[2025-12-17T22:30:37.012+0000] {processor.py:183} INFO - Processing /home/airflow/.local/lib/python3.12/site-packages/airflow/example_dags/example_branch_operator_decorator.py took 0.048 seconds
