[2025-12-17T00:49:45.082+0000] {processor.py:161} INFO - Started process (PID=41729) to work on /home/airflow/.local/lib/python3.12/site-packages/airflow/example_dags/example_params_trigger_ui.py
[2025-12-17T00:49:45.083+0000] {processor.py:830} INFO - Processing file /home/airflow/.local/lib/python3.12/site-packages/airflow/example_dags/example_params_trigger_ui.py for tasks to queue
[2025-12-17T00:49:45.084+0000] {logging_mixin.py:188} INFO - [2025-12-17T00:49:45.084+0000] {dagbag.py:545} INFO - Filling up the DagBag from /home/airflow/.local/lib/python3.12/site-packages/airflow/example_dags/example_params_trigger_ui.py
[2025-12-17T00:49:45.089+0000] {processor.py:840} INFO - DAG(s) 'example_params_trigger_ui' retrieved from /home/airflow/.local/lib/python3.12/site-packages/airflow/example_dags/example_params_trigger_ui.py
[2025-12-17T00:49:45.109+0000] {logging_mixin.py:188} INFO - [2025-12-17T00:49:45.109+0000] {dag.py:3089} INFO - Sync 1 DAGs
[2025-12-17T00:49:45.115+0000] {logging_mixin.py:188} INFO - [2025-12-17T00:49:45.115+0000] {dag.py:3947} INFO - Setting next_dagrun for example_params_trigger_ui to None, run_after=None
[2025-12-17T00:49:45.125+0000] {processor.py:183} INFO - Processing /home/airflow/.local/lib/python3.12/site-packages/airflow/example_dags/example_params_trigger_ui.py took 0.046 seconds
[2025-12-17T01:13:20.646+0000] {processor.py:161} INFO - Started process (PID=41788) to work on /home/airflow/.local/lib/python3.12/site-packages/airflow/example_dags/example_params_trigger_ui.py
[2025-12-17T01:13:20.646+0000] {processor.py:830} INFO - Processing file /home/airflow/.local/lib/python3.12/site-packages/airflow/example_dags/example_params_trigger_ui.py for tasks to queue
[2025-12-17T01:13:20.650+0000] {logging_mixin.py:188} INFO - [2025-12-17T01:13:20.650+0000] {dagbag.py:545} INFO - Filling up the DagBag from /home/airflow/.local/lib/python3.12/site-packages/airflow/example_dags/example_params_trigger_ui.py
[2025-12-17T01:13:20.655+0000] {processor.py:840} INFO - DAG(s) 'example_params_trigger_ui' retrieved from /home/airflow/.local/lib/python3.12/site-packages/airflow/example_dags/example_params_trigger_ui.py
[2025-12-17T01:13:20.679+0000] {logging_mixin.py:188} INFO - [2025-12-17T01:13:20.679+0000] {dag.py:3089} INFO - Sync 1 DAGs
[2025-12-17T01:13:20.684+0000] {logging_mixin.py:188} INFO - [2025-12-17T01:13:20.684+0000] {dag.py:3947} INFO - Setting next_dagrun for example_params_trigger_ui to None, run_after=None
[2025-12-17T01:13:20.693+0000] {processor.py:183} INFO - Processing /home/airflow/.local/lib/python3.12/site-packages/airflow/example_dags/example_params_trigger_ui.py took 0.051 seconds
[2025-12-17T02:08:59.321+0000] {processor.py:161} INFO - Started process (PID=41847) to work on /home/airflow/.local/lib/python3.12/site-packages/airflow/example_dags/example_params_trigger_ui.py
[2025-12-17T02:08:59.321+0000] {processor.py:830} INFO - Processing file /home/airflow/.local/lib/python3.12/site-packages/airflow/example_dags/example_params_trigger_ui.py for tasks to queue
[2025-12-17T02:08:59.323+0000] {logging_mixin.py:188} INFO - [2025-12-17T02:08:59.323+0000] {dagbag.py:545} INFO - Filling up the DagBag from /home/airflow/.local/lib/python3.12/site-packages/airflow/example_dags/example_params_trigger_ui.py
[2025-12-17T02:08:59.329+0000] {processor.py:840} INFO - DAG(s) 'example_params_trigger_ui' retrieved from /home/airflow/.local/lib/python3.12/site-packages/airflow/example_dags/example_params_trigger_ui.py
[2025-12-17T02:08:59.347+0000] {logging_mixin.py:188} INFO - [2025-12-17T02:08:59.347+0000] {dag.py:3089} INFO - Sync 1 DAGs
[2025-12-17T02:08:59.352+0000] {logging_mixin.py:188} INFO - [2025-12-17T02:08:59.352+0000] {dag.py:3947} INFO - Setting next_dagrun for example_params_trigger_ui to None, run_after=None
[2025-12-17T02:08:59.368+0000] {processor.py:183} INFO - Processing /home/airflow/.local/lib/python3.12/site-packages/airflow/example_dags/example_params_trigger_ui.py took 0.051 seconds
[2025-12-17T02:38:03.458+0000] {processor.py:161} INFO - Started process (PID=41906) to work on /home/airflow/.local/lib/python3.12/site-packages/airflow/example_dags/example_params_trigger_ui.py
[2025-12-17T02:38:03.461+0000] {processor.py:830} INFO - Processing file /home/airflow/.local/lib/python3.12/site-packages/airflow/example_dags/example_params_trigger_ui.py for tasks to queue
[2025-12-17T02:38:03.461+0000] {logging_mixin.py:188} INFO - [2025-12-17T02:38:03.461+0000] {dagbag.py:545} INFO - Filling up the DagBag from /home/airflow/.local/lib/python3.12/site-packages/airflow/example_dags/example_params_trigger_ui.py
[2025-12-17T02:38:03.467+0000] {processor.py:840} INFO - DAG(s) 'example_params_trigger_ui' retrieved from /home/airflow/.local/lib/python3.12/site-packages/airflow/example_dags/example_params_trigger_ui.py
[2025-12-17T02:38:03.490+0000] {logging_mixin.py:188} INFO - [2025-12-17T02:38:03.490+0000] {dag.py:3089} INFO - Sync 1 DAGs
[2025-12-17T02:38:03.495+0000] {logging_mixin.py:188} INFO - [2025-12-17T02:38:03.495+0000] {dag.py:3947} INFO - Setting next_dagrun for example_params_trigger_ui to None, run_after=None
[2025-12-17T02:38:03.506+0000] {processor.py:183} INFO - Processing /home/airflow/.local/lib/python3.12/site-packages/airflow/example_dags/example_params_trigger_ui.py took 0.051 seconds
[2025-12-17T03:29:16.904+0000] {processor.py:161} INFO - Started process (PID=41965) to work on /home/airflow/.local/lib/python3.12/site-packages/airflow/example_dags/example_params_trigger_ui.py
[2025-12-17T03:29:16.904+0000] {processor.py:830} INFO - Processing file /home/airflow/.local/lib/python3.12/site-packages/airflow/example_dags/example_params_trigger_ui.py for tasks to queue
[2025-12-17T03:29:16.905+0000] {logging_mixin.py:188} INFO - [2025-12-17T03:29:16.904+0000] {dagbag.py:545} INFO - Filling up the DagBag from /home/airflow/.local/lib/python3.12/site-packages/airflow/example_dags/example_params_trigger_ui.py
[2025-12-17T03:29:16.910+0000] {processor.py:840} INFO - DAG(s) 'example_params_trigger_ui' retrieved from /home/airflow/.local/lib/python3.12/site-packages/airflow/example_dags/example_params_trigger_ui.py
[2025-12-17T03:29:17.016+0000] {logging_mixin.py:188} INFO - [2025-12-17T03:29:17.016+0000] {dag.py:3089} INFO - Sync 1 DAGs
[2025-12-17T03:29:17.021+0000] {logging_mixin.py:188} INFO - [2025-12-17T03:29:17.021+0000] {dag.py:3947} INFO - Setting next_dagrun for example_params_trigger_ui to None, run_after=None
[2025-12-17T03:29:17.035+0000] {processor.py:183} INFO - Processing /home/airflow/.local/lib/python3.12/site-packages/airflow/example_dags/example_params_trigger_ui.py took 0.134 seconds
[2025-12-17T03:53:43.643+0000] {processor.py:161} INFO - Started process (PID=42024) to work on /home/airflow/.local/lib/python3.12/site-packages/airflow/example_dags/example_params_trigger_ui.py
[2025-12-17T03:53:43.647+0000] {processor.py:830} INFO - Processing file /home/airflow/.local/lib/python3.12/site-packages/airflow/example_dags/example_params_trigger_ui.py for tasks to queue
[2025-12-17T03:53:43.647+0000] {logging_mixin.py:188} INFO - [2025-12-17T03:53:43.647+0000] {dagbag.py:545} INFO - Filling up the DagBag from /home/airflow/.local/lib/python3.12/site-packages/airflow/example_dags/example_params_trigger_ui.py
[2025-12-17T03:53:43.653+0000] {processor.py:840} INFO - DAG(s) 'example_params_trigger_ui' retrieved from /home/airflow/.local/lib/python3.12/site-packages/airflow/example_dags/example_params_trigger_ui.py
[2025-12-17T03:53:43.678+0000] {logging_mixin.py:188} INFO - [2025-12-17T03:53:43.678+0000] {dag.py:3089} INFO - Sync 1 DAGs
[2025-12-17T03:53:43.687+0000] {logging_mixin.py:188} INFO - [2025-12-17T03:53:43.687+0000] {dag.py:3947} INFO - Setting next_dagrun for example_params_trigger_ui to None, run_after=None
[2025-12-17T03:53:43.696+0000] {processor.py:183} INFO - Processing /home/airflow/.local/lib/python3.12/site-packages/airflow/example_dags/example_params_trigger_ui.py took 0.056 seconds
[2025-12-17T04:54:46.565+0000] {processor.py:161} INFO - Started process (PID=42083) to work on /home/airflow/.local/lib/python3.12/site-packages/airflow/example_dags/example_params_trigger_ui.py
[2025-12-17T04:54:46.567+0000] {processor.py:830} INFO - Processing file /home/airflow/.local/lib/python3.12/site-packages/airflow/example_dags/example_params_trigger_ui.py for tasks to queue
[2025-12-17T04:54:46.568+0000] {logging_mixin.py:188} INFO - [2025-12-17T04:54:46.567+0000] {dagbag.py:545} INFO - Filling up the DagBag from /home/airflow/.local/lib/python3.12/site-packages/airflow/example_dags/example_params_trigger_ui.py
[2025-12-17T04:54:46.573+0000] {processor.py:840} INFO - DAG(s) 'example_params_trigger_ui' retrieved from /home/airflow/.local/lib/python3.12/site-packages/airflow/example_dags/example_params_trigger_ui.py
[2025-12-17T04:54:46.599+0000] {logging_mixin.py:188} INFO - [2025-12-17T04:54:46.599+0000] {dag.py:3089} INFO - Sync 1 DAGs
[2025-12-17T04:54:46.605+0000] {logging_mixin.py:188} INFO - [2025-12-17T04:54:46.605+0000] {dag.py:3947} INFO - Setting next_dagrun for example_params_trigger_ui to None, run_after=None
[2025-12-17T04:54:46.616+0000] {processor.py:183} INFO - Processing /home/airflow/.local/lib/python3.12/site-packages/airflow/example_dags/example_params_trigger_ui.py took 0.055 seconds
[2025-12-17T06:11:25.833+0000] {processor.py:161} INFO - Started process (PID=42142) to work on /home/airflow/.local/lib/python3.12/site-packages/airflow/example_dags/example_params_trigger_ui.py
[2025-12-17T06:11:25.834+0000] {processor.py:830} INFO - Processing file /home/airflow/.local/lib/python3.12/site-packages/airflow/example_dags/example_params_trigger_ui.py for tasks to queue
[2025-12-17T06:11:25.834+0000] {logging_mixin.py:188} INFO - [2025-12-17T06:11:25.834+0000] {dagbag.py:545} INFO - Filling up the DagBag from /home/airflow/.local/lib/python3.12/site-packages/airflow/example_dags/example_params_trigger_ui.py
[2025-12-17T06:11:25.839+0000] {processor.py:840} INFO - DAG(s) 'example_params_trigger_ui' retrieved from /home/airflow/.local/lib/python3.12/site-packages/airflow/example_dags/example_params_trigger_ui.py
[2025-12-17T06:11:25.860+0000] {logging_mixin.py:188} INFO - [2025-12-17T06:11:25.860+0000] {dag.py:3089} INFO - Sync 1 DAGs
[2025-12-17T06:11:25.866+0000] {logging_mixin.py:188} INFO - [2025-12-17T06:11:25.865+0000] {dag.py:3947} INFO - Setting next_dagrun for example_params_trigger_ui to None, run_after=None
[2025-12-17T06:11:25.878+0000] {processor.py:183} INFO - Processing /home/airflow/.local/lib/python3.12/site-packages/airflow/example_dags/example_params_trigger_ui.py took 0.048 seconds
[2025-12-17T07:48:05.882+0000] {processor.py:161} INFO - Started process (PID=42201) to work on /home/airflow/.local/lib/python3.12/site-packages/airflow/example_dags/example_params_trigger_ui.py
[2025-12-17T07:48:05.884+0000] {processor.py:830} INFO - Processing file /home/airflow/.local/lib/python3.12/site-packages/airflow/example_dags/example_params_trigger_ui.py for tasks to queue
[2025-12-17T07:48:05.885+0000] {logging_mixin.py:188} INFO - [2025-12-17T07:48:05.885+0000] {dagbag.py:545} INFO - Filling up the DagBag from /home/airflow/.local/lib/python3.12/site-packages/airflow/example_dags/example_params_trigger_ui.py
[2025-12-17T07:48:05.889+0000] {processor.py:840} INFO - DAG(s) 'example_params_trigger_ui' retrieved from /home/airflow/.local/lib/python3.12/site-packages/airflow/example_dags/example_params_trigger_ui.py
[2025-12-17T07:48:05.905+0000] {logging_mixin.py:188} INFO - [2025-12-17T07:48:05.905+0000] {dag.py:3089} INFO - Sync 1 DAGs
[2025-12-17T07:48:05.910+0000] {logging_mixin.py:188} INFO - [2025-12-17T07:48:05.910+0000] {dag.py:3947} INFO - Setting next_dagrun for example_params_trigger_ui to None, run_after=None
[2025-12-17T07:48:05.918+0000] {processor.py:183} INFO - Processing /home/airflow/.local/lib/python3.12/site-packages/airflow/example_dags/example_params_trigger_ui.py took 0.040 seconds
[2025-12-17T08:58:45.963+0000] {processor.py:161} INFO - Started process (PID=42260) to work on /home/airflow/.local/lib/python3.12/site-packages/airflow/example_dags/example_params_trigger_ui.py
[2025-12-17T08:58:45.964+0000] {processor.py:830} INFO - Processing file /home/airflow/.local/lib/python3.12/site-packages/airflow/example_dags/example_params_trigger_ui.py for tasks to queue
[2025-12-17T08:58:45.965+0000] {logging_mixin.py:188} INFO - [2025-12-17T08:58:45.965+0000] {dagbag.py:545} INFO - Filling up the DagBag from /home/airflow/.local/lib/python3.12/site-packages/airflow/example_dags/example_params_trigger_ui.py
[2025-12-17T08:58:45.971+0000] {processor.py:840} INFO - DAG(s) 'example_params_trigger_ui' retrieved from /home/airflow/.local/lib/python3.12/site-packages/airflow/example_dags/example_params_trigger_ui.py
[2025-12-17T08:58:45.994+0000] {logging_mixin.py:188} INFO - [2025-12-17T08:58:45.994+0000] {dag.py:3089} INFO - Sync 1 DAGs
[2025-12-17T08:58:46.002+0000] {logging_mixin.py:188} INFO - [2025-12-17T08:58:46.002+0000] {dag.py:3947} INFO - Setting next_dagrun for example_params_trigger_ui to None, run_after=None
[2025-12-17T08:58:46.016+0000] {processor.py:183} INFO - Processing /home/airflow/.local/lib/python3.12/site-packages/airflow/example_dags/example_params_trigger_ui.py took 0.057 seconds
[2025-12-17T09:21:00.713+0000] {processor.py:161} INFO - Started process (PID=42319) to work on /home/airflow/.local/lib/python3.12/site-packages/airflow/example_dags/example_params_trigger_ui.py
[2025-12-17T09:21:00.714+0000] {processor.py:830} INFO - Processing file /home/airflow/.local/lib/python3.12/site-packages/airflow/example_dags/example_params_trigger_ui.py for tasks to queue
[2025-12-17T09:21:00.715+0000] {logging_mixin.py:188} INFO - [2025-12-17T09:21:00.715+0000] {dagbag.py:545} INFO - Filling up the DagBag from /home/airflow/.local/lib/python3.12/site-packages/airflow/example_dags/example_params_trigger_ui.py
[2025-12-17T09:21:00.721+0000] {processor.py:840} INFO - DAG(s) 'example_params_trigger_ui' retrieved from /home/airflow/.local/lib/python3.12/site-packages/airflow/example_dags/example_params_trigger_ui.py
[2025-12-17T09:21:00.738+0000] {logging_mixin.py:188} INFO - [2025-12-17T09:21:00.738+0000] {dag.py:3089} INFO - Sync 1 DAGs
[2025-12-17T09:21:00.743+0000] {logging_mixin.py:188} INFO - [2025-12-17T09:21:00.743+0000] {dag.py:3947} INFO - Setting next_dagrun for example_params_trigger_ui to None, run_after=None
[2025-12-17T09:21:00.752+0000] {processor.py:183} INFO - Processing /home/airflow/.local/lib/python3.12/site-packages/airflow/example_dags/example_params_trigger_ui.py took 0.043 seconds
[2025-12-17T10:31:20.984+0000] {processor.py:161} INFO - Started process (PID=42378) to work on /home/airflow/.local/lib/python3.12/site-packages/airflow/example_dags/example_params_trigger_ui.py
[2025-12-17T10:31:20.986+0000] {processor.py:830} INFO - Processing file /home/airflow/.local/lib/python3.12/site-packages/airflow/example_dags/example_params_trigger_ui.py for tasks to queue
[2025-12-17T10:31:20.986+0000] {logging_mixin.py:188} INFO - [2025-12-17T10:31:20.986+0000] {dagbag.py:545} INFO - Filling up the DagBag from /home/airflow/.local/lib/python3.12/site-packages/airflow/example_dags/example_params_trigger_ui.py
[2025-12-17T10:31:20.991+0000] {processor.py:840} INFO - DAG(s) 'example_params_trigger_ui' retrieved from /home/airflow/.local/lib/python3.12/site-packages/airflow/example_dags/example_params_trigger_ui.py
[2025-12-17T10:31:21.009+0000] {logging_mixin.py:188} INFO - [2025-12-17T10:31:21.008+0000] {dag.py:3089} INFO - Sync 1 DAGs
[2025-12-17T10:31:21.014+0000] {logging_mixin.py:188} INFO - [2025-12-17T10:31:21.014+0000] {dag.py:3947} INFO - Setting next_dagrun for example_params_trigger_ui to None, run_after=None
[2025-12-17T10:31:21.021+0000] {processor.py:183} INFO - Processing /home/airflow/.local/lib/python3.12/site-packages/airflow/example_dags/example_params_trigger_ui.py took 0.040 seconds
[2025-12-17T11:32:05.587+0000] {processor.py:161} INFO - Started process (PID=42437) to work on /home/airflow/.local/lib/python3.12/site-packages/airflow/example_dags/example_params_trigger_ui.py
[2025-12-17T11:32:05.587+0000] {processor.py:830} INFO - Processing file /home/airflow/.local/lib/python3.12/site-packages/airflow/example_dags/example_params_trigger_ui.py for tasks to queue
[2025-12-17T11:32:05.588+0000] {logging_mixin.py:188} INFO - [2025-12-17T11:32:05.588+0000] {dagbag.py:545} INFO - Filling up the DagBag from /home/airflow/.local/lib/python3.12/site-packages/airflow/example_dags/example_params_trigger_ui.py
[2025-12-17T11:32:05.595+0000] {processor.py:840} INFO - DAG(s) 'example_params_trigger_ui' retrieved from /home/airflow/.local/lib/python3.12/site-packages/airflow/example_dags/example_params_trigger_ui.py
[2025-12-17T11:32:05.612+0000] {logging_mixin.py:188} INFO - [2025-12-17T11:32:05.612+0000] {dag.py:3089} INFO - Sync 1 DAGs
[2025-12-17T11:32:05.619+0000] {logging_mixin.py:188} INFO - [2025-12-17T11:32:05.619+0000] {dag.py:3947} INFO - Setting next_dagrun for example_params_trigger_ui to None, run_after=None
[2025-12-17T11:32:05.627+0000] {processor.py:183} INFO - Processing /home/airflow/.local/lib/python3.12/site-packages/airflow/example_dags/example_params_trigger_ui.py took 0.043 seconds
[2025-12-17T12:33:35.279+0000] {processor.py:161} INFO - Started process (PID=42496) to work on /home/airflow/.local/lib/python3.12/site-packages/airflow/example_dags/example_params_trigger_ui.py
[2025-12-17T12:33:35.279+0000] {processor.py:830} INFO - Processing file /home/airflow/.local/lib/python3.12/site-packages/airflow/example_dags/example_params_trigger_ui.py for tasks to queue
[2025-12-17T12:33:35.280+0000] {logging_mixin.py:188} INFO - [2025-12-17T12:33:35.279+0000] {dagbag.py:545} INFO - Filling up the DagBag from /home/airflow/.local/lib/python3.12/site-packages/airflow/example_dags/example_params_trigger_ui.py
[2025-12-17T12:33:35.284+0000] {processor.py:840} INFO - DAG(s) 'example_params_trigger_ui' retrieved from /home/airflow/.local/lib/python3.12/site-packages/airflow/example_dags/example_params_trigger_ui.py
[2025-12-17T12:33:35.308+0000] {logging_mixin.py:188} INFO - [2025-12-17T12:33:35.308+0000] {dag.py:3089} INFO - Sync 1 DAGs
[2025-12-17T12:33:35.314+0000] {logging_mixin.py:188} INFO - [2025-12-17T12:33:35.314+0000] {dag.py:3947} INFO - Setting next_dagrun for example_params_trigger_ui to None, run_after=None
[2025-12-17T12:33:35.324+0000] {processor.py:183} INFO - Processing /home/airflow/.local/lib/python3.12/site-packages/airflow/example_dags/example_params_trigger_ui.py took 0.049 seconds
[2025-12-17T13:42:10.197+0000] {processor.py:161} INFO - Started process (PID=42555) to work on /home/airflow/.local/lib/python3.12/site-packages/airflow/example_dags/example_params_trigger_ui.py
[2025-12-17T13:42:10.198+0000] {processor.py:830} INFO - Processing file /home/airflow/.local/lib/python3.12/site-packages/airflow/example_dags/example_params_trigger_ui.py for tasks to queue
[2025-12-17T13:42:10.198+0000] {logging_mixin.py:188} INFO - [2025-12-17T13:42:10.198+0000] {dagbag.py:545} INFO - Filling up the DagBag from /home/airflow/.local/lib/python3.12/site-packages/airflow/example_dags/example_params_trigger_ui.py
[2025-12-17T13:42:10.203+0000] {processor.py:840} INFO - DAG(s) 'example_params_trigger_ui' retrieved from /home/airflow/.local/lib/python3.12/site-packages/airflow/example_dags/example_params_trigger_ui.py
[2025-12-17T13:42:10.224+0000] {logging_mixin.py:188} INFO - [2025-12-17T13:42:10.224+0000] {dag.py:3089} INFO - Sync 1 DAGs
[2025-12-17T13:42:10.230+0000] {logging_mixin.py:188} INFO - [2025-12-17T13:42:10.229+0000] {dag.py:3947} INFO - Setting next_dagrun for example_params_trigger_ui to None, run_after=None
[2025-12-17T13:42:10.238+0000] {processor.py:183} INFO - Processing /home/airflow/.local/lib/python3.12/site-packages/airflow/example_dags/example_params_trigger_ui.py took 0.044 seconds
[2025-12-17T14:56:28.332+0000] {processor.py:161} INFO - Started process (PID=42614) to work on /home/airflow/.local/lib/python3.12/site-packages/airflow/example_dags/example_params_trigger_ui.py
[2025-12-17T14:56:28.332+0000] {processor.py:830} INFO - Processing file /home/airflow/.local/lib/python3.12/site-packages/airflow/example_dags/example_params_trigger_ui.py for tasks to queue
[2025-12-17T14:56:28.333+0000] {logging_mixin.py:188} INFO - [2025-12-17T14:56:28.333+0000] {dagbag.py:545} INFO - Filling up the DagBag from /home/airflow/.local/lib/python3.12/site-packages/airflow/example_dags/example_params_trigger_ui.py
[2025-12-17T14:56:28.339+0000] {processor.py:840} INFO - DAG(s) 'example_params_trigger_ui' retrieved from /home/airflow/.local/lib/python3.12/site-packages/airflow/example_dags/example_params_trigger_ui.py
[2025-12-17T14:56:28.357+0000] {logging_mixin.py:188} INFO - [2025-12-17T14:56:28.357+0000] {dag.py:3089} INFO - Sync 1 DAGs
[2025-12-17T14:56:28.362+0000] {logging_mixin.py:188} INFO - [2025-12-17T14:56:28.362+0000] {dag.py:3947} INFO - Setting next_dagrun for example_params_trigger_ui to None, run_after=None
[2025-12-17T14:56:28.370+0000] {processor.py:183} INFO - Processing /home/airflow/.local/lib/python3.12/site-packages/airflow/example_dags/example_params_trigger_ui.py took 0.040 seconds
[2025-12-17T16:05:46.925+0000] {processor.py:161} INFO - Started process (PID=42673) to work on /home/airflow/.local/lib/python3.12/site-packages/airflow/example_dags/example_params_trigger_ui.py
[2025-12-17T16:05:46.927+0000] {processor.py:830} INFO - Processing file /home/airflow/.local/lib/python3.12/site-packages/airflow/example_dags/example_params_trigger_ui.py for tasks to queue
[2025-12-17T16:05:46.927+0000] {logging_mixin.py:188} INFO - [2025-12-17T16:05:46.927+0000] {dagbag.py:545} INFO - Filling up the DagBag from /home/airflow/.local/lib/python3.12/site-packages/airflow/example_dags/example_params_trigger_ui.py
[2025-12-17T16:05:46.934+0000] {processor.py:840} INFO - DAG(s) 'example_params_trigger_ui' retrieved from /home/airflow/.local/lib/python3.12/site-packages/airflow/example_dags/example_params_trigger_ui.py
[2025-12-17T16:05:46.966+0000] {logging_mixin.py:188} INFO - [2025-12-17T16:05:46.966+0000] {dag.py:3089} INFO - Sync 1 DAGs
[2025-12-17T16:05:46.974+0000] {logging_mixin.py:188} INFO - [2025-12-17T16:05:46.974+0000] {dag.py:3947} INFO - Setting next_dagrun for example_params_trigger_ui to None, run_after=None
[2025-12-17T16:05:46.995+0000] {processor.py:183} INFO - Processing /home/airflow/.local/lib/python3.12/site-packages/airflow/example_dags/example_params_trigger_ui.py took 0.076 seconds
[2025-12-17T17:20:38.348+0000] {processor.py:161} INFO - Started process (PID=42732) to work on /home/airflow/.local/lib/python3.12/site-packages/airflow/example_dags/example_params_trigger_ui.py
[2025-12-17T17:20:38.348+0000] {processor.py:830} INFO - Processing file /home/airflow/.local/lib/python3.12/site-packages/airflow/example_dags/example_params_trigger_ui.py for tasks to queue
[2025-12-17T17:20:38.349+0000] {logging_mixin.py:188} INFO - [2025-12-17T17:20:38.349+0000] {dagbag.py:545} INFO - Filling up the DagBag from /home/airflow/.local/lib/python3.12/site-packages/airflow/example_dags/example_params_trigger_ui.py
[2025-12-17T17:20:38.354+0000] {processor.py:840} INFO - DAG(s) 'example_params_trigger_ui' retrieved from /home/airflow/.local/lib/python3.12/site-packages/airflow/example_dags/example_params_trigger_ui.py
[2025-12-17T17:20:38.371+0000] {logging_mixin.py:188} INFO - [2025-12-17T17:20:38.371+0000] {dag.py:3089} INFO - Sync 1 DAGs
[2025-12-17T17:20:38.378+0000] {logging_mixin.py:188} INFO - [2025-12-17T17:20:38.378+0000] {dag.py:3947} INFO - Setting next_dagrun for example_params_trigger_ui to None, run_after=None
[2025-12-17T17:20:38.393+0000] {processor.py:183} INFO - Processing /home/airflow/.local/lib/python3.12/site-packages/airflow/example_dags/example_params_trigger_ui.py took 0.049 seconds
[2025-12-17T18:07:07.653+0000] {processor.py:161} INFO - Started process (PID=42791) to work on /home/airflow/.local/lib/python3.12/site-packages/airflow/example_dags/example_params_trigger_ui.py
[2025-12-17T18:07:07.657+0000] {processor.py:830} INFO - Processing file /home/airflow/.local/lib/python3.12/site-packages/airflow/example_dags/example_params_trigger_ui.py for tasks to queue
[2025-12-17T18:07:07.657+0000] {logging_mixin.py:188} INFO - [2025-12-17T18:07:07.657+0000] {dagbag.py:545} INFO - Filling up the DagBag from /home/airflow/.local/lib/python3.12/site-packages/airflow/example_dags/example_params_trigger_ui.py
[2025-12-17T18:07:07.662+0000] {processor.py:840} INFO - DAG(s) 'example_params_trigger_ui' retrieved from /home/airflow/.local/lib/python3.12/site-packages/airflow/example_dags/example_params_trigger_ui.py
[2025-12-17T18:07:07.678+0000] {logging_mixin.py:188} INFO - [2025-12-17T18:07:07.678+0000] {dag.py:3089} INFO - Sync 1 DAGs
[2025-12-17T18:07:07.685+0000] {logging_mixin.py:188} INFO - [2025-12-17T18:07:07.684+0000] {dag.py:3947} INFO - Setting next_dagrun for example_params_trigger_ui to None, run_after=None
[2025-12-17T18:07:07.693+0000] {processor.py:183} INFO - Processing /home/airflow/.local/lib/python3.12/site-packages/airflow/example_dags/example_params_trigger_ui.py took 0.043 seconds
[2025-12-17T18:26:58.328+0000] {processor.py:161} INFO - Started process (PID=42850) to work on /home/airflow/.local/lib/python3.12/site-packages/airflow/example_dags/example_params_trigger_ui.py
[2025-12-17T18:26:58.329+0000] {processor.py:830} INFO - Processing file /home/airflow/.local/lib/python3.12/site-packages/airflow/example_dags/example_params_trigger_ui.py for tasks to queue
[2025-12-17T18:26:58.329+0000] {logging_mixin.py:188} INFO - [2025-12-17T18:26:58.329+0000] {dagbag.py:545} INFO - Filling up the DagBag from /home/airflow/.local/lib/python3.12/site-packages/airflow/example_dags/example_params_trigger_ui.py
[2025-12-17T18:26:58.334+0000] {processor.py:840} INFO - DAG(s) 'example_params_trigger_ui' retrieved from /home/airflow/.local/lib/python3.12/site-packages/airflow/example_dags/example_params_trigger_ui.py
[2025-12-17T18:26:58.350+0000] {logging_mixin.py:188} INFO - [2025-12-17T18:26:58.350+0000] {dag.py:3089} INFO - Sync 1 DAGs
[2025-12-17T18:26:58.355+0000] {logging_mixin.py:188} INFO - [2025-12-17T18:26:58.355+0000] {dag.py:3947} INFO - Setting next_dagrun for example_params_trigger_ui to None, run_after=None
[2025-12-17T18:26:58.362+0000] {processor.py:183} INFO - Processing /home/airflow/.local/lib/python3.12/site-packages/airflow/example_dags/example_params_trigger_ui.py took 0.036 seconds
[2025-12-17T19:41:42.902+0000] {processor.py:161} INFO - Started process (PID=42909) to work on /home/airflow/.local/lib/python3.12/site-packages/airflow/example_dags/example_params_trigger_ui.py
[2025-12-17T19:41:42.903+0000] {processor.py:830} INFO - Processing file /home/airflow/.local/lib/python3.12/site-packages/airflow/example_dags/example_params_trigger_ui.py for tasks to queue
[2025-12-17T19:41:42.903+0000] {logging_mixin.py:188} INFO - [2025-12-17T19:41:42.903+0000] {dagbag.py:545} INFO - Filling up the DagBag from /home/airflow/.local/lib/python3.12/site-packages/airflow/example_dags/example_params_trigger_ui.py
[2025-12-17T19:41:42.909+0000] {processor.py:840} INFO - DAG(s) 'example_params_trigger_ui' retrieved from /home/airflow/.local/lib/python3.12/site-packages/airflow/example_dags/example_params_trigger_ui.py
[2025-12-17T19:41:42.927+0000] {logging_mixin.py:188} INFO - [2025-12-17T19:41:42.927+0000] {dag.py:3089} INFO - Sync 1 DAGs
[2025-12-17T19:41:42.933+0000] {logging_mixin.py:188} INFO - [2025-12-17T19:41:42.933+0000] {dag.py:3947} INFO - Setting next_dagrun for example_params_trigger_ui to None, run_after=None
[2025-12-17T19:41:42.943+0000] {processor.py:183} INFO - Processing /home/airflow/.local/lib/python3.12/site-packages/airflow/example_dags/example_params_trigger_ui.py took 0.043 seconds
[2025-12-17T21:17:14.776+0000] {processor.py:161} INFO - Started process (PID=42968) to work on /home/airflow/.local/lib/python3.12/site-packages/airflow/example_dags/example_params_trigger_ui.py
[2025-12-17T21:17:14.777+0000] {processor.py:830} INFO - Processing file /home/airflow/.local/lib/python3.12/site-packages/airflow/example_dags/example_params_trigger_ui.py for tasks to queue
[2025-12-17T21:17:14.777+0000] {logging_mixin.py:188} INFO - [2025-12-17T21:17:14.777+0000] {dagbag.py:545} INFO - Filling up the DagBag from /home/airflow/.local/lib/python3.12/site-packages/airflow/example_dags/example_params_trigger_ui.py
[2025-12-17T21:17:14.782+0000] {processor.py:840} INFO - DAG(s) 'example_params_trigger_ui' retrieved from /home/airflow/.local/lib/python3.12/site-packages/airflow/example_dags/example_params_trigger_ui.py
[2025-12-17T21:17:14.799+0000] {logging_mixin.py:188} INFO - [2025-12-17T21:17:14.799+0000] {dag.py:3089} INFO - Sync 1 DAGs
[2025-12-17T21:17:14.804+0000] {logging_mixin.py:188} INFO - [2025-12-17T21:17:14.804+0000] {dag.py:3947} INFO - Setting next_dagrun for example_params_trigger_ui to None, run_after=None
[2025-12-17T21:17:14.813+0000] {processor.py:183} INFO - Processing /home/airflow/.local/lib/python3.12/site-packages/airflow/example_dags/example_params_trigger_ui.py took 0.040 seconds
[2025-12-17T22:30:38.045+0000] {processor.py:161} INFO - Started process (PID=43027) to work on /home/airflow/.local/lib/python3.12/site-packages/airflow/example_dags/example_params_trigger_ui.py
[2025-12-17T22:30:38.046+0000] {processor.py:830} INFO - Processing file /home/airflow/.local/lib/python3.12/site-packages/airflow/example_dags/example_params_trigger_ui.py for tasks to queue
[2025-12-17T22:30:38.046+0000] {logging_mixin.py:188} INFO - [2025-12-17T22:30:38.046+0000] {dagbag.py:545} INFO - Filling up the DagBag from /home/airflow/.local/lib/python3.12/site-packages/airflow/example_dags/example_params_trigger_ui.py
[2025-12-17T22:30:38.051+0000] {processor.py:840} INFO - DAG(s) 'example_params_trigger_ui' retrieved from /home/airflow/.local/lib/python3.12/site-packages/airflow/example_dags/example_params_trigger_ui.py
[2025-12-17T22:30:38.066+0000] {logging_mixin.py:188} INFO - [2025-12-17T22:30:38.066+0000] {dag.py:3089} INFO - Sync 1 DAGs
[2025-12-17T22:30:38.072+0000] {logging_mixin.py:188} INFO - [2025-12-17T22:30:38.071+0000] {dag.py:3947} INFO - Setting next_dagrun for example_params_trigger_ui to None, run_after=None
[2025-12-17T22:30:38.079+0000] {processor.py:183} INFO - Processing /home/airflow/.local/lib/python3.12/site-packages/airflow/example_dags/example_params_trigger_ui.py took 0.036 seconds
