[2025-12-17T00:49:44.861+0000] {processor.py:161} INFO - Started process (PID=41722) to work on /home/airflow/.local/lib/python3.12/site-packages/airflow/example_dags/example_bash_operator.py
[2025-12-17T00:49:44.862+0000] {processor.py:830} INFO - Processing file /home/airflow/.local/lib/python3.12/site-packages/airflow/example_dags/example_bash_operator.py for tasks to queue
[2025-12-17T00:49:44.863+0000] {logging_mixin.py:188} INFO - [2025-12-17T00:49:44.863+0000] {dagbag.py:545} INFO - Filling up the DagBag from /home/airflow/.local/lib/python3.12/site-packages/airflow/example_dags/example_bash_operator.py
[2025-12-17T00:49:44.868+0000] {processor.py:840} INFO - DAG(s) 'example_bash_operator' retrieved from /home/airflow/.local/lib/python3.12/site-packages/airflow/example_dags/example_bash_operator.py
[2025-12-17T00:49:44.883+0000] {logging_mixin.py:188} INFO - [2025-12-17T00:49:44.883+0000] {dag.py:3089} INFO - Sync 1 DAGs
[2025-12-17T00:49:44.893+0000] {logging_mixin.py:188} INFO - [2025-12-17T00:49:44.893+0000] {dag.py:3947} INFO - Setting next_dagrun for example_bash_operator to 2025-12-16 00:00:00+00:00, run_after=2025-12-17 00:00:00+00:00
[2025-12-17T00:49:44.903+0000] {processor.py:183} INFO - Processing /home/airflow/.local/lib/python3.12/site-packages/airflow/example_dags/example_bash_operator.py took 0.045 seconds
[2025-12-17T01:13:20.310+0000] {processor.py:161} INFO - Started process (PID=41781) to work on /home/airflow/.local/lib/python3.12/site-packages/airflow/example_dags/example_bash_operator.py
[2025-12-17T01:13:20.313+0000] {processor.py:830} INFO - Processing file /home/airflow/.local/lib/python3.12/site-packages/airflow/example_dags/example_bash_operator.py for tasks to queue
[2025-12-17T01:13:20.314+0000] {logging_mixin.py:188} INFO - [2025-12-17T01:13:20.314+0000] {dagbag.py:545} INFO - Filling up the DagBag from /home/airflow/.local/lib/python3.12/site-packages/airflow/example_dags/example_bash_operator.py
[2025-12-17T01:13:20.319+0000] {processor.py:840} INFO - DAG(s) 'example_bash_operator' retrieved from /home/airflow/.local/lib/python3.12/site-packages/airflow/example_dags/example_bash_operator.py
[2025-12-17T01:13:20.334+0000] {logging_mixin.py:188} INFO - [2025-12-17T01:13:20.334+0000] {dag.py:3089} INFO - Sync 1 DAGs
[2025-12-17T01:13:20.344+0000] {logging_mixin.py:188} INFO - [2025-12-17T01:13:20.344+0000] {dag.py:3947} INFO - Setting next_dagrun for example_bash_operator to 2025-12-16 00:00:00+00:00, run_after=2025-12-17 00:00:00+00:00
[2025-12-17T01:13:20.354+0000] {processor.py:183} INFO - Processing /home/airflow/.local/lib/python3.12/site-packages/airflow/example_dags/example_bash_operator.py took 0.048 seconds
[2025-12-17T02:08:59.090+0000] {processor.py:161} INFO - Started process (PID=41840) to work on /home/airflow/.local/lib/python3.12/site-packages/airflow/example_dags/example_bash_operator.py
[2025-12-17T02:08:59.090+0000] {processor.py:830} INFO - Processing file /home/airflow/.local/lib/python3.12/site-packages/airflow/example_dags/example_bash_operator.py for tasks to queue
[2025-12-17T02:08:59.091+0000] {logging_mixin.py:188} INFO - [2025-12-17T02:08:59.090+0000] {dagbag.py:545} INFO - Filling up the DagBag from /home/airflow/.local/lib/python3.12/site-packages/airflow/example_dags/example_bash_operator.py
[2025-12-17T02:08:59.097+0000] {processor.py:840} INFO - DAG(s) 'example_bash_operator' retrieved from /home/airflow/.local/lib/python3.12/site-packages/airflow/example_dags/example_bash_operator.py
[2025-12-17T02:08:59.115+0000] {logging_mixin.py:188} INFO - [2025-12-17T02:08:59.115+0000] {dag.py:3089} INFO - Sync 1 DAGs
[2025-12-17T02:08:59.130+0000] {logging_mixin.py:188} INFO - [2025-12-17T02:08:59.130+0000] {dag.py:3947} INFO - Setting next_dagrun for example_bash_operator to 2025-12-16 00:00:00+00:00, run_after=2025-12-17 00:00:00+00:00
[2025-12-17T02:08:59.140+0000] {processor.py:183} INFO - Processing /home/airflow/.local/lib/python3.12/site-packages/airflow/example_dags/example_bash_operator.py took 0.054 seconds
[2025-12-17T02:38:03.144+0000] {processor.py:161} INFO - Started process (PID=41899) to work on /home/airflow/.local/lib/python3.12/site-packages/airflow/example_dags/example_bash_operator.py
[2025-12-17T02:38:03.144+0000] {processor.py:830} INFO - Processing file /home/airflow/.local/lib/python3.12/site-packages/airflow/example_dags/example_bash_operator.py for tasks to queue
[2025-12-17T02:38:03.145+0000] {logging_mixin.py:188} INFO - [2025-12-17T02:38:03.144+0000] {dagbag.py:545} INFO - Filling up the DagBag from /home/airflow/.local/lib/python3.12/site-packages/airflow/example_dags/example_bash_operator.py
[2025-12-17T02:38:03.150+0000] {processor.py:840} INFO - DAG(s) 'example_bash_operator' retrieved from /home/airflow/.local/lib/python3.12/site-packages/airflow/example_dags/example_bash_operator.py
[2025-12-17T02:38:03.247+0000] {logging_mixin.py:188} INFO - [2025-12-17T02:38:03.247+0000] {dag.py:3089} INFO - Sync 1 DAGs
[2025-12-17T02:38:03.254+0000] {logging_mixin.py:188} INFO - [2025-12-17T02:38:03.254+0000] {dag.py:3947} INFO - Setting next_dagrun for example_bash_operator to 2025-12-16 00:00:00+00:00, run_after=2025-12-17 00:00:00+00:00
[2025-12-17T02:38:03.261+0000] {processor.py:183} INFO - Processing /home/airflow/.local/lib/python3.12/site-packages/airflow/example_dags/example_bash_operator.py took 0.120 seconds
[2025-12-17T03:29:16.340+0000] {processor.py:161} INFO - Started process (PID=41958) to work on /home/airflow/.local/lib/python3.12/site-packages/airflow/example_dags/example_bash_operator.py
[2025-12-17T03:29:16.340+0000] {processor.py:830} INFO - Processing file /home/airflow/.local/lib/python3.12/site-packages/airflow/example_dags/example_bash_operator.py for tasks to queue
[2025-12-17T03:29:16.340+0000] {logging_mixin.py:188} INFO - [2025-12-17T03:29:16.340+0000] {dagbag.py:545} INFO - Filling up the DagBag from /home/airflow/.local/lib/python3.12/site-packages/airflow/example_dags/example_bash_operator.py
[2025-12-17T03:29:16.345+0000] {processor.py:840} INFO - DAG(s) 'example_bash_operator' retrieved from /home/airflow/.local/lib/python3.12/site-packages/airflow/example_dags/example_bash_operator.py
[2025-12-17T03:29:16.360+0000] {logging_mixin.py:188} INFO - [2025-12-17T03:29:16.359+0000] {dag.py:3089} INFO - Sync 1 DAGs
[2025-12-17T03:29:16.491+0000] {logging_mixin.py:188} INFO - [2025-12-17T03:29:16.491+0000] {dag.py:3947} INFO - Setting next_dagrun for example_bash_operator to 2025-12-16 00:00:00+00:00, run_after=2025-12-17 00:00:00+00:00
[2025-12-17T03:29:16.500+0000] {processor.py:183} INFO - Processing /home/airflow/.local/lib/python3.12/site-packages/airflow/example_dags/example_bash_operator.py took 0.163 seconds
[2025-12-17T03:53:43.413+0000] {processor.py:161} INFO - Started process (PID=42017) to work on /home/airflow/.local/lib/python3.12/site-packages/airflow/example_dags/example_bash_operator.py
[2025-12-17T03:53:43.414+0000] {processor.py:830} INFO - Processing file /home/airflow/.local/lib/python3.12/site-packages/airflow/example_dags/example_bash_operator.py for tasks to queue
[2025-12-17T03:53:43.414+0000] {logging_mixin.py:188} INFO - [2025-12-17T03:53:43.414+0000] {dagbag.py:545} INFO - Filling up the DagBag from /home/airflow/.local/lib/python3.12/site-packages/airflow/example_dags/example_bash_operator.py
[2025-12-17T03:53:43.424+0000] {processor.py:840} INFO - DAG(s) 'example_bash_operator' retrieved from /home/airflow/.local/lib/python3.12/site-packages/airflow/example_dags/example_bash_operator.py
[2025-12-17T03:53:43.438+0000] {logging_mixin.py:188} INFO - [2025-12-17T03:53:43.438+0000] {dag.py:3089} INFO - Sync 1 DAGs
[2025-12-17T03:53:43.450+0000] {logging_mixin.py:188} INFO - [2025-12-17T03:53:43.450+0000] {dag.py:3947} INFO - Setting next_dagrun for example_bash_operator to 2025-12-16 00:00:00+00:00, run_after=2025-12-17 00:00:00+00:00
[2025-12-17T03:53:43.467+0000] {processor.py:183} INFO - Processing /home/airflow/.local/lib/python3.12/site-packages/airflow/example_dags/example_bash_operator.py took 0.058 seconds
[2025-12-17T04:54:46.313+0000] {processor.py:161} INFO - Started process (PID=42076) to work on /home/airflow/.local/lib/python3.12/site-packages/airflow/example_dags/example_bash_operator.py
[2025-12-17T04:54:46.314+0000] {processor.py:830} INFO - Processing file /home/airflow/.local/lib/python3.12/site-packages/airflow/example_dags/example_bash_operator.py for tasks to queue
[2025-12-17T04:54:46.314+0000] {logging_mixin.py:188} INFO - [2025-12-17T04:54:46.314+0000] {dagbag.py:545} INFO - Filling up the DagBag from /home/airflow/.local/lib/python3.12/site-packages/airflow/example_dags/example_bash_operator.py
[2025-12-17T04:54:46.323+0000] {processor.py:840} INFO - DAG(s) 'example_bash_operator' retrieved from /home/airflow/.local/lib/python3.12/site-packages/airflow/example_dags/example_bash_operator.py
[2025-12-17T04:54:46.342+0000] {logging_mixin.py:188} INFO - [2025-12-17T04:54:46.342+0000] {dag.py:3089} INFO - Sync 1 DAGs
[2025-12-17T04:54:46.353+0000] {logging_mixin.py:188} INFO - [2025-12-17T04:54:46.353+0000] {dag.py:3947} INFO - Setting next_dagrun for example_bash_operator to 2025-12-16 00:00:00+00:00, run_after=2025-12-17 00:00:00+00:00
[2025-12-17T04:54:46.366+0000] {processor.py:183} INFO - Processing /home/airflow/.local/lib/python3.12/site-packages/airflow/example_dags/example_bash_operator.py took 0.056 seconds
[2025-12-17T06:11:25.609+0000] {processor.py:161} INFO - Started process (PID=42135) to work on /home/airflow/.local/lib/python3.12/site-packages/airflow/example_dags/example_bash_operator.py
[2025-12-17T06:11:25.609+0000] {processor.py:830} INFO - Processing file /home/airflow/.local/lib/python3.12/site-packages/airflow/example_dags/example_bash_operator.py for tasks to queue
[2025-12-17T06:11:25.610+0000] {logging_mixin.py:188} INFO - [2025-12-17T06:11:25.610+0000] {dagbag.py:545} INFO - Filling up the DagBag from /home/airflow/.local/lib/python3.12/site-packages/airflow/example_dags/example_bash_operator.py
[2025-12-17T06:11:25.616+0000] {processor.py:840} INFO - DAG(s) 'example_bash_operator' retrieved from /home/airflow/.local/lib/python3.12/site-packages/airflow/example_dags/example_bash_operator.py
[2025-12-17T06:11:25.634+0000] {logging_mixin.py:188} INFO - [2025-12-17T06:11:25.634+0000] {dag.py:3089} INFO - Sync 1 DAGs
[2025-12-17T06:11:25.646+0000] {logging_mixin.py:188} INFO - [2025-12-17T06:11:25.646+0000] {dag.py:3947} INFO - Setting next_dagrun for example_bash_operator to 2025-12-16 00:00:00+00:00, run_after=2025-12-17 00:00:00+00:00
[2025-12-17T06:11:25.657+0000] {processor.py:183} INFO - Processing /home/airflow/.local/lib/python3.12/site-packages/airflow/example_dags/example_bash_operator.py took 0.051 seconds
[2025-12-17T07:48:05.665+0000] {processor.py:161} INFO - Started process (PID=42194) to work on /home/airflow/.local/lib/python3.12/site-packages/airflow/example_dags/example_bash_operator.py
[2025-12-17T07:48:05.665+0000] {processor.py:830} INFO - Processing file /home/airflow/.local/lib/python3.12/site-packages/airflow/example_dags/example_bash_operator.py for tasks to queue
[2025-12-17T07:48:05.666+0000] {logging_mixin.py:188} INFO - [2025-12-17T07:48:05.666+0000] {dagbag.py:545} INFO - Filling up the DagBag from /home/airflow/.local/lib/python3.12/site-packages/airflow/example_dags/example_bash_operator.py
[2025-12-17T07:48:05.672+0000] {processor.py:840} INFO - DAG(s) 'example_bash_operator' retrieved from /home/airflow/.local/lib/python3.12/site-packages/airflow/example_dags/example_bash_operator.py
[2025-12-17T07:48:05.686+0000] {logging_mixin.py:188} INFO - [2025-12-17T07:48:05.686+0000] {dag.py:3089} INFO - Sync 1 DAGs
[2025-12-17T07:48:05.698+0000] {logging_mixin.py:188} INFO - [2025-12-17T07:48:05.698+0000] {dag.py:3947} INFO - Setting next_dagrun for example_bash_operator to 2025-12-16 00:00:00+00:00, run_after=2025-12-17 00:00:00+00:00
[2025-12-17T07:48:05.709+0000] {processor.py:183} INFO - Processing /home/airflow/.local/lib/python3.12/site-packages/airflow/example_dags/example_bash_operator.py took 0.048 seconds
[2025-12-17T08:58:45.760+0000] {processor.py:161} INFO - Started process (PID=42253) to work on /home/airflow/.local/lib/python3.12/site-packages/airflow/example_dags/example_bash_operator.py
[2025-12-17T08:58:45.763+0000] {processor.py:830} INFO - Processing file /home/airflow/.local/lib/python3.12/site-packages/airflow/example_dags/example_bash_operator.py for tasks to queue
[2025-12-17T08:58:45.763+0000] {logging_mixin.py:188} INFO - [2025-12-17T08:58:45.763+0000] {dagbag.py:545} INFO - Filling up the DagBag from /home/airflow/.local/lib/python3.12/site-packages/airflow/example_dags/example_bash_operator.py
[2025-12-17T08:58:45.769+0000] {processor.py:840} INFO - DAG(s) 'example_bash_operator' retrieved from /home/airflow/.local/lib/python3.12/site-packages/airflow/example_dags/example_bash_operator.py
[2025-12-17T08:58:45.783+0000] {logging_mixin.py:188} INFO - [2025-12-17T08:58:45.783+0000] {dag.py:3089} INFO - Sync 1 DAGs
[2025-12-17T08:58:45.795+0000] {logging_mixin.py:188} INFO - [2025-12-17T08:58:45.795+0000] {dag.py:3947} INFO - Setting next_dagrun for example_bash_operator to 2025-12-16 00:00:00+00:00, run_after=2025-12-17 00:00:00+00:00
[2025-12-17T08:58:45.806+0000] {processor.py:183} INFO - Processing /home/airflow/.local/lib/python3.12/site-packages/airflow/example_dags/example_bash_operator.py took 0.052 seconds
[2025-12-17T09:21:00.499+0000] {processor.py:161} INFO - Started process (PID=42312) to work on /home/airflow/.local/lib/python3.12/site-packages/airflow/example_dags/example_bash_operator.py
[2025-12-17T09:21:00.499+0000] {processor.py:830} INFO - Processing file /home/airflow/.local/lib/python3.12/site-packages/airflow/example_dags/example_bash_operator.py for tasks to queue
[2025-12-17T09:21:00.500+0000] {logging_mixin.py:188} INFO - [2025-12-17T09:21:00.499+0000] {dagbag.py:545} INFO - Filling up the DagBag from /home/airflow/.local/lib/python3.12/site-packages/airflow/example_dags/example_bash_operator.py
[2025-12-17T09:21:00.505+0000] {processor.py:840} INFO - DAG(s) 'example_bash_operator' retrieved from /home/airflow/.local/lib/python3.12/site-packages/airflow/example_dags/example_bash_operator.py
[2025-12-17T09:21:00.522+0000] {logging_mixin.py:188} INFO - [2025-12-17T09:21:00.522+0000] {dag.py:3089} INFO - Sync 1 DAGs
[2025-12-17T09:21:00.534+0000] {logging_mixin.py:188} INFO - [2025-12-17T09:21:00.534+0000] {dag.py:3947} INFO - Setting next_dagrun for example_bash_operator to 2025-12-16 00:00:00+00:00, run_after=2025-12-17 00:00:00+00:00
[2025-12-17T09:21:00.543+0000] {processor.py:183} INFO - Processing /home/airflow/.local/lib/python3.12/site-packages/airflow/example_dags/example_bash_operator.py took 0.047 seconds
[2025-12-17T10:31:20.777+0000] {processor.py:161} INFO - Started process (PID=42371) to work on /home/airflow/.local/lib/python3.12/site-packages/airflow/example_dags/example_bash_operator.py
[2025-12-17T10:31:20.777+0000] {processor.py:830} INFO - Processing file /home/airflow/.local/lib/python3.12/site-packages/airflow/example_dags/example_bash_operator.py for tasks to queue
[2025-12-17T10:31:20.778+0000] {logging_mixin.py:188} INFO - [2025-12-17T10:31:20.777+0000] {dagbag.py:545} INFO - Filling up the DagBag from /home/airflow/.local/lib/python3.12/site-packages/airflow/example_dags/example_bash_operator.py
[2025-12-17T10:31:20.784+0000] {processor.py:840} INFO - DAG(s) 'example_bash_operator' retrieved from /home/airflow/.local/lib/python3.12/site-packages/airflow/example_dags/example_bash_operator.py
[2025-12-17T10:31:20.801+0000] {logging_mixin.py:188} INFO - [2025-12-17T10:31:20.801+0000] {dag.py:3089} INFO - Sync 1 DAGs
[2025-12-17T10:31:20.815+0000] {logging_mixin.py:188} INFO - [2025-12-17T10:31:20.815+0000] {dag.py:3947} INFO - Setting next_dagrun for example_bash_operator to 2025-12-16 00:00:00+00:00, run_after=2025-12-17 00:00:00+00:00
[2025-12-17T10:31:20.822+0000] {processor.py:183} INFO - Processing /home/airflow/.local/lib/python3.12/site-packages/airflow/example_dags/example_bash_operator.py took 0.048 seconds
[2025-12-17T11:32:05.360+0000] {processor.py:161} INFO - Started process (PID=42430) to work on /home/airflow/.local/lib/python3.12/site-packages/airflow/example_dags/example_bash_operator.py
[2025-12-17T11:32:05.361+0000] {processor.py:830} INFO - Processing file /home/airflow/.local/lib/python3.12/site-packages/airflow/example_dags/example_bash_operator.py for tasks to queue
[2025-12-17T11:32:05.361+0000] {logging_mixin.py:188} INFO - [2025-12-17T11:32:05.361+0000] {dagbag.py:545} INFO - Filling up the DagBag from /home/airflow/.local/lib/python3.12/site-packages/airflow/example_dags/example_bash_operator.py
[2025-12-17T11:32:05.367+0000] {processor.py:840} INFO - DAG(s) 'example_bash_operator' retrieved from /home/airflow/.local/lib/python3.12/site-packages/airflow/example_dags/example_bash_operator.py
[2025-12-17T11:32:05.381+0000] {logging_mixin.py:188} INFO - [2025-12-17T11:32:05.381+0000] {dag.py:3089} INFO - Sync 1 DAGs
[2025-12-17T11:32:05.391+0000] {logging_mixin.py:188} INFO - [2025-12-17T11:32:05.391+0000] {dag.py:3947} INFO - Setting next_dagrun for example_bash_operator to 2025-12-16 00:00:00+00:00, run_after=2025-12-17 00:00:00+00:00
[2025-12-17T11:32:05.401+0000] {processor.py:183} INFO - Processing /home/airflow/.local/lib/python3.12/site-packages/airflow/example_dags/example_bash_operator.py took 0.044 seconds
[2025-12-17T12:33:35.068+0000] {processor.py:161} INFO - Started process (PID=42489) to work on /home/airflow/.local/lib/python3.12/site-packages/airflow/example_dags/example_bash_operator.py
[2025-12-17T12:33:35.070+0000] {processor.py:830} INFO - Processing file /home/airflow/.local/lib/python3.12/site-packages/airflow/example_dags/example_bash_operator.py for tasks to queue
[2025-12-17T12:33:35.070+0000] {logging_mixin.py:188} INFO - [2025-12-17T12:33:35.070+0000] {dagbag.py:545} INFO - Filling up the DagBag from /home/airflow/.local/lib/python3.12/site-packages/airflow/example_dags/example_bash_operator.py
[2025-12-17T12:33:35.076+0000] {processor.py:840} INFO - DAG(s) 'example_bash_operator' retrieved from /home/airflow/.local/lib/python3.12/site-packages/airflow/example_dags/example_bash_operator.py
[2025-12-17T12:33:35.089+0000] {logging_mixin.py:188} INFO - [2025-12-17T12:33:35.089+0000] {dag.py:3089} INFO - Sync 1 DAGs
[2025-12-17T12:33:35.100+0000] {logging_mixin.py:188} INFO - [2025-12-17T12:33:35.100+0000] {dag.py:3947} INFO - Setting next_dagrun for example_bash_operator to 2025-12-16 00:00:00+00:00, run_after=2025-12-17 00:00:00+00:00
[2025-12-17T12:33:35.107+0000] {processor.py:183} INFO - Processing /home/airflow/.local/lib/python3.12/site-packages/airflow/example_dags/example_bash_operator.py took 0.043 seconds
[2025-12-17T13:42:09.993+0000] {processor.py:161} INFO - Started process (PID=42548) to work on /home/airflow/.local/lib/python3.12/site-packages/airflow/example_dags/example_bash_operator.py
[2025-12-17T13:42:09.994+0000] {processor.py:830} INFO - Processing file /home/airflow/.local/lib/python3.12/site-packages/airflow/example_dags/example_bash_operator.py for tasks to queue
[2025-12-17T13:42:09.994+0000] {logging_mixin.py:188} INFO - [2025-12-17T13:42:09.994+0000] {dagbag.py:545} INFO - Filling up the DagBag from /home/airflow/.local/lib/python3.12/site-packages/airflow/example_dags/example_bash_operator.py
[2025-12-17T13:42:10.000+0000] {processor.py:840} INFO - DAG(s) 'example_bash_operator' retrieved from /home/airflow/.local/lib/python3.12/site-packages/airflow/example_dags/example_bash_operator.py
[2025-12-17T13:42:10.012+0000] {logging_mixin.py:188} INFO - [2025-12-17T13:42:10.012+0000] {dag.py:3089} INFO - Sync 1 DAGs
[2025-12-17T13:42:10.021+0000] {logging_mixin.py:188} INFO - [2025-12-17T13:42:10.021+0000] {dag.py:3947} INFO - Setting next_dagrun for example_bash_operator to 2025-12-16 00:00:00+00:00, run_after=2025-12-17 00:00:00+00:00
[2025-12-17T13:42:10.029+0000] {processor.py:183} INFO - Processing /home/airflow/.local/lib/python3.12/site-packages/airflow/example_dags/example_bash_operator.py took 0.039 seconds
[2025-12-17T14:56:28.135+0000] {processor.py:161} INFO - Started process (PID=42607) to work on /home/airflow/.local/lib/python3.12/site-packages/airflow/example_dags/example_bash_operator.py
[2025-12-17T14:56:28.135+0000] {processor.py:830} INFO - Processing file /home/airflow/.local/lib/python3.12/site-packages/airflow/example_dags/example_bash_operator.py for tasks to queue
[2025-12-17T14:56:28.135+0000] {logging_mixin.py:188} INFO - [2025-12-17T14:56:28.135+0000] {dagbag.py:545} INFO - Filling up the DagBag from /home/airflow/.local/lib/python3.12/site-packages/airflow/example_dags/example_bash_operator.py
[2025-12-17T14:56:28.143+0000] {processor.py:840} INFO - DAG(s) 'example_bash_operator' retrieved from /home/airflow/.local/lib/python3.12/site-packages/airflow/example_dags/example_bash_operator.py
[2025-12-17T14:56:28.160+0000] {logging_mixin.py:188} INFO - [2025-12-17T14:56:28.160+0000] {dag.py:3089} INFO - Sync 1 DAGs
[2025-12-17T14:56:28.169+0000] {logging_mixin.py:188} INFO - [2025-12-17T14:56:28.169+0000] {dag.py:3947} INFO - Setting next_dagrun for example_bash_operator to 2025-12-16 00:00:00+00:00, run_after=2025-12-17 00:00:00+00:00
[2025-12-17T14:56:28.176+0000] {processor.py:183} INFO - Processing /home/airflow/.local/lib/python3.12/site-packages/airflow/example_dags/example_bash_operator.py took 0.045 seconds
[2025-12-17T16:05:46.628+0000] {processor.py:161} INFO - Started process (PID=42666) to work on /home/airflow/.local/lib/python3.12/site-packages/airflow/example_dags/example_bash_operator.py
[2025-12-17T16:05:46.629+0000] {processor.py:830} INFO - Processing file /home/airflow/.local/lib/python3.12/site-packages/airflow/example_dags/example_bash_operator.py for tasks to queue
[2025-12-17T16:05:46.634+0000] {logging_mixin.py:188} INFO - [2025-12-17T16:05:46.633+0000] {dagbag.py:545} INFO - Filling up the DagBag from /home/airflow/.local/lib/python3.12/site-packages/airflow/example_dags/example_bash_operator.py
[2025-12-17T16:05:46.639+0000] {processor.py:840} INFO - DAG(s) 'example_bash_operator' retrieved from /home/airflow/.local/lib/python3.12/site-packages/airflow/example_dags/example_bash_operator.py
[2025-12-17T16:05:46.660+0000] {logging_mixin.py:188} INFO - [2025-12-17T16:05:46.660+0000] {dag.py:3089} INFO - Sync 1 DAGs
[2025-12-17T16:05:46.672+0000] {logging_mixin.py:188} INFO - [2025-12-17T16:05:46.672+0000] {dag.py:3947} INFO - Setting next_dagrun for example_bash_operator to 2025-12-16 00:00:00+00:00, run_after=2025-12-17 00:00:00+00:00
[2025-12-17T16:05:46.684+0000] {processor.py:183} INFO - Processing /home/airflow/.local/lib/python3.12/site-packages/airflow/example_dags/example_bash_operator.py took 0.059 seconds
[2025-12-17T17:20:38.148+0000] {processor.py:161} INFO - Started process (PID=42725) to work on /home/airflow/.local/lib/python3.12/site-packages/airflow/example_dags/example_bash_operator.py
[2025-12-17T17:20:38.148+0000] {processor.py:830} INFO - Processing file /home/airflow/.local/lib/python3.12/site-packages/airflow/example_dags/example_bash_operator.py for tasks to queue
[2025-12-17T17:20:38.149+0000] {logging_mixin.py:188} INFO - [2025-12-17T17:20:38.149+0000] {dagbag.py:545} INFO - Filling up the DagBag from /home/airflow/.local/lib/python3.12/site-packages/airflow/example_dags/example_bash_operator.py
[2025-12-17T17:20:38.155+0000] {processor.py:840} INFO - DAG(s) 'example_bash_operator' retrieved from /home/airflow/.local/lib/python3.12/site-packages/airflow/example_dags/example_bash_operator.py
[2025-12-17T17:20:38.168+0000] {logging_mixin.py:188} INFO - [2025-12-17T17:20:38.168+0000] {dag.py:3089} INFO - Sync 1 DAGs
[2025-12-17T17:20:38.178+0000] {logging_mixin.py:188} INFO - [2025-12-17T17:20:38.178+0000] {dag.py:3947} INFO - Setting next_dagrun for example_bash_operator to 2025-12-16 00:00:00+00:00, run_after=2025-12-17 00:00:00+00:00
[2025-12-17T17:20:38.192+0000] {processor.py:183} INFO - Processing /home/airflow/.local/lib/python3.12/site-packages/airflow/example_dags/example_bash_operator.py took 0.047 seconds
[2025-12-17T18:07:07.441+0000] {processor.py:161} INFO - Started process (PID=42784) to work on /home/airflow/.local/lib/python3.12/site-packages/airflow/example_dags/example_bash_operator.py
[2025-12-17T18:07:07.441+0000] {processor.py:830} INFO - Processing file /home/airflow/.local/lib/python3.12/site-packages/airflow/example_dags/example_bash_operator.py for tasks to queue
[2025-12-17T18:07:07.442+0000] {logging_mixin.py:188} INFO - [2025-12-17T18:07:07.442+0000] {dagbag.py:545} INFO - Filling up the DagBag from /home/airflow/.local/lib/python3.12/site-packages/airflow/example_dags/example_bash_operator.py
[2025-12-17T18:07:07.448+0000] {processor.py:840} INFO - DAG(s) 'example_bash_operator' retrieved from /home/airflow/.local/lib/python3.12/site-packages/airflow/example_dags/example_bash_operator.py
[2025-12-17T18:07:07.466+0000] {logging_mixin.py:188} INFO - [2025-12-17T18:07:07.466+0000] {dag.py:3089} INFO - Sync 1 DAGs
[2025-12-17T18:07:07.477+0000] {logging_mixin.py:188} INFO - [2025-12-17T18:07:07.477+0000] {dag.py:3947} INFO - Setting next_dagrun for example_bash_operator to 2025-12-16 00:00:00+00:00, run_after=2025-12-17 00:00:00+00:00
[2025-12-17T18:07:07.489+0000] {processor.py:183} INFO - Processing /home/airflow/.local/lib/python3.12/site-packages/airflow/example_dags/example_bash_operator.py took 0.052 seconds
[2025-12-17T18:26:58.105+0000] {processor.py:161} INFO - Started process (PID=42843) to work on /home/airflow/.local/lib/python3.12/site-packages/airflow/example_dags/example_bash_operator.py
[2025-12-17T18:26:58.106+0000] {processor.py:830} INFO - Processing file /home/airflow/.local/lib/python3.12/site-packages/airflow/example_dags/example_bash_operator.py for tasks to queue
[2025-12-17T18:26:58.107+0000] {logging_mixin.py:188} INFO - [2025-12-17T18:26:58.107+0000] {dagbag.py:545} INFO - Filling up the DagBag from /home/airflow/.local/lib/python3.12/site-packages/airflow/example_dags/example_bash_operator.py
[2025-12-17T18:26:58.112+0000] {processor.py:840} INFO - DAG(s) 'example_bash_operator' retrieved from /home/airflow/.local/lib/python3.12/site-packages/airflow/example_dags/example_bash_operator.py
[2025-12-17T18:26:58.127+0000] {logging_mixin.py:188} INFO - [2025-12-17T18:26:58.127+0000] {dag.py:3089} INFO - Sync 1 DAGs
[2025-12-17T18:26:58.138+0000] {logging_mixin.py:188} INFO - [2025-12-17T18:26:58.138+0000] {dag.py:3947} INFO - Setting next_dagrun for example_bash_operator to 2025-12-16 00:00:00+00:00, run_after=2025-12-17 00:00:00+00:00
[2025-12-17T18:26:58.149+0000] {processor.py:183} INFO - Processing /home/airflow/.local/lib/python3.12/site-packages/airflow/example_dags/example_bash_operator.py took 0.051 seconds
[2025-12-17T19:41:42.697+0000] {processor.py:161} INFO - Started process (PID=42902) to work on /home/airflow/.local/lib/python3.12/site-packages/airflow/example_dags/example_bash_operator.py
[2025-12-17T19:41:42.698+0000] {processor.py:830} INFO - Processing file /home/airflow/.local/lib/python3.12/site-packages/airflow/example_dags/example_bash_operator.py for tasks to queue
[2025-12-17T19:41:42.698+0000] {logging_mixin.py:188} INFO - [2025-12-17T19:41:42.698+0000] {dagbag.py:545} INFO - Filling up the DagBag from /home/airflow/.local/lib/python3.12/site-packages/airflow/example_dags/example_bash_operator.py
[2025-12-17T19:41:42.703+0000] {processor.py:840} INFO - DAG(s) 'example_bash_operator' retrieved from /home/airflow/.local/lib/python3.12/site-packages/airflow/example_dags/example_bash_operator.py
[2025-12-17T19:41:42.719+0000] {logging_mixin.py:188} INFO - [2025-12-17T19:41:42.719+0000] {dag.py:3089} INFO - Sync 1 DAGs
[2025-12-17T19:41:42.729+0000] {logging_mixin.py:188} INFO - [2025-12-17T19:41:42.729+0000] {dag.py:3947} INFO - Setting next_dagrun for example_bash_operator to 2025-12-16 00:00:00+00:00, run_after=2025-12-17 00:00:00+00:00
[2025-12-17T19:41:42.739+0000] {processor.py:183} INFO - Processing /home/airflow/.local/lib/python3.12/site-packages/airflow/example_dags/example_bash_operator.py took 0.045 seconds
[2025-12-17T21:17:14.594+0000] {processor.py:161} INFO - Started process (PID=42961) to work on /home/airflow/.local/lib/python3.12/site-packages/airflow/example_dags/example_bash_operator.py
[2025-12-17T21:17:14.595+0000] {processor.py:830} INFO - Processing file /home/airflow/.local/lib/python3.12/site-packages/airflow/example_dags/example_bash_operator.py for tasks to queue
[2025-12-17T21:17:14.595+0000] {logging_mixin.py:188} INFO - [2025-12-17T21:17:14.595+0000] {dagbag.py:545} INFO - Filling up the DagBag from /home/airflow/.local/lib/python3.12/site-packages/airflow/example_dags/example_bash_operator.py
[2025-12-17T21:17:14.600+0000] {processor.py:840} INFO - DAG(s) 'example_bash_operator' retrieved from /home/airflow/.local/lib/python3.12/site-packages/airflow/example_dags/example_bash_operator.py
[2025-12-17T21:17:14.613+0000] {logging_mixin.py:188} INFO - [2025-12-17T21:17:14.612+0000] {dag.py:3089} INFO - Sync 1 DAGs
[2025-12-17T21:17:14.622+0000] {logging_mixin.py:188} INFO - [2025-12-17T21:17:14.622+0000] {dag.py:3947} INFO - Setting next_dagrun for example_bash_operator to 2025-12-16 00:00:00+00:00, run_after=2025-12-17 00:00:00+00:00
[2025-12-17T21:17:14.629+0000] {processor.py:183} INFO - Processing /home/airflow/.local/lib/python3.12/site-packages/airflow/example_dags/example_bash_operator.py took 0.038 seconds
[2025-12-17T22:30:37.755+0000] {processor.py:161} INFO - Started process (PID=43020) to work on /home/airflow/.local/lib/python3.12/site-packages/airflow/example_dags/example_bash_operator.py
[2025-12-17T22:30:37.757+0000] {processor.py:830} INFO - Processing file /home/airflow/.local/lib/python3.12/site-packages/airflow/example_dags/example_bash_operator.py for tasks to queue
[2025-12-17T22:30:37.758+0000] {logging_mixin.py:188} INFO - [2025-12-17T22:30:37.758+0000] {dagbag.py:545} INFO - Filling up the DagBag from /home/airflow/.local/lib/python3.12/site-packages/airflow/example_dags/example_bash_operator.py
[2025-12-17T22:30:37.765+0000] {processor.py:840} INFO - DAG(s) 'example_bash_operator' retrieved from /home/airflow/.local/lib/python3.12/site-packages/airflow/example_dags/example_bash_operator.py
[2025-12-17T22:30:37.787+0000] {logging_mixin.py:188} INFO - [2025-12-17T22:30:37.787+0000] {dag.py:3089} INFO - Sync 1 DAGs
[2025-12-17T22:30:37.802+0000] {logging_mixin.py:188} INFO - [2025-12-17T22:30:37.802+0000] {dag.py:3947} INFO - Setting next_dagrun for example_bash_operator to 2025-12-16 00:00:00+00:00, run_after=2025-12-17 00:00:00+00:00
[2025-12-17T22:30:37.821+0000] {processor.py:183} INFO - Processing /home/airflow/.local/lib/python3.12/site-packages/airflow/example_dags/example_bash_operator.py took 0.071 seconds
