[2025-12-17T00:49:43.821+0000] {processor.py:161} INFO - Started process (PID=41699) to work on /home/airflow/.local/lib/python3.12/site-packages/airflow/example_dags/example_bash_decorator.py
[2025-12-17T00:49:43.822+0000] {processor.py:830} INFO - Processing file /home/airflow/.local/lib/python3.12/site-packages/airflow/example_dags/example_bash_decorator.py for tasks to queue
[2025-12-17T00:49:43.822+0000] {logging_mixin.py:188} INFO - [2025-12-17T00:49:43.822+0000] {dagbag.py:545} INFO - Filling up the DagBag from /home/airflow/.local/lib/python3.12/site-packages/airflow/example_dags/example_bash_decorator.py
[2025-12-17T00:49:43.832+0000] {processor.py:840} INFO - DAG(s) 'example_bash_decorator' retrieved from /home/airflow/.local/lib/python3.12/site-packages/airflow/example_dags/example_bash_decorator.py
[2025-12-17T00:49:43.869+0000] {logging_mixin.py:188} INFO - [2025-12-17T00:49:43.869+0000] {dag.py:3089} INFO - Sync 1 DAGs
[2025-12-17T00:49:43.876+0000] {logging_mixin.py:188} INFO - [2025-12-17T00:49:43.876+0000] {dag.py:3947} INFO - Setting next_dagrun for example_bash_decorator to None, run_after=None
[2025-12-17T00:49:43.887+0000] {processor.py:183} INFO - Processing /home/airflow/.local/lib/python3.12/site-packages/airflow/example_dags/example_bash_decorator.py took 0.070 seconds
[2025-12-17T01:13:19.386+0000] {processor.py:161} INFO - Started process (PID=41758) to work on /home/airflow/.local/lib/python3.12/site-packages/airflow/example_dags/example_bash_decorator.py
[2025-12-17T01:13:19.388+0000] {processor.py:830} INFO - Processing file /home/airflow/.local/lib/python3.12/site-packages/airflow/example_dags/example_bash_decorator.py for tasks to queue
[2025-12-17T01:13:19.388+0000] {logging_mixin.py:188} INFO - [2025-12-17T01:13:19.388+0000] {dagbag.py:545} INFO - Filling up the DagBag from /home/airflow/.local/lib/python3.12/site-packages/airflow/example_dags/example_bash_decorator.py
[2025-12-17T01:13:19.396+0000] {processor.py:840} INFO - DAG(s) 'example_bash_decorator' retrieved from /home/airflow/.local/lib/python3.12/site-packages/airflow/example_dags/example_bash_decorator.py
[2025-12-17T01:13:19.409+0000] {logging_mixin.py:188} INFO - [2025-12-17T01:13:19.409+0000] {dag.py:3089} INFO - Sync 1 DAGs
[2025-12-17T01:13:19.417+0000] {logging_mixin.py:188} INFO - [2025-12-17T01:13:19.417+0000] {dag.py:3947} INFO - Setting next_dagrun for example_bash_decorator to None, run_after=None
[2025-12-17T01:13:19.518+0000] {processor.py:183} INFO - Processing /home/airflow/.local/lib/python3.12/site-packages/airflow/example_dags/example_bash_decorator.py took 0.137 seconds
[2025-12-17T02:08:57.002+0000] {processor.py:161} INFO - Started process (PID=41817) to work on /home/airflow/.local/lib/python3.12/site-packages/airflow/example_dags/example_bash_decorator.py
[2025-12-17T02:08:57.003+0000] {processor.py:830} INFO - Processing file /home/airflow/.local/lib/python3.12/site-packages/airflow/example_dags/example_bash_decorator.py for tasks to queue
[2025-12-17T02:08:57.003+0000] {logging_mixin.py:188} INFO - [2025-12-17T02:08:57.003+0000] {dagbag.py:545} INFO - Filling up the DagBag from /home/airflow/.local/lib/python3.12/site-packages/airflow/example_dags/example_bash_decorator.py
[2025-12-17T02:08:57.009+0000] {processor.py:840} INFO - DAG(s) 'example_bash_decorator' retrieved from /home/airflow/.local/lib/python3.12/site-packages/airflow/example_dags/example_bash_decorator.py
[2025-12-17T02:08:57.020+0000] {logging_mixin.py:188} INFO - [2025-12-17T02:08:57.020+0000] {dag.py:3089} INFO - Sync 1 DAGs
[2025-12-17T02:08:57.138+0000] {logging_mixin.py:188} INFO - [2025-12-17T02:08:57.138+0000] {dag.py:3947} INFO - Setting next_dagrun for example_bash_decorator to None, run_after=None
[2025-12-17T02:08:57.511+0000] {processor.py:183} INFO - Processing /home/airflow/.local/lib/python3.12/site-packages/airflow/example_dags/example_bash_decorator.py took 0.512 seconds
[2025-12-17T02:38:01.359+0000] {processor.py:161} INFO - Started process (PID=41876) to work on /home/airflow/.local/lib/python3.12/site-packages/airflow/example_dags/example_bash_decorator.py
[2025-12-17T02:38:01.360+0000] {processor.py:830} INFO - Processing file /home/airflow/.local/lib/python3.12/site-packages/airflow/example_dags/example_bash_decorator.py for tasks to queue
[2025-12-17T02:38:01.360+0000] {logging_mixin.py:188} INFO - [2025-12-17T02:38:01.360+0000] {dagbag.py:545} INFO - Filling up the DagBag from /home/airflow/.local/lib/python3.12/site-packages/airflow/example_dags/example_bash_decorator.py
[2025-12-17T02:38:01.371+0000] {processor.py:840} INFO - DAG(s) 'example_bash_decorator' retrieved from /home/airflow/.local/lib/python3.12/site-packages/airflow/example_dags/example_bash_decorator.py
[2025-12-17T02:38:01.386+0000] {logging_mixin.py:188} INFO - [2025-12-17T02:38:01.386+0000] {dag.py:3089} INFO - Sync 1 DAGs
[2025-12-17T02:38:01.392+0000] {logging_mixin.py:188} INFO - [2025-12-17T02:38:01.392+0000] {dag.py:3947} INFO - Setting next_dagrun for example_bash_decorator to None, run_after=None
[2025-12-17T02:38:01.400+0000] {processor.py:183} INFO - Processing /home/airflow/.local/lib/python3.12/site-packages/airflow/example_dags/example_bash_decorator.py took 0.044 seconds
[2025-12-17T03:29:14.536+0000] {processor.py:161} INFO - Started process (PID=41935) to work on /home/airflow/.local/lib/python3.12/site-packages/airflow/example_dags/example_bash_decorator.py
[2025-12-17T03:29:14.537+0000] {processor.py:830} INFO - Processing file /home/airflow/.local/lib/python3.12/site-packages/airflow/example_dags/example_bash_decorator.py for tasks to queue
[2025-12-17T03:29:14.538+0000] {logging_mixin.py:188} INFO - [2025-12-17T03:29:14.537+0000] {dagbag.py:545} INFO - Filling up the DagBag from /home/airflow/.local/lib/python3.12/site-packages/airflow/example_dags/example_bash_decorator.py
[2025-12-17T03:29:14.544+0000] {processor.py:840} INFO - DAG(s) 'example_bash_decorator' retrieved from /home/airflow/.local/lib/python3.12/site-packages/airflow/example_dags/example_bash_decorator.py
[2025-12-17T03:29:14.558+0000] {logging_mixin.py:188} INFO - [2025-12-17T03:29:14.558+0000] {dag.py:3089} INFO - Sync 1 DAGs
[2025-12-17T03:29:14.567+0000] {logging_mixin.py:188} INFO - [2025-12-17T03:29:14.567+0000] {dag.py:3947} INFO - Setting next_dagrun for example_bash_decorator to None, run_after=None
[2025-12-17T03:29:14.584+0000] {processor.py:183} INFO - Processing /home/airflow/.local/lib/python3.12/site-packages/airflow/example_dags/example_bash_decorator.py took 0.059 seconds
[2025-12-17T03:53:42.594+0000] {processor.py:161} INFO - Started process (PID=41994) to work on /home/airflow/.local/lib/python3.12/site-packages/airflow/example_dags/example_bash_decorator.py
[2025-12-17T03:53:42.595+0000] {processor.py:830} INFO - Processing file /home/airflow/.local/lib/python3.12/site-packages/airflow/example_dags/example_bash_decorator.py for tasks to queue
[2025-12-17T03:53:42.595+0000] {logging_mixin.py:188} INFO - [2025-12-17T03:53:42.595+0000] {dagbag.py:545} INFO - Filling up the DagBag from /home/airflow/.local/lib/python3.12/site-packages/airflow/example_dags/example_bash_decorator.py
[2025-12-17T03:53:42.603+0000] {processor.py:840} INFO - DAG(s) 'example_bash_decorator' retrieved from /home/airflow/.local/lib/python3.12/site-packages/airflow/example_dags/example_bash_decorator.py
[2025-12-17T03:53:42.620+0000] {logging_mixin.py:188} INFO - [2025-12-17T03:53:42.620+0000] {dag.py:3089} INFO - Sync 1 DAGs
[2025-12-17T03:53:42.627+0000] {logging_mixin.py:188} INFO - [2025-12-17T03:53:42.626+0000] {dag.py:3947} INFO - Setting next_dagrun for example_bash_decorator to None, run_after=None
[2025-12-17T03:53:42.635+0000] {processor.py:183} INFO - Processing /home/airflow/.local/lib/python3.12/site-packages/airflow/example_dags/example_bash_decorator.py took 0.046 seconds
[2025-12-17T04:54:45.304+0000] {processor.py:161} INFO - Started process (PID=42053) to work on /home/airflow/.local/lib/python3.12/site-packages/airflow/example_dags/example_bash_decorator.py
[2025-12-17T04:54:45.306+0000] {processor.py:830} INFO - Processing file /home/airflow/.local/lib/python3.12/site-packages/airflow/example_dags/example_bash_decorator.py for tasks to queue
[2025-12-17T04:54:45.308+0000] {logging_mixin.py:188} INFO - [2025-12-17T04:54:45.308+0000] {dagbag.py:545} INFO - Filling up the DagBag from /home/airflow/.local/lib/python3.12/site-packages/airflow/example_dags/example_bash_decorator.py
[2025-12-17T04:54:45.316+0000] {processor.py:840} INFO - DAG(s) 'example_bash_decorator' retrieved from /home/airflow/.local/lib/python3.12/site-packages/airflow/example_dags/example_bash_decorator.py
[2025-12-17T04:54:45.335+0000] {logging_mixin.py:188} INFO - [2025-12-17T04:54:45.335+0000] {dag.py:3089} INFO - Sync 1 DAGs
[2025-12-17T04:54:45.343+0000] {logging_mixin.py:188} INFO - [2025-12-17T04:54:45.343+0000] {dag.py:3947} INFO - Setting next_dagrun for example_bash_decorator to None, run_after=None
[2025-12-17T04:54:45.353+0000] {processor.py:183} INFO - Processing /home/airflow/.local/lib/python3.12/site-packages/airflow/example_dags/example_bash_decorator.py took 0.053 seconds
[2025-12-17T06:11:24.655+0000] {processor.py:161} INFO - Started process (PID=42112) to work on /home/airflow/.local/lib/python3.12/site-packages/airflow/example_dags/example_bash_decorator.py
[2025-12-17T06:11:24.655+0000] {processor.py:830} INFO - Processing file /home/airflow/.local/lib/python3.12/site-packages/airflow/example_dags/example_bash_decorator.py for tasks to queue
[2025-12-17T06:11:24.655+0000] {logging_mixin.py:188} INFO - [2025-12-17T06:11:24.655+0000] {dagbag.py:545} INFO - Filling up the DagBag from /home/airflow/.local/lib/python3.12/site-packages/airflow/example_dags/example_bash_decorator.py
[2025-12-17T06:11:24.662+0000] {processor.py:840} INFO - DAG(s) 'example_bash_decorator' retrieved from /home/airflow/.local/lib/python3.12/site-packages/airflow/example_dags/example_bash_decorator.py
[2025-12-17T06:11:24.676+0000] {logging_mixin.py:188} INFO - [2025-12-17T06:11:24.676+0000] {dag.py:3089} INFO - Sync 1 DAGs
[2025-12-17T06:11:24.682+0000] {logging_mixin.py:188} INFO - [2025-12-17T06:11:24.682+0000] {dag.py:3947} INFO - Setting next_dagrun for example_bash_decorator to None, run_after=None
[2025-12-17T06:11:24.694+0000] {processor.py:183} INFO - Processing /home/airflow/.local/lib/python3.12/site-packages/airflow/example_dags/example_bash_decorator.py took 0.044 seconds
[2025-12-17T07:48:04.819+0000] {processor.py:161} INFO - Started process (PID=42171) to work on /home/airflow/.local/lib/python3.12/site-packages/airflow/example_dags/example_bash_decorator.py
[2025-12-17T07:48:04.820+0000] {processor.py:830} INFO - Processing file /home/airflow/.local/lib/python3.12/site-packages/airflow/example_dags/example_bash_decorator.py for tasks to queue
[2025-12-17T07:48:04.820+0000] {logging_mixin.py:188} INFO - [2025-12-17T07:48:04.820+0000] {dagbag.py:545} INFO - Filling up the DagBag from /home/airflow/.local/lib/python3.12/site-packages/airflow/example_dags/example_bash_decorator.py
[2025-12-17T07:48:04.828+0000] {processor.py:840} INFO - DAG(s) 'example_bash_decorator' retrieved from /home/airflow/.local/lib/python3.12/site-packages/airflow/example_dags/example_bash_decorator.py
[2025-12-17T07:48:04.854+0000] {logging_mixin.py:188} INFO - [2025-12-17T07:48:04.853+0000] {dag.py:3089} INFO - Sync 1 DAGs
[2025-12-17T07:48:04.864+0000] {logging_mixin.py:188} INFO - [2025-12-17T07:48:04.864+0000] {dag.py:3947} INFO - Setting next_dagrun for example_bash_decorator to None, run_after=None
[2025-12-17T07:48:04.878+0000] {processor.py:183} INFO - Processing /home/airflow/.local/lib/python3.12/site-packages/airflow/example_dags/example_bash_decorator.py took 0.066 seconds
[2025-12-17T08:58:45.059+0000] {processor.py:161} INFO - Started process (PID=42230) to work on /home/airflow/.local/lib/python3.12/site-packages/airflow/example_dags/example_bash_decorator.py
[2025-12-17T08:58:45.060+0000] {processor.py:830} INFO - Processing file /home/airflow/.local/lib/python3.12/site-packages/airflow/example_dags/example_bash_decorator.py for tasks to queue
[2025-12-17T08:58:45.060+0000] {logging_mixin.py:188} INFO - [2025-12-17T08:58:45.060+0000] {dagbag.py:545} INFO - Filling up the DagBag from /home/airflow/.local/lib/python3.12/site-packages/airflow/example_dags/example_bash_decorator.py
[2025-12-17T08:58:45.067+0000] {processor.py:840} INFO - DAG(s) 'example_bash_decorator' retrieved from /home/airflow/.local/lib/python3.12/site-packages/airflow/example_dags/example_bash_decorator.py
[2025-12-17T08:58:45.080+0000] {logging_mixin.py:188} INFO - [2025-12-17T08:58:45.080+0000] {dag.py:3089} INFO - Sync 1 DAGs
[2025-12-17T08:58:45.086+0000] {logging_mixin.py:188} INFO - [2025-12-17T08:58:45.086+0000] {dag.py:3947} INFO - Setting next_dagrun for example_bash_decorator to None, run_after=None
[2025-12-17T08:58:45.099+0000] {processor.py:183} INFO - Processing /home/airflow/.local/lib/python3.12/site-packages/airflow/example_dags/example_bash_decorator.py took 0.044 seconds
[2025-12-17T09:20:59.732+0000] {processor.py:161} INFO - Started process (PID=42289) to work on /home/airflow/.local/lib/python3.12/site-packages/airflow/example_dags/example_bash_decorator.py
[2025-12-17T09:20:59.733+0000] {processor.py:830} INFO - Processing file /home/airflow/.local/lib/python3.12/site-packages/airflow/example_dags/example_bash_decorator.py for tasks to queue
[2025-12-17T09:20:59.734+0000] {logging_mixin.py:188} INFO - [2025-12-17T09:20:59.734+0000] {dagbag.py:545} INFO - Filling up the DagBag from /home/airflow/.local/lib/python3.12/site-packages/airflow/example_dags/example_bash_decorator.py
[2025-12-17T09:20:59.740+0000] {processor.py:840} INFO - DAG(s) 'example_bash_decorator' retrieved from /home/airflow/.local/lib/python3.12/site-packages/airflow/example_dags/example_bash_decorator.py
[2025-12-17T09:20:59.755+0000] {logging_mixin.py:188} INFO - [2025-12-17T09:20:59.755+0000] {dag.py:3089} INFO - Sync 1 DAGs
[2025-12-17T09:20:59.760+0000] {logging_mixin.py:188} INFO - [2025-12-17T09:20:59.760+0000] {dag.py:3947} INFO - Setting next_dagrun for example_bash_decorator to None, run_after=None
[2025-12-17T09:20:59.768+0000] {processor.py:183} INFO - Processing /home/airflow/.local/lib/python3.12/site-packages/airflow/example_dags/example_bash_decorator.py took 0.040 seconds
[2025-12-17T10:31:20.077+0000] {processor.py:161} INFO - Started process (PID=42348) to work on /home/airflow/.local/lib/python3.12/site-packages/airflow/example_dags/example_bash_decorator.py
[2025-12-17T10:31:20.077+0000] {processor.py:830} INFO - Processing file /home/airflow/.local/lib/python3.12/site-packages/airflow/example_dags/example_bash_decorator.py for tasks to queue
[2025-12-17T10:31:20.077+0000] {logging_mixin.py:188} INFO - [2025-12-17T10:31:20.077+0000] {dagbag.py:545} INFO - Filling up the DagBag from /home/airflow/.local/lib/python3.12/site-packages/airflow/example_dags/example_bash_decorator.py
[2025-12-17T10:31:20.084+0000] {processor.py:840} INFO - DAG(s) 'example_bash_decorator' retrieved from /home/airflow/.local/lib/python3.12/site-packages/airflow/example_dags/example_bash_decorator.py
[2025-12-17T10:31:20.097+0000] {logging_mixin.py:188} INFO - [2025-12-17T10:31:20.096+0000] {dag.py:3089} INFO - Sync 1 DAGs
[2025-12-17T10:31:20.106+0000] {logging_mixin.py:188} INFO - [2025-12-17T10:31:20.106+0000] {dag.py:3947} INFO - Setting next_dagrun for example_bash_decorator to None, run_after=None
[2025-12-17T10:31:20.119+0000] {processor.py:183} INFO - Processing /home/airflow/.local/lib/python3.12/site-packages/airflow/example_dags/example_bash_decorator.py took 0.045 seconds
[2025-12-17T11:32:04.465+0000] {processor.py:161} INFO - Started process (PID=42407) to work on /home/airflow/.local/lib/python3.12/site-packages/airflow/example_dags/example_bash_decorator.py
[2025-12-17T11:32:04.468+0000] {processor.py:830} INFO - Processing file /home/airflow/.local/lib/python3.12/site-packages/airflow/example_dags/example_bash_decorator.py for tasks to queue
[2025-12-17T11:32:04.468+0000] {logging_mixin.py:188} INFO - [2025-12-17T11:32:04.468+0000] {dagbag.py:545} INFO - Filling up the DagBag from /home/airflow/.local/lib/python3.12/site-packages/airflow/example_dags/example_bash_decorator.py
[2025-12-17T11:32:04.474+0000] {processor.py:840} INFO - DAG(s) 'example_bash_decorator' retrieved from /home/airflow/.local/lib/python3.12/site-packages/airflow/example_dags/example_bash_decorator.py
[2025-12-17T11:32:04.486+0000] {logging_mixin.py:188} INFO - [2025-12-17T11:32:04.486+0000] {dag.py:3089} INFO - Sync 1 DAGs
[2025-12-17T11:32:04.491+0000] {logging_mixin.py:188} INFO - [2025-12-17T11:32:04.491+0000] {dag.py:3947} INFO - Setting next_dagrun for example_bash_decorator to None, run_after=None
[2025-12-17T11:32:04.499+0000] {processor.py:183} INFO - Processing /home/airflow/.local/lib/python3.12/site-packages/airflow/example_dags/example_bash_decorator.py took 0.036 seconds
[2025-12-17T12:33:34.291+0000] {processor.py:161} INFO - Started process (PID=42466) to work on /home/airflow/.local/lib/python3.12/site-packages/airflow/example_dags/example_bash_decorator.py
[2025-12-17T12:33:34.291+0000] {processor.py:830} INFO - Processing file /home/airflow/.local/lib/python3.12/site-packages/airflow/example_dags/example_bash_decorator.py for tasks to queue
[2025-12-17T12:33:34.292+0000] {logging_mixin.py:188} INFO - [2025-12-17T12:33:34.292+0000] {dagbag.py:545} INFO - Filling up the DagBag from /home/airflow/.local/lib/python3.12/site-packages/airflow/example_dags/example_bash_decorator.py
[2025-12-17T12:33:34.300+0000] {processor.py:840} INFO - DAG(s) 'example_bash_decorator' retrieved from /home/airflow/.local/lib/python3.12/site-packages/airflow/example_dags/example_bash_decorator.py
[2025-12-17T12:33:34.313+0000] {logging_mixin.py:188} INFO - [2025-12-17T12:33:34.313+0000] {dag.py:3089} INFO - Sync 1 DAGs
[2025-12-17T12:33:34.319+0000] {logging_mixin.py:188} INFO - [2025-12-17T12:33:34.318+0000] {dag.py:3947} INFO - Setting next_dagrun for example_bash_decorator to None, run_after=None
[2025-12-17T12:33:34.330+0000] {processor.py:183} INFO - Processing /home/airflow/.local/lib/python3.12/site-packages/airflow/example_dags/example_bash_decorator.py took 0.044 seconds
[2025-12-17T13:42:09.327+0000] {processor.py:161} INFO - Started process (PID=42525) to work on /home/airflow/.local/lib/python3.12/site-packages/airflow/example_dags/example_bash_decorator.py
[2025-12-17T13:42:09.329+0000] {processor.py:830} INFO - Processing file /home/airflow/.local/lib/python3.12/site-packages/airflow/example_dags/example_bash_decorator.py for tasks to queue
[2025-12-17T13:42:09.330+0000] {logging_mixin.py:188} INFO - [2025-12-17T13:42:09.330+0000] {dagbag.py:545} INFO - Filling up the DagBag from /home/airflow/.local/lib/python3.12/site-packages/airflow/example_dags/example_bash_decorator.py
[2025-12-17T13:42:09.336+0000] {processor.py:840} INFO - DAG(s) 'example_bash_decorator' retrieved from /home/airflow/.local/lib/python3.12/site-packages/airflow/example_dags/example_bash_decorator.py
[2025-12-17T13:42:09.347+0000] {logging_mixin.py:188} INFO - [2025-12-17T13:42:09.347+0000] {dag.py:3089} INFO - Sync 1 DAGs
[2025-12-17T13:42:09.352+0000] {logging_mixin.py:188} INFO - [2025-12-17T13:42:09.352+0000] {dag.py:3947} INFO - Setting next_dagrun for example_bash_decorator to None, run_after=None
[2025-12-17T13:42:09.360+0000] {processor.py:183} INFO - Processing /home/airflow/.local/lib/python3.12/site-packages/airflow/example_dags/example_bash_decorator.py took 0.036 seconds
[2025-12-17T14:56:27.498+0000] {processor.py:161} INFO - Started process (PID=42584) to work on /home/airflow/.local/lib/python3.12/site-packages/airflow/example_dags/example_bash_decorator.py
[2025-12-17T14:56:27.499+0000] {processor.py:830} INFO - Processing file /home/airflow/.local/lib/python3.12/site-packages/airflow/example_dags/example_bash_decorator.py for tasks to queue
[2025-12-17T14:56:27.500+0000] {logging_mixin.py:188} INFO - [2025-12-17T14:56:27.500+0000] {dagbag.py:545} INFO - Filling up the DagBag from /home/airflow/.local/lib/python3.12/site-packages/airflow/example_dags/example_bash_decorator.py
[2025-12-17T14:56:27.506+0000] {processor.py:840} INFO - DAG(s) 'example_bash_decorator' retrieved from /home/airflow/.local/lib/python3.12/site-packages/airflow/example_dags/example_bash_decorator.py
[2025-12-17T14:56:27.523+0000] {logging_mixin.py:188} INFO - [2025-12-17T14:56:27.523+0000] {dag.py:3089} INFO - Sync 1 DAGs
[2025-12-17T14:56:27.529+0000] {logging_mixin.py:188} INFO - [2025-12-17T14:56:27.529+0000] {dag.py:3947} INFO - Setting next_dagrun for example_bash_decorator to None, run_after=None
[2025-12-17T14:56:27.538+0000] {processor.py:183} INFO - Processing /home/airflow/.local/lib/python3.12/site-packages/airflow/example_dags/example_bash_decorator.py took 0.044 seconds
[2025-12-17T16:05:45.814+0000] {processor.py:161} INFO - Started process (PID=42643) to work on /home/airflow/.local/lib/python3.12/site-packages/airflow/example_dags/example_bash_decorator.py
[2025-12-17T16:05:45.815+0000] {processor.py:830} INFO - Processing file /home/airflow/.local/lib/python3.12/site-packages/airflow/example_dags/example_bash_decorator.py for tasks to queue
[2025-12-17T16:05:45.815+0000] {logging_mixin.py:188} INFO - [2025-12-17T16:05:45.815+0000] {dagbag.py:545} INFO - Filling up the DagBag from /home/airflow/.local/lib/python3.12/site-packages/airflow/example_dags/example_bash_decorator.py
[2025-12-17T16:05:45.823+0000] {processor.py:840} INFO - DAG(s) 'example_bash_decorator' retrieved from /home/airflow/.local/lib/python3.12/site-packages/airflow/example_dags/example_bash_decorator.py
[2025-12-17T16:05:45.837+0000] {logging_mixin.py:188} INFO - [2025-12-17T16:05:45.837+0000] {dag.py:3089} INFO - Sync 1 DAGs
[2025-12-17T16:05:45.843+0000] {logging_mixin.py:188} INFO - [2025-12-17T16:05:45.843+0000] {dag.py:3947} INFO - Setting next_dagrun for example_bash_decorator to None, run_after=None
[2025-12-17T16:05:45.855+0000] {processor.py:183} INFO - Processing /home/airflow/.local/lib/python3.12/site-packages/airflow/example_dags/example_bash_decorator.py took 0.045 seconds
[2025-12-17T17:20:37.475+0000] {processor.py:161} INFO - Started process (PID=42702) to work on /home/airflow/.local/lib/python3.12/site-packages/airflow/example_dags/example_bash_decorator.py
[2025-12-17T17:20:37.477+0000] {processor.py:830} INFO - Processing file /home/airflow/.local/lib/python3.12/site-packages/airflow/example_dags/example_bash_decorator.py for tasks to queue
[2025-12-17T17:20:37.478+0000] {logging_mixin.py:188} INFO - [2025-12-17T17:20:37.478+0000] {dagbag.py:545} INFO - Filling up the DagBag from /home/airflow/.local/lib/python3.12/site-packages/airflow/example_dags/example_bash_decorator.py
[2025-12-17T17:20:37.485+0000] {processor.py:840} INFO - DAG(s) 'example_bash_decorator' retrieved from /home/airflow/.local/lib/python3.12/site-packages/airflow/example_dags/example_bash_decorator.py
[2025-12-17T17:20:37.499+0000] {logging_mixin.py:188} INFO - [2025-12-17T17:20:37.499+0000] {dag.py:3089} INFO - Sync 1 DAGs
[2025-12-17T17:20:37.508+0000] {logging_mixin.py:188} INFO - [2025-12-17T17:20:37.508+0000] {dag.py:3947} INFO - Setting next_dagrun for example_bash_decorator to None, run_after=None
[2025-12-17T17:20:37.519+0000] {processor.py:183} INFO - Processing /home/airflow/.local/lib/python3.12/site-packages/airflow/example_dags/example_bash_decorator.py took 0.064 seconds
[2025-12-17T18:07:06.775+0000] {processor.py:161} INFO - Started process (PID=42761) to work on /home/airflow/.local/lib/python3.12/site-packages/airflow/example_dags/example_bash_decorator.py
[2025-12-17T18:07:06.777+0000] {processor.py:830} INFO - Processing file /home/airflow/.local/lib/python3.12/site-packages/airflow/example_dags/example_bash_decorator.py for tasks to queue
[2025-12-17T18:07:06.778+0000] {logging_mixin.py:188} INFO - [2025-12-17T18:07:06.778+0000] {dagbag.py:545} INFO - Filling up the DagBag from /home/airflow/.local/lib/python3.12/site-packages/airflow/example_dags/example_bash_decorator.py
[2025-12-17T18:07:06.784+0000] {processor.py:840} INFO - DAG(s) 'example_bash_decorator' retrieved from /home/airflow/.local/lib/python3.12/site-packages/airflow/example_dags/example_bash_decorator.py
[2025-12-17T18:07:06.797+0000] {logging_mixin.py:188} INFO - [2025-12-17T18:07:06.797+0000] {dag.py:3089} INFO - Sync 1 DAGs
[2025-12-17T18:07:06.807+0000] {logging_mixin.py:188} INFO - [2025-12-17T18:07:06.806+0000] {dag.py:3947} INFO - Setting next_dagrun for example_bash_decorator to None, run_after=None
[2025-12-17T18:07:06.817+0000] {processor.py:183} INFO - Processing /home/airflow/.local/lib/python3.12/site-packages/airflow/example_dags/example_bash_decorator.py took 0.045 seconds
[2025-12-17T18:26:57.405+0000] {processor.py:161} INFO - Started process (PID=42820) to work on /home/airflow/.local/lib/python3.12/site-packages/airflow/example_dags/example_bash_decorator.py
[2025-12-17T18:26:57.406+0000] {processor.py:830} INFO - Processing file /home/airflow/.local/lib/python3.12/site-packages/airflow/example_dags/example_bash_decorator.py for tasks to queue
[2025-12-17T18:26:57.406+0000] {logging_mixin.py:188} INFO - [2025-12-17T18:26:57.406+0000] {dagbag.py:545} INFO - Filling up the DagBag from /home/airflow/.local/lib/python3.12/site-packages/airflow/example_dags/example_bash_decorator.py
[2025-12-17T18:26:57.412+0000] {processor.py:840} INFO - DAG(s) 'example_bash_decorator' retrieved from /home/airflow/.local/lib/python3.12/site-packages/airflow/example_dags/example_bash_decorator.py
[2025-12-17T18:26:57.428+0000] {logging_mixin.py:188} INFO - [2025-12-17T18:26:57.428+0000] {dag.py:3089} INFO - Sync 1 DAGs
[2025-12-17T18:26:57.435+0000] {logging_mixin.py:188} INFO - [2025-12-17T18:26:57.435+0000] {dag.py:3947} INFO - Setting next_dagrun for example_bash_decorator to None, run_after=None
[2025-12-17T18:26:57.445+0000] {processor.py:183} INFO - Processing /home/airflow/.local/lib/python3.12/site-packages/airflow/example_dags/example_bash_decorator.py took 0.043 seconds
[2025-12-17T19:41:41.901+0000] {processor.py:161} INFO - Started process (PID=42879) to work on /home/airflow/.local/lib/python3.12/site-packages/airflow/example_dags/example_bash_decorator.py
[2025-12-17T19:41:41.902+0000] {processor.py:830} INFO - Processing file /home/airflow/.local/lib/python3.12/site-packages/airflow/example_dags/example_bash_decorator.py for tasks to queue
[2025-12-17T19:41:41.902+0000] {logging_mixin.py:188} INFO - [2025-12-17T19:41:41.902+0000] {dagbag.py:545} INFO - Filling up the DagBag from /home/airflow/.local/lib/python3.12/site-packages/airflow/example_dags/example_bash_decorator.py
[2025-12-17T19:41:41.909+0000] {processor.py:840} INFO - DAG(s) 'example_bash_decorator' retrieved from /home/airflow/.local/lib/python3.12/site-packages/airflow/example_dags/example_bash_decorator.py
[2025-12-17T19:41:41.922+0000] {logging_mixin.py:188} INFO - [2025-12-17T19:41:41.922+0000] {dag.py:3089} INFO - Sync 1 DAGs
[2025-12-17T19:41:41.930+0000] {logging_mixin.py:188} INFO - [2025-12-17T19:41:41.930+0000] {dag.py:3947} INFO - Setting next_dagrun for example_bash_decorator to None, run_after=None
[2025-12-17T19:41:41.940+0000] {processor.py:183} INFO - Processing /home/airflow/.local/lib/python3.12/site-packages/airflow/example_dags/example_bash_decorator.py took 0.043 seconds
[2025-12-17T21:17:13.939+0000] {processor.py:161} INFO - Started process (PID=42938) to work on /home/airflow/.local/lib/python3.12/site-packages/airflow/example_dags/example_bash_decorator.py
[2025-12-17T21:17:13.940+0000] {processor.py:830} INFO - Processing file /home/airflow/.local/lib/python3.12/site-packages/airflow/example_dags/example_bash_decorator.py for tasks to queue
[2025-12-17T21:17:13.940+0000] {logging_mixin.py:188} INFO - [2025-12-17T21:17:13.940+0000] {dagbag.py:545} INFO - Filling up the DagBag from /home/airflow/.local/lib/python3.12/site-packages/airflow/example_dags/example_bash_decorator.py
[2025-12-17T21:17:13.947+0000] {processor.py:840} INFO - DAG(s) 'example_bash_decorator' retrieved from /home/airflow/.local/lib/python3.12/site-packages/airflow/example_dags/example_bash_decorator.py
[2025-12-17T21:17:13.958+0000] {logging_mixin.py:188} INFO - [2025-12-17T21:17:13.957+0000] {dag.py:3089} INFO - Sync 1 DAGs
[2025-12-17T21:17:13.962+0000] {logging_mixin.py:188} INFO - [2025-12-17T21:17:13.962+0000] {dag.py:3947} INFO - Setting next_dagrun for example_bash_decorator to None, run_after=None
[2025-12-17T21:17:13.976+0000] {processor.py:183} INFO - Processing /home/airflow/.local/lib/python3.12/site-packages/airflow/example_dags/example_bash_decorator.py took 0.040 seconds
[2025-12-17T22:30:36.915+0000] {processor.py:161} INFO - Started process (PID=42997) to work on /home/airflow/.local/lib/python3.12/site-packages/airflow/example_dags/example_bash_decorator.py
[2025-12-17T22:30:36.917+0000] {processor.py:830} INFO - Processing file /home/airflow/.local/lib/python3.12/site-packages/airflow/example_dags/example_bash_decorator.py for tasks to queue
[2025-12-17T22:30:36.918+0000] {logging_mixin.py:188} INFO - [2025-12-17T22:30:36.918+0000] {dagbag.py:545} INFO - Filling up the DagBag from /home/airflow/.local/lib/python3.12/site-packages/airflow/example_dags/example_bash_decorator.py
[2025-12-17T22:30:36.924+0000] {processor.py:840} INFO - DAG(s) 'example_bash_decorator' retrieved from /home/airflow/.local/lib/python3.12/site-packages/airflow/example_dags/example_bash_decorator.py
[2025-12-17T22:30:36.938+0000] {logging_mixin.py:188} INFO - [2025-12-17T22:30:36.938+0000] {dag.py:3089} INFO - Sync 1 DAGs
[2025-12-17T22:30:36.943+0000] {logging_mixin.py:188} INFO - [2025-12-17T22:30:36.942+0000] {dag.py:3947} INFO - Setting next_dagrun for example_bash_decorator to None, run_after=None
[2025-12-17T22:30:36.953+0000] {processor.py:183} INFO - Processing /home/airflow/.local/lib/python3.12/site-packages/airflow/example_dags/example_bash_decorator.py took 0.042 seconds
