[2025-12-17T00:49:43.423+0000] {processor.py:161} INFO - Started process (PID=41694) to work on /home/airflow/.local/lib/python3.12/site-packages/airflow/example_dags/example_short_circuit_operator.py
[2025-12-17T00:49:43.424+0000] {processor.py:830} INFO - Processing file /home/airflow/.local/lib/python3.12/site-packages/airflow/example_dags/example_short_circuit_operator.py for tasks to queue
[2025-12-17T00:49:43.425+0000] {logging_mixin.py:188} INFO - [2025-12-17T00:49:43.424+0000] {dagbag.py:545} INFO - Filling up the DagBag from /home/airflow/.local/lib/python3.12/site-packages/airflow/example_dags/example_short_circuit_operator.py
[2025-12-17T00:49:43.440+0000] {processor.py:840} INFO - DAG(s) 'example_short_circuit_operator' retrieved from /home/airflow/.local/lib/python3.12/site-packages/airflow/example_dags/example_short_circuit_operator.py
[2025-12-17T00:49:43.466+0000] {logging_mixin.py:188} INFO - [2025-12-17T00:49:43.466+0000] {dag.py:3089} INFO - Sync 1 DAGs
[2025-12-17T00:49:43.492+0000] {logging_mixin.py:188} INFO - [2025-12-17T00:49:43.492+0000] {dag.py:3947} INFO - Setting next_dagrun for example_short_circuit_operator to 2025-12-16 00:00:00+00:00, run_after=2025-12-17 00:00:00+00:00
[2025-12-17T00:49:43.507+0000] {processor.py:183} INFO - Processing /home/airflow/.local/lib/python3.12/site-packages/airflow/example_dags/example_short_circuit_operator.py took 0.090 seconds
[2025-12-17T01:13:18.884+0000] {processor.py:161} INFO - Started process (PID=41753) to work on /home/airflow/.local/lib/python3.12/site-packages/airflow/example_dags/example_short_circuit_operator.py
[2025-12-17T01:13:18.885+0000] {processor.py:830} INFO - Processing file /home/airflow/.local/lib/python3.12/site-packages/airflow/example_dags/example_short_circuit_operator.py for tasks to queue
[2025-12-17T01:13:18.888+0000] {logging_mixin.py:188} INFO - [2025-12-17T01:13:18.887+0000] {dagbag.py:545} INFO - Filling up the DagBag from /home/airflow/.local/lib/python3.12/site-packages/airflow/example_dags/example_short_circuit_operator.py
[2025-12-17T01:13:18.907+0000] {processor.py:840} INFO - DAG(s) 'example_short_circuit_operator' retrieved from /home/airflow/.local/lib/python3.12/site-packages/airflow/example_dags/example_short_circuit_operator.py
[2025-12-17T01:13:18.936+0000] {logging_mixin.py:188} INFO - [2025-12-17T01:13:18.936+0000] {dag.py:3089} INFO - Sync 1 DAGs
[2025-12-17T01:13:18.961+0000] {logging_mixin.py:188} INFO - [2025-12-17T01:13:18.961+0000] {dag.py:3947} INFO - Setting next_dagrun for example_short_circuit_operator to 2025-12-16 00:00:00+00:00, run_after=2025-12-17 00:00:00+00:00
[2025-12-17T01:13:19.218+0000] {processor.py:183} INFO - Processing /home/airflow/.local/lib/python3.12/site-packages/airflow/example_dags/example_short_circuit_operator.py took 0.341 seconds
[2025-12-17T02:08:56.494+0000] {processor.py:161} INFO - Started process (PID=41812) to work on /home/airflow/.local/lib/python3.12/site-packages/airflow/example_dags/example_short_circuit_operator.py
[2025-12-17T02:08:56.496+0000] {processor.py:830} INFO - Processing file /home/airflow/.local/lib/python3.12/site-packages/airflow/example_dags/example_short_circuit_operator.py for tasks to queue
[2025-12-17T02:08:56.498+0000] {logging_mixin.py:188} INFO - [2025-12-17T02:08:56.498+0000] {dagbag.py:545} INFO - Filling up the DagBag from /home/airflow/.local/lib/python3.12/site-packages/airflow/example_dags/example_short_circuit_operator.py
[2025-12-17T02:08:56.512+0000] {processor.py:840} INFO - DAG(s) 'example_short_circuit_operator' retrieved from /home/airflow/.local/lib/python3.12/site-packages/airflow/example_dags/example_short_circuit_operator.py
[2025-12-17T02:08:56.544+0000] {logging_mixin.py:188} INFO - [2025-12-17T02:08:56.544+0000] {dag.py:3089} INFO - Sync 1 DAGs
[2025-12-17T02:08:56.568+0000] {logging_mixin.py:188} INFO - [2025-12-17T02:08:56.568+0000] {dag.py:3947} INFO - Setting next_dagrun for example_short_circuit_operator to 2025-12-16 00:00:00+00:00, run_after=2025-12-17 00:00:00+00:00
[2025-12-17T02:08:56.809+0000] {processor.py:183} INFO - Processing /home/airflow/.local/lib/python3.12/site-packages/airflow/example_dags/example_short_circuit_operator.py took 0.329 seconds
[2025-12-17T02:38:01.034+0000] {processor.py:161} INFO - Started process (PID=41871) to work on /home/airflow/.local/lib/python3.12/site-packages/airflow/example_dags/example_short_circuit_operator.py
[2025-12-17T02:38:01.035+0000] {processor.py:830} INFO - Processing file /home/airflow/.local/lib/python3.12/site-packages/airflow/example_dags/example_short_circuit_operator.py for tasks to queue
[2025-12-17T02:38:01.036+0000] {logging_mixin.py:188} INFO - [2025-12-17T02:38:01.036+0000] {dagbag.py:545} INFO - Filling up the DagBag from /home/airflow/.local/lib/python3.12/site-packages/airflow/example_dags/example_short_circuit_operator.py
[2025-12-17T02:38:01.057+0000] {processor.py:840} INFO - DAG(s) 'example_short_circuit_operator' retrieved from /home/airflow/.local/lib/python3.12/site-packages/airflow/example_dags/example_short_circuit_operator.py
[2025-12-17T02:38:01.082+0000] {logging_mixin.py:188} INFO - [2025-12-17T02:38:01.082+0000] {dag.py:3089} INFO - Sync 1 DAGs
[2025-12-17T02:38:01.108+0000] {logging_mixin.py:188} INFO - [2025-12-17T02:38:01.108+0000] {dag.py:3947} INFO - Setting next_dagrun for example_short_circuit_operator to 2025-12-16 00:00:00+00:00, run_after=2025-12-17 00:00:00+00:00
[2025-12-17T02:38:01.126+0000] {processor.py:183} INFO - Processing /home/airflow/.local/lib/python3.12/site-packages/airflow/example_dags/example_short_circuit_operator.py took 0.107 seconds
[2025-12-17T03:29:14.192+0000] {processor.py:161} INFO - Started process (PID=41930) to work on /home/airflow/.local/lib/python3.12/site-packages/airflow/example_dags/example_short_circuit_operator.py
[2025-12-17T03:29:14.195+0000] {processor.py:830} INFO - Processing file /home/airflow/.local/lib/python3.12/site-packages/airflow/example_dags/example_short_circuit_operator.py for tasks to queue
[2025-12-17T03:29:14.198+0000] {logging_mixin.py:188} INFO - [2025-12-17T03:29:14.197+0000] {dagbag.py:545} INFO - Filling up the DagBag from /home/airflow/.local/lib/python3.12/site-packages/airflow/example_dags/example_short_circuit_operator.py
[2025-12-17T03:29:14.219+0000] {processor.py:840} INFO - DAG(s) 'example_short_circuit_operator' retrieved from /home/airflow/.local/lib/python3.12/site-packages/airflow/example_dags/example_short_circuit_operator.py
[2025-12-17T03:29:14.251+0000] {logging_mixin.py:188} INFO - [2025-12-17T03:29:14.251+0000] {dag.py:3089} INFO - Sync 1 DAGs
[2025-12-17T03:29:14.278+0000] {logging_mixin.py:188} INFO - [2025-12-17T03:29:14.278+0000] {dag.py:3947} INFO - Setting next_dagrun for example_short_circuit_operator to 2025-12-16 00:00:00+00:00, run_after=2025-12-17 00:00:00+00:00
[2025-12-17T03:29:14.290+0000] {processor.py:183} INFO - Processing /home/airflow/.local/lib/python3.12/site-packages/airflow/example_dags/example_short_circuit_operator.py took 0.109 seconds
[2025-12-17T03:53:42.310+0000] {processor.py:161} INFO - Started process (PID=41989) to work on /home/airflow/.local/lib/python3.12/site-packages/airflow/example_dags/example_short_circuit_operator.py
[2025-12-17T03:53:42.311+0000] {processor.py:830} INFO - Processing file /home/airflow/.local/lib/python3.12/site-packages/airflow/example_dags/example_short_circuit_operator.py for tasks to queue
[2025-12-17T03:53:42.315+0000] {logging_mixin.py:188} INFO - [2025-12-17T03:53:42.314+0000] {dagbag.py:545} INFO - Filling up the DagBag from /home/airflow/.local/lib/python3.12/site-packages/airflow/example_dags/example_short_circuit_operator.py
[2025-12-17T03:53:42.331+0000] {processor.py:840} INFO - DAG(s) 'example_short_circuit_operator' retrieved from /home/airflow/.local/lib/python3.12/site-packages/airflow/example_dags/example_short_circuit_operator.py
[2025-12-17T03:53:42.361+0000] {logging_mixin.py:188} INFO - [2025-12-17T03:53:42.361+0000] {dag.py:3089} INFO - Sync 1 DAGs
[2025-12-17T03:53:42.383+0000] {logging_mixin.py:188} INFO - [2025-12-17T03:53:42.383+0000] {dag.py:3947} INFO - Setting next_dagrun for example_short_circuit_operator to 2025-12-16 00:00:00+00:00, run_after=2025-12-17 00:00:00+00:00
[2025-12-17T03:53:42.398+0000] {processor.py:183} INFO - Processing /home/airflow/.local/lib/python3.12/site-packages/airflow/example_dags/example_short_circuit_operator.py took 0.100 seconds
[2025-12-17T04:54:45.042+0000] {processor.py:161} INFO - Started process (PID=42048) to work on /home/airflow/.local/lib/python3.12/site-packages/airflow/example_dags/example_short_circuit_operator.py
[2025-12-17T04:54:45.047+0000] {processor.py:830} INFO - Processing file /home/airflow/.local/lib/python3.12/site-packages/airflow/example_dags/example_short_circuit_operator.py for tasks to queue
[2025-12-17T04:54:45.049+0000] {logging_mixin.py:188} INFO - [2025-12-17T04:54:45.049+0000] {dagbag.py:545} INFO - Filling up the DagBag from /home/airflow/.local/lib/python3.12/site-packages/airflow/example_dags/example_short_circuit_operator.py
[2025-12-17T04:54:45.062+0000] {processor.py:840} INFO - DAG(s) 'example_short_circuit_operator' retrieved from /home/airflow/.local/lib/python3.12/site-packages/airflow/example_dags/example_short_circuit_operator.py
[2025-12-17T04:54:45.094+0000] {logging_mixin.py:188} INFO - [2025-12-17T04:54:45.093+0000] {dag.py:3089} INFO - Sync 1 DAGs
[2025-12-17T04:54:45.121+0000] {logging_mixin.py:188} INFO - [2025-12-17T04:54:45.121+0000] {dag.py:3947} INFO - Setting next_dagrun for example_short_circuit_operator to 2025-12-16 00:00:00+00:00, run_after=2025-12-17 00:00:00+00:00
[2025-12-17T04:54:45.135+0000] {processor.py:183} INFO - Processing /home/airflow/.local/lib/python3.12/site-packages/airflow/example_dags/example_short_circuit_operator.py took 0.100 seconds
[2025-12-17T06:11:24.412+0000] {processor.py:161} INFO - Started process (PID=42107) to work on /home/airflow/.local/lib/python3.12/site-packages/airflow/example_dags/example_short_circuit_operator.py
[2025-12-17T06:11:24.414+0000] {processor.py:830} INFO - Processing file /home/airflow/.local/lib/python3.12/site-packages/airflow/example_dags/example_short_circuit_operator.py for tasks to queue
[2025-12-17T06:11:24.415+0000] {logging_mixin.py:188} INFO - [2025-12-17T06:11:24.414+0000] {dagbag.py:545} INFO - Filling up the DagBag from /home/airflow/.local/lib/python3.12/site-packages/airflow/example_dags/example_short_circuit_operator.py
[2025-12-17T06:11:24.429+0000] {processor.py:840} INFO - DAG(s) 'example_short_circuit_operator' retrieved from /home/airflow/.local/lib/python3.12/site-packages/airflow/example_dags/example_short_circuit_operator.py
[2025-12-17T06:11:24.455+0000] {logging_mixin.py:188} INFO - [2025-12-17T06:11:24.454+0000] {dag.py:3089} INFO - Sync 1 DAGs
[2025-12-17T06:11:24.471+0000] {logging_mixin.py:188} INFO - [2025-12-17T06:11:24.470+0000] {dag.py:3947} INFO - Setting next_dagrun for example_short_circuit_operator to 2025-12-16 00:00:00+00:00, run_after=2025-12-17 00:00:00+00:00
[2025-12-17T06:11:24.482+0000] {processor.py:183} INFO - Processing /home/airflow/.local/lib/python3.12/site-packages/airflow/example_dags/example_short_circuit_operator.py took 0.073 seconds
[2025-12-17T07:48:04.510+0000] {processor.py:161} INFO - Started process (PID=42166) to work on /home/airflow/.local/lib/python3.12/site-packages/airflow/example_dags/example_short_circuit_operator.py
[2025-12-17T07:48:04.512+0000] {processor.py:830} INFO - Processing file /home/airflow/.local/lib/python3.12/site-packages/airflow/example_dags/example_short_circuit_operator.py for tasks to queue
[2025-12-17T07:48:04.514+0000] {logging_mixin.py:188} INFO - [2025-12-17T07:48:04.513+0000] {dagbag.py:545} INFO - Filling up the DagBag from /home/airflow/.local/lib/python3.12/site-packages/airflow/example_dags/example_short_circuit_operator.py
[2025-12-17T07:48:04.535+0000] {processor.py:840} INFO - DAG(s) 'example_short_circuit_operator' retrieved from /home/airflow/.local/lib/python3.12/site-packages/airflow/example_dags/example_short_circuit_operator.py
[2025-12-17T07:48:04.577+0000] {logging_mixin.py:188} INFO - [2025-12-17T07:48:04.577+0000] {dag.py:3089} INFO - Sync 1 DAGs
[2025-12-17T07:48:04.598+0000] {logging_mixin.py:188} INFO - [2025-12-17T07:48:04.598+0000] {dag.py:3947} INFO - Setting next_dagrun for example_short_circuit_operator to 2025-12-16 00:00:00+00:00, run_after=2025-12-17 00:00:00+00:00
[2025-12-17T07:48:04.615+0000] {processor.py:183} INFO - Processing /home/airflow/.local/lib/python3.12/site-packages/airflow/example_dags/example_short_circuit_operator.py took 0.112 seconds
[2025-12-17T08:58:44.788+0000] {processor.py:161} INFO - Started process (PID=42225) to work on /home/airflow/.local/lib/python3.12/site-packages/airflow/example_dags/example_short_circuit_operator.py
[2025-12-17T08:58:44.789+0000] {processor.py:830} INFO - Processing file /home/airflow/.local/lib/python3.12/site-packages/airflow/example_dags/example_short_circuit_operator.py for tasks to queue
[2025-12-17T08:58:44.791+0000] {logging_mixin.py:188} INFO - [2025-12-17T08:58:44.790+0000] {dagbag.py:545} INFO - Filling up the DagBag from /home/airflow/.local/lib/python3.12/site-packages/airflow/example_dags/example_short_circuit_operator.py
[2025-12-17T08:58:44.813+0000] {processor.py:840} INFO - DAG(s) 'example_short_circuit_operator' retrieved from /home/airflow/.local/lib/python3.12/site-packages/airflow/example_dags/example_short_circuit_operator.py
[2025-12-17T08:58:44.843+0000] {logging_mixin.py:188} INFO - [2025-12-17T08:58:44.843+0000] {dag.py:3089} INFO - Sync 1 DAGs
[2025-12-17T08:58:44.863+0000] {logging_mixin.py:188} INFO - [2025-12-17T08:58:44.863+0000] {dag.py:3947} INFO - Setting next_dagrun for example_short_circuit_operator to 2025-12-16 00:00:00+00:00, run_after=2025-12-17 00:00:00+00:00
[2025-12-17T08:58:44.879+0000] {processor.py:183} INFO - Processing /home/airflow/.local/lib/python3.12/site-packages/airflow/example_dags/example_short_circuit_operator.py took 0.098 seconds
[2025-12-17T09:20:59.465+0000] {processor.py:161} INFO - Started process (PID=42284) to work on /home/airflow/.local/lib/python3.12/site-packages/airflow/example_dags/example_short_circuit_operator.py
[2025-12-17T09:20:59.465+0000] {processor.py:830} INFO - Processing file /home/airflow/.local/lib/python3.12/site-packages/airflow/example_dags/example_short_circuit_operator.py for tasks to queue
[2025-12-17T09:20:59.467+0000] {logging_mixin.py:188} INFO - [2025-12-17T09:20:59.467+0000] {dagbag.py:545} INFO - Filling up the DagBag from /home/airflow/.local/lib/python3.12/site-packages/airflow/example_dags/example_short_circuit_operator.py
[2025-12-17T09:20:59.484+0000] {processor.py:840} INFO - DAG(s) 'example_short_circuit_operator' retrieved from /home/airflow/.local/lib/python3.12/site-packages/airflow/example_dags/example_short_circuit_operator.py
[2025-12-17T09:20:59.513+0000] {logging_mixin.py:188} INFO - [2025-12-17T09:20:59.513+0000] {dag.py:3089} INFO - Sync 1 DAGs
[2025-12-17T09:20:59.536+0000] {logging_mixin.py:188} INFO - [2025-12-17T09:20:59.536+0000] {dag.py:3947} INFO - Setting next_dagrun for example_short_circuit_operator to 2025-12-16 00:00:00+00:00, run_after=2025-12-17 00:00:00+00:00
[2025-12-17T09:20:59.551+0000] {processor.py:183} INFO - Processing /home/airflow/.local/lib/python3.12/site-packages/airflow/example_dags/example_short_circuit_operator.py took 0.091 seconds
[2025-12-17T10:31:19.816+0000] {processor.py:161} INFO - Started process (PID=42343) to work on /home/airflow/.local/lib/python3.12/site-packages/airflow/example_dags/example_short_circuit_operator.py
[2025-12-17T10:31:19.817+0000] {processor.py:830} INFO - Processing file /home/airflow/.local/lib/python3.12/site-packages/airflow/example_dags/example_short_circuit_operator.py for tasks to queue
[2025-12-17T10:31:19.818+0000] {logging_mixin.py:188} INFO - [2025-12-17T10:31:19.818+0000] {dagbag.py:545} INFO - Filling up the DagBag from /home/airflow/.local/lib/python3.12/site-packages/airflow/example_dags/example_short_circuit_operator.py
[2025-12-17T10:31:19.837+0000] {processor.py:840} INFO - DAG(s) 'example_short_circuit_operator' retrieved from /home/airflow/.local/lib/python3.12/site-packages/airflow/example_dags/example_short_circuit_operator.py
[2025-12-17T10:31:19.863+0000] {logging_mixin.py:188} INFO - [2025-12-17T10:31:19.863+0000] {dag.py:3089} INFO - Sync 1 DAGs
[2025-12-17T10:31:19.884+0000] {logging_mixin.py:188} INFO - [2025-12-17T10:31:19.883+0000] {dag.py:3947} INFO - Setting next_dagrun for example_short_circuit_operator to 2025-12-16 00:00:00+00:00, run_after=2025-12-17 00:00:00+00:00
[2025-12-17T10:31:19.899+0000] {processor.py:183} INFO - Processing /home/airflow/.local/lib/python3.12/site-packages/airflow/example_dags/example_short_circuit_operator.py took 0.087 seconds
[2025-12-17T11:32:04.233+0000] {processor.py:161} INFO - Started process (PID=42402) to work on /home/airflow/.local/lib/python3.12/site-packages/airflow/example_dags/example_short_circuit_operator.py
[2025-12-17T11:32:04.234+0000] {processor.py:830} INFO - Processing file /home/airflow/.local/lib/python3.12/site-packages/airflow/example_dags/example_short_circuit_operator.py for tasks to queue
[2025-12-17T11:32:04.235+0000] {logging_mixin.py:188} INFO - [2025-12-17T11:32:04.235+0000] {dagbag.py:545} INFO - Filling up the DagBag from /home/airflow/.local/lib/python3.12/site-packages/airflow/example_dags/example_short_circuit_operator.py
[2025-12-17T11:32:04.251+0000] {processor.py:840} INFO - DAG(s) 'example_short_circuit_operator' retrieved from /home/airflow/.local/lib/python3.12/site-packages/airflow/example_dags/example_short_circuit_operator.py
[2025-12-17T11:32:04.272+0000] {logging_mixin.py:188} INFO - [2025-12-17T11:32:04.272+0000] {dag.py:3089} INFO - Sync 1 DAGs
[2025-12-17T11:32:04.286+0000] {logging_mixin.py:188} INFO - [2025-12-17T11:32:04.286+0000] {dag.py:3947} INFO - Setting next_dagrun for example_short_circuit_operator to 2025-12-16 00:00:00+00:00, run_after=2025-12-17 00:00:00+00:00
[2025-12-17T11:32:04.295+0000] {processor.py:183} INFO - Processing /home/airflow/.local/lib/python3.12/site-packages/airflow/example_dags/example_short_circuit_operator.py took 0.069 seconds
[2025-12-17T12:33:34.032+0000] {processor.py:161} INFO - Started process (PID=42461) to work on /home/airflow/.local/lib/python3.12/site-packages/airflow/example_dags/example_short_circuit_operator.py
[2025-12-17T12:33:34.033+0000] {processor.py:830} INFO - Processing file /home/airflow/.local/lib/python3.12/site-packages/airflow/example_dags/example_short_circuit_operator.py for tasks to queue
[2025-12-17T12:33:34.034+0000] {logging_mixin.py:188} INFO - [2025-12-17T12:33:34.033+0000] {dagbag.py:545} INFO - Filling up the DagBag from /home/airflow/.local/lib/python3.12/site-packages/airflow/example_dags/example_short_circuit_operator.py
[2025-12-17T12:33:34.046+0000] {processor.py:840} INFO - DAG(s) 'example_short_circuit_operator' retrieved from /home/airflow/.local/lib/python3.12/site-packages/airflow/example_dags/example_short_circuit_operator.py
[2025-12-17T12:33:34.069+0000] {logging_mixin.py:188} INFO - [2025-12-17T12:33:34.069+0000] {dag.py:3089} INFO - Sync 1 DAGs
[2025-12-17T12:33:34.087+0000] {logging_mixin.py:188} INFO - [2025-12-17T12:33:34.087+0000] {dag.py:3947} INFO - Setting next_dagrun for example_short_circuit_operator to 2025-12-16 00:00:00+00:00, run_after=2025-12-17 00:00:00+00:00
[2025-12-17T12:33:34.101+0000] {processor.py:183} INFO - Processing /home/airflow/.local/lib/python3.12/site-packages/airflow/example_dags/example_short_circuit_operator.py took 0.074 seconds
[2025-12-17T13:42:09.091+0000] {processor.py:161} INFO - Started process (PID=42520) to work on /home/airflow/.local/lib/python3.12/site-packages/airflow/example_dags/example_short_circuit_operator.py
[2025-12-17T13:42:09.092+0000] {processor.py:830} INFO - Processing file /home/airflow/.local/lib/python3.12/site-packages/airflow/example_dags/example_short_circuit_operator.py for tasks to queue
[2025-12-17T13:42:09.093+0000] {logging_mixin.py:188} INFO - [2025-12-17T13:42:09.093+0000] {dagbag.py:545} INFO - Filling up the DagBag from /home/airflow/.local/lib/python3.12/site-packages/airflow/example_dags/example_short_circuit_operator.py
[2025-12-17T13:42:09.107+0000] {processor.py:840} INFO - DAG(s) 'example_short_circuit_operator' retrieved from /home/airflow/.local/lib/python3.12/site-packages/airflow/example_dags/example_short_circuit_operator.py
[2025-12-17T13:42:09.130+0000] {logging_mixin.py:188} INFO - [2025-12-17T13:42:09.129+0000] {dag.py:3089} INFO - Sync 1 DAGs
[2025-12-17T13:42:09.146+0000] {logging_mixin.py:188} INFO - [2025-12-17T13:42:09.146+0000] {dag.py:3947} INFO - Setting next_dagrun for example_short_circuit_operator to 2025-12-16 00:00:00+00:00, run_after=2025-12-17 00:00:00+00:00
[2025-12-17T13:42:09.160+0000] {processor.py:183} INFO - Processing /home/airflow/.local/lib/python3.12/site-packages/airflow/example_dags/example_short_circuit_operator.py took 0.073 seconds
[2025-12-17T14:56:27.270+0000] {processor.py:161} INFO - Started process (PID=42579) to work on /home/airflow/.local/lib/python3.12/site-packages/airflow/example_dags/example_short_circuit_operator.py
[2025-12-17T14:56:27.271+0000] {processor.py:830} INFO - Processing file /home/airflow/.local/lib/python3.12/site-packages/airflow/example_dags/example_short_circuit_operator.py for tasks to queue
[2025-12-17T14:56:27.273+0000] {logging_mixin.py:188} INFO - [2025-12-17T14:56:27.273+0000] {dagbag.py:545} INFO - Filling up the DagBag from /home/airflow/.local/lib/python3.12/site-packages/airflow/example_dags/example_short_circuit_operator.py
[2025-12-17T14:56:27.291+0000] {processor.py:840} INFO - DAG(s) 'example_short_circuit_operator' retrieved from /home/airflow/.local/lib/python3.12/site-packages/airflow/example_dags/example_short_circuit_operator.py
[2025-12-17T14:56:27.312+0000] {logging_mixin.py:188} INFO - [2025-12-17T14:56:27.312+0000] {dag.py:3089} INFO - Sync 1 DAGs
[2025-12-17T14:56:27.331+0000] {logging_mixin.py:188} INFO - [2025-12-17T14:56:27.331+0000] {dag.py:3947} INFO - Setting next_dagrun for example_short_circuit_operator to 2025-12-16 00:00:00+00:00, run_after=2025-12-17 00:00:00+00:00
[2025-12-17T14:56:27.343+0000] {processor.py:183} INFO - Processing /home/airflow/.local/lib/python3.12/site-packages/airflow/example_dags/example_short_circuit_operator.py took 0.079 seconds
[2025-12-17T16:05:45.443+0000] {processor.py:161} INFO - Started process (PID=42638) to work on /home/airflow/.local/lib/python3.12/site-packages/airflow/example_dags/example_short_circuit_operator.py
[2025-12-17T16:05:45.446+0000] {processor.py:830} INFO - Processing file /home/airflow/.local/lib/python3.12/site-packages/airflow/example_dags/example_short_circuit_operator.py for tasks to queue
[2025-12-17T16:05:45.448+0000] {logging_mixin.py:188} INFO - [2025-12-17T16:05:45.448+0000] {dagbag.py:545} INFO - Filling up the DagBag from /home/airflow/.local/lib/python3.12/site-packages/airflow/example_dags/example_short_circuit_operator.py
[2025-12-17T16:05:45.466+0000] {processor.py:840} INFO - DAG(s) 'example_short_circuit_operator' retrieved from /home/airflow/.local/lib/python3.12/site-packages/airflow/example_dags/example_short_circuit_operator.py
[2025-12-17T16:05:45.500+0000] {logging_mixin.py:188} INFO - [2025-12-17T16:05:45.500+0000] {dag.py:3089} INFO - Sync 1 DAGs
[2025-12-17T16:05:45.540+0000] {logging_mixin.py:188} INFO - [2025-12-17T16:05:45.539+0000] {dag.py:3947} INFO - Setting next_dagrun for example_short_circuit_operator to 2025-12-16 00:00:00+00:00, run_after=2025-12-17 00:00:00+00:00
[2025-12-17T16:05:45.572+0000] {processor.py:183} INFO - Processing /home/airflow/.local/lib/python3.12/site-packages/airflow/example_dags/example_short_circuit_operator.py took 0.138 seconds
[2025-12-17T17:20:37.174+0000] {processor.py:161} INFO - Started process (PID=42697) to work on /home/airflow/.local/lib/python3.12/site-packages/airflow/example_dags/example_short_circuit_operator.py
[2025-12-17T17:20:37.175+0000] {processor.py:830} INFO - Processing file /home/airflow/.local/lib/python3.12/site-packages/airflow/example_dags/example_short_circuit_operator.py for tasks to queue
[2025-12-17T17:20:37.176+0000] {logging_mixin.py:188} INFO - [2025-12-17T17:20:37.176+0000] {dagbag.py:545} INFO - Filling up the DagBag from /home/airflow/.local/lib/python3.12/site-packages/airflow/example_dags/example_short_circuit_operator.py
[2025-12-17T17:20:37.205+0000] {processor.py:840} INFO - DAG(s) 'example_short_circuit_operator' retrieved from /home/airflow/.local/lib/python3.12/site-packages/airflow/example_dags/example_short_circuit_operator.py
[2025-12-17T17:20:37.230+0000] {logging_mixin.py:188} INFO - [2025-12-17T17:20:37.230+0000] {dag.py:3089} INFO - Sync 1 DAGs
[2025-12-17T17:20:37.254+0000] {logging_mixin.py:188} INFO - [2025-12-17T17:20:37.254+0000] {dag.py:3947} INFO - Setting next_dagrun for example_short_circuit_operator to 2025-12-16 00:00:00+00:00, run_after=2025-12-17 00:00:00+00:00
[2025-12-17T17:20:37.271+0000] {processor.py:183} INFO - Processing /home/airflow/.local/lib/python3.12/site-packages/airflow/example_dags/example_short_circuit_operator.py took 0.105 seconds
[2025-12-17T18:07:06.458+0000] {processor.py:161} INFO - Started process (PID=42756) to work on /home/airflow/.local/lib/python3.12/site-packages/airflow/example_dags/example_short_circuit_operator.py
[2025-12-17T18:07:06.460+0000] {processor.py:830} INFO - Processing file /home/airflow/.local/lib/python3.12/site-packages/airflow/example_dags/example_short_circuit_operator.py for tasks to queue
[2025-12-17T18:07:06.463+0000] {logging_mixin.py:188} INFO - [2025-12-17T18:07:06.462+0000] {dagbag.py:545} INFO - Filling up the DagBag from /home/airflow/.local/lib/python3.12/site-packages/airflow/example_dags/example_short_circuit_operator.py
[2025-12-17T18:07:06.487+0000] {processor.py:840} INFO - DAG(s) 'example_short_circuit_operator' retrieved from /home/airflow/.local/lib/python3.12/site-packages/airflow/example_dags/example_short_circuit_operator.py
[2025-12-17T18:07:06.517+0000] {logging_mixin.py:188} INFO - [2025-12-17T18:07:06.516+0000] {dag.py:3089} INFO - Sync 1 DAGs
[2025-12-17T18:07:06.547+0000] {logging_mixin.py:188} INFO - [2025-12-17T18:07:06.547+0000] {dag.py:3947} INFO - Setting next_dagrun for example_short_circuit_operator to 2025-12-16 00:00:00+00:00, run_after=2025-12-17 00:00:00+00:00
[2025-12-17T18:07:06.565+0000] {processor.py:183} INFO - Processing /home/airflow/.local/lib/python3.12/site-packages/airflow/example_dags/example_short_circuit_operator.py took 0.116 seconds
[2025-12-17T18:26:57.099+0000] {processor.py:161} INFO - Started process (PID=42815) to work on /home/airflow/.local/lib/python3.12/site-packages/airflow/example_dags/example_short_circuit_operator.py
[2025-12-17T18:26:57.102+0000] {processor.py:830} INFO - Processing file /home/airflow/.local/lib/python3.12/site-packages/airflow/example_dags/example_short_circuit_operator.py for tasks to queue
[2025-12-17T18:26:57.102+0000] {logging_mixin.py:188} INFO - [2025-12-17T18:26:57.102+0000] {dagbag.py:545} INFO - Filling up the DagBag from /home/airflow/.local/lib/python3.12/site-packages/airflow/example_dags/example_short_circuit_operator.py
[2025-12-17T18:26:57.120+0000] {processor.py:840} INFO - DAG(s) 'example_short_circuit_operator' retrieved from /home/airflow/.local/lib/python3.12/site-packages/airflow/example_dags/example_short_circuit_operator.py
[2025-12-17T18:26:57.151+0000] {logging_mixin.py:188} INFO - [2025-12-17T18:26:57.151+0000] {dag.py:3089} INFO - Sync 1 DAGs
[2025-12-17T18:26:57.175+0000] {logging_mixin.py:188} INFO - [2025-12-17T18:26:57.175+0000] {dag.py:3947} INFO - Setting next_dagrun for example_short_circuit_operator to 2025-12-16 00:00:00+00:00, run_after=2025-12-17 00:00:00+00:00
[2025-12-17T18:26:57.187+0000] {processor.py:183} INFO - Processing /home/airflow/.local/lib/python3.12/site-packages/airflow/example_dags/example_short_circuit_operator.py took 0.105 seconds
[2025-12-17T19:41:41.456+0000] {processor.py:161} INFO - Started process (PID=42874) to work on /home/airflow/.local/lib/python3.12/site-packages/airflow/example_dags/example_short_circuit_operator.py
[2025-12-17T19:41:41.460+0000] {processor.py:830} INFO - Processing file /home/airflow/.local/lib/python3.12/site-packages/airflow/example_dags/example_short_circuit_operator.py for tasks to queue
[2025-12-17T19:41:41.461+0000] {logging_mixin.py:188} INFO - [2025-12-17T19:41:41.461+0000] {dagbag.py:545} INFO - Filling up the DagBag from /home/airflow/.local/lib/python3.12/site-packages/airflow/example_dags/example_short_circuit_operator.py
[2025-12-17T19:41:41.483+0000] {processor.py:840} INFO - DAG(s) 'example_short_circuit_operator' retrieved from /home/airflow/.local/lib/python3.12/site-packages/airflow/example_dags/example_short_circuit_operator.py
[2025-12-17T19:41:41.516+0000] {logging_mixin.py:188} INFO - [2025-12-17T19:41:41.515+0000] {dag.py:3089} INFO - Sync 1 DAGs
[2025-12-17T19:41:41.539+0000] {logging_mixin.py:188} INFO - [2025-12-17T19:41:41.538+0000] {dag.py:3947} INFO - Setting next_dagrun for example_short_circuit_operator to 2025-12-16 00:00:00+00:00, run_after=2025-12-17 00:00:00+00:00
[2025-12-17T19:41:41.550+0000] {processor.py:183} INFO - Processing /home/airflow/.local/lib/python3.12/site-packages/airflow/example_dags/example_short_circuit_operator.py took 0.104 seconds
[2025-12-17T21:17:13.651+0000] {processor.py:161} INFO - Started process (PID=42933) to work on /home/airflow/.local/lib/python3.12/site-packages/airflow/example_dags/example_short_circuit_operator.py
[2025-12-17T21:17:13.654+0000] {processor.py:830} INFO - Processing file /home/airflow/.local/lib/python3.12/site-packages/airflow/example_dags/example_short_circuit_operator.py for tasks to queue
[2025-12-17T21:17:13.656+0000] {logging_mixin.py:188} INFO - [2025-12-17T21:17:13.655+0000] {dagbag.py:545} INFO - Filling up the DagBag from /home/airflow/.local/lib/python3.12/site-packages/airflow/example_dags/example_short_circuit_operator.py
[2025-12-17T21:17:13.679+0000] {processor.py:840} INFO - DAG(s) 'example_short_circuit_operator' retrieved from /home/airflow/.local/lib/python3.12/site-packages/airflow/example_dags/example_short_circuit_operator.py
[2025-12-17T21:17:13.704+0000] {logging_mixin.py:188} INFO - [2025-12-17T21:17:13.704+0000] {dag.py:3089} INFO - Sync 1 DAGs
[2025-12-17T21:17:13.726+0000] {logging_mixin.py:188} INFO - [2025-12-17T21:17:13.726+0000] {dag.py:3947} INFO - Setting next_dagrun for example_short_circuit_operator to 2025-12-16 00:00:00+00:00, run_after=2025-12-17 00:00:00+00:00
[2025-12-17T21:17:13.747+0000] {processor.py:183} INFO - Processing /home/airflow/.local/lib/python3.12/site-packages/airflow/example_dags/example_short_circuit_operator.py took 0.105 seconds
[2025-12-17T22:30:36.645+0000] {processor.py:161} INFO - Started process (PID=42992) to work on /home/airflow/.local/lib/python3.12/site-packages/airflow/example_dags/example_short_circuit_operator.py
[2025-12-17T22:30:36.647+0000] {processor.py:830} INFO - Processing file /home/airflow/.local/lib/python3.12/site-packages/airflow/example_dags/example_short_circuit_operator.py for tasks to queue
[2025-12-17T22:30:36.650+0000] {logging_mixin.py:188} INFO - [2025-12-17T22:30:36.649+0000] {dagbag.py:545} INFO - Filling up the DagBag from /home/airflow/.local/lib/python3.12/site-packages/airflow/example_dags/example_short_circuit_operator.py
[2025-12-17T22:30:36.664+0000] {processor.py:840} INFO - DAG(s) 'example_short_circuit_operator' retrieved from /home/airflow/.local/lib/python3.12/site-packages/airflow/example_dags/example_short_circuit_operator.py
[2025-12-17T22:30:36.687+0000] {logging_mixin.py:188} INFO - [2025-12-17T22:30:36.687+0000] {dag.py:3089} INFO - Sync 1 DAGs
[2025-12-17T22:30:36.705+0000] {logging_mixin.py:188} INFO - [2025-12-17T22:30:36.705+0000] {dag.py:3947} INFO - Setting next_dagrun for example_short_circuit_operator to 2025-12-16 00:00:00+00:00, run_after=2025-12-17 00:00:00+00:00
[2025-12-17T22:30:36.725+0000] {processor.py:183} INFO - Processing /home/airflow/.local/lib/python3.12/site-packages/airflow/example_dags/example_short_circuit_operator.py took 0.088 seconds
