[2025-12-17T00:49:44.337+0000] {processor.py:161} INFO - Started process (PID=41711) to work on /home/airflow/.local/lib/python3.12/site-packages/airflow/example_dags/example_local_kubernetes_executor.py
[2025-12-17T00:49:44.337+0000] {processor.py:830} INFO - Processing file /home/airflow/.local/lib/python3.12/site-packages/airflow/example_dags/example_local_kubernetes_executor.py for tasks to queue
[2025-12-17T00:49:44.337+0000] {logging_mixin.py:188} INFO - [2025-12-17T00:49:44.337+0000] {dagbag.py:545} INFO - Filling up the DagBag from /home/airflow/.local/lib/python3.12/site-packages/airflow/example_dags/example_local_kubernetes_executor.py
[2025-12-17T00:49:44.342+0000] {processor.py:840} INFO - DAG(s) 'example_local_kubernetes_executor' retrieved from /home/airflow/.local/lib/python3.12/site-packages/airflow/example_dags/example_local_kubernetes_executor.py
[2025-12-17T00:49:44.362+0000] {logging_mixin.py:188} INFO - [2025-12-17T00:49:44.362+0000] {dag.py:3089} INFO - Sync 1 DAGs
[2025-12-17T00:49:44.370+0000] {logging_mixin.py:188} INFO - [2025-12-17T00:49:44.369+0000] {dag.py:3947} INFO - Setting next_dagrun for example_local_kubernetes_executor to None, run_after=None
[2025-12-17T00:49:44.381+0000] {processor.py:183} INFO - Processing /home/airflow/.local/lib/python3.12/site-packages/airflow/example_dags/example_local_kubernetes_executor.py took 0.048 seconds
[2025-12-17T01:13:19.949+0000] {processor.py:161} INFO - Started process (PID=41770) to work on /home/airflow/.local/lib/python3.12/site-packages/airflow/example_dags/example_local_kubernetes_executor.py
[2025-12-17T01:13:19.950+0000] {processor.py:830} INFO - Processing file /home/airflow/.local/lib/python3.12/site-packages/airflow/example_dags/example_local_kubernetes_executor.py for tasks to queue
[2025-12-17T01:13:19.950+0000] {logging_mixin.py:188} INFO - [2025-12-17T01:13:19.950+0000] {dagbag.py:545} INFO - Filling up the DagBag from /home/airflow/.local/lib/python3.12/site-packages/airflow/example_dags/example_local_kubernetes_executor.py
[2025-12-17T01:13:19.954+0000] {processor.py:840} INFO - DAG(s) 'example_local_kubernetes_executor' retrieved from /home/airflow/.local/lib/python3.12/site-packages/airflow/example_dags/example_local_kubernetes_executor.py
[2025-12-17T01:13:19.971+0000] {logging_mixin.py:188} INFO - [2025-12-17T01:13:19.971+0000] {dag.py:3089} INFO - Sync 1 DAGs
[2025-12-17T01:13:19.978+0000] {logging_mixin.py:188} INFO - [2025-12-17T01:13:19.978+0000] {dag.py:3947} INFO - Setting next_dagrun for example_local_kubernetes_executor to None, run_after=None
[2025-12-17T01:13:19.990+0000] {processor.py:183} INFO - Processing /home/airflow/.local/lib/python3.12/site-packages/airflow/example_dags/example_local_kubernetes_executor.py took 0.045 seconds
[2025-12-17T02:08:58.529+0000] {processor.py:161} INFO - Started process (PID=41829) to work on /home/airflow/.local/lib/python3.12/site-packages/airflow/example_dags/example_local_kubernetes_executor.py
[2025-12-17T02:08:58.530+0000] {processor.py:830} INFO - Processing file /home/airflow/.local/lib/python3.12/site-packages/airflow/example_dags/example_local_kubernetes_executor.py for tasks to queue
[2025-12-17T02:08:58.530+0000] {logging_mixin.py:188} INFO - [2025-12-17T02:08:58.530+0000] {dagbag.py:545} INFO - Filling up the DagBag from /home/airflow/.local/lib/python3.12/site-packages/airflow/example_dags/example_local_kubernetes_executor.py
[2025-12-17T02:08:58.535+0000] {processor.py:840} INFO - DAG(s) 'example_local_kubernetes_executor' retrieved from /home/airflow/.local/lib/python3.12/site-packages/airflow/example_dags/example_local_kubernetes_executor.py
[2025-12-17T02:08:58.656+0000] {logging_mixin.py:188} INFO - [2025-12-17T02:08:58.655+0000] {dag.py:3089} INFO - Sync 1 DAGs
[2025-12-17T02:08:58.666+0000] {logging_mixin.py:188} INFO - [2025-12-17T02:08:58.665+0000] {dag.py:3947} INFO - Setting next_dagrun for example_local_kubernetes_executor to None, run_after=None
[2025-12-17T02:08:58.673+0000] {processor.py:183} INFO - Processing /home/airflow/.local/lib/python3.12/site-packages/airflow/example_dags/example_local_kubernetes_executor.py took 0.147 seconds
[2025-12-17T02:38:02.336+0000] {processor.py:161} INFO - Started process (PID=41888) to work on /home/airflow/.local/lib/python3.12/site-packages/airflow/example_dags/example_local_kubernetes_executor.py
[2025-12-17T02:38:02.336+0000] {processor.py:830} INFO - Processing file /home/airflow/.local/lib/python3.12/site-packages/airflow/example_dags/example_local_kubernetes_executor.py for tasks to queue
[2025-12-17T02:38:02.336+0000] {logging_mixin.py:188} INFO - [2025-12-17T02:38:02.336+0000] {dagbag.py:545} INFO - Filling up the DagBag from /home/airflow/.local/lib/python3.12/site-packages/airflow/example_dags/example_local_kubernetes_executor.py
[2025-12-17T02:38:02.340+0000] {processor.py:840} INFO - DAG(s) 'example_local_kubernetes_executor' retrieved from /home/airflow/.local/lib/python3.12/site-packages/airflow/example_dags/example_local_kubernetes_executor.py
[2025-12-17T02:38:02.354+0000] {logging_mixin.py:188} INFO - [2025-12-17T02:38:02.354+0000] {dag.py:3089} INFO - Sync 1 DAGs
[2025-12-17T02:38:02.425+0000] {logging_mixin.py:188} INFO - [2025-12-17T02:38:02.425+0000] {dag.py:3947} INFO - Setting next_dagrun for example_local_kubernetes_executor to None, run_after=None
[2025-12-17T02:38:02.433+0000] {processor.py:183} INFO - Processing /home/airflow/.local/lib/python3.12/site-packages/airflow/example_dags/example_local_kubernetes_executor.py took 0.099 seconds
[2025-12-17T03:29:15.360+0000] {processor.py:161} INFO - Started process (PID=41947) to work on /home/airflow/.local/lib/python3.12/site-packages/airflow/example_dags/example_local_kubernetes_executor.py
[2025-12-17T03:29:15.360+0000] {processor.py:830} INFO - Processing file /home/airflow/.local/lib/python3.12/site-packages/airflow/example_dags/example_local_kubernetes_executor.py for tasks to queue
[2025-12-17T03:29:15.361+0000] {logging_mixin.py:188} INFO - [2025-12-17T03:29:15.361+0000] {dagbag.py:545} INFO - Filling up the DagBag from /home/airflow/.local/lib/python3.12/site-packages/airflow/example_dags/example_local_kubernetes_executor.py
[2025-12-17T03:29:15.365+0000] {processor.py:840} INFO - DAG(s) 'example_local_kubernetes_executor' retrieved from /home/airflow/.local/lib/python3.12/site-packages/airflow/example_dags/example_local_kubernetes_executor.py
[2025-12-17T03:29:15.381+0000] {logging_mixin.py:188} INFO - [2025-12-17T03:29:15.381+0000] {dag.py:3089} INFO - Sync 1 DAGs
[2025-12-17T03:29:15.484+0000] {logging_mixin.py:188} INFO - [2025-12-17T03:29:15.484+0000] {dag.py:3947} INFO - Setting next_dagrun for example_local_kubernetes_executor to None, run_after=None
[2025-12-17T03:29:15.495+0000] {processor.py:183} INFO - Processing /home/airflow/.local/lib/python3.12/site-packages/airflow/example_dags/example_local_kubernetes_executor.py took 0.137 seconds
[2025-12-17T03:53:42.917+0000] {processor.py:161} INFO - Started process (PID=42006) to work on /home/airflow/.local/lib/python3.12/site-packages/airflow/example_dags/example_local_kubernetes_executor.py
[2025-12-17T03:53:42.918+0000] {processor.py:830} INFO - Processing file /home/airflow/.local/lib/python3.12/site-packages/airflow/example_dags/example_local_kubernetes_executor.py for tasks to queue
[2025-12-17T03:53:42.920+0000] {logging_mixin.py:188} INFO - [2025-12-17T03:53:42.919+0000] {dagbag.py:545} INFO - Filling up the DagBag from /home/airflow/.local/lib/python3.12/site-packages/airflow/example_dags/example_local_kubernetes_executor.py
[2025-12-17T03:53:42.926+0000] {processor.py:840} INFO - DAG(s) 'example_local_kubernetes_executor' retrieved from /home/airflow/.local/lib/python3.12/site-packages/airflow/example_dags/example_local_kubernetes_executor.py
[2025-12-17T03:53:42.944+0000] {logging_mixin.py:188} INFO - [2025-12-17T03:53:42.944+0000] {dag.py:3089} INFO - Sync 1 DAGs
[2025-12-17T03:53:42.953+0000] {logging_mixin.py:188} INFO - [2025-12-17T03:53:42.953+0000] {dag.py:3947} INFO - Setting next_dagrun for example_local_kubernetes_executor to None, run_after=None
[2025-12-17T03:53:42.960+0000] {processor.py:183} INFO - Processing /home/airflow/.local/lib/python3.12/site-packages/airflow/example_dags/example_local_kubernetes_executor.py took 0.046 seconds
[2025-12-17T04:54:45.676+0000] {processor.py:161} INFO - Started process (PID=42065) to work on /home/airflow/.local/lib/python3.12/site-packages/airflow/example_dags/example_local_kubernetes_executor.py
[2025-12-17T04:54:45.676+0000] {processor.py:830} INFO - Processing file /home/airflow/.local/lib/python3.12/site-packages/airflow/example_dags/example_local_kubernetes_executor.py for tasks to queue
[2025-12-17T04:54:45.677+0000] {logging_mixin.py:188} INFO - [2025-12-17T04:54:45.676+0000] {dagbag.py:545} INFO - Filling up the DagBag from /home/airflow/.local/lib/python3.12/site-packages/airflow/example_dags/example_local_kubernetes_executor.py
[2025-12-17T04:54:45.680+0000] {processor.py:840} INFO - DAG(s) 'example_local_kubernetes_executor' retrieved from /home/airflow/.local/lib/python3.12/site-packages/airflow/example_dags/example_local_kubernetes_executor.py
[2025-12-17T04:54:45.695+0000] {logging_mixin.py:188} INFO - [2025-12-17T04:54:45.695+0000] {dag.py:3089} INFO - Sync 1 DAGs
[2025-12-17T04:54:45.701+0000] {logging_mixin.py:188} INFO - [2025-12-17T04:54:45.701+0000] {dag.py:3947} INFO - Setting next_dagrun for example_local_kubernetes_executor to None, run_after=None
[2025-12-17T04:54:45.707+0000] {processor.py:183} INFO - Processing /home/airflow/.local/lib/python3.12/site-packages/airflow/example_dags/example_local_kubernetes_executor.py took 0.034 seconds
[2025-12-17T06:11:25.229+0000] {processor.py:161} INFO - Started process (PID=42124) to work on /home/airflow/.local/lib/python3.12/site-packages/airflow/example_dags/example_local_kubernetes_executor.py
[2025-12-17T06:11:25.232+0000] {processor.py:830} INFO - Processing file /home/airflow/.local/lib/python3.12/site-packages/airflow/example_dags/example_local_kubernetes_executor.py for tasks to queue
[2025-12-17T06:11:25.232+0000] {logging_mixin.py:188} INFO - [2025-12-17T06:11:25.232+0000] {dagbag.py:545} INFO - Filling up the DagBag from /home/airflow/.local/lib/python3.12/site-packages/airflow/example_dags/example_local_kubernetes_executor.py
[2025-12-17T06:11:25.240+0000] {processor.py:840} INFO - DAG(s) 'example_local_kubernetes_executor' retrieved from /home/airflow/.local/lib/python3.12/site-packages/airflow/example_dags/example_local_kubernetes_executor.py
[2025-12-17T06:11:25.268+0000] {logging_mixin.py:188} INFO - [2025-12-17T06:11:25.268+0000] {dag.py:3089} INFO - Sync 1 DAGs
[2025-12-17T06:11:25.276+0000] {logging_mixin.py:188} INFO - [2025-12-17T06:11:25.276+0000] {dag.py:3947} INFO - Setting next_dagrun for example_local_kubernetes_executor to None, run_after=None
[2025-12-17T06:11:25.291+0000] {processor.py:183} INFO - Processing /home/airflow/.local/lib/python3.12/site-packages/airflow/example_dags/example_local_kubernetes_executor.py took 0.066 seconds
[2025-12-17T07:48:05.271+0000] {processor.py:161} INFO - Started process (PID=42183) to work on /home/airflow/.local/lib/python3.12/site-packages/airflow/example_dags/example_local_kubernetes_executor.py
[2025-12-17T07:48:05.272+0000] {processor.py:830} INFO - Processing file /home/airflow/.local/lib/python3.12/site-packages/airflow/example_dags/example_local_kubernetes_executor.py for tasks to queue
[2025-12-17T07:48:05.272+0000] {logging_mixin.py:188} INFO - [2025-12-17T07:48:05.272+0000] {dagbag.py:545} INFO - Filling up the DagBag from /home/airflow/.local/lib/python3.12/site-packages/airflow/example_dags/example_local_kubernetes_executor.py
[2025-12-17T07:48:05.277+0000] {processor.py:840} INFO - DAG(s) 'example_local_kubernetes_executor' retrieved from /home/airflow/.local/lib/python3.12/site-packages/airflow/example_dags/example_local_kubernetes_executor.py
[2025-12-17T07:48:05.295+0000] {logging_mixin.py:188} INFO - [2025-12-17T07:48:05.295+0000] {dag.py:3089} INFO - Sync 1 DAGs
[2025-12-17T07:48:05.301+0000] {logging_mixin.py:188} INFO - [2025-12-17T07:48:05.301+0000] {dag.py:3947} INFO - Setting next_dagrun for example_local_kubernetes_executor to None, run_after=None
[2025-12-17T07:48:05.309+0000] {processor.py:183} INFO - Processing /home/airflow/.local/lib/python3.12/site-packages/airflow/example_dags/example_local_kubernetes_executor.py took 0.047 seconds
[2025-12-17T08:58:45.375+0000] {processor.py:161} INFO - Started process (PID=42242) to work on /home/airflow/.local/lib/python3.12/site-packages/airflow/example_dags/example_local_kubernetes_executor.py
[2025-12-17T08:58:45.376+0000] {processor.py:830} INFO - Processing file /home/airflow/.local/lib/python3.12/site-packages/airflow/example_dags/example_local_kubernetes_executor.py for tasks to queue
[2025-12-17T08:58:45.376+0000] {logging_mixin.py:188} INFO - [2025-12-17T08:58:45.376+0000] {dagbag.py:545} INFO - Filling up the DagBag from /home/airflow/.local/lib/python3.12/site-packages/airflow/example_dags/example_local_kubernetes_executor.py
[2025-12-17T08:58:45.380+0000] {processor.py:840} INFO - DAG(s) 'example_local_kubernetes_executor' retrieved from /home/airflow/.local/lib/python3.12/site-packages/airflow/example_dags/example_local_kubernetes_executor.py
[2025-12-17T08:58:45.399+0000] {logging_mixin.py:188} INFO - [2025-12-17T08:58:45.398+0000] {dag.py:3089} INFO - Sync 1 DAGs
[2025-12-17T08:58:45.405+0000] {logging_mixin.py:188} INFO - [2025-12-17T08:58:45.405+0000] {dag.py:3947} INFO - Setting next_dagrun for example_local_kubernetes_executor to None, run_after=None
[2025-12-17T08:58:45.412+0000] {processor.py:183} INFO - Processing /home/airflow/.local/lib/python3.12/site-packages/airflow/example_dags/example_local_kubernetes_executor.py took 0.040 seconds
[2025-12-17T09:21:00.103+0000] {processor.py:161} INFO - Started process (PID=42301) to work on /home/airflow/.local/lib/python3.12/site-packages/airflow/example_dags/example_local_kubernetes_executor.py
[2025-12-17T09:21:00.103+0000] {processor.py:830} INFO - Processing file /home/airflow/.local/lib/python3.12/site-packages/airflow/example_dags/example_local_kubernetes_executor.py for tasks to queue
[2025-12-17T09:21:00.104+0000] {logging_mixin.py:188} INFO - [2025-12-17T09:21:00.104+0000] {dagbag.py:545} INFO - Filling up the DagBag from /home/airflow/.local/lib/python3.12/site-packages/airflow/example_dags/example_local_kubernetes_executor.py
[2025-12-17T09:21:00.108+0000] {processor.py:840} INFO - DAG(s) 'example_local_kubernetes_executor' retrieved from /home/airflow/.local/lib/python3.12/site-packages/airflow/example_dags/example_local_kubernetes_executor.py
[2025-12-17T09:21:00.123+0000] {logging_mixin.py:188} INFO - [2025-12-17T09:21:00.123+0000] {dag.py:3089} INFO - Sync 1 DAGs
[2025-12-17T09:21:00.128+0000] {logging_mixin.py:188} INFO - [2025-12-17T09:21:00.128+0000] {dag.py:3947} INFO - Setting next_dagrun for example_local_kubernetes_executor to None, run_after=None
[2025-12-17T09:21:00.135+0000] {processor.py:183} INFO - Processing /home/airflow/.local/lib/python3.12/site-packages/airflow/example_dags/example_local_kubernetes_executor.py took 0.037 seconds
[2025-12-17T10:31:20.397+0000] {processor.py:161} INFO - Started process (PID=42360) to work on /home/airflow/.local/lib/python3.12/site-packages/airflow/example_dags/example_local_kubernetes_executor.py
[2025-12-17T10:31:20.398+0000] {processor.py:830} INFO - Processing file /home/airflow/.local/lib/python3.12/site-packages/airflow/example_dags/example_local_kubernetes_executor.py for tasks to queue
[2025-12-17T10:31:20.399+0000] {logging_mixin.py:188} INFO - [2025-12-17T10:31:20.399+0000] {dagbag.py:545} INFO - Filling up the DagBag from /home/airflow/.local/lib/python3.12/site-packages/airflow/example_dags/example_local_kubernetes_executor.py
[2025-12-17T10:31:20.404+0000] {processor.py:840} INFO - DAG(s) 'example_local_kubernetes_executor' retrieved from /home/airflow/.local/lib/python3.12/site-packages/airflow/example_dags/example_local_kubernetes_executor.py
[2025-12-17T10:31:20.426+0000] {logging_mixin.py:188} INFO - [2025-12-17T10:31:20.426+0000] {dag.py:3089} INFO - Sync 1 DAGs
[2025-12-17T10:31:20.432+0000] {logging_mixin.py:188} INFO - [2025-12-17T10:31:20.432+0000] {dag.py:3947} INFO - Setting next_dagrun for example_local_kubernetes_executor to None, run_after=None
[2025-12-17T10:31:20.442+0000] {processor.py:183} INFO - Processing /home/airflow/.local/lib/python3.12/site-packages/airflow/example_dags/example_local_kubernetes_executor.py took 0.047 seconds
[2025-12-17T11:32:04.761+0000] {processor.py:161} INFO - Started process (PID=42419) to work on /home/airflow/.local/lib/python3.12/site-packages/airflow/example_dags/example_local_kubernetes_executor.py
[2025-12-17T11:32:04.765+0000] {processor.py:830} INFO - Processing file /home/airflow/.local/lib/python3.12/site-packages/airflow/example_dags/example_local_kubernetes_executor.py for tasks to queue
[2025-12-17T11:32:04.765+0000] {logging_mixin.py:188} INFO - [2025-12-17T11:32:04.765+0000] {dagbag.py:545} INFO - Filling up the DagBag from /home/airflow/.local/lib/python3.12/site-packages/airflow/example_dags/example_local_kubernetes_executor.py
[2025-12-17T11:32:04.770+0000] {processor.py:840} INFO - DAG(s) 'example_local_kubernetes_executor' retrieved from /home/airflow/.local/lib/python3.12/site-packages/airflow/example_dags/example_local_kubernetes_executor.py
[2025-12-17T11:32:04.789+0000] {logging_mixin.py:188} INFO - [2025-12-17T11:32:04.789+0000] {dag.py:3089} INFO - Sync 1 DAGs
[2025-12-17T11:32:04.795+0000] {logging_mixin.py:188} INFO - [2025-12-17T11:32:04.795+0000] {dag.py:3947} INFO - Setting next_dagrun for example_local_kubernetes_executor to None, run_after=None
[2025-12-17T11:32:04.805+0000] {processor.py:183} INFO - Processing /home/airflow/.local/lib/python3.12/site-packages/airflow/example_dags/example_local_kubernetes_executor.py took 0.047 seconds
[2025-12-17T12:33:34.667+0000] {processor.py:161} INFO - Started process (PID=42478) to work on /home/airflow/.local/lib/python3.12/site-packages/airflow/example_dags/example_local_kubernetes_executor.py
[2025-12-17T12:33:34.667+0000] {processor.py:830} INFO - Processing file /home/airflow/.local/lib/python3.12/site-packages/airflow/example_dags/example_local_kubernetes_executor.py for tasks to queue
[2025-12-17T12:33:34.667+0000] {logging_mixin.py:188} INFO - [2025-12-17T12:33:34.667+0000] {dagbag.py:545} INFO - Filling up the DagBag from /home/airflow/.local/lib/python3.12/site-packages/airflow/example_dags/example_local_kubernetes_executor.py
[2025-12-17T12:33:34.672+0000] {processor.py:840} INFO - DAG(s) 'example_local_kubernetes_executor' retrieved from /home/airflow/.local/lib/python3.12/site-packages/airflow/example_dags/example_local_kubernetes_executor.py
[2025-12-17T12:33:34.689+0000] {logging_mixin.py:188} INFO - [2025-12-17T12:33:34.689+0000] {dag.py:3089} INFO - Sync 1 DAGs
[2025-12-17T12:33:34.695+0000] {logging_mixin.py:188} INFO - [2025-12-17T12:33:34.695+0000] {dag.py:3947} INFO - Setting next_dagrun for example_local_kubernetes_executor to None, run_after=None
[2025-12-17T12:33:34.706+0000] {processor.py:183} INFO - Processing /home/airflow/.local/lib/python3.12/site-packages/airflow/example_dags/example_local_kubernetes_executor.py took 0.042 seconds
[2025-12-17T13:42:09.614+0000] {processor.py:161} INFO - Started process (PID=42537) to work on /home/airflow/.local/lib/python3.12/site-packages/airflow/example_dags/example_local_kubernetes_executor.py
[2025-12-17T13:42:09.615+0000] {processor.py:830} INFO - Processing file /home/airflow/.local/lib/python3.12/site-packages/airflow/example_dags/example_local_kubernetes_executor.py for tasks to queue
[2025-12-17T13:42:09.616+0000] {logging_mixin.py:188} INFO - [2025-12-17T13:42:09.616+0000] {dagbag.py:545} INFO - Filling up the DagBag from /home/airflow/.local/lib/python3.12/site-packages/airflow/example_dags/example_local_kubernetes_executor.py
[2025-12-17T13:42:09.620+0000] {processor.py:840} INFO - DAG(s) 'example_local_kubernetes_executor' retrieved from /home/airflow/.local/lib/python3.12/site-packages/airflow/example_dags/example_local_kubernetes_executor.py
[2025-12-17T13:42:09.641+0000] {logging_mixin.py:188} INFO - [2025-12-17T13:42:09.641+0000] {dag.py:3089} INFO - Sync 1 DAGs
[2025-12-17T13:42:09.647+0000] {logging_mixin.py:188} INFO - [2025-12-17T13:42:09.647+0000] {dag.py:3947} INFO - Setting next_dagrun for example_local_kubernetes_executor to None, run_after=None
[2025-12-17T13:42:09.656+0000] {processor.py:183} INFO - Processing /home/airflow/.local/lib/python3.12/site-packages/airflow/example_dags/example_local_kubernetes_executor.py took 0.044 seconds
[2025-12-17T14:56:27.820+0000] {processor.py:161} INFO - Started process (PID=42596) to work on /home/airflow/.local/lib/python3.12/site-packages/airflow/example_dags/example_local_kubernetes_executor.py
[2025-12-17T14:56:27.821+0000] {processor.py:830} INFO - Processing file /home/airflow/.local/lib/python3.12/site-packages/airflow/example_dags/example_local_kubernetes_executor.py for tasks to queue
[2025-12-17T14:56:27.822+0000] {logging_mixin.py:188} INFO - [2025-12-17T14:56:27.821+0000] {dagbag.py:545} INFO - Filling up the DagBag from /home/airflow/.local/lib/python3.12/site-packages/airflow/example_dags/example_local_kubernetes_executor.py
[2025-12-17T14:56:27.825+0000] {processor.py:840} INFO - DAG(s) 'example_local_kubernetes_executor' retrieved from /home/airflow/.local/lib/python3.12/site-packages/airflow/example_dags/example_local_kubernetes_executor.py
[2025-12-17T14:56:27.840+0000] {logging_mixin.py:188} INFO - [2025-12-17T14:56:27.840+0000] {dag.py:3089} INFO - Sync 1 DAGs
[2025-12-17T14:56:27.846+0000] {logging_mixin.py:188} INFO - [2025-12-17T14:56:27.846+0000] {dag.py:3947} INFO - Setting next_dagrun for example_local_kubernetes_executor to None, run_after=None
[2025-12-17T14:56:27.858+0000] {processor.py:183} INFO - Processing /home/airflow/.local/lib/python3.12/site-packages/airflow/example_dags/example_local_kubernetes_executor.py took 0.040 seconds
[2025-12-17T16:05:46.267+0000] {processor.py:161} INFO - Started process (PID=42655) to work on /home/airflow/.local/lib/python3.12/site-packages/airflow/example_dags/example_local_kubernetes_executor.py
[2025-12-17T16:05:46.268+0000] {processor.py:830} INFO - Processing file /home/airflow/.local/lib/python3.12/site-packages/airflow/example_dags/example_local_kubernetes_executor.py for tasks to queue
[2025-12-17T16:05:46.269+0000] {logging_mixin.py:188} INFO - [2025-12-17T16:05:46.268+0000] {dagbag.py:545} INFO - Filling up the DagBag from /home/airflow/.local/lib/python3.12/site-packages/airflow/example_dags/example_local_kubernetes_executor.py
[2025-12-17T16:05:46.274+0000] {processor.py:840} INFO - DAG(s) 'example_local_kubernetes_executor' retrieved from /home/airflow/.local/lib/python3.12/site-packages/airflow/example_dags/example_local_kubernetes_executor.py
[2025-12-17T16:05:46.298+0000] {logging_mixin.py:188} INFO - [2025-12-17T16:05:46.298+0000] {dag.py:3089} INFO - Sync 1 DAGs
[2025-12-17T16:05:46.305+0000] {logging_mixin.py:188} INFO - [2025-12-17T16:05:46.305+0000] {dag.py:3947} INFO - Setting next_dagrun for example_local_kubernetes_executor to None, run_after=None
[2025-12-17T16:05:46.316+0000] {processor.py:183} INFO - Processing /home/airflow/.local/lib/python3.12/site-packages/airflow/example_dags/example_local_kubernetes_executor.py took 0.053 seconds
[2025-12-17T17:20:37.825+0000] {processor.py:161} INFO - Started process (PID=42714) to work on /home/airflow/.local/lib/python3.12/site-packages/airflow/example_dags/example_local_kubernetes_executor.py
[2025-12-17T17:20:37.825+0000] {processor.py:830} INFO - Processing file /home/airflow/.local/lib/python3.12/site-packages/airflow/example_dags/example_local_kubernetes_executor.py for tasks to queue
[2025-12-17T17:20:37.826+0000] {logging_mixin.py:188} INFO - [2025-12-17T17:20:37.825+0000] {dagbag.py:545} INFO - Filling up the DagBag from /home/airflow/.local/lib/python3.12/site-packages/airflow/example_dags/example_local_kubernetes_executor.py
[2025-12-17T17:20:37.829+0000] {processor.py:840} INFO - DAG(s) 'example_local_kubernetes_executor' retrieved from /home/airflow/.local/lib/python3.12/site-packages/airflow/example_dags/example_local_kubernetes_executor.py
[2025-12-17T17:20:37.843+0000] {logging_mixin.py:188} INFO - [2025-12-17T17:20:37.843+0000] {dag.py:3089} INFO - Sync 1 DAGs
[2025-12-17T17:20:37.848+0000] {logging_mixin.py:188} INFO - [2025-12-17T17:20:37.848+0000] {dag.py:3947} INFO - Setting next_dagrun for example_local_kubernetes_executor to None, run_after=None
[2025-12-17T17:20:37.855+0000] {processor.py:183} INFO - Processing /home/airflow/.local/lib/python3.12/site-packages/airflow/example_dags/example_local_kubernetes_executor.py took 0.033 seconds
[2025-12-17T18:07:07.094+0000] {processor.py:161} INFO - Started process (PID=42773) to work on /home/airflow/.local/lib/python3.12/site-packages/airflow/example_dags/example_local_kubernetes_executor.py
[2025-12-17T18:07:07.095+0000] {processor.py:830} INFO - Processing file /home/airflow/.local/lib/python3.12/site-packages/airflow/example_dags/example_local_kubernetes_executor.py for tasks to queue
[2025-12-17T18:07:07.095+0000] {logging_mixin.py:188} INFO - [2025-12-17T18:07:07.095+0000] {dagbag.py:545} INFO - Filling up the DagBag from /home/airflow/.local/lib/python3.12/site-packages/airflow/example_dags/example_local_kubernetes_executor.py
[2025-12-17T18:07:07.099+0000] {processor.py:840} INFO - DAG(s) 'example_local_kubernetes_executor' retrieved from /home/airflow/.local/lib/python3.12/site-packages/airflow/example_dags/example_local_kubernetes_executor.py
[2025-12-17T18:07:07.115+0000] {logging_mixin.py:188} INFO - [2025-12-17T18:07:07.115+0000] {dag.py:3089} INFO - Sync 1 DAGs
[2025-12-17T18:07:07.120+0000] {logging_mixin.py:188} INFO - [2025-12-17T18:07:07.120+0000] {dag.py:3947} INFO - Setting next_dagrun for example_local_kubernetes_executor to None, run_after=None
[2025-12-17T18:07:07.130+0000] {processor.py:183} INFO - Processing /home/airflow/.local/lib/python3.12/site-packages/airflow/example_dags/example_local_kubernetes_executor.py took 0.039 seconds
[2025-12-17T18:26:57.742+0000] {processor.py:161} INFO - Started process (PID=42832) to work on /home/airflow/.local/lib/python3.12/site-packages/airflow/example_dags/example_local_kubernetes_executor.py
[2025-12-17T18:26:57.743+0000] {processor.py:830} INFO - Processing file /home/airflow/.local/lib/python3.12/site-packages/airflow/example_dags/example_local_kubernetes_executor.py for tasks to queue
[2025-12-17T18:26:57.744+0000] {logging_mixin.py:188} INFO - [2025-12-17T18:26:57.744+0000] {dagbag.py:545} INFO - Filling up the DagBag from /home/airflow/.local/lib/python3.12/site-packages/airflow/example_dags/example_local_kubernetes_executor.py
[2025-12-17T18:26:57.748+0000] {processor.py:840} INFO - DAG(s) 'example_local_kubernetes_executor' retrieved from /home/airflow/.local/lib/python3.12/site-packages/airflow/example_dags/example_local_kubernetes_executor.py
[2025-12-17T18:26:57.765+0000] {logging_mixin.py:188} INFO - [2025-12-17T18:26:57.765+0000] {dag.py:3089} INFO - Sync 1 DAGs
[2025-12-17T18:26:57.771+0000] {logging_mixin.py:188} INFO - [2025-12-17T18:26:57.771+0000] {dag.py:3947} INFO - Setting next_dagrun for example_local_kubernetes_executor to None, run_after=None
[2025-12-17T18:26:57.780+0000] {processor.py:183} INFO - Processing /home/airflow/.local/lib/python3.12/site-packages/airflow/example_dags/example_local_kubernetes_executor.py took 0.041 seconds
[2025-12-17T19:41:42.266+0000] {processor.py:161} INFO - Started process (PID=42891) to work on /home/airflow/.local/lib/python3.12/site-packages/airflow/example_dags/example_local_kubernetes_executor.py
[2025-12-17T19:41:42.268+0000] {processor.py:830} INFO - Processing file /home/airflow/.local/lib/python3.12/site-packages/airflow/example_dags/example_local_kubernetes_executor.py for tasks to queue
[2025-12-17T19:41:42.268+0000] {logging_mixin.py:188} INFO - [2025-12-17T19:41:42.268+0000] {dagbag.py:545} INFO - Filling up the DagBag from /home/airflow/.local/lib/python3.12/site-packages/airflow/example_dags/example_local_kubernetes_executor.py
[2025-12-17T19:41:42.273+0000] {processor.py:840} INFO - DAG(s) 'example_local_kubernetes_executor' retrieved from /home/airflow/.local/lib/python3.12/site-packages/airflow/example_dags/example_local_kubernetes_executor.py
[2025-12-17T19:41:42.299+0000] {logging_mixin.py:188} INFO - [2025-12-17T19:41:42.299+0000] {dag.py:3089} INFO - Sync 1 DAGs
[2025-12-17T19:41:42.306+0000] {logging_mixin.py:188} INFO - [2025-12-17T19:41:42.306+0000] {dag.py:3947} INFO - Setting next_dagrun for example_local_kubernetes_executor to None, run_after=None
[2025-12-17T19:41:42.320+0000] {processor.py:183} INFO - Processing /home/airflow/.local/lib/python3.12/site-packages/airflow/example_dags/example_local_kubernetes_executor.py took 0.057 seconds
[2025-12-17T21:17:14.274+0000] {processor.py:161} INFO - Started process (PID=42950) to work on /home/airflow/.local/lib/python3.12/site-packages/airflow/example_dags/example_local_kubernetes_executor.py
[2025-12-17T21:17:14.275+0000] {processor.py:830} INFO - Processing file /home/airflow/.local/lib/python3.12/site-packages/airflow/example_dags/example_local_kubernetes_executor.py for tasks to queue
[2025-12-17T21:17:14.275+0000] {logging_mixin.py:188} INFO - [2025-12-17T21:17:14.275+0000] {dagbag.py:545} INFO - Filling up the DagBag from /home/airflow/.local/lib/python3.12/site-packages/airflow/example_dags/example_local_kubernetes_executor.py
[2025-12-17T21:17:14.280+0000] {processor.py:840} INFO - DAG(s) 'example_local_kubernetes_executor' retrieved from /home/airflow/.local/lib/python3.12/site-packages/airflow/example_dags/example_local_kubernetes_executor.py
[2025-12-17T21:17:14.300+0000] {logging_mixin.py:188} INFO - [2025-12-17T21:17:14.300+0000] {dag.py:3089} INFO - Sync 1 DAGs
[2025-12-17T21:17:14.305+0000] {logging_mixin.py:188} INFO - [2025-12-17T21:17:14.305+0000] {dag.py:3947} INFO - Setting next_dagrun for example_local_kubernetes_executor to None, run_after=None
[2025-12-17T21:17:14.314+0000] {processor.py:183} INFO - Processing /home/airflow/.local/lib/python3.12/site-packages/airflow/example_dags/example_local_kubernetes_executor.py took 0.042 seconds
[2025-12-17T22:30:37.227+0000] {processor.py:161} INFO - Started process (PID=43009) to work on /home/airflow/.local/lib/python3.12/site-packages/airflow/example_dags/example_local_kubernetes_executor.py
[2025-12-17T22:30:37.228+0000] {processor.py:830} INFO - Processing file /home/airflow/.local/lib/python3.12/site-packages/airflow/example_dags/example_local_kubernetes_executor.py for tasks to queue
[2025-12-17T22:30:37.228+0000] {logging_mixin.py:188} INFO - [2025-12-17T22:30:37.228+0000] {dagbag.py:545} INFO - Filling up the DagBag from /home/airflow/.local/lib/python3.12/site-packages/airflow/example_dags/example_local_kubernetes_executor.py
[2025-12-17T22:30:37.235+0000] {processor.py:840} INFO - DAG(s) 'example_local_kubernetes_executor' retrieved from /home/airflow/.local/lib/python3.12/site-packages/airflow/example_dags/example_local_kubernetes_executor.py
[2025-12-17T22:30:37.253+0000] {logging_mixin.py:188} INFO - [2025-12-17T22:30:37.253+0000] {dag.py:3089} INFO - Sync 1 DAGs
[2025-12-17T22:30:37.262+0000] {logging_mixin.py:188} INFO - [2025-12-17T22:30:37.262+0000] {dag.py:3947} INFO - Setting next_dagrun for example_local_kubernetes_executor to None, run_after=None
[2025-12-17T22:30:37.270+0000] {processor.py:183} INFO - Processing /home/airflow/.local/lib/python3.12/site-packages/airflow/example_dags/example_local_kubernetes_executor.py took 0.046 seconds
