[2025-12-17T00:49:44.915+0000] {processor.py:161} INFO - Started process (PID=41724) to work on /home/airflow/.local/lib/python3.12/site-packages/airflow/example_dags/example_datasets.py
[2025-12-17T00:49:44.916+0000] {processor.py:830} INFO - Processing file /home/airflow/.local/lib/python3.12/site-packages/airflow/example_dags/example_datasets.py for tasks to queue
[2025-12-17T00:49:44.916+0000] {logging_mixin.py:188} INFO - [2025-12-17T00:49:44.916+0000] {dagbag.py:545} INFO - Filling up the DagBag from /home/airflow/.local/lib/python3.12/site-packages/airflow/example_dags/example_datasets.py
[2025-12-17T00:49:44.923+0000] {processor.py:840} INFO - DAG(s) 'consume_1_or_2_with_dataset_expressions', 'dataset_consumes_1_never_scheduled', 'dataset_consumes_1', 'consume_1_and_2_with_dataset_expressions', 'dataset_consumes_unknown_never_scheduled', 'consume_1_or_both_2_and_3_with_dataset_expressions', 'conditional_dataset_and_time_based_timetable', 'dataset_produces_1', 'dataset_produces_2', 'dataset_consumes_1_and_2' retrieved from /home/airflow/.local/lib/python3.12/site-packages/airflow/example_dags/example_datasets.py
[2025-12-17T00:49:44.941+0000] {logging_mixin.py:188} INFO - [2025-12-17T00:49:44.941+0000] {dag.py:3089} INFO - Sync 10 DAGs
[2025-12-17T00:49:44.953+0000] {logging_mixin.py:188} INFO - [2025-12-17T00:49:44.953+0000] {dag.py:3947} INFO - Setting next_dagrun for conditional_dataset_and_time_based_timetable to 2025-12-10 01:00:00+00:00, run_after=2025-12-10 01:00:00+00:00
[2025-12-17T00:49:44.955+0000] {logging_mixin.py:188} INFO - [2025-12-17T00:49:44.955+0000] {dag.py:3947} INFO - Setting next_dagrun for consume_1_and_2_with_dataset_expressions to None, run_after=None
[2025-12-17T00:49:44.955+0000] {logging_mixin.py:188} INFO - [2025-12-17T00:49:44.955+0000] {dag.py:3947} INFO - Setting next_dagrun for consume_1_or_2_with_dataset_expressions to None, run_after=None
[2025-12-17T00:49:44.956+0000] {logging_mixin.py:188} INFO - [2025-12-17T00:49:44.956+0000] {dag.py:3947} INFO - Setting next_dagrun for consume_1_or_both_2_and_3_with_dataset_expressions to None, run_after=None
[2025-12-17T00:49:44.956+0000] {logging_mixin.py:188} INFO - [2025-12-17T00:49:44.956+0000] {dag.py:3947} INFO - Setting next_dagrun for dataset_consumes_1 to None, run_after=None
[2025-12-17T00:49:44.957+0000] {logging_mixin.py:188} INFO - [2025-12-17T00:49:44.957+0000] {dag.py:3947} INFO - Setting next_dagrun for dataset_consumes_1_and_2 to None, run_after=None
[2025-12-17T00:49:44.957+0000] {logging_mixin.py:188} INFO - [2025-12-17T00:49:44.957+0000] {dag.py:3947} INFO - Setting next_dagrun for dataset_consumes_1_never_scheduled to None, run_after=None
[2025-12-17T00:49:44.958+0000] {logging_mixin.py:188} INFO - [2025-12-17T00:49:44.958+0000] {dag.py:3947} INFO - Setting next_dagrun for dataset_consumes_unknown_never_scheduled to None, run_after=None
[2025-12-17T00:49:44.958+0000] {logging_mixin.py:188} INFO - [2025-12-17T00:49:44.958+0000] {dag.py:3947} INFO - Setting next_dagrun for dataset_produces_1 to 2025-12-16 00:00:00+00:00, run_after=2025-12-17 00:00:00+00:00
[2025-12-17T00:49:44.959+0000] {logging_mixin.py:188} INFO - [2025-12-17T00:49:44.959+0000] {dag.py:3947} INFO - Setting next_dagrun for dataset_produces_2 to None, run_after=None
[2025-12-17T00:49:44.975+0000] {processor.py:183} INFO - Processing /home/airflow/.local/lib/python3.12/site-packages/airflow/example_dags/example_datasets.py took 0.062 seconds
[2025-12-17T01:13:20.368+0000] {processor.py:161} INFO - Started process (PID=41783) to work on /home/airflow/.local/lib/python3.12/site-packages/airflow/example_dags/example_datasets.py
[2025-12-17T01:13:20.369+0000] {processor.py:830} INFO - Processing file /home/airflow/.local/lib/python3.12/site-packages/airflow/example_dags/example_datasets.py for tasks to queue
[2025-12-17T01:13:20.369+0000] {logging_mixin.py:188} INFO - [2025-12-17T01:13:20.369+0000] {dagbag.py:545} INFO - Filling up the DagBag from /home/airflow/.local/lib/python3.12/site-packages/airflow/example_dags/example_datasets.py
[2025-12-17T01:13:20.378+0000] {processor.py:840} INFO - DAG(s) 'conditional_dataset_and_time_based_timetable', 'dataset_consumes_1_never_scheduled', 'dataset_consumes_1', 'dataset_produces_2', 'dataset_produces_1', 'consume_1_or_2_with_dataset_expressions', 'dataset_consumes_unknown_never_scheduled', 'dataset_consumes_1_and_2', 'consume_1_and_2_with_dataset_expressions', 'consume_1_or_both_2_and_3_with_dataset_expressions' retrieved from /home/airflow/.local/lib/python3.12/site-packages/airflow/example_dags/example_datasets.py
[2025-12-17T01:13:20.402+0000] {logging_mixin.py:188} INFO - [2025-12-17T01:13:20.402+0000] {dag.py:3089} INFO - Sync 10 DAGs
[2025-12-17T01:13:20.418+0000] {logging_mixin.py:188} INFO - [2025-12-17T01:13:20.418+0000] {dag.py:3947} INFO - Setting next_dagrun for conditional_dataset_and_time_based_timetable to 2025-12-17 01:00:00+00:00, run_after=2025-12-17 01:00:00+00:00
[2025-12-17T01:13:20.420+0000] {logging_mixin.py:188} INFO - [2025-12-17T01:13:20.420+0000] {dag.py:3947} INFO - Setting next_dagrun for consume_1_and_2_with_dataset_expressions to None, run_after=None
[2025-12-17T01:13:20.421+0000] {logging_mixin.py:188} INFO - [2025-12-17T01:13:20.421+0000] {dag.py:3947} INFO - Setting next_dagrun for consume_1_or_2_with_dataset_expressions to None, run_after=None
[2025-12-17T01:13:20.422+0000] {logging_mixin.py:188} INFO - [2025-12-17T01:13:20.421+0000] {dag.py:3947} INFO - Setting next_dagrun for consume_1_or_both_2_and_3_with_dataset_expressions to None, run_after=None
[2025-12-17T01:13:20.423+0000] {logging_mixin.py:188} INFO - [2025-12-17T01:13:20.423+0000] {dag.py:3947} INFO - Setting next_dagrun for dataset_consumes_1 to None, run_after=None
[2025-12-17T01:13:20.425+0000] {logging_mixin.py:188} INFO - [2025-12-17T01:13:20.425+0000] {dag.py:3947} INFO - Setting next_dagrun for dataset_consumes_1_and_2 to None, run_after=None
[2025-12-17T01:13:20.427+0000] {logging_mixin.py:188} INFO - [2025-12-17T01:13:20.427+0000] {dag.py:3947} INFO - Setting next_dagrun for dataset_consumes_1_never_scheduled to None, run_after=None
[2025-12-17T01:13:20.428+0000] {logging_mixin.py:188} INFO - [2025-12-17T01:13:20.428+0000] {dag.py:3947} INFO - Setting next_dagrun for dataset_consumes_unknown_never_scheduled to None, run_after=None
[2025-12-17T01:13:20.429+0000] {logging_mixin.py:188} INFO - [2025-12-17T01:13:20.429+0000] {dag.py:3947} INFO - Setting next_dagrun for dataset_produces_1 to 2025-12-16 00:00:00+00:00, run_after=2025-12-17 00:00:00+00:00
[2025-12-17T01:13:20.430+0000] {logging_mixin.py:188} INFO - [2025-12-17T01:13:20.430+0000] {dag.py:3947} INFO - Setting next_dagrun for dataset_produces_2 to None, run_after=None
[2025-12-17T01:13:20.447+0000] {processor.py:183} INFO - Processing /home/airflow/.local/lib/python3.12/site-packages/airflow/example_dags/example_datasets.py took 0.082 seconds
[2025-12-17T02:08:59.157+0000] {processor.py:161} INFO - Started process (PID=41842) to work on /home/airflow/.local/lib/python3.12/site-packages/airflow/example_dags/example_datasets.py
[2025-12-17T02:08:59.157+0000] {processor.py:830} INFO - Processing file /home/airflow/.local/lib/python3.12/site-packages/airflow/example_dags/example_datasets.py for tasks to queue
[2025-12-17T02:08:59.158+0000] {logging_mixin.py:188} INFO - [2025-12-17T02:08:59.158+0000] {dagbag.py:545} INFO - Filling up the DagBag from /home/airflow/.local/lib/python3.12/site-packages/airflow/example_dags/example_datasets.py
[2025-12-17T02:08:59.167+0000] {processor.py:840} INFO - DAG(s) 'dataset_consumes_1', 'consume_1_or_2_with_dataset_expressions', 'dataset_consumes_1_never_scheduled', 'consume_1_and_2_with_dataset_expressions', 'consume_1_or_both_2_and_3_with_dataset_expressions', 'conditional_dataset_and_time_based_timetable', 'dataset_produces_1', 'dataset_consumes_unknown_never_scheduled', 'dataset_consumes_1_and_2', 'dataset_produces_2' retrieved from /home/airflow/.local/lib/python3.12/site-packages/airflow/example_dags/example_datasets.py
[2025-12-17T02:08:59.192+0000] {logging_mixin.py:188} INFO - [2025-12-17T02:08:59.192+0000] {dag.py:3089} INFO - Sync 10 DAGs
[2025-12-17T02:08:59.203+0000] {logging_mixin.py:188} INFO - [2025-12-17T02:08:59.203+0000] {dag.py:3947} INFO - Setting next_dagrun for conditional_dataset_and_time_based_timetable to 2025-12-17 01:00:00+00:00, run_after=2025-12-17 01:00:00+00:00
[2025-12-17T02:08:59.205+0000] {logging_mixin.py:188} INFO - [2025-12-17T02:08:59.205+0000] {dag.py:3947} INFO - Setting next_dagrun for consume_1_and_2_with_dataset_expressions to None, run_after=None
[2025-12-17T02:08:59.205+0000] {logging_mixin.py:188} INFO - [2025-12-17T02:08:59.205+0000] {dag.py:3947} INFO - Setting next_dagrun for consume_1_or_2_with_dataset_expressions to None, run_after=None
[2025-12-17T02:08:59.206+0000] {logging_mixin.py:188} INFO - [2025-12-17T02:08:59.206+0000] {dag.py:3947} INFO - Setting next_dagrun for consume_1_or_both_2_and_3_with_dataset_expressions to None, run_after=None
[2025-12-17T02:08:59.206+0000] {logging_mixin.py:188} INFO - [2025-12-17T02:08:59.206+0000] {dag.py:3947} INFO - Setting next_dagrun for dataset_consumes_1 to None, run_after=None
[2025-12-17T02:08:59.207+0000] {logging_mixin.py:188} INFO - [2025-12-17T02:08:59.207+0000] {dag.py:3947} INFO - Setting next_dagrun for dataset_consumes_1_and_2 to None, run_after=None
[2025-12-17T02:08:59.207+0000] {logging_mixin.py:188} INFO - [2025-12-17T02:08:59.207+0000] {dag.py:3947} INFO - Setting next_dagrun for dataset_consumes_1_never_scheduled to None, run_after=None
[2025-12-17T02:08:59.208+0000] {logging_mixin.py:188} INFO - [2025-12-17T02:08:59.208+0000] {dag.py:3947} INFO - Setting next_dagrun for dataset_consumes_unknown_never_scheduled to None, run_after=None
[2025-12-17T02:08:59.208+0000] {logging_mixin.py:188} INFO - [2025-12-17T02:08:59.208+0000] {dag.py:3947} INFO - Setting next_dagrun for dataset_produces_1 to 2025-12-16 00:00:00+00:00, run_after=2025-12-17 00:00:00+00:00
[2025-12-17T02:08:59.209+0000] {logging_mixin.py:188} INFO - [2025-12-17T02:08:59.209+0000] {dag.py:3947} INFO - Setting next_dagrun for dataset_produces_2 to None, run_after=None
[2025-12-17T02:08:59.222+0000] {processor.py:183} INFO - Processing /home/airflow/.local/lib/python3.12/site-packages/airflow/example_dags/example_datasets.py took 0.069 seconds
[2025-12-17T02:38:03.278+0000] {processor.py:161} INFO - Started process (PID=41901) to work on /home/airflow/.local/lib/python3.12/site-packages/airflow/example_dags/example_datasets.py
[2025-12-17T02:38:03.281+0000] {processor.py:830} INFO - Processing file /home/airflow/.local/lib/python3.12/site-packages/airflow/example_dags/example_datasets.py for tasks to queue
[2025-12-17T02:38:03.282+0000] {logging_mixin.py:188} INFO - [2025-12-17T02:38:03.282+0000] {dagbag.py:545} INFO - Filling up the DagBag from /home/airflow/.local/lib/python3.12/site-packages/airflow/example_dags/example_datasets.py
[2025-12-17T02:38:03.292+0000] {processor.py:840} INFO - DAG(s) 'consume_1_or_both_2_and_3_with_dataset_expressions', 'dataset_consumes_1_and_2', 'consume_1_and_2_with_dataset_expressions', 'consume_1_or_2_with_dataset_expressions', 'conditional_dataset_and_time_based_timetable', 'dataset_consumes_1_never_scheduled', 'dataset_produces_1', 'dataset_consumes_unknown_never_scheduled', 'dataset_consumes_1', 'dataset_produces_2' retrieved from /home/airflow/.local/lib/python3.12/site-packages/airflow/example_dags/example_datasets.py
[2025-12-17T02:38:03.310+0000] {logging_mixin.py:188} INFO - [2025-12-17T02:38:03.310+0000] {dag.py:3089} INFO - Sync 10 DAGs
[2025-12-17T02:38:03.320+0000] {logging_mixin.py:188} INFO - [2025-12-17T02:38:03.320+0000] {dag.py:3947} INFO - Setting next_dagrun for conditional_dataset_and_time_based_timetable to 2025-12-17 01:00:00+00:00, run_after=2025-12-17 01:00:00+00:00
[2025-12-17T02:38:03.321+0000] {logging_mixin.py:188} INFO - [2025-12-17T02:38:03.321+0000] {dag.py:3947} INFO - Setting next_dagrun for consume_1_and_2_with_dataset_expressions to None, run_after=None
[2025-12-17T02:38:03.322+0000] {logging_mixin.py:188} INFO - [2025-12-17T02:38:03.322+0000] {dag.py:3947} INFO - Setting next_dagrun for consume_1_or_2_with_dataset_expressions to None, run_after=None
[2025-12-17T02:38:03.323+0000] {logging_mixin.py:188} INFO - [2025-12-17T02:38:03.322+0000] {dag.py:3947} INFO - Setting next_dagrun for consume_1_or_both_2_and_3_with_dataset_expressions to None, run_after=None
[2025-12-17T02:38:03.323+0000] {logging_mixin.py:188} INFO - [2025-12-17T02:38:03.323+0000] {dag.py:3947} INFO - Setting next_dagrun for dataset_consumes_1 to None, run_after=None
[2025-12-17T02:38:03.324+0000] {logging_mixin.py:188} INFO - [2025-12-17T02:38:03.323+0000] {dag.py:3947} INFO - Setting next_dagrun for dataset_consumes_1_and_2 to None, run_after=None
[2025-12-17T02:38:03.324+0000] {logging_mixin.py:188} INFO - [2025-12-17T02:38:03.324+0000] {dag.py:3947} INFO - Setting next_dagrun for dataset_consumes_1_never_scheduled to None, run_after=None
[2025-12-17T02:38:03.324+0000] {logging_mixin.py:188} INFO - [2025-12-17T02:38:03.324+0000] {dag.py:3947} INFO - Setting next_dagrun for dataset_consumes_unknown_never_scheduled to None, run_after=None
[2025-12-17T02:38:03.325+0000] {logging_mixin.py:188} INFO - [2025-12-17T02:38:03.325+0000] {dag.py:3947} INFO - Setting next_dagrun for dataset_produces_1 to 2025-12-16 00:00:00+00:00, run_after=2025-12-17 00:00:00+00:00
[2025-12-17T02:38:03.326+0000] {logging_mixin.py:188} INFO - [2025-12-17T02:38:03.326+0000] {dag.py:3947} INFO - Setting next_dagrun for dataset_produces_2 to None, run_after=None
[2025-12-17T02:38:03.339+0000] {processor.py:183} INFO - Processing /home/airflow/.local/lib/python3.12/site-packages/airflow/example_dags/example_datasets.py took 0.064 seconds
[2025-12-17T03:29:16.507+0000] {processor.py:161} INFO - Started process (PID=41960) to work on /home/airflow/.local/lib/python3.12/site-packages/airflow/example_dags/example_datasets.py
[2025-12-17T03:29:16.508+0000] {processor.py:830} INFO - Processing file /home/airflow/.local/lib/python3.12/site-packages/airflow/example_dags/example_datasets.py for tasks to queue
[2025-12-17T03:29:16.508+0000] {logging_mixin.py:188} INFO - [2025-12-17T03:29:16.508+0000] {dagbag.py:545} INFO - Filling up the DagBag from /home/airflow/.local/lib/python3.12/site-packages/airflow/example_dags/example_datasets.py
[2025-12-17T03:29:16.515+0000] {processor.py:840} INFO - DAG(s) 'consume_1_and_2_with_dataset_expressions', 'dataset_consumes_1', 'conditional_dataset_and_time_based_timetable', 'dataset_consumes_1_and_2', 'dataset_produces_1', 'consume_1_or_both_2_and_3_with_dataset_expressions', 'dataset_consumes_unknown_never_scheduled', 'dataset_consumes_1_never_scheduled', 'dataset_produces_2', 'consume_1_or_2_with_dataset_expressions' retrieved from /home/airflow/.local/lib/python3.12/site-packages/airflow/example_dags/example_datasets.py
[2025-12-17T03:29:16.655+0000] {logging_mixin.py:188} INFO - [2025-12-17T03:29:16.655+0000] {dag.py:3089} INFO - Sync 10 DAGs
[2025-12-17T03:29:16.669+0000] {logging_mixin.py:188} INFO - [2025-12-17T03:29:16.669+0000] {dag.py:3947} INFO - Setting next_dagrun for conditional_dataset_and_time_based_timetable to 2025-12-17 01:00:00+00:00, run_after=2025-12-17 01:00:00+00:00
[2025-12-17T03:29:16.672+0000] {logging_mixin.py:188} INFO - [2025-12-17T03:29:16.671+0000] {dag.py:3947} INFO - Setting next_dagrun for consume_1_and_2_with_dataset_expressions to None, run_after=None
[2025-12-17T03:29:16.673+0000] {logging_mixin.py:188} INFO - [2025-12-17T03:29:16.673+0000] {dag.py:3947} INFO - Setting next_dagrun for consume_1_or_2_with_dataset_expressions to None, run_after=None
[2025-12-17T03:29:16.674+0000] {logging_mixin.py:188} INFO - [2025-12-17T03:29:16.674+0000] {dag.py:3947} INFO - Setting next_dagrun for consume_1_or_both_2_and_3_with_dataset_expressions to None, run_after=None
[2025-12-17T03:29:16.678+0000] {logging_mixin.py:188} INFO - [2025-12-17T03:29:16.678+0000] {dag.py:3947} INFO - Setting next_dagrun for dataset_consumes_1 to None, run_after=None
[2025-12-17T03:29:16.679+0000] {logging_mixin.py:188} INFO - [2025-12-17T03:29:16.679+0000] {dag.py:3947} INFO - Setting next_dagrun for dataset_consumes_1_and_2 to None, run_after=None
[2025-12-17T03:29:16.680+0000] {logging_mixin.py:188} INFO - [2025-12-17T03:29:16.680+0000] {dag.py:3947} INFO - Setting next_dagrun for dataset_consumes_1_never_scheduled to None, run_after=None
[2025-12-17T03:29:16.681+0000] {logging_mixin.py:188} INFO - [2025-12-17T03:29:16.681+0000] {dag.py:3947} INFO - Setting next_dagrun for dataset_consumes_unknown_never_scheduled to None, run_after=None
[2025-12-17T03:29:16.682+0000] {logging_mixin.py:188} INFO - [2025-12-17T03:29:16.682+0000] {dag.py:3947} INFO - Setting next_dagrun for dataset_produces_1 to 2025-12-16 00:00:00+00:00, run_after=2025-12-17 00:00:00+00:00
[2025-12-17T03:29:16.683+0000] {logging_mixin.py:188} INFO - [2025-12-17T03:29:16.683+0000] {dag.py:3947} INFO - Setting next_dagrun for dataset_produces_2 to None, run_after=None
[2025-12-17T03:29:16.711+0000] {processor.py:183} INFO - Processing /home/airflow/.local/lib/python3.12/site-packages/airflow/example_dags/example_datasets.py took 0.208 seconds
[2025-12-17T03:53:43.484+0000] {processor.py:161} INFO - Started process (PID=42019) to work on /home/airflow/.local/lib/python3.12/site-packages/airflow/example_dags/example_datasets.py
[2025-12-17T03:53:43.485+0000] {processor.py:830} INFO - Processing file /home/airflow/.local/lib/python3.12/site-packages/airflow/example_dags/example_datasets.py for tasks to queue
[2025-12-17T03:53:43.486+0000] {logging_mixin.py:188} INFO - [2025-12-17T03:53:43.486+0000] {dagbag.py:545} INFO - Filling up the DagBag from /home/airflow/.local/lib/python3.12/site-packages/airflow/example_dags/example_datasets.py
[2025-12-17T03:53:43.500+0000] {processor.py:840} INFO - DAG(s) 'consume_1_and_2_with_dataset_expressions', 'consume_1_or_both_2_and_3_with_dataset_expressions', 'dataset_consumes_1_and_2', 'dataset_consumes_1', 'conditional_dataset_and_time_based_timetable', 'dataset_consumes_1_never_scheduled', 'dataset_produces_2', 'dataset_produces_1', 'dataset_consumes_unknown_never_scheduled', 'consume_1_or_2_with_dataset_expressions' retrieved from /home/airflow/.local/lib/python3.12/site-packages/airflow/example_dags/example_datasets.py
[2025-12-17T03:53:43.522+0000] {logging_mixin.py:188} INFO - [2025-12-17T03:53:43.522+0000] {dag.py:3089} INFO - Sync 10 DAGs
[2025-12-17T03:53:43.535+0000] {logging_mixin.py:188} INFO - [2025-12-17T03:53:43.535+0000] {dag.py:3947} INFO - Setting next_dagrun for conditional_dataset_and_time_based_timetable to 2025-12-17 01:00:00+00:00, run_after=2025-12-17 01:00:00+00:00
[2025-12-17T03:53:43.540+0000] {logging_mixin.py:188} INFO - [2025-12-17T03:53:43.539+0000] {dag.py:3947} INFO - Setting next_dagrun for consume_1_and_2_with_dataset_expressions to None, run_after=None
[2025-12-17T03:53:43.540+0000] {logging_mixin.py:188} INFO - [2025-12-17T03:53:43.540+0000] {dag.py:3947} INFO - Setting next_dagrun for consume_1_or_2_with_dataset_expressions to None, run_after=None
[2025-12-17T03:53:43.541+0000] {logging_mixin.py:188} INFO - [2025-12-17T03:53:43.541+0000] {dag.py:3947} INFO - Setting next_dagrun for consume_1_or_both_2_and_3_with_dataset_expressions to None, run_after=None
[2025-12-17T03:53:43.541+0000] {logging_mixin.py:188} INFO - [2025-12-17T03:53:43.541+0000] {dag.py:3947} INFO - Setting next_dagrun for dataset_consumes_1 to None, run_after=None
[2025-12-17T03:53:43.542+0000] {logging_mixin.py:188} INFO - [2025-12-17T03:53:43.542+0000] {dag.py:3947} INFO - Setting next_dagrun for dataset_consumes_1_and_2 to None, run_after=None
[2025-12-17T03:53:43.545+0000] {logging_mixin.py:188} INFO - [2025-12-17T03:53:43.545+0000] {dag.py:3947} INFO - Setting next_dagrun for dataset_consumes_1_never_scheduled to None, run_after=None
[2025-12-17T03:53:43.547+0000] {logging_mixin.py:188} INFO - [2025-12-17T03:53:43.547+0000] {dag.py:3947} INFO - Setting next_dagrun for dataset_consumes_unknown_never_scheduled to None, run_after=None
[2025-12-17T03:53:43.549+0000] {logging_mixin.py:188} INFO - [2025-12-17T03:53:43.549+0000] {dag.py:3947} INFO - Setting next_dagrun for dataset_produces_1 to 2025-12-16 00:00:00+00:00, run_after=2025-12-17 00:00:00+00:00
[2025-12-17T03:53:43.550+0000] {logging_mixin.py:188} INFO - [2025-12-17T03:53:43.550+0000] {dag.py:3947} INFO - Setting next_dagrun for dataset_produces_2 to None, run_after=None
[2025-12-17T03:53:43.569+0000] {processor.py:183} INFO - Processing /home/airflow/.local/lib/python3.12/site-packages/airflow/example_dags/example_datasets.py took 0.090 seconds
[2025-12-17T04:54:46.378+0000] {processor.py:161} INFO - Started process (PID=42078) to work on /home/airflow/.local/lib/python3.12/site-packages/airflow/example_dags/example_datasets.py
[2025-12-17T04:54:46.378+0000] {processor.py:830} INFO - Processing file /home/airflow/.local/lib/python3.12/site-packages/airflow/example_dags/example_datasets.py for tasks to queue
[2025-12-17T04:54:46.379+0000] {logging_mixin.py:188} INFO - [2025-12-17T04:54:46.379+0000] {dagbag.py:545} INFO - Filling up the DagBag from /home/airflow/.local/lib/python3.12/site-packages/airflow/example_dags/example_datasets.py
[2025-12-17T04:54:46.386+0000] {processor.py:840} INFO - DAG(s) 'dataset_consumes_unknown_never_scheduled', 'dataset_consumes_1_never_scheduled', 'dataset_produces_1', 'dataset_consumes_1', 'conditional_dataset_and_time_based_timetable', 'consume_1_or_2_with_dataset_expressions', 'consume_1_or_both_2_and_3_with_dataset_expressions', 'dataset_produces_2', 'dataset_consumes_1_and_2', 'consume_1_and_2_with_dataset_expressions' retrieved from /home/airflow/.local/lib/python3.12/site-packages/airflow/example_dags/example_datasets.py
[2025-12-17T04:54:46.403+0000] {logging_mixin.py:188} INFO - [2025-12-17T04:54:46.403+0000] {dag.py:3089} INFO - Sync 10 DAGs
[2025-12-17T04:54:46.412+0000] {logging_mixin.py:188} INFO - [2025-12-17T04:54:46.412+0000] {dag.py:3947} INFO - Setting next_dagrun for conditional_dataset_and_time_based_timetable to 2025-12-17 01:00:00+00:00, run_after=2025-12-17 01:00:00+00:00
[2025-12-17T04:54:46.413+0000] {logging_mixin.py:188} INFO - [2025-12-17T04:54:46.413+0000] {dag.py:3947} INFO - Setting next_dagrun for consume_1_and_2_with_dataset_expressions to None, run_after=None
[2025-12-17T04:54:46.414+0000] {logging_mixin.py:188} INFO - [2025-12-17T04:54:46.414+0000] {dag.py:3947} INFO - Setting next_dagrun for consume_1_or_2_with_dataset_expressions to None, run_after=None
[2025-12-17T04:54:46.414+0000] {logging_mixin.py:188} INFO - [2025-12-17T04:54:46.414+0000] {dag.py:3947} INFO - Setting next_dagrun for consume_1_or_both_2_and_3_with_dataset_expressions to None, run_after=None
[2025-12-17T04:54:46.415+0000] {logging_mixin.py:188} INFO - [2025-12-17T04:54:46.414+0000] {dag.py:3947} INFO - Setting next_dagrun for dataset_consumes_1 to None, run_after=None
[2025-12-17T04:54:46.415+0000] {logging_mixin.py:188} INFO - [2025-12-17T04:54:46.415+0000] {dag.py:3947} INFO - Setting next_dagrun for dataset_consumes_1_and_2 to None, run_after=None
[2025-12-17T04:54:46.415+0000] {logging_mixin.py:188} INFO - [2025-12-17T04:54:46.415+0000] {dag.py:3947} INFO - Setting next_dagrun for dataset_consumes_1_never_scheduled to None, run_after=None
[2025-12-17T04:54:46.416+0000] {logging_mixin.py:188} INFO - [2025-12-17T04:54:46.416+0000] {dag.py:3947} INFO - Setting next_dagrun for dataset_consumes_unknown_never_scheduled to None, run_after=None
[2025-12-17T04:54:46.417+0000] {logging_mixin.py:188} INFO - [2025-12-17T04:54:46.417+0000] {dag.py:3947} INFO - Setting next_dagrun for dataset_produces_1 to 2025-12-16 00:00:00+00:00, run_after=2025-12-17 00:00:00+00:00
[2025-12-17T04:54:46.417+0000] {logging_mixin.py:188} INFO - [2025-12-17T04:54:46.417+0000] {dag.py:3947} INFO - Setting next_dagrun for dataset_produces_2 to None, run_after=None
[2025-12-17T04:54:46.428+0000] {processor.py:183} INFO - Processing /home/airflow/.local/lib/python3.12/site-packages/airflow/example_dags/example_datasets.py took 0.053 seconds
[2025-12-17T06:11:25.670+0000] {processor.py:161} INFO - Started process (PID=42137) to work on /home/airflow/.local/lib/python3.12/site-packages/airflow/example_dags/example_datasets.py
[2025-12-17T06:11:25.671+0000] {processor.py:830} INFO - Processing file /home/airflow/.local/lib/python3.12/site-packages/airflow/example_dags/example_datasets.py for tasks to queue
[2025-12-17T06:11:25.672+0000] {logging_mixin.py:188} INFO - [2025-12-17T06:11:25.672+0000] {dagbag.py:545} INFO - Filling up the DagBag from /home/airflow/.local/lib/python3.12/site-packages/airflow/example_dags/example_datasets.py
[2025-12-17T06:11:25.678+0000] {processor.py:840} INFO - DAG(s) 'dataset_produces_1', 'dataset_consumes_1', 'consume_1_or_both_2_and_3_with_dataset_expressions', 'conditional_dataset_and_time_based_timetable', 'consume_1_and_2_with_dataset_expressions', 'dataset_consumes_unknown_never_scheduled', 'dataset_consumes_1_and_2', 'dataset_produces_2', 'dataset_consumes_1_never_scheduled', 'consume_1_or_2_with_dataset_expressions' retrieved from /home/airflow/.local/lib/python3.12/site-packages/airflow/example_dags/example_datasets.py
[2025-12-17T06:11:25.704+0000] {logging_mixin.py:188} INFO - [2025-12-17T06:11:25.704+0000] {dag.py:3089} INFO - Sync 10 DAGs
[2025-12-17T06:11:25.715+0000] {logging_mixin.py:188} INFO - [2025-12-17T06:11:25.715+0000] {dag.py:3947} INFO - Setting next_dagrun for conditional_dataset_and_time_based_timetable to 2025-12-17 01:00:00+00:00, run_after=2025-12-17 01:00:00+00:00
[2025-12-17T06:11:25.717+0000] {logging_mixin.py:188} INFO - [2025-12-17T06:11:25.717+0000] {dag.py:3947} INFO - Setting next_dagrun for consume_1_and_2_with_dataset_expressions to None, run_after=None
[2025-12-17T06:11:25.717+0000] {logging_mixin.py:188} INFO - [2025-12-17T06:11:25.717+0000] {dag.py:3947} INFO - Setting next_dagrun for consume_1_or_2_with_dataset_expressions to None, run_after=None
[2025-12-17T06:11:25.717+0000] {logging_mixin.py:188} INFO - [2025-12-17T06:11:25.717+0000] {dag.py:3947} INFO - Setting next_dagrun for consume_1_or_both_2_and_3_with_dataset_expressions to None, run_after=None
[2025-12-17T06:11:25.718+0000] {logging_mixin.py:188} INFO - [2025-12-17T06:11:25.718+0000] {dag.py:3947} INFO - Setting next_dagrun for dataset_consumes_1 to None, run_after=None
[2025-12-17T06:11:25.718+0000] {logging_mixin.py:188} INFO - [2025-12-17T06:11:25.718+0000] {dag.py:3947} INFO - Setting next_dagrun for dataset_consumes_1_and_2 to None, run_after=None
[2025-12-17T06:11:25.719+0000] {logging_mixin.py:188} INFO - [2025-12-17T06:11:25.719+0000] {dag.py:3947} INFO - Setting next_dagrun for dataset_consumes_1_never_scheduled to None, run_after=None
[2025-12-17T06:11:25.719+0000] {logging_mixin.py:188} INFO - [2025-12-17T06:11:25.719+0000] {dag.py:3947} INFO - Setting next_dagrun for dataset_consumes_unknown_never_scheduled to None, run_after=None
[2025-12-17T06:11:25.720+0000] {logging_mixin.py:188} INFO - [2025-12-17T06:11:25.720+0000] {dag.py:3947} INFO - Setting next_dagrun for dataset_produces_1 to 2025-12-16 00:00:00+00:00, run_after=2025-12-17 00:00:00+00:00
[2025-12-17T06:11:25.720+0000] {logging_mixin.py:188} INFO - [2025-12-17T06:11:25.720+0000] {dag.py:3947} INFO - Setting next_dagrun for dataset_produces_2 to None, run_after=None
[2025-12-17T06:11:25.734+0000] {processor.py:183} INFO - Processing /home/airflow/.local/lib/python3.12/site-packages/airflow/example_dags/example_datasets.py took 0.067 seconds
[2025-12-17T07:48:05.724+0000] {processor.py:161} INFO - Started process (PID=42196) to work on /home/airflow/.local/lib/python3.12/site-packages/airflow/example_dags/example_datasets.py
[2025-12-17T07:48:05.724+0000] {processor.py:830} INFO - Processing file /home/airflow/.local/lib/python3.12/site-packages/airflow/example_dags/example_datasets.py for tasks to queue
[2025-12-17T07:48:05.725+0000] {logging_mixin.py:188} INFO - [2025-12-17T07:48:05.725+0000] {dagbag.py:545} INFO - Filling up the DagBag from /home/airflow/.local/lib/python3.12/site-packages/airflow/example_dags/example_datasets.py
[2025-12-17T07:48:05.733+0000] {processor.py:840} INFO - DAG(s) 'conditional_dataset_and_time_based_timetable', 'dataset_produces_2', 'dataset_produces_1', 'consume_1_and_2_with_dataset_expressions', 'dataset_consumes_1_and_2', 'dataset_consumes_1_never_scheduled', 'dataset_consumes_1', 'dataset_consumes_unknown_never_scheduled', 'consume_1_or_2_with_dataset_expressions', 'consume_1_or_both_2_and_3_with_dataset_expressions' retrieved from /home/airflow/.local/lib/python3.12/site-packages/airflow/example_dags/example_datasets.py
[2025-12-17T07:48:05.763+0000] {logging_mixin.py:188} INFO - [2025-12-17T07:48:05.762+0000] {dag.py:3089} INFO - Sync 10 DAGs
[2025-12-17T07:48:05.776+0000] {logging_mixin.py:188} INFO - [2025-12-17T07:48:05.776+0000] {dag.py:3947} INFO - Setting next_dagrun for conditional_dataset_and_time_based_timetable to 2025-12-17 01:00:00+00:00, run_after=2025-12-17 01:00:00+00:00
[2025-12-17T07:48:05.778+0000] {logging_mixin.py:188} INFO - [2025-12-17T07:48:05.778+0000] {dag.py:3947} INFO - Setting next_dagrun for consume_1_and_2_with_dataset_expressions to None, run_after=None
[2025-12-17T07:48:05.779+0000] {logging_mixin.py:188} INFO - [2025-12-17T07:48:05.779+0000] {dag.py:3947} INFO - Setting next_dagrun for consume_1_or_2_with_dataset_expressions to None, run_after=None
[2025-12-17T07:48:05.781+0000] {logging_mixin.py:188} INFO - [2025-12-17T07:48:05.780+0000] {dag.py:3947} INFO - Setting next_dagrun for consume_1_or_both_2_and_3_with_dataset_expressions to None, run_after=None
[2025-12-17T07:48:05.783+0000] {logging_mixin.py:188} INFO - [2025-12-17T07:48:05.783+0000] {dag.py:3947} INFO - Setting next_dagrun for dataset_consumes_1 to None, run_after=None
[2025-12-17T07:48:05.784+0000] {logging_mixin.py:188} INFO - [2025-12-17T07:48:05.784+0000] {dag.py:3947} INFO - Setting next_dagrun for dataset_consumes_1_and_2 to None, run_after=None
[2025-12-17T07:48:05.784+0000] {logging_mixin.py:188} INFO - [2025-12-17T07:48:05.784+0000] {dag.py:3947} INFO - Setting next_dagrun for dataset_consumes_1_never_scheduled to None, run_after=None
[2025-12-17T07:48:05.785+0000] {logging_mixin.py:188} INFO - [2025-12-17T07:48:05.785+0000] {dag.py:3947} INFO - Setting next_dagrun for dataset_consumes_unknown_never_scheduled to None, run_after=None
[2025-12-17T07:48:05.785+0000] {logging_mixin.py:188} INFO - [2025-12-17T07:48:05.785+0000] {dag.py:3947} INFO - Setting next_dagrun for dataset_produces_1 to 2025-12-16 00:00:00+00:00, run_after=2025-12-17 00:00:00+00:00
[2025-12-17T07:48:05.786+0000] {logging_mixin.py:188} INFO - [2025-12-17T07:48:05.786+0000] {dag.py:3947} INFO - Setting next_dagrun for dataset_produces_2 to None, run_after=None
[2025-12-17T07:48:05.811+0000] {processor.py:183} INFO - Processing /home/airflow/.local/lib/python3.12/site-packages/airflow/example_dags/example_datasets.py took 0.090 seconds
[2025-12-17T08:58:45.814+0000] {processor.py:161} INFO - Started process (PID=42255) to work on /home/airflow/.local/lib/python3.12/site-packages/airflow/example_dags/example_datasets.py
[2025-12-17T08:58:45.814+0000] {processor.py:830} INFO - Processing file /home/airflow/.local/lib/python3.12/site-packages/airflow/example_dags/example_datasets.py for tasks to queue
[2025-12-17T08:58:45.815+0000] {logging_mixin.py:188} INFO - [2025-12-17T08:58:45.815+0000] {dagbag.py:545} INFO - Filling up the DagBag from /home/airflow/.local/lib/python3.12/site-packages/airflow/example_dags/example_datasets.py
[2025-12-17T08:58:45.823+0000] {processor.py:840} INFO - DAG(s) 'dataset_produces_1', 'dataset_consumes_unknown_never_scheduled', 'consume_1_or_2_with_dataset_expressions', 'dataset_consumes_1_and_2', 'consume_1_and_2_with_dataset_expressions', 'consume_1_or_both_2_and_3_with_dataset_expressions', 'dataset_consumes_1', 'dataset_consumes_1_never_scheduled', 'conditional_dataset_and_time_based_timetable', 'dataset_produces_2' retrieved from /home/airflow/.local/lib/python3.12/site-packages/airflow/example_dags/example_datasets.py
[2025-12-17T08:58:45.846+0000] {logging_mixin.py:188} INFO - [2025-12-17T08:58:45.846+0000] {dag.py:3089} INFO - Sync 10 DAGs
[2025-12-17T08:58:45.859+0000] {logging_mixin.py:188} INFO - [2025-12-17T08:58:45.859+0000] {dag.py:3947} INFO - Setting next_dagrun for conditional_dataset_and_time_based_timetable to 2025-12-17 01:00:00+00:00, run_after=2025-12-17 01:00:00+00:00
[2025-12-17T08:58:45.861+0000] {logging_mixin.py:188} INFO - [2025-12-17T08:58:45.861+0000] {dag.py:3947} INFO - Setting next_dagrun for consume_1_and_2_with_dataset_expressions to None, run_after=None
[2025-12-17T08:58:45.862+0000] {logging_mixin.py:188} INFO - [2025-12-17T08:58:45.862+0000] {dag.py:3947} INFO - Setting next_dagrun for consume_1_or_2_with_dataset_expressions to None, run_after=None
[2025-12-17T08:58:45.863+0000] {logging_mixin.py:188} INFO - [2025-12-17T08:58:45.863+0000] {dag.py:3947} INFO - Setting next_dagrun for consume_1_or_both_2_and_3_with_dataset_expressions to None, run_after=None
[2025-12-17T08:58:45.864+0000] {logging_mixin.py:188} INFO - [2025-12-17T08:58:45.863+0000] {dag.py:3947} INFO - Setting next_dagrun for dataset_consumes_1 to None, run_after=None
[2025-12-17T08:58:45.864+0000] {logging_mixin.py:188} INFO - [2025-12-17T08:58:45.864+0000] {dag.py:3947} INFO - Setting next_dagrun for dataset_consumes_1_and_2 to None, run_after=None
[2025-12-17T08:58:45.865+0000] {logging_mixin.py:188} INFO - [2025-12-17T08:58:45.865+0000] {dag.py:3947} INFO - Setting next_dagrun for dataset_consumes_1_never_scheduled to None, run_after=None
[2025-12-17T08:58:45.867+0000] {logging_mixin.py:188} INFO - [2025-12-17T08:58:45.867+0000] {dag.py:3947} INFO - Setting next_dagrun for dataset_consumes_unknown_never_scheduled to None, run_after=None
[2025-12-17T08:58:45.868+0000] {logging_mixin.py:188} INFO - [2025-12-17T08:58:45.868+0000] {dag.py:3947} INFO - Setting next_dagrun for dataset_produces_1 to 2025-12-16 00:00:00+00:00, run_after=2025-12-17 00:00:00+00:00
[2025-12-17T08:58:45.869+0000] {logging_mixin.py:188} INFO - [2025-12-17T08:58:45.869+0000] {dag.py:3947} INFO - Setting next_dagrun for dataset_produces_2 to None, run_after=None
[2025-12-17T08:58:45.886+0000] {processor.py:183} INFO - Processing /home/airflow/.local/lib/python3.12/site-packages/airflow/example_dags/example_datasets.py took 0.075 seconds
[2025-12-17T09:21:00.554+0000] {processor.py:161} INFO - Started process (PID=42314) to work on /home/airflow/.local/lib/python3.12/site-packages/airflow/example_dags/example_datasets.py
[2025-12-17T09:21:00.555+0000] {processor.py:830} INFO - Processing file /home/airflow/.local/lib/python3.12/site-packages/airflow/example_dags/example_datasets.py for tasks to queue
[2025-12-17T09:21:00.555+0000] {logging_mixin.py:188} INFO - [2025-12-17T09:21:00.555+0000] {dagbag.py:545} INFO - Filling up the DagBag from /home/airflow/.local/lib/python3.12/site-packages/airflow/example_dags/example_datasets.py
[2025-12-17T09:21:00.562+0000] {processor.py:840} INFO - DAG(s) 'dataset_consumes_unknown_never_scheduled', 'dataset_consumes_1_never_scheduled', 'dataset_consumes_1', 'consume_1_or_both_2_and_3_with_dataset_expressions', 'consume_1_or_2_with_dataset_expressions', 'dataset_produces_2', 'conditional_dataset_and_time_based_timetable', 'dataset_produces_1', 'dataset_consumes_1_and_2', 'consume_1_and_2_with_dataset_expressions' retrieved from /home/airflow/.local/lib/python3.12/site-packages/airflow/example_dags/example_datasets.py
[2025-12-17T09:21:00.579+0000] {logging_mixin.py:188} INFO - [2025-12-17T09:21:00.578+0000] {dag.py:3089} INFO - Sync 10 DAGs
[2025-12-17T09:21:00.587+0000] {logging_mixin.py:188} INFO - [2025-12-17T09:21:00.587+0000] {dag.py:3947} INFO - Setting next_dagrun for conditional_dataset_and_time_based_timetable to 2025-12-17 01:00:00+00:00, run_after=2025-12-17 01:00:00+00:00
[2025-12-17T09:21:00.589+0000] {logging_mixin.py:188} INFO - [2025-12-17T09:21:00.589+0000] {dag.py:3947} INFO - Setting next_dagrun for consume_1_and_2_with_dataset_expressions to None, run_after=None
[2025-12-17T09:21:00.589+0000] {logging_mixin.py:188} INFO - [2025-12-17T09:21:00.589+0000] {dag.py:3947} INFO - Setting next_dagrun for consume_1_or_2_with_dataset_expressions to None, run_after=None
[2025-12-17T09:21:00.590+0000] {logging_mixin.py:188} INFO - [2025-12-17T09:21:00.590+0000] {dag.py:3947} INFO - Setting next_dagrun for consume_1_or_both_2_and_3_with_dataset_expressions to None, run_after=None
[2025-12-17T09:21:00.590+0000] {logging_mixin.py:188} INFO - [2025-12-17T09:21:00.590+0000] {dag.py:3947} INFO - Setting next_dagrun for dataset_consumes_1 to None, run_after=None
[2025-12-17T09:21:00.591+0000] {logging_mixin.py:188} INFO - [2025-12-17T09:21:00.590+0000] {dag.py:3947} INFO - Setting next_dagrun for dataset_consumes_1_and_2 to None, run_after=None
[2025-12-17T09:21:00.591+0000] {logging_mixin.py:188} INFO - [2025-12-17T09:21:00.591+0000] {dag.py:3947} INFO - Setting next_dagrun for dataset_consumes_1_never_scheduled to None, run_after=None
[2025-12-17T09:21:00.591+0000] {logging_mixin.py:188} INFO - [2025-12-17T09:21:00.591+0000] {dag.py:3947} INFO - Setting next_dagrun for dataset_consumes_unknown_never_scheduled to None, run_after=None
[2025-12-17T09:21:00.592+0000] {logging_mixin.py:188} INFO - [2025-12-17T09:21:00.592+0000] {dag.py:3947} INFO - Setting next_dagrun for dataset_produces_1 to 2025-12-16 00:00:00+00:00, run_after=2025-12-17 00:00:00+00:00
[2025-12-17T09:21:00.593+0000] {logging_mixin.py:188} INFO - [2025-12-17T09:21:00.593+0000] {dag.py:3947} INFO - Setting next_dagrun for dataset_produces_2 to None, run_after=None
[2025-12-17T09:21:00.609+0000] {processor.py:183} INFO - Processing /home/airflow/.local/lib/python3.12/site-packages/airflow/example_dags/example_datasets.py took 0.057 seconds
[2025-12-17T10:31:20.835+0000] {processor.py:161} INFO - Started process (PID=42373) to work on /home/airflow/.local/lib/python3.12/site-packages/airflow/example_dags/example_datasets.py
[2025-12-17T10:31:20.835+0000] {processor.py:830} INFO - Processing file /home/airflow/.local/lib/python3.12/site-packages/airflow/example_dags/example_datasets.py for tasks to queue
[2025-12-17T10:31:20.836+0000] {logging_mixin.py:188} INFO - [2025-12-17T10:31:20.836+0000] {dagbag.py:545} INFO - Filling up the DagBag from /home/airflow/.local/lib/python3.12/site-packages/airflow/example_dags/example_datasets.py
[2025-12-17T10:31:20.843+0000] {processor.py:840} INFO - DAG(s) 'dataset_consumes_unknown_never_scheduled', 'dataset_consumes_1_never_scheduled', 'consume_1_or_both_2_and_3_with_dataset_expressions', 'consume_1_and_2_with_dataset_expressions', 'conditional_dataset_and_time_based_timetable', 'dataset_produces_2', 'dataset_consumes_1_and_2', 'dataset_produces_1', 'consume_1_or_2_with_dataset_expressions', 'dataset_consumes_1' retrieved from /home/airflow/.local/lib/python3.12/site-packages/airflow/example_dags/example_datasets.py
[2025-12-17T10:31:20.866+0000] {logging_mixin.py:188} INFO - [2025-12-17T10:31:20.866+0000] {dag.py:3089} INFO - Sync 10 DAGs
[2025-12-17T10:31:20.876+0000] {logging_mixin.py:188} INFO - [2025-12-17T10:31:20.876+0000] {dag.py:3947} INFO - Setting next_dagrun for conditional_dataset_and_time_based_timetable to 2025-12-17 01:00:00+00:00, run_after=2025-12-17 01:00:00+00:00
[2025-12-17T10:31:20.878+0000] {logging_mixin.py:188} INFO - [2025-12-17T10:31:20.878+0000] {dag.py:3947} INFO - Setting next_dagrun for consume_1_and_2_with_dataset_expressions to None, run_after=None
[2025-12-17T10:31:20.878+0000] {logging_mixin.py:188} INFO - [2025-12-17T10:31:20.878+0000] {dag.py:3947} INFO - Setting next_dagrun for consume_1_or_2_with_dataset_expressions to None, run_after=None
[2025-12-17T10:31:20.879+0000] {logging_mixin.py:188} INFO - [2025-12-17T10:31:20.879+0000] {dag.py:3947} INFO - Setting next_dagrun for consume_1_or_both_2_and_3_with_dataset_expressions to None, run_after=None
[2025-12-17T10:31:20.879+0000] {logging_mixin.py:188} INFO - [2025-12-17T10:31:20.879+0000] {dag.py:3947} INFO - Setting next_dagrun for dataset_consumes_1 to None, run_after=None
[2025-12-17T10:31:20.880+0000] {logging_mixin.py:188} INFO - [2025-12-17T10:31:20.880+0000] {dag.py:3947} INFO - Setting next_dagrun for dataset_consumes_1_and_2 to None, run_after=None
[2025-12-17T10:31:20.880+0000] {logging_mixin.py:188} INFO - [2025-12-17T10:31:20.880+0000] {dag.py:3947} INFO - Setting next_dagrun for dataset_consumes_1_never_scheduled to None, run_after=None
[2025-12-17T10:31:20.881+0000] {logging_mixin.py:188} INFO - [2025-12-17T10:31:20.881+0000] {dag.py:3947} INFO - Setting next_dagrun for dataset_consumes_unknown_never_scheduled to None, run_after=None
[2025-12-17T10:31:20.882+0000] {logging_mixin.py:188} INFO - [2025-12-17T10:31:20.881+0000] {dag.py:3947} INFO - Setting next_dagrun for dataset_produces_1 to 2025-12-16 00:00:00+00:00, run_after=2025-12-17 00:00:00+00:00
[2025-12-17T10:31:20.882+0000] {logging_mixin.py:188} INFO - [2025-12-17T10:31:20.882+0000] {dag.py:3947} INFO - Setting next_dagrun for dataset_produces_2 to None, run_after=None
[2025-12-17T10:31:20.895+0000] {processor.py:183} INFO - Processing /home/airflow/.local/lib/python3.12/site-packages/airflow/example_dags/example_datasets.py took 0.063 seconds
[2025-12-17T11:32:05.450+0000] {processor.py:161} INFO - Started process (PID=42432) to work on /home/airflow/.local/lib/python3.12/site-packages/airflow/example_dags/example_datasets.py
[2025-12-17T11:32:05.453+0000] {processor.py:830} INFO - Processing file /home/airflow/.local/lib/python3.12/site-packages/airflow/example_dags/example_datasets.py for tasks to queue
[2025-12-17T11:32:05.453+0000] {logging_mixin.py:188} INFO - [2025-12-17T11:32:05.453+0000] {dagbag.py:545} INFO - Filling up the DagBag from /home/airflow/.local/lib/python3.12/site-packages/airflow/example_dags/example_datasets.py
[2025-12-17T11:32:05.462+0000] {processor.py:840} INFO - DAG(s) 'consume_1_and_2_with_dataset_expressions', 'consume_1_or_both_2_and_3_with_dataset_expressions', 'dataset_consumes_unknown_never_scheduled', 'dataset_produces_2', 'consume_1_or_2_with_dataset_expressions', 'dataset_consumes_1_and_2', 'conditional_dataset_and_time_based_timetable', 'dataset_consumes_1', 'dataset_produces_1', 'dataset_consumes_1_never_scheduled' retrieved from /home/airflow/.local/lib/python3.12/site-packages/airflow/example_dags/example_datasets.py
[2025-12-17T11:32:05.487+0000] {logging_mixin.py:188} INFO - [2025-12-17T11:32:05.487+0000] {dag.py:3089} INFO - Sync 10 DAGs
[2025-12-17T11:32:05.498+0000] {logging_mixin.py:188} INFO - [2025-12-17T11:32:05.498+0000] {dag.py:3947} INFO - Setting next_dagrun for conditional_dataset_and_time_based_timetable to 2025-12-17 01:00:00+00:00, run_after=2025-12-17 01:00:00+00:00
[2025-12-17T11:32:05.499+0000] {logging_mixin.py:188} INFO - [2025-12-17T11:32:05.499+0000] {dag.py:3947} INFO - Setting next_dagrun for consume_1_and_2_with_dataset_expressions to None, run_after=None
[2025-12-17T11:32:05.500+0000] {logging_mixin.py:188} INFO - [2025-12-17T11:32:05.500+0000] {dag.py:3947} INFO - Setting next_dagrun for consume_1_or_2_with_dataset_expressions to None, run_after=None
[2025-12-17T11:32:05.500+0000] {logging_mixin.py:188} INFO - [2025-12-17T11:32:05.500+0000] {dag.py:3947} INFO - Setting next_dagrun for consume_1_or_both_2_and_3_with_dataset_expressions to None, run_after=None
[2025-12-17T11:32:05.501+0000] {logging_mixin.py:188} INFO - [2025-12-17T11:32:05.501+0000] {dag.py:3947} INFO - Setting next_dagrun for dataset_consumes_1 to None, run_after=None
[2025-12-17T11:32:05.501+0000] {logging_mixin.py:188} INFO - [2025-12-17T11:32:05.501+0000] {dag.py:3947} INFO - Setting next_dagrun for dataset_consumes_1_and_2 to None, run_after=None
[2025-12-17T11:32:05.502+0000] {logging_mixin.py:188} INFO - [2025-12-17T11:32:05.502+0000] {dag.py:3947} INFO - Setting next_dagrun for dataset_consumes_1_never_scheduled to None, run_after=None
[2025-12-17T11:32:05.502+0000] {logging_mixin.py:188} INFO - [2025-12-17T11:32:05.502+0000] {dag.py:3947} INFO - Setting next_dagrun for dataset_consumes_unknown_never_scheduled to None, run_after=None
[2025-12-17T11:32:05.503+0000] {logging_mixin.py:188} INFO - [2025-12-17T11:32:05.503+0000] {dag.py:3947} INFO - Setting next_dagrun for dataset_produces_1 to 2025-12-16 00:00:00+00:00, run_after=2025-12-17 00:00:00+00:00
[2025-12-17T11:32:05.503+0000] {logging_mixin.py:188} INFO - [2025-12-17T11:32:05.503+0000] {dag.py:3947} INFO - Setting next_dagrun for dataset_produces_2 to None, run_after=None
[2025-12-17T11:32:05.524+0000] {processor.py:183} INFO - Processing /home/airflow/.local/lib/python3.12/site-packages/airflow/example_dags/example_datasets.py took 0.076 seconds
[2025-12-17T12:33:35.115+0000] {processor.py:161} INFO - Started process (PID=42491) to work on /home/airflow/.local/lib/python3.12/site-packages/airflow/example_dags/example_datasets.py
[2025-12-17T12:33:35.116+0000] {processor.py:830} INFO - Processing file /home/airflow/.local/lib/python3.12/site-packages/airflow/example_dags/example_datasets.py for tasks to queue
[2025-12-17T12:33:35.116+0000] {logging_mixin.py:188} INFO - [2025-12-17T12:33:35.116+0000] {dagbag.py:545} INFO - Filling up the DagBag from /home/airflow/.local/lib/python3.12/site-packages/airflow/example_dags/example_datasets.py
[2025-12-17T12:33:35.123+0000] {processor.py:840} INFO - DAG(s) 'dataset_consumes_1_never_scheduled', 'conditional_dataset_and_time_based_timetable', 'consume_1_and_2_with_dataset_expressions', 'dataset_produces_1', 'dataset_produces_2', 'consume_1_or_both_2_and_3_with_dataset_expressions', 'dataset_consumes_unknown_never_scheduled', 'consume_1_or_2_with_dataset_expressions', 'dataset_consumes_1_and_2', 'dataset_consumes_1' retrieved from /home/airflow/.local/lib/python3.12/site-packages/airflow/example_dags/example_datasets.py
[2025-12-17T12:33:35.142+0000] {logging_mixin.py:188} INFO - [2025-12-17T12:33:35.142+0000] {dag.py:3089} INFO - Sync 10 DAGs
[2025-12-17T12:33:35.152+0000] {logging_mixin.py:188} INFO - [2025-12-17T12:33:35.152+0000] {dag.py:3947} INFO - Setting next_dagrun for conditional_dataset_and_time_based_timetable to 2025-12-17 01:00:00+00:00, run_after=2025-12-17 01:00:00+00:00
[2025-12-17T12:33:35.154+0000] {logging_mixin.py:188} INFO - [2025-12-17T12:33:35.154+0000] {dag.py:3947} INFO - Setting next_dagrun for consume_1_and_2_with_dataset_expressions to None, run_after=None
[2025-12-17T12:33:35.154+0000] {logging_mixin.py:188} INFO - [2025-12-17T12:33:35.154+0000] {dag.py:3947} INFO - Setting next_dagrun for consume_1_or_2_with_dataset_expressions to None, run_after=None
[2025-12-17T12:33:35.155+0000] {logging_mixin.py:188} INFO - [2025-12-17T12:33:35.155+0000] {dag.py:3947} INFO - Setting next_dagrun for consume_1_or_both_2_and_3_with_dataset_expressions to None, run_after=None
[2025-12-17T12:33:35.155+0000] {logging_mixin.py:188} INFO - [2025-12-17T12:33:35.155+0000] {dag.py:3947} INFO - Setting next_dagrun for dataset_consumes_1 to None, run_after=None
[2025-12-17T12:33:35.156+0000] {logging_mixin.py:188} INFO - [2025-12-17T12:33:35.156+0000] {dag.py:3947} INFO - Setting next_dagrun for dataset_consumes_1_and_2 to None, run_after=None
[2025-12-17T12:33:35.156+0000] {logging_mixin.py:188} INFO - [2025-12-17T12:33:35.156+0000] {dag.py:3947} INFO - Setting next_dagrun for dataset_consumes_1_never_scheduled to None, run_after=None
[2025-12-17T12:33:35.157+0000] {logging_mixin.py:188} INFO - [2025-12-17T12:33:35.157+0000] {dag.py:3947} INFO - Setting next_dagrun for dataset_consumes_unknown_never_scheduled to None, run_after=None
[2025-12-17T12:33:35.157+0000] {logging_mixin.py:188} INFO - [2025-12-17T12:33:35.157+0000] {dag.py:3947} INFO - Setting next_dagrun for dataset_produces_1 to 2025-12-16 00:00:00+00:00, run_after=2025-12-17 00:00:00+00:00
[2025-12-17T12:33:35.158+0000] {logging_mixin.py:188} INFO - [2025-12-17T12:33:35.158+0000] {dag.py:3947} INFO - Setting next_dagrun for dataset_produces_2 to None, run_after=None
[2025-12-17T12:33:35.170+0000] {processor.py:183} INFO - Processing /home/airflow/.local/lib/python3.12/site-packages/airflow/example_dags/example_datasets.py took 0.058 seconds
[2025-12-17T13:42:10.040+0000] {processor.py:161} INFO - Started process (PID=42550) to work on /home/airflow/.local/lib/python3.12/site-packages/airflow/example_dags/example_datasets.py
[2025-12-17T13:42:10.041+0000] {processor.py:830} INFO - Processing file /home/airflow/.local/lib/python3.12/site-packages/airflow/example_dags/example_datasets.py for tasks to queue
[2025-12-17T13:42:10.042+0000] {logging_mixin.py:188} INFO - [2025-12-17T13:42:10.041+0000] {dagbag.py:545} INFO - Filling up the DagBag from /home/airflow/.local/lib/python3.12/site-packages/airflow/example_dags/example_datasets.py
[2025-12-17T13:42:10.050+0000] {processor.py:840} INFO - DAG(s) 'consume_1_or_2_with_dataset_expressions', 'consume_1_and_2_with_dataset_expressions', 'dataset_consumes_unknown_never_scheduled', 'dataset_produces_2', 'conditional_dataset_and_time_based_timetable', 'dataset_consumes_1_never_scheduled', 'dataset_produces_1', 'dataset_consumes_1', 'dataset_consumes_1_and_2', 'consume_1_or_both_2_and_3_with_dataset_expressions' retrieved from /home/airflow/.local/lib/python3.12/site-packages/airflow/example_dags/example_datasets.py
[2025-12-17T13:42:10.070+0000] {logging_mixin.py:188} INFO - [2025-12-17T13:42:10.070+0000] {dag.py:3089} INFO - Sync 10 DAGs
[2025-12-17T13:42:10.081+0000] {logging_mixin.py:188} INFO - [2025-12-17T13:42:10.081+0000] {dag.py:3947} INFO - Setting next_dagrun for conditional_dataset_and_time_based_timetable to 2025-12-17 01:00:00+00:00, run_after=2025-12-17 01:00:00+00:00
[2025-12-17T13:42:10.085+0000] {logging_mixin.py:188} INFO - [2025-12-17T13:42:10.084+0000] {dag.py:3947} INFO - Setting next_dagrun for consume_1_and_2_with_dataset_expressions to None, run_after=None
[2025-12-17T13:42:10.087+0000] {logging_mixin.py:188} INFO - [2025-12-17T13:42:10.086+0000] {dag.py:3947} INFO - Setting next_dagrun for consume_1_or_2_with_dataset_expressions to None, run_after=None
[2025-12-17T13:42:10.088+0000] {logging_mixin.py:188} INFO - [2025-12-17T13:42:10.087+0000] {dag.py:3947} INFO - Setting next_dagrun for consume_1_or_both_2_and_3_with_dataset_expressions to None, run_after=None
[2025-12-17T13:42:10.088+0000] {logging_mixin.py:188} INFO - [2025-12-17T13:42:10.088+0000] {dag.py:3947} INFO - Setting next_dagrun for dataset_consumes_1 to None, run_after=None
[2025-12-17T13:42:10.089+0000] {logging_mixin.py:188} INFO - [2025-12-17T13:42:10.089+0000] {dag.py:3947} INFO - Setting next_dagrun for dataset_consumes_1_and_2 to None, run_after=None
[2025-12-17T13:42:10.089+0000] {logging_mixin.py:188} INFO - [2025-12-17T13:42:10.089+0000] {dag.py:3947} INFO - Setting next_dagrun for dataset_consumes_1_never_scheduled to None, run_after=None
[2025-12-17T13:42:10.090+0000] {logging_mixin.py:188} INFO - [2025-12-17T13:42:10.090+0000] {dag.py:3947} INFO - Setting next_dagrun for dataset_consumes_unknown_never_scheduled to None, run_after=None
[2025-12-17T13:42:10.090+0000] {logging_mixin.py:188} INFO - [2025-12-17T13:42:10.090+0000] {dag.py:3947} INFO - Setting next_dagrun for dataset_produces_1 to 2025-12-16 00:00:00+00:00, run_after=2025-12-17 00:00:00+00:00
[2025-12-17T13:42:10.091+0000] {logging_mixin.py:188} INFO - [2025-12-17T13:42:10.091+0000] {dag.py:3947} INFO - Setting next_dagrun for dataset_produces_2 to None, run_after=None
[2025-12-17T13:42:10.106+0000] {processor.py:183} INFO - Processing /home/airflow/.local/lib/python3.12/site-packages/airflow/example_dags/example_datasets.py took 0.069 seconds
[2025-12-17T14:56:28.189+0000] {processor.py:161} INFO - Started process (PID=42609) to work on /home/airflow/.local/lib/python3.12/site-packages/airflow/example_dags/example_datasets.py
[2025-12-17T14:56:28.193+0000] {processor.py:830} INFO - Processing file /home/airflow/.local/lib/python3.12/site-packages/airflow/example_dags/example_datasets.py for tasks to queue
[2025-12-17T14:56:28.193+0000] {logging_mixin.py:188} INFO - [2025-12-17T14:56:28.193+0000] {dagbag.py:545} INFO - Filling up the DagBag from /home/airflow/.local/lib/python3.12/site-packages/airflow/example_dags/example_datasets.py
[2025-12-17T14:56:28.202+0000] {processor.py:840} INFO - DAG(s) 'consume_1_or_both_2_and_3_with_dataset_expressions', 'dataset_consumes_1', 'conditional_dataset_and_time_based_timetable', 'dataset_consumes_unknown_never_scheduled', 'consume_1_or_2_with_dataset_expressions', 'dataset_produces_2', 'consume_1_and_2_with_dataset_expressions', 'dataset_produces_1', 'dataset_consumes_1_never_scheduled', 'dataset_consumes_1_and_2' retrieved from /home/airflow/.local/lib/python3.12/site-packages/airflow/example_dags/example_datasets.py
[2025-12-17T14:56:28.223+0000] {logging_mixin.py:188} INFO - [2025-12-17T14:56:28.223+0000] {dag.py:3089} INFO - Sync 10 DAGs
[2025-12-17T14:56:28.233+0000] {logging_mixin.py:188} INFO - [2025-12-17T14:56:28.233+0000] {dag.py:3947} INFO - Setting next_dagrun for conditional_dataset_and_time_based_timetable to 2025-12-17 01:00:00+00:00, run_after=2025-12-17 01:00:00+00:00
[2025-12-17T14:56:28.236+0000] {logging_mixin.py:188} INFO - [2025-12-17T14:56:28.236+0000] {dag.py:3947} INFO - Setting next_dagrun for consume_1_and_2_with_dataset_expressions to None, run_after=None
[2025-12-17T14:56:28.238+0000] {logging_mixin.py:188} INFO - [2025-12-17T14:56:28.238+0000] {dag.py:3947} INFO - Setting next_dagrun for consume_1_or_2_with_dataset_expressions to None, run_after=None
[2025-12-17T14:56:28.238+0000] {logging_mixin.py:188} INFO - [2025-12-17T14:56:28.238+0000] {dag.py:3947} INFO - Setting next_dagrun for consume_1_or_both_2_and_3_with_dataset_expressions to None, run_after=None
[2025-12-17T14:56:28.239+0000] {logging_mixin.py:188} INFO - [2025-12-17T14:56:28.239+0000] {dag.py:3947} INFO - Setting next_dagrun for dataset_consumes_1 to None, run_after=None
[2025-12-17T14:56:28.239+0000] {logging_mixin.py:188} INFO - [2025-12-17T14:56:28.239+0000] {dag.py:3947} INFO - Setting next_dagrun for dataset_consumes_1_and_2 to None, run_after=None
[2025-12-17T14:56:28.241+0000] {logging_mixin.py:188} INFO - [2025-12-17T14:56:28.241+0000] {dag.py:3947} INFO - Setting next_dagrun for dataset_consumes_1_never_scheduled to None, run_after=None
[2025-12-17T14:56:28.241+0000] {logging_mixin.py:188} INFO - [2025-12-17T14:56:28.241+0000] {dag.py:3947} INFO - Setting next_dagrun for dataset_consumes_unknown_never_scheduled to None, run_after=None
[2025-12-17T14:56:28.242+0000] {logging_mixin.py:188} INFO - [2025-12-17T14:56:28.242+0000] {dag.py:3947} INFO - Setting next_dagrun for dataset_produces_1 to 2025-12-16 00:00:00+00:00, run_after=2025-12-17 00:00:00+00:00
[2025-12-17T14:56:28.243+0000] {logging_mixin.py:188} INFO - [2025-12-17T14:56:28.243+0000] {dag.py:3947} INFO - Setting next_dagrun for dataset_produces_2 to None, run_after=None
[2025-12-17T14:56:28.265+0000] {processor.py:183} INFO - Processing /home/airflow/.local/lib/python3.12/site-packages/airflow/example_dags/example_datasets.py took 0.079 seconds
[2025-12-17T16:05:46.699+0000] {processor.py:161} INFO - Started process (PID=42668) to work on /home/airflow/.local/lib/python3.12/site-packages/airflow/example_dags/example_datasets.py
[2025-12-17T16:05:46.700+0000] {processor.py:830} INFO - Processing file /home/airflow/.local/lib/python3.12/site-packages/airflow/example_dags/example_datasets.py for tasks to queue
[2025-12-17T16:05:46.700+0000] {logging_mixin.py:188} INFO - [2025-12-17T16:05:46.700+0000] {dagbag.py:545} INFO - Filling up the DagBag from /home/airflow/.local/lib/python3.12/site-packages/airflow/example_dags/example_datasets.py
[2025-12-17T16:05:46.710+0000] {processor.py:840} INFO - DAG(s) 'conditional_dataset_and_time_based_timetable', 'dataset_consumes_1_never_scheduled', 'dataset_consumes_1_and_2', 'consume_1_or_both_2_and_3_with_dataset_expressions', 'dataset_produces_1', 'consume_1_or_2_with_dataset_expressions', 'consume_1_and_2_with_dataset_expressions', 'dataset_consumes_1', 'dataset_consumes_unknown_never_scheduled', 'dataset_produces_2' retrieved from /home/airflow/.local/lib/python3.12/site-packages/airflow/example_dags/example_datasets.py
[2025-12-17T16:05:46.743+0000] {logging_mixin.py:188} INFO - [2025-12-17T16:05:46.742+0000] {dag.py:3089} INFO - Sync 10 DAGs
[2025-12-17T16:05:46.756+0000] {logging_mixin.py:188} INFO - [2025-12-17T16:05:46.756+0000] {dag.py:3947} INFO - Setting next_dagrun for conditional_dataset_and_time_based_timetable to 2025-12-17 01:00:00+00:00, run_after=2025-12-17 01:00:00+00:00
[2025-12-17T16:05:46.758+0000] {logging_mixin.py:188} INFO - [2025-12-17T16:05:46.758+0000] {dag.py:3947} INFO - Setting next_dagrun for consume_1_and_2_with_dataset_expressions to None, run_after=None
[2025-12-17T16:05:46.759+0000] {logging_mixin.py:188} INFO - [2025-12-17T16:05:46.759+0000] {dag.py:3947} INFO - Setting next_dagrun for consume_1_or_2_with_dataset_expressions to None, run_after=None
[2025-12-17T16:05:46.759+0000] {logging_mixin.py:188} INFO - [2025-12-17T16:05:46.759+0000] {dag.py:3947} INFO - Setting next_dagrun for consume_1_or_both_2_and_3_with_dataset_expressions to None, run_after=None
[2025-12-17T16:05:46.760+0000] {logging_mixin.py:188} INFO - [2025-12-17T16:05:46.760+0000] {dag.py:3947} INFO - Setting next_dagrun for dataset_consumes_1 to None, run_after=None
[2025-12-17T16:05:46.760+0000] {logging_mixin.py:188} INFO - [2025-12-17T16:05:46.760+0000] {dag.py:3947} INFO - Setting next_dagrun for dataset_consumes_1_and_2 to None, run_after=None
[2025-12-17T16:05:46.761+0000] {logging_mixin.py:188} INFO - [2025-12-17T16:05:46.761+0000] {dag.py:3947} INFO - Setting next_dagrun for dataset_consumes_1_never_scheduled to None, run_after=None
[2025-12-17T16:05:46.762+0000] {logging_mixin.py:188} INFO - [2025-12-17T16:05:46.762+0000] {dag.py:3947} INFO - Setting next_dagrun for dataset_consumes_unknown_never_scheduled to None, run_after=None
[2025-12-17T16:05:46.765+0000] {logging_mixin.py:188} INFO - [2025-12-17T16:05:46.765+0000] {dag.py:3947} INFO - Setting next_dagrun for dataset_produces_1 to 2025-12-16 00:00:00+00:00, run_after=2025-12-17 00:00:00+00:00
[2025-12-17T16:05:46.766+0000] {logging_mixin.py:188} INFO - [2025-12-17T16:05:46.766+0000] {dag.py:3947} INFO - Setting next_dagrun for dataset_produces_2 to None, run_after=None
[2025-12-17T16:05:46.787+0000] {processor.py:183} INFO - Processing /home/airflow/.local/lib/python3.12/site-packages/airflow/example_dags/example_datasets.py took 0.091 seconds
[2025-12-17T17:20:38.204+0000] {processor.py:161} INFO - Started process (PID=42727) to work on /home/airflow/.local/lib/python3.12/site-packages/airflow/example_dags/example_datasets.py
[2025-12-17T17:20:38.205+0000] {processor.py:830} INFO - Processing file /home/airflow/.local/lib/python3.12/site-packages/airflow/example_dags/example_datasets.py for tasks to queue
[2025-12-17T17:20:38.205+0000] {logging_mixin.py:188} INFO - [2025-12-17T17:20:38.205+0000] {dagbag.py:545} INFO - Filling up the DagBag from /home/airflow/.local/lib/python3.12/site-packages/airflow/example_dags/example_datasets.py
[2025-12-17T17:20:38.215+0000] {processor.py:840} INFO - DAG(s) 'conditional_dataset_and_time_based_timetable', 'consume_1_and_2_with_dataset_expressions', 'dataset_produces_1', 'consume_1_or_both_2_and_3_with_dataset_expressions', 'consume_1_or_2_with_dataset_expressions', 'dataset_consumes_1_never_scheduled', 'dataset_consumes_1', 'dataset_produces_2', 'dataset_consumes_1_and_2', 'dataset_consumes_unknown_never_scheduled' retrieved from /home/airflow/.local/lib/python3.12/site-packages/airflow/example_dags/example_datasets.py
[2025-12-17T17:20:38.234+0000] {logging_mixin.py:188} INFO - [2025-12-17T17:20:38.234+0000] {dag.py:3089} INFO - Sync 10 DAGs
[2025-12-17T17:20:38.243+0000] {logging_mixin.py:188} INFO - [2025-12-17T17:20:38.243+0000] {dag.py:3947} INFO - Setting next_dagrun for conditional_dataset_and_time_based_timetable to 2025-12-17 01:00:00+00:00, run_after=2025-12-17 01:00:00+00:00
[2025-12-17T17:20:38.245+0000] {logging_mixin.py:188} INFO - [2025-12-17T17:20:38.245+0000] {dag.py:3947} INFO - Setting next_dagrun for consume_1_and_2_with_dataset_expressions to None, run_after=None
[2025-12-17T17:20:38.245+0000] {logging_mixin.py:188} INFO - [2025-12-17T17:20:38.245+0000] {dag.py:3947} INFO - Setting next_dagrun for consume_1_or_2_with_dataset_expressions to None, run_after=None
[2025-12-17T17:20:38.246+0000] {logging_mixin.py:188} INFO - [2025-12-17T17:20:38.246+0000] {dag.py:3947} INFO - Setting next_dagrun for consume_1_or_both_2_and_3_with_dataset_expressions to None, run_after=None
[2025-12-17T17:20:38.246+0000] {logging_mixin.py:188} INFO - [2025-12-17T17:20:38.246+0000] {dag.py:3947} INFO - Setting next_dagrun for dataset_consumes_1 to None, run_after=None
[2025-12-17T17:20:38.247+0000] {logging_mixin.py:188} INFO - [2025-12-17T17:20:38.246+0000] {dag.py:3947} INFO - Setting next_dagrun for dataset_consumes_1_and_2 to None, run_after=None
[2025-12-17T17:20:38.247+0000] {logging_mixin.py:188} INFO - [2025-12-17T17:20:38.247+0000] {dag.py:3947} INFO - Setting next_dagrun for dataset_consumes_1_never_scheduled to None, run_after=None
[2025-12-17T17:20:38.247+0000] {logging_mixin.py:188} INFO - [2025-12-17T17:20:38.247+0000] {dag.py:3947} INFO - Setting next_dagrun for dataset_consumes_unknown_never_scheduled to None, run_after=None
[2025-12-17T17:20:38.248+0000] {logging_mixin.py:188} INFO - [2025-12-17T17:20:38.248+0000] {dag.py:3947} INFO - Setting next_dagrun for dataset_produces_1 to 2025-12-16 00:00:00+00:00, run_after=2025-12-17 00:00:00+00:00
[2025-12-17T17:20:38.248+0000] {logging_mixin.py:188} INFO - [2025-12-17T17:20:38.248+0000] {dag.py:3947} INFO - Setting next_dagrun for dataset_produces_2 to None, run_after=None
[2025-12-17T17:20:38.260+0000] {processor.py:183} INFO - Processing /home/airflow/.local/lib/python3.12/site-packages/airflow/example_dags/example_datasets.py took 0.059 seconds
[2025-12-17T18:07:07.502+0000] {processor.py:161} INFO - Started process (PID=42786) to work on /home/airflow/.local/lib/python3.12/site-packages/airflow/example_dags/example_datasets.py
[2025-12-17T18:07:07.503+0000] {processor.py:830} INFO - Processing file /home/airflow/.local/lib/python3.12/site-packages/airflow/example_dags/example_datasets.py for tasks to queue
[2025-12-17T18:07:07.504+0000] {logging_mixin.py:188} INFO - [2025-12-17T18:07:07.504+0000] {dagbag.py:545} INFO - Filling up the DagBag from /home/airflow/.local/lib/python3.12/site-packages/airflow/example_dags/example_datasets.py
[2025-12-17T18:07:07.511+0000] {processor.py:840} INFO - DAG(s) 'dataset_consumes_unknown_never_scheduled', 'consume_1_or_both_2_and_3_with_dataset_expressions', 'conditional_dataset_and_time_based_timetable', 'dataset_consumes_1', 'dataset_consumes_1_and_2', 'dataset_produces_1', 'consume_1_and_2_with_dataset_expressions', 'dataset_produces_2', 'consume_1_or_2_with_dataset_expressions', 'dataset_consumes_1_never_scheduled' retrieved from /home/airflow/.local/lib/python3.12/site-packages/airflow/example_dags/example_datasets.py
[2025-12-17T18:07:07.535+0000] {logging_mixin.py:188} INFO - [2025-12-17T18:07:07.535+0000] {dag.py:3089} INFO - Sync 10 DAGs
[2025-12-17T18:07:07.547+0000] {logging_mixin.py:188} INFO - [2025-12-17T18:07:07.547+0000] {dag.py:3947} INFO - Setting next_dagrun for conditional_dataset_and_time_based_timetable to 2025-12-17 01:00:00+00:00, run_after=2025-12-17 01:00:00+00:00
[2025-12-17T18:07:07.549+0000] {logging_mixin.py:188} INFO - [2025-12-17T18:07:07.549+0000] {dag.py:3947} INFO - Setting next_dagrun for consume_1_and_2_with_dataset_expressions to None, run_after=None
[2025-12-17T18:07:07.550+0000] {logging_mixin.py:188} INFO - [2025-12-17T18:07:07.550+0000] {dag.py:3947} INFO - Setting next_dagrun for consume_1_or_2_with_dataset_expressions to None, run_after=None
[2025-12-17T18:07:07.552+0000] {logging_mixin.py:188} INFO - [2025-12-17T18:07:07.552+0000] {dag.py:3947} INFO - Setting next_dagrun for consume_1_or_both_2_and_3_with_dataset_expressions to None, run_after=None
[2025-12-17T18:07:07.552+0000] {logging_mixin.py:188} INFO - [2025-12-17T18:07:07.552+0000] {dag.py:3947} INFO - Setting next_dagrun for dataset_consumes_1 to None, run_after=None
[2025-12-17T18:07:07.553+0000] {logging_mixin.py:188} INFO - [2025-12-17T18:07:07.553+0000] {dag.py:3947} INFO - Setting next_dagrun for dataset_consumes_1_and_2 to None, run_after=None
[2025-12-17T18:07:07.553+0000] {logging_mixin.py:188} INFO - [2025-12-17T18:07:07.553+0000] {dag.py:3947} INFO - Setting next_dagrun for dataset_consumes_1_never_scheduled to None, run_after=None
[2025-12-17T18:07:07.554+0000] {logging_mixin.py:188} INFO - [2025-12-17T18:07:07.554+0000] {dag.py:3947} INFO - Setting next_dagrun for dataset_consumes_unknown_never_scheduled to None, run_after=None
[2025-12-17T18:07:07.554+0000] {logging_mixin.py:188} INFO - [2025-12-17T18:07:07.554+0000] {dag.py:3947} INFO - Setting next_dagrun for dataset_produces_1 to 2025-12-16 00:00:00+00:00, run_after=2025-12-17 00:00:00+00:00
[2025-12-17T18:07:07.555+0000] {logging_mixin.py:188} INFO - [2025-12-17T18:07:07.555+0000] {dag.py:3947} INFO - Setting next_dagrun for dataset_produces_2 to None, run_after=None
[2025-12-17T18:07:07.578+0000] {processor.py:183} INFO - Processing /home/airflow/.local/lib/python3.12/site-packages/airflow/example_dags/example_datasets.py took 0.079 seconds
[2025-12-17T18:26:58.159+0000] {processor.py:161} INFO - Started process (PID=42845) to work on /home/airflow/.local/lib/python3.12/site-packages/airflow/example_dags/example_datasets.py
[2025-12-17T18:26:58.160+0000] {processor.py:830} INFO - Processing file /home/airflow/.local/lib/python3.12/site-packages/airflow/example_dags/example_datasets.py for tasks to queue
[2025-12-17T18:26:58.160+0000] {logging_mixin.py:188} INFO - [2025-12-17T18:26:58.160+0000] {dagbag.py:545} INFO - Filling up the DagBag from /home/airflow/.local/lib/python3.12/site-packages/airflow/example_dags/example_datasets.py
[2025-12-17T18:26:58.169+0000] {processor.py:840} INFO - DAG(s) 'consume_1_or_2_with_dataset_expressions', 'consume_1_and_2_with_dataset_expressions', 'dataset_consumes_1_never_scheduled', 'consume_1_or_both_2_and_3_with_dataset_expressions', 'conditional_dataset_and_time_based_timetable', 'dataset_consumes_1_and_2', 'dataset_produces_2', 'dataset_produces_1', 'dataset_consumes_1', 'dataset_consumes_unknown_never_scheduled' retrieved from /home/airflow/.local/lib/python3.12/site-packages/airflow/example_dags/example_datasets.py
[2025-12-17T18:26:58.186+0000] {logging_mixin.py:188} INFO - [2025-12-17T18:26:58.186+0000] {dag.py:3089} INFO - Sync 10 DAGs
[2025-12-17T18:26:58.195+0000] {logging_mixin.py:188} INFO - [2025-12-17T18:26:58.195+0000] {dag.py:3947} INFO - Setting next_dagrun for conditional_dataset_and_time_based_timetable to 2025-12-17 01:00:00+00:00, run_after=2025-12-17 01:00:00+00:00
[2025-12-17T18:26:58.196+0000] {logging_mixin.py:188} INFO - [2025-12-17T18:26:58.196+0000] {dag.py:3947} INFO - Setting next_dagrun for consume_1_and_2_with_dataset_expressions to None, run_after=None
[2025-12-17T18:26:58.197+0000] {logging_mixin.py:188} INFO - [2025-12-17T18:26:58.197+0000] {dag.py:3947} INFO - Setting next_dagrun for consume_1_or_2_with_dataset_expressions to None, run_after=None
[2025-12-17T18:26:58.197+0000] {logging_mixin.py:188} INFO - [2025-12-17T18:26:58.197+0000] {dag.py:3947} INFO - Setting next_dagrun for consume_1_or_both_2_and_3_with_dataset_expressions to None, run_after=None
[2025-12-17T18:26:58.198+0000] {logging_mixin.py:188} INFO - [2025-12-17T18:26:58.198+0000] {dag.py:3947} INFO - Setting next_dagrun for dataset_consumes_1 to None, run_after=None
[2025-12-17T18:26:58.198+0000] {logging_mixin.py:188} INFO - [2025-12-17T18:26:58.198+0000] {dag.py:3947} INFO - Setting next_dagrun for dataset_consumes_1_and_2 to None, run_after=None
[2025-12-17T18:26:58.199+0000] {logging_mixin.py:188} INFO - [2025-12-17T18:26:58.198+0000] {dag.py:3947} INFO - Setting next_dagrun for dataset_consumes_1_never_scheduled to None, run_after=None
[2025-12-17T18:26:58.199+0000] {logging_mixin.py:188} INFO - [2025-12-17T18:26:58.199+0000] {dag.py:3947} INFO - Setting next_dagrun for dataset_consumes_unknown_never_scheduled to None, run_after=None
[2025-12-17T18:26:58.200+0000] {logging_mixin.py:188} INFO - [2025-12-17T18:26:58.200+0000] {dag.py:3947} INFO - Setting next_dagrun for dataset_produces_1 to 2025-12-16 00:00:00+00:00, run_after=2025-12-17 00:00:00+00:00
[2025-12-17T18:26:58.200+0000] {logging_mixin.py:188} INFO - [2025-12-17T18:26:58.200+0000] {dag.py:3947} INFO - Setting next_dagrun for dataset_produces_2 to None, run_after=None
[2025-12-17T18:26:58.211+0000] {processor.py:183} INFO - Processing /home/airflow/.local/lib/python3.12/site-packages/airflow/example_dags/example_datasets.py took 0.055 seconds
[2025-12-17T19:41:42.750+0000] {processor.py:161} INFO - Started process (PID=42904) to work on /home/airflow/.local/lib/python3.12/site-packages/airflow/example_dags/example_datasets.py
[2025-12-17T19:41:42.751+0000] {processor.py:830} INFO - Processing file /home/airflow/.local/lib/python3.12/site-packages/airflow/example_dags/example_datasets.py for tasks to queue
[2025-12-17T19:41:42.751+0000] {logging_mixin.py:188} INFO - [2025-12-17T19:41:42.751+0000] {dagbag.py:545} INFO - Filling up the DagBag from /home/airflow/.local/lib/python3.12/site-packages/airflow/example_dags/example_datasets.py
[2025-12-17T19:41:42.758+0000] {processor.py:840} INFO - DAG(s) 'dataset_consumes_1_never_scheduled', 'dataset_produces_1', 'dataset_consumes_1', 'consume_1_or_both_2_and_3_with_dataset_expressions', 'consume_1_or_2_with_dataset_expressions', 'dataset_produces_2', 'consume_1_and_2_with_dataset_expressions', 'conditional_dataset_and_time_based_timetable', 'dataset_consumes_1_and_2', 'dataset_consumes_unknown_never_scheduled' retrieved from /home/airflow/.local/lib/python3.12/site-packages/airflow/example_dags/example_datasets.py
[2025-12-17T19:41:42.777+0000] {logging_mixin.py:188} INFO - [2025-12-17T19:41:42.777+0000] {dag.py:3089} INFO - Sync 10 DAGs
[2025-12-17T19:41:42.787+0000] {logging_mixin.py:188} INFO - [2025-12-17T19:41:42.787+0000] {dag.py:3947} INFO - Setting next_dagrun for conditional_dataset_and_time_based_timetable to 2025-12-17 01:00:00+00:00, run_after=2025-12-17 01:00:00+00:00
[2025-12-17T19:41:42.788+0000] {logging_mixin.py:188} INFO - [2025-12-17T19:41:42.788+0000] {dag.py:3947} INFO - Setting next_dagrun for consume_1_and_2_with_dataset_expressions to None, run_after=None
[2025-12-17T19:41:42.789+0000] {logging_mixin.py:188} INFO - [2025-12-17T19:41:42.789+0000] {dag.py:3947} INFO - Setting next_dagrun for consume_1_or_2_with_dataset_expressions to None, run_after=None
[2025-12-17T19:41:42.789+0000] {logging_mixin.py:188} INFO - [2025-12-17T19:41:42.789+0000] {dag.py:3947} INFO - Setting next_dagrun for consume_1_or_both_2_and_3_with_dataset_expressions to None, run_after=None
[2025-12-17T19:41:42.790+0000] {logging_mixin.py:188} INFO - [2025-12-17T19:41:42.790+0000] {dag.py:3947} INFO - Setting next_dagrun for dataset_consumes_1 to None, run_after=None
[2025-12-17T19:41:42.790+0000] {logging_mixin.py:188} INFO - [2025-12-17T19:41:42.790+0000] {dag.py:3947} INFO - Setting next_dagrun for dataset_consumes_1_and_2 to None, run_after=None
[2025-12-17T19:41:42.791+0000] {logging_mixin.py:188} INFO - [2025-12-17T19:41:42.791+0000] {dag.py:3947} INFO - Setting next_dagrun for dataset_consumes_1_never_scheduled to None, run_after=None
[2025-12-17T19:41:42.791+0000] {logging_mixin.py:188} INFO - [2025-12-17T19:41:42.791+0000] {dag.py:3947} INFO - Setting next_dagrun for dataset_consumes_unknown_never_scheduled to None, run_after=None
[2025-12-17T19:41:42.792+0000] {logging_mixin.py:188} INFO - [2025-12-17T19:41:42.792+0000] {dag.py:3947} INFO - Setting next_dagrun for dataset_produces_1 to 2025-12-16 00:00:00+00:00, run_after=2025-12-17 00:00:00+00:00
[2025-12-17T19:41:42.792+0000] {logging_mixin.py:188} INFO - [2025-12-17T19:41:42.792+0000] {dag.py:3947} INFO - Setting next_dagrun for dataset_produces_2 to None, run_after=None
[2025-12-17T19:41:42.804+0000] {processor.py:183} INFO - Processing /home/airflow/.local/lib/python3.12/site-packages/airflow/example_dags/example_datasets.py took 0.057 seconds
[2025-12-17T21:17:14.643+0000] {processor.py:161} INFO - Started process (PID=42963) to work on /home/airflow/.local/lib/python3.12/site-packages/airflow/example_dags/example_datasets.py
[2025-12-17T21:17:14.645+0000] {processor.py:830} INFO - Processing file /home/airflow/.local/lib/python3.12/site-packages/airflow/example_dags/example_datasets.py for tasks to queue
[2025-12-17T21:17:14.645+0000] {logging_mixin.py:188} INFO - [2025-12-17T21:17:14.645+0000] {dagbag.py:545} INFO - Filling up the DagBag from /home/airflow/.local/lib/python3.12/site-packages/airflow/example_dags/example_datasets.py
[2025-12-17T21:17:14.652+0000] {processor.py:840} INFO - DAG(s) 'dataset_consumes_1_and_2', 'consume_1_and_2_with_dataset_expressions', 'dataset_produces_2', 'dataset_consumes_1_never_scheduled', 'conditional_dataset_and_time_based_timetable', 'consume_1_or_both_2_and_3_with_dataset_expressions', 'dataset_consumes_unknown_never_scheduled', 'consume_1_or_2_with_dataset_expressions', 'dataset_produces_1', 'dataset_consumes_1' retrieved from /home/airflow/.local/lib/python3.12/site-packages/airflow/example_dags/example_datasets.py
[2025-12-17T21:17:14.671+0000] {logging_mixin.py:188} INFO - [2025-12-17T21:17:14.671+0000] {dag.py:3089} INFO - Sync 10 DAGs
[2025-12-17T21:17:14.681+0000] {logging_mixin.py:188} INFO - [2025-12-17T21:17:14.681+0000] {dag.py:3947} INFO - Setting next_dagrun for conditional_dataset_and_time_based_timetable to 2025-12-17 01:00:00+00:00, run_after=2025-12-17 01:00:00+00:00
[2025-12-17T21:17:14.686+0000] {logging_mixin.py:188} INFO - [2025-12-17T21:17:14.686+0000] {dag.py:3947} INFO - Setting next_dagrun for consume_1_and_2_with_dataset_expressions to None, run_after=None
[2025-12-17T21:17:14.687+0000] {logging_mixin.py:188} INFO - [2025-12-17T21:17:14.687+0000] {dag.py:3947} INFO - Setting next_dagrun for consume_1_or_2_with_dataset_expressions to None, run_after=None
[2025-12-17T21:17:14.689+0000] {logging_mixin.py:188} INFO - [2025-12-17T21:17:14.689+0000] {dag.py:3947} INFO - Setting next_dagrun for consume_1_or_both_2_and_3_with_dataset_expressions to None, run_after=None
[2025-12-17T21:17:14.689+0000] {logging_mixin.py:188} INFO - [2025-12-17T21:17:14.689+0000] {dag.py:3947} INFO - Setting next_dagrun for dataset_consumes_1 to None, run_after=None
[2025-12-17T21:17:14.690+0000] {logging_mixin.py:188} INFO - [2025-12-17T21:17:14.690+0000] {dag.py:3947} INFO - Setting next_dagrun for dataset_consumes_1_and_2 to None, run_after=None
[2025-12-17T21:17:14.690+0000] {logging_mixin.py:188} INFO - [2025-12-17T21:17:14.690+0000] {dag.py:3947} INFO - Setting next_dagrun for dataset_consumes_1_never_scheduled to None, run_after=None
[2025-12-17T21:17:14.691+0000] {logging_mixin.py:188} INFO - [2025-12-17T21:17:14.691+0000] {dag.py:3947} INFO - Setting next_dagrun for dataset_consumes_unknown_never_scheduled to None, run_after=None
[2025-12-17T21:17:14.692+0000] {logging_mixin.py:188} INFO - [2025-12-17T21:17:14.692+0000] {dag.py:3947} INFO - Setting next_dagrun for dataset_produces_1 to 2025-12-16 00:00:00+00:00, run_after=2025-12-17 00:00:00+00:00
[2025-12-17T21:17:14.692+0000] {logging_mixin.py:188} INFO - [2025-12-17T21:17:14.692+0000] {dag.py:3947} INFO - Setting next_dagrun for dataset_produces_2 to None, run_after=None
[2025-12-17T21:17:14.705+0000] {processor.py:183} INFO - Processing /home/airflow/.local/lib/python3.12/site-packages/airflow/example_dags/example_datasets.py took 0.065 seconds
[2025-12-17T22:30:37.841+0000] {processor.py:161} INFO - Started process (PID=43022) to work on /home/airflow/.local/lib/python3.12/site-packages/airflow/example_dags/example_datasets.py
[2025-12-17T22:30:37.843+0000] {processor.py:830} INFO - Processing file /home/airflow/.local/lib/python3.12/site-packages/airflow/example_dags/example_datasets.py for tasks to queue
[2025-12-17T22:30:37.843+0000] {logging_mixin.py:188} INFO - [2025-12-17T22:30:37.843+0000] {dagbag.py:545} INFO - Filling up the DagBag from /home/airflow/.local/lib/python3.12/site-packages/airflow/example_dags/example_datasets.py
[2025-12-17T22:30:37.860+0000] {processor.py:840} INFO - DAG(s) 'consume_1_or_2_with_dataset_expressions', 'dataset_produces_2', 'dataset_consumes_unknown_never_scheduled', 'consume_1_or_both_2_and_3_with_dataset_expressions', 'dataset_consumes_1_and_2', 'dataset_consumes_1_never_scheduled', 'dataset_produces_1', 'dataset_consumes_1', 'consume_1_and_2_with_dataset_expressions', 'conditional_dataset_and_time_based_timetable' retrieved from /home/airflow/.local/lib/python3.12/site-packages/airflow/example_dags/example_datasets.py
[2025-12-17T22:30:37.888+0000] {logging_mixin.py:188} INFO - [2025-12-17T22:30:37.888+0000] {dag.py:3089} INFO - Sync 10 DAGs
[2025-12-17T22:30:37.901+0000] {logging_mixin.py:188} INFO - [2025-12-17T22:30:37.901+0000] {dag.py:3947} INFO - Setting next_dagrun for conditional_dataset_and_time_based_timetable to 2025-12-17 01:00:00+00:00, run_after=2025-12-17 01:00:00+00:00
[2025-12-17T22:30:37.904+0000] {logging_mixin.py:188} INFO - [2025-12-17T22:30:37.904+0000] {dag.py:3947} INFO - Setting next_dagrun for consume_1_and_2_with_dataset_expressions to None, run_after=None
[2025-12-17T22:30:37.905+0000] {logging_mixin.py:188} INFO - [2025-12-17T22:30:37.904+0000] {dag.py:3947} INFO - Setting next_dagrun for consume_1_or_2_with_dataset_expressions to None, run_after=None
[2025-12-17T22:30:37.905+0000] {logging_mixin.py:188} INFO - [2025-12-17T22:30:37.905+0000] {dag.py:3947} INFO - Setting next_dagrun for consume_1_or_both_2_and_3_with_dataset_expressions to None, run_after=None
[2025-12-17T22:30:37.906+0000] {logging_mixin.py:188} INFO - [2025-12-17T22:30:37.906+0000] {dag.py:3947} INFO - Setting next_dagrun for dataset_consumes_1 to None, run_after=None
[2025-12-17T22:30:37.906+0000] {logging_mixin.py:188} INFO - [2025-12-17T22:30:37.906+0000] {dag.py:3947} INFO - Setting next_dagrun for dataset_consumes_1_and_2 to None, run_after=None
[2025-12-17T22:30:37.908+0000] {logging_mixin.py:188} INFO - [2025-12-17T22:30:37.908+0000] {dag.py:3947} INFO - Setting next_dagrun for dataset_consumes_1_never_scheduled to None, run_after=None
[2025-12-17T22:30:37.909+0000] {logging_mixin.py:188} INFO - [2025-12-17T22:30:37.909+0000] {dag.py:3947} INFO - Setting next_dagrun for dataset_consumes_unknown_never_scheduled to None, run_after=None
[2025-12-17T22:30:37.913+0000] {logging_mixin.py:188} INFO - [2025-12-17T22:30:37.913+0000] {dag.py:3947} INFO - Setting next_dagrun for dataset_produces_1 to 2025-12-16 00:00:00+00:00, run_after=2025-12-17 00:00:00+00:00
[2025-12-17T22:30:37.914+0000] {logging_mixin.py:188} INFO - [2025-12-17T22:30:37.914+0000] {dag.py:3947} INFO - Setting next_dagrun for dataset_produces_2 to None, run_after=None
[2025-12-17T22:30:37.929+0000] {processor.py:183} INFO - Processing /home/airflow/.local/lib/python3.12/site-packages/airflow/example_dags/example_datasets.py took 0.092 seconds
