[2025-12-17T00:49:43.750+0000] {processor.py:161} INFO - Started process (PID=41698) to work on /home/airflow/.local/lib/python3.12/site-packages/airflow/example_dags/example_branch_datetime_operator.py
[2025-12-17T00:49:43.755+0000] {processor.py:830} INFO - Processing file /home/airflow/.local/lib/python3.12/site-packages/airflow/example_dags/example_branch_datetime_operator.py for tasks to queue
[2025-12-17T00:49:43.755+0000] {logging_mixin.py:188} INFO - [2025-12-17T00:49:43.755+0000] {dagbag.py:545} INFO - Filling up the DagBag from /home/airflow/.local/lib/python3.12/site-packages/airflow/example_dags/example_branch_datetime_operator.py
[2025-12-17T00:49:43.761+0000] {processor.py:840} INFO - DAG(s) 'example_branch_datetime_operator', 'example_branch_datetime_operator_2', 'example_branch_datetime_operator_3' retrieved from /home/airflow/.local/lib/python3.12/site-packages/airflow/example_dags/example_branch_datetime_operator.py
[2025-12-17T00:49:43.777+0000] {logging_mixin.py:188} INFO - [2025-12-17T00:49:43.777+0000] {dag.py:3089} INFO - Sync 3 DAGs
[2025-12-17T00:49:43.788+0000] {logging_mixin.py:188} INFO - [2025-12-17T00:49:43.788+0000] {dag.py:3947} INFO - Setting next_dagrun for example_branch_datetime_operator to 2025-12-16 00:00:00+00:00, run_after=2025-12-17 00:00:00+00:00
[2025-12-17T00:49:43.791+0000] {logging_mixin.py:188} INFO - [2025-12-17T00:49:43.790+0000] {dag.py:3947} INFO - Setting next_dagrun for example_branch_datetime_operator_2 to 2025-12-16 00:00:00+00:00, run_after=2025-12-17 00:00:00+00:00
[2025-12-17T00:49:43.791+0000] {logging_mixin.py:188} INFO - [2025-12-17T00:49:43.791+0000] {dag.py:3947} INFO - Setting next_dagrun for example_branch_datetime_operator_3 to 2025-12-16 00:00:00+00:00, run_after=2025-12-17 00:00:00+00:00
[2025-12-17T00:49:43.799+0000] {processor.py:183} INFO - Processing /home/airflow/.local/lib/python3.12/site-packages/airflow/example_dags/example_branch_datetime_operator.py took 0.060 seconds
[2025-12-17T01:13:19.353+0000] {processor.py:161} INFO - Started process (PID=41757) to work on /home/airflow/.local/lib/python3.12/site-packages/airflow/example_dags/example_branch_datetime_operator.py
[2025-12-17T01:13:19.354+0000] {processor.py:830} INFO - Processing file /home/airflow/.local/lib/python3.12/site-packages/airflow/example_dags/example_branch_datetime_operator.py for tasks to queue
[2025-12-17T01:13:19.354+0000] {logging_mixin.py:188} INFO - [2025-12-17T01:13:19.354+0000] {dagbag.py:545} INFO - Filling up the DagBag from /home/airflow/.local/lib/python3.12/site-packages/airflow/example_dags/example_branch_datetime_operator.py
[2025-12-17T01:13:19.358+0000] {processor.py:840} INFO - DAG(s) 'example_branch_datetime_operator', 'example_branch_datetime_operator_2', 'example_branch_datetime_operator_3' retrieved from /home/airflow/.local/lib/python3.12/site-packages/airflow/example_dags/example_branch_datetime_operator.py
[2025-12-17T01:13:19.373+0000] {logging_mixin.py:188} INFO - [2025-12-17T01:13:19.373+0000] {dag.py:3089} INFO - Sync 3 DAGs
[2025-12-17T01:13:19.383+0000] {logging_mixin.py:188} INFO - [2025-12-17T01:13:19.383+0000] {dag.py:3947} INFO - Setting next_dagrun for example_branch_datetime_operator to 2025-12-16 00:00:00+00:00, run_after=2025-12-17 00:00:00+00:00
[2025-12-17T01:13:19.386+0000] {logging_mixin.py:188} INFO - [2025-12-17T01:13:19.385+0000] {dag.py:3947} INFO - Setting next_dagrun for example_branch_datetime_operator_2 to 2025-12-16 00:00:00+00:00, run_after=2025-12-17 00:00:00+00:00
[2025-12-17T01:13:19.387+0000] {logging_mixin.py:188} INFO - [2025-12-17T01:13:19.386+0000] {dag.py:3947} INFO - Setting next_dagrun for example_branch_datetime_operator_3 to 2025-12-16 00:00:00+00:00, run_after=2025-12-17 00:00:00+00:00
[2025-12-17T01:13:19.479+0000] {processor.py:183} INFO - Processing /home/airflow/.local/lib/python3.12/site-packages/airflow/example_dags/example_branch_datetime_operator.py took 0.128 seconds
[2025-12-17T02:08:56.959+0000] {processor.py:161} INFO - Started process (PID=41816) to work on /home/airflow/.local/lib/python3.12/site-packages/airflow/example_dags/example_branch_datetime_operator.py
[2025-12-17T02:08:56.962+0000] {processor.py:830} INFO - Processing file /home/airflow/.local/lib/python3.12/site-packages/airflow/example_dags/example_branch_datetime_operator.py for tasks to queue
[2025-12-17T02:08:56.963+0000] {logging_mixin.py:188} INFO - [2025-12-17T02:08:56.963+0000] {dagbag.py:545} INFO - Filling up the DagBag from /home/airflow/.local/lib/python3.12/site-packages/airflow/example_dags/example_branch_datetime_operator.py
[2025-12-17T02:08:56.968+0000] {processor.py:840} INFO - DAG(s) 'example_branch_datetime_operator_3', 'example_branch_datetime_operator_2', 'example_branch_datetime_operator' retrieved from /home/airflow/.local/lib/python3.12/site-packages/airflow/example_dags/example_branch_datetime_operator.py
[2025-12-17T02:08:56.988+0000] {logging_mixin.py:188} INFO - [2025-12-17T02:08:56.988+0000] {dag.py:3089} INFO - Sync 3 DAGs
[2025-12-17T02:08:57.001+0000] {logging_mixin.py:188} INFO - [2025-12-17T02:08:57.001+0000] {dag.py:3947} INFO - Setting next_dagrun for example_branch_datetime_operator to 2025-12-16 00:00:00+00:00, run_after=2025-12-17 00:00:00+00:00
[2025-12-17T02:08:57.003+0000] {logging_mixin.py:188} INFO - [2025-12-17T02:08:57.003+0000] {dag.py:3947} INFO - Setting next_dagrun for example_branch_datetime_operator_2 to 2025-12-16 00:00:00+00:00, run_after=2025-12-17 00:00:00+00:00
[2025-12-17T02:08:57.007+0000] {logging_mixin.py:188} INFO - [2025-12-17T02:08:57.007+0000] {dag.py:3947} INFO - Setting next_dagrun for example_branch_datetime_operator_3 to 2025-12-16 00:00:00+00:00, run_after=2025-12-17 00:00:00+00:00
[2025-12-17T02:08:57.445+0000] {processor.py:183} INFO - Processing /home/airflow/.local/lib/python3.12/site-packages/airflow/example_dags/example_branch_datetime_operator.py took 0.489 seconds
[2025-12-17T02:38:01.301+0000] {processor.py:161} INFO - Started process (PID=41875) to work on /home/airflow/.local/lib/python3.12/site-packages/airflow/example_dags/example_branch_datetime_operator.py
[2025-12-17T02:38:01.302+0000] {processor.py:830} INFO - Processing file /home/airflow/.local/lib/python3.12/site-packages/airflow/example_dags/example_branch_datetime_operator.py for tasks to queue
[2025-12-17T02:38:01.302+0000] {logging_mixin.py:188} INFO - [2025-12-17T02:38:01.302+0000] {dagbag.py:545} INFO - Filling up the DagBag from /home/airflow/.local/lib/python3.12/site-packages/airflow/example_dags/example_branch_datetime_operator.py
[2025-12-17T02:38:01.307+0000] {processor.py:840} INFO - DAG(s) 'example_branch_datetime_operator_3', 'example_branch_datetime_operator_2', 'example_branch_datetime_operator' retrieved from /home/airflow/.local/lib/python3.12/site-packages/airflow/example_dags/example_branch_datetime_operator.py
[2025-12-17T02:38:01.326+0000] {logging_mixin.py:188} INFO - [2025-12-17T02:38:01.326+0000] {dag.py:3089} INFO - Sync 3 DAGs
[2025-12-17T02:38:01.337+0000] {logging_mixin.py:188} INFO - [2025-12-17T02:38:01.337+0000] {dag.py:3947} INFO - Setting next_dagrun for example_branch_datetime_operator to 2025-12-16 00:00:00+00:00, run_after=2025-12-17 00:00:00+00:00
[2025-12-17T02:38:01.339+0000] {logging_mixin.py:188} INFO - [2025-12-17T02:38:01.339+0000] {dag.py:3947} INFO - Setting next_dagrun for example_branch_datetime_operator_2 to 2025-12-16 00:00:00+00:00, run_after=2025-12-17 00:00:00+00:00
[2025-12-17T02:38:01.340+0000] {logging_mixin.py:188} INFO - [2025-12-17T02:38:01.339+0000] {dag.py:3947} INFO - Setting next_dagrun for example_branch_datetime_operator_3 to 2025-12-16 00:00:00+00:00, run_after=2025-12-17 00:00:00+00:00
[2025-12-17T02:38:01.347+0000] {processor.py:183} INFO - Processing /home/airflow/.local/lib/python3.12/site-packages/airflow/example_dags/example_branch_datetime_operator.py took 0.049 seconds
[2025-12-17T03:29:14.466+0000] {processor.py:161} INFO - Started process (PID=41934) to work on /home/airflow/.local/lib/python3.12/site-packages/airflow/example_dags/example_branch_datetime_operator.py
[2025-12-17T03:29:14.466+0000] {processor.py:830} INFO - Processing file /home/airflow/.local/lib/python3.12/site-packages/airflow/example_dags/example_branch_datetime_operator.py for tasks to queue
[2025-12-17T03:29:14.467+0000] {logging_mixin.py:188} INFO - [2025-12-17T03:29:14.467+0000] {dagbag.py:545} INFO - Filling up the DagBag from /home/airflow/.local/lib/python3.12/site-packages/airflow/example_dags/example_branch_datetime_operator.py
[2025-12-17T03:29:14.474+0000] {processor.py:840} INFO - DAG(s) 'example_branch_datetime_operator_3', 'example_branch_datetime_operator', 'example_branch_datetime_operator_2' retrieved from /home/airflow/.local/lib/python3.12/site-packages/airflow/example_dags/example_branch_datetime_operator.py
[2025-12-17T03:29:14.488+0000] {logging_mixin.py:188} INFO - [2025-12-17T03:29:14.488+0000] {dag.py:3089} INFO - Sync 3 DAGs
[2025-12-17T03:29:14.498+0000] {logging_mixin.py:188} INFO - [2025-12-17T03:29:14.498+0000] {dag.py:3947} INFO - Setting next_dagrun for example_branch_datetime_operator to 2025-12-16 00:00:00+00:00, run_after=2025-12-17 00:00:00+00:00
[2025-12-17T03:29:14.500+0000] {logging_mixin.py:188} INFO - [2025-12-17T03:29:14.500+0000] {dag.py:3947} INFO - Setting next_dagrun for example_branch_datetime_operator_2 to 2025-12-16 00:00:00+00:00, run_after=2025-12-17 00:00:00+00:00
[2025-12-17T03:29:14.501+0000] {logging_mixin.py:188} INFO - [2025-12-17T03:29:14.501+0000] {dag.py:3947} INFO - Setting next_dagrun for example_branch_datetime_operator_3 to 2025-12-16 00:00:00+00:00, run_after=2025-12-17 00:00:00+00:00
[2025-12-17T03:29:14.507+0000] {processor.py:183} INFO - Processing /home/airflow/.local/lib/python3.12/site-packages/airflow/example_dags/example_branch_datetime_operator.py took 0.045 seconds
[2025-12-17T03:53:42.553+0000] {processor.py:161} INFO - Started process (PID=41993) to work on /home/airflow/.local/lib/python3.12/site-packages/airflow/example_dags/example_branch_datetime_operator.py
[2025-12-17T03:53:42.554+0000] {processor.py:830} INFO - Processing file /home/airflow/.local/lib/python3.12/site-packages/airflow/example_dags/example_branch_datetime_operator.py for tasks to queue
[2025-12-17T03:53:42.554+0000] {logging_mixin.py:188} INFO - [2025-12-17T03:53:42.554+0000] {dagbag.py:545} INFO - Filling up the DagBag from /home/airflow/.local/lib/python3.12/site-packages/airflow/example_dags/example_branch_datetime_operator.py
[2025-12-17T03:53:42.564+0000] {processor.py:840} INFO - DAG(s) 'example_branch_datetime_operator', 'example_branch_datetime_operator_2', 'example_branch_datetime_operator_3' retrieved from /home/airflow/.local/lib/python3.12/site-packages/airflow/example_dags/example_branch_datetime_operator.py
[2025-12-17T03:53:42.584+0000] {logging_mixin.py:188} INFO - [2025-12-17T03:53:42.584+0000] {dag.py:3089} INFO - Sync 3 DAGs
[2025-12-17T03:53:42.595+0000] {logging_mixin.py:188} INFO - [2025-12-17T03:53:42.595+0000] {dag.py:3947} INFO - Setting next_dagrun for example_branch_datetime_operator to 2025-12-16 00:00:00+00:00, run_after=2025-12-17 00:00:00+00:00
[2025-12-17T03:53:42.600+0000] {logging_mixin.py:188} INFO - [2025-12-17T03:53:42.600+0000] {dag.py:3947} INFO - Setting next_dagrun for example_branch_datetime_operator_2 to 2025-12-16 00:00:00+00:00, run_after=2025-12-17 00:00:00+00:00
[2025-12-17T03:53:42.603+0000] {logging_mixin.py:188} INFO - [2025-12-17T03:53:42.603+0000] {dag.py:3947} INFO - Setting next_dagrun for example_branch_datetime_operator_3 to 2025-12-16 00:00:00+00:00, run_after=2025-12-17 00:00:00+00:00
[2025-12-17T03:53:42.610+0000] {processor.py:183} INFO - Processing /home/airflow/.local/lib/python3.12/site-packages/airflow/example_dags/example_branch_datetime_operator.py took 0.063 seconds
[2025-12-17T04:54:45.301+0000] {processor.py:161} INFO - Started process (PID=42052) to work on /home/airflow/.local/lib/python3.12/site-packages/airflow/example_dags/example_branch_datetime_operator.py
[2025-12-17T04:54:45.302+0000] {processor.py:830} INFO - Processing file /home/airflow/.local/lib/python3.12/site-packages/airflow/example_dags/example_branch_datetime_operator.py for tasks to queue
[2025-12-17T04:54:45.302+0000] {logging_mixin.py:188} INFO - [2025-12-17T04:54:45.302+0000] {dagbag.py:545} INFO - Filling up the DagBag from /home/airflow/.local/lib/python3.12/site-packages/airflow/example_dags/example_branch_datetime_operator.py
[2025-12-17T04:54:45.307+0000] {processor.py:840} INFO - DAG(s) 'example_branch_datetime_operator_2', 'example_branch_datetime_operator_3', 'example_branch_datetime_operator' retrieved from /home/airflow/.local/lib/python3.12/site-packages/airflow/example_dags/example_branch_datetime_operator.py
[2025-12-17T04:54:45.323+0000] {logging_mixin.py:188} INFO - [2025-12-17T04:54:45.323+0000] {dag.py:3089} INFO - Sync 3 DAGs
[2025-12-17T04:54:45.335+0000] {logging_mixin.py:188} INFO - [2025-12-17T04:54:45.335+0000] {dag.py:3947} INFO - Setting next_dagrun for example_branch_datetime_operator to 2025-12-16 00:00:00+00:00, run_after=2025-12-17 00:00:00+00:00
[2025-12-17T04:54:45.340+0000] {logging_mixin.py:188} INFO - [2025-12-17T04:54:45.340+0000] {dag.py:3947} INFO - Setting next_dagrun for example_branch_datetime_operator_2 to 2025-12-16 00:00:00+00:00, run_after=2025-12-17 00:00:00+00:00
[2025-12-17T04:54:45.340+0000] {logging_mixin.py:188} INFO - [2025-12-17T04:54:45.340+0000] {dag.py:3947} INFO - Setting next_dagrun for example_branch_datetime_operator_3 to 2025-12-16 00:00:00+00:00, run_after=2025-12-17 00:00:00+00:00
[2025-12-17T04:54:45.350+0000] {processor.py:183} INFO - Processing /home/airflow/.local/lib/python3.12/site-packages/airflow/example_dags/example_branch_datetime_operator.py took 0.052 seconds
[2025-12-17T06:11:24.607+0000] {processor.py:161} INFO - Started process (PID=42111) to work on /home/airflow/.local/lib/python3.12/site-packages/airflow/example_dags/example_branch_datetime_operator.py
[2025-12-17T06:11:24.608+0000] {processor.py:830} INFO - Processing file /home/airflow/.local/lib/python3.12/site-packages/airflow/example_dags/example_branch_datetime_operator.py for tasks to queue
[2025-12-17T06:11:24.609+0000] {logging_mixin.py:188} INFO - [2025-12-17T06:11:24.609+0000] {dagbag.py:545} INFO - Filling up the DagBag from /home/airflow/.local/lib/python3.12/site-packages/airflow/example_dags/example_branch_datetime_operator.py
[2025-12-17T06:11:24.613+0000] {processor.py:840} INFO - DAG(s) 'example_branch_datetime_operator_2', 'example_branch_datetime_operator', 'example_branch_datetime_operator_3' retrieved from /home/airflow/.local/lib/python3.12/site-packages/airflow/example_dags/example_branch_datetime_operator.py
[2025-12-17T06:11:24.629+0000] {logging_mixin.py:188} INFO - [2025-12-17T06:11:24.628+0000] {dag.py:3089} INFO - Sync 3 DAGs
[2025-12-17T06:11:24.639+0000] {logging_mixin.py:188} INFO - [2025-12-17T06:11:24.639+0000] {dag.py:3947} INFO - Setting next_dagrun for example_branch_datetime_operator to 2025-12-16 00:00:00+00:00, run_after=2025-12-17 00:00:00+00:00
[2025-12-17T06:11:24.642+0000] {logging_mixin.py:188} INFO - [2025-12-17T06:11:24.642+0000] {dag.py:3947} INFO - Setting next_dagrun for example_branch_datetime_operator_2 to 2025-12-16 00:00:00+00:00, run_after=2025-12-17 00:00:00+00:00
[2025-12-17T06:11:24.644+0000] {logging_mixin.py:188} INFO - [2025-12-17T06:11:24.644+0000] {dag.py:3947} INFO - Setting next_dagrun for example_branch_datetime_operator_3 to 2025-12-16 00:00:00+00:00, run_after=2025-12-17 00:00:00+00:00
[2025-12-17T06:11:24.651+0000] {processor.py:183} INFO - Processing /home/airflow/.local/lib/python3.12/site-packages/airflow/example_dags/example_branch_datetime_operator.py took 0.046 seconds
[2025-12-17T07:48:04.811+0000] {processor.py:161} INFO - Started process (PID=42170) to work on /home/airflow/.local/lib/python3.12/site-packages/airflow/example_dags/example_branch_datetime_operator.py
[2025-12-17T07:48:04.811+0000] {processor.py:830} INFO - Processing file /home/airflow/.local/lib/python3.12/site-packages/airflow/example_dags/example_branch_datetime_operator.py for tasks to queue
[2025-12-17T07:48:04.811+0000] {logging_mixin.py:188} INFO - [2025-12-17T07:48:04.811+0000] {dagbag.py:545} INFO - Filling up the DagBag from /home/airflow/.local/lib/python3.12/site-packages/airflow/example_dags/example_branch_datetime_operator.py
[2025-12-17T07:48:04.817+0000] {processor.py:840} INFO - DAG(s) 'example_branch_datetime_operator_2', 'example_branch_datetime_operator', 'example_branch_datetime_operator_3' retrieved from /home/airflow/.local/lib/python3.12/site-packages/airflow/example_dags/example_branch_datetime_operator.py
[2025-12-17T07:48:04.834+0000] {logging_mixin.py:188} INFO - [2025-12-17T07:48:04.834+0000] {dag.py:3089} INFO - Sync 3 DAGs
[2025-12-17T07:48:04.851+0000] {logging_mixin.py:188} INFO - [2025-12-17T07:48:04.851+0000] {dag.py:3947} INFO - Setting next_dagrun for example_branch_datetime_operator to 2025-12-16 00:00:00+00:00, run_after=2025-12-17 00:00:00+00:00
[2025-12-17T07:48:04.854+0000] {logging_mixin.py:188} INFO - [2025-12-17T07:48:04.854+0000] {dag.py:3947} INFO - Setting next_dagrun for example_branch_datetime_operator_2 to 2025-12-16 00:00:00+00:00, run_after=2025-12-17 00:00:00+00:00
[2025-12-17T07:48:04.859+0000] {logging_mixin.py:188} INFO - [2025-12-17T07:48:04.859+0000] {dag.py:3947} INFO - Setting next_dagrun for example_branch_datetime_operator_3 to 2025-12-16 00:00:00+00:00, run_after=2025-12-17 00:00:00+00:00
[2025-12-17T07:48:04.869+0000] {processor.py:183} INFO - Processing /home/airflow/.local/lib/python3.12/site-packages/airflow/example_dags/example_branch_datetime_operator.py took 0.062 seconds
[2025-12-17T08:58:45.009+0000] {processor.py:161} INFO - Started process (PID=42229) to work on /home/airflow/.local/lib/python3.12/site-packages/airflow/example_dags/example_branch_datetime_operator.py
[2025-12-17T08:58:45.010+0000] {processor.py:830} INFO - Processing file /home/airflow/.local/lib/python3.12/site-packages/airflow/example_dags/example_branch_datetime_operator.py for tasks to queue
[2025-12-17T08:58:45.010+0000] {logging_mixin.py:188} INFO - [2025-12-17T08:58:45.010+0000] {dagbag.py:545} INFO - Filling up the DagBag from /home/airflow/.local/lib/python3.12/site-packages/airflow/example_dags/example_branch_datetime_operator.py
[2025-12-17T08:58:45.018+0000] {processor.py:840} INFO - DAG(s) 'example_branch_datetime_operator', 'example_branch_datetime_operator_3', 'example_branch_datetime_operator_2' retrieved from /home/airflow/.local/lib/python3.12/site-packages/airflow/example_dags/example_branch_datetime_operator.py
[2025-12-17T08:58:45.033+0000] {logging_mixin.py:188} INFO - [2025-12-17T08:58:45.033+0000] {dag.py:3089} INFO - Sync 3 DAGs
[2025-12-17T08:58:45.044+0000] {logging_mixin.py:188} INFO - [2025-12-17T08:58:45.044+0000] {dag.py:3947} INFO - Setting next_dagrun for example_branch_datetime_operator to 2025-12-16 00:00:00+00:00, run_after=2025-12-17 00:00:00+00:00
[2025-12-17T08:58:45.047+0000] {logging_mixin.py:188} INFO - [2025-12-17T08:58:45.047+0000] {dag.py:3947} INFO - Setting next_dagrun for example_branch_datetime_operator_2 to 2025-12-16 00:00:00+00:00, run_after=2025-12-17 00:00:00+00:00
[2025-12-17T08:58:45.048+0000] {logging_mixin.py:188} INFO - [2025-12-17T08:58:45.048+0000] {dag.py:3947} INFO - Setting next_dagrun for example_branch_datetime_operator_3 to 2025-12-16 00:00:00+00:00, run_after=2025-12-17 00:00:00+00:00
[2025-12-17T08:58:45.054+0000] {processor.py:183} INFO - Processing /home/airflow/.local/lib/python3.12/site-packages/airflow/example_dags/example_branch_datetime_operator.py took 0.049 seconds
[2025-12-17T09:20:59.696+0000] {processor.py:161} INFO - Started process (PID=42288) to work on /home/airflow/.local/lib/python3.12/site-packages/airflow/example_dags/example_branch_datetime_operator.py
[2025-12-17T09:20:59.697+0000] {processor.py:830} INFO - Processing file /home/airflow/.local/lib/python3.12/site-packages/airflow/example_dags/example_branch_datetime_operator.py for tasks to queue
[2025-12-17T09:20:59.699+0000] {logging_mixin.py:188} INFO - [2025-12-17T09:20:59.698+0000] {dagbag.py:545} INFO - Filling up the DagBag from /home/airflow/.local/lib/python3.12/site-packages/airflow/example_dags/example_branch_datetime_operator.py
[2025-12-17T09:20:59.703+0000] {processor.py:840} INFO - DAG(s) 'example_branch_datetime_operator_3', 'example_branch_datetime_operator_2', 'example_branch_datetime_operator' retrieved from /home/airflow/.local/lib/python3.12/site-packages/airflow/example_dags/example_branch_datetime_operator.py
[2025-12-17T09:20:59.722+0000] {logging_mixin.py:188} INFO - [2025-12-17T09:20:59.722+0000] {dag.py:3089} INFO - Sync 3 DAGs
[2025-12-17T09:20:59.735+0000] {logging_mixin.py:188} INFO - [2025-12-17T09:20:59.735+0000] {dag.py:3947} INFO - Setting next_dagrun for example_branch_datetime_operator to 2025-12-16 00:00:00+00:00, run_after=2025-12-17 00:00:00+00:00
[2025-12-17T09:20:59.741+0000] {logging_mixin.py:188} INFO - [2025-12-17T09:20:59.741+0000] {dag.py:3947} INFO - Setting next_dagrun for example_branch_datetime_operator_2 to 2025-12-16 00:00:00+00:00, run_after=2025-12-17 00:00:00+00:00
[2025-12-17T09:20:59.743+0000] {logging_mixin.py:188} INFO - [2025-12-17T09:20:59.743+0000] {dag.py:3947} INFO - Setting next_dagrun for example_branch_datetime_operator_3 to 2025-12-16 00:00:00+00:00, run_after=2025-12-17 00:00:00+00:00
[2025-12-17T09:20:59.751+0000] {processor.py:183} INFO - Processing /home/airflow/.local/lib/python3.12/site-packages/airflow/example_dags/example_branch_datetime_operator.py took 0.062 seconds
[2025-12-17T10:31:20.039+0000] {processor.py:161} INFO - Started process (PID=42347) to work on /home/airflow/.local/lib/python3.12/site-packages/airflow/example_dags/example_branch_datetime_operator.py
[2025-12-17T10:31:20.039+0000] {processor.py:830} INFO - Processing file /home/airflow/.local/lib/python3.12/site-packages/airflow/example_dags/example_branch_datetime_operator.py for tasks to queue
[2025-12-17T10:31:20.042+0000] {logging_mixin.py:188} INFO - [2025-12-17T10:31:20.042+0000] {dagbag.py:545} INFO - Filling up the DagBag from /home/airflow/.local/lib/python3.12/site-packages/airflow/example_dags/example_branch_datetime_operator.py
[2025-12-17T10:31:20.048+0000] {processor.py:840} INFO - DAG(s) 'example_branch_datetime_operator_2', 'example_branch_datetime_operator', 'example_branch_datetime_operator_3' retrieved from /home/airflow/.local/lib/python3.12/site-packages/airflow/example_dags/example_branch_datetime_operator.py
[2025-12-17T10:31:20.064+0000] {logging_mixin.py:188} INFO - [2025-12-17T10:31:20.064+0000] {dag.py:3089} INFO - Sync 3 DAGs
[2025-12-17T10:31:20.074+0000] {logging_mixin.py:188} INFO - [2025-12-17T10:31:20.074+0000] {dag.py:3947} INFO - Setting next_dagrun for example_branch_datetime_operator to 2025-12-16 00:00:00+00:00, run_after=2025-12-17 00:00:00+00:00
[2025-12-17T10:31:20.075+0000] {logging_mixin.py:188} INFO - [2025-12-17T10:31:20.075+0000] {dag.py:3947} INFO - Setting next_dagrun for example_branch_datetime_operator_2 to 2025-12-16 00:00:00+00:00, run_after=2025-12-17 00:00:00+00:00
[2025-12-17T10:31:20.076+0000] {logging_mixin.py:188} INFO - [2025-12-17T10:31:20.076+0000] {dag.py:3947} INFO - Setting next_dagrun for example_branch_datetime_operator_3 to 2025-12-16 00:00:00+00:00, run_after=2025-12-17 00:00:00+00:00
[2025-12-17T10:31:20.083+0000] {processor.py:183} INFO - Processing /home/airflow/.local/lib/python3.12/site-packages/airflow/example_dags/example_branch_datetime_operator.py took 0.047 seconds
[2025-12-17T11:32:04.445+0000] {processor.py:161} INFO - Started process (PID=42406) to work on /home/airflow/.local/lib/python3.12/site-packages/airflow/example_dags/example_branch_datetime_operator.py
[2025-12-17T11:32:04.445+0000] {processor.py:830} INFO - Processing file /home/airflow/.local/lib/python3.12/site-packages/airflow/example_dags/example_branch_datetime_operator.py for tasks to queue
[2025-12-17T11:32:04.446+0000] {logging_mixin.py:188} INFO - [2025-12-17T11:32:04.446+0000] {dagbag.py:545} INFO - Filling up the DagBag from /home/airflow/.local/lib/python3.12/site-packages/airflow/example_dags/example_branch_datetime_operator.py
[2025-12-17T11:32:04.451+0000] {processor.py:840} INFO - DAG(s) 'example_branch_datetime_operator_2', 'example_branch_datetime_operator', 'example_branch_datetime_operator_3' retrieved from /home/airflow/.local/lib/python3.12/site-packages/airflow/example_dags/example_branch_datetime_operator.py
[2025-12-17T11:32:04.464+0000] {logging_mixin.py:188} INFO - [2025-12-17T11:32:04.464+0000] {dag.py:3089} INFO - Sync 3 DAGs
[2025-12-17T11:32:04.474+0000] {logging_mixin.py:188} INFO - [2025-12-17T11:32:04.474+0000] {dag.py:3947} INFO - Setting next_dagrun for example_branch_datetime_operator to 2025-12-16 00:00:00+00:00, run_after=2025-12-17 00:00:00+00:00
[2025-12-17T11:32:04.476+0000] {logging_mixin.py:188} INFO - [2025-12-17T11:32:04.476+0000] {dag.py:3947} INFO - Setting next_dagrun for example_branch_datetime_operator_2 to 2025-12-16 00:00:00+00:00, run_after=2025-12-17 00:00:00+00:00
[2025-12-17T11:32:04.477+0000] {logging_mixin.py:188} INFO - [2025-12-17T11:32:04.477+0000] {dag.py:3947} INFO - Setting next_dagrun for example_branch_datetime_operator_3 to 2025-12-16 00:00:00+00:00, run_after=2025-12-17 00:00:00+00:00
[2025-12-17T11:32:04.484+0000] {processor.py:183} INFO - Processing /home/airflow/.local/lib/python3.12/site-packages/airflow/example_dags/example_branch_datetime_operator.py took 0.042 seconds
[2025-12-17T12:33:34.279+0000] {processor.py:161} INFO - Started process (PID=42465) to work on /home/airflow/.local/lib/python3.12/site-packages/airflow/example_dags/example_branch_datetime_operator.py
[2025-12-17T12:33:34.280+0000] {processor.py:830} INFO - Processing file /home/airflow/.local/lib/python3.12/site-packages/airflow/example_dags/example_branch_datetime_operator.py for tasks to queue
[2025-12-17T12:33:34.280+0000] {logging_mixin.py:188} INFO - [2025-12-17T12:33:34.280+0000] {dagbag.py:545} INFO - Filling up the DagBag from /home/airflow/.local/lib/python3.12/site-packages/airflow/example_dags/example_branch_datetime_operator.py
[2025-12-17T12:33:34.286+0000] {processor.py:840} INFO - DAG(s) 'example_branch_datetime_operator_3', 'example_branch_datetime_operator', 'example_branch_datetime_operator_2' retrieved from /home/airflow/.local/lib/python3.12/site-packages/airflow/example_dags/example_branch_datetime_operator.py
[2025-12-17T12:33:34.304+0000] {logging_mixin.py:188} INFO - [2025-12-17T12:33:34.303+0000] {dag.py:3089} INFO - Sync 3 DAGs
[2025-12-17T12:33:34.315+0000] {logging_mixin.py:188} INFO - [2025-12-17T12:33:34.315+0000] {dag.py:3947} INFO - Setting next_dagrun for example_branch_datetime_operator to 2025-12-16 00:00:00+00:00, run_after=2025-12-17 00:00:00+00:00
[2025-12-17T12:33:34.319+0000] {logging_mixin.py:188} INFO - [2025-12-17T12:33:34.319+0000] {dag.py:3947} INFO - Setting next_dagrun for example_branch_datetime_operator_2 to 2025-12-16 00:00:00+00:00, run_after=2025-12-17 00:00:00+00:00
[2025-12-17T12:33:34.321+0000] {logging_mixin.py:188} INFO - [2025-12-17T12:33:34.321+0000] {dag.py:3947} INFO - Setting next_dagrun for example_branch_datetime_operator_3 to 2025-12-16 00:00:00+00:00, run_after=2025-12-17 00:00:00+00:00
[2025-12-17T12:33:34.330+0000] {processor.py:183} INFO - Processing /home/airflow/.local/lib/python3.12/site-packages/airflow/example_dags/example_branch_datetime_operator.py took 0.055 seconds
[2025-12-17T13:42:09.282+0000] {processor.py:161} INFO - Started process (PID=42524) to work on /home/airflow/.local/lib/python3.12/site-packages/airflow/example_dags/example_branch_datetime_operator.py
[2025-12-17T13:42:09.283+0000] {processor.py:830} INFO - Processing file /home/airflow/.local/lib/python3.12/site-packages/airflow/example_dags/example_branch_datetime_operator.py for tasks to queue
[2025-12-17T13:42:09.283+0000] {logging_mixin.py:188} INFO - [2025-12-17T13:42:09.283+0000] {dagbag.py:545} INFO - Filling up the DagBag from /home/airflow/.local/lib/python3.12/site-packages/airflow/example_dags/example_branch_datetime_operator.py
[2025-12-17T13:42:09.290+0000] {processor.py:840} INFO - DAG(s) 'example_branch_datetime_operator', 'example_branch_datetime_operator_2', 'example_branch_datetime_operator_3' retrieved from /home/airflow/.local/lib/python3.12/site-packages/airflow/example_dags/example_branch_datetime_operator.py
[2025-12-17T13:42:09.306+0000] {logging_mixin.py:188} INFO - [2025-12-17T13:42:09.306+0000] {dag.py:3089} INFO - Sync 3 DAGs
[2025-12-17T13:42:09.316+0000] {logging_mixin.py:188} INFO - [2025-12-17T13:42:09.316+0000] {dag.py:3947} INFO - Setting next_dagrun for example_branch_datetime_operator to 2025-12-16 00:00:00+00:00, run_after=2025-12-17 00:00:00+00:00
[2025-12-17T13:42:09.318+0000] {logging_mixin.py:188} INFO - [2025-12-17T13:42:09.318+0000] {dag.py:3947} INFO - Setting next_dagrun for example_branch_datetime_operator_2 to 2025-12-16 00:00:00+00:00, run_after=2025-12-17 00:00:00+00:00
[2025-12-17T13:42:09.319+0000] {logging_mixin.py:188} INFO - [2025-12-17T13:42:09.319+0000] {dag.py:3947} INFO - Setting next_dagrun for example_branch_datetime_operator_3 to 2025-12-16 00:00:00+00:00, run_after=2025-12-17 00:00:00+00:00
[2025-12-17T13:42:09.326+0000] {processor.py:183} INFO - Processing /home/airflow/.local/lib/python3.12/site-packages/airflow/example_dags/example_branch_datetime_operator.py took 0.047 seconds
[2025-12-17T14:56:27.451+0000] {processor.py:161} INFO - Started process (PID=42583) to work on /home/airflow/.local/lib/python3.12/site-packages/airflow/example_dags/example_branch_datetime_operator.py
[2025-12-17T14:56:27.452+0000] {processor.py:830} INFO - Processing file /home/airflow/.local/lib/python3.12/site-packages/airflow/example_dags/example_branch_datetime_operator.py for tasks to queue
[2025-12-17T14:56:27.452+0000] {logging_mixin.py:188} INFO - [2025-12-17T14:56:27.452+0000] {dagbag.py:545} INFO - Filling up the DagBag from /home/airflow/.local/lib/python3.12/site-packages/airflow/example_dags/example_branch_datetime_operator.py
[2025-12-17T14:56:27.458+0000] {processor.py:840} INFO - DAG(s) 'example_branch_datetime_operator_2', 'example_branch_datetime_operator', 'example_branch_datetime_operator_3' retrieved from /home/airflow/.local/lib/python3.12/site-packages/airflow/example_dags/example_branch_datetime_operator.py
[2025-12-17T14:56:27.469+0000] {logging_mixin.py:188} INFO - [2025-12-17T14:56:27.469+0000] {dag.py:3089} INFO - Sync 3 DAGs
[2025-12-17T14:56:27.478+0000] {logging_mixin.py:188} INFO - [2025-12-17T14:56:27.478+0000] {dag.py:3947} INFO - Setting next_dagrun for example_branch_datetime_operator to 2025-12-16 00:00:00+00:00, run_after=2025-12-17 00:00:00+00:00
[2025-12-17T14:56:27.481+0000] {logging_mixin.py:188} INFO - [2025-12-17T14:56:27.481+0000] {dag.py:3947} INFO - Setting next_dagrun for example_branch_datetime_operator_2 to 2025-12-16 00:00:00+00:00, run_after=2025-12-17 00:00:00+00:00
[2025-12-17T14:56:27.482+0000] {logging_mixin.py:188} INFO - [2025-12-17T14:56:27.481+0000] {dag.py:3947} INFO - Setting next_dagrun for example_branch_datetime_operator_3 to 2025-12-16 00:00:00+00:00, run_after=2025-12-17 00:00:00+00:00
[2025-12-17T14:56:27.489+0000] {processor.py:183} INFO - Processing /home/airflow/.local/lib/python3.12/site-packages/airflow/example_dags/example_branch_datetime_operator.py took 0.041 seconds
[2025-12-17T16:05:45.793+0000] {processor.py:161} INFO - Started process (PID=42642) to work on /home/airflow/.local/lib/python3.12/site-packages/airflow/example_dags/example_branch_datetime_operator.py
[2025-12-17T16:05:45.794+0000] {processor.py:830} INFO - Processing file /home/airflow/.local/lib/python3.12/site-packages/airflow/example_dags/example_branch_datetime_operator.py for tasks to queue
[2025-12-17T16:05:45.795+0000] {logging_mixin.py:188} INFO - [2025-12-17T16:05:45.795+0000] {dagbag.py:545} INFO - Filling up the DagBag from /home/airflow/.local/lib/python3.12/site-packages/airflow/example_dags/example_branch_datetime_operator.py
[2025-12-17T16:05:45.801+0000] {processor.py:840} INFO - DAG(s) 'example_branch_datetime_operator_3', 'example_branch_datetime_operator_2', 'example_branch_datetime_operator' retrieved from /home/airflow/.local/lib/python3.12/site-packages/airflow/example_dags/example_branch_datetime_operator.py
[2025-12-17T16:05:45.818+0000] {logging_mixin.py:188} INFO - [2025-12-17T16:05:45.817+0000] {dag.py:3089} INFO - Sync 3 DAGs
[2025-12-17T16:05:45.831+0000] {logging_mixin.py:188} INFO - [2025-12-17T16:05:45.830+0000] {dag.py:3947} INFO - Setting next_dagrun for example_branch_datetime_operator to 2025-12-16 00:00:00+00:00, run_after=2025-12-17 00:00:00+00:00
[2025-12-17T16:05:45.835+0000] {logging_mixin.py:188} INFO - [2025-12-17T16:05:45.835+0000] {dag.py:3947} INFO - Setting next_dagrun for example_branch_datetime_operator_2 to 2025-12-16 00:00:00+00:00, run_after=2025-12-17 00:00:00+00:00
[2025-12-17T16:05:45.838+0000] {logging_mixin.py:188} INFO - [2025-12-17T16:05:45.838+0000] {dag.py:3947} INFO - Setting next_dagrun for example_branch_datetime_operator_3 to 2025-12-16 00:00:00+00:00, run_after=2025-12-17 00:00:00+00:00
[2025-12-17T16:05:45.847+0000] {processor.py:183} INFO - Processing /home/airflow/.local/lib/python3.12/site-packages/airflow/example_dags/example_branch_datetime_operator.py took 0.058 seconds
[2025-12-17T17:20:37.431+0000] {processor.py:161} INFO - Started process (PID=42701) to work on /home/airflow/.local/lib/python3.12/site-packages/airflow/example_dags/example_branch_datetime_operator.py
[2025-12-17T17:20:37.433+0000] {processor.py:830} INFO - Processing file /home/airflow/.local/lib/python3.12/site-packages/airflow/example_dags/example_branch_datetime_operator.py for tasks to queue
[2025-12-17T17:20:37.433+0000] {logging_mixin.py:188} INFO - [2025-12-17T17:20:37.433+0000] {dagbag.py:545} INFO - Filling up the DagBag from /home/airflow/.local/lib/python3.12/site-packages/airflow/example_dags/example_branch_datetime_operator.py
[2025-12-17T17:20:37.437+0000] {processor.py:840} INFO - DAG(s) 'example_branch_datetime_operator_2', 'example_branch_datetime_operator', 'example_branch_datetime_operator_3' retrieved from /home/airflow/.local/lib/python3.12/site-packages/airflow/example_dags/example_branch_datetime_operator.py
[2025-12-17T17:20:37.454+0000] {logging_mixin.py:188} INFO - [2025-12-17T17:20:37.453+0000] {dag.py:3089} INFO - Sync 3 DAGs
[2025-12-17T17:20:37.481+0000] {logging_mixin.py:188} INFO - [2025-12-17T17:20:37.481+0000] {dag.py:3947} INFO - Setting next_dagrun for example_branch_datetime_operator to 2025-12-16 00:00:00+00:00, run_after=2025-12-17 00:00:00+00:00
[2025-12-17T17:20:37.485+0000] {logging_mixin.py:188} INFO - [2025-12-17T17:20:37.485+0000] {dag.py:3947} INFO - Setting next_dagrun for example_branch_datetime_operator_2 to 2025-12-16 00:00:00+00:00, run_after=2025-12-17 00:00:00+00:00
[2025-12-17T17:20:37.488+0000] {logging_mixin.py:188} INFO - [2025-12-17T17:20:37.488+0000] {dag.py:3947} INFO - Setting next_dagrun for example_branch_datetime_operator_3 to 2025-12-16 00:00:00+00:00, run_after=2025-12-17 00:00:00+00:00
[2025-12-17T17:20:37.497+0000] {processor.py:183} INFO - Processing /home/airflow/.local/lib/python3.12/site-packages/airflow/example_dags/example_branch_datetime_operator.py took 0.070 seconds
[2025-12-17T18:07:06.725+0000] {processor.py:161} INFO - Started process (PID=42760) to work on /home/airflow/.local/lib/python3.12/site-packages/airflow/example_dags/example_branch_datetime_operator.py
[2025-12-17T18:07:06.726+0000] {processor.py:830} INFO - Processing file /home/airflow/.local/lib/python3.12/site-packages/airflow/example_dags/example_branch_datetime_operator.py for tasks to queue
[2025-12-17T18:07:06.727+0000] {logging_mixin.py:188} INFO - [2025-12-17T18:07:06.727+0000] {dagbag.py:545} INFO - Filling up the DagBag from /home/airflow/.local/lib/python3.12/site-packages/airflow/example_dags/example_branch_datetime_operator.py
[2025-12-17T18:07:06.732+0000] {processor.py:840} INFO - DAG(s) 'example_branch_datetime_operator_2', 'example_branch_datetime_operator', 'example_branch_datetime_operator_3' retrieved from /home/airflow/.local/lib/python3.12/site-packages/airflow/example_dags/example_branch_datetime_operator.py
[2025-12-17T18:07:06.747+0000] {logging_mixin.py:188} INFO - [2025-12-17T18:07:06.747+0000] {dag.py:3089} INFO - Sync 3 DAGs
[2025-12-17T18:07:06.756+0000] {logging_mixin.py:188} INFO - [2025-12-17T18:07:06.756+0000] {dag.py:3947} INFO - Setting next_dagrun for example_branch_datetime_operator to 2025-12-16 00:00:00+00:00, run_after=2025-12-17 00:00:00+00:00
[2025-12-17T18:07:06.758+0000] {logging_mixin.py:188} INFO - [2025-12-17T18:07:06.758+0000] {dag.py:3947} INFO - Setting next_dagrun for example_branch_datetime_operator_2 to 2025-12-16 00:00:00+00:00, run_after=2025-12-17 00:00:00+00:00
[2025-12-17T18:07:06.759+0000] {logging_mixin.py:188} INFO - [2025-12-17T18:07:06.759+0000] {dag.py:3947} INFO - Setting next_dagrun for example_branch_datetime_operator_3 to 2025-12-16 00:00:00+00:00, run_after=2025-12-17 00:00:00+00:00
[2025-12-17T18:07:06.768+0000] {processor.py:183} INFO - Processing /home/airflow/.local/lib/python3.12/site-packages/airflow/example_dags/example_branch_datetime_operator.py took 0.047 seconds
[2025-12-17T18:26:57.357+0000] {processor.py:161} INFO - Started process (PID=42819) to work on /home/airflow/.local/lib/python3.12/site-packages/airflow/example_dags/example_branch_datetime_operator.py
[2025-12-17T18:26:57.358+0000] {processor.py:830} INFO - Processing file /home/airflow/.local/lib/python3.12/site-packages/airflow/example_dags/example_branch_datetime_operator.py for tasks to queue
[2025-12-17T18:26:57.358+0000] {logging_mixin.py:188} INFO - [2025-12-17T18:26:57.358+0000] {dagbag.py:545} INFO - Filling up the DagBag from /home/airflow/.local/lib/python3.12/site-packages/airflow/example_dags/example_branch_datetime_operator.py
[2025-12-17T18:26:57.363+0000] {processor.py:840} INFO - DAG(s) 'example_branch_datetime_operator_3', 'example_branch_datetime_operator_2', 'example_branch_datetime_operator' retrieved from /home/airflow/.local/lib/python3.12/site-packages/airflow/example_dags/example_branch_datetime_operator.py
[2025-12-17T18:26:57.375+0000] {logging_mixin.py:188} INFO - [2025-12-17T18:26:57.375+0000] {dag.py:3089} INFO - Sync 3 DAGs
[2025-12-17T18:26:57.384+0000] {logging_mixin.py:188} INFO - [2025-12-17T18:26:57.384+0000] {dag.py:3947} INFO - Setting next_dagrun for example_branch_datetime_operator to 2025-12-16 00:00:00+00:00, run_after=2025-12-17 00:00:00+00:00
[2025-12-17T18:26:57.386+0000] {logging_mixin.py:188} INFO - [2025-12-17T18:26:57.386+0000] {dag.py:3947} INFO - Setting next_dagrun for example_branch_datetime_operator_2 to 2025-12-16 00:00:00+00:00, run_after=2025-12-17 00:00:00+00:00
[2025-12-17T18:26:57.387+0000] {logging_mixin.py:188} INFO - [2025-12-17T18:26:57.387+0000] {dag.py:3947} INFO - Setting next_dagrun for example_branch_datetime_operator_3 to 2025-12-16 00:00:00+00:00, run_after=2025-12-17 00:00:00+00:00
[2025-12-17T18:26:57.393+0000] {processor.py:183} INFO - Processing /home/airflow/.local/lib/python3.12/site-packages/airflow/example_dags/example_branch_datetime_operator.py took 0.042 seconds
[2025-12-17T19:41:41.846+0000] {processor.py:161} INFO - Started process (PID=42878) to work on /home/airflow/.local/lib/python3.12/site-packages/airflow/example_dags/example_branch_datetime_operator.py
[2025-12-17T19:41:41.847+0000] {processor.py:830} INFO - Processing file /home/airflow/.local/lib/python3.12/site-packages/airflow/example_dags/example_branch_datetime_operator.py for tasks to queue
[2025-12-17T19:41:41.847+0000] {logging_mixin.py:188} INFO - [2025-12-17T19:41:41.847+0000] {dagbag.py:545} INFO - Filling up the DagBag from /home/airflow/.local/lib/python3.12/site-packages/airflow/example_dags/example_branch_datetime_operator.py
[2025-12-17T19:41:41.852+0000] {processor.py:840} INFO - DAG(s) 'example_branch_datetime_operator_3', 'example_branch_datetime_operator', 'example_branch_datetime_operator_2' retrieved from /home/airflow/.local/lib/python3.12/site-packages/airflow/example_dags/example_branch_datetime_operator.py
[2025-12-17T19:41:41.866+0000] {logging_mixin.py:188} INFO - [2025-12-17T19:41:41.866+0000] {dag.py:3089} INFO - Sync 3 DAGs
[2025-12-17T19:41:41.877+0000] {logging_mixin.py:188} INFO - [2025-12-17T19:41:41.877+0000] {dag.py:3947} INFO - Setting next_dagrun for example_branch_datetime_operator to 2025-12-16 00:00:00+00:00, run_after=2025-12-17 00:00:00+00:00
[2025-12-17T19:41:41.880+0000] {logging_mixin.py:188} INFO - [2025-12-17T19:41:41.880+0000] {dag.py:3947} INFO - Setting next_dagrun for example_branch_datetime_operator_2 to 2025-12-16 00:00:00+00:00, run_after=2025-12-17 00:00:00+00:00
[2025-12-17T19:41:41.883+0000] {logging_mixin.py:188} INFO - [2025-12-17T19:41:41.883+0000] {dag.py:3947} INFO - Setting next_dagrun for example_branch_datetime_operator_3 to 2025-12-16 00:00:00+00:00, run_after=2025-12-17 00:00:00+00:00
[2025-12-17T19:41:41.893+0000] {processor.py:183} INFO - Processing /home/airflow/.local/lib/python3.12/site-packages/airflow/example_dags/example_branch_datetime_operator.py took 0.051 seconds
[2025-12-17T21:17:13.905+0000] {processor.py:161} INFO - Started process (PID=42937) to work on /home/airflow/.local/lib/python3.12/site-packages/airflow/example_dags/example_branch_datetime_operator.py
[2025-12-17T21:17:13.906+0000] {processor.py:830} INFO - Processing file /home/airflow/.local/lib/python3.12/site-packages/airflow/example_dags/example_branch_datetime_operator.py for tasks to queue
[2025-12-17T21:17:13.907+0000] {logging_mixin.py:188} INFO - [2025-12-17T21:17:13.907+0000] {dagbag.py:545} INFO - Filling up the DagBag from /home/airflow/.local/lib/python3.12/site-packages/airflow/example_dags/example_branch_datetime_operator.py
[2025-12-17T21:17:13.912+0000] {processor.py:840} INFO - DAG(s) 'example_branch_datetime_operator_3', 'example_branch_datetime_operator_2', 'example_branch_datetime_operator' retrieved from /home/airflow/.local/lib/python3.12/site-packages/airflow/example_dags/example_branch_datetime_operator.py
[2025-12-17T21:17:13.927+0000] {logging_mixin.py:188} INFO - [2025-12-17T21:17:13.926+0000] {dag.py:3089} INFO - Sync 3 DAGs
[2025-12-17T21:17:13.936+0000] {logging_mixin.py:188} INFO - [2025-12-17T21:17:13.936+0000] {dag.py:3947} INFO - Setting next_dagrun for example_branch_datetime_operator to 2025-12-16 00:00:00+00:00, run_after=2025-12-17 00:00:00+00:00
[2025-12-17T21:17:13.938+0000] {logging_mixin.py:188} INFO - [2025-12-17T21:17:13.938+0000] {dag.py:3947} INFO - Setting next_dagrun for example_branch_datetime_operator_2 to 2025-12-16 00:00:00+00:00, run_after=2025-12-17 00:00:00+00:00
[2025-12-17T21:17:13.939+0000] {logging_mixin.py:188} INFO - [2025-12-17T21:17:13.939+0000] {dag.py:3947} INFO - Setting next_dagrun for example_branch_datetime_operator_3 to 2025-12-16 00:00:00+00:00, run_after=2025-12-17 00:00:00+00:00
[2025-12-17T21:17:13.946+0000] {processor.py:183} INFO - Processing /home/airflow/.local/lib/python3.12/site-packages/airflow/example_dags/example_branch_datetime_operator.py took 0.043 seconds
[2025-12-17T22:30:36.869+0000] {processor.py:161} INFO - Started process (PID=42996) to work on /home/airflow/.local/lib/python3.12/site-packages/airflow/example_dags/example_branch_datetime_operator.py
[2025-12-17T22:30:36.870+0000] {processor.py:830} INFO - Processing file /home/airflow/.local/lib/python3.12/site-packages/airflow/example_dags/example_branch_datetime_operator.py for tasks to queue
[2025-12-17T22:30:36.871+0000] {logging_mixin.py:188} INFO - [2025-12-17T22:30:36.871+0000] {dagbag.py:545} INFO - Filling up the DagBag from /home/airflow/.local/lib/python3.12/site-packages/airflow/example_dags/example_branch_datetime_operator.py
[2025-12-17T22:30:36.876+0000] {processor.py:840} INFO - DAG(s) 'example_branch_datetime_operator_2', 'example_branch_datetime_operator_3', 'example_branch_datetime_operator' retrieved from /home/airflow/.local/lib/python3.12/site-packages/airflow/example_dags/example_branch_datetime_operator.py
[2025-12-17T22:30:36.890+0000] {logging_mixin.py:188} INFO - [2025-12-17T22:30:36.890+0000] {dag.py:3089} INFO - Sync 3 DAGs
[2025-12-17T22:30:36.904+0000] {logging_mixin.py:188} INFO - [2025-12-17T22:30:36.904+0000] {dag.py:3947} INFO - Setting next_dagrun for example_branch_datetime_operator to 2025-12-16 00:00:00+00:00, run_after=2025-12-17 00:00:00+00:00
[2025-12-17T22:30:36.906+0000] {logging_mixin.py:188} INFO - [2025-12-17T22:30:36.906+0000] {dag.py:3947} INFO - Setting next_dagrun for example_branch_datetime_operator_2 to 2025-12-16 00:00:00+00:00, run_after=2025-12-17 00:00:00+00:00
[2025-12-17T22:30:36.907+0000] {logging_mixin.py:188} INFO - [2025-12-17T22:30:36.907+0000] {dag.py:3947} INFO - Setting next_dagrun for example_branch_datetime_operator_3 to 2025-12-16 00:00:00+00:00, run_after=2025-12-17 00:00:00+00:00
[2025-12-17T22:30:36.914+0000] {processor.py:183} INFO - Processing /home/airflow/.local/lib/python3.12/site-packages/airflow/example_dags/example_branch_datetime_operator.py took 0.047 seconds
