[2025-12-17T00:49:44.991+0000] {processor.py:161} INFO - Started process (PID=41726) to work on /home/airflow/.local/lib/python3.12/site-packages/airflow/example_dags/example_latest_only.py
[2025-12-17T00:49:44.991+0000] {processor.py:830} INFO - Processing file /home/airflow/.local/lib/python3.12/site-packages/airflow/example_dags/example_latest_only.py for tasks to queue
[2025-12-17T00:49:44.992+0000] {logging_mixin.py:188} INFO - [2025-12-17T00:49:44.991+0000] {dagbag.py:545} INFO - Filling up the DagBag from /home/airflow/.local/lib/python3.12/site-packages/airflow/example_dags/example_latest_only.py
[2025-12-17T00:49:44.995+0000] {processor.py:840} INFO - DAG(s) 'latest_only' retrieved from /home/airflow/.local/lib/python3.12/site-packages/airflow/example_dags/example_latest_only.py
[2025-12-17T00:49:45.008+0000] {logging_mixin.py:188} INFO - [2025-12-17T00:49:45.008+0000] {dag.py:3089} INFO - Sync 1 DAGs
[2025-12-17T00:49:45.018+0000] {logging_mixin.py:188} INFO - [2025-12-17T00:49:45.018+0000] {dag.py:3947} INFO - Setting next_dagrun for latest_only to 2025-12-16 20:00:00+00:00, run_after=2025-12-17 00:00:00+00:00
[2025-12-17T00:49:45.027+0000] {processor.py:183} INFO - Processing /home/airflow/.local/lib/python3.12/site-packages/airflow/example_dags/example_latest_only.py took 0.039 seconds
[2025-12-17T01:13:20.559+0000] {processor.py:161} INFO - Started process (PID=41785) to work on /home/airflow/.local/lib/python3.12/site-packages/airflow/example_dags/example_latest_only.py
[2025-12-17T01:13:20.561+0000] {processor.py:830} INFO - Processing file /home/airflow/.local/lib/python3.12/site-packages/airflow/example_dags/example_latest_only.py for tasks to queue
[2025-12-17T01:13:20.562+0000] {logging_mixin.py:188} INFO - [2025-12-17T01:13:20.562+0000] {dagbag.py:545} INFO - Filling up the DagBag from /home/airflow/.local/lib/python3.12/site-packages/airflow/example_dags/example_latest_only.py
[2025-12-17T01:13:20.568+0000] {processor.py:840} INFO - DAG(s) 'latest_only' retrieved from /home/airflow/.local/lib/python3.12/site-packages/airflow/example_dags/example_latest_only.py
[2025-12-17T01:13:20.585+0000] {logging_mixin.py:188} INFO - [2025-12-17T01:13:20.585+0000] {dag.py:3089} INFO - Sync 1 DAGs
[2025-12-17T01:13:20.601+0000] {logging_mixin.py:188} INFO - [2025-12-17T01:13:20.601+0000] {dag.py:3947} INFO - Setting next_dagrun for latest_only to 2025-12-16 20:00:00+00:00, run_after=2025-12-17 00:00:00+00:00
[2025-12-17T01:13:20.619+0000] {processor.py:183} INFO - Processing /home/airflow/.local/lib/python3.12/site-packages/airflow/example_dags/example_latest_only.py took 0.163 seconds
[2025-12-17T02:08:59.235+0000] {processor.py:161} INFO - Started process (PID=41844) to work on /home/airflow/.local/lib/python3.12/site-packages/airflow/example_dags/example_latest_only.py
[2025-12-17T02:08:59.235+0000] {processor.py:830} INFO - Processing file /home/airflow/.local/lib/python3.12/site-packages/airflow/example_dags/example_latest_only.py for tasks to queue
[2025-12-17T02:08:59.236+0000] {logging_mixin.py:188} INFO - [2025-12-17T02:08:59.235+0000] {dagbag.py:545} INFO - Filling up the DagBag from /home/airflow/.local/lib/python3.12/site-packages/airflow/example_dags/example_latest_only.py
[2025-12-17T02:08:59.238+0000] {processor.py:840} INFO - DAG(s) 'latest_only' retrieved from /home/airflow/.local/lib/python3.12/site-packages/airflow/example_dags/example_latest_only.py
[2025-12-17T02:08:59.249+0000] {logging_mixin.py:188} INFO - [2025-12-17T02:08:59.249+0000] {dag.py:3089} INFO - Sync 1 DAGs
[2025-12-17T02:08:59.260+0000] {logging_mixin.py:188} INFO - [2025-12-17T02:08:59.260+0000] {dag.py:3947} INFO - Setting next_dagrun for latest_only to 2025-12-16 20:00:00+00:00, run_after=2025-12-17 00:00:00+00:00
[2025-12-17T02:08:59.268+0000] {processor.py:183} INFO - Processing /home/airflow/.local/lib/python3.12/site-packages/airflow/example_dags/example_latest_only.py took 0.036 seconds
[2025-12-17T02:38:03.401+0000] {processor.py:161} INFO - Started process (PID=41903) to work on /home/airflow/.local/lib/python3.12/site-packages/airflow/example_dags/example_latest_only.py
[2025-12-17T02:38:03.401+0000] {processor.py:830} INFO - Processing file /home/airflow/.local/lib/python3.12/site-packages/airflow/example_dags/example_latest_only.py for tasks to queue
[2025-12-17T02:38:03.402+0000] {logging_mixin.py:188} INFO - [2025-12-17T02:38:03.401+0000] {dagbag.py:545} INFO - Filling up the DagBag from /home/airflow/.local/lib/python3.12/site-packages/airflow/example_dags/example_latest_only.py
[2025-12-17T02:38:03.404+0000] {processor.py:840} INFO - DAG(s) 'latest_only' retrieved from /home/airflow/.local/lib/python3.12/site-packages/airflow/example_dags/example_latest_only.py
[2025-12-17T02:38:03.413+0000] {logging_mixin.py:188} INFO - [2025-12-17T02:38:03.412+0000] {dag.py:3089} INFO - Sync 1 DAGs
[2025-12-17T02:38:03.421+0000] {logging_mixin.py:188} INFO - [2025-12-17T02:38:03.421+0000] {dag.py:3947} INFO - Setting next_dagrun for latest_only to 2025-12-16 20:00:00+00:00, run_after=2025-12-17 00:00:00+00:00
[2025-12-17T02:38:03.434+0000] {processor.py:183} INFO - Processing /home/airflow/.local/lib/python3.12/site-packages/airflow/example_dags/example_latest_only.py took 0.036 seconds
[2025-12-17T03:29:16.692+0000] {processor.py:161} INFO - Started process (PID=41962) to work on /home/airflow/.local/lib/python3.12/site-packages/airflow/example_dags/example_latest_only.py
[2025-12-17T03:29:16.693+0000] {processor.py:830} INFO - Processing file /home/airflow/.local/lib/python3.12/site-packages/airflow/example_dags/example_latest_only.py for tasks to queue
[2025-12-17T03:29:16.694+0000] {logging_mixin.py:188} INFO - [2025-12-17T03:29:16.694+0000] {dagbag.py:545} INFO - Filling up the DagBag from /home/airflow/.local/lib/python3.12/site-packages/airflow/example_dags/example_latest_only.py
[2025-12-17T03:29:16.697+0000] {processor.py:840} INFO - DAG(s) 'latest_only' retrieved from /home/airflow/.local/lib/python3.12/site-packages/airflow/example_dags/example_latest_only.py
[2025-12-17T03:29:16.716+0000] {logging_mixin.py:188} INFO - [2025-12-17T03:29:16.716+0000] {dag.py:3089} INFO - Sync 1 DAGs
[2025-12-17T03:29:16.828+0000] {logging_mixin.py:188} INFO - [2025-12-17T03:29:16.828+0000] {dag.py:3947} INFO - Setting next_dagrun for latest_only to 2025-12-16 20:00:00+00:00, run_after=2025-12-17 00:00:00+00:00
[2025-12-17T03:29:16.843+0000] {processor.py:183} INFO - Processing /home/airflow/.local/lib/python3.12/site-packages/airflow/example_dags/example_latest_only.py took 0.155 seconds
[2025-12-17T03:53:43.574+0000] {processor.py:161} INFO - Started process (PID=42021) to work on /home/airflow/.local/lib/python3.12/site-packages/airflow/example_dags/example_latest_only.py
[2025-12-17T03:53:43.575+0000] {processor.py:830} INFO - Processing file /home/airflow/.local/lib/python3.12/site-packages/airflow/example_dags/example_latest_only.py for tasks to queue
[2025-12-17T03:53:43.575+0000] {logging_mixin.py:188} INFO - [2025-12-17T03:53:43.575+0000] {dagbag.py:545} INFO - Filling up the DagBag from /home/airflow/.local/lib/python3.12/site-packages/airflow/example_dags/example_latest_only.py
[2025-12-17T03:53:43.578+0000] {processor.py:840} INFO - DAG(s) 'latest_only' retrieved from /home/airflow/.local/lib/python3.12/site-packages/airflow/example_dags/example_latest_only.py
[2025-12-17T03:53:43.591+0000] {logging_mixin.py:188} INFO - [2025-12-17T03:53:43.591+0000] {dag.py:3089} INFO - Sync 1 DAGs
[2025-12-17T03:53:43.603+0000] {logging_mixin.py:188} INFO - [2025-12-17T03:53:43.603+0000] {dag.py:3947} INFO - Setting next_dagrun for latest_only to 2025-12-16 20:00:00+00:00, run_after=2025-12-17 00:00:00+00:00
[2025-12-17T03:53:43.616+0000] {processor.py:183} INFO - Processing /home/airflow/.local/lib/python3.12/site-packages/airflow/example_dags/example_latest_only.py took 0.045 seconds
[2025-12-17T04:54:46.443+0000] {processor.py:161} INFO - Started process (PID=42080) to work on /home/airflow/.local/lib/python3.12/site-packages/airflow/example_dags/example_latest_only.py
[2025-12-17T04:54:46.444+0000] {processor.py:830} INFO - Processing file /home/airflow/.local/lib/python3.12/site-packages/airflow/example_dags/example_latest_only.py for tasks to queue
[2025-12-17T04:54:46.445+0000] {logging_mixin.py:188} INFO - [2025-12-17T04:54:46.445+0000] {dagbag.py:545} INFO - Filling up the DagBag from /home/airflow/.local/lib/python3.12/site-packages/airflow/example_dags/example_latest_only.py
[2025-12-17T04:54:46.450+0000] {processor.py:840} INFO - DAG(s) 'latest_only' retrieved from /home/airflow/.local/lib/python3.12/site-packages/airflow/example_dags/example_latest_only.py
[2025-12-17T04:54:46.462+0000] {logging_mixin.py:188} INFO - [2025-12-17T04:54:46.462+0000] {dag.py:3089} INFO - Sync 1 DAGs
[2025-12-17T04:54:46.474+0000] {logging_mixin.py:188} INFO - [2025-12-17T04:54:46.474+0000] {dag.py:3947} INFO - Setting next_dagrun for latest_only to 2025-12-17 00:00:00+00:00, run_after=2025-12-17 04:00:00+00:00
[2025-12-17T04:54:46.483+0000] {processor.py:183} INFO - Processing /home/airflow/.local/lib/python3.12/site-packages/airflow/example_dags/example_latest_only.py took 0.043 seconds
[2025-12-17T06:11:25.748+0000] {processor.py:161} INFO - Started process (PID=42139) to work on /home/airflow/.local/lib/python3.12/site-packages/airflow/example_dags/example_latest_only.py
[2025-12-17T06:11:25.750+0000] {processor.py:830} INFO - Processing file /home/airflow/.local/lib/python3.12/site-packages/airflow/example_dags/example_latest_only.py for tasks to queue
[2025-12-17T06:11:25.750+0000] {logging_mixin.py:188} INFO - [2025-12-17T06:11:25.750+0000] {dagbag.py:545} INFO - Filling up the DagBag from /home/airflow/.local/lib/python3.12/site-packages/airflow/example_dags/example_latest_only.py
[2025-12-17T06:11:25.754+0000] {processor.py:840} INFO - DAG(s) 'latest_only' retrieved from /home/airflow/.local/lib/python3.12/site-packages/airflow/example_dags/example_latest_only.py
[2025-12-17T06:11:25.767+0000] {logging_mixin.py:188} INFO - [2025-12-17T06:11:25.767+0000] {dag.py:3089} INFO - Sync 1 DAGs
[2025-12-17T06:11:25.777+0000] {logging_mixin.py:188} INFO - [2025-12-17T06:11:25.777+0000] {dag.py:3947} INFO - Setting next_dagrun for latest_only to 2025-12-17 00:00:00+00:00, run_after=2025-12-17 04:00:00+00:00
[2025-12-17T06:11:25.784+0000] {processor.py:183} INFO - Processing /home/airflow/.local/lib/python3.12/site-packages/airflow/example_dags/example_latest_only.py took 0.041 seconds
[2025-12-17T07:48:05.823+0000] {processor.py:161} INFO - Started process (PID=42198) to work on /home/airflow/.local/lib/python3.12/site-packages/airflow/example_dags/example_latest_only.py
[2025-12-17T07:48:05.823+0000] {processor.py:830} INFO - Processing file /home/airflow/.local/lib/python3.12/site-packages/airflow/example_dags/example_latest_only.py for tasks to queue
[2025-12-17T07:48:05.824+0000] {logging_mixin.py:188} INFO - [2025-12-17T07:48:05.824+0000] {dagbag.py:545} INFO - Filling up the DagBag from /home/airflow/.local/lib/python3.12/site-packages/airflow/example_dags/example_latest_only.py
[2025-12-17T07:48:05.826+0000] {processor.py:840} INFO - DAG(s) 'latest_only' retrieved from /home/airflow/.local/lib/python3.12/site-packages/airflow/example_dags/example_latest_only.py
[2025-12-17T07:48:05.835+0000] {logging_mixin.py:188} INFO - [2025-12-17T07:48:05.835+0000] {dag.py:3089} INFO - Sync 1 DAGs
[2025-12-17T07:48:05.845+0000] {logging_mixin.py:188} INFO - [2025-12-17T07:48:05.845+0000] {dag.py:3947} INFO - Setting next_dagrun for latest_only to 2025-12-17 00:00:00+00:00, run_after=2025-12-17 04:00:00+00:00
[2025-12-17T07:48:05.859+0000] {processor.py:183} INFO - Processing /home/airflow/.local/lib/python3.12/site-packages/airflow/example_dags/example_latest_only.py took 0.039 seconds
[2025-12-17T08:58:45.880+0000] {processor.py:161} INFO - Started process (PID=42257) to work on /home/airflow/.local/lib/python3.12/site-packages/airflow/example_dags/example_latest_only.py
[2025-12-17T08:58:45.881+0000] {processor.py:830} INFO - Processing file /home/airflow/.local/lib/python3.12/site-packages/airflow/example_dags/example_latest_only.py for tasks to queue
[2025-12-17T08:58:45.881+0000] {logging_mixin.py:188} INFO - [2025-12-17T08:58:45.881+0000] {dagbag.py:545} INFO - Filling up the DagBag from /home/airflow/.local/lib/python3.12/site-packages/airflow/example_dags/example_latest_only.py
[2025-12-17T08:58:45.884+0000] {processor.py:840} INFO - DAG(s) 'latest_only' retrieved from /home/airflow/.local/lib/python3.12/site-packages/airflow/example_dags/example_latest_only.py
[2025-12-17T08:58:45.896+0000] {logging_mixin.py:188} INFO - [2025-12-17T08:58:45.895+0000] {dag.py:3089} INFO - Sync 1 DAGs
[2025-12-17T08:58:45.908+0000] {logging_mixin.py:188} INFO - [2025-12-17T08:58:45.908+0000] {dag.py:3947} INFO - Setting next_dagrun for latest_only to 2025-12-17 04:00:00+00:00, run_after=2025-12-17 08:00:00+00:00
[2025-12-17T08:58:45.917+0000] {processor.py:183} INFO - Processing /home/airflow/.local/lib/python3.12/site-packages/airflow/example_dags/example_latest_only.py took 0.041 seconds
[2025-12-17T09:21:00.624+0000] {processor.py:161} INFO - Started process (PID=42316) to work on /home/airflow/.local/lib/python3.12/site-packages/airflow/example_dags/example_latest_only.py
[2025-12-17T09:21:00.627+0000] {processor.py:830} INFO - Processing file /home/airflow/.local/lib/python3.12/site-packages/airflow/example_dags/example_latest_only.py for tasks to queue
[2025-12-17T09:21:00.628+0000] {logging_mixin.py:188} INFO - [2025-12-17T09:21:00.628+0000] {dagbag.py:545} INFO - Filling up the DagBag from /home/airflow/.local/lib/python3.12/site-packages/airflow/example_dags/example_latest_only.py
[2025-12-17T09:21:00.630+0000] {processor.py:840} INFO - DAG(s) 'latest_only' retrieved from /home/airflow/.local/lib/python3.12/site-packages/airflow/example_dags/example_latest_only.py
[2025-12-17T09:21:00.644+0000] {logging_mixin.py:188} INFO - [2025-12-17T09:21:00.644+0000] {dag.py:3089} INFO - Sync 1 DAGs
[2025-12-17T09:21:00.652+0000] {logging_mixin.py:188} INFO - [2025-12-17T09:21:00.652+0000] {dag.py:3947} INFO - Setting next_dagrun for latest_only to 2025-12-17 04:00:00+00:00, run_after=2025-12-17 08:00:00+00:00
[2025-12-17T09:21:00.662+0000] {processor.py:183} INFO - Processing /home/airflow/.local/lib/python3.12/site-packages/airflow/example_dags/example_latest_only.py took 0.040 seconds
[2025-12-17T10:31:20.913+0000] {processor.py:161} INFO - Started process (PID=42375) to work on /home/airflow/.local/lib/python3.12/site-packages/airflow/example_dags/example_latest_only.py
[2025-12-17T10:31:20.913+0000] {processor.py:830} INFO - Processing file /home/airflow/.local/lib/python3.12/site-packages/airflow/example_dags/example_latest_only.py for tasks to queue
[2025-12-17T10:31:20.914+0000] {logging_mixin.py:188} INFO - [2025-12-17T10:31:20.914+0000] {dagbag.py:545} INFO - Filling up the DagBag from /home/airflow/.local/lib/python3.12/site-packages/airflow/example_dags/example_latest_only.py
[2025-12-17T10:31:20.917+0000] {processor.py:840} INFO - DAG(s) 'latest_only' retrieved from /home/airflow/.local/lib/python3.12/site-packages/airflow/example_dags/example_latest_only.py
[2025-12-17T10:31:20.926+0000] {logging_mixin.py:188} INFO - [2025-12-17T10:31:20.926+0000] {dag.py:3089} INFO - Sync 1 DAGs
[2025-12-17T10:31:20.936+0000] {logging_mixin.py:188} INFO - [2025-12-17T10:31:20.936+0000] {dag.py:3947} INFO - Setting next_dagrun for latest_only to 2025-12-17 04:00:00+00:00, run_after=2025-12-17 08:00:00+00:00
[2025-12-17T10:31:20.943+0000] {processor.py:183} INFO - Processing /home/airflow/.local/lib/python3.12/site-packages/airflow/example_dags/example_latest_only.py took 0.033 seconds
[2025-12-17T11:32:05.503+0000] {processor.py:161} INFO - Started process (PID=42434) to work on /home/airflow/.local/lib/python3.12/site-packages/airflow/example_dags/example_latest_only.py
[2025-12-17T11:32:05.504+0000] {processor.py:830} INFO - Processing file /home/airflow/.local/lib/python3.12/site-packages/airflow/example_dags/example_latest_only.py for tasks to queue
[2025-12-17T11:32:05.504+0000] {logging_mixin.py:188} INFO - [2025-12-17T11:32:05.504+0000] {dagbag.py:545} INFO - Filling up the DagBag from /home/airflow/.local/lib/python3.12/site-packages/airflow/example_dags/example_latest_only.py
[2025-12-17T11:32:05.508+0000] {processor.py:840} INFO - DAG(s) 'latest_only' retrieved from /home/airflow/.local/lib/python3.12/site-packages/airflow/example_dags/example_latest_only.py
[2025-12-17T11:32:05.519+0000] {logging_mixin.py:188} INFO - [2025-12-17T11:32:05.519+0000] {dag.py:3089} INFO - Sync 1 DAGs
[2025-12-17T11:32:05.530+0000] {logging_mixin.py:188} INFO - [2025-12-17T11:32:05.530+0000] {dag.py:3947} INFO - Setting next_dagrun for latest_only to 2025-12-17 04:00:00+00:00, run_after=2025-12-17 08:00:00+00:00
[2025-12-17T11:32:05.537+0000] {processor.py:183} INFO - Processing /home/airflow/.local/lib/python3.12/site-packages/airflow/example_dags/example_latest_only.py took 0.038 seconds
[2025-12-17T12:33:35.186+0000] {processor.py:161} INFO - Started process (PID=42493) to work on /home/airflow/.local/lib/python3.12/site-packages/airflow/example_dags/example_latest_only.py
[2025-12-17T12:33:35.187+0000] {processor.py:830} INFO - Processing file /home/airflow/.local/lib/python3.12/site-packages/airflow/example_dags/example_latest_only.py for tasks to queue
[2025-12-17T12:33:35.188+0000] {logging_mixin.py:188} INFO - [2025-12-17T12:33:35.188+0000] {dagbag.py:545} INFO - Filling up the DagBag from /home/airflow/.local/lib/python3.12/site-packages/airflow/example_dags/example_latest_only.py
[2025-12-17T12:33:35.190+0000] {processor.py:840} INFO - DAG(s) 'latest_only' retrieved from /home/airflow/.local/lib/python3.12/site-packages/airflow/example_dags/example_latest_only.py
[2025-12-17T12:33:35.201+0000] {logging_mixin.py:188} INFO - [2025-12-17T12:33:35.201+0000] {dag.py:3089} INFO - Sync 1 DAGs
[2025-12-17T12:33:35.210+0000] {logging_mixin.py:188} INFO - [2025-12-17T12:33:35.210+0000] {dag.py:3947} INFO - Setting next_dagrun for latest_only to 2025-12-17 08:00:00+00:00, run_after=2025-12-17 12:00:00+00:00
[2025-12-17T12:33:35.218+0000] {processor.py:183} INFO - Processing /home/airflow/.local/lib/python3.12/site-packages/airflow/example_dags/example_latest_only.py took 0.034 seconds
[2025-12-17T13:42:10.114+0000] {processor.py:161} INFO - Started process (PID=42552) to work on /home/airflow/.local/lib/python3.12/site-packages/airflow/example_dags/example_latest_only.py
[2025-12-17T13:42:10.114+0000] {processor.py:830} INFO - Processing file /home/airflow/.local/lib/python3.12/site-packages/airflow/example_dags/example_latest_only.py for tasks to queue
[2025-12-17T13:42:10.114+0000] {logging_mixin.py:188} INFO - [2025-12-17T13:42:10.114+0000] {dagbag.py:545} INFO - Filling up the DagBag from /home/airflow/.local/lib/python3.12/site-packages/airflow/example_dags/example_latest_only.py
[2025-12-17T13:42:10.117+0000] {processor.py:840} INFO - DAG(s) 'latest_only' retrieved from /home/airflow/.local/lib/python3.12/site-packages/airflow/example_dags/example_latest_only.py
[2025-12-17T13:42:10.125+0000] {logging_mixin.py:188} INFO - [2025-12-17T13:42:10.125+0000] {dag.py:3089} INFO - Sync 1 DAGs
[2025-12-17T13:42:10.133+0000] {logging_mixin.py:188} INFO - [2025-12-17T13:42:10.133+0000] {dag.py:3947} INFO - Setting next_dagrun for latest_only to 2025-12-17 08:00:00+00:00, run_after=2025-12-17 12:00:00+00:00
[2025-12-17T13:42:10.139+0000] {processor.py:183} INFO - Processing /home/airflow/.local/lib/python3.12/site-packages/airflow/example_dags/example_latest_only.py took 0.028 seconds
[2025-12-17T14:56:28.276+0000] {processor.py:161} INFO - Started process (PID=42611) to work on /home/airflow/.local/lib/python3.12/site-packages/airflow/example_dags/example_latest_only.py
[2025-12-17T14:56:28.276+0000] {processor.py:830} INFO - Processing file /home/airflow/.local/lib/python3.12/site-packages/airflow/example_dags/example_latest_only.py for tasks to queue
[2025-12-17T14:56:28.277+0000] {logging_mixin.py:188} INFO - [2025-12-17T14:56:28.277+0000] {dagbag.py:545} INFO - Filling up the DagBag from /home/airflow/.local/lib/python3.12/site-packages/airflow/example_dags/example_latest_only.py
[2025-12-17T14:56:28.279+0000] {processor.py:840} INFO - DAG(s) 'latest_only' retrieved from /home/airflow/.local/lib/python3.12/site-packages/airflow/example_dags/example_latest_only.py
[2025-12-17T14:56:28.291+0000] {logging_mixin.py:188} INFO - [2025-12-17T14:56:28.291+0000] {dag.py:3089} INFO - Sync 1 DAGs
[2025-12-17T14:56:28.299+0000] {logging_mixin.py:188} INFO - [2025-12-17T14:56:28.299+0000] {dag.py:3947} INFO - Setting next_dagrun for latest_only to 2025-12-17 08:00:00+00:00, run_after=2025-12-17 12:00:00+00:00
[2025-12-17T14:56:28.310+0000] {processor.py:183} INFO - Processing /home/airflow/.local/lib/python3.12/site-packages/airflow/example_dags/example_latest_only.py took 0.037 seconds
[2025-12-17T16:05:46.806+0000] {processor.py:161} INFO - Started process (PID=42670) to work on /home/airflow/.local/lib/python3.12/site-packages/airflow/example_dags/example_latest_only.py
[2025-12-17T16:05:46.807+0000] {processor.py:830} INFO - Processing file /home/airflow/.local/lib/python3.12/site-packages/airflow/example_dags/example_latest_only.py for tasks to queue
[2025-12-17T16:05:46.807+0000] {logging_mixin.py:188} INFO - [2025-12-17T16:05:46.807+0000] {dagbag.py:545} INFO - Filling up the DagBag from /home/airflow/.local/lib/python3.12/site-packages/airflow/example_dags/example_latest_only.py
[2025-12-17T16:05:46.810+0000] {processor.py:840} INFO - DAG(s) 'latest_only' retrieved from /home/airflow/.local/lib/python3.12/site-packages/airflow/example_dags/example_latest_only.py
[2025-12-17T16:05:46.820+0000] {logging_mixin.py:188} INFO - [2025-12-17T16:05:46.820+0000] {dag.py:3089} INFO - Sync 1 DAGs
[2025-12-17T16:05:46.830+0000] {logging_mixin.py:188} INFO - [2025-12-17T16:05:46.830+0000] {dag.py:3947} INFO - Setting next_dagrun for latest_only to 2025-12-17 12:00:00+00:00, run_after=2025-12-17 16:00:00+00:00
[2025-12-17T16:05:46.838+0000] {processor.py:183} INFO - Processing /home/airflow/.local/lib/python3.12/site-packages/airflow/example_dags/example_latest_only.py took 0.036 seconds
[2025-12-17T17:20:38.270+0000] {processor.py:161} INFO - Started process (PID=42729) to work on /home/airflow/.local/lib/python3.12/site-packages/airflow/example_dags/example_latest_only.py
[2025-12-17T17:20:38.271+0000] {processor.py:830} INFO - Processing file /home/airflow/.local/lib/python3.12/site-packages/airflow/example_dags/example_latest_only.py for tasks to queue
[2025-12-17T17:20:38.272+0000] {logging_mixin.py:188} INFO - [2025-12-17T17:20:38.271+0000] {dagbag.py:545} INFO - Filling up the DagBag from /home/airflow/.local/lib/python3.12/site-packages/airflow/example_dags/example_latest_only.py
[2025-12-17T17:20:38.274+0000] {processor.py:840} INFO - DAG(s) 'latest_only' retrieved from /home/airflow/.local/lib/python3.12/site-packages/airflow/example_dags/example_latest_only.py
[2025-12-17T17:20:38.285+0000] {logging_mixin.py:188} INFO - [2025-12-17T17:20:38.284+0000] {dag.py:3089} INFO - Sync 1 DAGs
[2025-12-17T17:20:38.293+0000] {logging_mixin.py:188} INFO - [2025-12-17T17:20:38.293+0000] {dag.py:3947} INFO - Setting next_dagrun for latest_only to 2025-12-17 12:00:00+00:00, run_after=2025-12-17 16:00:00+00:00
[2025-12-17T17:20:38.300+0000] {processor.py:183} INFO - Processing /home/airflow/.local/lib/python3.12/site-packages/airflow/example_dags/example_latest_only.py took 0.032 seconds
[2025-12-17T18:07:07.562+0000] {processor.py:161} INFO - Started process (PID=42788) to work on /home/airflow/.local/lib/python3.12/site-packages/airflow/example_dags/example_latest_only.py
[2025-12-17T18:07:07.563+0000] {processor.py:830} INFO - Processing file /home/airflow/.local/lib/python3.12/site-packages/airflow/example_dags/example_latest_only.py for tasks to queue
[2025-12-17T18:07:07.564+0000] {logging_mixin.py:188} INFO - [2025-12-17T18:07:07.564+0000] {dagbag.py:545} INFO - Filling up the DagBag from /home/airflow/.local/lib/python3.12/site-packages/airflow/example_dags/example_latest_only.py
[2025-12-17T18:07:07.568+0000] {processor.py:840} INFO - DAG(s) 'latest_only' retrieved from /home/airflow/.local/lib/python3.12/site-packages/airflow/example_dags/example_latest_only.py
[2025-12-17T18:07:07.585+0000] {logging_mixin.py:188} INFO - [2025-12-17T18:07:07.585+0000] {dag.py:3089} INFO - Sync 1 DAGs
[2025-12-17T18:07:07.594+0000] {logging_mixin.py:188} INFO - [2025-12-17T18:07:07.594+0000] {dag.py:3947} INFO - Setting next_dagrun for latest_only to 2025-12-17 12:00:00+00:00, run_after=2025-12-17 16:00:00+00:00
[2025-12-17T18:07:07.605+0000] {processor.py:183} INFO - Processing /home/airflow/.local/lib/python3.12/site-packages/airflow/example_dags/example_latest_only.py took 0.046 seconds
[2025-12-17T18:26:58.225+0000] {processor.py:161} INFO - Started process (PID=42847) to work on /home/airflow/.local/lib/python3.12/site-packages/airflow/example_dags/example_latest_only.py
[2025-12-17T18:26:58.225+0000] {processor.py:830} INFO - Processing file /home/airflow/.local/lib/python3.12/site-packages/airflow/example_dags/example_latest_only.py for tasks to queue
[2025-12-17T18:26:58.226+0000] {logging_mixin.py:188} INFO - [2025-12-17T18:26:58.226+0000] {dagbag.py:545} INFO - Filling up the DagBag from /home/airflow/.local/lib/python3.12/site-packages/airflow/example_dags/example_latest_only.py
[2025-12-17T18:26:58.229+0000] {processor.py:840} INFO - DAG(s) 'latest_only' retrieved from /home/airflow/.local/lib/python3.12/site-packages/airflow/example_dags/example_latest_only.py
[2025-12-17T18:26:58.239+0000] {logging_mixin.py:188} INFO - [2025-12-17T18:26:58.239+0000] {dag.py:3089} INFO - Sync 1 DAGs
[2025-12-17T18:26:58.249+0000] {logging_mixin.py:188} INFO - [2025-12-17T18:26:58.249+0000] {dag.py:3947} INFO - Setting next_dagrun for latest_only to 2025-12-17 12:00:00+00:00, run_after=2025-12-17 16:00:00+00:00
[2025-12-17T18:26:58.258+0000] {processor.py:183} INFO - Processing /home/airflow/.local/lib/python3.12/site-packages/airflow/example_dags/example_latest_only.py took 0.035 seconds
[2025-12-17T19:41:42.817+0000] {processor.py:161} INFO - Started process (PID=42906) to work on /home/airflow/.local/lib/python3.12/site-packages/airflow/example_dags/example_latest_only.py
[2025-12-17T19:41:42.820+0000] {processor.py:830} INFO - Processing file /home/airflow/.local/lib/python3.12/site-packages/airflow/example_dags/example_latest_only.py for tasks to queue
[2025-12-17T19:41:42.821+0000] {logging_mixin.py:188} INFO - [2025-12-17T19:41:42.820+0000] {dagbag.py:545} INFO - Filling up the DagBag from /home/airflow/.local/lib/python3.12/site-packages/airflow/example_dags/example_latest_only.py
[2025-12-17T19:41:42.823+0000] {processor.py:840} INFO - DAG(s) 'latest_only' retrieved from /home/airflow/.local/lib/python3.12/site-packages/airflow/example_dags/example_latest_only.py
[2025-12-17T19:41:42.833+0000] {logging_mixin.py:188} INFO - [2025-12-17T19:41:42.832+0000] {dag.py:3089} INFO - Sync 1 DAGs
[2025-12-17T19:41:42.843+0000] {logging_mixin.py:188} INFO - [2025-12-17T19:41:42.843+0000] {dag.py:3947} INFO - Setting next_dagrun for latest_only to 2025-12-17 12:00:00+00:00, run_after=2025-12-17 16:00:00+00:00
[2025-12-17T19:41:42.852+0000] {processor.py:183} INFO - Processing /home/airflow/.local/lib/python3.12/site-packages/airflow/example_dags/example_latest_only.py took 0.038 seconds
[2025-12-17T21:17:14.723+0000] {processor.py:161} INFO - Started process (PID=42965) to work on /home/airflow/.local/lib/python3.12/site-packages/airflow/example_dags/example_latest_only.py
[2025-12-17T21:17:14.724+0000] {processor.py:830} INFO - Processing file /home/airflow/.local/lib/python3.12/site-packages/airflow/example_dags/example_latest_only.py for tasks to queue
[2025-12-17T21:17:14.724+0000] {logging_mixin.py:188} INFO - [2025-12-17T21:17:14.724+0000] {dagbag.py:545} INFO - Filling up the DagBag from /home/airflow/.local/lib/python3.12/site-packages/airflow/example_dags/example_latest_only.py
[2025-12-17T21:17:14.726+0000] {processor.py:840} INFO - DAG(s) 'latest_only' retrieved from /home/airflow/.local/lib/python3.12/site-packages/airflow/example_dags/example_latest_only.py
[2025-12-17T21:17:14.735+0000] {logging_mixin.py:188} INFO - [2025-12-17T21:17:14.735+0000] {dag.py:3089} INFO - Sync 1 DAGs
[2025-12-17T21:17:14.746+0000] {logging_mixin.py:188} INFO - [2025-12-17T21:17:14.746+0000] {dag.py:3947} INFO - Setting next_dagrun for latest_only to 2025-12-17 16:00:00+00:00, run_after=2025-12-17 20:00:00+00:00
[2025-12-17T21:17:14.759+0000] {processor.py:183} INFO - Processing /home/airflow/.local/lib/python3.12/site-packages/airflow/example_dags/example_latest_only.py took 0.040 seconds
[2025-12-17T22:30:37.948+0000] {processor.py:161} INFO - Started process (PID=43024) to work on /home/airflow/.local/lib/python3.12/site-packages/airflow/example_dags/example_latest_only.py
[2025-12-17T22:30:37.949+0000] {processor.py:830} INFO - Processing file /home/airflow/.local/lib/python3.12/site-packages/airflow/example_dags/example_latest_only.py for tasks to queue
[2025-12-17T22:30:37.949+0000] {logging_mixin.py:188} INFO - [2025-12-17T22:30:37.949+0000] {dagbag.py:545} INFO - Filling up the DagBag from /home/airflow/.local/lib/python3.12/site-packages/airflow/example_dags/example_latest_only.py
[2025-12-17T22:30:37.951+0000] {processor.py:840} INFO - DAG(s) 'latest_only' retrieved from /home/airflow/.local/lib/python3.12/site-packages/airflow/example_dags/example_latest_only.py
[2025-12-17T22:30:37.960+0000] {logging_mixin.py:188} INFO - [2025-12-17T22:30:37.960+0000] {dag.py:3089} INFO - Sync 1 DAGs
[2025-12-17T22:30:37.968+0000] {logging_mixin.py:188} INFO - [2025-12-17T22:30:37.968+0000] {dag.py:3947} INFO - Setting next_dagrun for latest_only to 2025-12-17 16:00:00+00:00, run_after=2025-12-17 20:00:00+00:00
[2025-12-17T22:30:37.974+0000] {processor.py:183} INFO - Processing /home/airflow/.local/lib/python3.12/site-packages/airflow/example_dags/example_latest_only.py took 0.031 seconds
