[2025-12-17T00:49:44.276+0000] {processor.py:161} INFO - Started process (PID=41709) to work on /home/airflow/.local/lib/python3.12/site-packages/airflow/example_dags/example_task_group.py
[2025-12-17T00:49:44.277+0000] {processor.py:830} INFO - Processing file /home/airflow/.local/lib/python3.12/site-packages/airflow/example_dags/example_task_group.py for tasks to queue
[2025-12-17T00:49:44.277+0000] {logging_mixin.py:188} INFO - [2025-12-17T00:49:44.277+0000] {dagbag.py:545} INFO - Filling up the DagBag from /home/airflow/.local/lib/python3.12/site-packages/airflow/example_dags/example_task_group.py
[2025-12-17T00:49:44.282+0000] {processor.py:840} INFO - DAG(s) 'example_task_group' retrieved from /home/airflow/.local/lib/python3.12/site-packages/airflow/example_dags/example_task_group.py
[2025-12-17T00:49:44.297+0000] {logging_mixin.py:188} INFO - [2025-12-17T00:49:44.297+0000] {dag.py:3089} INFO - Sync 1 DAGs
[2025-12-17T00:49:44.309+0000] {logging_mixin.py:188} INFO - [2025-12-17T00:49:44.308+0000] {dag.py:3947} INFO - Setting next_dagrun for example_task_group to 2025-12-16 00:00:00+00:00, run_after=2025-12-17 00:00:00+00:00
[2025-12-17T00:49:44.318+0000] {processor.py:183} INFO - Processing /home/airflow/.local/lib/python3.12/site-packages/airflow/example_dags/example_task_group.py took 0.045 seconds
[2025-12-17T01:13:19.866+0000] {processor.py:161} INFO - Started process (PID=41768) to work on /home/airflow/.local/lib/python3.12/site-packages/airflow/example_dags/example_task_group.py
[2025-12-17T01:13:19.867+0000] {processor.py:830} INFO - Processing file /home/airflow/.local/lib/python3.12/site-packages/airflow/example_dags/example_task_group.py for tasks to queue
[2025-12-17T01:13:19.867+0000] {logging_mixin.py:188} INFO - [2025-12-17T01:13:19.867+0000] {dagbag.py:545} INFO - Filling up the DagBag from /home/airflow/.local/lib/python3.12/site-packages/airflow/example_dags/example_task_group.py
[2025-12-17T01:13:19.871+0000] {processor.py:840} INFO - DAG(s) 'example_task_group' retrieved from /home/airflow/.local/lib/python3.12/site-packages/airflow/example_dags/example_task_group.py
[2025-12-17T01:13:19.881+0000] {logging_mixin.py:188} INFO - [2025-12-17T01:13:19.881+0000] {dag.py:3089} INFO - Sync 1 DAGs
[2025-12-17T01:13:19.891+0000] {logging_mixin.py:188} INFO - [2025-12-17T01:13:19.891+0000] {dag.py:3947} INFO - Setting next_dagrun for example_task_group to 2025-12-16 00:00:00+00:00, run_after=2025-12-17 00:00:00+00:00
[2025-12-17T01:13:19.900+0000] {processor.py:183} INFO - Processing /home/airflow/.local/lib/python3.12/site-packages/airflow/example_dags/example_task_group.py took 0.037 seconds
[2025-12-17T02:08:58.375+0000] {processor.py:161} INFO - Started process (PID=41827) to work on /home/airflow/.local/lib/python3.12/site-packages/airflow/example_dags/example_task_group.py
[2025-12-17T02:08:58.376+0000] {processor.py:830} INFO - Processing file /home/airflow/.local/lib/python3.12/site-packages/airflow/example_dags/example_task_group.py for tasks to queue
[2025-12-17T02:08:58.376+0000] {logging_mixin.py:188} INFO - [2025-12-17T02:08:58.376+0000] {dagbag.py:545} INFO - Filling up the DagBag from /home/airflow/.local/lib/python3.12/site-packages/airflow/example_dags/example_task_group.py
[2025-12-17T02:08:58.381+0000] {processor.py:840} INFO - DAG(s) 'example_task_group' retrieved from /home/airflow/.local/lib/python3.12/site-packages/airflow/example_dags/example_task_group.py
[2025-12-17T02:08:58.394+0000] {logging_mixin.py:188} INFO - [2025-12-17T02:08:58.394+0000] {dag.py:3089} INFO - Sync 1 DAGs
[2025-12-17T02:08:58.503+0000] {logging_mixin.py:188} INFO - [2025-12-17T02:08:58.503+0000] {dag.py:3947} INFO - Setting next_dagrun for example_task_group to 2025-12-16 00:00:00+00:00, run_after=2025-12-17 00:00:00+00:00
[2025-12-17T02:08:58.515+0000] {processor.py:183} INFO - Processing /home/airflow/.local/lib/python3.12/site-packages/airflow/example_dags/example_task_group.py took 0.143 seconds
[2025-12-17T02:38:02.184+0000] {processor.py:161} INFO - Started process (PID=41886) to work on /home/airflow/.local/lib/python3.12/site-packages/airflow/example_dags/example_task_group.py
[2025-12-17T02:38:02.184+0000] {processor.py:830} INFO - Processing file /home/airflow/.local/lib/python3.12/site-packages/airflow/example_dags/example_task_group.py for tasks to queue
[2025-12-17T02:38:02.184+0000] {logging_mixin.py:188} INFO - [2025-12-17T02:38:02.184+0000] {dagbag.py:545} INFO - Filling up the DagBag from /home/airflow/.local/lib/python3.12/site-packages/airflow/example_dags/example_task_group.py
[2025-12-17T02:38:02.192+0000] {processor.py:840} INFO - DAG(s) 'example_task_group' retrieved from /home/airflow/.local/lib/python3.12/site-packages/airflow/example_dags/example_task_group.py
[2025-12-17T02:38:02.209+0000] {logging_mixin.py:188} INFO - [2025-12-17T02:38:02.209+0000] {dag.py:3089} INFO - Sync 1 DAGs
[2025-12-17T02:38:02.313+0000] {logging_mixin.py:188} INFO - [2025-12-17T02:38:02.313+0000] {dag.py:3947} INFO - Setting next_dagrun for example_task_group to 2025-12-16 00:00:00+00:00, run_after=2025-12-17 00:00:00+00:00
[2025-12-17T02:38:02.323+0000] {processor.py:183} INFO - Processing /home/airflow/.local/lib/python3.12/site-packages/airflow/example_dags/example_task_group.py took 0.144 seconds
[2025-12-17T03:29:15.116+0000] {processor.py:161} INFO - Started process (PID=41945) to work on /home/airflow/.local/lib/python3.12/site-packages/airflow/example_dags/example_task_group.py
[2025-12-17T03:29:15.117+0000] {processor.py:830} INFO - Processing file /home/airflow/.local/lib/python3.12/site-packages/airflow/example_dags/example_task_group.py for tasks to queue
[2025-12-17T03:29:15.118+0000] {logging_mixin.py:188} INFO - [2025-12-17T03:29:15.118+0000] {dagbag.py:545} INFO - Filling up the DagBag from /home/airflow/.local/lib/python3.12/site-packages/airflow/example_dags/example_task_group.py
[2025-12-17T03:29:15.121+0000] {processor.py:840} INFO - DAG(s) 'example_task_group' retrieved from /home/airflow/.local/lib/python3.12/site-packages/airflow/example_dags/example_task_group.py
[2025-12-17T03:29:15.137+0000] {logging_mixin.py:188} INFO - [2025-12-17T03:29:15.137+0000] {dag.py:3089} INFO - Sync 1 DAGs
[2025-12-17T03:29:15.152+0000] {logging_mixin.py:188} INFO - [2025-12-17T03:29:15.152+0000] {dag.py:3947} INFO - Setting next_dagrun for example_task_group to 2025-12-16 00:00:00+00:00, run_after=2025-12-17 00:00:00+00:00
[2025-12-17T03:29:15.240+0000] {processor.py:183} INFO - Processing /home/airflow/.local/lib/python3.12/site-packages/airflow/example_dags/example_task_group.py took 0.127 seconds
[2025-12-17T03:53:42.869+0000] {processor.py:161} INFO - Started process (PID=42004) to work on /home/airflow/.local/lib/python3.12/site-packages/airflow/example_dags/example_task_group.py
[2025-12-17T03:53:42.869+0000] {processor.py:830} INFO - Processing file /home/airflow/.local/lib/python3.12/site-packages/airflow/example_dags/example_task_group.py for tasks to queue
[2025-12-17T03:53:42.870+0000] {logging_mixin.py:188} INFO - [2025-12-17T03:53:42.870+0000] {dagbag.py:545} INFO - Filling up the DagBag from /home/airflow/.local/lib/python3.12/site-packages/airflow/example_dags/example_task_group.py
[2025-12-17T03:53:42.873+0000] {processor.py:840} INFO - DAG(s) 'example_task_group' retrieved from /home/airflow/.local/lib/python3.12/site-packages/airflow/example_dags/example_task_group.py
[2025-12-17T03:53:42.887+0000] {logging_mixin.py:188} INFO - [2025-12-17T03:53:42.887+0000] {dag.py:3089} INFO - Sync 1 DAGs
[2025-12-17T03:53:42.897+0000] {logging_mixin.py:188} INFO - [2025-12-17T03:53:42.897+0000] {dag.py:3947} INFO - Setting next_dagrun for example_task_group to 2025-12-16 00:00:00+00:00, run_after=2025-12-17 00:00:00+00:00
[2025-12-17T03:53:42.904+0000] {processor.py:183} INFO - Processing /home/airflow/.local/lib/python3.12/site-packages/airflow/example_dags/example_task_group.py took 0.038 seconds
[2025-12-17T04:54:45.619+0000] {processor.py:161} INFO - Started process (PID=42063) to work on /home/airflow/.local/lib/python3.12/site-packages/airflow/example_dags/example_task_group.py
[2025-12-17T04:54:45.620+0000] {processor.py:830} INFO - Processing file /home/airflow/.local/lib/python3.12/site-packages/airflow/example_dags/example_task_group.py for tasks to queue
[2025-12-17T04:54:45.621+0000] {logging_mixin.py:188} INFO - [2025-12-17T04:54:45.621+0000] {dagbag.py:545} INFO - Filling up the DagBag from /home/airflow/.local/lib/python3.12/site-packages/airflow/example_dags/example_task_group.py
[2025-12-17T04:54:45.625+0000] {processor.py:840} INFO - DAG(s) 'example_task_group' retrieved from /home/airflow/.local/lib/python3.12/site-packages/airflow/example_dags/example_task_group.py
[2025-12-17T04:54:45.642+0000] {logging_mixin.py:188} INFO - [2025-12-17T04:54:45.641+0000] {dag.py:3089} INFO - Sync 1 DAGs
[2025-12-17T04:54:45.654+0000] {logging_mixin.py:188} INFO - [2025-12-17T04:54:45.654+0000] {dag.py:3947} INFO - Setting next_dagrun for example_task_group to 2025-12-16 00:00:00+00:00, run_after=2025-12-17 00:00:00+00:00
[2025-12-17T04:54:45.666+0000] {processor.py:183} INFO - Processing /home/airflow/.local/lib/python3.12/site-packages/airflow/example_dags/example_task_group.py took 0.049 seconds
[2025-12-17T06:11:25.132+0000] {processor.py:161} INFO - Started process (PID=42122) to work on /home/airflow/.local/lib/python3.12/site-packages/airflow/example_dags/example_task_group.py
[2025-12-17T06:11:25.133+0000] {processor.py:830} INFO - Processing file /home/airflow/.local/lib/python3.12/site-packages/airflow/example_dags/example_task_group.py for tasks to queue
[2025-12-17T06:11:25.134+0000] {logging_mixin.py:188} INFO - [2025-12-17T06:11:25.133+0000] {dagbag.py:545} INFO - Filling up the DagBag from /home/airflow/.local/lib/python3.12/site-packages/airflow/example_dags/example_task_group.py
[2025-12-17T06:11:25.139+0000] {processor.py:840} INFO - DAG(s) 'example_task_group' retrieved from /home/airflow/.local/lib/python3.12/site-packages/airflow/example_dags/example_task_group.py
[2025-12-17T06:11:25.158+0000] {logging_mixin.py:188} INFO - [2025-12-17T06:11:25.158+0000] {dag.py:3089} INFO - Sync 1 DAGs
[2025-12-17T06:11:25.180+0000] {logging_mixin.py:188} INFO - [2025-12-17T06:11:25.179+0000] {dag.py:3947} INFO - Setting next_dagrun for example_task_group to 2025-12-16 00:00:00+00:00, run_after=2025-12-17 00:00:00+00:00
[2025-12-17T06:11:25.209+0000] {processor.py:183} INFO - Processing /home/airflow/.local/lib/python3.12/site-packages/airflow/example_dags/example_task_group.py took 0.081 seconds
[2025-12-17T07:48:05.212+0000] {processor.py:161} INFO - Started process (PID=42181) to work on /home/airflow/.local/lib/python3.12/site-packages/airflow/example_dags/example_task_group.py
[2025-12-17T07:48:05.213+0000] {processor.py:830} INFO - Processing file /home/airflow/.local/lib/python3.12/site-packages/airflow/example_dags/example_task_group.py for tasks to queue
[2025-12-17T07:48:05.213+0000] {logging_mixin.py:188} INFO - [2025-12-17T07:48:05.213+0000] {dagbag.py:545} INFO - Filling up the DagBag from /home/airflow/.local/lib/python3.12/site-packages/airflow/example_dags/example_task_group.py
[2025-12-17T07:48:05.217+0000] {processor.py:840} INFO - DAG(s) 'example_task_group' retrieved from /home/airflow/.local/lib/python3.12/site-packages/airflow/example_dags/example_task_group.py
[2025-12-17T07:48:05.228+0000] {logging_mixin.py:188} INFO - [2025-12-17T07:48:05.228+0000] {dag.py:3089} INFO - Sync 1 DAGs
[2025-12-17T07:48:05.238+0000] {logging_mixin.py:188} INFO - [2025-12-17T07:48:05.238+0000] {dag.py:3947} INFO - Setting next_dagrun for example_task_group to 2025-12-16 00:00:00+00:00, run_after=2025-12-17 00:00:00+00:00
[2025-12-17T07:48:05.246+0000] {processor.py:183} INFO - Processing /home/airflow/.local/lib/python3.12/site-packages/airflow/example_dags/example_task_group.py took 0.037 seconds
[2025-12-17T08:58:45.325+0000] {processor.py:161} INFO - Started process (PID=42240) to work on /home/airflow/.local/lib/python3.12/site-packages/airflow/example_dags/example_task_group.py
[2025-12-17T08:58:45.327+0000] {processor.py:830} INFO - Processing file /home/airflow/.local/lib/python3.12/site-packages/airflow/example_dags/example_task_group.py for tasks to queue
[2025-12-17T08:58:45.327+0000] {logging_mixin.py:188} INFO - [2025-12-17T08:58:45.327+0000] {dagbag.py:545} INFO - Filling up the DagBag from /home/airflow/.local/lib/python3.12/site-packages/airflow/example_dags/example_task_group.py
[2025-12-17T08:58:45.332+0000] {processor.py:840} INFO - DAG(s) 'example_task_group' retrieved from /home/airflow/.local/lib/python3.12/site-packages/airflow/example_dags/example_task_group.py
[2025-12-17T08:58:45.347+0000] {logging_mixin.py:188} INFO - [2025-12-17T08:58:45.347+0000] {dag.py:3089} INFO - Sync 1 DAGs
[2025-12-17T08:58:45.356+0000] {logging_mixin.py:188} INFO - [2025-12-17T08:58:45.356+0000] {dag.py:3947} INFO - Setting next_dagrun for example_task_group to 2025-12-16 00:00:00+00:00, run_after=2025-12-17 00:00:00+00:00
[2025-12-17T08:58:45.363+0000] {processor.py:183} INFO - Processing /home/airflow/.local/lib/python3.12/site-packages/airflow/example_dags/example_task_group.py took 0.041 seconds
[2025-12-17T09:21:00.043+0000] {processor.py:161} INFO - Started process (PID=42299) to work on /home/airflow/.local/lib/python3.12/site-packages/airflow/example_dags/example_task_group.py
[2025-12-17T09:21:00.044+0000] {processor.py:830} INFO - Processing file /home/airflow/.local/lib/python3.12/site-packages/airflow/example_dags/example_task_group.py for tasks to queue
[2025-12-17T09:21:00.044+0000] {logging_mixin.py:188} INFO - [2025-12-17T09:21:00.044+0000] {dagbag.py:545} INFO - Filling up the DagBag from /home/airflow/.local/lib/python3.12/site-packages/airflow/example_dags/example_task_group.py
[2025-12-17T09:21:00.048+0000] {processor.py:840} INFO - DAG(s) 'example_task_group' retrieved from /home/airflow/.local/lib/python3.12/site-packages/airflow/example_dags/example_task_group.py
[2025-12-17T09:21:00.057+0000] {logging_mixin.py:188} INFO - [2025-12-17T09:21:00.057+0000] {dag.py:3089} INFO - Sync 1 DAGs
[2025-12-17T09:21:00.070+0000] {logging_mixin.py:188} INFO - [2025-12-17T09:21:00.070+0000] {dag.py:3947} INFO - Setting next_dagrun for example_task_group to 2025-12-16 00:00:00+00:00, run_after=2025-12-17 00:00:00+00:00
[2025-12-17T09:21:00.086+0000] {processor.py:183} INFO - Processing /home/airflow/.local/lib/python3.12/site-packages/airflow/example_dags/example_task_group.py took 0.046 seconds
[2025-12-17T10:31:20.343+0000] {processor.py:161} INFO - Started process (PID=42358) to work on /home/airflow/.local/lib/python3.12/site-packages/airflow/example_dags/example_task_group.py
[2025-12-17T10:31:20.346+0000] {processor.py:830} INFO - Processing file /home/airflow/.local/lib/python3.12/site-packages/airflow/example_dags/example_task_group.py for tasks to queue
[2025-12-17T10:31:20.347+0000] {logging_mixin.py:188} INFO - [2025-12-17T10:31:20.346+0000] {dagbag.py:545} INFO - Filling up the DagBag from /home/airflow/.local/lib/python3.12/site-packages/airflow/example_dags/example_task_group.py
[2025-12-17T10:31:20.350+0000] {processor.py:840} INFO - DAG(s) 'example_task_group' retrieved from /home/airflow/.local/lib/python3.12/site-packages/airflow/example_dags/example_task_group.py
[2025-12-17T10:31:20.363+0000] {logging_mixin.py:188} INFO - [2025-12-17T10:31:20.362+0000] {dag.py:3089} INFO - Sync 1 DAGs
[2025-12-17T10:31:20.372+0000] {logging_mixin.py:188} INFO - [2025-12-17T10:31:20.372+0000] {dag.py:3947} INFO - Setting next_dagrun for example_task_group to 2025-12-16 00:00:00+00:00, run_after=2025-12-17 00:00:00+00:00
[2025-12-17T10:31:20.384+0000] {processor.py:183} INFO - Processing /home/airflow/.local/lib/python3.12/site-packages/airflow/example_dags/example_task_group.py took 0.043 seconds
[2025-12-17T11:32:04.708+0000] {processor.py:161} INFO - Started process (PID=42417) to work on /home/airflow/.local/lib/python3.12/site-packages/airflow/example_dags/example_task_group.py
[2025-12-17T11:32:04.710+0000] {processor.py:830} INFO - Processing file /home/airflow/.local/lib/python3.12/site-packages/airflow/example_dags/example_task_group.py for tasks to queue
[2025-12-17T11:32:04.711+0000] {logging_mixin.py:188} INFO - [2025-12-17T11:32:04.711+0000] {dagbag.py:545} INFO - Filling up the DagBag from /home/airflow/.local/lib/python3.12/site-packages/airflow/example_dags/example_task_group.py
[2025-12-17T11:32:04.716+0000] {processor.py:840} INFO - DAG(s) 'example_task_group' retrieved from /home/airflow/.local/lib/python3.12/site-packages/airflow/example_dags/example_task_group.py
[2025-12-17T11:32:04.729+0000] {logging_mixin.py:188} INFO - [2025-12-17T11:32:04.729+0000] {dag.py:3089} INFO - Sync 1 DAGs
[2025-12-17T11:32:04.739+0000] {logging_mixin.py:188} INFO - [2025-12-17T11:32:04.739+0000] {dag.py:3947} INFO - Setting next_dagrun for example_task_group to 2025-12-16 00:00:00+00:00, run_after=2025-12-17 00:00:00+00:00
[2025-12-17T11:32:04.746+0000] {processor.py:183} INFO - Processing /home/airflow/.local/lib/python3.12/site-packages/airflow/example_dags/example_task_group.py took 0.041 seconds
[2025-12-17T12:33:34.626+0000] {processor.py:161} INFO - Started process (PID=42476) to work on /home/airflow/.local/lib/python3.12/site-packages/airflow/example_dags/example_task_group.py
[2025-12-17T12:33:34.626+0000] {processor.py:830} INFO - Processing file /home/airflow/.local/lib/python3.12/site-packages/airflow/example_dags/example_task_group.py for tasks to queue
[2025-12-17T12:33:34.627+0000] {logging_mixin.py:188} INFO - [2025-12-17T12:33:34.627+0000] {dagbag.py:545} INFO - Filling up the DagBag from /home/airflow/.local/lib/python3.12/site-packages/airflow/example_dags/example_task_group.py
[2025-12-17T12:33:34.630+0000] {processor.py:840} INFO - DAG(s) 'example_task_group' retrieved from /home/airflow/.local/lib/python3.12/site-packages/airflow/example_dags/example_task_group.py
[2025-12-17T12:33:34.639+0000] {logging_mixin.py:188} INFO - [2025-12-17T12:33:34.639+0000] {dag.py:3089} INFO - Sync 1 DAGs
[2025-12-17T12:33:34.647+0000] {logging_mixin.py:188} INFO - [2025-12-17T12:33:34.646+0000] {dag.py:3947} INFO - Setting next_dagrun for example_task_group to 2025-12-16 00:00:00+00:00, run_after=2025-12-17 00:00:00+00:00
[2025-12-17T12:33:34.653+0000] {processor.py:183} INFO - Processing /home/airflow/.local/lib/python3.12/site-packages/airflow/example_dags/example_task_group.py took 0.030 seconds
[2025-12-17T13:42:09.573+0000] {processor.py:161} INFO - Started process (PID=42535) to work on /home/airflow/.local/lib/python3.12/site-packages/airflow/example_dags/example_task_group.py
[2025-12-17T13:42:09.574+0000] {processor.py:830} INFO - Processing file /home/airflow/.local/lib/python3.12/site-packages/airflow/example_dags/example_task_group.py for tasks to queue
[2025-12-17T13:42:09.574+0000] {logging_mixin.py:188} INFO - [2025-12-17T13:42:09.574+0000] {dagbag.py:545} INFO - Filling up the DagBag from /home/airflow/.local/lib/python3.12/site-packages/airflow/example_dags/example_task_group.py
[2025-12-17T13:42:09.578+0000] {processor.py:840} INFO - DAG(s) 'example_task_group' retrieved from /home/airflow/.local/lib/python3.12/site-packages/airflow/example_dags/example_task_group.py
[2025-12-17T13:42:09.586+0000] {logging_mixin.py:188} INFO - [2025-12-17T13:42:09.586+0000] {dag.py:3089} INFO - Sync 1 DAGs
[2025-12-17T13:42:09.594+0000] {logging_mixin.py:188} INFO - [2025-12-17T13:42:09.593+0000] {dag.py:3947} INFO - Setting next_dagrun for example_task_group to 2025-12-16 00:00:00+00:00, run_after=2025-12-17 00:00:00+00:00
[2025-12-17T13:42:09.600+0000] {processor.py:183} INFO - Processing /home/airflow/.local/lib/python3.12/site-packages/airflow/example_dags/example_task_group.py took 0.030 seconds
[2025-12-17T14:56:27.779+0000] {processor.py:161} INFO - Started process (PID=42594) to work on /home/airflow/.local/lib/python3.12/site-packages/airflow/example_dags/example_task_group.py
[2025-12-17T14:56:27.779+0000] {processor.py:830} INFO - Processing file /home/airflow/.local/lib/python3.12/site-packages/airflow/example_dags/example_task_group.py for tasks to queue
[2025-12-17T14:56:27.780+0000] {logging_mixin.py:188} INFO - [2025-12-17T14:56:27.780+0000] {dagbag.py:545} INFO - Filling up the DagBag from /home/airflow/.local/lib/python3.12/site-packages/airflow/example_dags/example_task_group.py
[2025-12-17T14:56:27.783+0000] {processor.py:840} INFO - DAG(s) 'example_task_group' retrieved from /home/airflow/.local/lib/python3.12/site-packages/airflow/example_dags/example_task_group.py
[2025-12-17T14:56:27.791+0000] {logging_mixin.py:188} INFO - [2025-12-17T14:56:27.791+0000] {dag.py:3089} INFO - Sync 1 DAGs
[2025-12-17T14:56:27.799+0000] {logging_mixin.py:188} INFO - [2025-12-17T14:56:27.799+0000] {dag.py:3947} INFO - Setting next_dagrun for example_task_group to 2025-12-16 00:00:00+00:00, run_after=2025-12-17 00:00:00+00:00
[2025-12-17T14:56:27.806+0000] {processor.py:183} INFO - Processing /home/airflow/.local/lib/python3.12/site-packages/airflow/example_dags/example_task_group.py took 0.030 seconds
[2025-12-17T16:05:46.203+0000] {processor.py:161} INFO - Started process (PID=42653) to work on /home/airflow/.local/lib/python3.12/site-packages/airflow/example_dags/example_task_group.py
[2025-12-17T16:05:46.204+0000] {processor.py:830} INFO - Processing file /home/airflow/.local/lib/python3.12/site-packages/airflow/example_dags/example_task_group.py for tasks to queue
[2025-12-17T16:05:46.204+0000] {logging_mixin.py:188} INFO - [2025-12-17T16:05:46.204+0000] {dagbag.py:545} INFO - Filling up the DagBag from /home/airflow/.local/lib/python3.12/site-packages/airflow/example_dags/example_task_group.py
[2025-12-17T16:05:46.209+0000] {processor.py:840} INFO - DAG(s) 'example_task_group' retrieved from /home/airflow/.local/lib/python3.12/site-packages/airflow/example_dags/example_task_group.py
[2025-12-17T16:05:46.220+0000] {logging_mixin.py:188} INFO - [2025-12-17T16:05:46.220+0000] {dag.py:3089} INFO - Sync 1 DAGs
[2025-12-17T16:05:46.232+0000] {logging_mixin.py:188} INFO - [2025-12-17T16:05:46.232+0000] {dag.py:3947} INFO - Setting next_dagrun for example_task_group to 2025-12-16 00:00:00+00:00, run_after=2025-12-17 00:00:00+00:00
[2025-12-17T16:05:46.246+0000] {processor.py:183} INFO - Processing /home/airflow/.local/lib/python3.12/site-packages/airflow/example_dags/example_task_group.py took 0.046 seconds
[2025-12-17T17:20:37.770+0000] {processor.py:161} INFO - Started process (PID=42712) to work on /home/airflow/.local/lib/python3.12/site-packages/airflow/example_dags/example_task_group.py
[2025-12-17T17:20:37.771+0000] {processor.py:830} INFO - Processing file /home/airflow/.local/lib/python3.12/site-packages/airflow/example_dags/example_task_group.py for tasks to queue
[2025-12-17T17:20:37.771+0000] {logging_mixin.py:188} INFO - [2025-12-17T17:20:37.771+0000] {dagbag.py:545} INFO - Filling up the DagBag from /home/airflow/.local/lib/python3.12/site-packages/airflow/example_dags/example_task_group.py
[2025-12-17T17:20:37.775+0000] {processor.py:840} INFO - DAG(s) 'example_task_group' retrieved from /home/airflow/.local/lib/python3.12/site-packages/airflow/example_dags/example_task_group.py
[2025-12-17T17:20:37.791+0000] {logging_mixin.py:188} INFO - [2025-12-17T17:20:37.791+0000] {dag.py:3089} INFO - Sync 1 DAGs
[2025-12-17T17:20:37.800+0000] {logging_mixin.py:188} INFO - [2025-12-17T17:20:37.800+0000] {dag.py:3947} INFO - Setting next_dagrun for example_task_group to 2025-12-16 00:00:00+00:00, run_after=2025-12-17 00:00:00+00:00
[2025-12-17T17:20:37.811+0000] {processor.py:183} INFO - Processing /home/airflow/.local/lib/python3.12/site-packages/airflow/example_dags/example_task_group.py took 0.044 seconds
[2025-12-17T18:07:07.044+0000] {processor.py:161} INFO - Started process (PID=42771) to work on /home/airflow/.local/lib/python3.12/site-packages/airflow/example_dags/example_task_group.py
[2025-12-17T18:07:07.045+0000] {processor.py:830} INFO - Processing file /home/airflow/.local/lib/python3.12/site-packages/airflow/example_dags/example_task_group.py for tasks to queue
[2025-12-17T18:07:07.046+0000] {logging_mixin.py:188} INFO - [2025-12-17T18:07:07.045+0000] {dagbag.py:545} INFO - Filling up the DagBag from /home/airflow/.local/lib/python3.12/site-packages/airflow/example_dags/example_task_group.py
[2025-12-17T18:07:07.049+0000] {processor.py:840} INFO - DAG(s) 'example_task_group' retrieved from /home/airflow/.local/lib/python3.12/site-packages/airflow/example_dags/example_task_group.py
[2025-12-17T18:07:07.058+0000] {logging_mixin.py:188} INFO - [2025-12-17T18:07:07.058+0000] {dag.py:3089} INFO - Sync 1 DAGs
[2025-12-17T18:07:07.068+0000] {logging_mixin.py:188} INFO - [2025-12-17T18:07:07.068+0000] {dag.py:3947} INFO - Setting next_dagrun for example_task_group to 2025-12-16 00:00:00+00:00, run_after=2025-12-17 00:00:00+00:00
[2025-12-17T18:07:07.082+0000] {processor.py:183} INFO - Processing /home/airflow/.local/lib/python3.12/site-packages/airflow/example_dags/example_task_group.py took 0.041 seconds
[2025-12-17T18:26:57.697+0000] {processor.py:161} INFO - Started process (PID=42830) to work on /home/airflow/.local/lib/python3.12/site-packages/airflow/example_dags/example_task_group.py
[2025-12-17T18:26:57.698+0000] {processor.py:830} INFO - Processing file /home/airflow/.local/lib/python3.12/site-packages/airflow/example_dags/example_task_group.py for tasks to queue
[2025-12-17T18:26:57.698+0000] {logging_mixin.py:188} INFO - [2025-12-17T18:26:57.698+0000] {dagbag.py:545} INFO - Filling up the DagBag from /home/airflow/.local/lib/python3.12/site-packages/airflow/example_dags/example_task_group.py
[2025-12-17T18:26:57.702+0000] {processor.py:840} INFO - DAG(s) 'example_task_group' retrieved from /home/airflow/.local/lib/python3.12/site-packages/airflow/example_dags/example_task_group.py
[2025-12-17T18:26:57.711+0000] {logging_mixin.py:188} INFO - [2025-12-17T18:26:57.711+0000] {dag.py:3089} INFO - Sync 1 DAGs
[2025-12-17T18:26:57.719+0000] {logging_mixin.py:188} INFO - [2025-12-17T18:26:57.719+0000] {dag.py:3947} INFO - Setting next_dagrun for example_task_group to 2025-12-16 00:00:00+00:00, run_after=2025-12-17 00:00:00+00:00
[2025-12-17T18:26:57.729+0000] {processor.py:183} INFO - Processing /home/airflow/.local/lib/python3.12/site-packages/airflow/example_dags/example_task_group.py took 0.035 seconds
[2025-12-17T19:41:42.207+0000] {processor.py:161} INFO - Started process (PID=42889) to work on /home/airflow/.local/lib/python3.12/site-packages/airflow/example_dags/example_task_group.py
[2025-12-17T19:41:42.208+0000] {processor.py:830} INFO - Processing file /home/airflow/.local/lib/python3.12/site-packages/airflow/example_dags/example_task_group.py for tasks to queue
[2025-12-17T19:41:42.208+0000] {logging_mixin.py:188} INFO - [2025-12-17T19:41:42.208+0000] {dagbag.py:545} INFO - Filling up the DagBag from /home/airflow/.local/lib/python3.12/site-packages/airflow/example_dags/example_task_group.py
[2025-12-17T19:41:42.213+0000] {processor.py:840} INFO - DAG(s) 'example_task_group' retrieved from /home/airflow/.local/lib/python3.12/site-packages/airflow/example_dags/example_task_group.py
[2025-12-17T19:41:42.227+0000] {logging_mixin.py:188} INFO - [2025-12-17T19:41:42.227+0000] {dag.py:3089} INFO - Sync 1 DAGs
[2025-12-17T19:41:42.238+0000] {logging_mixin.py:188} INFO - [2025-12-17T19:41:42.237+0000] {dag.py:3947} INFO - Setting next_dagrun for example_task_group to 2025-12-16 00:00:00+00:00, run_after=2025-12-17 00:00:00+00:00
[2025-12-17T19:41:42.247+0000] {processor.py:183} INFO - Processing /home/airflow/.local/lib/python3.12/site-packages/airflow/example_dags/example_task_group.py took 0.045 seconds
[2025-12-17T21:17:14.222+0000] {processor.py:161} INFO - Started process (PID=42948) to work on /home/airflow/.local/lib/python3.12/site-packages/airflow/example_dags/example_task_group.py
[2025-12-17T21:17:14.223+0000] {processor.py:830} INFO - Processing file /home/airflow/.local/lib/python3.12/site-packages/airflow/example_dags/example_task_group.py for tasks to queue
[2025-12-17T21:17:14.224+0000] {logging_mixin.py:188} INFO - [2025-12-17T21:17:14.223+0000] {dagbag.py:545} INFO - Filling up the DagBag from /home/airflow/.local/lib/python3.12/site-packages/airflow/example_dags/example_task_group.py
[2025-12-17T21:17:14.228+0000] {processor.py:840} INFO - DAG(s) 'example_task_group' retrieved from /home/airflow/.local/lib/python3.12/site-packages/airflow/example_dags/example_task_group.py
[2025-12-17T21:17:14.239+0000] {logging_mixin.py:188} INFO - [2025-12-17T21:17:14.239+0000] {dag.py:3089} INFO - Sync 1 DAGs
[2025-12-17T21:17:14.253+0000] {logging_mixin.py:188} INFO - [2025-12-17T21:17:14.253+0000] {dag.py:3947} INFO - Setting next_dagrun for example_task_group to 2025-12-16 00:00:00+00:00, run_after=2025-12-17 00:00:00+00:00
[2025-12-17T21:17:14.260+0000] {processor.py:183} INFO - Processing /home/airflow/.local/lib/python3.12/site-packages/airflow/example_dags/example_task_group.py took 0.041 seconds
[2025-12-17T22:30:37.179+0000] {processor.py:161} INFO - Started process (PID=43007) to work on /home/airflow/.local/lib/python3.12/site-packages/airflow/example_dags/example_task_group.py
[2025-12-17T22:30:37.182+0000] {processor.py:830} INFO - Processing file /home/airflow/.local/lib/python3.12/site-packages/airflow/example_dags/example_task_group.py for tasks to queue
[2025-12-17T22:30:37.182+0000] {logging_mixin.py:188} INFO - [2025-12-17T22:30:37.182+0000] {dagbag.py:545} INFO - Filling up the DagBag from /home/airflow/.local/lib/python3.12/site-packages/airflow/example_dags/example_task_group.py
[2025-12-17T22:30:37.187+0000] {processor.py:840} INFO - DAG(s) 'example_task_group' retrieved from /home/airflow/.local/lib/python3.12/site-packages/airflow/example_dags/example_task_group.py
[2025-12-17T22:30:37.197+0000] {logging_mixin.py:188} INFO - [2025-12-17T22:30:37.196+0000] {dag.py:3089} INFO - Sync 1 DAGs
[2025-12-17T22:30:37.206+0000] {logging_mixin.py:188} INFO - [2025-12-17T22:30:37.206+0000] {dag.py:3947} INFO - Setting next_dagrun for example_task_group to 2025-12-16 00:00:00+00:00, run_after=2025-12-17 00:00:00+00:00
[2025-12-17T22:30:37.213+0000] {processor.py:183} INFO - Processing /home/airflow/.local/lib/python3.12/site-packages/airflow/example_dags/example_task_group.py took 0.039 seconds
