[2025-12-17T00:49:44.262+0000] {processor.py:161} INFO - Started process (PID=41708) to work on /home/airflow/.local/lib/python3.12/site-packages/airflow/example_dags/example_trigger_controller_dag.py
[2025-12-17T00:49:44.263+0000] {processor.py:830} INFO - Processing file /home/airflow/.local/lib/python3.12/site-packages/airflow/example_dags/example_trigger_controller_dag.py for tasks to queue
[2025-12-17T00:49:44.264+0000] {logging_mixin.py:188} INFO - [2025-12-17T00:49:44.264+0000] {dagbag.py:545} INFO - Filling up the DagBag from /home/airflow/.local/lib/python3.12/site-packages/airflow/example_dags/example_trigger_controller_dag.py
[2025-12-17T00:49:44.267+0000] {processor.py:840} INFO - DAG(s) 'example_trigger_controller_dag' retrieved from /home/airflow/.local/lib/python3.12/site-packages/airflow/example_dags/example_trigger_controller_dag.py
[2025-12-17T00:49:44.278+0000] {logging_mixin.py:188} INFO - [2025-12-17T00:49:44.278+0000] {dag.py:3089} INFO - Sync 1 DAGs
[2025-12-17T00:49:44.291+0000] {logging_mixin.py:188} INFO - [2025-12-17T00:49:44.291+0000] {dag.py:3947} INFO - Setting next_dagrun for example_trigger_controller_dag to 2021-01-01 00:00:00+00:00, run_after=2021-01-01 00:00:00+00:00
[2025-12-17T00:49:44.304+0000] {processor.py:183} INFO - Processing /home/airflow/.local/lib/python3.12/site-packages/airflow/example_dags/example_trigger_controller_dag.py took 0.045 seconds
[2025-12-17T01:13:19.862+0000] {processor.py:161} INFO - Started process (PID=41767) to work on /home/airflow/.local/lib/python3.12/site-packages/airflow/example_dags/example_trigger_controller_dag.py
[2025-12-17T01:13:19.862+0000] {processor.py:830} INFO - Processing file /home/airflow/.local/lib/python3.12/site-packages/airflow/example_dags/example_trigger_controller_dag.py for tasks to queue
[2025-12-17T01:13:19.863+0000] {logging_mixin.py:188} INFO - [2025-12-17T01:13:19.863+0000] {dagbag.py:545} INFO - Filling up the DagBag from /home/airflow/.local/lib/python3.12/site-packages/airflow/example_dags/example_trigger_controller_dag.py
[2025-12-17T01:13:19.865+0000] {processor.py:840} INFO - DAG(s) 'example_trigger_controller_dag' retrieved from /home/airflow/.local/lib/python3.12/site-packages/airflow/example_dags/example_trigger_controller_dag.py
[2025-12-17T01:13:19.877+0000] {logging_mixin.py:188} INFO - [2025-12-17T01:13:19.877+0000] {dag.py:3089} INFO - Sync 1 DAGs
[2025-12-17T01:13:19.887+0000] {logging_mixin.py:188} INFO - [2025-12-17T01:13:19.887+0000] {dag.py:3947} INFO - Setting next_dagrun for example_trigger_controller_dag to 2021-01-01 00:00:00+00:00, run_after=2021-01-01 00:00:00+00:00
[2025-12-17T01:13:19.898+0000] {processor.py:183} INFO - Processing /home/airflow/.local/lib/python3.12/site-packages/airflow/example_dags/example_trigger_controller_dag.py took 0.039 seconds
[2025-12-17T02:08:58.313+0000] {processor.py:161} INFO - Started process (PID=41826) to work on /home/airflow/.local/lib/python3.12/site-packages/airflow/example_dags/example_trigger_controller_dag.py
[2025-12-17T02:08:58.314+0000] {processor.py:830} INFO - Processing file /home/airflow/.local/lib/python3.12/site-packages/airflow/example_dags/example_trigger_controller_dag.py for tasks to queue
[2025-12-17T02:08:58.314+0000] {logging_mixin.py:188} INFO - [2025-12-17T02:08:58.314+0000] {dagbag.py:545} INFO - Filling up the DagBag from /home/airflow/.local/lib/python3.12/site-packages/airflow/example_dags/example_trigger_controller_dag.py
[2025-12-17T02:08:58.317+0000] {processor.py:840} INFO - DAG(s) 'example_trigger_controller_dag' retrieved from /home/airflow/.local/lib/python3.12/site-packages/airflow/example_dags/example_trigger_controller_dag.py
[2025-12-17T02:08:58.329+0000] {logging_mixin.py:188} INFO - [2025-12-17T02:08:58.329+0000] {dag.py:3089} INFO - Sync 1 DAGs
[2025-12-17T02:08:58.435+0000] {logging_mixin.py:188} INFO - [2025-12-17T02:08:58.434+0000] {dag.py:3947} INFO - Setting next_dagrun for example_trigger_controller_dag to 2021-01-01 00:00:00+00:00, run_after=2021-01-01 00:00:00+00:00
[2025-12-17T02:08:58.450+0000] {processor.py:183} INFO - Processing /home/airflow/.local/lib/python3.12/site-packages/airflow/example_dags/example_trigger_controller_dag.py took 0.140 seconds
[2025-12-17T02:38:02.074+0000] {processor.py:161} INFO - Started process (PID=41885) to work on /home/airflow/.local/lib/python3.12/site-packages/airflow/example_dags/example_trigger_controller_dag.py
[2025-12-17T02:38:02.074+0000] {processor.py:830} INFO - Processing file /home/airflow/.local/lib/python3.12/site-packages/airflow/example_dags/example_trigger_controller_dag.py for tasks to queue
[2025-12-17T02:38:02.075+0000] {logging_mixin.py:188} INFO - [2025-12-17T02:38:02.075+0000] {dagbag.py:545} INFO - Filling up the DagBag from /home/airflow/.local/lib/python3.12/site-packages/airflow/example_dags/example_trigger_controller_dag.py
[2025-12-17T02:38:02.077+0000] {processor.py:840} INFO - DAG(s) 'example_trigger_controller_dag' retrieved from /home/airflow/.local/lib/python3.12/site-packages/airflow/example_dags/example_trigger_controller_dag.py
[2025-12-17T02:38:02.085+0000] {logging_mixin.py:188} INFO - [2025-12-17T02:38:02.085+0000] {dag.py:3089} INFO - Sync 1 DAGs
[2025-12-17T02:38:02.093+0000] {logging_mixin.py:188} INFO - [2025-12-17T02:38:02.093+0000] {dag.py:3947} INFO - Setting next_dagrun for example_trigger_controller_dag to 2021-01-01 00:00:00+00:00, run_after=2021-01-01 00:00:00+00:00
[2025-12-17T02:38:02.170+0000] {processor.py:183} INFO - Processing /home/airflow/.local/lib/python3.12/site-packages/airflow/example_dags/example_trigger_controller_dag.py took 0.098 seconds
[2025-12-17T03:29:15.110+0000] {processor.py:161} INFO - Started process (PID=41944) to work on /home/airflow/.local/lib/python3.12/site-packages/airflow/example_dags/example_trigger_controller_dag.py
[2025-12-17T03:29:15.112+0000] {processor.py:830} INFO - Processing file /home/airflow/.local/lib/python3.12/site-packages/airflow/example_dags/example_trigger_controller_dag.py for tasks to queue
[2025-12-17T03:29:15.112+0000] {logging_mixin.py:188} INFO - [2025-12-17T03:29:15.112+0000] {dagbag.py:545} INFO - Filling up the DagBag from /home/airflow/.local/lib/python3.12/site-packages/airflow/example_dags/example_trigger_controller_dag.py
[2025-12-17T03:29:15.116+0000] {processor.py:840} INFO - DAG(s) 'example_trigger_controller_dag' retrieved from /home/airflow/.local/lib/python3.12/site-packages/airflow/example_dags/example_trigger_controller_dag.py
[2025-12-17T03:29:15.128+0000] {logging_mixin.py:188} INFO - [2025-12-17T03:29:15.128+0000] {dag.py:3089} INFO - Sync 1 DAGs
[2025-12-17T03:29:15.138+0000] {logging_mixin.py:188} INFO - [2025-12-17T03:29:15.138+0000] {dag.py:3947} INFO - Setting next_dagrun for example_trigger_controller_dag to 2021-01-01 00:00:00+00:00, run_after=2021-01-01 00:00:00+00:00
[2025-12-17T03:29:15.234+0000] {processor.py:183} INFO - Processing /home/airflow/.local/lib/python3.12/site-packages/airflow/example_dags/example_trigger_controller_dag.py took 0.126 seconds
[2025-12-17T03:53:42.853+0000] {processor.py:161} INFO - Started process (PID=42003) to work on /home/airflow/.local/lib/python3.12/site-packages/airflow/example_dags/example_trigger_controller_dag.py
[2025-12-17T03:53:42.854+0000] {processor.py:830} INFO - Processing file /home/airflow/.local/lib/python3.12/site-packages/airflow/example_dags/example_trigger_controller_dag.py for tasks to queue
[2025-12-17T03:53:42.854+0000] {logging_mixin.py:188} INFO - [2025-12-17T03:53:42.854+0000] {dagbag.py:545} INFO - Filling up the DagBag from /home/airflow/.local/lib/python3.12/site-packages/airflow/example_dags/example_trigger_controller_dag.py
[2025-12-17T03:53:42.856+0000] {processor.py:840} INFO - DAG(s) 'example_trigger_controller_dag' retrieved from /home/airflow/.local/lib/python3.12/site-packages/airflow/example_dags/example_trigger_controller_dag.py
[2025-12-17T03:53:42.865+0000] {logging_mixin.py:188} INFO - [2025-12-17T03:53:42.865+0000] {dag.py:3089} INFO - Sync 1 DAGs
[2025-12-17T03:53:42.876+0000] {logging_mixin.py:188} INFO - [2025-12-17T03:53:42.876+0000] {dag.py:3947} INFO - Setting next_dagrun for example_trigger_controller_dag to 2021-01-01 00:00:00+00:00, run_after=2021-01-01 00:00:00+00:00
[2025-12-17T03:53:42.887+0000] {processor.py:183} INFO - Processing /home/airflow/.local/lib/python3.12/site-packages/airflow/example_dags/example_trigger_controller_dag.py took 0.037 seconds
[2025-12-17T04:54:45.572+0000] {processor.py:161} INFO - Started process (PID=42062) to work on /home/airflow/.local/lib/python3.12/site-packages/airflow/example_dags/example_trigger_controller_dag.py
[2025-12-17T04:54:45.573+0000] {processor.py:830} INFO - Processing file /home/airflow/.local/lib/python3.12/site-packages/airflow/example_dags/example_trigger_controller_dag.py for tasks to queue
[2025-12-17T04:54:45.575+0000] {logging_mixin.py:188} INFO - [2025-12-17T04:54:45.574+0000] {dagbag.py:545} INFO - Filling up the DagBag from /home/airflow/.local/lib/python3.12/site-packages/airflow/example_dags/example_trigger_controller_dag.py
[2025-12-17T04:54:45.577+0000] {processor.py:840} INFO - DAG(s) 'example_trigger_controller_dag' retrieved from /home/airflow/.local/lib/python3.12/site-packages/airflow/example_dags/example_trigger_controller_dag.py
[2025-12-17T04:54:45.592+0000] {logging_mixin.py:188} INFO - [2025-12-17T04:54:45.592+0000] {dag.py:3089} INFO - Sync 1 DAGs
[2025-12-17T04:54:45.603+0000] {logging_mixin.py:188} INFO - [2025-12-17T04:54:45.603+0000] {dag.py:3947} INFO - Setting next_dagrun for example_trigger_controller_dag to 2021-01-01 00:00:00+00:00, run_after=2021-01-01 00:00:00+00:00
[2025-12-17T04:54:45.613+0000] {processor.py:183} INFO - Processing /home/airflow/.local/lib/python3.12/site-packages/airflow/example_dags/example_trigger_controller_dag.py took 0.043 seconds
[2025-12-17T06:11:24.912+0000] {processor.py:161} INFO - Started process (PID=42121) to work on /home/airflow/.local/lib/python3.12/site-packages/airflow/example_dags/example_trigger_controller_dag.py
[2025-12-17T06:11:24.913+0000] {processor.py:830} INFO - Processing file /home/airflow/.local/lib/python3.12/site-packages/airflow/example_dags/example_trigger_controller_dag.py for tasks to queue
[2025-12-17T06:11:24.913+0000] {logging_mixin.py:188} INFO - [2025-12-17T06:11:24.913+0000] {dagbag.py:545} INFO - Filling up the DagBag from /home/airflow/.local/lib/python3.12/site-packages/airflow/example_dags/example_trigger_controller_dag.py
[2025-12-17T06:11:24.916+0000] {processor.py:840} INFO - DAG(s) 'example_trigger_controller_dag' retrieved from /home/airflow/.local/lib/python3.12/site-packages/airflow/example_dags/example_trigger_controller_dag.py
[2025-12-17T06:11:25.036+0000] {logging_mixin.py:188} INFO - [2025-12-17T06:11:25.036+0000] {dag.py:3089} INFO - Sync 1 DAGs
[2025-12-17T06:11:25.074+0000] {logging_mixin.py:188} INFO - [2025-12-17T06:11:25.073+0000] {dag.py:3947} INFO - Setting next_dagrun for example_trigger_controller_dag to 2021-01-01 00:00:00+00:00, run_after=2021-01-01 00:00:00+00:00
[2025-12-17T06:11:25.118+0000] {processor.py:183} INFO - Processing /home/airflow/.local/lib/python3.12/site-packages/airflow/example_dags/example_trigger_controller_dag.py took 0.208 seconds
[2025-12-17T07:48:05.145+0000] {processor.py:161} INFO - Started process (PID=42180) to work on /home/airflow/.local/lib/python3.12/site-packages/airflow/example_dags/example_trigger_controller_dag.py
[2025-12-17T07:48:05.146+0000] {processor.py:830} INFO - Processing file /home/airflow/.local/lib/python3.12/site-packages/airflow/example_dags/example_trigger_controller_dag.py for tasks to queue
[2025-12-17T07:48:05.146+0000] {logging_mixin.py:188} INFO - [2025-12-17T07:48:05.146+0000] {dagbag.py:545} INFO - Filling up the DagBag from /home/airflow/.local/lib/python3.12/site-packages/airflow/example_dags/example_trigger_controller_dag.py
[2025-12-17T07:48:05.149+0000] {processor.py:840} INFO - DAG(s) 'example_trigger_controller_dag' retrieved from /home/airflow/.local/lib/python3.12/site-packages/airflow/example_dags/example_trigger_controller_dag.py
[2025-12-17T07:48:05.166+0000] {logging_mixin.py:188} INFO - [2025-12-17T07:48:05.166+0000] {dag.py:3089} INFO - Sync 1 DAGs
[2025-12-17T07:48:05.183+0000] {logging_mixin.py:188} INFO - [2025-12-17T07:48:05.183+0000] {dag.py:3947} INFO - Setting next_dagrun for example_trigger_controller_dag to 2021-01-01 00:00:00+00:00, run_after=2021-01-01 00:00:00+00:00
[2025-12-17T07:48:05.198+0000] {processor.py:183} INFO - Processing /home/airflow/.local/lib/python3.12/site-packages/airflow/example_dags/example_trigger_controller_dag.py took 0.056 seconds
[2025-12-17T08:58:45.313+0000] {processor.py:161} INFO - Started process (PID=42239) to work on /home/airflow/.local/lib/python3.12/site-packages/airflow/example_dags/example_trigger_controller_dag.py
[2025-12-17T08:58:45.316+0000] {processor.py:830} INFO - Processing file /home/airflow/.local/lib/python3.12/site-packages/airflow/example_dags/example_trigger_controller_dag.py for tasks to queue
[2025-12-17T08:58:45.316+0000] {logging_mixin.py:188} INFO - [2025-12-17T08:58:45.316+0000] {dagbag.py:545} INFO - Filling up the DagBag from /home/airflow/.local/lib/python3.12/site-packages/airflow/example_dags/example_trigger_controller_dag.py
[2025-12-17T08:58:45.319+0000] {processor.py:840} INFO - DAG(s) 'example_trigger_controller_dag' retrieved from /home/airflow/.local/lib/python3.12/site-packages/airflow/example_dags/example_trigger_controller_dag.py
[2025-12-17T08:58:45.327+0000] {logging_mixin.py:188} INFO - [2025-12-17T08:58:45.327+0000] {dag.py:3089} INFO - Sync 1 DAGs
[2025-12-17T08:58:45.336+0000] {logging_mixin.py:188} INFO - [2025-12-17T08:58:45.336+0000] {dag.py:3947} INFO - Setting next_dagrun for example_trigger_controller_dag to 2021-01-01 00:00:00+00:00, run_after=2021-01-01 00:00:00+00:00
[2025-12-17T08:58:45.347+0000] {processor.py:183} INFO - Processing /home/airflow/.local/lib/python3.12/site-packages/airflow/example_dags/example_trigger_controller_dag.py took 0.037 seconds
[2025-12-17T09:21:00.006+0000] {processor.py:161} INFO - Started process (PID=42298) to work on /home/airflow/.local/lib/python3.12/site-packages/airflow/example_dags/example_trigger_controller_dag.py
[2025-12-17T09:21:00.008+0000] {processor.py:830} INFO - Processing file /home/airflow/.local/lib/python3.12/site-packages/airflow/example_dags/example_trigger_controller_dag.py for tasks to queue
[2025-12-17T09:21:00.009+0000] {logging_mixin.py:188} INFO - [2025-12-17T09:21:00.009+0000] {dagbag.py:545} INFO - Filling up the DagBag from /home/airflow/.local/lib/python3.12/site-packages/airflow/example_dags/example_trigger_controller_dag.py
[2025-12-17T09:21:00.011+0000] {processor.py:840} INFO - DAG(s) 'example_trigger_controller_dag' retrieved from /home/airflow/.local/lib/python3.12/site-packages/airflow/example_dags/example_trigger_controller_dag.py
[2025-12-17T09:21:00.023+0000] {logging_mixin.py:188} INFO - [2025-12-17T09:21:00.023+0000] {dag.py:3089} INFO - Sync 1 DAGs
[2025-12-17T09:21:00.031+0000] {logging_mixin.py:188} INFO - [2025-12-17T09:21:00.031+0000] {dag.py:3947} INFO - Setting next_dagrun for example_trigger_controller_dag to 2021-01-01 00:00:00+00:00, run_after=2021-01-01 00:00:00+00:00
[2025-12-17T09:21:00.041+0000] {processor.py:183} INFO - Processing /home/airflow/.local/lib/python3.12/site-packages/airflow/example_dags/example_trigger_controller_dag.py took 0.038 seconds
[2025-12-17T10:31:20.314+0000] {processor.py:161} INFO - Started process (PID=42357) to work on /home/airflow/.local/lib/python3.12/site-packages/airflow/example_dags/example_trigger_controller_dag.py
[2025-12-17T10:31:20.315+0000] {processor.py:830} INFO - Processing file /home/airflow/.local/lib/python3.12/site-packages/airflow/example_dags/example_trigger_controller_dag.py for tasks to queue
[2025-12-17T10:31:20.315+0000] {logging_mixin.py:188} INFO - [2025-12-17T10:31:20.315+0000] {dagbag.py:545} INFO - Filling up the DagBag from /home/airflow/.local/lib/python3.12/site-packages/airflow/example_dags/example_trigger_controller_dag.py
[2025-12-17T10:31:20.317+0000] {processor.py:840} INFO - DAG(s) 'example_trigger_controller_dag' retrieved from /home/airflow/.local/lib/python3.12/site-packages/airflow/example_dags/example_trigger_controller_dag.py
[2025-12-17T10:31:20.327+0000] {logging_mixin.py:188} INFO - [2025-12-17T10:31:20.327+0000] {dag.py:3089} INFO - Sync 1 DAGs
[2025-12-17T10:31:20.336+0000] {logging_mixin.py:188} INFO - [2025-12-17T10:31:20.336+0000] {dag.py:3947} INFO - Setting next_dagrun for example_trigger_controller_dag to 2021-01-01 00:00:00+00:00, run_after=2021-01-01 00:00:00+00:00
[2025-12-17T10:31:20.343+0000] {processor.py:183} INFO - Processing /home/airflow/.local/lib/python3.12/site-packages/airflow/example_dags/example_trigger_controller_dag.py took 0.032 seconds
[2025-12-17T11:32:04.698+0000] {processor.py:161} INFO - Started process (PID=42416) to work on /home/airflow/.local/lib/python3.12/site-packages/airflow/example_dags/example_trigger_controller_dag.py
[2025-12-17T11:32:04.699+0000] {processor.py:830} INFO - Processing file /home/airflow/.local/lib/python3.12/site-packages/airflow/example_dags/example_trigger_controller_dag.py for tasks to queue
[2025-12-17T11:32:04.700+0000] {logging_mixin.py:188} INFO - [2025-12-17T11:32:04.700+0000] {dagbag.py:545} INFO - Filling up the DagBag from /home/airflow/.local/lib/python3.12/site-packages/airflow/example_dags/example_trigger_controller_dag.py
[2025-12-17T11:32:04.702+0000] {processor.py:840} INFO - DAG(s) 'example_trigger_controller_dag' retrieved from /home/airflow/.local/lib/python3.12/site-packages/airflow/example_dags/example_trigger_controller_dag.py
[2025-12-17T11:32:04.711+0000] {logging_mixin.py:188} INFO - [2025-12-17T11:32:04.711+0000] {dag.py:3089} INFO - Sync 1 DAGs
[2025-12-17T11:32:04.720+0000] {logging_mixin.py:188} INFO - [2025-12-17T11:32:04.720+0000] {dag.py:3947} INFO - Setting next_dagrun for example_trigger_controller_dag to 2021-01-01 00:00:00+00:00, run_after=2021-01-01 00:00:00+00:00
[2025-12-17T11:32:04.732+0000] {processor.py:183} INFO - Processing /home/airflow/.local/lib/python3.12/site-packages/airflow/example_dags/example_trigger_controller_dag.py took 0.037 seconds
[2025-12-17T12:33:34.580+0000] {processor.py:161} INFO - Started process (PID=42475) to work on /home/airflow/.local/lib/python3.12/site-packages/airflow/example_dags/example_trigger_controller_dag.py
[2025-12-17T12:33:34.581+0000] {processor.py:830} INFO - Processing file /home/airflow/.local/lib/python3.12/site-packages/airflow/example_dags/example_trigger_controller_dag.py for tasks to queue
[2025-12-17T12:33:34.581+0000] {logging_mixin.py:188} INFO - [2025-12-17T12:33:34.581+0000] {dagbag.py:545} INFO - Filling up the DagBag from /home/airflow/.local/lib/python3.12/site-packages/airflow/example_dags/example_trigger_controller_dag.py
[2025-12-17T12:33:34.585+0000] {processor.py:840} INFO - DAG(s) 'example_trigger_controller_dag' retrieved from /home/airflow/.local/lib/python3.12/site-packages/airflow/example_dags/example_trigger_controller_dag.py
[2025-12-17T12:33:34.596+0000] {logging_mixin.py:188} INFO - [2025-12-17T12:33:34.596+0000] {dag.py:3089} INFO - Sync 1 DAGs
[2025-12-17T12:33:34.604+0000] {logging_mixin.py:188} INFO - [2025-12-17T12:33:34.604+0000] {dag.py:3947} INFO - Setting next_dagrun for example_trigger_controller_dag to 2021-01-01 00:00:00+00:00, run_after=2021-01-01 00:00:00+00:00
[2025-12-17T12:33:34.615+0000] {processor.py:183} INFO - Processing /home/airflow/.local/lib/python3.12/site-packages/airflow/example_dags/example_trigger_controller_dag.py took 0.037 seconds
[2025-12-17T13:42:09.530+0000] {processor.py:161} INFO - Started process (PID=42534) to work on /home/airflow/.local/lib/python3.12/site-packages/airflow/example_dags/example_trigger_controller_dag.py
[2025-12-17T13:42:09.531+0000] {processor.py:830} INFO - Processing file /home/airflow/.local/lib/python3.12/site-packages/airflow/example_dags/example_trigger_controller_dag.py for tasks to queue
[2025-12-17T13:42:09.532+0000] {logging_mixin.py:188} INFO - [2025-12-17T13:42:09.532+0000] {dagbag.py:545} INFO - Filling up the DagBag from /home/airflow/.local/lib/python3.12/site-packages/airflow/example_dags/example_trigger_controller_dag.py
[2025-12-17T13:42:09.534+0000] {processor.py:840} INFO - DAG(s) 'example_trigger_controller_dag' retrieved from /home/airflow/.local/lib/python3.12/site-packages/airflow/example_dags/example_trigger_controller_dag.py
[2025-12-17T13:42:09.546+0000] {logging_mixin.py:188} INFO - [2025-12-17T13:42:09.545+0000] {dag.py:3089} INFO - Sync 1 DAGs
[2025-12-17T13:42:09.555+0000] {logging_mixin.py:188} INFO - [2025-12-17T13:42:09.555+0000] {dag.py:3947} INFO - Setting next_dagrun for example_trigger_controller_dag to 2021-01-01 00:00:00+00:00, run_after=2021-01-01 00:00:00+00:00
[2025-12-17T13:42:09.565+0000] {processor.py:183} INFO - Processing /home/airflow/.local/lib/python3.12/site-packages/airflow/example_dags/example_trigger_controller_dag.py took 0.037 seconds
[2025-12-17T14:56:27.729+0000] {processor.py:161} INFO - Started process (PID=42593) to work on /home/airflow/.local/lib/python3.12/site-packages/airflow/example_dags/example_trigger_controller_dag.py
[2025-12-17T14:56:27.731+0000] {processor.py:830} INFO - Processing file /home/airflow/.local/lib/python3.12/site-packages/airflow/example_dags/example_trigger_controller_dag.py for tasks to queue
[2025-12-17T14:56:27.731+0000] {logging_mixin.py:188} INFO - [2025-12-17T14:56:27.731+0000] {dagbag.py:545} INFO - Filling up the DagBag from /home/airflow/.local/lib/python3.12/site-packages/airflow/example_dags/example_trigger_controller_dag.py
[2025-12-17T14:56:27.733+0000] {processor.py:840} INFO - DAG(s) 'example_trigger_controller_dag' retrieved from /home/airflow/.local/lib/python3.12/site-packages/airflow/example_dags/example_trigger_controller_dag.py
[2025-12-17T14:56:27.747+0000] {logging_mixin.py:188} INFO - [2025-12-17T14:56:27.747+0000] {dag.py:3089} INFO - Sync 1 DAGs
[2025-12-17T14:56:27.757+0000] {logging_mixin.py:188} INFO - [2025-12-17T14:56:27.757+0000] {dag.py:3947} INFO - Setting next_dagrun for example_trigger_controller_dag to 2021-01-01 00:00:00+00:00, run_after=2021-01-01 00:00:00+00:00
[2025-12-17T14:56:27.768+0000] {processor.py:183} INFO - Processing /home/airflow/.local/lib/python3.12/site-packages/airflow/example_dags/example_trigger_controller_dag.py took 0.042 seconds
[2025-12-17T16:05:46.149+0000] {processor.py:161} INFO - Started process (PID=42652) to work on /home/airflow/.local/lib/python3.12/site-packages/airflow/example_dags/example_trigger_controller_dag.py
[2025-12-17T16:05:46.150+0000] {processor.py:830} INFO - Processing file /home/airflow/.local/lib/python3.12/site-packages/airflow/example_dags/example_trigger_controller_dag.py for tasks to queue
[2025-12-17T16:05:46.150+0000] {logging_mixin.py:188} INFO - [2025-12-17T16:05:46.150+0000] {dagbag.py:545} INFO - Filling up the DagBag from /home/airflow/.local/lib/python3.12/site-packages/airflow/example_dags/example_trigger_controller_dag.py
[2025-12-17T16:05:46.154+0000] {processor.py:840} INFO - DAG(s) 'example_trigger_controller_dag' retrieved from /home/airflow/.local/lib/python3.12/site-packages/airflow/example_dags/example_trigger_controller_dag.py
[2025-12-17T16:05:46.169+0000] {logging_mixin.py:188} INFO - [2025-12-17T16:05:46.169+0000] {dag.py:3089} INFO - Sync 1 DAGs
[2025-12-17T16:05:46.182+0000] {logging_mixin.py:188} INFO - [2025-12-17T16:05:46.181+0000] {dag.py:3947} INFO - Setting next_dagrun for example_trigger_controller_dag to 2021-01-01 00:00:00+00:00, run_after=2021-01-01 00:00:00+00:00
[2025-12-17T16:05:46.195+0000] {processor.py:183} INFO - Processing /home/airflow/.local/lib/python3.12/site-packages/airflow/example_dags/example_trigger_controller_dag.py took 0.053 seconds
[2025-12-17T17:20:37.731+0000] {processor.py:161} INFO - Started process (PID=42711) to work on /home/airflow/.local/lib/python3.12/site-packages/airflow/example_dags/example_trigger_controller_dag.py
[2025-12-17T17:20:37.731+0000] {processor.py:830} INFO - Processing file /home/airflow/.local/lib/python3.12/site-packages/airflow/example_dags/example_trigger_controller_dag.py for tasks to queue
[2025-12-17T17:20:37.732+0000] {logging_mixin.py:188} INFO - [2025-12-17T17:20:37.732+0000] {dagbag.py:545} INFO - Filling up the DagBag from /home/airflow/.local/lib/python3.12/site-packages/airflow/example_dags/example_trigger_controller_dag.py
[2025-12-17T17:20:37.734+0000] {processor.py:840} INFO - DAG(s) 'example_trigger_controller_dag' retrieved from /home/airflow/.local/lib/python3.12/site-packages/airflow/example_dags/example_trigger_controller_dag.py
[2025-12-17T17:20:37.743+0000] {logging_mixin.py:188} INFO - [2025-12-17T17:20:37.743+0000] {dag.py:3089} INFO - Sync 1 DAGs
[2025-12-17T17:20:37.751+0000] {logging_mixin.py:188} INFO - [2025-12-17T17:20:37.751+0000] {dag.py:3947} INFO - Setting next_dagrun for example_trigger_controller_dag to 2021-01-01 00:00:00+00:00, run_after=2021-01-01 00:00:00+00:00
[2025-12-17T17:20:37.759+0000] {processor.py:183} INFO - Processing /home/airflow/.local/lib/python3.12/site-packages/airflow/example_dags/example_trigger_controller_dag.py took 0.034 seconds
[2025-12-17T18:07:07.003+0000] {processor.py:161} INFO - Started process (PID=42770) to work on /home/airflow/.local/lib/python3.12/site-packages/airflow/example_dags/example_trigger_controller_dag.py
[2025-12-17T18:07:07.004+0000] {processor.py:830} INFO - Processing file /home/airflow/.local/lib/python3.12/site-packages/airflow/example_dags/example_trigger_controller_dag.py for tasks to queue
[2025-12-17T18:07:07.005+0000] {logging_mixin.py:188} INFO - [2025-12-17T18:07:07.005+0000] {dagbag.py:545} INFO - Filling up the DagBag from /home/airflow/.local/lib/python3.12/site-packages/airflow/example_dags/example_trigger_controller_dag.py
[2025-12-17T18:07:07.010+0000] {processor.py:840} INFO - DAG(s) 'example_trigger_controller_dag' retrieved from /home/airflow/.local/lib/python3.12/site-packages/airflow/example_dags/example_trigger_controller_dag.py
[2025-12-17T18:07:07.024+0000] {logging_mixin.py:188} INFO - [2025-12-17T18:07:07.024+0000] {dag.py:3089} INFO - Sync 1 DAGs
[2025-12-17T18:07:07.033+0000] {logging_mixin.py:188} INFO - [2025-12-17T18:07:07.033+0000] {dag.py:3947} INFO - Setting next_dagrun for example_trigger_controller_dag to 2021-01-01 00:00:00+00:00, run_after=2021-01-01 00:00:00+00:00
[2025-12-17T18:07:07.041+0000] {processor.py:183} INFO - Processing /home/airflow/.local/lib/python3.12/site-packages/airflow/example_dags/example_trigger_controller_dag.py took 0.040 seconds
[2025-12-17T18:26:57.661+0000] {processor.py:161} INFO - Started process (PID=42829) to work on /home/airflow/.local/lib/python3.12/site-packages/airflow/example_dags/example_trigger_controller_dag.py
[2025-12-17T18:26:57.663+0000] {processor.py:830} INFO - Processing file /home/airflow/.local/lib/python3.12/site-packages/airflow/example_dags/example_trigger_controller_dag.py for tasks to queue
[2025-12-17T18:26:57.665+0000] {logging_mixin.py:188} INFO - [2025-12-17T18:26:57.664+0000] {dagbag.py:545} INFO - Filling up the DagBag from /home/airflow/.local/lib/python3.12/site-packages/airflow/example_dags/example_trigger_controller_dag.py
[2025-12-17T18:26:57.667+0000] {processor.py:840} INFO - DAG(s) 'example_trigger_controller_dag' retrieved from /home/airflow/.local/lib/python3.12/site-packages/airflow/example_dags/example_trigger_controller_dag.py
[2025-12-17T18:26:57.676+0000] {logging_mixin.py:188} INFO - [2025-12-17T18:26:57.676+0000] {dag.py:3089} INFO - Sync 1 DAGs
[2025-12-17T18:26:57.687+0000] {logging_mixin.py:188} INFO - [2025-12-17T18:26:57.687+0000] {dag.py:3947} INFO - Setting next_dagrun for example_trigger_controller_dag to 2021-01-01 00:00:00+00:00, run_after=2021-01-01 00:00:00+00:00
[2025-12-17T18:26:57.695+0000] {processor.py:183} INFO - Processing /home/airflow/.local/lib/python3.12/site-packages/airflow/example_dags/example_trigger_controller_dag.py took 0.039 seconds
[2025-12-17T19:41:42.149+0000] {processor.py:161} INFO - Started process (PID=42888) to work on /home/airflow/.local/lib/python3.12/site-packages/airflow/example_dags/example_trigger_controller_dag.py
[2025-12-17T19:41:42.150+0000] {processor.py:830} INFO - Processing file /home/airflow/.local/lib/python3.12/site-packages/airflow/example_dags/example_trigger_controller_dag.py for tasks to queue
[2025-12-17T19:41:42.151+0000] {logging_mixin.py:188} INFO - [2025-12-17T19:41:42.151+0000] {dagbag.py:545} INFO - Filling up the DagBag from /home/airflow/.local/lib/python3.12/site-packages/airflow/example_dags/example_trigger_controller_dag.py
[2025-12-17T19:41:42.153+0000] {processor.py:840} INFO - DAG(s) 'example_trigger_controller_dag' retrieved from /home/airflow/.local/lib/python3.12/site-packages/airflow/example_dags/example_trigger_controller_dag.py
[2025-12-17T19:41:42.162+0000] {logging_mixin.py:188} INFO - [2025-12-17T19:41:42.162+0000] {dag.py:3089} INFO - Sync 1 DAGs
[2025-12-17T19:41:42.171+0000] {logging_mixin.py:188} INFO - [2025-12-17T19:41:42.171+0000] {dag.py:3947} INFO - Setting next_dagrun for example_trigger_controller_dag to 2021-01-01 00:00:00+00:00, run_after=2021-01-01 00:00:00+00:00
[2025-12-17T19:41:42.180+0000] {processor.py:183} INFO - Processing /home/airflow/.local/lib/python3.12/site-packages/airflow/example_dags/example_trigger_controller_dag.py took 0.035 seconds
[2025-12-17T21:17:14.182+0000] {processor.py:161} INFO - Started process (PID=42947) to work on /home/airflow/.local/lib/python3.12/site-packages/airflow/example_dags/example_trigger_controller_dag.py
[2025-12-17T21:17:14.183+0000] {processor.py:830} INFO - Processing file /home/airflow/.local/lib/python3.12/site-packages/airflow/example_dags/example_trigger_controller_dag.py for tasks to queue
[2025-12-17T21:17:14.185+0000] {logging_mixin.py:188} INFO - [2025-12-17T21:17:14.185+0000] {dagbag.py:545} INFO - Filling up the DagBag from /home/airflow/.local/lib/python3.12/site-packages/airflow/example_dags/example_trigger_controller_dag.py
[2025-12-17T21:17:14.188+0000] {processor.py:840} INFO - DAG(s) 'example_trigger_controller_dag' retrieved from /home/airflow/.local/lib/python3.12/site-packages/airflow/example_dags/example_trigger_controller_dag.py
[2025-12-17T21:17:14.210+0000] {logging_mixin.py:188} INFO - [2025-12-17T21:17:14.210+0000] {dag.py:3089} INFO - Sync 1 DAGs
[2025-12-17T21:17:14.221+0000] {logging_mixin.py:188} INFO - [2025-12-17T21:17:14.221+0000] {dag.py:3947} INFO - Setting next_dagrun for example_trigger_controller_dag to 2021-01-01 00:00:00+00:00, run_after=2021-01-01 00:00:00+00:00
[2025-12-17T21:17:14.229+0000] {processor.py:183} INFO - Processing /home/airflow/.local/lib/python3.12/site-packages/airflow/example_dags/example_trigger_controller_dag.py took 0.050 seconds
[2025-12-17T22:30:37.164+0000] {processor.py:161} INFO - Started process (PID=43006) to work on /home/airflow/.local/lib/python3.12/site-packages/airflow/example_dags/example_trigger_controller_dag.py
[2025-12-17T22:30:37.167+0000] {processor.py:830} INFO - Processing file /home/airflow/.local/lib/python3.12/site-packages/airflow/example_dags/example_trigger_controller_dag.py for tasks to queue
[2025-12-17T22:30:37.167+0000] {logging_mixin.py:188} INFO - [2025-12-17T22:30:37.167+0000] {dagbag.py:545} INFO - Filling up the DagBag from /home/airflow/.local/lib/python3.12/site-packages/airflow/example_dags/example_trigger_controller_dag.py
[2025-12-17T22:30:37.170+0000] {processor.py:840} INFO - DAG(s) 'example_trigger_controller_dag' retrieved from /home/airflow/.local/lib/python3.12/site-packages/airflow/example_dags/example_trigger_controller_dag.py
[2025-12-17T22:30:37.184+0000] {logging_mixin.py:188} INFO - [2025-12-17T22:30:37.184+0000] {dag.py:3089} INFO - Sync 1 DAGs
[2025-12-17T22:30:37.193+0000] {logging_mixin.py:188} INFO - [2025-12-17T22:30:37.193+0000] {dag.py:3947} INFO - Setting next_dagrun for example_trigger_controller_dag to 2021-01-01 00:00:00+00:00, run_after=2021-01-01 00:00:00+00:00
[2025-12-17T22:30:37.203+0000] {processor.py:183} INFO - Processing /home/airflow/.local/lib/python3.12/site-packages/airflow/example_dags/example_trigger_controller_dag.py took 0.042 seconds
