[2025-12-17T00:49:43.907+0000] {processor.py:161} INFO - Started process (PID=41700) to work on /home/airflow/.local/lib/python3.12/site-packages/airflow/example_dags/example_short_circuit_decorator.py
[2025-12-17T00:49:43.909+0000] {processor.py:830} INFO - Processing file /home/airflow/.local/lib/python3.12/site-packages/airflow/example_dags/example_short_circuit_decorator.py for tasks to queue
[2025-12-17T00:49:43.909+0000] {logging_mixin.py:188} INFO - [2025-12-17T00:49:43.909+0000] {dagbag.py:545} INFO - Filling up the DagBag from /home/airflow/.local/lib/python3.12/site-packages/airflow/example_dags/example_short_circuit_decorator.py
[2025-12-17T00:49:43.916+0000] {processor.py:840} INFO - DAG(s) 'example_short_circuit_decorator' retrieved from /home/airflow/.local/lib/python3.12/site-packages/airflow/example_dags/example_short_circuit_decorator.py
[2025-12-17T00:49:43.931+0000] {logging_mixin.py:188} INFO - [2025-12-17T00:49:43.931+0000] {dag.py:3089} INFO - Sync 1 DAGs
[2025-12-17T00:49:43.942+0000] {logging_mixin.py:188} INFO - [2025-12-17T00:49:43.942+0000] {dag.py:3947} INFO - Setting next_dagrun for example_short_circuit_decorator to 2025-12-16 00:00:00+00:00, run_after=2025-12-17 00:00:00+00:00
[2025-12-17T00:49:43.957+0000] {processor.py:183} INFO - Processing /home/airflow/.local/lib/python3.12/site-packages/airflow/example_dags/example_short_circuit_decorator.py took 0.057 seconds
[2025-12-17T01:13:19.492+0000] {processor.py:161} INFO - Started process (PID=41759) to work on /home/airflow/.local/lib/python3.12/site-packages/airflow/example_dags/example_short_circuit_decorator.py
[2025-12-17T01:13:19.492+0000] {processor.py:830} INFO - Processing file /home/airflow/.local/lib/python3.12/site-packages/airflow/example_dags/example_short_circuit_decorator.py for tasks to queue
[2025-12-17T01:13:19.493+0000] {logging_mixin.py:188} INFO - [2025-12-17T01:13:19.493+0000] {dagbag.py:545} INFO - Filling up the DagBag from /home/airflow/.local/lib/python3.12/site-packages/airflow/example_dags/example_short_circuit_decorator.py
[2025-12-17T01:13:19.498+0000] {processor.py:840} INFO - DAG(s) 'example_short_circuit_decorator' retrieved from /home/airflow/.local/lib/python3.12/site-packages/airflow/example_dags/example_short_circuit_decorator.py
[2025-12-17T01:13:19.510+0000] {logging_mixin.py:188} INFO - [2025-12-17T01:13:19.510+0000] {dag.py:3089} INFO - Sync 1 DAGs
[2025-12-17T01:13:19.522+0000] {logging_mixin.py:188} INFO - [2025-12-17T01:13:19.522+0000] {dag.py:3947} INFO - Setting next_dagrun for example_short_circuit_decorator to 2025-12-16 00:00:00+00:00, run_after=2025-12-17 00:00:00+00:00
[2025-12-17T01:13:19.624+0000] {processor.py:183} INFO - Processing /home/airflow/.local/lib/python3.12/site-packages/airflow/example_dags/example_short_circuit_decorator.py took 0.135 seconds
[2025-12-17T02:08:57.473+0000] {processor.py:161} INFO - Started process (PID=41818) to work on /home/airflow/.local/lib/python3.12/site-packages/airflow/example_dags/example_short_circuit_decorator.py
[2025-12-17T02:08:57.475+0000] {processor.py:830} INFO - Processing file /home/airflow/.local/lib/python3.12/site-packages/airflow/example_dags/example_short_circuit_decorator.py for tasks to queue
[2025-12-17T02:08:57.480+0000] {logging_mixin.py:188} INFO - [2025-12-17T02:08:57.480+0000] {dagbag.py:545} INFO - Filling up the DagBag from /home/airflow/.local/lib/python3.12/site-packages/airflow/example_dags/example_short_circuit_decorator.py
[2025-12-17T02:08:57.490+0000] {processor.py:840} INFO - DAG(s) 'example_short_circuit_decorator' retrieved from /home/airflow/.local/lib/python3.12/site-packages/airflow/example_dags/example_short_circuit_decorator.py
[2025-12-17T02:08:57.527+0000] {logging_mixin.py:188} INFO - [2025-12-17T02:08:57.526+0000] {dag.py:3089} INFO - Sync 1 DAGs
[2025-12-17T02:08:57.551+0000] {logging_mixin.py:188} INFO - [2025-12-17T02:08:57.550+0000] {dag.py:3947} INFO - Setting next_dagrun for example_short_circuit_decorator to 2025-12-16 00:00:00+00:00, run_after=2025-12-17 00:00:00+00:00
[2025-12-17T02:08:57.699+0000] {processor.py:183} INFO - Processing /home/airflow/.local/lib/python3.12/site-packages/airflow/example_dags/example_short_circuit_decorator.py took 0.231 seconds
[2025-12-17T02:38:01.418+0000] {processor.py:161} INFO - Started process (PID=41877) to work on /home/airflow/.local/lib/python3.12/site-packages/airflow/example_dags/example_short_circuit_decorator.py
[2025-12-17T02:38:01.420+0000] {processor.py:830} INFO - Processing file /home/airflow/.local/lib/python3.12/site-packages/airflow/example_dags/example_short_circuit_decorator.py for tasks to queue
[2025-12-17T02:38:01.421+0000] {logging_mixin.py:188} INFO - [2025-12-17T02:38:01.421+0000] {dagbag.py:545} INFO - Filling up the DagBag from /home/airflow/.local/lib/python3.12/site-packages/airflow/example_dags/example_short_circuit_decorator.py
[2025-12-17T02:38:01.425+0000] {processor.py:840} INFO - DAG(s) 'example_short_circuit_decorator' retrieved from /home/airflow/.local/lib/python3.12/site-packages/airflow/example_dags/example_short_circuit_decorator.py
[2025-12-17T02:38:01.439+0000] {logging_mixin.py:188} INFO - [2025-12-17T02:38:01.439+0000] {dag.py:3089} INFO - Sync 1 DAGs
[2025-12-17T02:38:01.450+0000] {logging_mixin.py:188} INFO - [2025-12-17T02:38:01.450+0000] {dag.py:3947} INFO - Setting next_dagrun for example_short_circuit_decorator to 2025-12-16 00:00:00+00:00, run_after=2025-12-17 00:00:00+00:00
[2025-12-17T02:38:01.458+0000] {processor.py:183} INFO - Processing /home/airflow/.local/lib/python3.12/site-packages/airflow/example_dags/example_short_circuit_decorator.py took 0.047 seconds
[2025-12-17T03:29:14.604+0000] {processor.py:161} INFO - Started process (PID=41936) to work on /home/airflow/.local/lib/python3.12/site-packages/airflow/example_dags/example_short_circuit_decorator.py
[2025-12-17T03:29:14.605+0000] {processor.py:830} INFO - Processing file /home/airflow/.local/lib/python3.12/site-packages/airflow/example_dags/example_short_circuit_decorator.py for tasks to queue
[2025-12-17T03:29:14.605+0000] {logging_mixin.py:188} INFO - [2025-12-17T03:29:14.605+0000] {dagbag.py:545} INFO - Filling up the DagBag from /home/airflow/.local/lib/python3.12/site-packages/airflow/example_dags/example_short_circuit_decorator.py
[2025-12-17T03:29:14.610+0000] {processor.py:840} INFO - DAG(s) 'example_short_circuit_decorator' retrieved from /home/airflow/.local/lib/python3.12/site-packages/airflow/example_dags/example_short_circuit_decorator.py
[2025-12-17T03:29:14.628+0000] {logging_mixin.py:188} INFO - [2025-12-17T03:29:14.628+0000] {dag.py:3089} INFO - Sync 1 DAGs
[2025-12-17T03:29:14.639+0000] {logging_mixin.py:188} INFO - [2025-12-17T03:29:14.639+0000] {dag.py:3947} INFO - Setting next_dagrun for example_short_circuit_decorator to 2025-12-16 00:00:00+00:00, run_after=2025-12-17 00:00:00+00:00
[2025-12-17T03:29:14.653+0000] {processor.py:183} INFO - Processing /home/airflow/.local/lib/python3.12/site-packages/airflow/example_dags/example_short_circuit_decorator.py took 0.057 seconds
[2025-12-17T03:53:42.633+0000] {processor.py:161} INFO - Started process (PID=41995) to work on /home/airflow/.local/lib/python3.12/site-packages/airflow/example_dags/example_short_circuit_decorator.py
[2025-12-17T03:53:42.634+0000] {processor.py:830} INFO - Processing file /home/airflow/.local/lib/python3.12/site-packages/airflow/example_dags/example_short_circuit_decorator.py for tasks to queue
[2025-12-17T03:53:42.635+0000] {logging_mixin.py:188} INFO - [2025-12-17T03:53:42.634+0000] {dagbag.py:545} INFO - Filling up the DagBag from /home/airflow/.local/lib/python3.12/site-packages/airflow/example_dags/example_short_circuit_decorator.py
[2025-12-17T03:53:42.640+0000] {processor.py:840} INFO - DAG(s) 'example_short_circuit_decorator' retrieved from /home/airflow/.local/lib/python3.12/site-packages/airflow/example_dags/example_short_circuit_decorator.py
[2025-12-17T03:53:42.651+0000] {logging_mixin.py:188} INFO - [2025-12-17T03:53:42.651+0000] {dag.py:3089} INFO - Sync 1 DAGs
[2025-12-17T03:53:42.661+0000] {logging_mixin.py:188} INFO - [2025-12-17T03:53:42.661+0000] {dag.py:3947} INFO - Setting next_dagrun for example_short_circuit_decorator to 2025-12-16 00:00:00+00:00, run_after=2025-12-17 00:00:00+00:00
[2025-12-17T03:53:42.669+0000] {processor.py:183} INFO - Processing /home/airflow/.local/lib/python3.12/site-packages/airflow/example_dags/example_short_circuit_decorator.py took 0.047 seconds
[2025-12-17T04:54:45.360+0000] {processor.py:161} INFO - Started process (PID=42054) to work on /home/airflow/.local/lib/python3.12/site-packages/airflow/example_dags/example_short_circuit_decorator.py
[2025-12-17T04:54:45.361+0000] {processor.py:830} INFO - Processing file /home/airflow/.local/lib/python3.12/site-packages/airflow/example_dags/example_short_circuit_decorator.py for tasks to queue
[2025-12-17T04:54:45.361+0000] {logging_mixin.py:188} INFO - [2025-12-17T04:54:45.361+0000] {dagbag.py:545} INFO - Filling up the DagBag from /home/airflow/.local/lib/python3.12/site-packages/airflow/example_dags/example_short_circuit_decorator.py
[2025-12-17T04:54:45.366+0000] {processor.py:840} INFO - DAG(s) 'example_short_circuit_decorator' retrieved from /home/airflow/.local/lib/python3.12/site-packages/airflow/example_dags/example_short_circuit_decorator.py
[2025-12-17T04:54:45.374+0000] {logging_mixin.py:188} INFO - [2025-12-17T04:54:45.374+0000] {dag.py:3089} INFO - Sync 1 DAGs
[2025-12-17T04:54:45.382+0000] {logging_mixin.py:188} INFO - [2025-12-17T04:54:45.382+0000] {dag.py:3947} INFO - Setting next_dagrun for example_short_circuit_decorator to 2025-12-16 00:00:00+00:00, run_after=2025-12-17 00:00:00+00:00
[2025-12-17T04:54:45.389+0000] {processor.py:183} INFO - Processing /home/airflow/.local/lib/python3.12/site-packages/airflow/example_dags/example_short_circuit_decorator.py took 0.031 seconds
[2025-12-17T06:11:24.667+0000] {processor.py:161} INFO - Started process (PID=42113) to work on /home/airflow/.local/lib/python3.12/site-packages/airflow/example_dags/example_short_circuit_decorator.py
[2025-12-17T06:11:24.668+0000] {processor.py:830} INFO - Processing file /home/airflow/.local/lib/python3.12/site-packages/airflow/example_dags/example_short_circuit_decorator.py for tasks to queue
[2025-12-17T06:11:24.668+0000] {logging_mixin.py:188} INFO - [2025-12-17T06:11:24.668+0000] {dagbag.py:545} INFO - Filling up the DagBag from /home/airflow/.local/lib/python3.12/site-packages/airflow/example_dags/example_short_circuit_decorator.py
[2025-12-17T06:11:24.676+0000] {processor.py:840} INFO - DAG(s) 'example_short_circuit_decorator' retrieved from /home/airflow/.local/lib/python3.12/site-packages/airflow/example_dags/example_short_circuit_decorator.py
[2025-12-17T06:11:24.687+0000] {logging_mixin.py:188} INFO - [2025-12-17T06:11:24.687+0000] {dag.py:3089} INFO - Sync 1 DAGs
[2025-12-17T06:11:24.698+0000] {logging_mixin.py:188} INFO - [2025-12-17T06:11:24.698+0000] {dag.py:3947} INFO - Setting next_dagrun for example_short_circuit_decorator to 2025-12-16 00:00:00+00:00, run_after=2025-12-17 00:00:00+00:00
[2025-12-17T06:11:24.704+0000] {processor.py:183} INFO - Processing /home/airflow/.local/lib/python3.12/site-packages/airflow/example_dags/example_short_circuit_decorator.py took 0.040 seconds
[2025-12-17T07:48:04.885+0000] {processor.py:161} INFO - Started process (PID=42172) to work on /home/airflow/.local/lib/python3.12/site-packages/airflow/example_dags/example_short_circuit_decorator.py
[2025-12-17T07:48:04.886+0000] {processor.py:830} INFO - Processing file /home/airflow/.local/lib/python3.12/site-packages/airflow/example_dags/example_short_circuit_decorator.py for tasks to queue
[2025-12-17T07:48:04.887+0000] {logging_mixin.py:188} INFO - [2025-12-17T07:48:04.887+0000] {dagbag.py:545} INFO - Filling up the DagBag from /home/airflow/.local/lib/python3.12/site-packages/airflow/example_dags/example_short_circuit_decorator.py
[2025-12-17T07:48:04.891+0000] {processor.py:840} INFO - DAG(s) 'example_short_circuit_decorator' retrieved from /home/airflow/.local/lib/python3.12/site-packages/airflow/example_dags/example_short_circuit_decorator.py
[2025-12-17T07:48:04.907+0000] {logging_mixin.py:188} INFO - [2025-12-17T07:48:04.907+0000] {dag.py:3089} INFO - Sync 1 DAGs
[2025-12-17T07:48:04.921+0000] {logging_mixin.py:188} INFO - [2025-12-17T07:48:04.921+0000] {dag.py:3947} INFO - Setting next_dagrun for example_short_circuit_decorator to 2025-12-16 00:00:00+00:00, run_after=2025-12-17 00:00:00+00:00
[2025-12-17T07:48:04.932+0000] {processor.py:183} INFO - Processing /home/airflow/.local/lib/python3.12/site-packages/airflow/example_dags/example_short_circuit_decorator.py took 0.050 seconds
[2025-12-17T08:58:45.077+0000] {processor.py:161} INFO - Started process (PID=42231) to work on /home/airflow/.local/lib/python3.12/site-packages/airflow/example_dags/example_short_circuit_decorator.py
[2025-12-17T08:58:45.080+0000] {processor.py:830} INFO - Processing file /home/airflow/.local/lib/python3.12/site-packages/airflow/example_dags/example_short_circuit_decorator.py for tasks to queue
[2025-12-17T08:58:45.080+0000] {logging_mixin.py:188} INFO - [2025-12-17T08:58:45.080+0000] {dagbag.py:545} INFO - Filling up the DagBag from /home/airflow/.local/lib/python3.12/site-packages/airflow/example_dags/example_short_circuit_decorator.py
[2025-12-17T08:58:45.086+0000] {processor.py:840} INFO - DAG(s) 'example_short_circuit_decorator' retrieved from /home/airflow/.local/lib/python3.12/site-packages/airflow/example_dags/example_short_circuit_decorator.py
[2025-12-17T08:58:45.101+0000] {logging_mixin.py:188} INFO - [2025-12-17T08:58:45.101+0000] {dag.py:3089} INFO - Sync 1 DAGs
[2025-12-17T08:58:45.112+0000] {logging_mixin.py:188} INFO - [2025-12-17T08:58:45.112+0000] {dag.py:3947} INFO - Setting next_dagrun for example_short_circuit_decorator to 2025-12-16 00:00:00+00:00, run_after=2025-12-17 00:00:00+00:00
[2025-12-17T08:58:45.123+0000] {processor.py:183} INFO - Processing /home/airflow/.local/lib/python3.12/site-packages/airflow/example_dags/example_short_circuit_decorator.py took 0.050 seconds
[2025-12-17T09:20:59.769+0000] {processor.py:161} INFO - Started process (PID=42290) to work on /home/airflow/.local/lib/python3.12/site-packages/airflow/example_dags/example_short_circuit_decorator.py
[2025-12-17T09:20:59.770+0000] {processor.py:830} INFO - Processing file /home/airflow/.local/lib/python3.12/site-packages/airflow/example_dags/example_short_circuit_decorator.py for tasks to queue
[2025-12-17T09:20:59.771+0000] {logging_mixin.py:188} INFO - [2025-12-17T09:20:59.771+0000] {dagbag.py:545} INFO - Filling up the DagBag from /home/airflow/.local/lib/python3.12/site-packages/airflow/example_dags/example_short_circuit_decorator.py
[2025-12-17T09:20:59.776+0000] {processor.py:840} INFO - DAG(s) 'example_short_circuit_decorator' retrieved from /home/airflow/.local/lib/python3.12/site-packages/airflow/example_dags/example_short_circuit_decorator.py
[2025-12-17T09:20:59.789+0000] {logging_mixin.py:188} INFO - [2025-12-17T09:20:59.789+0000] {dag.py:3089} INFO - Sync 1 DAGs
[2025-12-17T09:20:59.798+0000] {logging_mixin.py:188} INFO - [2025-12-17T09:20:59.798+0000] {dag.py:3947} INFO - Setting next_dagrun for example_short_circuit_decorator to 2025-12-16 00:00:00+00:00, run_after=2025-12-17 00:00:00+00:00
[2025-12-17T09:20:59.808+0000] {processor.py:183} INFO - Processing /home/airflow/.local/lib/python3.12/site-packages/airflow/example_dags/example_short_circuit_decorator.py took 0.043 seconds
[2025-12-17T10:31:20.097+0000] {processor.py:161} INFO - Started process (PID=42349) to work on /home/airflow/.local/lib/python3.12/site-packages/airflow/example_dags/example_short_circuit_decorator.py
[2025-12-17T10:31:20.100+0000] {processor.py:830} INFO - Processing file /home/airflow/.local/lib/python3.12/site-packages/airflow/example_dags/example_short_circuit_decorator.py for tasks to queue
[2025-12-17T10:31:20.101+0000] {logging_mixin.py:188} INFO - [2025-12-17T10:31:20.101+0000] {dagbag.py:545} INFO - Filling up the DagBag from /home/airflow/.local/lib/python3.12/site-packages/airflow/example_dags/example_short_circuit_decorator.py
[2025-12-17T10:31:20.106+0000] {processor.py:840} INFO - DAG(s) 'example_short_circuit_decorator' retrieved from /home/airflow/.local/lib/python3.12/site-packages/airflow/example_dags/example_short_circuit_decorator.py
[2025-12-17T10:31:20.123+0000] {logging_mixin.py:188} INFO - [2025-12-17T10:31:20.123+0000] {dag.py:3089} INFO - Sync 1 DAGs
[2025-12-17T10:31:20.136+0000] {logging_mixin.py:188} INFO - [2025-12-17T10:31:20.136+0000] {dag.py:3947} INFO - Setting next_dagrun for example_short_circuit_decorator to 2025-12-16 00:00:00+00:00, run_after=2025-12-17 00:00:00+00:00
[2025-12-17T10:31:20.145+0000] {processor.py:183} INFO - Processing /home/airflow/.local/lib/python3.12/site-packages/airflow/example_dags/example_short_circuit_decorator.py took 0.050 seconds
[2025-12-17T11:32:04.498+0000] {processor.py:161} INFO - Started process (PID=42408) to work on /home/airflow/.local/lib/python3.12/site-packages/airflow/example_dags/example_short_circuit_decorator.py
[2025-12-17T11:32:04.499+0000] {processor.py:830} INFO - Processing file /home/airflow/.local/lib/python3.12/site-packages/airflow/example_dags/example_short_circuit_decorator.py for tasks to queue
[2025-12-17T11:32:04.500+0000] {logging_mixin.py:188} INFO - [2025-12-17T11:32:04.500+0000] {dagbag.py:545} INFO - Filling up the DagBag from /home/airflow/.local/lib/python3.12/site-packages/airflow/example_dags/example_short_circuit_decorator.py
[2025-12-17T11:32:04.505+0000] {processor.py:840} INFO - DAG(s) 'example_short_circuit_decorator' retrieved from /home/airflow/.local/lib/python3.12/site-packages/airflow/example_dags/example_short_circuit_decorator.py
[2025-12-17T11:32:04.515+0000] {logging_mixin.py:188} INFO - [2025-12-17T11:32:04.515+0000] {dag.py:3089} INFO - Sync 1 DAGs
[2025-12-17T11:32:04.524+0000] {logging_mixin.py:188} INFO - [2025-12-17T11:32:04.523+0000] {dag.py:3947} INFO - Setting next_dagrun for example_short_circuit_decorator to 2025-12-16 00:00:00+00:00, run_after=2025-12-17 00:00:00+00:00
[2025-12-17T11:32:04.533+0000] {processor.py:183} INFO - Processing /home/airflow/.local/lib/python3.12/site-packages/airflow/example_dags/example_short_circuit_decorator.py took 0.038 seconds
[2025-12-17T12:33:34.342+0000] {processor.py:161} INFO - Started process (PID=42467) to work on /home/airflow/.local/lib/python3.12/site-packages/airflow/example_dags/example_short_circuit_decorator.py
[2025-12-17T12:33:34.342+0000] {processor.py:830} INFO - Processing file /home/airflow/.local/lib/python3.12/site-packages/airflow/example_dags/example_short_circuit_decorator.py for tasks to queue
[2025-12-17T12:33:34.343+0000] {logging_mixin.py:188} INFO - [2025-12-17T12:33:34.343+0000] {dagbag.py:545} INFO - Filling up the DagBag from /home/airflow/.local/lib/python3.12/site-packages/airflow/example_dags/example_short_circuit_decorator.py
[2025-12-17T12:33:34.347+0000] {processor.py:840} INFO - DAG(s) 'example_short_circuit_decorator' retrieved from /home/airflow/.local/lib/python3.12/site-packages/airflow/example_dags/example_short_circuit_decorator.py
[2025-12-17T12:33:34.357+0000] {logging_mixin.py:188} INFO - [2025-12-17T12:33:34.357+0000] {dag.py:3089} INFO - Sync 1 DAGs
[2025-12-17T12:33:34.365+0000] {logging_mixin.py:188} INFO - [2025-12-17T12:33:34.365+0000] {dag.py:3947} INFO - Setting next_dagrun for example_short_circuit_decorator to 2025-12-16 00:00:00+00:00, run_after=2025-12-17 00:00:00+00:00
[2025-12-17T12:33:34.371+0000] {processor.py:183} INFO - Processing /home/airflow/.local/lib/python3.12/site-packages/airflow/example_dags/example_short_circuit_decorator.py took 0.032 seconds
[2025-12-17T13:42:09.338+0000] {processor.py:161} INFO - Started process (PID=42526) to work on /home/airflow/.local/lib/python3.12/site-packages/airflow/example_dags/example_short_circuit_decorator.py
[2025-12-17T13:42:09.339+0000] {processor.py:830} INFO - Processing file /home/airflow/.local/lib/python3.12/site-packages/airflow/example_dags/example_short_circuit_decorator.py for tasks to queue
[2025-12-17T13:42:09.339+0000] {logging_mixin.py:188} INFO - [2025-12-17T13:42:09.339+0000] {dagbag.py:545} INFO - Filling up the DagBag from /home/airflow/.local/lib/python3.12/site-packages/airflow/example_dags/example_short_circuit_decorator.py
[2025-12-17T13:42:09.344+0000] {processor.py:840} INFO - DAG(s) 'example_short_circuit_decorator' retrieved from /home/airflow/.local/lib/python3.12/site-packages/airflow/example_dags/example_short_circuit_decorator.py
[2025-12-17T13:42:09.354+0000] {logging_mixin.py:188} INFO - [2025-12-17T13:42:09.354+0000] {dag.py:3089} INFO - Sync 1 DAGs
[2025-12-17T13:42:09.363+0000] {logging_mixin.py:188} INFO - [2025-12-17T13:42:09.363+0000] {dag.py:3947} INFO - Setting next_dagrun for example_short_circuit_decorator to 2025-12-16 00:00:00+00:00, run_after=2025-12-17 00:00:00+00:00
[2025-12-17T13:42:09.371+0000] {processor.py:183} INFO - Processing /home/airflow/.local/lib/python3.12/site-packages/airflow/example_dags/example_short_circuit_decorator.py took 0.036 seconds
[2025-12-17T14:56:27.504+0000] {processor.py:161} INFO - Started process (PID=42585) to work on /home/airflow/.local/lib/python3.12/site-packages/airflow/example_dags/example_short_circuit_decorator.py
[2025-12-17T14:56:27.505+0000] {processor.py:830} INFO - Processing file /home/airflow/.local/lib/python3.12/site-packages/airflow/example_dags/example_short_circuit_decorator.py for tasks to queue
[2025-12-17T14:56:27.506+0000] {logging_mixin.py:188} INFO - [2025-12-17T14:56:27.506+0000] {dagbag.py:545} INFO - Filling up the DagBag from /home/airflow/.local/lib/python3.12/site-packages/airflow/example_dags/example_short_circuit_decorator.py
[2025-12-17T14:56:27.510+0000] {processor.py:840} INFO - DAG(s) 'example_short_circuit_decorator' retrieved from /home/airflow/.local/lib/python3.12/site-packages/airflow/example_dags/example_short_circuit_decorator.py
[2025-12-17T14:56:27.521+0000] {logging_mixin.py:188} INFO - [2025-12-17T14:56:27.520+0000] {dag.py:3089} INFO - Sync 1 DAGs
[2025-12-17T14:56:27.529+0000] {logging_mixin.py:188} INFO - [2025-12-17T14:56:27.529+0000] {dag.py:3947} INFO - Setting next_dagrun for example_short_circuit_decorator to 2025-12-16 00:00:00+00:00, run_after=2025-12-17 00:00:00+00:00
[2025-12-17T14:56:27.539+0000] {processor.py:183} INFO - Processing /home/airflow/.local/lib/python3.12/site-packages/airflow/example_dags/example_short_circuit_decorator.py took 0.037 seconds
[2025-12-17T16:05:45.864+0000] {processor.py:161} INFO - Started process (PID=42644) to work on /home/airflow/.local/lib/python3.12/site-packages/airflow/example_dags/example_short_circuit_decorator.py
[2025-12-17T16:05:45.866+0000] {processor.py:830} INFO - Processing file /home/airflow/.local/lib/python3.12/site-packages/airflow/example_dags/example_short_circuit_decorator.py for tasks to queue
[2025-12-17T16:05:45.866+0000] {logging_mixin.py:188} INFO - [2025-12-17T16:05:45.866+0000] {dagbag.py:545} INFO - Filling up the DagBag from /home/airflow/.local/lib/python3.12/site-packages/airflow/example_dags/example_short_circuit_decorator.py
[2025-12-17T16:05:45.874+0000] {processor.py:840} INFO - DAG(s) 'example_short_circuit_decorator' retrieved from /home/airflow/.local/lib/python3.12/site-packages/airflow/example_dags/example_short_circuit_decorator.py
[2025-12-17T16:05:45.891+0000] {logging_mixin.py:188} INFO - [2025-12-17T16:05:45.891+0000] {dag.py:3089} INFO - Sync 1 DAGs
[2025-12-17T16:05:45.903+0000] {logging_mixin.py:188} INFO - [2025-12-17T16:05:45.903+0000] {dag.py:3947} INFO - Setting next_dagrun for example_short_circuit_decorator to 2025-12-16 00:00:00+00:00, run_after=2025-12-17 00:00:00+00:00
[2025-12-17T16:05:45.916+0000] {processor.py:183} INFO - Processing /home/airflow/.local/lib/python3.12/site-packages/airflow/example_dags/example_short_circuit_decorator.py took 0.055 seconds
[2025-12-17T17:20:37.510+0000] {processor.py:161} INFO - Started process (PID=42703) to work on /home/airflow/.local/lib/python3.12/site-packages/airflow/example_dags/example_short_circuit_decorator.py
[2025-12-17T17:20:37.511+0000] {processor.py:830} INFO - Processing file /home/airflow/.local/lib/python3.12/site-packages/airflow/example_dags/example_short_circuit_decorator.py for tasks to queue
[2025-12-17T17:20:37.511+0000] {logging_mixin.py:188} INFO - [2025-12-17T17:20:37.511+0000] {dagbag.py:545} INFO - Filling up the DagBag from /home/airflow/.local/lib/python3.12/site-packages/airflow/example_dags/example_short_circuit_decorator.py
[2025-12-17T17:20:37.516+0000] {processor.py:840} INFO - DAG(s) 'example_short_circuit_decorator' retrieved from /home/airflow/.local/lib/python3.12/site-packages/airflow/example_dags/example_short_circuit_decorator.py
[2025-12-17T17:20:37.526+0000] {logging_mixin.py:188} INFO - [2025-12-17T17:20:37.526+0000] {dag.py:3089} INFO - Sync 1 DAGs
[2025-12-17T17:20:37.543+0000] {logging_mixin.py:188} INFO - [2025-12-17T17:20:37.543+0000] {dag.py:3947} INFO - Setting next_dagrun for example_short_circuit_decorator to 2025-12-16 00:00:00+00:00, run_after=2025-12-17 00:00:00+00:00
[2025-12-17T17:20:37.558+0000] {processor.py:183} INFO - Processing /home/airflow/.local/lib/python3.12/site-packages/airflow/example_dags/example_short_circuit_decorator.py took 0.051 seconds
[2025-12-17T18:07:06.781+0000] {processor.py:161} INFO - Started process (PID=42762) to work on /home/airflow/.local/lib/python3.12/site-packages/airflow/example_dags/example_short_circuit_decorator.py
[2025-12-17T18:07:06.782+0000] {processor.py:830} INFO - Processing file /home/airflow/.local/lib/python3.12/site-packages/airflow/example_dags/example_short_circuit_decorator.py for tasks to queue
[2025-12-17T18:07:06.783+0000] {logging_mixin.py:188} INFO - [2025-12-17T18:07:06.783+0000] {dagbag.py:545} INFO - Filling up the DagBag from /home/airflow/.local/lib/python3.12/site-packages/airflow/example_dags/example_short_circuit_decorator.py
[2025-12-17T18:07:06.788+0000] {processor.py:840} INFO - DAG(s) 'example_short_circuit_decorator' retrieved from /home/airflow/.local/lib/python3.12/site-packages/airflow/example_dags/example_short_circuit_decorator.py
[2025-12-17T18:07:06.803+0000] {logging_mixin.py:188} INFO - [2025-12-17T18:07:06.802+0000] {dag.py:3089} INFO - Sync 1 DAGs
[2025-12-17T18:07:06.813+0000] {logging_mixin.py:188} INFO - [2025-12-17T18:07:06.813+0000] {dag.py:3947} INFO - Setting next_dagrun for example_short_circuit_decorator to 2025-12-16 00:00:00+00:00, run_after=2025-12-17 00:00:00+00:00
[2025-12-17T18:07:06.822+0000] {processor.py:183} INFO - Processing /home/airflow/.local/lib/python3.12/site-packages/airflow/example_dags/example_short_circuit_decorator.py took 0.043 seconds
[2025-12-17T18:26:57.407+0000] {processor.py:161} INFO - Started process (PID=42821) to work on /home/airflow/.local/lib/python3.12/site-packages/airflow/example_dags/example_short_circuit_decorator.py
[2025-12-17T18:26:57.410+0000] {processor.py:830} INFO - Processing file /home/airflow/.local/lib/python3.12/site-packages/airflow/example_dags/example_short_circuit_decorator.py for tasks to queue
[2025-12-17T18:26:57.411+0000] {logging_mixin.py:188} INFO - [2025-12-17T18:26:57.411+0000] {dagbag.py:545} INFO - Filling up the DagBag from /home/airflow/.local/lib/python3.12/site-packages/airflow/example_dags/example_short_circuit_decorator.py
[2025-12-17T18:26:57.416+0000] {processor.py:840} INFO - DAG(s) 'example_short_circuit_decorator' retrieved from /home/airflow/.local/lib/python3.12/site-packages/airflow/example_dags/example_short_circuit_decorator.py
[2025-12-17T18:26:57.426+0000] {logging_mixin.py:188} INFO - [2025-12-17T18:26:57.426+0000] {dag.py:3089} INFO - Sync 1 DAGs
[2025-12-17T18:26:57.438+0000] {logging_mixin.py:188} INFO - [2025-12-17T18:26:57.438+0000] {dag.py:3947} INFO - Setting next_dagrun for example_short_circuit_decorator to 2025-12-16 00:00:00+00:00, run_after=2025-12-17 00:00:00+00:00
[2025-12-17T18:26:57.447+0000] {processor.py:183} INFO - Processing /home/airflow/.local/lib/python3.12/site-packages/airflow/example_dags/example_short_circuit_decorator.py took 0.042 seconds
[2025-12-17T19:41:41.910+0000] {processor.py:161} INFO - Started process (PID=42880) to work on /home/airflow/.local/lib/python3.12/site-packages/airflow/example_dags/example_short_circuit_decorator.py
[2025-12-17T19:41:41.911+0000] {processor.py:830} INFO - Processing file /home/airflow/.local/lib/python3.12/site-packages/airflow/example_dags/example_short_circuit_decorator.py for tasks to queue
[2025-12-17T19:41:41.912+0000] {logging_mixin.py:188} INFO - [2025-12-17T19:41:41.912+0000] {dagbag.py:545} INFO - Filling up the DagBag from /home/airflow/.local/lib/python3.12/site-packages/airflow/example_dags/example_short_circuit_decorator.py
[2025-12-17T19:41:41.917+0000] {processor.py:840} INFO - DAG(s) 'example_short_circuit_decorator' retrieved from /home/airflow/.local/lib/python3.12/site-packages/airflow/example_dags/example_short_circuit_decorator.py
[2025-12-17T19:41:41.926+0000] {logging_mixin.py:188} INFO - [2025-12-17T19:41:41.926+0000] {dag.py:3089} INFO - Sync 1 DAGs
[2025-12-17T19:41:41.935+0000] {logging_mixin.py:188} INFO - [2025-12-17T19:41:41.935+0000] {dag.py:3947} INFO - Setting next_dagrun for example_short_circuit_decorator to 2025-12-16 00:00:00+00:00, run_after=2025-12-17 00:00:00+00:00
[2025-12-17T19:41:41.942+0000] {processor.py:183} INFO - Processing /home/airflow/.local/lib/python3.12/site-packages/airflow/example_dags/example_short_circuit_decorator.py took 0.036 seconds
[2025-12-17T21:17:13.959+0000] {processor.py:161} INFO - Started process (PID=42939) to work on /home/airflow/.local/lib/python3.12/site-packages/airflow/example_dags/example_short_circuit_decorator.py
[2025-12-17T21:17:13.961+0000] {processor.py:830} INFO - Processing file /home/airflow/.local/lib/python3.12/site-packages/airflow/example_dags/example_short_circuit_decorator.py for tasks to queue
[2025-12-17T21:17:13.962+0000] {logging_mixin.py:188} INFO - [2025-12-17T21:17:13.961+0000] {dagbag.py:545} INFO - Filling up the DagBag from /home/airflow/.local/lib/python3.12/site-packages/airflow/example_dags/example_short_circuit_decorator.py
[2025-12-17T21:17:13.966+0000] {processor.py:840} INFO - DAG(s) 'example_short_circuit_decorator' retrieved from /home/airflow/.local/lib/python3.12/site-packages/airflow/example_dags/example_short_circuit_decorator.py
[2025-12-17T21:17:13.979+0000] {logging_mixin.py:188} INFO - [2025-12-17T21:17:13.979+0000] {dag.py:3089} INFO - Sync 1 DAGs
[2025-12-17T21:17:13.990+0000] {logging_mixin.py:188} INFO - [2025-12-17T21:17:13.990+0000] {dag.py:3947} INFO - Setting next_dagrun for example_short_circuit_decorator to 2025-12-16 00:00:00+00:00, run_after=2025-12-17 00:00:00+00:00
[2025-12-17T21:17:13.998+0000] {processor.py:183} INFO - Processing /home/airflow/.local/lib/python3.12/site-packages/airflow/example_dags/example_short_circuit_decorator.py took 0.041 seconds
[2025-12-17T22:30:36.927+0000] {processor.py:161} INFO - Started process (PID=42998) to work on /home/airflow/.local/lib/python3.12/site-packages/airflow/example_dags/example_short_circuit_decorator.py
[2025-12-17T22:30:36.928+0000] {processor.py:830} INFO - Processing file /home/airflow/.local/lib/python3.12/site-packages/airflow/example_dags/example_short_circuit_decorator.py for tasks to queue
[2025-12-17T22:30:36.928+0000] {logging_mixin.py:188} INFO - [2025-12-17T22:30:36.928+0000] {dagbag.py:545} INFO - Filling up the DagBag from /home/airflow/.local/lib/python3.12/site-packages/airflow/example_dags/example_short_circuit_decorator.py
[2025-12-17T22:30:36.933+0000] {processor.py:840} INFO - DAG(s) 'example_short_circuit_decorator' retrieved from /home/airflow/.local/lib/python3.12/site-packages/airflow/example_dags/example_short_circuit_decorator.py
[2025-12-17T22:30:36.942+0000] {logging_mixin.py:188} INFO - [2025-12-17T22:30:36.942+0000] {dag.py:3089} INFO - Sync 1 DAGs
[2025-12-17T22:30:36.952+0000] {logging_mixin.py:188} INFO - [2025-12-17T22:30:36.952+0000] {dag.py:3947} INFO - Setting next_dagrun for example_short_circuit_decorator to 2025-12-16 00:00:00+00:00, run_after=2025-12-17 00:00:00+00:00
[2025-12-17T22:30:36.960+0000] {processor.py:183} INFO - Processing /home/airflow/.local/lib/python3.12/site-packages/airflow/example_dags/example_short_circuit_decorator.py took 0.036 seconds
