[2025-12-17T00:49:44.213+0000] {processor.py:161} INFO - Started process (PID=41707) to work on /home/airflow/.local/lib/python3.12/site-packages/airflow/example_dags/example_branch_labels.py
[2025-12-17T00:49:44.216+0000] {processor.py:830} INFO - Processing file /home/airflow/.local/lib/python3.12/site-packages/airflow/example_dags/example_branch_labels.py for tasks to queue
[2025-12-17T00:49:44.217+0000] {logging_mixin.py:188} INFO - [2025-12-17T00:49:44.217+0000] {dagbag.py:545} INFO - Filling up the DagBag from /home/airflow/.local/lib/python3.12/site-packages/airflow/example_dags/example_branch_labels.py
[2025-12-17T00:49:44.225+0000] {processor.py:840} INFO - DAG(s) 'example_branch_labels' retrieved from /home/airflow/.local/lib/python3.12/site-packages/airflow/example_dags/example_branch_labels.py
[2025-12-17T00:49:44.242+0000] {logging_mixin.py:188} INFO - [2025-12-17T00:49:44.242+0000] {dag.py:3089} INFO - Sync 1 DAGs
[2025-12-17T00:49:44.252+0000] {logging_mixin.py:188} INFO - [2025-12-17T00:49:44.252+0000] {dag.py:3947} INFO - Setting next_dagrun for example_branch_labels to 2025-12-16 00:00:00+00:00, run_after=2025-12-17 00:00:00+00:00
[2025-12-17T00:49:44.260+0000] {processor.py:183} INFO - Processing /home/airflow/.local/lib/python3.12/site-packages/airflow/example_dags/example_branch_labels.py took 0.050 seconds
[2025-12-17T01:13:19.814+0000] {processor.py:161} INFO - Started process (PID=41766) to work on /home/airflow/.local/lib/python3.12/site-packages/airflow/example_dags/example_branch_labels.py
[2025-12-17T01:13:19.815+0000] {processor.py:830} INFO - Processing file /home/airflow/.local/lib/python3.12/site-packages/airflow/example_dags/example_branch_labels.py for tasks to queue
[2025-12-17T01:13:19.815+0000] {logging_mixin.py:188} INFO - [2025-12-17T01:13:19.815+0000] {dagbag.py:545} INFO - Filling up the DagBag from /home/airflow/.local/lib/python3.12/site-packages/airflow/example_dags/example_branch_labels.py
[2025-12-17T01:13:19.820+0000] {processor.py:840} INFO - DAG(s) 'example_branch_labels' retrieved from /home/airflow/.local/lib/python3.12/site-packages/airflow/example_dags/example_branch_labels.py
[2025-12-17T01:13:19.836+0000] {logging_mixin.py:188} INFO - [2025-12-17T01:13:19.836+0000] {dag.py:3089} INFO - Sync 1 DAGs
[2025-12-17T01:13:19.848+0000] {logging_mixin.py:188} INFO - [2025-12-17T01:13:19.848+0000] {dag.py:3947} INFO - Setting next_dagrun for example_branch_labels to 2025-12-16 00:00:00+00:00, run_after=2025-12-17 00:00:00+00:00
[2025-12-17T01:13:19.856+0000] {processor.py:183} INFO - Processing /home/airflow/.local/lib/python3.12/site-packages/airflow/example_dags/example_branch_labels.py took 0.044 seconds
[2025-12-17T02:08:58.203+0000] {processor.py:161} INFO - Started process (PID=41825) to work on /home/airflow/.local/lib/python3.12/site-packages/airflow/example_dags/example_branch_labels.py
[2025-12-17T02:08:58.204+0000] {processor.py:830} INFO - Processing file /home/airflow/.local/lib/python3.12/site-packages/airflow/example_dags/example_branch_labels.py for tasks to queue
[2025-12-17T02:08:58.204+0000] {logging_mixin.py:188} INFO - [2025-12-17T02:08:58.204+0000] {dagbag.py:545} INFO - Filling up the DagBag from /home/airflow/.local/lib/python3.12/site-packages/airflow/example_dags/example_branch_labels.py
[2025-12-17T02:08:58.210+0000] {processor.py:840} INFO - DAG(s) 'example_branch_labels' retrieved from /home/airflow/.local/lib/python3.12/site-packages/airflow/example_dags/example_branch_labels.py
[2025-12-17T02:08:58.228+0000] {logging_mixin.py:188} INFO - [2025-12-17T02:08:58.228+0000] {dag.py:3089} INFO - Sync 1 DAGs
[2025-12-17T02:08:58.343+0000] {logging_mixin.py:188} INFO - [2025-12-17T02:08:58.342+0000] {dag.py:3947} INFO - Setting next_dagrun for example_branch_labels to 2025-12-16 00:00:00+00:00, run_after=2025-12-17 00:00:00+00:00
[2025-12-17T02:08:58.359+0000] {processor.py:183} INFO - Processing /home/airflow/.local/lib/python3.12/site-packages/airflow/example_dags/example_branch_labels.py took 0.160 seconds
[2025-12-17T02:38:01.941+0000] {processor.py:161} INFO - Started process (PID=41884) to work on /home/airflow/.local/lib/python3.12/site-packages/airflow/example_dags/example_branch_labels.py
[2025-12-17T02:38:01.941+0000] {processor.py:830} INFO - Processing file /home/airflow/.local/lib/python3.12/site-packages/airflow/example_dags/example_branch_labels.py for tasks to queue
[2025-12-17T02:38:01.942+0000] {logging_mixin.py:188} INFO - [2025-12-17T02:38:01.942+0000] {dagbag.py:545} INFO - Filling up the DagBag from /home/airflow/.local/lib/python3.12/site-packages/airflow/example_dags/example_branch_labels.py
[2025-12-17T02:38:01.945+0000] {processor.py:840} INFO - DAG(s) 'example_branch_labels' retrieved from /home/airflow/.local/lib/python3.12/site-packages/airflow/example_dags/example_branch_labels.py
[2025-12-17T02:38:01.963+0000] {logging_mixin.py:188} INFO - [2025-12-17T02:38:01.963+0000] {dag.py:3089} INFO - Sync 1 DAGs
[2025-12-17T02:38:01.974+0000] {logging_mixin.py:188} INFO - [2025-12-17T02:38:01.973+0000] {dag.py:3947} INFO - Setting next_dagrun for example_branch_labels to 2025-12-16 00:00:00+00:00, run_after=2025-12-17 00:00:00+00:00
[2025-12-17T02:38:02.062+0000] {processor.py:183} INFO - Processing /home/airflow/.local/lib/python3.12/site-packages/airflow/example_dags/example_branch_labels.py took 0.125 seconds
[2025-12-17T03:29:14.959+0000] {processor.py:161} INFO - Started process (PID=41943) to work on /home/airflow/.local/lib/python3.12/site-packages/airflow/example_dags/example_branch_labels.py
[2025-12-17T03:29:14.961+0000] {processor.py:830} INFO - Processing file /home/airflow/.local/lib/python3.12/site-packages/airflow/example_dags/example_branch_labels.py for tasks to queue
[2025-12-17T03:29:14.962+0000] {logging_mixin.py:188} INFO - [2025-12-17T03:29:14.962+0000] {dagbag.py:545} INFO - Filling up the DagBag from /home/airflow/.local/lib/python3.12/site-packages/airflow/example_dags/example_branch_labels.py
[2025-12-17T03:29:14.968+0000] {processor.py:840} INFO - DAG(s) 'example_branch_labels' retrieved from /home/airflow/.local/lib/python3.12/site-packages/airflow/example_dags/example_branch_labels.py
[2025-12-17T03:29:14.980+0000] {logging_mixin.py:188} INFO - [2025-12-17T03:29:14.980+0000] {dag.py:3089} INFO - Sync 1 DAGs
[2025-12-17T03:29:14.992+0000] {logging_mixin.py:188} INFO - [2025-12-17T03:29:14.992+0000] {dag.py:3947} INFO - Setting next_dagrun for example_branch_labels to 2025-12-16 00:00:00+00:00, run_after=2025-12-17 00:00:00+00:00
[2025-12-17T03:29:15.095+0000] {processor.py:183} INFO - Processing /home/airflow/.local/lib/python3.12/site-packages/airflow/example_dags/example_branch_labels.py took 0.139 seconds
[2025-12-17T03:53:42.818+0000] {processor.py:161} INFO - Started process (PID=42002) to work on /home/airflow/.local/lib/python3.12/site-packages/airflow/example_dags/example_branch_labels.py
[2025-12-17T03:53:42.819+0000] {processor.py:830} INFO - Processing file /home/airflow/.local/lib/python3.12/site-packages/airflow/example_dags/example_branch_labels.py for tasks to queue
[2025-12-17T03:53:42.820+0000] {logging_mixin.py:188} INFO - [2025-12-17T03:53:42.820+0000] {dagbag.py:545} INFO - Filling up the DagBag from /home/airflow/.local/lib/python3.12/site-packages/airflow/example_dags/example_branch_labels.py
[2025-12-17T03:53:42.825+0000] {processor.py:840} INFO - DAG(s) 'example_branch_labels' retrieved from /home/airflow/.local/lib/python3.12/site-packages/airflow/example_dags/example_branch_labels.py
[2025-12-17T03:53:42.841+0000] {logging_mixin.py:188} INFO - [2025-12-17T03:53:42.840+0000] {dag.py:3089} INFO - Sync 1 DAGs
[2025-12-17T03:53:42.849+0000] {logging_mixin.py:188} INFO - [2025-12-17T03:53:42.849+0000] {dag.py:3947} INFO - Setting next_dagrun for example_branch_labels to 2025-12-16 00:00:00+00:00, run_after=2025-12-17 00:00:00+00:00
[2025-12-17T03:53:42.857+0000] {processor.py:183} INFO - Processing /home/airflow/.local/lib/python3.12/site-packages/airflow/example_dags/example_branch_labels.py took 0.041 seconds
[2025-12-17T04:54:45.569+0000] {processor.py:161} INFO - Started process (PID=42061) to work on /home/airflow/.local/lib/python3.12/site-packages/airflow/example_dags/example_branch_labels.py
[2025-12-17T04:54:45.569+0000] {processor.py:830} INFO - Processing file /home/airflow/.local/lib/python3.12/site-packages/airflow/example_dags/example_branch_labels.py for tasks to queue
[2025-12-17T04:54:45.570+0000] {logging_mixin.py:188} INFO - [2025-12-17T04:54:45.569+0000] {dagbag.py:545} INFO - Filling up the DagBag from /home/airflow/.local/lib/python3.12/site-packages/airflow/example_dags/example_branch_labels.py
[2025-12-17T04:54:45.573+0000] {processor.py:840} INFO - DAG(s) 'example_branch_labels' retrieved from /home/airflow/.local/lib/python3.12/site-packages/airflow/example_dags/example_branch_labels.py
[2025-12-17T04:54:45.584+0000] {logging_mixin.py:188} INFO - [2025-12-17T04:54:45.584+0000] {dag.py:3089} INFO - Sync 1 DAGs
[2025-12-17T04:54:45.595+0000] {logging_mixin.py:188} INFO - [2025-12-17T04:54:45.595+0000] {dag.py:3947} INFO - Setting next_dagrun for example_branch_labels to 2025-12-16 00:00:00+00:00, run_after=2025-12-17 00:00:00+00:00
[2025-12-17T04:54:45.608+0000] {processor.py:183} INFO - Processing /home/airflow/.local/lib/python3.12/site-packages/airflow/example_dags/example_branch_labels.py took 0.042 seconds
[2025-12-17T06:11:24.911+0000] {processor.py:161} INFO - Started process (PID=42120) to work on /home/airflow/.local/lib/python3.12/site-packages/airflow/example_dags/example_branch_labels.py
[2025-12-17T06:11:24.912+0000] {processor.py:830} INFO - Processing file /home/airflow/.local/lib/python3.12/site-packages/airflow/example_dags/example_branch_labels.py for tasks to queue
[2025-12-17T06:11:24.913+0000] {logging_mixin.py:188} INFO - [2025-12-17T06:11:24.913+0000] {dagbag.py:545} INFO - Filling up the DagBag from /home/airflow/.local/lib/python3.12/site-packages/airflow/example_dags/example_branch_labels.py
[2025-12-17T06:11:24.917+0000] {processor.py:840} INFO - DAG(s) 'example_branch_labels' retrieved from /home/airflow/.local/lib/python3.12/site-packages/airflow/example_dags/example_branch_labels.py
[2025-12-17T06:11:25.036+0000] {logging_mixin.py:188} INFO - [2025-12-17T06:11:25.036+0000] {dag.py:3089} INFO - Sync 1 DAGs
[2025-12-17T06:11:25.073+0000] {logging_mixin.py:188} INFO - [2025-12-17T06:11:25.073+0000] {dag.py:3947} INFO - Setting next_dagrun for example_branch_labels to 2025-12-16 00:00:00+00:00, run_after=2025-12-17 00:00:00+00:00
[2025-12-17T06:11:25.112+0000] {processor.py:183} INFO - Processing /home/airflow/.local/lib/python3.12/site-packages/airflow/example_dags/example_branch_labels.py took 0.204 seconds
[2025-12-17T07:48:05.148+0000] {processor.py:161} INFO - Started process (PID=42179) to work on /home/airflow/.local/lib/python3.12/site-packages/airflow/example_dags/example_branch_labels.py
[2025-12-17T07:48:05.149+0000] {processor.py:830} INFO - Processing file /home/airflow/.local/lib/python3.12/site-packages/airflow/example_dags/example_branch_labels.py for tasks to queue
[2025-12-17T07:48:05.151+0000] {logging_mixin.py:188} INFO - [2025-12-17T07:48:05.151+0000] {dagbag.py:545} INFO - Filling up the DagBag from /home/airflow/.local/lib/python3.12/site-packages/airflow/example_dags/example_branch_labels.py
[2025-12-17T07:48:05.154+0000] {processor.py:840} INFO - DAG(s) 'example_branch_labels' retrieved from /home/airflow/.local/lib/python3.12/site-packages/airflow/example_dags/example_branch_labels.py
[2025-12-17T07:48:05.173+0000] {logging_mixin.py:188} INFO - [2025-12-17T07:48:05.173+0000] {dag.py:3089} INFO - Sync 1 DAGs
[2025-12-17T07:48:05.188+0000] {logging_mixin.py:188} INFO - [2025-12-17T07:48:05.188+0000] {dag.py:3947} INFO - Setting next_dagrun for example_branch_labels to 2025-12-16 00:00:00+00:00, run_after=2025-12-17 00:00:00+00:00
[2025-12-17T07:48:05.202+0000] {processor.py:183} INFO - Processing /home/airflow/.local/lib/python3.12/site-packages/airflow/example_dags/example_branch_labels.py took 0.063 seconds
[2025-12-17T08:58:45.270+0000] {processor.py:161} INFO - Started process (PID=42238) to work on /home/airflow/.local/lib/python3.12/site-packages/airflow/example_dags/example_branch_labels.py
[2025-12-17T08:58:45.271+0000] {processor.py:830} INFO - Processing file /home/airflow/.local/lib/python3.12/site-packages/airflow/example_dags/example_branch_labels.py for tasks to queue
[2025-12-17T08:58:45.272+0000] {logging_mixin.py:188} INFO - [2025-12-17T08:58:45.271+0000] {dagbag.py:545} INFO - Filling up the DagBag from /home/airflow/.local/lib/python3.12/site-packages/airflow/example_dags/example_branch_labels.py
[2025-12-17T08:58:45.277+0000] {processor.py:840} INFO - DAG(s) 'example_branch_labels' retrieved from /home/airflow/.local/lib/python3.12/site-packages/airflow/example_dags/example_branch_labels.py
[2025-12-17T08:58:45.295+0000] {logging_mixin.py:188} INFO - [2025-12-17T08:58:45.295+0000] {dag.py:3089} INFO - Sync 1 DAGs
[2025-12-17T08:58:45.305+0000] {logging_mixin.py:188} INFO - [2025-12-17T08:58:45.305+0000] {dag.py:3947} INFO - Setting next_dagrun for example_branch_labels to 2025-12-16 00:00:00+00:00, run_after=2025-12-17 00:00:00+00:00
[2025-12-17T08:58:45.313+0000] {processor.py:183} INFO - Processing /home/airflow/.local/lib/python3.12/site-packages/airflow/example_dags/example_branch_labels.py took 0.045 seconds
[2025-12-17T09:20:59.994+0000] {processor.py:161} INFO - Started process (PID=42297) to work on /home/airflow/.local/lib/python3.12/site-packages/airflow/example_dags/example_branch_labels.py
[2025-12-17T09:20:59.996+0000] {processor.py:830} INFO - Processing file /home/airflow/.local/lib/python3.12/site-packages/airflow/example_dags/example_branch_labels.py for tasks to queue
[2025-12-17T09:20:59.996+0000] {logging_mixin.py:188} INFO - [2025-12-17T09:20:59.996+0000] {dagbag.py:545} INFO - Filling up the DagBag from /home/airflow/.local/lib/python3.12/site-packages/airflow/example_dags/example_branch_labels.py
[2025-12-17T09:21:00.000+0000] {processor.py:840} INFO - DAG(s) 'example_branch_labels' retrieved from /home/airflow/.local/lib/python3.12/site-packages/airflow/example_dags/example_branch_labels.py
[2025-12-17T09:21:00.009+0000] {logging_mixin.py:188} INFO - [2025-12-17T09:21:00.009+0000] {dag.py:3089} INFO - Sync 1 DAGs
[2025-12-17T09:21:00.019+0000] {logging_mixin.py:188} INFO - [2025-12-17T09:21:00.019+0000] {dag.py:3947} INFO - Setting next_dagrun for example_branch_labels to 2025-12-16 00:00:00+00:00, run_after=2025-12-17 00:00:00+00:00
[2025-12-17T09:21:00.031+0000] {processor.py:183} INFO - Processing /home/airflow/.local/lib/python3.12/site-packages/airflow/example_dags/example_branch_labels.py took 0.041 seconds
[2025-12-17T10:31:20.296+0000] {processor.py:161} INFO - Started process (PID=42356) to work on /home/airflow/.local/lib/python3.12/site-packages/airflow/example_dags/example_branch_labels.py
[2025-12-17T10:31:20.296+0000] {processor.py:830} INFO - Processing file /home/airflow/.local/lib/python3.12/site-packages/airflow/example_dags/example_branch_labels.py for tasks to queue
[2025-12-17T10:31:20.297+0000] {logging_mixin.py:188} INFO - [2025-12-17T10:31:20.297+0000] {dagbag.py:545} INFO - Filling up the DagBag from /home/airflow/.local/lib/python3.12/site-packages/airflow/example_dags/example_branch_labels.py
[2025-12-17T10:31:20.300+0000] {processor.py:840} INFO - DAG(s) 'example_branch_labels' retrieved from /home/airflow/.local/lib/python3.12/site-packages/airflow/example_dags/example_branch_labels.py
[2025-12-17T10:31:20.310+0000] {logging_mixin.py:188} INFO - [2025-12-17T10:31:20.310+0000] {dag.py:3089} INFO - Sync 1 DAGs
[2025-12-17T10:31:20.320+0000] {logging_mixin.py:188} INFO - [2025-12-17T10:31:20.320+0000] {dag.py:3947} INFO - Setting next_dagrun for example_branch_labels to 2025-12-16 00:00:00+00:00, run_after=2025-12-17 00:00:00+00:00
[2025-12-17T10:31:20.331+0000] {processor.py:183} INFO - Processing /home/airflow/.local/lib/python3.12/site-packages/airflow/example_dags/example_branch_labels.py took 0.038 seconds
[2025-12-17T11:32:04.658+0000] {processor.py:161} INFO - Started process (PID=42415) to work on /home/airflow/.local/lib/python3.12/site-packages/airflow/example_dags/example_branch_labels.py
[2025-12-17T11:32:04.659+0000] {processor.py:830} INFO - Processing file /home/airflow/.local/lib/python3.12/site-packages/airflow/example_dags/example_branch_labels.py for tasks to queue
[2025-12-17T11:32:04.662+0000] {logging_mixin.py:188} INFO - [2025-12-17T11:32:04.662+0000] {dagbag.py:545} INFO - Filling up the DagBag from /home/airflow/.local/lib/python3.12/site-packages/airflow/example_dags/example_branch_labels.py
[2025-12-17T11:32:04.665+0000] {processor.py:840} INFO - DAG(s) 'example_branch_labels' retrieved from /home/airflow/.local/lib/python3.12/site-packages/airflow/example_dags/example_branch_labels.py
[2025-12-17T11:32:04.677+0000] {logging_mixin.py:188} INFO - [2025-12-17T11:32:04.676+0000] {dag.py:3089} INFO - Sync 1 DAGs
[2025-12-17T11:32:04.687+0000] {logging_mixin.py:188} INFO - [2025-12-17T11:32:04.687+0000] {dag.py:3947} INFO - Setting next_dagrun for example_branch_labels to 2025-12-16 00:00:00+00:00, run_after=2025-12-17 00:00:00+00:00
[2025-12-17T11:32:04.696+0000] {processor.py:183} INFO - Processing /home/airflow/.local/lib/python3.12/site-packages/airflow/example_dags/example_branch_labels.py took 0.041 seconds
[2025-12-17T12:33:34.580+0000] {processor.py:161} INFO - Started process (PID=42474) to work on /home/airflow/.local/lib/python3.12/site-packages/airflow/example_dags/example_branch_labels.py
[2025-12-17T12:33:34.581+0000] {processor.py:830} INFO - Processing file /home/airflow/.local/lib/python3.12/site-packages/airflow/example_dags/example_branch_labels.py for tasks to queue
[2025-12-17T12:33:34.582+0000] {logging_mixin.py:188} INFO - [2025-12-17T12:33:34.582+0000] {dagbag.py:545} INFO - Filling up the DagBag from /home/airflow/.local/lib/python3.12/site-packages/airflow/example_dags/example_branch_labels.py
[2025-12-17T12:33:34.587+0000] {processor.py:840} INFO - DAG(s) 'example_branch_labels' retrieved from /home/airflow/.local/lib/python3.12/site-packages/airflow/example_dags/example_branch_labels.py
[2025-12-17T12:33:34.596+0000] {logging_mixin.py:188} INFO - [2025-12-17T12:33:34.596+0000] {dag.py:3089} INFO - Sync 1 DAGs
[2025-12-17T12:33:34.605+0000] {logging_mixin.py:188} INFO - [2025-12-17T12:33:34.605+0000] {dag.py:3947} INFO - Setting next_dagrun for example_branch_labels to 2025-12-16 00:00:00+00:00, run_after=2025-12-17 00:00:00+00:00
[2025-12-17T12:33:34.616+0000] {processor.py:183} INFO - Processing /home/airflow/.local/lib/python3.12/site-packages/airflow/example_dags/example_branch_labels.py took 0.039 seconds
[2025-12-17T13:42:09.526+0000] {processor.py:161} INFO - Started process (PID=42533) to work on /home/airflow/.local/lib/python3.12/site-packages/airflow/example_dags/example_branch_labels.py
[2025-12-17T13:42:09.527+0000] {processor.py:830} INFO - Processing file /home/airflow/.local/lib/python3.12/site-packages/airflow/example_dags/example_branch_labels.py for tasks to queue
[2025-12-17T13:42:09.527+0000] {logging_mixin.py:188} INFO - [2025-12-17T13:42:09.527+0000] {dagbag.py:545} INFO - Filling up the DagBag from /home/airflow/.local/lib/python3.12/site-packages/airflow/example_dags/example_branch_labels.py
[2025-12-17T13:42:09.530+0000] {processor.py:840} INFO - DAG(s) 'example_branch_labels' retrieved from /home/airflow/.local/lib/python3.12/site-packages/airflow/example_dags/example_branch_labels.py
[2025-12-17T13:42:09.541+0000] {logging_mixin.py:188} INFO - [2025-12-17T13:42:09.541+0000] {dag.py:3089} INFO - Sync 1 DAGs
[2025-12-17T13:42:09.550+0000] {logging_mixin.py:188} INFO - [2025-12-17T13:42:09.550+0000] {dag.py:3947} INFO - Setting next_dagrun for example_branch_labels to 2025-12-16 00:00:00+00:00, run_after=2025-12-17 00:00:00+00:00
[2025-12-17T13:42:09.562+0000] {processor.py:183} INFO - Processing /home/airflow/.local/lib/python3.12/site-packages/airflow/example_dags/example_branch_labels.py took 0.039 seconds
[2025-12-17T14:56:27.725+0000] {processor.py:161} INFO - Started process (PID=42592) to work on /home/airflow/.local/lib/python3.12/site-packages/airflow/example_dags/example_branch_labels.py
[2025-12-17T14:56:27.726+0000] {processor.py:830} INFO - Processing file /home/airflow/.local/lib/python3.12/site-packages/airflow/example_dags/example_branch_labels.py for tasks to queue
[2025-12-17T14:56:27.727+0000] {logging_mixin.py:188} INFO - [2025-12-17T14:56:27.727+0000] {dagbag.py:545} INFO - Filling up the DagBag from /home/airflow/.local/lib/python3.12/site-packages/airflow/example_dags/example_branch_labels.py
[2025-12-17T14:56:27.730+0000] {processor.py:840} INFO - DAG(s) 'example_branch_labels' retrieved from /home/airflow/.local/lib/python3.12/site-packages/airflow/example_dags/example_branch_labels.py
[2025-12-17T14:56:27.743+0000] {logging_mixin.py:188} INFO - [2025-12-17T14:56:27.743+0000] {dag.py:3089} INFO - Sync 1 DAGs
[2025-12-17T14:56:27.756+0000] {logging_mixin.py:188} INFO - [2025-12-17T14:56:27.756+0000] {dag.py:3947} INFO - Setting next_dagrun for example_branch_labels to 2025-12-16 00:00:00+00:00, run_after=2025-12-17 00:00:00+00:00
[2025-12-17T14:56:27.771+0000] {processor.py:183} INFO - Processing /home/airflow/.local/lib/python3.12/site-packages/airflow/example_dags/example_branch_labels.py took 0.048 seconds
[2025-12-17T16:05:46.141+0000] {processor.py:161} INFO - Started process (PID=42651) to work on /home/airflow/.local/lib/python3.12/site-packages/airflow/example_dags/example_branch_labels.py
[2025-12-17T16:05:46.141+0000] {processor.py:830} INFO - Processing file /home/airflow/.local/lib/python3.12/site-packages/airflow/example_dags/example_branch_labels.py for tasks to queue
[2025-12-17T16:05:46.142+0000] {logging_mixin.py:188} INFO - [2025-12-17T16:05:46.142+0000] {dagbag.py:545} INFO - Filling up the DagBag from /home/airflow/.local/lib/python3.12/site-packages/airflow/example_dags/example_branch_labels.py
[2025-12-17T16:05:46.147+0000] {processor.py:840} INFO - DAG(s) 'example_branch_labels' retrieved from /home/airflow/.local/lib/python3.12/site-packages/airflow/example_dags/example_branch_labels.py
[2025-12-17T16:05:46.162+0000] {logging_mixin.py:188} INFO - [2025-12-17T16:05:46.162+0000] {dag.py:3089} INFO - Sync 1 DAGs
[2025-12-17T16:05:46.174+0000] {logging_mixin.py:188} INFO - [2025-12-17T16:05:46.174+0000] {dag.py:3947} INFO - Setting next_dagrun for example_branch_labels to 2025-12-16 00:00:00+00:00, run_after=2025-12-17 00:00:00+00:00
[2025-12-17T16:05:46.188+0000] {processor.py:183} INFO - Processing /home/airflow/.local/lib/python3.12/site-packages/airflow/example_dags/example_branch_labels.py took 0.051 seconds
[2025-12-17T17:20:37.678+0000] {processor.py:161} INFO - Started process (PID=42710) to work on /home/airflow/.local/lib/python3.12/site-packages/airflow/example_dags/example_branch_labels.py
[2025-12-17T17:20:37.678+0000] {processor.py:830} INFO - Processing file /home/airflow/.local/lib/python3.12/site-packages/airflow/example_dags/example_branch_labels.py for tasks to queue
[2025-12-17T17:20:37.680+0000] {logging_mixin.py:188} INFO - [2025-12-17T17:20:37.679+0000] {dagbag.py:545} INFO - Filling up the DagBag from /home/airflow/.local/lib/python3.12/site-packages/airflow/example_dags/example_branch_labels.py
[2025-12-17T17:20:37.683+0000] {processor.py:840} INFO - DAG(s) 'example_branch_labels' retrieved from /home/airflow/.local/lib/python3.12/site-packages/airflow/example_dags/example_branch_labels.py
[2025-12-17T17:20:37.698+0000] {logging_mixin.py:188} INFO - [2025-12-17T17:20:37.698+0000] {dag.py:3089} INFO - Sync 1 DAGs
[2025-12-17T17:20:37.708+0000] {logging_mixin.py:188} INFO - [2025-12-17T17:20:37.708+0000] {dag.py:3947} INFO - Setting next_dagrun for example_branch_labels to 2025-12-16 00:00:00+00:00, run_after=2025-12-17 00:00:00+00:00
[2025-12-17T17:20:37.718+0000] {processor.py:183} INFO - Processing /home/airflow/.local/lib/python3.12/site-packages/airflow/example_dags/example_branch_labels.py took 0.043 seconds
[2025-12-17T18:07:06.996+0000] {processor.py:161} INFO - Started process (PID=42769) to work on /home/airflow/.local/lib/python3.12/site-packages/airflow/example_dags/example_branch_labels.py
[2025-12-17T18:07:06.996+0000] {processor.py:830} INFO - Processing file /home/airflow/.local/lib/python3.12/site-packages/airflow/example_dags/example_branch_labels.py for tasks to queue
[2025-12-17T18:07:06.997+0000] {logging_mixin.py:188} INFO - [2025-12-17T18:07:06.996+0000] {dagbag.py:545} INFO - Filling up the DagBag from /home/airflow/.local/lib/python3.12/site-packages/airflow/example_dags/example_branch_labels.py
[2025-12-17T18:07:07.000+0000] {processor.py:840} INFO - DAG(s) 'example_branch_labels' retrieved from /home/airflow/.local/lib/python3.12/site-packages/airflow/example_dags/example_branch_labels.py
[2025-12-17T18:07:07.010+0000] {logging_mixin.py:188} INFO - [2025-12-17T18:07:07.010+0000] {dag.py:3089} INFO - Sync 1 DAGs
[2025-12-17T18:07:07.020+0000] {logging_mixin.py:188} INFO - [2025-12-17T18:07:07.020+0000] {dag.py:3947} INFO - Setting next_dagrun for example_branch_labels to 2025-12-16 00:00:00+00:00, run_after=2025-12-17 00:00:00+00:00
[2025-12-17T18:07:07.031+0000] {processor.py:183} INFO - Processing /home/airflow/.local/lib/python3.12/site-packages/airflow/example_dags/example_branch_labels.py took 0.038 seconds
[2025-12-17T18:26:57.651+0000] {processor.py:161} INFO - Started process (PID=42828) to work on /home/airflow/.local/lib/python3.12/site-packages/airflow/example_dags/example_branch_labels.py
[2025-12-17T18:26:57.652+0000] {processor.py:830} INFO - Processing file /home/airflow/.local/lib/python3.12/site-packages/airflow/example_dags/example_branch_labels.py for tasks to queue
[2025-12-17T18:26:57.652+0000] {logging_mixin.py:188} INFO - [2025-12-17T18:26:57.652+0000] {dagbag.py:545} INFO - Filling up the DagBag from /home/airflow/.local/lib/python3.12/site-packages/airflow/example_dags/example_branch_labels.py
[2025-12-17T18:26:57.655+0000] {processor.py:840} INFO - DAG(s) 'example_branch_labels' retrieved from /home/airflow/.local/lib/python3.12/site-packages/airflow/example_dags/example_branch_labels.py
[2025-12-17T18:26:57.667+0000] {logging_mixin.py:188} INFO - [2025-12-17T18:26:57.667+0000] {dag.py:3089} INFO - Sync 1 DAGs
[2025-12-17T18:26:57.676+0000] {logging_mixin.py:188} INFO - [2025-12-17T18:26:57.676+0000] {dag.py:3947} INFO - Setting next_dagrun for example_branch_labels to 2025-12-16 00:00:00+00:00, run_after=2025-12-17 00:00:00+00:00
[2025-12-17T18:26:57.684+0000] {processor.py:183} INFO - Processing /home/airflow/.local/lib/python3.12/site-packages/airflow/example_dags/example_branch_labels.py took 0.036 seconds
[2025-12-17T19:41:42.144+0000] {processor.py:161} INFO - Started process (PID=42887) to work on /home/airflow/.local/lib/python3.12/site-packages/airflow/example_dags/example_branch_labels.py
[2025-12-17T19:41:42.144+0000] {processor.py:830} INFO - Processing file /home/airflow/.local/lib/python3.12/site-packages/airflow/example_dags/example_branch_labels.py for tasks to queue
[2025-12-17T19:41:42.145+0000] {logging_mixin.py:188} INFO - [2025-12-17T19:41:42.145+0000] {dagbag.py:545} INFO - Filling up the DagBag from /home/airflow/.local/lib/python3.12/site-packages/airflow/example_dags/example_branch_labels.py
[2025-12-17T19:41:42.149+0000] {processor.py:840} INFO - DAG(s) 'example_branch_labels' retrieved from /home/airflow/.local/lib/python3.12/site-packages/airflow/example_dags/example_branch_labels.py
[2025-12-17T19:41:42.160+0000] {logging_mixin.py:188} INFO - [2025-12-17T19:41:42.159+0000] {dag.py:3089} INFO - Sync 1 DAGs
[2025-12-17T19:41:42.169+0000] {logging_mixin.py:188} INFO - [2025-12-17T19:41:42.169+0000] {dag.py:3947} INFO - Setting next_dagrun for example_branch_labels to 2025-12-16 00:00:00+00:00, run_after=2025-12-17 00:00:00+00:00
[2025-12-17T19:41:42.177+0000] {processor.py:183} INFO - Processing /home/airflow/.local/lib/python3.12/site-packages/airflow/example_dags/example_branch_labels.py took 0.037 seconds
[2025-12-17T21:17:14.157+0000] {processor.py:161} INFO - Started process (PID=42946) to work on /home/airflow/.local/lib/python3.12/site-packages/airflow/example_dags/example_branch_labels.py
[2025-12-17T21:17:14.158+0000] {processor.py:830} INFO - Processing file /home/airflow/.local/lib/python3.12/site-packages/airflow/example_dags/example_branch_labels.py for tasks to queue
[2025-12-17T21:17:14.158+0000] {logging_mixin.py:188} INFO - [2025-12-17T21:17:14.158+0000] {dagbag.py:545} INFO - Filling up the DagBag from /home/airflow/.local/lib/python3.12/site-packages/airflow/example_dags/example_branch_labels.py
[2025-12-17T21:17:14.162+0000] {processor.py:840} INFO - DAG(s) 'example_branch_labels' retrieved from /home/airflow/.local/lib/python3.12/site-packages/airflow/example_dags/example_branch_labels.py
[2025-12-17T21:17:14.172+0000] {logging_mixin.py:188} INFO - [2025-12-17T21:17:14.172+0000] {dag.py:3089} INFO - Sync 1 DAGs
[2025-12-17T21:17:14.183+0000] {logging_mixin.py:188} INFO - [2025-12-17T21:17:14.183+0000] {dag.py:3947} INFO - Setting next_dagrun for example_branch_labels to 2025-12-16 00:00:00+00:00, run_after=2025-12-17 00:00:00+00:00
[2025-12-17T21:17:14.206+0000] {processor.py:183} INFO - Processing /home/airflow/.local/lib/python3.12/site-packages/airflow/example_dags/example_branch_labels.py took 0.052 seconds
[2025-12-17T22:30:37.130+0000] {processor.py:161} INFO - Started process (PID=43005) to work on /home/airflow/.local/lib/python3.12/site-packages/airflow/example_dags/example_branch_labels.py
[2025-12-17T22:30:37.131+0000] {processor.py:830} INFO - Processing file /home/airflow/.local/lib/python3.12/site-packages/airflow/example_dags/example_branch_labels.py for tasks to queue
[2025-12-17T22:30:37.131+0000] {logging_mixin.py:188} INFO - [2025-12-17T22:30:37.131+0000] {dagbag.py:545} INFO - Filling up the DagBag from /home/airflow/.local/lib/python3.12/site-packages/airflow/example_dags/example_branch_labels.py
[2025-12-17T22:30:37.135+0000] {processor.py:840} INFO - DAG(s) 'example_branch_labels' retrieved from /home/airflow/.local/lib/python3.12/site-packages/airflow/example_dags/example_branch_labels.py
[2025-12-17T22:30:37.147+0000] {logging_mixin.py:188} INFO - [2025-12-17T22:30:37.147+0000] {dag.py:3089} INFO - Sync 1 DAGs
[2025-12-17T22:30:37.157+0000] {logging_mixin.py:188} INFO - [2025-12-17T22:30:37.157+0000] {dag.py:3947} INFO - Setting next_dagrun for example_branch_labels to 2025-12-16 00:00:00+00:00, run_after=2025-12-17 00:00:00+00:00
[2025-12-17T22:30:37.164+0000] {processor.py:183} INFO - Processing /home/airflow/.local/lib/python3.12/site-packages/airflow/example_dags/example_branch_labels.py took 0.036 seconds
