[2025-12-17T00:49:44.445+0000] {processor.py:161} INFO - Started process (PID=41714) to work on /home/airflow/.local/lib/python3.12/site-packages/airflow/example_dags/example_kubernetes_executor.py
[2025-12-17T00:49:44.446+0000] {processor.py:830} INFO - Processing file /home/airflow/.local/lib/python3.12/site-packages/airflow/example_dags/example_kubernetes_executor.py for tasks to queue
[2025-12-17T00:49:44.446+0000] {logging_mixin.py:188} INFO - [2025-12-17T00:49:44.446+0000] {dagbag.py:545} INFO - Filling up the DagBag from /home/airflow/.local/lib/python3.12/site-packages/airflow/example_dags/example_kubernetes_executor.py
[2025-12-17T00:49:44.452+0000] {processor.py:840} INFO - DAG(s) 'example_kubernetes_executor' retrieved from /home/airflow/.local/lib/python3.12/site-packages/airflow/example_dags/example_kubernetes_executor.py
[2025-12-17T00:49:44.468+0000] {logging_mixin.py:188} INFO - [2025-12-17T00:49:44.468+0000] {dag.py:3089} INFO - Sync 1 DAGs
[2025-12-17T00:49:44.474+0000] {logging_mixin.py:188} INFO - [2025-12-17T00:49:44.474+0000] {dag.py:3947} INFO - Setting next_dagrun for example_kubernetes_executor to None, run_after=None
[2025-12-17T00:49:44.481+0000] {processor.py:183} INFO - Processing /home/airflow/.local/lib/python3.12/site-packages/airflow/example_dags/example_kubernetes_executor.py took 0.038 seconds
[2025-12-17T01:13:20.039+0000] {processor.py:161} INFO - Started process (PID=41773) to work on /home/airflow/.local/lib/python3.12/site-packages/airflow/example_dags/example_kubernetes_executor.py
[2025-12-17T01:13:20.041+0000] {processor.py:830} INFO - Processing file /home/airflow/.local/lib/python3.12/site-packages/airflow/example_dags/example_kubernetes_executor.py for tasks to queue
[2025-12-17T01:13:20.042+0000] {logging_mixin.py:188} INFO - [2025-12-17T01:13:20.042+0000] {dagbag.py:545} INFO - Filling up the DagBag from /home/airflow/.local/lib/python3.12/site-packages/airflow/example_dags/example_kubernetes_executor.py
[2025-12-17T01:13:20.049+0000] {processor.py:840} INFO - DAG(s) 'example_kubernetes_executor' retrieved from /home/airflow/.local/lib/python3.12/site-packages/airflow/example_dags/example_kubernetes_executor.py
[2025-12-17T01:13:20.073+0000] {logging_mixin.py:188} INFO - [2025-12-17T01:13:20.073+0000] {dag.py:3089} INFO - Sync 1 DAGs
[2025-12-17T01:13:20.079+0000] {logging_mixin.py:188} INFO - [2025-12-17T01:13:20.079+0000] {dag.py:3947} INFO - Setting next_dagrun for example_kubernetes_executor to None, run_after=None
[2025-12-17T01:13:20.088+0000] {processor.py:183} INFO - Processing /home/airflow/.local/lib/python3.12/site-packages/airflow/example_dags/example_kubernetes_executor.py took 0.051 seconds
[2025-12-17T02:08:58.787+0000] {processor.py:161} INFO - Started process (PID=41832) to work on /home/airflow/.local/lib/python3.12/site-packages/airflow/example_dags/example_kubernetes_executor.py
[2025-12-17T02:08:58.787+0000] {processor.py:830} INFO - Processing file /home/airflow/.local/lib/python3.12/site-packages/airflow/example_dags/example_kubernetes_executor.py for tasks to queue
[2025-12-17T02:08:58.788+0000] {logging_mixin.py:188} INFO - [2025-12-17T02:08:58.788+0000] {dagbag.py:545} INFO - Filling up the DagBag from /home/airflow/.local/lib/python3.12/site-packages/airflow/example_dags/example_kubernetes_executor.py
[2025-12-17T02:08:58.794+0000] {processor.py:840} INFO - DAG(s) 'example_kubernetes_executor' retrieved from /home/airflow/.local/lib/python3.12/site-packages/airflow/example_dags/example_kubernetes_executor.py
[2025-12-17T02:08:58.814+0000] {logging_mixin.py:188} INFO - [2025-12-17T02:08:58.814+0000] {dag.py:3089} INFO - Sync 1 DAGs
[2025-12-17T02:08:58.821+0000] {logging_mixin.py:188} INFO - [2025-12-17T02:08:58.821+0000] {dag.py:3947} INFO - Setting next_dagrun for example_kubernetes_executor to None, run_after=None
[2025-12-17T02:08:58.829+0000] {processor.py:183} INFO - Processing /home/airflow/.local/lib/python3.12/site-packages/airflow/example_dags/example_kubernetes_executor.py took 0.046 seconds
[2025-12-17T02:38:02.586+0000] {processor.py:161} INFO - Started process (PID=41891) to work on /home/airflow/.local/lib/python3.12/site-packages/airflow/example_dags/example_kubernetes_executor.py
[2025-12-17T02:38:02.586+0000] {processor.py:830} INFO - Processing file /home/airflow/.local/lib/python3.12/site-packages/airflow/example_dags/example_kubernetes_executor.py for tasks to queue
[2025-12-17T02:38:02.587+0000] {logging_mixin.py:188} INFO - [2025-12-17T02:38:02.586+0000] {dagbag.py:545} INFO - Filling up the DagBag from /home/airflow/.local/lib/python3.12/site-packages/airflow/example_dags/example_kubernetes_executor.py
[2025-12-17T02:38:02.592+0000] {processor.py:840} INFO - DAG(s) 'example_kubernetes_executor' retrieved from /home/airflow/.local/lib/python3.12/site-packages/airflow/example_dags/example_kubernetes_executor.py
[2025-12-17T02:38:02.702+0000] {logging_mixin.py:188} INFO - [2025-12-17T02:38:02.702+0000] {dag.py:3089} INFO - Sync 1 DAGs
[2025-12-17T02:38:02.707+0000] {logging_mixin.py:188} INFO - [2025-12-17T02:38:02.707+0000] {dag.py:3947} INFO - Setting next_dagrun for example_kubernetes_executor to None, run_after=None
[2025-12-17T02:38:02.717+0000] {processor.py:183} INFO - Processing /home/airflow/.local/lib/python3.12/site-packages/airflow/example_dags/example_kubernetes_executor.py took 0.134 seconds
[2025-12-17T03:29:15.544+0000] {processor.py:161} INFO - Started process (PID=41950) to work on /home/airflow/.local/lib/python3.12/site-packages/airflow/example_dags/example_kubernetes_executor.py
[2025-12-17T03:29:15.544+0000] {processor.py:830} INFO - Processing file /home/airflow/.local/lib/python3.12/site-packages/airflow/example_dags/example_kubernetes_executor.py for tasks to queue
[2025-12-17T03:29:15.545+0000] {logging_mixin.py:188} INFO - [2025-12-17T03:29:15.545+0000] {dagbag.py:545} INFO - Filling up the DagBag from /home/airflow/.local/lib/python3.12/site-packages/airflow/example_dags/example_kubernetes_executor.py
[2025-12-17T03:29:15.550+0000] {processor.py:840} INFO - DAG(s) 'example_kubernetes_executor' retrieved from /home/airflow/.local/lib/python3.12/site-packages/airflow/example_dags/example_kubernetes_executor.py
[2025-12-17T03:29:15.659+0000] {logging_mixin.py:188} INFO - [2025-12-17T03:29:15.659+0000] {dag.py:3089} INFO - Sync 1 DAGs
[2025-12-17T03:29:15.664+0000] {logging_mixin.py:188} INFO - [2025-12-17T03:29:15.664+0000] {dag.py:3947} INFO - Setting next_dagrun for example_kubernetes_executor to None, run_after=None
[2025-12-17T03:29:15.674+0000] {processor.py:183} INFO - Processing /home/airflow/.local/lib/python3.12/site-packages/airflow/example_dags/example_kubernetes_executor.py took 0.132 seconds
[2025-12-17T03:53:43.015+0000] {processor.py:161} INFO - Started process (PID=42009) to work on /home/airflow/.local/lib/python3.12/site-packages/airflow/example_dags/example_kubernetes_executor.py
[2025-12-17T03:53:43.015+0000] {processor.py:830} INFO - Processing file /home/airflow/.local/lib/python3.12/site-packages/airflow/example_dags/example_kubernetes_executor.py for tasks to queue
[2025-12-17T03:53:43.016+0000] {logging_mixin.py:188} INFO - [2025-12-17T03:53:43.016+0000] {dagbag.py:545} INFO - Filling up the DagBag from /home/airflow/.local/lib/python3.12/site-packages/airflow/example_dags/example_kubernetes_executor.py
[2025-12-17T03:53:43.022+0000] {processor.py:840} INFO - DAG(s) 'example_kubernetes_executor' retrieved from /home/airflow/.local/lib/python3.12/site-packages/airflow/example_dags/example_kubernetes_executor.py
[2025-12-17T03:53:43.042+0000] {logging_mixin.py:188} INFO - [2025-12-17T03:53:43.041+0000] {dag.py:3089} INFO - Sync 1 DAGs
[2025-12-17T03:53:43.050+0000] {logging_mixin.py:188} INFO - [2025-12-17T03:53:43.050+0000] {dag.py:3947} INFO - Setting next_dagrun for example_kubernetes_executor to None, run_after=None
[2025-12-17T03:53:43.061+0000] {processor.py:183} INFO - Processing /home/airflow/.local/lib/python3.12/site-packages/airflow/example_dags/example_kubernetes_executor.py took 0.049 seconds
[2025-12-17T04:54:45.772+0000] {processor.py:161} INFO - Started process (PID=42068) to work on /home/airflow/.local/lib/python3.12/site-packages/airflow/example_dags/example_kubernetes_executor.py
[2025-12-17T04:54:45.773+0000] {processor.py:830} INFO - Processing file /home/airflow/.local/lib/python3.12/site-packages/airflow/example_dags/example_kubernetes_executor.py for tasks to queue
[2025-12-17T04:54:45.773+0000] {logging_mixin.py:188} INFO - [2025-12-17T04:54:45.773+0000] {dagbag.py:545} INFO - Filling up the DagBag from /home/airflow/.local/lib/python3.12/site-packages/airflow/example_dags/example_kubernetes_executor.py
[2025-12-17T04:54:45.779+0000] {processor.py:840} INFO - DAG(s) 'example_kubernetes_executor' retrieved from /home/airflow/.local/lib/python3.12/site-packages/airflow/example_dags/example_kubernetes_executor.py
[2025-12-17T04:54:45.793+0000] {logging_mixin.py:188} INFO - [2025-12-17T04:54:45.793+0000] {dag.py:3089} INFO - Sync 1 DAGs
[2025-12-17T04:54:45.798+0000] {logging_mixin.py:188} INFO - [2025-12-17T04:54:45.798+0000] {dag.py:3947} INFO - Setting next_dagrun for example_kubernetes_executor to None, run_after=None
[2025-12-17T04:54:45.804+0000] {processor.py:183} INFO - Processing /home/airflow/.local/lib/python3.12/site-packages/airflow/example_dags/example_kubernetes_executor.py took 0.034 seconds
[2025-12-17T06:11:25.344+0000] {processor.py:161} INFO - Started process (PID=42127) to work on /home/airflow/.local/lib/python3.12/site-packages/airflow/example_dags/example_kubernetes_executor.py
[2025-12-17T06:11:25.344+0000] {processor.py:830} INFO - Processing file /home/airflow/.local/lib/python3.12/site-packages/airflow/example_dags/example_kubernetes_executor.py for tasks to queue
[2025-12-17T06:11:25.345+0000] {logging_mixin.py:188} INFO - [2025-12-17T06:11:25.345+0000] {dagbag.py:545} INFO - Filling up the DagBag from /home/airflow/.local/lib/python3.12/site-packages/airflow/example_dags/example_kubernetes_executor.py
[2025-12-17T06:11:25.354+0000] {processor.py:840} INFO - DAG(s) 'example_kubernetes_executor' retrieved from /home/airflow/.local/lib/python3.12/site-packages/airflow/example_dags/example_kubernetes_executor.py
[2025-12-17T06:11:25.386+0000] {logging_mixin.py:188} INFO - [2025-12-17T06:11:25.386+0000] {dag.py:3089} INFO - Sync 1 DAGs
[2025-12-17T06:11:25.393+0000] {logging_mixin.py:188} INFO - [2025-12-17T06:11:25.393+0000] {dag.py:3947} INFO - Setting next_dagrun for example_kubernetes_executor to None, run_after=None
[2025-12-17T06:11:25.403+0000] {processor.py:183} INFO - Processing /home/airflow/.local/lib/python3.12/site-packages/airflow/example_dags/example_kubernetes_executor.py took 0.062 seconds
[2025-12-17T07:48:05.379+0000] {processor.py:161} INFO - Started process (PID=42186) to work on /home/airflow/.local/lib/python3.12/site-packages/airflow/example_dags/example_kubernetes_executor.py
[2025-12-17T07:48:05.380+0000] {processor.py:830} INFO - Processing file /home/airflow/.local/lib/python3.12/site-packages/airflow/example_dags/example_kubernetes_executor.py for tasks to queue
[2025-12-17T07:48:05.380+0000] {logging_mixin.py:188} INFO - [2025-12-17T07:48:05.380+0000] {dagbag.py:545} INFO - Filling up the DagBag from /home/airflow/.local/lib/python3.12/site-packages/airflow/example_dags/example_kubernetes_executor.py
[2025-12-17T07:48:05.386+0000] {processor.py:840} INFO - DAG(s) 'example_kubernetes_executor' retrieved from /home/airflow/.local/lib/python3.12/site-packages/airflow/example_dags/example_kubernetes_executor.py
[2025-12-17T07:48:05.403+0000] {logging_mixin.py:188} INFO - [2025-12-17T07:48:05.403+0000] {dag.py:3089} INFO - Sync 1 DAGs
[2025-12-17T07:48:05.408+0000] {logging_mixin.py:188} INFO - [2025-12-17T07:48:05.408+0000] {dag.py:3947} INFO - Setting next_dagrun for example_kubernetes_executor to None, run_after=None
[2025-12-17T07:48:05.414+0000] {processor.py:183} INFO - Processing /home/airflow/.local/lib/python3.12/site-packages/airflow/example_dags/example_kubernetes_executor.py took 0.039 seconds
[2025-12-17T08:58:45.466+0000] {processor.py:161} INFO - Started process (PID=42245) to work on /home/airflow/.local/lib/python3.12/site-packages/airflow/example_dags/example_kubernetes_executor.py
[2025-12-17T08:58:45.466+0000] {processor.py:830} INFO - Processing file /home/airflow/.local/lib/python3.12/site-packages/airflow/example_dags/example_kubernetes_executor.py for tasks to queue
[2025-12-17T08:58:45.467+0000] {logging_mixin.py:188} INFO - [2025-12-17T08:58:45.466+0000] {dagbag.py:545} INFO - Filling up the DagBag from /home/airflow/.local/lib/python3.12/site-packages/airflow/example_dags/example_kubernetes_executor.py
[2025-12-17T08:58:45.472+0000] {processor.py:840} INFO - DAG(s) 'example_kubernetes_executor' retrieved from /home/airflow/.local/lib/python3.12/site-packages/airflow/example_dags/example_kubernetes_executor.py
[2025-12-17T08:58:45.489+0000] {logging_mixin.py:188} INFO - [2025-12-17T08:58:45.488+0000] {dag.py:3089} INFO - Sync 1 DAGs
[2025-12-17T08:58:45.494+0000] {logging_mixin.py:188} INFO - [2025-12-17T08:58:45.494+0000] {dag.py:3947} INFO - Setting next_dagrun for example_kubernetes_executor to None, run_after=None
[2025-12-17T08:58:45.500+0000] {processor.py:183} INFO - Processing /home/airflow/.local/lib/python3.12/site-packages/airflow/example_dags/example_kubernetes_executor.py took 0.037 seconds
[2025-12-17T09:21:00.193+0000] {processor.py:161} INFO - Started process (PID=42304) to work on /home/airflow/.local/lib/python3.12/site-packages/airflow/example_dags/example_kubernetes_executor.py
[2025-12-17T09:21:00.193+0000] {processor.py:830} INFO - Processing file /home/airflow/.local/lib/python3.12/site-packages/airflow/example_dags/example_kubernetes_executor.py for tasks to queue
[2025-12-17T09:21:00.194+0000] {logging_mixin.py:188} INFO - [2025-12-17T09:21:00.194+0000] {dagbag.py:545} INFO - Filling up the DagBag from /home/airflow/.local/lib/python3.12/site-packages/airflow/example_dags/example_kubernetes_executor.py
[2025-12-17T09:21:00.200+0000] {processor.py:840} INFO - DAG(s) 'example_kubernetes_executor' retrieved from /home/airflow/.local/lib/python3.12/site-packages/airflow/example_dags/example_kubernetes_executor.py
[2025-12-17T09:21:00.216+0000] {logging_mixin.py:188} INFO - [2025-12-17T09:21:00.216+0000] {dag.py:3089} INFO - Sync 1 DAGs
[2025-12-17T09:21:00.221+0000] {logging_mixin.py:188} INFO - [2025-12-17T09:21:00.221+0000] {dag.py:3947} INFO - Setting next_dagrun for example_kubernetes_executor to None, run_after=None
[2025-12-17T09:21:00.229+0000] {processor.py:183} INFO - Processing /home/airflow/.local/lib/python3.12/site-packages/airflow/example_dags/example_kubernetes_executor.py took 0.039 seconds
[2025-12-17T10:31:20.458+0000] {processor.py:161} INFO - Started process (PID=42363) to work on /home/airflow/.local/lib/python3.12/site-packages/airflow/example_dags/example_kubernetes_executor.py
[2025-12-17T10:31:20.460+0000] {processor.py:830} INFO - Processing file /home/airflow/.local/lib/python3.12/site-packages/airflow/example_dags/example_kubernetes_executor.py for tasks to queue
[2025-12-17T10:31:20.461+0000] {logging_mixin.py:188} INFO - [2025-12-17T10:31:20.460+0000] {dagbag.py:545} INFO - Filling up the DagBag from /home/airflow/.local/lib/python3.12/site-packages/airflow/example_dags/example_kubernetes_executor.py
[2025-12-17T10:31:20.468+0000] {processor.py:840} INFO - DAG(s) 'example_kubernetes_executor' retrieved from /home/airflow/.local/lib/python3.12/site-packages/airflow/example_dags/example_kubernetes_executor.py
[2025-12-17T10:31:20.491+0000] {logging_mixin.py:188} INFO - [2025-12-17T10:31:20.491+0000] {dag.py:3089} INFO - Sync 1 DAGs
[2025-12-17T10:31:20.497+0000] {logging_mixin.py:188} INFO - [2025-12-17T10:31:20.497+0000] {dag.py:3947} INFO - Setting next_dagrun for example_kubernetes_executor to None, run_after=None
[2025-12-17T10:31:20.504+0000] {processor.py:183} INFO - Processing /home/airflow/.local/lib/python3.12/site-packages/airflow/example_dags/example_kubernetes_executor.py took 0.048 seconds
[2025-12-17T11:32:04.994+0000] {processor.py:161} INFO - Started process (PID=42422) to work on /home/airflow/.local/lib/python3.12/site-packages/airflow/example_dags/example_kubernetes_executor.py
[2025-12-17T11:32:04.995+0000] {processor.py:830} INFO - Processing file /home/airflow/.local/lib/python3.12/site-packages/airflow/example_dags/example_kubernetes_executor.py for tasks to queue
[2025-12-17T11:32:04.995+0000] {logging_mixin.py:188} INFO - [2025-12-17T11:32:04.995+0000] {dagbag.py:545} INFO - Filling up the DagBag from /home/airflow/.local/lib/python3.12/site-packages/airflow/example_dags/example_kubernetes_executor.py
[2025-12-17T11:32:05.003+0000] {processor.py:840} INFO - DAG(s) 'example_kubernetes_executor' retrieved from /home/airflow/.local/lib/python3.12/site-packages/airflow/example_dags/example_kubernetes_executor.py
[2025-12-17T11:32:05.025+0000] {logging_mixin.py:188} INFO - [2025-12-17T11:32:05.024+0000] {dag.py:3089} INFO - Sync 1 DAGs
[2025-12-17T11:32:05.030+0000] {logging_mixin.py:188} INFO - [2025-12-17T11:32:05.030+0000] {dag.py:3947} INFO - Setting next_dagrun for example_kubernetes_executor to None, run_after=None
[2025-12-17T11:32:05.038+0000] {processor.py:183} INFO - Processing /home/airflow/.local/lib/python3.12/site-packages/airflow/example_dags/example_kubernetes_executor.py took 0.047 seconds
[2025-12-17T12:33:34.760+0000] {processor.py:161} INFO - Started process (PID=42481) to work on /home/airflow/.local/lib/python3.12/site-packages/airflow/example_dags/example_kubernetes_executor.py
[2025-12-17T12:33:34.760+0000] {processor.py:830} INFO - Processing file /home/airflow/.local/lib/python3.12/site-packages/airflow/example_dags/example_kubernetes_executor.py for tasks to queue
[2025-12-17T12:33:34.761+0000] {logging_mixin.py:188} INFO - [2025-12-17T12:33:34.761+0000] {dagbag.py:545} INFO - Filling up the DagBag from /home/airflow/.local/lib/python3.12/site-packages/airflow/example_dags/example_kubernetes_executor.py
[2025-12-17T12:33:34.768+0000] {processor.py:840} INFO - DAG(s) 'example_kubernetes_executor' retrieved from /home/airflow/.local/lib/python3.12/site-packages/airflow/example_dags/example_kubernetes_executor.py
[2025-12-17T12:33:34.788+0000] {logging_mixin.py:188} INFO - [2025-12-17T12:33:34.788+0000] {dag.py:3089} INFO - Sync 1 DAGs
[2025-12-17T12:33:34.795+0000] {logging_mixin.py:188} INFO - [2025-12-17T12:33:34.795+0000] {dag.py:3947} INFO - Setting next_dagrun for example_kubernetes_executor to None, run_after=None
[2025-12-17T12:33:34.805+0000] {processor.py:183} INFO - Processing /home/airflow/.local/lib/python3.12/site-packages/airflow/example_dags/example_kubernetes_executor.py took 0.047 seconds
[2025-12-17T13:42:09.704+0000] {processor.py:161} INFO - Started process (PID=42540) to work on /home/airflow/.local/lib/python3.12/site-packages/airflow/example_dags/example_kubernetes_executor.py
[2025-12-17T13:42:09.705+0000] {processor.py:830} INFO - Processing file /home/airflow/.local/lib/python3.12/site-packages/airflow/example_dags/example_kubernetes_executor.py for tasks to queue
[2025-12-17T13:42:09.705+0000] {logging_mixin.py:188} INFO - [2025-12-17T13:42:09.705+0000] {dagbag.py:545} INFO - Filling up the DagBag from /home/airflow/.local/lib/python3.12/site-packages/airflow/example_dags/example_kubernetes_executor.py
[2025-12-17T13:42:09.711+0000] {processor.py:840} INFO - DAG(s) 'example_kubernetes_executor' retrieved from /home/airflow/.local/lib/python3.12/site-packages/airflow/example_dags/example_kubernetes_executor.py
[2025-12-17T13:42:09.726+0000] {logging_mixin.py:188} INFO - [2025-12-17T13:42:09.726+0000] {dag.py:3089} INFO - Sync 1 DAGs
[2025-12-17T13:42:09.730+0000] {logging_mixin.py:188} INFO - [2025-12-17T13:42:09.730+0000] {dag.py:3947} INFO - Setting next_dagrun for example_kubernetes_executor to None, run_after=None
[2025-12-17T13:42:09.736+0000] {processor.py:183} INFO - Processing /home/airflow/.local/lib/python3.12/site-packages/airflow/example_dags/example_kubernetes_executor.py took 0.035 seconds
[2025-12-17T14:56:27.908+0000] {processor.py:161} INFO - Started process (PID=42599) to work on /home/airflow/.local/lib/python3.12/site-packages/airflow/example_dags/example_kubernetes_executor.py
[2025-12-17T14:56:27.909+0000] {processor.py:830} INFO - Processing file /home/airflow/.local/lib/python3.12/site-packages/airflow/example_dags/example_kubernetes_executor.py for tasks to queue
[2025-12-17T14:56:27.909+0000] {logging_mixin.py:188} INFO - [2025-12-17T14:56:27.909+0000] {dagbag.py:545} INFO - Filling up the DagBag from /home/airflow/.local/lib/python3.12/site-packages/airflow/example_dags/example_kubernetes_executor.py
[2025-12-17T14:56:27.916+0000] {processor.py:840} INFO - DAG(s) 'example_kubernetes_executor' retrieved from /home/airflow/.local/lib/python3.12/site-packages/airflow/example_dags/example_kubernetes_executor.py
[2025-12-17T14:56:27.933+0000] {logging_mixin.py:188} INFO - [2025-12-17T14:56:27.933+0000] {dag.py:3089} INFO - Sync 1 DAGs
[2025-12-17T14:56:27.938+0000] {logging_mixin.py:188} INFO - [2025-12-17T14:56:27.938+0000] {dag.py:3947} INFO - Setting next_dagrun for example_kubernetes_executor to None, run_after=None
[2025-12-17T14:56:27.948+0000] {processor.py:183} INFO - Processing /home/airflow/.local/lib/python3.12/site-packages/airflow/example_dags/example_kubernetes_executor.py took 0.043 seconds
[2025-12-17T16:05:46.351+0000] {processor.py:161} INFO - Started process (PID=42658) to work on /home/airflow/.local/lib/python3.12/site-packages/airflow/example_dags/example_kubernetes_executor.py
[2025-12-17T16:05:46.354+0000] {processor.py:830} INFO - Processing file /home/airflow/.local/lib/python3.12/site-packages/airflow/example_dags/example_kubernetes_executor.py for tasks to queue
[2025-12-17T16:05:46.355+0000] {logging_mixin.py:188} INFO - [2025-12-17T16:05:46.354+0000] {dagbag.py:545} INFO - Filling up the DagBag from /home/airflow/.local/lib/python3.12/site-packages/airflow/example_dags/example_kubernetes_executor.py
[2025-12-17T16:05:46.361+0000] {processor.py:840} INFO - DAG(s) 'example_kubernetes_executor' retrieved from /home/airflow/.local/lib/python3.12/site-packages/airflow/example_dags/example_kubernetes_executor.py
[2025-12-17T16:05:46.384+0000] {logging_mixin.py:188} INFO - [2025-12-17T16:05:46.384+0000] {dag.py:3089} INFO - Sync 1 DAGs
[2025-12-17T16:05:46.391+0000] {logging_mixin.py:188} INFO - [2025-12-17T16:05:46.391+0000] {dag.py:3947} INFO - Setting next_dagrun for example_kubernetes_executor to None, run_after=None
[2025-12-17T16:05:46.402+0000] {processor.py:183} INFO - Processing /home/airflow/.local/lib/python3.12/site-packages/airflow/example_dags/example_kubernetes_executor.py took 0.053 seconds
[2025-12-17T17:20:37.913+0000] {processor.py:161} INFO - Started process (PID=42717) to work on /home/airflow/.local/lib/python3.12/site-packages/airflow/example_dags/example_kubernetes_executor.py
[2025-12-17T17:20:37.915+0000] {processor.py:830} INFO - Processing file /home/airflow/.local/lib/python3.12/site-packages/airflow/example_dags/example_kubernetes_executor.py for tasks to queue
[2025-12-17T17:20:37.915+0000] {logging_mixin.py:188} INFO - [2025-12-17T17:20:37.915+0000] {dagbag.py:545} INFO - Filling up the DagBag from /home/airflow/.local/lib/python3.12/site-packages/airflow/example_dags/example_kubernetes_executor.py
[2025-12-17T17:20:37.922+0000] {processor.py:840} INFO - DAG(s) 'example_kubernetes_executor' retrieved from /home/airflow/.local/lib/python3.12/site-packages/airflow/example_dags/example_kubernetes_executor.py
[2025-12-17T17:20:37.938+0000] {logging_mixin.py:188} INFO - [2025-12-17T17:20:37.938+0000] {dag.py:3089} INFO - Sync 1 DAGs
[2025-12-17T17:20:37.943+0000] {logging_mixin.py:188} INFO - [2025-12-17T17:20:37.943+0000] {dag.py:3947} INFO - Setting next_dagrun for example_kubernetes_executor to None, run_after=None
[2025-12-17T17:20:37.950+0000] {processor.py:183} INFO - Processing /home/airflow/.local/lib/python3.12/site-packages/airflow/example_dags/example_kubernetes_executor.py took 0.043 seconds
[2025-12-17T18:07:07.158+0000] {processor.py:161} INFO - Started process (PID=42776) to work on /home/airflow/.local/lib/python3.12/site-packages/airflow/example_dags/example_kubernetes_executor.py
[2025-12-17T18:07:07.161+0000] {processor.py:830} INFO - Processing file /home/airflow/.local/lib/python3.12/site-packages/airflow/example_dags/example_kubernetes_executor.py for tasks to queue
[2025-12-17T18:07:07.164+0000] {logging_mixin.py:188} INFO - [2025-12-17T18:07:07.163+0000] {dagbag.py:545} INFO - Filling up the DagBag from /home/airflow/.local/lib/python3.12/site-packages/airflow/example_dags/example_kubernetes_executor.py
[2025-12-17T18:07:07.170+0000] {processor.py:840} INFO - DAG(s) 'example_kubernetes_executor' retrieved from /home/airflow/.local/lib/python3.12/site-packages/airflow/example_dags/example_kubernetes_executor.py
[2025-12-17T18:07:07.191+0000] {logging_mixin.py:188} INFO - [2025-12-17T18:07:07.191+0000] {dag.py:3089} INFO - Sync 1 DAGs
[2025-12-17T18:07:07.196+0000] {logging_mixin.py:188} INFO - [2025-12-17T18:07:07.196+0000] {dag.py:3947} INFO - Setting next_dagrun for example_kubernetes_executor to None, run_after=None
[2025-12-17T18:07:07.208+0000] {processor.py:183} INFO - Processing /home/airflow/.local/lib/python3.12/site-packages/airflow/example_dags/example_kubernetes_executor.py took 0.053 seconds
[2025-12-17T18:26:57.822+0000] {processor.py:161} INFO - Started process (PID=42835) to work on /home/airflow/.local/lib/python3.12/site-packages/airflow/example_dags/example_kubernetes_executor.py
[2025-12-17T18:26:57.823+0000] {processor.py:830} INFO - Processing file /home/airflow/.local/lib/python3.12/site-packages/airflow/example_dags/example_kubernetes_executor.py for tasks to queue
[2025-12-17T18:26:57.823+0000] {logging_mixin.py:188} INFO - [2025-12-17T18:26:57.823+0000] {dagbag.py:545} INFO - Filling up the DagBag from /home/airflow/.local/lib/python3.12/site-packages/airflow/example_dags/example_kubernetes_executor.py
[2025-12-17T18:26:57.829+0000] {processor.py:840} INFO - DAG(s) 'example_kubernetes_executor' retrieved from /home/airflow/.local/lib/python3.12/site-packages/airflow/example_dags/example_kubernetes_executor.py
[2025-12-17T18:26:57.847+0000] {logging_mixin.py:188} INFO - [2025-12-17T18:26:57.847+0000] {dag.py:3089} INFO - Sync 1 DAGs
[2025-12-17T18:26:57.853+0000] {logging_mixin.py:188} INFO - [2025-12-17T18:26:57.853+0000] {dag.py:3947} INFO - Setting next_dagrun for example_kubernetes_executor to None, run_after=None
[2025-12-17T18:26:57.868+0000] {processor.py:183} INFO - Processing /home/airflow/.local/lib/python3.12/site-packages/airflow/example_dags/example_kubernetes_executor.py took 0.049 seconds
[2025-12-17T19:41:42.384+0000] {processor.py:161} INFO - Started process (PID=42894) to work on /home/airflow/.local/lib/python3.12/site-packages/airflow/example_dags/example_kubernetes_executor.py
[2025-12-17T19:41:42.385+0000] {processor.py:830} INFO - Processing file /home/airflow/.local/lib/python3.12/site-packages/airflow/example_dags/example_kubernetes_executor.py for tasks to queue
[2025-12-17T19:41:42.386+0000] {logging_mixin.py:188} INFO - [2025-12-17T19:41:42.385+0000] {dagbag.py:545} INFO - Filling up the DagBag from /home/airflow/.local/lib/python3.12/site-packages/airflow/example_dags/example_kubernetes_executor.py
[2025-12-17T19:41:42.391+0000] {processor.py:840} INFO - DAG(s) 'example_kubernetes_executor' retrieved from /home/airflow/.local/lib/python3.12/site-packages/airflow/example_dags/example_kubernetes_executor.py
[2025-12-17T19:41:42.406+0000] {logging_mixin.py:188} INFO - [2025-12-17T19:41:42.406+0000] {dag.py:3089} INFO - Sync 1 DAGs
[2025-12-17T19:41:42.412+0000] {logging_mixin.py:188} INFO - [2025-12-17T19:41:42.411+0000] {dag.py:3947} INFO - Setting next_dagrun for example_kubernetes_executor to None, run_after=None
[2025-12-17T19:41:42.421+0000] {processor.py:183} INFO - Processing /home/airflow/.local/lib/python3.12/site-packages/airflow/example_dags/example_kubernetes_executor.py took 0.040 seconds
[2025-12-17T21:17:14.348+0000] {processor.py:161} INFO - Started process (PID=42953) to work on /home/airflow/.local/lib/python3.12/site-packages/airflow/example_dags/example_kubernetes_executor.py
[2025-12-17T21:17:14.350+0000] {processor.py:830} INFO - Processing file /home/airflow/.local/lib/python3.12/site-packages/airflow/example_dags/example_kubernetes_executor.py for tasks to queue
[2025-12-17T21:17:14.350+0000] {logging_mixin.py:188} INFO - [2025-12-17T21:17:14.350+0000] {dagbag.py:545} INFO - Filling up the DagBag from /home/airflow/.local/lib/python3.12/site-packages/airflow/example_dags/example_kubernetes_executor.py
[2025-12-17T21:17:14.356+0000] {processor.py:840} INFO - DAG(s) 'example_kubernetes_executor' retrieved from /home/airflow/.local/lib/python3.12/site-packages/airflow/example_dags/example_kubernetes_executor.py
[2025-12-17T21:17:14.373+0000] {logging_mixin.py:188} INFO - [2025-12-17T21:17:14.373+0000] {dag.py:3089} INFO - Sync 1 DAGs
[2025-12-17T21:17:14.379+0000] {logging_mixin.py:188} INFO - [2025-12-17T21:17:14.379+0000] {dag.py:3947} INFO - Setting next_dagrun for example_kubernetes_executor to None, run_after=None
[2025-12-17T21:17:14.389+0000] {processor.py:183} INFO - Processing /home/airflow/.local/lib/python3.12/site-packages/airflow/example_dags/example_kubernetes_executor.py took 0.043 seconds
[2025-12-17T22:30:37.325+0000] {processor.py:161} INFO - Started process (PID=43012) to work on /home/airflow/.local/lib/python3.12/site-packages/airflow/example_dags/example_kubernetes_executor.py
[2025-12-17T22:30:37.325+0000] {processor.py:830} INFO - Processing file /home/airflow/.local/lib/python3.12/site-packages/airflow/example_dags/example_kubernetes_executor.py for tasks to queue
[2025-12-17T22:30:37.326+0000] {logging_mixin.py:188} INFO - [2025-12-17T22:30:37.326+0000] {dagbag.py:545} INFO - Filling up the DagBag from /home/airflow/.local/lib/python3.12/site-packages/airflow/example_dags/example_kubernetes_executor.py
[2025-12-17T22:30:37.335+0000] {processor.py:840} INFO - DAG(s) 'example_kubernetes_executor' retrieved from /home/airflow/.local/lib/python3.12/site-packages/airflow/example_dags/example_kubernetes_executor.py
[2025-12-17T22:30:37.353+0000] {logging_mixin.py:188} INFO - [2025-12-17T22:30:37.353+0000] {dag.py:3089} INFO - Sync 1 DAGs
[2025-12-17T22:30:37.358+0000] {logging_mixin.py:188} INFO - [2025-12-17T22:30:37.358+0000] {dag.py:3947} INFO - Setting next_dagrun for example_kubernetes_executor to None, run_after=None
[2025-12-17T22:30:37.368+0000] {processor.py:183} INFO - Processing /home/airflow/.local/lib/python3.12/site-packages/airflow/example_dags/example_kubernetes_executor.py took 0.047 seconds
