[2025-12-17T00:49:44.326+0000] {processor.py:161} INFO - Started process (PID=41710) to work on /home/airflow/.local/lib/python3.12/site-packages/airflow/example_dags/example_complex.py
[2025-12-17T00:49:44.327+0000] {processor.py:830} INFO - Processing file /home/airflow/.local/lib/python3.12/site-packages/airflow/example_dags/example_complex.py for tasks to queue
[2025-12-17T00:49:44.328+0000] {logging_mixin.py:188} INFO - [2025-12-17T00:49:44.328+0000] {dagbag.py:545} INFO - Filling up the DagBag from /home/airflow/.local/lib/python3.12/site-packages/airflow/example_dags/example_complex.py
[2025-12-17T00:49:44.333+0000] {processor.py:840} INFO - DAG(s) 'example_complex' retrieved from /home/airflow/.local/lib/python3.12/site-packages/airflow/example_dags/example_complex.py
[2025-12-17T00:49:44.351+0000] {logging_mixin.py:188} INFO - [2025-12-17T00:49:44.351+0000] {dag.py:3089} INFO - Sync 1 DAGs
[2025-12-17T00:49:44.359+0000] {logging_mixin.py:188} INFO - [2025-12-17T00:49:44.359+0000] {dag.py:3947} INFO - Setting next_dagrun for example_complex to None, run_after=None
[2025-12-17T00:49:44.368+0000] {processor.py:183} INFO - Processing /home/airflow/.local/lib/python3.12/site-packages/airflow/example_dags/example_complex.py took 0.045 seconds
[2025-12-17T01:13:19.909+0000] {processor.py:161} INFO - Started process (PID=41769) to work on /home/airflow/.local/lib/python3.12/site-packages/airflow/example_dags/example_complex.py
[2025-12-17T01:13:19.909+0000] {processor.py:830} INFO - Processing file /home/airflow/.local/lib/python3.12/site-packages/airflow/example_dags/example_complex.py for tasks to queue
[2025-12-17T01:13:19.909+0000] {logging_mixin.py:188} INFO - [2025-12-17T01:13:19.909+0000] {dagbag.py:545} INFO - Filling up the DagBag from /home/airflow/.local/lib/python3.12/site-packages/airflow/example_dags/example_complex.py
[2025-12-17T01:13:19.914+0000] {processor.py:840} INFO - DAG(s) 'example_complex' retrieved from /home/airflow/.local/lib/python3.12/site-packages/airflow/example_dags/example_complex.py
[2025-12-17T01:13:19.926+0000] {logging_mixin.py:188} INFO - [2025-12-17T01:13:19.926+0000] {dag.py:3089} INFO - Sync 1 DAGs
[2025-12-17T01:13:19.930+0000] {logging_mixin.py:188} INFO - [2025-12-17T01:13:19.930+0000] {dag.py:3947} INFO - Setting next_dagrun for example_complex to None, run_after=None
[2025-12-17T01:13:19.936+0000] {processor.py:183} INFO - Processing /home/airflow/.local/lib/python3.12/site-packages/airflow/example_dags/example_complex.py took 0.030 seconds
[2025-12-17T02:08:58.466+0000] {processor.py:161} INFO - Started process (PID=41828) to work on /home/airflow/.local/lib/python3.12/site-packages/airflow/example_dags/example_complex.py
[2025-12-17T02:08:58.466+0000] {processor.py:830} INFO - Processing file /home/airflow/.local/lib/python3.12/site-packages/airflow/example_dags/example_complex.py for tasks to queue
[2025-12-17T02:08:58.467+0000] {logging_mixin.py:188} INFO - [2025-12-17T02:08:58.467+0000] {dagbag.py:545} INFO - Filling up the DagBag from /home/airflow/.local/lib/python3.12/site-packages/airflow/example_dags/example_complex.py
[2025-12-17T02:08:58.472+0000] {processor.py:840} INFO - DAG(s) 'example_complex' retrieved from /home/airflow/.local/lib/python3.12/site-packages/airflow/example_dags/example_complex.py
[2025-12-17T02:08:58.486+0000] {logging_mixin.py:188} INFO - [2025-12-17T02:08:58.486+0000] {dag.py:3089} INFO - Sync 1 DAGs
[2025-12-17T02:08:58.592+0000] {logging_mixin.py:188} INFO - [2025-12-17T02:08:58.591+0000] {dag.py:3947} INFO - Setting next_dagrun for example_complex to None, run_after=None
[2025-12-17T02:08:58.611+0000] {processor.py:183} INFO - Processing /home/airflow/.local/lib/python3.12/site-packages/airflow/example_dags/example_complex.py took 0.149 seconds
[2025-12-17T02:38:02.190+0000] {processor.py:161} INFO - Started process (PID=41887) to work on /home/airflow/.local/lib/python3.12/site-packages/airflow/example_dags/example_complex.py
[2025-12-17T02:38:02.191+0000] {processor.py:830} INFO - Processing file /home/airflow/.local/lib/python3.12/site-packages/airflow/example_dags/example_complex.py for tasks to queue
[2025-12-17T02:38:02.191+0000] {logging_mixin.py:188} INFO - [2025-12-17T02:38:02.191+0000] {dagbag.py:545} INFO - Filling up the DagBag from /home/airflow/.local/lib/python3.12/site-packages/airflow/example_dags/example_complex.py
[2025-12-17T02:38:02.195+0000] {processor.py:840} INFO - DAG(s) 'example_complex' retrieved from /home/airflow/.local/lib/python3.12/site-packages/airflow/example_dags/example_complex.py
[2025-12-17T02:38:02.212+0000] {logging_mixin.py:188} INFO - [2025-12-17T02:38:02.212+0000] {dag.py:3089} INFO - Sync 1 DAGs
[2025-12-17T02:38:02.313+0000] {logging_mixin.py:188} INFO - [2025-12-17T02:38:02.313+0000] {dag.py:3947} INFO - Setting next_dagrun for example_complex to None, run_after=None
[2025-12-17T02:38:02.323+0000] {processor.py:183} INFO - Processing /home/airflow/.local/lib/python3.12/site-packages/airflow/example_dags/example_complex.py took 0.136 seconds
[2025-12-17T03:29:15.249+0000] {processor.py:161} INFO - Started process (PID=41946) to work on /home/airflow/.local/lib/python3.12/site-packages/airflow/example_dags/example_complex.py
[2025-12-17T03:29:15.249+0000] {processor.py:830} INFO - Processing file /home/airflow/.local/lib/python3.12/site-packages/airflow/example_dags/example_complex.py for tasks to queue
[2025-12-17T03:29:15.249+0000] {logging_mixin.py:188} INFO - [2025-12-17T03:29:15.249+0000] {dagbag.py:545} INFO - Filling up the DagBag from /home/airflow/.local/lib/python3.12/site-packages/airflow/example_dags/example_complex.py
[2025-12-17T03:29:15.254+0000] {processor.py:840} INFO - DAG(s) 'example_complex' retrieved from /home/airflow/.local/lib/python3.12/site-packages/airflow/example_dags/example_complex.py
[2025-12-17T03:29:15.265+0000] {logging_mixin.py:188} INFO - [2025-12-17T03:29:15.265+0000] {dag.py:3089} INFO - Sync 1 DAGs
[2025-12-17T03:29:15.270+0000] {logging_mixin.py:188} INFO - [2025-12-17T03:29:15.270+0000] {dag.py:3947} INFO - Setting next_dagrun for example_complex to None, run_after=None
[2025-12-17T03:29:15.348+0000] {processor.py:183} INFO - Processing /home/airflow/.local/lib/python3.12/site-packages/airflow/example_dags/example_complex.py took 0.102 seconds
[2025-12-17T03:53:42.901+0000] {processor.py:161} INFO - Started process (PID=42005) to work on /home/airflow/.local/lib/python3.12/site-packages/airflow/example_dags/example_complex.py
[2025-12-17T03:53:42.901+0000] {processor.py:830} INFO - Processing file /home/airflow/.local/lib/python3.12/site-packages/airflow/example_dags/example_complex.py for tasks to queue
[2025-12-17T03:53:42.902+0000] {logging_mixin.py:188} INFO - [2025-12-17T03:53:42.901+0000] {dagbag.py:545} INFO - Filling up the DagBag from /home/airflow/.local/lib/python3.12/site-packages/airflow/example_dags/example_complex.py
[2025-12-17T03:53:42.907+0000] {processor.py:840} INFO - DAG(s) 'example_complex' retrieved from /home/airflow/.local/lib/python3.12/site-packages/airflow/example_dags/example_complex.py
[2025-12-17T03:53:42.923+0000] {logging_mixin.py:188} INFO - [2025-12-17T03:53:42.923+0000] {dag.py:3089} INFO - Sync 1 DAGs
[2025-12-17T03:53:42.929+0000] {logging_mixin.py:188} INFO - [2025-12-17T03:53:42.929+0000] {dag.py:3947} INFO - Setting next_dagrun for example_complex to None, run_after=None
[2025-12-17T03:53:42.944+0000] {processor.py:183} INFO - Processing /home/airflow/.local/lib/python3.12/site-packages/airflow/example_dags/example_complex.py took 0.047 seconds
[2025-12-17T04:54:45.628+0000] {processor.py:161} INFO - Started process (PID=42064) to work on /home/airflow/.local/lib/python3.12/site-packages/airflow/example_dags/example_complex.py
[2025-12-17T04:54:45.628+0000] {processor.py:830} INFO - Processing file /home/airflow/.local/lib/python3.12/site-packages/airflow/example_dags/example_complex.py for tasks to queue
[2025-12-17T04:54:45.629+0000] {logging_mixin.py:188} INFO - [2025-12-17T04:54:45.628+0000] {dagbag.py:545} INFO - Filling up the DagBag from /home/airflow/.local/lib/python3.12/site-packages/airflow/example_dags/example_complex.py
[2025-12-17T04:54:45.633+0000] {processor.py:840} INFO - DAG(s) 'example_complex' retrieved from /home/airflow/.local/lib/python3.12/site-packages/airflow/example_dags/example_complex.py
[2025-12-17T04:54:45.650+0000] {logging_mixin.py:188} INFO - [2025-12-17T04:54:45.650+0000] {dag.py:3089} INFO - Sync 1 DAGs
[2025-12-17T04:54:45.655+0000] {logging_mixin.py:188} INFO - [2025-12-17T04:54:45.655+0000] {dag.py:3947} INFO - Setting next_dagrun for example_complex to None, run_after=None
[2025-12-17T04:54:45.666+0000] {processor.py:183} INFO - Processing /home/airflow/.local/lib/python3.12/site-packages/airflow/example_dags/example_complex.py took 0.040 seconds
[2025-12-17T06:11:25.140+0000] {processor.py:161} INFO - Started process (PID=42123) to work on /home/airflow/.local/lib/python3.12/site-packages/airflow/example_dags/example_complex.py
[2025-12-17T06:11:25.141+0000] {processor.py:830} INFO - Processing file /home/airflow/.local/lib/python3.12/site-packages/airflow/example_dags/example_complex.py for tasks to queue
[2025-12-17T06:11:25.143+0000] {logging_mixin.py:188} INFO - [2025-12-17T06:11:25.142+0000] {dagbag.py:545} INFO - Filling up the DagBag from /home/airflow/.local/lib/python3.12/site-packages/airflow/example_dags/example_complex.py
[2025-12-17T06:11:25.151+0000] {processor.py:840} INFO - DAG(s) 'example_complex' retrieved from /home/airflow/.local/lib/python3.12/site-packages/airflow/example_dags/example_complex.py
[2025-12-17T06:11:25.193+0000] {logging_mixin.py:188} INFO - [2025-12-17T06:11:25.192+0000] {dag.py:3089} INFO - Sync 1 DAGs
[2025-12-17T06:11:25.208+0000] {logging_mixin.py:188} INFO - [2025-12-17T06:11:25.208+0000] {dag.py:3947} INFO - Setting next_dagrun for example_complex to None, run_after=None
[2025-12-17T06:11:25.228+0000] {processor.py:183} INFO - Processing /home/airflow/.local/lib/python3.12/site-packages/airflow/example_dags/example_complex.py took 0.092 seconds
[2025-12-17T07:48:05.260+0000] {processor.py:161} INFO - Started process (PID=42182) to work on /home/airflow/.local/lib/python3.12/site-packages/airflow/example_dags/example_complex.py
[2025-12-17T07:48:05.261+0000] {processor.py:830} INFO - Processing file /home/airflow/.local/lib/python3.12/site-packages/airflow/example_dags/example_complex.py for tasks to queue
[2025-12-17T07:48:05.261+0000] {logging_mixin.py:188} INFO - [2025-12-17T07:48:05.261+0000] {dagbag.py:545} INFO - Filling up the DagBag from /home/airflow/.local/lib/python3.12/site-packages/airflow/example_dags/example_complex.py
[2025-12-17T07:48:05.267+0000] {processor.py:840} INFO - DAG(s) 'example_complex' retrieved from /home/airflow/.local/lib/python3.12/site-packages/airflow/example_dags/example_complex.py
[2025-12-17T07:48:05.283+0000] {logging_mixin.py:188} INFO - [2025-12-17T07:48:05.282+0000] {dag.py:3089} INFO - Sync 1 DAGs
[2025-12-17T07:48:05.289+0000] {logging_mixin.py:188} INFO - [2025-12-17T07:48:05.289+0000] {dag.py:3947} INFO - Setting next_dagrun for example_complex to None, run_after=None
[2025-12-17T07:48:05.297+0000] {processor.py:183} INFO - Processing /home/airflow/.local/lib/python3.12/site-packages/airflow/example_dags/example_complex.py took 0.041 seconds
[2025-12-17T08:58:45.363+0000] {processor.py:161} INFO - Started process (PID=42241) to work on /home/airflow/.local/lib/python3.12/site-packages/airflow/example_dags/example_complex.py
[2025-12-17T08:58:45.365+0000] {processor.py:830} INFO - Processing file /home/airflow/.local/lib/python3.12/site-packages/airflow/example_dags/example_complex.py for tasks to queue
[2025-12-17T08:58:45.366+0000] {logging_mixin.py:188} INFO - [2025-12-17T08:58:45.366+0000] {dagbag.py:545} INFO - Filling up the DagBag from /home/airflow/.local/lib/python3.12/site-packages/airflow/example_dags/example_complex.py
[2025-12-17T08:58:45.371+0000] {processor.py:840} INFO - DAG(s) 'example_complex' retrieved from /home/airflow/.local/lib/python3.12/site-packages/airflow/example_dags/example_complex.py
[2025-12-17T08:58:45.384+0000] {logging_mixin.py:188} INFO - [2025-12-17T08:58:45.384+0000] {dag.py:3089} INFO - Sync 1 DAGs
[2025-12-17T08:58:45.391+0000] {logging_mixin.py:188} INFO - [2025-12-17T08:58:45.390+0000] {dag.py:3947} INFO - Setting next_dagrun for example_complex to None, run_after=None
[2025-12-17T08:58:45.399+0000] {processor.py:183} INFO - Processing /home/airflow/.local/lib/python3.12/site-packages/airflow/example_dags/example_complex.py took 0.038 seconds
[2025-12-17T09:21:00.054+0000] {processor.py:161} INFO - Started process (PID=42300) to work on /home/airflow/.local/lib/python3.12/site-packages/airflow/example_dags/example_complex.py
[2025-12-17T09:21:00.056+0000] {processor.py:830} INFO - Processing file /home/airflow/.local/lib/python3.12/site-packages/airflow/example_dags/example_complex.py for tasks to queue
[2025-12-17T09:21:00.057+0000] {logging_mixin.py:188} INFO - [2025-12-17T09:21:00.057+0000] {dagbag.py:545} INFO - Filling up the DagBag from /home/airflow/.local/lib/python3.12/site-packages/airflow/example_dags/example_complex.py
[2025-12-17T09:21:00.061+0000] {processor.py:840} INFO - DAG(s) 'example_complex' retrieved from /home/airflow/.local/lib/python3.12/site-packages/airflow/example_dags/example_complex.py
[2025-12-17T09:21:00.074+0000] {logging_mixin.py:188} INFO - [2025-12-17T09:21:00.074+0000] {dag.py:3089} INFO - Sync 1 DAGs
[2025-12-17T09:21:00.079+0000] {logging_mixin.py:188} INFO - [2025-12-17T09:21:00.079+0000] {dag.py:3947} INFO - Setting next_dagrun for example_complex to None, run_after=None
[2025-12-17T09:21:00.090+0000] {processor.py:183} INFO - Processing /home/airflow/.local/lib/python3.12/site-packages/airflow/example_dags/example_complex.py took 0.039 seconds
[2025-12-17T10:31:20.356+0000] {processor.py:161} INFO - Started process (PID=42359) to work on /home/airflow/.local/lib/python3.12/site-packages/airflow/example_dags/example_complex.py
[2025-12-17T10:31:20.356+0000] {processor.py:830} INFO - Processing file /home/airflow/.local/lib/python3.12/site-packages/airflow/example_dags/example_complex.py for tasks to queue
[2025-12-17T10:31:20.357+0000] {logging_mixin.py:188} INFO - [2025-12-17T10:31:20.357+0000] {dagbag.py:545} INFO - Filling up the DagBag from /home/airflow/.local/lib/python3.12/site-packages/airflow/example_dags/example_complex.py
[2025-12-17T10:31:20.361+0000] {processor.py:840} INFO - DAG(s) 'example_complex' retrieved from /home/airflow/.local/lib/python3.12/site-packages/airflow/example_dags/example_complex.py
[2025-12-17T10:31:20.376+0000] {logging_mixin.py:188} INFO - [2025-12-17T10:31:20.376+0000] {dag.py:3089} INFO - Sync 1 DAGs
[2025-12-17T10:31:20.382+0000] {logging_mixin.py:188} INFO - [2025-12-17T10:31:20.382+0000] {dag.py:3947} INFO - Setting next_dagrun for example_complex to None, run_after=None
[2025-12-17T10:31:20.391+0000] {processor.py:183} INFO - Processing /home/airflow/.local/lib/python3.12/site-packages/airflow/example_dags/example_complex.py took 0.038 seconds
[2025-12-17T11:32:04.747+0000] {processor.py:161} INFO - Started process (PID=42418) to work on /home/airflow/.local/lib/python3.12/site-packages/airflow/example_dags/example_complex.py
[2025-12-17T11:32:04.750+0000] {processor.py:830} INFO - Processing file /home/airflow/.local/lib/python3.12/site-packages/airflow/example_dags/example_complex.py for tasks to queue
[2025-12-17T11:32:04.750+0000] {logging_mixin.py:188} INFO - [2025-12-17T11:32:04.750+0000] {dagbag.py:545} INFO - Filling up the DagBag from /home/airflow/.local/lib/python3.12/site-packages/airflow/example_dags/example_complex.py
[2025-12-17T11:32:04.755+0000] {processor.py:840} INFO - DAG(s) 'example_complex' retrieved from /home/airflow/.local/lib/python3.12/site-packages/airflow/example_dags/example_complex.py
[2025-12-17T11:32:04.770+0000] {logging_mixin.py:188} INFO - [2025-12-17T11:32:04.770+0000] {dag.py:3089} INFO - Sync 1 DAGs
[2025-12-17T11:32:04.777+0000] {logging_mixin.py:188} INFO - [2025-12-17T11:32:04.777+0000] {dag.py:3947} INFO - Setting next_dagrun for example_complex to None, run_after=None
[2025-12-17T11:32:04.785+0000] {processor.py:183} INFO - Processing /home/airflow/.local/lib/python3.12/site-packages/airflow/example_dags/example_complex.py took 0.041 seconds
[2025-12-17T12:33:34.665+0000] {processor.py:161} INFO - Started process (PID=42477) to work on /home/airflow/.local/lib/python3.12/site-packages/airflow/example_dags/example_complex.py
[2025-12-17T12:33:34.667+0000] {processor.py:830} INFO - Processing file /home/airflow/.local/lib/python3.12/site-packages/airflow/example_dags/example_complex.py for tasks to queue
[2025-12-17T12:33:34.668+0000] {logging_mixin.py:188} INFO - [2025-12-17T12:33:34.668+0000] {dagbag.py:545} INFO - Filling up the DagBag from /home/airflow/.local/lib/python3.12/site-packages/airflow/example_dags/example_complex.py
[2025-12-17T12:33:34.672+0000] {processor.py:840} INFO - DAG(s) 'example_complex' retrieved from /home/airflow/.local/lib/python3.12/site-packages/airflow/example_dags/example_complex.py
[2025-12-17T12:33:34.688+0000] {logging_mixin.py:188} INFO - [2025-12-17T12:33:34.687+0000] {dag.py:3089} INFO - Sync 1 DAGs
[2025-12-17T12:33:34.693+0000] {logging_mixin.py:188} INFO - [2025-12-17T12:33:34.693+0000] {dag.py:3947} INFO - Setting next_dagrun for example_complex to None, run_after=None
[2025-12-17T12:33:34.707+0000] {processor.py:183} INFO - Processing /home/airflow/.local/lib/python3.12/site-packages/airflow/example_dags/example_complex.py took 0.045 seconds
[2025-12-17T13:42:09.611+0000] {processor.py:161} INFO - Started process (PID=42536) to work on /home/airflow/.local/lib/python3.12/site-packages/airflow/example_dags/example_complex.py
[2025-12-17T13:42:09.611+0000] {processor.py:830} INFO - Processing file /home/airflow/.local/lib/python3.12/site-packages/airflow/example_dags/example_complex.py for tasks to queue
[2025-12-17T13:42:09.612+0000] {logging_mixin.py:188} INFO - [2025-12-17T13:42:09.612+0000] {dagbag.py:545} INFO - Filling up the DagBag from /home/airflow/.local/lib/python3.12/site-packages/airflow/example_dags/example_complex.py
[2025-12-17T13:42:09.616+0000] {processor.py:840} INFO - DAG(s) 'example_complex' retrieved from /home/airflow/.local/lib/python3.12/site-packages/airflow/example_dags/example_complex.py
[2025-12-17T13:42:09.631+0000] {logging_mixin.py:188} INFO - [2025-12-17T13:42:09.631+0000] {dag.py:3089} INFO - Sync 1 DAGs
[2025-12-17T13:42:09.636+0000] {logging_mixin.py:188} INFO - [2025-12-17T13:42:09.636+0000] {dag.py:3947} INFO - Setting next_dagrun for example_complex to None, run_after=None
[2025-12-17T13:42:09.647+0000] {processor.py:183} INFO - Processing /home/airflow/.local/lib/python3.12/site-packages/airflow/example_dags/example_complex.py took 0.039 seconds
[2025-12-17T14:56:27.817+0000] {processor.py:161} INFO - Started process (PID=42595) to work on /home/airflow/.local/lib/python3.12/site-packages/airflow/example_dags/example_complex.py
[2025-12-17T14:56:27.817+0000] {processor.py:830} INFO - Processing file /home/airflow/.local/lib/python3.12/site-packages/airflow/example_dags/example_complex.py for tasks to queue
[2025-12-17T14:56:27.818+0000] {logging_mixin.py:188} INFO - [2025-12-17T14:56:27.818+0000] {dagbag.py:545} INFO - Filling up the DagBag from /home/airflow/.local/lib/python3.12/site-packages/airflow/example_dags/example_complex.py
[2025-12-17T14:56:27.823+0000] {processor.py:840} INFO - DAG(s) 'example_complex' retrieved from /home/airflow/.local/lib/python3.12/site-packages/airflow/example_dags/example_complex.py
[2025-12-17T14:56:27.838+0000] {logging_mixin.py:188} INFO - [2025-12-17T14:56:27.838+0000] {dag.py:3089} INFO - Sync 1 DAGs
[2025-12-17T14:56:27.844+0000] {logging_mixin.py:188} INFO - [2025-12-17T14:56:27.844+0000] {dag.py:3947} INFO - Setting next_dagrun for example_complex to None, run_after=None
[2025-12-17T14:56:27.856+0000] {processor.py:183} INFO - Processing /home/airflow/.local/lib/python3.12/site-packages/airflow/example_dags/example_complex.py took 0.041 seconds
[2025-12-17T16:05:46.213+0000] {processor.py:161} INFO - Started process (PID=42654) to work on /home/airflow/.local/lib/python3.12/site-packages/airflow/example_dags/example_complex.py
[2025-12-17T16:05:46.214+0000] {processor.py:830} INFO - Processing file /home/airflow/.local/lib/python3.12/site-packages/airflow/example_dags/example_complex.py for tasks to queue
[2025-12-17T16:05:46.214+0000] {logging_mixin.py:188} INFO - [2025-12-17T16:05:46.214+0000] {dagbag.py:545} INFO - Filling up the DagBag from /home/airflow/.local/lib/python3.12/site-packages/airflow/example_dags/example_complex.py
[2025-12-17T16:05:46.221+0000] {processor.py:840} INFO - DAG(s) 'example_complex' retrieved from /home/airflow/.local/lib/python3.12/site-packages/airflow/example_dags/example_complex.py
[2025-12-17T16:05:46.243+0000] {logging_mixin.py:188} INFO - [2025-12-17T16:05:46.243+0000] {dag.py:3089} INFO - Sync 1 DAGs
[2025-12-17T16:05:46.253+0000] {logging_mixin.py:188} INFO - [2025-12-17T16:05:46.252+0000] {dag.py:3947} INFO - Setting next_dagrun for example_complex to None, run_after=None
[2025-12-17T16:05:46.271+0000] {processor.py:183} INFO - Processing /home/airflow/.local/lib/python3.12/site-packages/airflow/example_dags/example_complex.py took 0.062 seconds
[2025-12-17T17:20:37.775+0000] {processor.py:161} INFO - Started process (PID=42713) to work on /home/airflow/.local/lib/python3.12/site-packages/airflow/example_dags/example_complex.py
[2025-12-17T17:20:37.777+0000] {processor.py:830} INFO - Processing file /home/airflow/.local/lib/python3.12/site-packages/airflow/example_dags/example_complex.py for tasks to queue
[2025-12-17T17:20:37.778+0000] {logging_mixin.py:188} INFO - [2025-12-17T17:20:37.778+0000] {dagbag.py:545} INFO - Filling up the DagBag from /home/airflow/.local/lib/python3.12/site-packages/airflow/example_dags/example_complex.py
[2025-12-17T17:20:37.783+0000] {processor.py:840} INFO - DAG(s) 'example_complex' retrieved from /home/airflow/.local/lib/python3.12/site-packages/airflow/example_dags/example_complex.py
[2025-12-17T17:20:37.801+0000] {logging_mixin.py:188} INFO - [2025-12-17T17:20:37.801+0000] {dag.py:3089} INFO - Sync 1 DAGs
[2025-12-17T17:20:37.808+0000] {logging_mixin.py:188} INFO - [2025-12-17T17:20:37.807+0000] {dag.py:3947} INFO - Setting next_dagrun for example_complex to None, run_after=None
[2025-12-17T17:20:37.817+0000] {processor.py:183} INFO - Processing /home/airflow/.local/lib/python3.12/site-packages/airflow/example_dags/example_complex.py took 0.047 seconds
[2025-12-17T18:07:07.054+0000] {processor.py:161} INFO - Started process (PID=42772) to work on /home/airflow/.local/lib/python3.12/site-packages/airflow/example_dags/example_complex.py
[2025-12-17T18:07:07.058+0000] {processor.py:830} INFO - Processing file /home/airflow/.local/lib/python3.12/site-packages/airflow/example_dags/example_complex.py for tasks to queue
[2025-12-17T18:07:07.058+0000] {logging_mixin.py:188} INFO - [2025-12-17T18:07:07.058+0000] {dagbag.py:545} INFO - Filling up the DagBag from /home/airflow/.local/lib/python3.12/site-packages/airflow/example_dags/example_complex.py
[2025-12-17T18:07:07.062+0000] {processor.py:840} INFO - DAG(s) 'example_complex' retrieved from /home/airflow/.local/lib/python3.12/site-packages/airflow/example_dags/example_complex.py
[2025-12-17T18:07:07.076+0000] {logging_mixin.py:188} INFO - [2025-12-17T18:07:07.075+0000] {dag.py:3089} INFO - Sync 1 DAGs
[2025-12-17T18:07:07.083+0000] {logging_mixin.py:188} INFO - [2025-12-17T18:07:07.083+0000] {dag.py:3947} INFO - Setting next_dagrun for example_complex to None, run_after=None
[2025-12-17T18:07:07.092+0000] {processor.py:183} INFO - Processing /home/airflow/.local/lib/python3.12/site-packages/airflow/example_dags/example_complex.py took 0.040 seconds
[2025-12-17T18:26:57.707+0000] {processor.py:161} INFO - Started process (PID=42831) to work on /home/airflow/.local/lib/python3.12/site-packages/airflow/example_dags/example_complex.py
[2025-12-17T18:26:57.710+0000] {processor.py:830} INFO - Processing file /home/airflow/.local/lib/python3.12/site-packages/airflow/example_dags/example_complex.py for tasks to queue
[2025-12-17T18:26:57.711+0000] {logging_mixin.py:188} INFO - [2025-12-17T18:26:57.711+0000] {dagbag.py:545} INFO - Filling up the DagBag from /home/airflow/.local/lib/python3.12/site-packages/airflow/example_dags/example_complex.py
[2025-12-17T18:26:57.717+0000] {processor.py:840} INFO - DAG(s) 'example_complex' retrieved from /home/airflow/.local/lib/python3.12/site-packages/airflow/example_dags/example_complex.py
[2025-12-17T18:26:57.734+0000] {logging_mixin.py:188} INFO - [2025-12-17T18:26:57.734+0000] {dag.py:3089} INFO - Sync 1 DAGs
[2025-12-17T18:26:57.740+0000] {logging_mixin.py:188} INFO - [2025-12-17T18:26:57.739+0000] {dag.py:3947} INFO - Setting next_dagrun for example_complex to None, run_after=None
[2025-12-17T18:26:57.751+0000] {processor.py:183} INFO - Processing /home/airflow/.local/lib/python3.12/site-packages/airflow/example_dags/example_complex.py took 0.046 seconds
[2025-12-17T19:41:42.262+0000] {processor.py:161} INFO - Started process (PID=42890) to work on /home/airflow/.local/lib/python3.12/site-packages/airflow/example_dags/example_complex.py
[2025-12-17T19:41:42.263+0000] {processor.py:830} INFO - Processing file /home/airflow/.local/lib/python3.12/site-packages/airflow/example_dags/example_complex.py for tasks to queue
[2025-12-17T19:41:42.264+0000] {logging_mixin.py:188} INFO - [2025-12-17T19:41:42.264+0000] {dagbag.py:545} INFO - Filling up the DagBag from /home/airflow/.local/lib/python3.12/site-packages/airflow/example_dags/example_complex.py
[2025-12-17T19:41:42.269+0000] {processor.py:840} INFO - DAG(s) 'example_complex' retrieved from /home/airflow/.local/lib/python3.12/site-packages/airflow/example_dags/example_complex.py
[2025-12-17T19:41:42.287+0000] {logging_mixin.py:188} INFO - [2025-12-17T19:41:42.286+0000] {dag.py:3089} INFO - Sync 1 DAGs
[2025-12-17T19:41:42.293+0000] {logging_mixin.py:188} INFO - [2025-12-17T19:41:42.293+0000] {dag.py:3947} INFO - Setting next_dagrun for example_complex to None, run_after=None
[2025-12-17T19:41:42.307+0000] {processor.py:183} INFO - Processing /home/airflow/.local/lib/python3.12/site-packages/airflow/example_dags/example_complex.py took 0.048 seconds
[2025-12-17T21:17:14.242+0000] {processor.py:161} INFO - Started process (PID=42949) to work on /home/airflow/.local/lib/python3.12/site-packages/airflow/example_dags/example_complex.py
[2025-12-17T21:17:14.243+0000] {processor.py:830} INFO - Processing file /home/airflow/.local/lib/python3.12/site-packages/airflow/example_dags/example_complex.py for tasks to queue
[2025-12-17T21:17:14.245+0000] {logging_mixin.py:188} INFO - [2025-12-17T21:17:14.245+0000] {dagbag.py:545} INFO - Filling up the DagBag from /home/airflow/.local/lib/python3.12/site-packages/airflow/example_dags/example_complex.py
[2025-12-17T21:17:14.250+0000] {processor.py:840} INFO - DAG(s) 'example_complex' retrieved from /home/airflow/.local/lib/python3.12/site-packages/airflow/example_dags/example_complex.py
[2025-12-17T21:17:14.265+0000] {logging_mixin.py:188} INFO - [2025-12-17T21:17:14.265+0000] {dag.py:3089} INFO - Sync 1 DAGs
[2025-12-17T21:17:14.271+0000] {logging_mixin.py:188} INFO - [2025-12-17T21:17:14.271+0000] {dag.py:3947} INFO - Setting next_dagrun for example_complex to None, run_after=None
[2025-12-17T21:17:14.279+0000] {processor.py:183} INFO - Processing /home/airflow/.local/lib/python3.12/site-packages/airflow/example_dags/example_complex.py took 0.040 seconds
[2025-12-17T22:30:37.217+0000] {processor.py:161} INFO - Started process (PID=43008) to work on /home/airflow/.local/lib/python3.12/site-packages/airflow/example_dags/example_complex.py
[2025-12-17T22:30:37.218+0000] {processor.py:830} INFO - Processing file /home/airflow/.local/lib/python3.12/site-packages/airflow/example_dags/example_complex.py for tasks to queue
[2025-12-17T22:30:37.218+0000] {logging_mixin.py:188} INFO - [2025-12-17T22:30:37.218+0000] {dagbag.py:545} INFO - Filling up the DagBag from /home/airflow/.local/lib/python3.12/site-packages/airflow/example_dags/example_complex.py
[2025-12-17T22:30:37.223+0000] {processor.py:840} INFO - DAG(s) 'example_complex' retrieved from /home/airflow/.local/lib/python3.12/site-packages/airflow/example_dags/example_complex.py
[2025-12-17T22:30:37.236+0000] {logging_mixin.py:188} INFO - [2025-12-17T22:30:37.236+0000] {dag.py:3089} INFO - Sync 1 DAGs
[2025-12-17T22:30:37.242+0000] {logging_mixin.py:188} INFO - [2025-12-17T22:30:37.242+0000] {dag.py:3947} INFO - Setting next_dagrun for example_complex to None, run_after=None
[2025-12-17T22:30:37.258+0000] {processor.py:183} INFO - Processing /home/airflow/.local/lib/python3.12/site-packages/airflow/example_dags/example_complex.py took 0.044 seconds
