[2025-12-17T00:49:45.078+0000] {processor.py:161} INFO - Started process (PID=41728) to work on /home/airflow/.local/lib/python3.12/site-packages/airflow/example_dags/example_branch_python_dop_operator_3.py
[2025-12-17T00:49:45.078+0000] {processor.py:830} INFO - Processing file /home/airflow/.local/lib/python3.12/site-packages/airflow/example_dags/example_branch_python_dop_operator_3.py for tasks to queue
[2025-12-17T00:49:45.079+0000] {logging_mixin.py:188} INFO - [2025-12-17T00:49:45.079+0000] {dagbag.py:545} INFO - Filling up the DagBag from /home/airflow/.local/lib/python3.12/site-packages/airflow/example_dags/example_branch_python_dop_operator_3.py
[2025-12-17T00:49:45.083+0000] {processor.py:840} INFO - DAG(s) 'example_branch_dop_operator_v3' retrieved from /home/airflow/.local/lib/python3.12/site-packages/airflow/example_dags/example_branch_python_dop_operator_3.py
[2025-12-17T00:49:45.097+0000] {logging_mixin.py:188} INFO - [2025-12-17T00:49:45.097+0000] {dag.py:3089} INFO - Sync 1 DAGs
[2025-12-17T00:49:45.107+0000] {logging_mixin.py:188} INFO - [2025-12-17T00:49:45.107+0000] {dag.py:3947} INFO - Setting next_dagrun for example_branch_dop_operator_v3 to 2025-12-17 00:48:00+00:00, run_after=2025-12-17 00:49:00+00:00
[2025-12-17T00:49:45.120+0000] {processor.py:183} INFO - Processing /home/airflow/.local/lib/python3.12/site-packages/airflow/example_dags/example_branch_python_dop_operator_3.py took 0.045 seconds
[2025-12-17T01:13:20.635+0000] {processor.py:161} INFO - Started process (PID=41787) to work on /home/airflow/.local/lib/python3.12/site-packages/airflow/example_dags/example_branch_python_dop_operator_3.py
[2025-12-17T01:13:20.636+0000] {processor.py:830} INFO - Processing file /home/airflow/.local/lib/python3.12/site-packages/airflow/example_dags/example_branch_python_dop_operator_3.py for tasks to queue
[2025-12-17T01:13:20.636+0000] {logging_mixin.py:188} INFO - [2025-12-17T01:13:20.636+0000] {dagbag.py:545} INFO - Filling up the DagBag from /home/airflow/.local/lib/python3.12/site-packages/airflow/example_dags/example_branch_python_dop_operator_3.py
[2025-12-17T01:13:20.640+0000] {processor.py:840} INFO - DAG(s) 'example_branch_dop_operator_v3' retrieved from /home/airflow/.local/lib/python3.12/site-packages/airflow/example_dags/example_branch_python_dop_operator_3.py
[2025-12-17T01:13:20.650+0000] {logging_mixin.py:188} INFO - [2025-12-17T01:13:20.650+0000] {dag.py:3089} INFO - Sync 1 DAGs
[2025-12-17T01:13:20.666+0000] {logging_mixin.py:188} INFO - [2025-12-17T01:13:20.666+0000] {dag.py:3947} INFO - Setting next_dagrun for example_branch_dop_operator_v3 to 2025-12-17 01:12:00+00:00, run_after=2025-12-17 01:13:00+00:00
[2025-12-17T01:13:20.682+0000] {processor.py:183} INFO - Processing /home/airflow/.local/lib/python3.12/site-packages/airflow/example_dags/example_branch_python_dop_operator_3.py took 0.051 seconds
[2025-12-17T02:08:59.282+0000] {processor.py:161} INFO - Started process (PID=41846) to work on /home/airflow/.local/lib/python3.12/site-packages/airflow/example_dags/example_branch_python_dop_operator_3.py
[2025-12-17T02:08:59.285+0000] {processor.py:830} INFO - Processing file /home/airflow/.local/lib/python3.12/site-packages/airflow/example_dags/example_branch_python_dop_operator_3.py for tasks to queue
[2025-12-17T02:08:59.286+0000] {logging_mixin.py:188} INFO - [2025-12-17T02:08:59.286+0000] {dagbag.py:545} INFO - Filling up the DagBag from /home/airflow/.local/lib/python3.12/site-packages/airflow/example_dags/example_branch_python_dop_operator_3.py
[2025-12-17T02:08:59.291+0000] {processor.py:840} INFO - DAG(s) 'example_branch_dop_operator_v3' retrieved from /home/airflow/.local/lib/python3.12/site-packages/airflow/example_dags/example_branch_python_dop_operator_3.py
[2025-12-17T02:08:59.303+0000] {logging_mixin.py:188} INFO - [2025-12-17T02:08:59.303+0000] {dag.py:3089} INFO - Sync 1 DAGs
[2025-12-17T02:08:59.313+0000] {logging_mixin.py:188} INFO - [2025-12-17T02:08:59.313+0000] {dag.py:3947} INFO - Setting next_dagrun for example_branch_dop_operator_v3 to 2025-12-17 02:07:00+00:00, run_after=2025-12-17 02:08:00+00:00
[2025-12-17T02:08:59.321+0000] {processor.py:183} INFO - Processing /home/airflow/.local/lib/python3.12/site-packages/airflow/example_dags/example_branch_python_dop_operator_3.py took 0.042 seconds
[2025-12-17T02:38:03.446+0000] {processor.py:161} INFO - Started process (PID=41905) to work on /home/airflow/.local/lib/python3.12/site-packages/airflow/example_dags/example_branch_python_dop_operator_3.py
[2025-12-17T02:38:03.448+0000] {processor.py:830} INFO - Processing file /home/airflow/.local/lib/python3.12/site-packages/airflow/example_dags/example_branch_python_dop_operator_3.py for tasks to queue
[2025-12-17T02:38:03.449+0000] {logging_mixin.py:188} INFO - [2025-12-17T02:38:03.448+0000] {dagbag.py:545} INFO - Filling up the DagBag from /home/airflow/.local/lib/python3.12/site-packages/airflow/example_dags/example_branch_python_dop_operator_3.py
[2025-12-17T02:38:03.452+0000] {processor.py:840} INFO - DAG(s) 'example_branch_dop_operator_v3' retrieved from /home/airflow/.local/lib/python3.12/site-packages/airflow/example_dags/example_branch_python_dop_operator_3.py
[2025-12-17T02:38:03.461+0000] {logging_mixin.py:188} INFO - [2025-12-17T02:38:03.461+0000] {dag.py:3089} INFO - Sync 1 DAGs
[2025-12-17T02:38:03.472+0000] {logging_mixin.py:188} INFO - [2025-12-17T02:38:03.472+0000] {dag.py:3947} INFO - Setting next_dagrun for example_branch_dop_operator_v3 to 2025-12-17 02:37:00+00:00, run_after=2025-12-17 02:38:00+00:00
[2025-12-17T02:38:03.487+0000] {processor.py:183} INFO - Processing /home/airflow/.local/lib/python3.12/site-packages/airflow/example_dags/example_branch_python_dop_operator_3.py took 0.044 seconds
[2025-12-17T03:29:16.864+0000] {processor.py:161} INFO - Started process (PID=41964) to work on /home/airflow/.local/lib/python3.12/site-packages/airflow/example_dags/example_branch_python_dop_operator_3.py
[2025-12-17T03:29:16.865+0000] {processor.py:830} INFO - Processing file /home/airflow/.local/lib/python3.12/site-packages/airflow/example_dags/example_branch_python_dop_operator_3.py for tasks to queue
[2025-12-17T03:29:16.866+0000] {logging_mixin.py:188} INFO - [2025-12-17T03:29:16.866+0000] {dagbag.py:545} INFO - Filling up the DagBag from /home/airflow/.local/lib/python3.12/site-packages/airflow/example_dags/example_branch_python_dop_operator_3.py
[2025-12-17T03:29:16.872+0000] {processor.py:840} INFO - DAG(s) 'example_branch_dop_operator_v3' retrieved from /home/airflow/.local/lib/python3.12/site-packages/airflow/example_dags/example_branch_python_dop_operator_3.py
[2025-12-17T03:29:16.884+0000] {logging_mixin.py:188} INFO - [2025-12-17T03:29:16.884+0000] {dag.py:3089} INFO - Sync 1 DAGs
[2025-12-17T03:29:16.984+0000] {logging_mixin.py:188} INFO - [2025-12-17T03:29:16.984+0000] {dag.py:3947} INFO - Setting next_dagrun for example_branch_dop_operator_v3 to 2025-12-17 03:28:00+00:00, run_after=2025-12-17 03:29:00+00:00
[2025-12-17T03:29:16.999+0000] {processor.py:183} INFO - Processing /home/airflow/.local/lib/python3.12/site-packages/airflow/example_dags/example_branch_python_dop_operator_3.py took 0.140 seconds
[2025-12-17T03:53:43.631+0000] {processor.py:161} INFO - Started process (PID=42023) to work on /home/airflow/.local/lib/python3.12/site-packages/airflow/example_dags/example_branch_python_dop_operator_3.py
[2025-12-17T03:53:43.632+0000] {processor.py:830} INFO - Processing file /home/airflow/.local/lib/python3.12/site-packages/airflow/example_dags/example_branch_python_dop_operator_3.py for tasks to queue
[2025-12-17T03:53:43.632+0000] {logging_mixin.py:188} INFO - [2025-12-17T03:53:43.632+0000] {dagbag.py:545} INFO - Filling up the DagBag from /home/airflow/.local/lib/python3.12/site-packages/airflow/example_dags/example_branch_python_dop_operator_3.py
[2025-12-17T03:53:43.637+0000] {processor.py:840} INFO - DAG(s) 'example_branch_dop_operator_v3' retrieved from /home/airflow/.local/lib/python3.12/site-packages/airflow/example_dags/example_branch_python_dop_operator_3.py
[2025-12-17T03:53:43.648+0000] {logging_mixin.py:188} INFO - [2025-12-17T03:53:43.648+0000] {dag.py:3089} INFO - Sync 1 DAGs
[2025-12-17T03:53:43.666+0000] {logging_mixin.py:188} INFO - [2025-12-17T03:53:43.666+0000] {dag.py:3947} INFO - Setting next_dagrun for example_branch_dop_operator_v3 to 2025-12-17 03:52:00+00:00, run_after=2025-12-17 03:53:00+00:00
[2025-12-17T03:53:43.684+0000] {processor.py:183} INFO - Processing /home/airflow/.local/lib/python3.12/site-packages/airflow/example_dags/example_branch_python_dop_operator_3.py took 0.056 seconds
[2025-12-17T04:54:46.510+0000] {processor.py:161} INFO - Started process (PID=42082) to work on /home/airflow/.local/lib/python3.12/site-packages/airflow/example_dags/example_branch_python_dop_operator_3.py
[2025-12-17T04:54:46.514+0000] {processor.py:830} INFO - Processing file /home/airflow/.local/lib/python3.12/site-packages/airflow/example_dags/example_branch_python_dop_operator_3.py for tasks to queue
[2025-12-17T04:54:46.514+0000] {logging_mixin.py:188} INFO - [2025-12-17T04:54:46.514+0000] {dagbag.py:545} INFO - Filling up the DagBag from /home/airflow/.local/lib/python3.12/site-packages/airflow/example_dags/example_branch_python_dop_operator_3.py
[2025-12-17T04:54:46.518+0000] {processor.py:840} INFO - DAG(s) 'example_branch_dop_operator_v3' retrieved from /home/airflow/.local/lib/python3.12/site-packages/airflow/example_dags/example_branch_python_dop_operator_3.py
[2025-12-17T04:54:46.535+0000] {logging_mixin.py:188} INFO - [2025-12-17T04:54:46.534+0000] {dag.py:3089} INFO - Sync 1 DAGs
[2025-12-17T04:54:46.548+0000] {logging_mixin.py:188} INFO - [2025-12-17T04:54:46.548+0000] {dag.py:3947} INFO - Setting next_dagrun for example_branch_dop_operator_v3 to 2025-12-17 04:53:00+00:00, run_after=2025-12-17 04:54:00+00:00
[2025-12-17T04:54:46.557+0000] {processor.py:183} INFO - Processing /home/airflow/.local/lib/python3.12/site-packages/airflow/example_dags/example_branch_python_dop_operator_3.py took 0.056 seconds
[2025-12-17T06:11:25.798+0000] {processor.py:161} INFO - Started process (PID=42141) to work on /home/airflow/.local/lib/python3.12/site-packages/airflow/example_dags/example_branch_python_dop_operator_3.py
[2025-12-17T06:11:25.799+0000] {processor.py:830} INFO - Processing file /home/airflow/.local/lib/python3.12/site-packages/airflow/example_dags/example_branch_python_dop_operator_3.py for tasks to queue
[2025-12-17T06:11:25.802+0000] {logging_mixin.py:188} INFO - [2025-12-17T06:11:25.802+0000] {dagbag.py:545} INFO - Filling up the DagBag from /home/airflow/.local/lib/python3.12/site-packages/airflow/example_dags/example_branch_python_dop_operator_3.py
[2025-12-17T06:11:25.806+0000] {processor.py:840} INFO - DAG(s) 'example_branch_dop_operator_v3' retrieved from /home/airflow/.local/lib/python3.12/site-packages/airflow/example_dags/example_branch_python_dop_operator_3.py
[2025-12-17T06:11:25.818+0000] {logging_mixin.py:188} INFO - [2025-12-17T06:11:25.818+0000] {dag.py:3089} INFO - Sync 1 DAGs
[2025-12-17T06:11:25.829+0000] {logging_mixin.py:188} INFO - [2025-12-17T06:11:25.829+0000] {dag.py:3947} INFO - Setting next_dagrun for example_branch_dop_operator_v3 to 2025-12-17 06:10:00+00:00, run_after=2025-12-17 06:11:00+00:00
[2025-12-17T06:11:25.836+0000] {processor.py:183} INFO - Processing /home/airflow/.local/lib/python3.12/site-packages/airflow/example_dags/example_branch_python_dop_operator_3.py took 0.041 seconds
[2025-12-17T07:48:05.870+0000] {processor.py:161} INFO - Started process (PID=42200) to work on /home/airflow/.local/lib/python3.12/site-packages/airflow/example_dags/example_branch_python_dop_operator_3.py
[2025-12-17T07:48:05.871+0000] {processor.py:830} INFO - Processing file /home/airflow/.local/lib/python3.12/site-packages/airflow/example_dags/example_branch_python_dop_operator_3.py for tasks to queue
[2025-12-17T07:48:05.872+0000] {logging_mixin.py:188} INFO - [2025-12-17T07:48:05.872+0000] {dagbag.py:545} INFO - Filling up the DagBag from /home/airflow/.local/lib/python3.12/site-packages/airflow/example_dags/example_branch_python_dop_operator_3.py
[2025-12-17T07:48:05.876+0000] {processor.py:840} INFO - DAG(s) 'example_branch_dop_operator_v3' retrieved from /home/airflow/.local/lib/python3.12/site-packages/airflow/example_dags/example_branch_python_dop_operator_3.py
[2025-12-17T07:48:05.885+0000] {logging_mixin.py:188} INFO - [2025-12-17T07:48:05.885+0000] {dag.py:3089} INFO - Sync 1 DAGs
[2025-12-17T07:48:05.897+0000] {logging_mixin.py:188} INFO - [2025-12-17T07:48:05.897+0000] {dag.py:3947} INFO - Setting next_dagrun for example_branch_dop_operator_v3 to 2025-12-17 07:47:00+00:00, run_after=2025-12-17 07:48:00+00:00
[2025-12-17T07:48:05.911+0000] {processor.py:183} INFO - Processing /home/airflow/.local/lib/python3.12/site-packages/airflow/example_dags/example_branch_python_dop_operator_3.py took 0.043 seconds
[2025-12-17T08:58:45.930+0000] {processor.py:161} INFO - Started process (PID=42259) to work on /home/airflow/.local/lib/python3.12/site-packages/airflow/example_dags/example_branch_python_dop_operator_3.py
[2025-12-17T08:58:45.930+0000] {processor.py:830} INFO - Processing file /home/airflow/.local/lib/python3.12/site-packages/airflow/example_dags/example_branch_python_dop_operator_3.py for tasks to queue
[2025-12-17T08:58:45.931+0000] {logging_mixin.py:188} INFO - [2025-12-17T08:58:45.930+0000] {dagbag.py:545} INFO - Filling up the DagBag from /home/airflow/.local/lib/python3.12/site-packages/airflow/example_dags/example_branch_python_dop_operator_3.py
[2025-12-17T08:58:45.935+0000] {processor.py:840} INFO - DAG(s) 'example_branch_dop_operator_v3' retrieved from /home/airflow/.local/lib/python3.12/site-packages/airflow/example_dags/example_branch_python_dop_operator_3.py
[2025-12-17T08:58:45.948+0000] {logging_mixin.py:188} INFO - [2025-12-17T08:58:45.948+0000] {dag.py:3089} INFO - Sync 1 DAGs
[2025-12-17T08:58:45.961+0000] {logging_mixin.py:188} INFO - [2025-12-17T08:58:45.961+0000] {dag.py:3947} INFO - Setting next_dagrun for example_branch_dop_operator_v3 to 2025-12-17 08:57:00+00:00, run_after=2025-12-17 08:58:00+00:00
[2025-12-17T08:58:45.975+0000] {processor.py:183} INFO - Processing /home/airflow/.local/lib/python3.12/site-packages/airflow/example_dags/example_branch_python_dop_operator_3.py took 0.048 seconds
[2025-12-17T09:21:00.709+0000] {processor.py:161} INFO - Started process (PID=42318) to work on /home/airflow/.local/lib/python3.12/site-packages/airflow/example_dags/example_branch_python_dop_operator_3.py
[2025-12-17T09:21:00.709+0000] {processor.py:830} INFO - Processing file /home/airflow/.local/lib/python3.12/site-packages/airflow/example_dags/example_branch_python_dop_operator_3.py for tasks to queue
[2025-12-17T09:21:00.710+0000] {logging_mixin.py:188} INFO - [2025-12-17T09:21:00.709+0000] {dagbag.py:545} INFO - Filling up the DagBag from /home/airflow/.local/lib/python3.12/site-packages/airflow/example_dags/example_branch_python_dop_operator_3.py
[2025-12-17T09:21:00.714+0000] {processor.py:840} INFO - DAG(s) 'example_branch_dop_operator_v3' retrieved from /home/airflow/.local/lib/python3.12/site-packages/airflow/example_dags/example_branch_python_dop_operator_3.py
[2025-12-17T09:21:00.728+0000] {logging_mixin.py:188} INFO - [2025-12-17T09:21:00.728+0000] {dag.py:3089} INFO - Sync 1 DAGs
[2025-12-17T09:21:00.738+0000] {logging_mixin.py:188} INFO - [2025-12-17T09:21:00.737+0000] {dag.py:3947} INFO - Setting next_dagrun for example_branch_dop_operator_v3 to 2025-12-17 09:20:00+00:00, run_after=2025-12-17 09:21:00+00:00
[2025-12-17T09:21:00.748+0000] {processor.py:183} INFO - Processing /home/airflow/.local/lib/python3.12/site-packages/airflow/example_dags/example_branch_python_dop_operator_3.py took 0.042 seconds
[2025-12-17T10:31:20.958+0000] {processor.py:161} INFO - Started process (PID=42377) to work on /home/airflow/.local/lib/python3.12/site-packages/airflow/example_dags/example_branch_python_dop_operator_3.py
[2025-12-17T10:31:20.959+0000] {processor.py:830} INFO - Processing file /home/airflow/.local/lib/python3.12/site-packages/airflow/example_dags/example_branch_python_dop_operator_3.py for tasks to queue
[2025-12-17T10:31:20.959+0000] {logging_mixin.py:188} INFO - [2025-12-17T10:31:20.959+0000] {dagbag.py:545} INFO - Filling up the DagBag from /home/airflow/.local/lib/python3.12/site-packages/airflow/example_dags/example_branch_python_dop_operator_3.py
[2025-12-17T10:31:20.964+0000] {processor.py:840} INFO - DAG(s) 'example_branch_dop_operator_v3' retrieved from /home/airflow/.local/lib/python3.12/site-packages/airflow/example_dags/example_branch_python_dop_operator_3.py
[2025-12-17T10:31:20.976+0000] {logging_mixin.py:188} INFO - [2025-12-17T10:31:20.976+0000] {dag.py:3089} INFO - Sync 1 DAGs
[2025-12-17T10:31:20.989+0000] {logging_mixin.py:188} INFO - [2025-12-17T10:31:20.989+0000] {dag.py:3947} INFO - Setting next_dagrun for example_branch_dop_operator_v3 to 2025-12-17 10:30:00+00:00, run_after=2025-12-17 10:31:00+00:00
[2025-12-17T10:31:21.002+0000] {processor.py:183} INFO - Processing /home/airflow/.local/lib/python3.12/site-packages/airflow/example_dags/example_branch_python_dop_operator_3.py took 0.047 seconds
[2025-12-17T11:32:05.550+0000] {processor.py:161} INFO - Started process (PID=42436) to work on /home/airflow/.local/lib/python3.12/site-packages/airflow/example_dags/example_branch_python_dop_operator_3.py
[2025-12-17T11:32:05.553+0000] {processor.py:830} INFO - Processing file /home/airflow/.local/lib/python3.12/site-packages/airflow/example_dags/example_branch_python_dop_operator_3.py for tasks to queue
[2025-12-17T11:32:05.554+0000] {logging_mixin.py:188} INFO - [2025-12-17T11:32:05.554+0000] {dagbag.py:545} INFO - Filling up the DagBag from /home/airflow/.local/lib/python3.12/site-packages/airflow/example_dags/example_branch_python_dop_operator_3.py
[2025-12-17T11:32:05.559+0000] {processor.py:840} INFO - DAG(s) 'example_branch_dop_operator_v3' retrieved from /home/airflow/.local/lib/python3.12/site-packages/airflow/example_dags/example_branch_python_dop_operator_3.py
[2025-12-17T11:32:05.572+0000] {logging_mixin.py:188} INFO - [2025-12-17T11:32:05.572+0000] {dag.py:3089} INFO - Sync 1 DAGs
[2025-12-17T11:32:05.583+0000] {logging_mixin.py:188} INFO - [2025-12-17T11:32:05.583+0000] {dag.py:3947} INFO - Setting next_dagrun for example_branch_dop_operator_v3 to 2025-12-17 11:31:00+00:00, run_after=2025-12-17 11:32:00+00:00
[2025-12-17T11:32:05.593+0000] {processor.py:183} INFO - Processing /home/airflow/.local/lib/python3.12/site-packages/airflow/example_dags/example_branch_python_dop_operator_3.py took 0.045 seconds
[2025-12-17T12:33:35.239+0000] {processor.py:161} INFO - Started process (PID=42495) to work on /home/airflow/.local/lib/python3.12/site-packages/airflow/example_dags/example_branch_python_dop_operator_3.py
[2025-12-17T12:33:35.239+0000] {processor.py:830} INFO - Processing file /home/airflow/.local/lib/python3.12/site-packages/airflow/example_dags/example_branch_python_dop_operator_3.py for tasks to queue
[2025-12-17T12:33:35.240+0000] {logging_mixin.py:188} INFO - [2025-12-17T12:33:35.240+0000] {dagbag.py:545} INFO - Filling up the DagBag from /home/airflow/.local/lib/python3.12/site-packages/airflow/example_dags/example_branch_python_dop_operator_3.py
[2025-12-17T12:33:35.244+0000] {processor.py:840} INFO - DAG(s) 'example_branch_dop_operator_v3' retrieved from /home/airflow/.local/lib/python3.12/site-packages/airflow/example_dags/example_branch_python_dop_operator_3.py
[2025-12-17T12:33:35.254+0000] {logging_mixin.py:188} INFO - [2025-12-17T12:33:35.254+0000] {dag.py:3089} INFO - Sync 1 DAGs
[2025-12-17T12:33:35.264+0000] {logging_mixin.py:188} INFO - [2025-12-17T12:33:35.264+0000] {dag.py:3947} INFO - Setting next_dagrun for example_branch_dop_operator_v3 to 2025-12-17 12:32:00+00:00, run_after=2025-12-17 12:33:00+00:00
[2025-12-17T12:33:35.271+0000] {processor.py:183} INFO - Processing /home/airflow/.local/lib/python3.12/site-packages/airflow/example_dags/example_branch_python_dop_operator_3.py took 0.036 seconds
[2025-12-17T13:42:10.150+0000] {processor.py:161} INFO - Started process (PID=42554) to work on /home/airflow/.local/lib/python3.12/site-packages/airflow/example_dags/example_branch_python_dop_operator_3.py
[2025-12-17T13:42:10.151+0000] {processor.py:830} INFO - Processing file /home/airflow/.local/lib/python3.12/site-packages/airflow/example_dags/example_branch_python_dop_operator_3.py for tasks to queue
[2025-12-17T13:42:10.153+0000] {logging_mixin.py:188} INFO - [2025-12-17T13:42:10.153+0000] {dagbag.py:545} INFO - Filling up the DagBag from /home/airflow/.local/lib/python3.12/site-packages/airflow/example_dags/example_branch_python_dop_operator_3.py
[2025-12-17T13:42:10.158+0000] {processor.py:840} INFO - DAG(s) 'example_branch_dop_operator_v3' retrieved from /home/airflow/.local/lib/python3.12/site-packages/airflow/example_dags/example_branch_python_dop_operator_3.py
[2025-12-17T13:42:10.172+0000] {logging_mixin.py:188} INFO - [2025-12-17T13:42:10.172+0000] {dag.py:3089} INFO - Sync 1 DAGs
[2025-12-17T13:42:10.182+0000] {logging_mixin.py:188} INFO - [2025-12-17T13:42:10.182+0000] {dag.py:3947} INFO - Setting next_dagrun for example_branch_dop_operator_v3 to 2025-12-17 13:41:00+00:00, run_after=2025-12-17 13:42:00+00:00
[2025-12-17T13:42:10.191+0000] {processor.py:183} INFO - Processing /home/airflow/.local/lib/python3.12/site-packages/airflow/example_dags/example_branch_python_dop_operator_3.py took 0.043 seconds
[2025-12-17T14:56:28.323+0000] {processor.py:161} INFO - Started process (PID=42613) to work on /home/airflow/.local/lib/python3.12/site-packages/airflow/example_dags/example_branch_python_dop_operator_3.py
[2025-12-17T14:56:28.324+0000] {processor.py:830} INFO - Processing file /home/airflow/.local/lib/python3.12/site-packages/airflow/example_dags/example_branch_python_dop_operator_3.py for tasks to queue
[2025-12-17T14:56:28.324+0000] {logging_mixin.py:188} INFO - [2025-12-17T14:56:28.324+0000] {dagbag.py:545} INFO - Filling up the DagBag from /home/airflow/.local/lib/python3.12/site-packages/airflow/example_dags/example_branch_python_dop_operator_3.py
[2025-12-17T14:56:28.328+0000] {processor.py:840} INFO - DAG(s) 'example_branch_dop_operator_v3' retrieved from /home/airflow/.local/lib/python3.12/site-packages/airflow/example_dags/example_branch_python_dop_operator_3.py
[2025-12-17T14:56:28.341+0000] {logging_mixin.py:188} INFO - [2025-12-17T14:56:28.341+0000] {dag.py:3089} INFO - Sync 1 DAGs
[2025-12-17T14:56:28.354+0000] {logging_mixin.py:188} INFO - [2025-12-17T14:56:28.354+0000] {dag.py:3947} INFO - Setting next_dagrun for example_branch_dop_operator_v3 to 2025-12-17 14:55:00+00:00, run_after=2025-12-17 14:56:00+00:00
[2025-12-17T14:56:28.365+0000] {processor.py:183} INFO - Processing /home/airflow/.local/lib/python3.12/site-packages/airflow/example_dags/example_branch_python_dop_operator_3.py took 0.044 seconds
[2025-12-17T16:05:46.865+0000] {processor.py:161} INFO - Started process (PID=42672) to work on /home/airflow/.local/lib/python3.12/site-packages/airflow/example_dags/example_branch_python_dop_operator_3.py
[2025-12-17T16:05:46.866+0000] {processor.py:830} INFO - Processing file /home/airflow/.local/lib/python3.12/site-packages/airflow/example_dags/example_branch_python_dop_operator_3.py for tasks to queue
[2025-12-17T16:05:46.868+0000] {logging_mixin.py:188} INFO - [2025-12-17T16:05:46.868+0000] {dagbag.py:545} INFO - Filling up the DagBag from /home/airflow/.local/lib/python3.12/site-packages/airflow/example_dags/example_branch_python_dop_operator_3.py
[2025-12-17T16:05:46.873+0000] {processor.py:840} INFO - DAG(s) 'example_branch_dop_operator_v3' retrieved from /home/airflow/.local/lib/python3.12/site-packages/airflow/example_dags/example_branch_python_dop_operator_3.py
[2025-12-17T16:05:46.888+0000] {logging_mixin.py:188} INFO - [2025-12-17T16:05:46.887+0000] {dag.py:3089} INFO - Sync 1 DAGs
[2025-12-17T16:05:46.903+0000] {logging_mixin.py:188} INFO - [2025-12-17T16:05:46.903+0000] {dag.py:3947} INFO - Setting next_dagrun for example_branch_dop_operator_v3 to 2025-12-17 16:04:00+00:00, run_after=2025-12-17 16:05:00+00:00
[2025-12-17T16:05:46.913+0000] {processor.py:183} INFO - Processing /home/airflow/.local/lib/python3.12/site-packages/airflow/example_dags/example_branch_python_dop_operator_3.py took 0.053 seconds
[2025-12-17T17:20:38.312+0000] {processor.py:161} INFO - Started process (PID=42731) to work on /home/airflow/.local/lib/python3.12/site-packages/airflow/example_dags/example_branch_python_dop_operator_3.py
[2025-12-17T17:20:38.314+0000] {processor.py:830} INFO - Processing file /home/airflow/.local/lib/python3.12/site-packages/airflow/example_dags/example_branch_python_dop_operator_3.py for tasks to queue
[2025-12-17T17:20:38.315+0000] {logging_mixin.py:188} INFO - [2025-12-17T17:20:38.315+0000] {dagbag.py:545} INFO - Filling up the DagBag from /home/airflow/.local/lib/python3.12/site-packages/airflow/example_dags/example_branch_python_dop_operator_3.py
[2025-12-17T17:20:38.319+0000] {processor.py:840} INFO - DAG(s) 'example_branch_dop_operator_v3' retrieved from /home/airflow/.local/lib/python3.12/site-packages/airflow/example_dags/example_branch_python_dop_operator_3.py
[2025-12-17T17:20:38.329+0000] {logging_mixin.py:188} INFO - [2025-12-17T17:20:38.329+0000] {dag.py:3089} INFO - Sync 1 DAGs
[2025-12-17T17:20:38.339+0000] {logging_mixin.py:188} INFO - [2025-12-17T17:20:38.339+0000] {dag.py:3947} INFO - Setting next_dagrun for example_branch_dop_operator_v3 to 2025-12-17 17:19:00+00:00, run_after=2025-12-17 17:20:00+00:00
[2025-12-17T17:20:38.355+0000] {processor.py:183} INFO - Processing /home/airflow/.local/lib/python3.12/site-packages/airflow/example_dags/example_branch_python_dop_operator_3.py took 0.046 seconds
[2025-12-17T18:07:07.619+0000] {processor.py:161} INFO - Started process (PID=42790) to work on /home/airflow/.local/lib/python3.12/site-packages/airflow/example_dags/example_branch_python_dop_operator_3.py
[2025-12-17T18:07:07.621+0000] {processor.py:830} INFO - Processing file /home/airflow/.local/lib/python3.12/site-packages/airflow/example_dags/example_branch_python_dop_operator_3.py for tasks to queue
[2025-12-17T18:07:07.621+0000] {logging_mixin.py:188} INFO - [2025-12-17T18:07:07.621+0000] {dagbag.py:545} INFO - Filling up the DagBag from /home/airflow/.local/lib/python3.12/site-packages/airflow/example_dags/example_branch_python_dop_operator_3.py
[2025-12-17T18:07:07.625+0000] {processor.py:840} INFO - DAG(s) 'example_branch_dop_operator_v3' retrieved from /home/airflow/.local/lib/python3.12/site-packages/airflow/example_dags/example_branch_python_dop_operator_3.py
[2025-12-17T18:07:07.635+0000] {logging_mixin.py:188} INFO - [2025-12-17T18:07:07.635+0000] {dag.py:3089} INFO - Sync 1 DAGs
[2025-12-17T18:07:07.647+0000] {logging_mixin.py:188} INFO - [2025-12-17T18:07:07.646+0000] {dag.py:3947} INFO - Setting next_dagrun for example_branch_dop_operator_v3 to 2025-12-17 18:06:00+00:00, run_after=2025-12-17 18:07:00+00:00
[2025-12-17T18:07:07.653+0000] {processor.py:183} INFO - Processing /home/airflow/.local/lib/python3.12/site-packages/airflow/example_dags/example_branch_python_dop_operator_3.py took 0.037 seconds
[2025-12-17T18:26:58.281+0000] {processor.py:161} INFO - Started process (PID=42849) to work on /home/airflow/.local/lib/python3.12/site-packages/airflow/example_dags/example_branch_python_dop_operator_3.py
[2025-12-17T18:26:58.282+0000] {processor.py:830} INFO - Processing file /home/airflow/.local/lib/python3.12/site-packages/airflow/example_dags/example_branch_python_dop_operator_3.py for tasks to queue
[2025-12-17T18:26:58.283+0000] {logging_mixin.py:188} INFO - [2025-12-17T18:26:58.283+0000] {dagbag.py:545} INFO - Filling up the DagBag from /home/airflow/.local/lib/python3.12/site-packages/airflow/example_dags/example_branch_python_dop_operator_3.py
[2025-12-17T18:26:58.286+0000] {processor.py:840} INFO - DAG(s) 'example_branch_dop_operator_v3' retrieved from /home/airflow/.local/lib/python3.12/site-packages/airflow/example_dags/example_branch_python_dop_operator_3.py
[2025-12-17T18:26:58.295+0000] {logging_mixin.py:188} INFO - [2025-12-17T18:26:58.295+0000] {dag.py:3089} INFO - Sync 1 DAGs
[2025-12-17T18:26:58.306+0000] {logging_mixin.py:188} INFO - [2025-12-17T18:26:58.306+0000] {dag.py:3947} INFO - Setting next_dagrun for example_branch_dop_operator_v3 to 2025-12-17 18:25:00+00:00, run_after=2025-12-17 18:26:00+00:00
[2025-12-17T18:26:58.320+0000] {processor.py:183} INFO - Processing /home/airflow/.local/lib/python3.12/site-packages/airflow/example_dags/example_branch_python_dop_operator_3.py took 0.042 seconds
[2025-12-17T19:41:42.900+0000] {processor.py:161} INFO - Started process (PID=42908) to work on /home/airflow/.local/lib/python3.12/site-packages/airflow/example_dags/example_branch_python_dop_operator_3.py
[2025-12-17T19:41:42.903+0000] {processor.py:830} INFO - Processing file /home/airflow/.local/lib/python3.12/site-packages/airflow/example_dags/example_branch_python_dop_operator_3.py for tasks to queue
[2025-12-17T19:41:42.903+0000] {logging_mixin.py:188} INFO - [2025-12-17T19:41:42.903+0000] {dagbag.py:545} INFO - Filling up the DagBag from /home/airflow/.local/lib/python3.12/site-packages/airflow/example_dags/example_branch_python_dop_operator_3.py
[2025-12-17T19:41:42.908+0000] {processor.py:840} INFO - DAG(s) 'example_branch_dop_operator_v3' retrieved from /home/airflow/.local/lib/python3.12/site-packages/airflow/example_dags/example_branch_python_dop_operator_3.py
[2025-12-17T19:41:42.919+0000] {logging_mixin.py:188} INFO - [2025-12-17T19:41:42.919+0000] {dag.py:3089} INFO - Sync 1 DAGs
[2025-12-17T19:41:42.928+0000] {logging_mixin.py:188} INFO - [2025-12-17T19:41:42.928+0000] {dag.py:3947} INFO - Setting next_dagrun for example_branch_dop_operator_v3 to 2025-12-17 19:40:00+00:00, run_after=2025-12-17 19:41:00+00:00
[2025-12-17T19:41:42.940+0000] {processor.py:183} INFO - Processing /home/airflow/.local/lib/python3.12/site-packages/airflow/example_dags/example_branch_python_dop_operator_3.py took 0.043 seconds
[2025-12-17T21:17:14.771+0000] {processor.py:161} INFO - Started process (PID=42967) to work on /home/airflow/.local/lib/python3.12/site-packages/airflow/example_dags/example_branch_python_dop_operator_3.py
[2025-12-17T21:17:14.772+0000] {processor.py:830} INFO - Processing file /home/airflow/.local/lib/python3.12/site-packages/airflow/example_dags/example_branch_python_dop_operator_3.py for tasks to queue
[2025-12-17T21:17:14.773+0000] {logging_mixin.py:188} INFO - [2025-12-17T21:17:14.773+0000] {dagbag.py:545} INFO - Filling up the DagBag from /home/airflow/.local/lib/python3.12/site-packages/airflow/example_dags/example_branch_python_dop_operator_3.py
[2025-12-17T21:17:14.777+0000] {processor.py:840} INFO - DAG(s) 'example_branch_dop_operator_v3' retrieved from /home/airflow/.local/lib/python3.12/site-packages/airflow/example_dags/example_branch_python_dop_operator_3.py
[2025-12-17T21:17:14.786+0000] {logging_mixin.py:188} INFO - [2025-12-17T21:17:14.785+0000] {dag.py:3089} INFO - Sync 1 DAGs
[2025-12-17T21:17:14.795+0000] {logging_mixin.py:188} INFO - [2025-12-17T21:17:14.795+0000] {dag.py:3947} INFO - Setting next_dagrun for example_branch_dop_operator_v3 to 2025-12-17 21:16:00+00:00, run_after=2025-12-17 21:17:00+00:00
[2025-12-17T21:17:14.803+0000] {processor.py:183} INFO - Processing /home/airflow/.local/lib/python3.12/site-packages/airflow/example_dags/example_branch_python_dop_operator_3.py took 0.035 seconds
[2025-12-17T22:30:37.991+0000] {processor.py:161} INFO - Started process (PID=43026) to work on /home/airflow/.local/lib/python3.12/site-packages/airflow/example_dags/example_branch_python_dop_operator_3.py
[2025-12-17T22:30:37.992+0000] {processor.py:830} INFO - Processing file /home/airflow/.local/lib/python3.12/site-packages/airflow/example_dags/example_branch_python_dop_operator_3.py for tasks to queue
[2025-12-17T22:30:37.992+0000] {logging_mixin.py:188} INFO - [2025-12-17T22:30:37.992+0000] {dagbag.py:545} INFO - Filling up the DagBag from /home/airflow/.local/lib/python3.12/site-packages/airflow/example_dags/example_branch_python_dop_operator_3.py
[2025-12-17T22:30:37.997+0000] {processor.py:840} INFO - DAG(s) 'example_branch_dop_operator_v3' retrieved from /home/airflow/.local/lib/python3.12/site-packages/airflow/example_dags/example_branch_python_dop_operator_3.py
[2025-12-17T22:30:38.014+0000] {logging_mixin.py:188} INFO - [2025-12-17T22:30:38.014+0000] {dag.py:3089} INFO - Sync 1 DAGs
[2025-12-17T22:30:38.027+0000] {logging_mixin.py:188} INFO - [2025-12-17T22:30:38.027+0000] {dag.py:3947} INFO - Setting next_dagrun for example_branch_dop_operator_v3 to 2025-12-17 22:29:00+00:00, run_after=2025-12-17 22:30:00+00:00
[2025-12-17T22:30:38.037+0000] {processor.py:183} INFO - Processing /home/airflow/.local/lib/python3.12/site-packages/airflow/example_dags/example_branch_python_dop_operator_3.py took 0.049 seconds
