[2025-12-17T00:49:43.658+0000] {processor.py:161} INFO - Started process (PID=41697) to work on /home/airflow/.local/lib/python3.12/site-packages/airflow/example_dags/example_external_task_marker_dag.py
[2025-12-17T00:49:43.659+0000] {processor.py:830} INFO - Processing file /home/airflow/.local/lib/python3.12/site-packages/airflow/example_dags/example_external_task_marker_dag.py for tasks to queue
[2025-12-17T00:49:43.660+0000] {logging_mixin.py:188} INFO - [2025-12-17T00:49:43.660+0000] {dagbag.py:545} INFO - Filling up the DagBag from /home/airflow/.local/lib/python3.12/site-packages/airflow/example_dags/example_external_task_marker_dag.py
[2025-12-17T00:49:43.668+0000] {processor.py:840} INFO - DAG(s) 'example_external_task_marker_parent', 'example_external_task_marker_child' retrieved from /home/airflow/.local/lib/python3.12/site-packages/airflow/example_dags/example_external_task_marker_dag.py
[2025-12-17T00:49:43.694+0000] {logging_mixin.py:188} INFO - [2025-12-17T00:49:43.693+0000] {dag.py:3089} INFO - Sync 2 DAGs
[2025-12-17T00:49:43.705+0000] {logging_mixin.py:188} INFO - [2025-12-17T00:49:43.704+0000] {dag.py:3947} INFO - Setting next_dagrun for example_external_task_marker_child to None, run_after=None
[2025-12-17T00:49:43.707+0000] {logging_mixin.py:188} INFO - [2025-12-17T00:49:43.707+0000] {dag.py:3947} INFO - Setting next_dagrun for example_external_task_marker_parent to None, run_after=None
[2025-12-17T00:49:43.718+0000] {processor.py:183} INFO - Processing /home/airflow/.local/lib/python3.12/site-packages/airflow/example_dags/example_external_task_marker_dag.py took 0.076 seconds
[2025-12-17T01:13:19.328+0000] {processor.py:161} INFO - Started process (PID=41756) to work on /home/airflow/.local/lib/python3.12/site-packages/airflow/example_dags/example_external_task_marker_dag.py
[2025-12-17T01:13:19.330+0000] {processor.py:830} INFO - Processing file /home/airflow/.local/lib/python3.12/site-packages/airflow/example_dags/example_external_task_marker_dag.py for tasks to queue
[2025-12-17T01:13:19.331+0000] {logging_mixin.py:188} INFO - [2025-12-17T01:13:19.331+0000] {dagbag.py:545} INFO - Filling up the DagBag from /home/airflow/.local/lib/python3.12/site-packages/airflow/example_dags/example_external_task_marker_dag.py
[2025-12-17T01:13:19.336+0000] {processor.py:840} INFO - DAG(s) 'example_external_task_marker_child', 'example_external_task_marker_parent' retrieved from /home/airflow/.local/lib/python3.12/site-packages/airflow/example_dags/example_external_task_marker_dag.py
[2025-12-17T01:13:19.350+0000] {logging_mixin.py:188} INFO - [2025-12-17T01:13:19.350+0000] {dag.py:3089} INFO - Sync 2 DAGs
[2025-12-17T01:13:19.355+0000] {logging_mixin.py:188} INFO - [2025-12-17T01:13:19.355+0000] {dag.py:3947} INFO - Setting next_dagrun for example_external_task_marker_child to None, run_after=None
[2025-12-17T01:13:19.359+0000] {logging_mixin.py:188} INFO - [2025-12-17T01:13:19.359+0000] {dag.py:3947} INFO - Setting next_dagrun for example_external_task_marker_parent to None, run_after=None
[2025-12-17T01:13:19.368+0000] {processor.py:183} INFO - Processing /home/airflow/.local/lib/python3.12/site-packages/airflow/example_dags/example_external_task_marker_dag.py took 0.043 seconds
[2025-12-17T02:08:56.948+0000] {processor.py:161} INFO - Started process (PID=41815) to work on /home/airflow/.local/lib/python3.12/site-packages/airflow/example_dags/example_external_task_marker_dag.py
[2025-12-17T02:08:56.948+0000] {processor.py:830} INFO - Processing file /home/airflow/.local/lib/python3.12/site-packages/airflow/example_dags/example_external_task_marker_dag.py for tasks to queue
[2025-12-17T02:08:56.949+0000] {logging_mixin.py:188} INFO - [2025-12-17T02:08:56.949+0000] {dagbag.py:545} INFO - Filling up the DagBag from /home/airflow/.local/lib/python3.12/site-packages/airflow/example_dags/example_external_task_marker_dag.py
[2025-12-17T02:08:56.953+0000] {processor.py:840} INFO - DAG(s) 'example_external_task_marker_parent', 'example_external_task_marker_child' retrieved from /home/airflow/.local/lib/python3.12/site-packages/airflow/example_dags/example_external_task_marker_dag.py
[2025-12-17T02:08:56.965+0000] {logging_mixin.py:188} INFO - [2025-12-17T02:08:56.965+0000] {dag.py:3089} INFO - Sync 2 DAGs
[2025-12-17T02:08:56.972+0000] {logging_mixin.py:188} INFO - [2025-12-17T02:08:56.971+0000] {dag.py:3947} INFO - Setting next_dagrun for example_external_task_marker_child to None, run_after=None
[2025-12-17T02:08:56.973+0000] {logging_mixin.py:188} INFO - [2025-12-17T02:08:56.973+0000] {dag.py:3947} INFO - Setting next_dagrun for example_external_task_marker_parent to None, run_after=None
[2025-12-17T02:08:56.984+0000] {processor.py:183} INFO - Processing /home/airflow/.local/lib/python3.12/site-packages/airflow/example_dags/example_external_task_marker_dag.py took 0.041 seconds
[2025-12-17T02:38:01.247+0000] {processor.py:161} INFO - Started process (PID=41874) to work on /home/airflow/.local/lib/python3.12/site-packages/airflow/example_dags/example_external_task_marker_dag.py
[2025-12-17T02:38:01.248+0000] {processor.py:830} INFO - Processing file /home/airflow/.local/lib/python3.12/site-packages/airflow/example_dags/example_external_task_marker_dag.py for tasks to queue
[2025-12-17T02:38:01.249+0000] {logging_mixin.py:188} INFO - [2025-12-17T02:38:01.248+0000] {dagbag.py:545} INFO - Filling up the DagBag from /home/airflow/.local/lib/python3.12/site-packages/airflow/example_dags/example_external_task_marker_dag.py
[2025-12-17T02:38:01.253+0000] {processor.py:840} INFO - DAG(s) 'example_external_task_marker_parent', 'example_external_task_marker_child' retrieved from /home/airflow/.local/lib/python3.12/site-packages/airflow/example_dags/example_external_task_marker_dag.py
[2025-12-17T02:38:01.269+0000] {logging_mixin.py:188} INFO - [2025-12-17T02:38:01.268+0000] {dag.py:3089} INFO - Sync 2 DAGs
[2025-12-17T02:38:01.277+0000] {logging_mixin.py:188} INFO - [2025-12-17T02:38:01.277+0000] {dag.py:3947} INFO - Setting next_dagrun for example_external_task_marker_child to None, run_after=None
[2025-12-17T02:38:01.279+0000] {logging_mixin.py:188} INFO - [2025-12-17T02:38:01.279+0000] {dag.py:3947} INFO - Setting next_dagrun for example_external_task_marker_parent to None, run_after=None
[2025-12-17T02:38:01.288+0000] {processor.py:183} INFO - Processing /home/airflow/.local/lib/python3.12/site-packages/airflow/example_dags/example_external_task_marker_dag.py took 0.044 seconds
[2025-12-17T03:29:14.416+0000] {processor.py:161} INFO - Started process (PID=41933) to work on /home/airflow/.local/lib/python3.12/site-packages/airflow/example_dags/example_external_task_marker_dag.py
[2025-12-17T03:29:14.417+0000] {processor.py:830} INFO - Processing file /home/airflow/.local/lib/python3.12/site-packages/airflow/example_dags/example_external_task_marker_dag.py for tasks to queue
[2025-12-17T03:29:14.417+0000] {logging_mixin.py:188} INFO - [2025-12-17T03:29:14.417+0000] {dagbag.py:545} INFO - Filling up the DagBag from /home/airflow/.local/lib/python3.12/site-packages/airflow/example_dags/example_external_task_marker_dag.py
[2025-12-17T03:29:14.421+0000] {processor.py:840} INFO - DAG(s) 'example_external_task_marker_parent', 'example_external_task_marker_child' retrieved from /home/airflow/.local/lib/python3.12/site-packages/airflow/example_dags/example_external_task_marker_dag.py
[2025-12-17T03:29:14.435+0000] {logging_mixin.py:188} INFO - [2025-12-17T03:29:14.435+0000] {dag.py:3089} INFO - Sync 2 DAGs
[2025-12-17T03:29:14.442+0000] {logging_mixin.py:188} INFO - [2025-12-17T03:29:14.442+0000] {dag.py:3947} INFO - Setting next_dagrun for example_external_task_marker_child to None, run_after=None
[2025-12-17T03:29:14.444+0000] {logging_mixin.py:188} INFO - [2025-12-17T03:29:14.444+0000] {dag.py:3947} INFO - Setting next_dagrun for example_external_task_marker_parent to None, run_after=None
[2025-12-17T03:29:14.452+0000] {processor.py:183} INFO - Processing /home/airflow/.local/lib/python3.12/site-packages/airflow/example_dags/example_external_task_marker_dag.py took 0.040 seconds
[2025-12-17T03:53:42.535+0000] {processor.py:161} INFO - Started process (PID=41992) to work on /home/airflow/.local/lib/python3.12/site-packages/airflow/example_dags/example_external_task_marker_dag.py
[2025-12-17T03:53:42.536+0000] {processor.py:830} INFO - Processing file /home/airflow/.local/lib/python3.12/site-packages/airflow/example_dags/example_external_task_marker_dag.py for tasks to queue
[2025-12-17T03:53:42.536+0000] {logging_mixin.py:188} INFO - [2025-12-17T03:53:42.536+0000] {dagbag.py:545} INFO - Filling up the DagBag from /home/airflow/.local/lib/python3.12/site-packages/airflow/example_dags/example_external_task_marker_dag.py
[2025-12-17T03:53:42.540+0000] {processor.py:840} INFO - DAG(s) 'example_external_task_marker_parent', 'example_external_task_marker_child' retrieved from /home/airflow/.local/lib/python3.12/site-packages/airflow/example_dags/example_external_task_marker_dag.py
[2025-12-17T03:53:42.554+0000] {logging_mixin.py:188} INFO - [2025-12-17T03:53:42.554+0000] {dag.py:3089} INFO - Sync 2 DAGs
[2025-12-17T03:53:42.561+0000] {logging_mixin.py:188} INFO - [2025-12-17T03:53:42.561+0000] {dag.py:3947} INFO - Setting next_dagrun for example_external_task_marker_child to None, run_after=None
[2025-12-17T03:53:42.563+0000] {logging_mixin.py:188} INFO - [2025-12-17T03:53:42.563+0000] {dag.py:3947} INFO - Setting next_dagrun for example_external_task_marker_parent to None, run_after=None
[2025-12-17T03:53:42.572+0000] {processor.py:183} INFO - Processing /home/airflow/.local/lib/python3.12/site-packages/airflow/example_dags/example_external_task_marker_dag.py took 0.040 seconds
[2025-12-17T04:54:45.263+0000] {processor.py:161} INFO - Started process (PID=42051) to work on /home/airflow/.local/lib/python3.12/site-packages/airflow/example_dags/example_external_task_marker_dag.py
[2025-12-17T04:54:45.263+0000] {processor.py:830} INFO - Processing file /home/airflow/.local/lib/python3.12/site-packages/airflow/example_dags/example_external_task_marker_dag.py for tasks to queue
[2025-12-17T04:54:45.264+0000] {logging_mixin.py:188} INFO - [2025-12-17T04:54:45.264+0000] {dagbag.py:545} INFO - Filling up the DagBag from /home/airflow/.local/lib/python3.12/site-packages/airflow/example_dags/example_external_task_marker_dag.py
[2025-12-17T04:54:45.267+0000] {processor.py:840} INFO - DAG(s) 'example_external_task_marker_child', 'example_external_task_marker_parent' retrieved from /home/airflow/.local/lib/python3.12/site-packages/airflow/example_dags/example_external_task_marker_dag.py
[2025-12-17T04:54:45.277+0000] {logging_mixin.py:188} INFO - [2025-12-17T04:54:45.277+0000] {dag.py:3089} INFO - Sync 2 DAGs
[2025-12-17T04:54:45.283+0000] {logging_mixin.py:188} INFO - [2025-12-17T04:54:45.283+0000] {dag.py:3947} INFO - Setting next_dagrun for example_external_task_marker_child to None, run_after=None
[2025-12-17T04:54:45.284+0000] {logging_mixin.py:188} INFO - [2025-12-17T04:54:45.284+0000] {dag.py:3947} INFO - Setting next_dagrun for example_external_task_marker_parent to None, run_after=None
[2025-12-17T04:54:45.290+0000] {processor.py:183} INFO - Processing /home/airflow/.local/lib/python3.12/site-packages/airflow/example_dags/example_external_task_marker_dag.py took 0.030 seconds
[2025-12-17T06:11:24.602+0000] {processor.py:161} INFO - Started process (PID=42110) to work on /home/airflow/.local/lib/python3.12/site-packages/airflow/example_dags/example_external_task_marker_dag.py
[2025-12-17T06:11:24.603+0000] {processor.py:830} INFO - Processing file /home/airflow/.local/lib/python3.12/site-packages/airflow/example_dags/example_external_task_marker_dag.py for tasks to queue
[2025-12-17T06:11:24.604+0000] {logging_mixin.py:188} INFO - [2025-12-17T06:11:24.604+0000] {dagbag.py:545} INFO - Filling up the DagBag from /home/airflow/.local/lib/python3.12/site-packages/airflow/example_dags/example_external_task_marker_dag.py
[2025-12-17T06:11:24.607+0000] {processor.py:840} INFO - DAG(s) 'example_external_task_marker_child', 'example_external_task_marker_parent' retrieved from /home/airflow/.local/lib/python3.12/site-packages/airflow/example_dags/example_external_task_marker_dag.py
[2025-12-17T06:11:24.624+0000] {logging_mixin.py:188} INFO - [2025-12-17T06:11:24.624+0000] {dag.py:3089} INFO - Sync 2 DAGs
[2025-12-17T06:11:24.630+0000] {logging_mixin.py:188} INFO - [2025-12-17T06:11:24.630+0000] {dag.py:3947} INFO - Setting next_dagrun for example_external_task_marker_child to None, run_after=None
[2025-12-17T06:11:24.631+0000] {logging_mixin.py:188} INFO - [2025-12-17T06:11:24.631+0000] {dag.py:3947} INFO - Setting next_dagrun for example_external_task_marker_parent to None, run_after=None
[2025-12-17T06:11:24.641+0000] {processor.py:183} INFO - Processing /home/airflow/.local/lib/python3.12/site-packages/airflow/example_dags/example_external_task_marker_dag.py took 0.042 seconds
[2025-12-17T07:48:04.761+0000] {processor.py:161} INFO - Started process (PID=42169) to work on /home/airflow/.local/lib/python3.12/site-packages/airflow/example_dags/example_external_task_marker_dag.py
[2025-12-17T07:48:04.762+0000] {processor.py:830} INFO - Processing file /home/airflow/.local/lib/python3.12/site-packages/airflow/example_dags/example_external_task_marker_dag.py for tasks to queue
[2025-12-17T07:48:04.762+0000] {logging_mixin.py:188} INFO - [2025-12-17T07:48:04.762+0000] {dagbag.py:545} INFO - Filling up the DagBag from /home/airflow/.local/lib/python3.12/site-packages/airflow/example_dags/example_external_task_marker_dag.py
[2025-12-17T07:48:04.765+0000] {processor.py:840} INFO - DAG(s) 'example_external_task_marker_child', 'example_external_task_marker_parent' retrieved from /home/airflow/.local/lib/python3.12/site-packages/airflow/example_dags/example_external_task_marker_dag.py
[2025-12-17T07:48:04.779+0000] {logging_mixin.py:188} INFO - [2025-12-17T07:48:04.779+0000] {dag.py:3089} INFO - Sync 2 DAGs
[2025-12-17T07:48:04.787+0000] {logging_mixin.py:188} INFO - [2025-12-17T07:48:04.787+0000] {dag.py:3947} INFO - Setting next_dagrun for example_external_task_marker_child to None, run_after=None
[2025-12-17T07:48:04.789+0000] {logging_mixin.py:188} INFO - [2025-12-17T07:48:04.789+0000] {dag.py:3947} INFO - Setting next_dagrun for example_external_task_marker_parent to None, run_after=None
[2025-12-17T07:48:04.796+0000] {processor.py:183} INFO - Processing /home/airflow/.local/lib/python3.12/site-packages/airflow/example_dags/example_external_task_marker_dag.py took 0.040 seconds
[2025-12-17T08:58:45.000+0000] {processor.py:161} INFO - Started process (PID=42228) to work on /home/airflow/.local/lib/python3.12/site-packages/airflow/example_dags/example_external_task_marker_dag.py
[2025-12-17T08:58:45.001+0000] {processor.py:830} INFO - Processing file /home/airflow/.local/lib/python3.12/site-packages/airflow/example_dags/example_external_task_marker_dag.py for tasks to queue
[2025-12-17T08:58:45.001+0000] {logging_mixin.py:188} INFO - [2025-12-17T08:58:45.001+0000] {dagbag.py:545} INFO - Filling up the DagBag from /home/airflow/.local/lib/python3.12/site-packages/airflow/example_dags/example_external_task_marker_dag.py
[2025-12-17T08:58:45.005+0000] {processor.py:840} INFO - DAG(s) 'example_external_task_marker_parent', 'example_external_task_marker_child' retrieved from /home/airflow/.local/lib/python3.12/site-packages/airflow/example_dags/example_external_task_marker_dag.py
[2025-12-17T08:58:45.018+0000] {logging_mixin.py:188} INFO - [2025-12-17T08:58:45.018+0000] {dag.py:3089} INFO - Sync 2 DAGs
[2025-12-17T08:58:45.026+0000] {logging_mixin.py:188} INFO - [2025-12-17T08:58:45.026+0000] {dag.py:3947} INFO - Setting next_dagrun for example_external_task_marker_child to None, run_after=None
[2025-12-17T08:58:45.030+0000] {logging_mixin.py:188} INFO - [2025-12-17T08:58:45.030+0000] {dag.py:3947} INFO - Setting next_dagrun for example_external_task_marker_parent to None, run_after=None
[2025-12-17T08:58:45.044+0000] {processor.py:183} INFO - Processing /home/airflow/.local/lib/python3.12/site-packages/airflow/example_dags/example_external_task_marker_dag.py took 0.047 seconds
[2025-12-17T09:20:59.668+0000] {processor.py:161} INFO - Started process (PID=42287) to work on /home/airflow/.local/lib/python3.12/site-packages/airflow/example_dags/example_external_task_marker_dag.py
[2025-12-17T09:20:59.668+0000] {processor.py:830} INFO - Processing file /home/airflow/.local/lib/python3.12/site-packages/airflow/example_dags/example_external_task_marker_dag.py for tasks to queue
[2025-12-17T09:20:59.669+0000] {logging_mixin.py:188} INFO - [2025-12-17T09:20:59.669+0000] {dagbag.py:545} INFO - Filling up the DagBag from /home/airflow/.local/lib/python3.12/site-packages/airflow/example_dags/example_external_task_marker_dag.py
[2025-12-17T09:20:59.672+0000] {processor.py:840} INFO - DAG(s) 'example_external_task_marker_parent', 'example_external_task_marker_child' retrieved from /home/airflow/.local/lib/python3.12/site-packages/airflow/example_dags/example_external_task_marker_dag.py
[2025-12-17T09:20:59.684+0000] {logging_mixin.py:188} INFO - [2025-12-17T09:20:59.684+0000] {dag.py:3089} INFO - Sync 2 DAGs
[2025-12-17T09:20:59.693+0000] {logging_mixin.py:188} INFO - [2025-12-17T09:20:59.693+0000] {dag.py:3947} INFO - Setting next_dagrun for example_external_task_marker_child to None, run_after=None
[2025-12-17T09:20:59.696+0000] {logging_mixin.py:188} INFO - [2025-12-17T09:20:59.695+0000] {dag.py:3947} INFO - Setting next_dagrun for example_external_task_marker_parent to None, run_after=None
[2025-12-17T09:20:59.707+0000] {processor.py:183} INFO - Processing /home/airflow/.local/lib/python3.12/site-packages/airflow/example_dags/example_external_task_marker_dag.py took 0.044 seconds
[2025-12-17T10:31:20.030+0000] {processor.py:161} INFO - Started process (PID=42346) to work on /home/airflow/.local/lib/python3.12/site-packages/airflow/example_dags/example_external_task_marker_dag.py
[2025-12-17T10:31:20.031+0000] {processor.py:830} INFO - Processing file /home/airflow/.local/lib/python3.12/site-packages/airflow/example_dags/example_external_task_marker_dag.py for tasks to queue
[2025-12-17T10:31:20.031+0000] {logging_mixin.py:188} INFO - [2025-12-17T10:31:20.031+0000] {dagbag.py:545} INFO - Filling up the DagBag from /home/airflow/.local/lib/python3.12/site-packages/airflow/example_dags/example_external_task_marker_dag.py
[2025-12-17T10:31:20.034+0000] {processor.py:840} INFO - DAG(s) 'example_external_task_marker_parent', 'example_external_task_marker_child' retrieved from /home/airflow/.local/lib/python3.12/site-packages/airflow/example_dags/example_external_task_marker_dag.py
[2025-12-17T10:31:20.046+0000] {logging_mixin.py:188} INFO - [2025-12-17T10:31:20.046+0000] {dag.py:3089} INFO - Sync 2 DAGs
[2025-12-17T10:31:20.051+0000] {logging_mixin.py:188} INFO - [2025-12-17T10:31:20.051+0000] {dag.py:3947} INFO - Setting next_dagrun for example_external_task_marker_child to None, run_after=None
[2025-12-17T10:31:20.053+0000] {logging_mixin.py:188} INFO - [2025-12-17T10:31:20.053+0000] {dag.py:3947} INFO - Setting next_dagrun for example_external_task_marker_parent to None, run_after=None
[2025-12-17T10:31:20.061+0000] {processor.py:183} INFO - Processing /home/airflow/.local/lib/python3.12/site-packages/airflow/example_dags/example_external_task_marker_dag.py took 0.034 seconds
[2025-12-17T11:32:04.414+0000] {processor.py:161} INFO - Started process (PID=42405) to work on /home/airflow/.local/lib/python3.12/site-packages/airflow/example_dags/example_external_task_marker_dag.py
[2025-12-17T11:32:04.415+0000] {processor.py:830} INFO - Processing file /home/airflow/.local/lib/python3.12/site-packages/airflow/example_dags/example_external_task_marker_dag.py for tasks to queue
[2025-12-17T11:32:04.415+0000] {logging_mixin.py:188} INFO - [2025-12-17T11:32:04.415+0000] {dagbag.py:545} INFO - Filling up the DagBag from /home/airflow/.local/lib/python3.12/site-packages/airflow/example_dags/example_external_task_marker_dag.py
[2025-12-17T11:32:04.421+0000] {processor.py:840} INFO - DAG(s) 'example_external_task_marker_child', 'example_external_task_marker_parent' retrieved from /home/airflow/.local/lib/python3.12/site-packages/airflow/example_dags/example_external_task_marker_dag.py
[2025-12-17T11:32:04.433+0000] {logging_mixin.py:188} INFO - [2025-12-17T11:32:04.433+0000] {dag.py:3089} INFO - Sync 2 DAGs
[2025-12-17T11:32:04.440+0000] {logging_mixin.py:188} INFO - [2025-12-17T11:32:04.440+0000] {dag.py:3947} INFO - Setting next_dagrun for example_external_task_marker_child to None, run_after=None
[2025-12-17T11:32:04.442+0000] {logging_mixin.py:188} INFO - [2025-12-17T11:32:04.442+0000] {dag.py:3947} INFO - Setting next_dagrun for example_external_task_marker_parent to None, run_after=None
[2025-12-17T11:32:04.452+0000] {processor.py:183} INFO - Processing /home/airflow/.local/lib/python3.12/site-packages/airflow/example_dags/example_external_task_marker_dag.py took 0.042 seconds
[2025-12-17T12:33:34.237+0000] {processor.py:161} INFO - Started process (PID=42464) to work on /home/airflow/.local/lib/python3.12/site-packages/airflow/example_dags/example_external_task_marker_dag.py
[2025-12-17T12:33:34.238+0000] {processor.py:830} INFO - Processing file /home/airflow/.local/lib/python3.12/site-packages/airflow/example_dags/example_external_task_marker_dag.py for tasks to queue
[2025-12-17T12:33:34.238+0000] {logging_mixin.py:188} INFO - [2025-12-17T12:33:34.238+0000] {dagbag.py:545} INFO - Filling up the DagBag from /home/airflow/.local/lib/python3.12/site-packages/airflow/example_dags/example_external_task_marker_dag.py
[2025-12-17T12:33:34.242+0000] {processor.py:840} INFO - DAG(s) 'example_external_task_marker_child', 'example_external_task_marker_parent' retrieved from /home/airflow/.local/lib/python3.12/site-packages/airflow/example_dags/example_external_task_marker_dag.py
[2025-12-17T12:33:34.253+0000] {logging_mixin.py:188} INFO - [2025-12-17T12:33:34.253+0000] {dag.py:3089} INFO - Sync 2 DAGs
[2025-12-17T12:33:34.258+0000] {logging_mixin.py:188} INFO - [2025-12-17T12:33:34.258+0000] {dag.py:3947} INFO - Setting next_dagrun for example_external_task_marker_child to None, run_after=None
[2025-12-17T12:33:34.260+0000] {logging_mixin.py:188} INFO - [2025-12-17T12:33:34.260+0000] {dag.py:3947} INFO - Setting next_dagrun for example_external_task_marker_parent to None, run_after=None
[2025-12-17T12:33:34.266+0000] {processor.py:183} INFO - Processing /home/airflow/.local/lib/python3.12/site-packages/airflow/example_dags/example_external_task_marker_dag.py took 0.032 seconds
[2025-12-17T13:42:09.275+0000] {processor.py:161} INFO - Started process (PID=42523) to work on /home/airflow/.local/lib/python3.12/site-packages/airflow/example_dags/example_external_task_marker_dag.py
[2025-12-17T13:42:09.276+0000] {processor.py:830} INFO - Processing file /home/airflow/.local/lib/python3.12/site-packages/airflow/example_dags/example_external_task_marker_dag.py for tasks to queue
[2025-12-17T13:42:09.277+0000] {logging_mixin.py:188} INFO - [2025-12-17T13:42:09.277+0000] {dagbag.py:545} INFO - Filling up the DagBag from /home/airflow/.local/lib/python3.12/site-packages/airflow/example_dags/example_external_task_marker_dag.py
[2025-12-17T13:42:09.280+0000] {processor.py:840} INFO - DAG(s) 'example_external_task_marker_parent', 'example_external_task_marker_child' retrieved from /home/airflow/.local/lib/python3.12/site-packages/airflow/example_dags/example_external_task_marker_dag.py
[2025-12-17T13:42:09.295+0000] {logging_mixin.py:188} INFO - [2025-12-17T13:42:09.295+0000] {dag.py:3089} INFO - Sync 2 DAGs
[2025-12-17T13:42:09.300+0000] {logging_mixin.py:188} INFO - [2025-12-17T13:42:09.300+0000] {dag.py:3947} INFO - Setting next_dagrun for example_external_task_marker_child to None, run_after=None
[2025-12-17T13:42:09.304+0000] {logging_mixin.py:188} INFO - [2025-12-17T13:42:09.304+0000] {dag.py:3947} INFO - Setting next_dagrun for example_external_task_marker_parent to None, run_after=None
[2025-12-17T13:42:09.313+0000] {processor.py:183} INFO - Processing /home/airflow/.local/lib/python3.12/site-packages/airflow/example_dags/example_external_task_marker_dag.py took 0.040 seconds
[2025-12-17T14:56:27.447+0000] {processor.py:161} INFO - Started process (PID=42582) to work on /home/airflow/.local/lib/python3.12/site-packages/airflow/example_dags/example_external_task_marker_dag.py
[2025-12-17T14:56:27.448+0000] {processor.py:830} INFO - Processing file /home/airflow/.local/lib/python3.12/site-packages/airflow/example_dags/example_external_task_marker_dag.py for tasks to queue
[2025-12-17T14:56:27.448+0000] {logging_mixin.py:188} INFO - [2025-12-17T14:56:27.448+0000] {dagbag.py:545} INFO - Filling up the DagBag from /home/airflow/.local/lib/python3.12/site-packages/airflow/example_dags/example_external_task_marker_dag.py
[2025-12-17T14:56:27.451+0000] {processor.py:840} INFO - DAG(s) 'example_external_task_marker_parent', 'example_external_task_marker_child' retrieved from /home/airflow/.local/lib/python3.12/site-packages/airflow/example_dags/example_external_task_marker_dag.py
[2025-12-17T14:56:27.465+0000] {logging_mixin.py:188} INFO - [2025-12-17T14:56:27.465+0000] {dag.py:3089} INFO - Sync 2 DAGs
[2025-12-17T14:56:27.471+0000] {logging_mixin.py:188} INFO - [2025-12-17T14:56:27.471+0000] {dag.py:3947} INFO - Setting next_dagrun for example_external_task_marker_child to None, run_after=None
[2025-12-17T14:56:27.474+0000] {logging_mixin.py:188} INFO - [2025-12-17T14:56:27.474+0000] {dag.py:3947} INFO - Setting next_dagrun for example_external_task_marker_parent to None, run_after=None
[2025-12-17T14:56:27.484+0000] {processor.py:183} INFO - Processing /home/airflow/.local/lib/python3.12/site-packages/airflow/example_dags/example_external_task_marker_dag.py took 0.040 seconds
[2025-12-17T16:05:45.749+0000] {processor.py:161} INFO - Started process (PID=42641) to work on /home/airflow/.local/lib/python3.12/site-packages/airflow/example_dags/example_external_task_marker_dag.py
[2025-12-17T16:05:45.750+0000] {processor.py:830} INFO - Processing file /home/airflow/.local/lib/python3.12/site-packages/airflow/example_dags/example_external_task_marker_dag.py for tasks to queue
[2025-12-17T16:05:45.751+0000] {logging_mixin.py:188} INFO - [2025-12-17T16:05:45.750+0000] {dagbag.py:545} INFO - Filling up the DagBag from /home/airflow/.local/lib/python3.12/site-packages/airflow/example_dags/example_external_task_marker_dag.py
[2025-12-17T16:05:45.755+0000] {processor.py:840} INFO - DAG(s) 'example_external_task_marker_child', 'example_external_task_marker_parent' retrieved from /home/airflow/.local/lib/python3.12/site-packages/airflow/example_dags/example_external_task_marker_dag.py
[2025-12-17T16:05:45.776+0000] {logging_mixin.py:188} INFO - [2025-12-17T16:05:45.775+0000] {dag.py:3089} INFO - Sync 2 DAGs
[2025-12-17T16:05:45.786+0000] {logging_mixin.py:188} INFO - [2025-12-17T16:05:45.786+0000] {dag.py:3947} INFO - Setting next_dagrun for example_external_task_marker_child to None, run_after=None
[2025-12-17T16:05:45.788+0000] {logging_mixin.py:188} INFO - [2025-12-17T16:05:45.788+0000] {dag.py:3947} INFO - Setting next_dagrun for example_external_task_marker_parent to None, run_after=None
[2025-12-17T16:05:45.799+0000] {processor.py:183} INFO - Processing /home/airflow/.local/lib/python3.12/site-packages/airflow/example_dags/example_external_task_marker_dag.py took 0.053 seconds
[2025-12-17T17:20:37.404+0000] {processor.py:161} INFO - Started process (PID=42700) to work on /home/airflow/.local/lib/python3.12/site-packages/airflow/example_dags/example_external_task_marker_dag.py
[2025-12-17T17:20:37.406+0000] {processor.py:830} INFO - Processing file /home/airflow/.local/lib/python3.12/site-packages/airflow/example_dags/example_external_task_marker_dag.py for tasks to queue
[2025-12-17T17:20:37.406+0000] {logging_mixin.py:188} INFO - [2025-12-17T17:20:37.406+0000] {dagbag.py:545} INFO - Filling up the DagBag from /home/airflow/.local/lib/python3.12/site-packages/airflow/example_dags/example_external_task_marker_dag.py
[2025-12-17T17:20:37.410+0000] {processor.py:840} INFO - DAG(s) 'example_external_task_marker_parent', 'example_external_task_marker_child' retrieved from /home/airflow/.local/lib/python3.12/site-packages/airflow/example_dags/example_external_task_marker_dag.py
[2025-12-17T17:20:37.423+0000] {logging_mixin.py:188} INFO - [2025-12-17T17:20:37.423+0000] {dag.py:3089} INFO - Sync 2 DAGs
[2025-12-17T17:20:37.429+0000] {logging_mixin.py:188} INFO - [2025-12-17T17:20:37.429+0000] {dag.py:3947} INFO - Setting next_dagrun for example_external_task_marker_child to None, run_after=None
[2025-12-17T17:20:37.430+0000] {logging_mixin.py:188} INFO - [2025-12-17T17:20:37.430+0000] {dag.py:3947} INFO - Setting next_dagrun for example_external_task_marker_parent to None, run_after=None
[2025-12-17T17:20:37.436+0000] {processor.py:183} INFO - Processing /home/airflow/.local/lib/python3.12/site-packages/airflow/example_dags/example_external_task_marker_dag.py took 0.036 seconds
[2025-12-17T18:07:06.718+0000] {processor.py:161} INFO - Started process (PID=42759) to work on /home/airflow/.local/lib/python3.12/site-packages/airflow/example_dags/example_external_task_marker_dag.py
[2025-12-17T18:07:06.721+0000] {processor.py:830} INFO - Processing file /home/airflow/.local/lib/python3.12/site-packages/airflow/example_dags/example_external_task_marker_dag.py for tasks to queue
[2025-12-17T18:07:06.721+0000] {logging_mixin.py:188} INFO - [2025-12-17T18:07:06.721+0000] {dagbag.py:545} INFO - Filling up the DagBag from /home/airflow/.local/lib/python3.12/site-packages/airflow/example_dags/example_external_task_marker_dag.py
[2025-12-17T18:07:06.725+0000] {processor.py:840} INFO - DAG(s) 'example_external_task_marker_parent', 'example_external_task_marker_child' retrieved from /home/airflow/.local/lib/python3.12/site-packages/airflow/example_dags/example_external_task_marker_dag.py
[2025-12-17T18:07:06.742+0000] {logging_mixin.py:188} INFO - [2025-12-17T18:07:06.742+0000] {dag.py:3089} INFO - Sync 2 DAGs
[2025-12-17T18:07:06.748+0000] {logging_mixin.py:188} INFO - [2025-12-17T18:07:06.748+0000] {dag.py:3947} INFO - Setting next_dagrun for example_external_task_marker_child to None, run_after=None
[2025-12-17T18:07:06.752+0000] {logging_mixin.py:188} INFO - [2025-12-17T18:07:06.752+0000] {dag.py:3947} INFO - Setting next_dagrun for example_external_task_marker_parent to None, run_after=None
[2025-12-17T18:07:06.762+0000] {processor.py:183} INFO - Processing /home/airflow/.local/lib/python3.12/site-packages/airflow/example_dags/example_external_task_marker_dag.py took 0.046 seconds
[2025-12-17T18:26:57.305+0000] {processor.py:161} INFO - Started process (PID=42818) to work on /home/airflow/.local/lib/python3.12/site-packages/airflow/example_dags/example_external_task_marker_dag.py
[2025-12-17T18:26:57.306+0000] {processor.py:830} INFO - Processing file /home/airflow/.local/lib/python3.12/site-packages/airflow/example_dags/example_external_task_marker_dag.py for tasks to queue
[2025-12-17T18:26:57.306+0000] {logging_mixin.py:188} INFO - [2025-12-17T18:26:57.306+0000] {dagbag.py:545} INFO - Filling up the DagBag from /home/airflow/.local/lib/python3.12/site-packages/airflow/example_dags/example_external_task_marker_dag.py
[2025-12-17T18:26:57.311+0000] {processor.py:840} INFO - DAG(s) 'example_external_task_marker_parent', 'example_external_task_marker_child' retrieved from /home/airflow/.local/lib/python3.12/site-packages/airflow/example_dags/example_external_task_marker_dag.py
[2025-12-17T18:26:57.323+0000] {logging_mixin.py:188} INFO - [2025-12-17T18:26:57.323+0000] {dag.py:3089} INFO - Sync 2 DAGs
[2025-12-17T18:26:57.330+0000] {logging_mixin.py:188} INFO - [2025-12-17T18:26:57.329+0000] {dag.py:3947} INFO - Setting next_dagrun for example_external_task_marker_child to None, run_after=None
[2025-12-17T18:26:57.332+0000] {logging_mixin.py:188} INFO - [2025-12-17T18:26:57.332+0000] {dag.py:3947} INFO - Setting next_dagrun for example_external_task_marker_parent to None, run_after=None
[2025-12-17T18:26:57.345+0000] {processor.py:183} INFO - Processing /home/airflow/.local/lib/python3.12/site-packages/airflow/example_dags/example_external_task_marker_dag.py took 0.043 seconds
[2025-12-17T19:41:41.835+0000] {processor.py:161} INFO - Started process (PID=42877) to work on /home/airflow/.local/lib/python3.12/site-packages/airflow/example_dags/example_external_task_marker_dag.py
[2025-12-17T19:41:41.836+0000] {processor.py:830} INFO - Processing file /home/airflow/.local/lib/python3.12/site-packages/airflow/example_dags/example_external_task_marker_dag.py for tasks to queue
[2025-12-17T19:41:41.837+0000] {logging_mixin.py:188} INFO - [2025-12-17T19:41:41.836+0000] {dagbag.py:545} INFO - Filling up the DagBag from /home/airflow/.local/lib/python3.12/site-packages/airflow/example_dags/example_external_task_marker_dag.py
[2025-12-17T19:41:41.842+0000] {processor.py:840} INFO - DAG(s) 'example_external_task_marker_parent', 'example_external_task_marker_child' retrieved from /home/airflow/.local/lib/python3.12/site-packages/airflow/example_dags/example_external_task_marker_dag.py
[2025-12-17T19:41:41.859+0000] {logging_mixin.py:188} INFO - [2025-12-17T19:41:41.859+0000] {dag.py:3089} INFO - Sync 2 DAGs
[2025-12-17T19:41:41.869+0000] {logging_mixin.py:188} INFO - [2025-12-17T19:41:41.868+0000] {dag.py:3947} INFO - Setting next_dagrun for example_external_task_marker_child to None, run_after=None
[2025-12-17T19:41:41.871+0000] {logging_mixin.py:188} INFO - [2025-12-17T19:41:41.871+0000] {dag.py:3947} INFO - Setting next_dagrun for example_external_task_marker_parent to None, run_after=None
[2025-12-17T19:41:41.881+0000] {processor.py:183} INFO - Processing /home/airflow/.local/lib/python3.12/site-packages/airflow/example_dags/example_external_task_marker_dag.py took 0.050 seconds
[2025-12-17T21:17:13.891+0000] {processor.py:161} INFO - Started process (PID=42936) to work on /home/airflow/.local/lib/python3.12/site-packages/airflow/example_dags/example_external_task_marker_dag.py
[2025-12-17T21:17:13.892+0000] {processor.py:830} INFO - Processing file /home/airflow/.local/lib/python3.12/site-packages/airflow/example_dags/example_external_task_marker_dag.py for tasks to queue
[2025-12-17T21:17:13.893+0000] {logging_mixin.py:188} INFO - [2025-12-17T21:17:13.893+0000] {dagbag.py:545} INFO - Filling up the DagBag from /home/airflow/.local/lib/python3.12/site-packages/airflow/example_dags/example_external_task_marker_dag.py
[2025-12-17T21:17:13.896+0000] {processor.py:840} INFO - DAG(s) 'example_external_task_marker_parent', 'example_external_task_marker_child' retrieved from /home/airflow/.local/lib/python3.12/site-packages/airflow/example_dags/example_external_task_marker_dag.py
[2025-12-17T21:17:13.908+0000] {logging_mixin.py:188} INFO - [2025-12-17T21:17:13.908+0000] {dag.py:3089} INFO - Sync 2 DAGs
[2025-12-17T21:17:13.915+0000] {logging_mixin.py:188} INFO - [2025-12-17T21:17:13.915+0000] {dag.py:3947} INFO - Setting next_dagrun for example_external_task_marker_child to None, run_after=None
[2025-12-17T21:17:13.917+0000] {logging_mixin.py:188} INFO - [2025-12-17T21:17:13.916+0000] {dag.py:3947} INFO - Setting next_dagrun for example_external_task_marker_parent to None, run_after=None
[2025-12-17T21:17:13.924+0000] {processor.py:183} INFO - Processing /home/airflow/.local/lib/python3.12/site-packages/airflow/example_dags/example_external_task_marker_dag.py took 0.042 seconds
[2025-12-17T22:30:36.865+0000] {processor.py:161} INFO - Started process (PID=42995) to work on /home/airflow/.local/lib/python3.12/site-packages/airflow/example_dags/example_external_task_marker_dag.py
[2025-12-17T22:30:36.866+0000] {processor.py:830} INFO - Processing file /home/airflow/.local/lib/python3.12/site-packages/airflow/example_dags/example_external_task_marker_dag.py for tasks to queue
[2025-12-17T22:30:36.866+0000] {logging_mixin.py:188} INFO - [2025-12-17T22:30:36.866+0000] {dagbag.py:545} INFO - Filling up the DagBag from /home/airflow/.local/lib/python3.12/site-packages/airflow/example_dags/example_external_task_marker_dag.py
[2025-12-17T22:30:36.869+0000] {processor.py:840} INFO - DAG(s) 'example_external_task_marker_parent', 'example_external_task_marker_child' retrieved from /home/airflow/.local/lib/python3.12/site-packages/airflow/example_dags/example_external_task_marker_dag.py
[2025-12-17T22:30:36.881+0000] {logging_mixin.py:188} INFO - [2025-12-17T22:30:36.881+0000] {dag.py:3089} INFO - Sync 2 DAGs
[2025-12-17T22:30:36.888+0000] {logging_mixin.py:188} INFO - [2025-12-17T22:30:36.888+0000] {dag.py:3947} INFO - Setting next_dagrun for example_external_task_marker_child to None, run_after=None
[2025-12-17T22:30:36.890+0000] {logging_mixin.py:188} INFO - [2025-12-17T22:30:36.890+0000] {dag.py:3947} INFO - Setting next_dagrun for example_external_task_marker_parent to None, run_after=None
[2025-12-17T22:30:36.901+0000] {processor.py:183} INFO - Processing /home/airflow/.local/lib/python3.12/site-packages/airflow/example_dags/example_external_task_marker_dag.py took 0.042 seconds
