[2025-12-17T00:49:44.497+0000] {processor.py:161} INFO - Started process (PID=41716) to work on /home/airflow/.local/lib/python3.12/site-packages/airflow/example_dags/tutorial_objectstorage.py
[2025-12-17T00:49:44.498+0000] {processor.py:830} INFO - Processing file /home/airflow/.local/lib/python3.12/site-packages/airflow/example_dags/tutorial_objectstorage.py for tasks to queue
[2025-12-17T00:49:44.499+0000] {logging_mixin.py:188} INFO - [2025-12-17T00:49:44.498+0000] {dagbag.py:545} INFO - Filling up the DagBag from /home/airflow/.local/lib/python3.12/site-packages/airflow/example_dags/tutorial_objectstorage.py
[2025-12-17T00:49:44.503+0000] {processor.py:840} INFO - DAG(s) 'tutorial_objectstorage' retrieved from /home/airflow/.local/lib/python3.12/site-packages/airflow/example_dags/tutorial_objectstorage.py
[2025-12-17T00:49:44.511+0000] {logging_mixin.py:188} INFO - [2025-12-17T00:49:44.511+0000] {dag.py:3089} INFO - Sync 1 DAGs
[2025-12-17T00:49:44.515+0000] {logging_mixin.py:188} INFO - [2025-12-17T00:49:44.515+0000] {dag.py:3947} INFO - Setting next_dagrun for tutorial_objectstorage to None, run_after=None
[2025-12-17T00:49:44.524+0000] {processor.py:183} INFO - Processing /home/airflow/.local/lib/python3.12/site-packages/airflow/example_dags/tutorial_objectstorage.py took 0.031 seconds
[2025-12-17T01:13:20.091+0000] {processor.py:161} INFO - Started process (PID=41775) to work on /home/airflow/.local/lib/python3.12/site-packages/airflow/example_dags/tutorial_objectstorage.py
[2025-12-17T01:13:20.092+0000] {processor.py:830} INFO - Processing file /home/airflow/.local/lib/python3.12/site-packages/airflow/example_dags/tutorial_objectstorage.py for tasks to queue
[2025-12-17T01:13:20.092+0000] {logging_mixin.py:188} INFO - [2025-12-17T01:13:20.092+0000] {dagbag.py:545} INFO - Filling up the DagBag from /home/airflow/.local/lib/python3.12/site-packages/airflow/example_dags/tutorial_objectstorage.py
[2025-12-17T01:13:20.096+0000] {processor.py:840} INFO - DAG(s) 'tutorial_objectstorage' retrieved from /home/airflow/.local/lib/python3.12/site-packages/airflow/example_dags/tutorial_objectstorage.py
[2025-12-17T01:13:20.104+0000] {logging_mixin.py:188} INFO - [2025-12-17T01:13:20.104+0000] {dag.py:3089} INFO - Sync 1 DAGs
[2025-12-17T01:13:20.110+0000] {logging_mixin.py:188} INFO - [2025-12-17T01:13:20.110+0000] {dag.py:3947} INFO - Setting next_dagrun for tutorial_objectstorage to None, run_after=None
[2025-12-17T01:13:20.120+0000] {processor.py:183} INFO - Processing /home/airflow/.local/lib/python3.12/site-packages/airflow/example_dags/tutorial_objectstorage.py took 0.032 seconds
[2025-12-17T02:08:58.849+0000] {processor.py:161} INFO - Started process (PID=41834) to work on /home/airflow/.local/lib/python3.12/site-packages/airflow/example_dags/tutorial_objectstorage.py
[2025-12-17T02:08:58.849+0000] {processor.py:830} INFO - Processing file /home/airflow/.local/lib/python3.12/site-packages/airflow/example_dags/tutorial_objectstorage.py for tasks to queue
[2025-12-17T02:08:58.850+0000] {logging_mixin.py:188} INFO - [2025-12-17T02:08:58.850+0000] {dagbag.py:545} INFO - Filling up the DagBag from /home/airflow/.local/lib/python3.12/site-packages/airflow/example_dags/tutorial_objectstorage.py
[2025-12-17T02:08:58.854+0000] {processor.py:840} INFO - DAG(s) 'tutorial_objectstorage' retrieved from /home/airflow/.local/lib/python3.12/site-packages/airflow/example_dags/tutorial_objectstorage.py
[2025-12-17T02:08:58.865+0000] {logging_mixin.py:188} INFO - [2025-12-17T02:08:58.865+0000] {dag.py:3089} INFO - Sync 1 DAGs
[2025-12-17T02:08:58.871+0000] {logging_mixin.py:188} INFO - [2025-12-17T02:08:58.871+0000] {dag.py:3947} INFO - Setting next_dagrun for tutorial_objectstorage to None, run_after=None
[2025-12-17T02:08:58.879+0000] {processor.py:183} INFO - Processing /home/airflow/.local/lib/python3.12/site-packages/airflow/example_dags/tutorial_objectstorage.py took 0.034 seconds
[2025-12-17T02:38:02.726+0000] {processor.py:161} INFO - Started process (PID=41893) to work on /home/airflow/.local/lib/python3.12/site-packages/airflow/example_dags/tutorial_objectstorage.py
[2025-12-17T02:38:02.727+0000] {processor.py:830} INFO - Processing file /home/airflow/.local/lib/python3.12/site-packages/airflow/example_dags/tutorial_objectstorage.py for tasks to queue
[2025-12-17T02:38:02.727+0000] {logging_mixin.py:188} INFO - [2025-12-17T02:38:02.727+0000] {dagbag.py:545} INFO - Filling up the DagBag from /home/airflow/.local/lib/python3.12/site-packages/airflow/example_dags/tutorial_objectstorage.py
[2025-12-17T02:38:02.732+0000] {processor.py:840} INFO - DAG(s) 'tutorial_objectstorage' retrieved from /home/airflow/.local/lib/python3.12/site-packages/airflow/example_dags/tutorial_objectstorage.py
[2025-12-17T02:38:02.747+0000] {logging_mixin.py:188} INFO - [2025-12-17T02:38:02.747+0000] {dag.py:3089} INFO - Sync 1 DAGs
[2025-12-17T02:38:02.840+0000] {logging_mixin.py:188} INFO - [2025-12-17T02:38:02.840+0000] {dag.py:3947} INFO - Setting next_dagrun for tutorial_objectstorage to None, run_after=None
[2025-12-17T02:38:02.847+0000] {processor.py:183} INFO - Processing /home/airflow/.local/lib/python3.12/site-packages/airflow/example_dags/tutorial_objectstorage.py took 0.124 seconds
[2025-12-17T03:29:15.687+0000] {processor.py:161} INFO - Started process (PID=41952) to work on /home/airflow/.local/lib/python3.12/site-packages/airflow/example_dags/tutorial_objectstorage.py
[2025-12-17T03:29:15.687+0000] {processor.py:830} INFO - Processing file /home/airflow/.local/lib/python3.12/site-packages/airflow/example_dags/tutorial_objectstorage.py for tasks to queue
[2025-12-17T03:29:15.688+0000] {logging_mixin.py:188} INFO - [2025-12-17T03:29:15.688+0000] {dagbag.py:545} INFO - Filling up the DagBag from /home/airflow/.local/lib/python3.12/site-packages/airflow/example_dags/tutorial_objectstorage.py
[2025-12-17T03:29:15.691+0000] {processor.py:840} INFO - DAG(s) 'tutorial_objectstorage' retrieved from /home/airflow/.local/lib/python3.12/site-packages/airflow/example_dags/tutorial_objectstorage.py
[2025-12-17T03:29:15.699+0000] {logging_mixin.py:188} INFO - [2025-12-17T03:29:15.699+0000] {dag.py:3089} INFO - Sync 1 DAGs
[2025-12-17T03:29:15.704+0000] {logging_mixin.py:188} INFO - [2025-12-17T03:29:15.704+0000] {dag.py:3947} INFO - Setting next_dagrun for tutorial_objectstorage to None, run_after=None
[2025-12-17T03:29:15.780+0000] {processor.py:183} INFO - Processing /home/airflow/.local/lib/python3.12/site-packages/airflow/example_dags/tutorial_objectstorage.py took 0.097 seconds
[2025-12-17T03:53:43.074+0000] {processor.py:161} INFO - Started process (PID=42011) to work on /home/airflow/.local/lib/python3.12/site-packages/airflow/example_dags/tutorial_objectstorage.py
[2025-12-17T03:53:43.075+0000] {processor.py:830} INFO - Processing file /home/airflow/.local/lib/python3.12/site-packages/airflow/example_dags/tutorial_objectstorage.py for tasks to queue
[2025-12-17T03:53:43.075+0000] {logging_mixin.py:188} INFO - [2025-12-17T03:53:43.075+0000] {dagbag.py:545} INFO - Filling up the DagBag from /home/airflow/.local/lib/python3.12/site-packages/airflow/example_dags/tutorial_objectstorage.py
[2025-12-17T03:53:43.079+0000] {processor.py:840} INFO - DAG(s) 'tutorial_objectstorage' retrieved from /home/airflow/.local/lib/python3.12/site-packages/airflow/example_dags/tutorial_objectstorage.py
[2025-12-17T03:53:43.090+0000] {logging_mixin.py:188} INFO - [2025-12-17T03:53:43.090+0000] {dag.py:3089} INFO - Sync 1 DAGs
[2025-12-17T03:53:43.099+0000] {logging_mixin.py:188} INFO - [2025-12-17T03:53:43.099+0000] {dag.py:3947} INFO - Setting next_dagrun for tutorial_objectstorage to None, run_after=None
[2025-12-17T03:53:43.113+0000] {processor.py:183} INFO - Processing /home/airflow/.local/lib/python3.12/site-packages/airflow/example_dags/tutorial_objectstorage.py took 0.042 seconds
[2025-12-17T04:54:45.816+0000] {processor.py:161} INFO - Started process (PID=42070) to work on /home/airflow/.local/lib/python3.12/site-packages/airflow/example_dags/tutorial_objectstorage.py
[2025-12-17T04:54:45.817+0000] {processor.py:830} INFO - Processing file /home/airflow/.local/lib/python3.12/site-packages/airflow/example_dags/tutorial_objectstorage.py for tasks to queue
[2025-12-17T04:54:45.817+0000] {logging_mixin.py:188} INFO - [2025-12-17T04:54:45.817+0000] {dagbag.py:545} INFO - Filling up the DagBag from /home/airflow/.local/lib/python3.12/site-packages/airflow/example_dags/tutorial_objectstorage.py
[2025-12-17T04:54:45.822+0000] {processor.py:840} INFO - DAG(s) 'tutorial_objectstorage' retrieved from /home/airflow/.local/lib/python3.12/site-packages/airflow/example_dags/tutorial_objectstorage.py
[2025-12-17T04:54:45.832+0000] {logging_mixin.py:188} INFO - [2025-12-17T04:54:45.832+0000] {dag.py:3089} INFO - Sync 1 DAGs
[2025-12-17T04:54:45.841+0000] {logging_mixin.py:188} INFO - [2025-12-17T04:54:45.841+0000] {dag.py:3947} INFO - Setting next_dagrun for tutorial_objectstorage to None, run_after=None
[2025-12-17T04:54:45.853+0000] {processor.py:183} INFO - Processing /home/airflow/.local/lib/python3.12/site-packages/airflow/example_dags/tutorial_objectstorage.py took 0.039 seconds
[2025-12-17T06:11:25.415+0000] {processor.py:161} INFO - Started process (PID=42129) to work on /home/airflow/.local/lib/python3.12/site-packages/airflow/example_dags/tutorial_objectstorage.py
[2025-12-17T06:11:25.416+0000] {processor.py:830} INFO - Processing file /home/airflow/.local/lib/python3.12/site-packages/airflow/example_dags/tutorial_objectstorage.py for tasks to queue
[2025-12-17T06:11:25.416+0000] {logging_mixin.py:188} INFO - [2025-12-17T06:11:25.416+0000] {dagbag.py:545} INFO - Filling up the DagBag from /home/airflow/.local/lib/python3.12/site-packages/airflow/example_dags/tutorial_objectstorage.py
[2025-12-17T06:11:25.421+0000] {processor.py:840} INFO - DAG(s) 'tutorial_objectstorage' retrieved from /home/airflow/.local/lib/python3.12/site-packages/airflow/example_dags/tutorial_objectstorage.py
[2025-12-17T06:11:25.433+0000] {logging_mixin.py:188} INFO - [2025-12-17T06:11:25.433+0000] {dag.py:3089} INFO - Sync 1 DAGs
[2025-12-17T06:11:25.442+0000] {logging_mixin.py:188} INFO - [2025-12-17T06:11:25.442+0000] {dag.py:3947} INFO - Setting next_dagrun for tutorial_objectstorage to None, run_after=None
[2025-12-17T06:11:25.454+0000] {processor.py:183} INFO - Processing /home/airflow/.local/lib/python3.12/site-packages/airflow/example_dags/tutorial_objectstorage.py took 0.045 seconds
[2025-12-17T07:48:05.436+0000] {processor.py:161} INFO - Started process (PID=42188) to work on /home/airflow/.local/lib/python3.12/site-packages/airflow/example_dags/tutorial_objectstorage.py
[2025-12-17T07:48:05.436+0000] {processor.py:830} INFO - Processing file /home/airflow/.local/lib/python3.12/site-packages/airflow/example_dags/tutorial_objectstorage.py for tasks to queue
[2025-12-17T07:48:05.437+0000] {logging_mixin.py:188} INFO - [2025-12-17T07:48:05.436+0000] {dagbag.py:545} INFO - Filling up the DagBag from /home/airflow/.local/lib/python3.12/site-packages/airflow/example_dags/tutorial_objectstorage.py
[2025-12-17T07:48:05.443+0000] {processor.py:840} INFO - DAG(s) 'tutorial_objectstorage' retrieved from /home/airflow/.local/lib/python3.12/site-packages/airflow/example_dags/tutorial_objectstorage.py
[2025-12-17T07:48:05.456+0000] {logging_mixin.py:188} INFO - [2025-12-17T07:48:05.455+0000] {dag.py:3089} INFO - Sync 1 DAGs
[2025-12-17T07:48:05.462+0000] {logging_mixin.py:188} INFO - [2025-12-17T07:48:05.462+0000] {dag.py:3947} INFO - Setting next_dagrun for tutorial_objectstorage to None, run_after=None
[2025-12-17T07:48:05.473+0000] {processor.py:183} INFO - Processing /home/airflow/.local/lib/python3.12/site-packages/airflow/example_dags/tutorial_objectstorage.py took 0.041 seconds
[2025-12-17T08:58:45.514+0000] {processor.py:161} INFO - Started process (PID=42247) to work on /home/airflow/.local/lib/python3.12/site-packages/airflow/example_dags/tutorial_objectstorage.py
[2025-12-17T08:58:45.516+0000] {processor.py:830} INFO - Processing file /home/airflow/.local/lib/python3.12/site-packages/airflow/example_dags/tutorial_objectstorage.py for tasks to queue
[2025-12-17T08:58:45.517+0000] {logging_mixin.py:188} INFO - [2025-12-17T08:58:45.517+0000] {dagbag.py:545} INFO - Filling up the DagBag from /home/airflow/.local/lib/python3.12/site-packages/airflow/example_dags/tutorial_objectstorage.py
[2025-12-17T08:58:45.521+0000] {processor.py:840} INFO - DAG(s) 'tutorial_objectstorage' retrieved from /home/airflow/.local/lib/python3.12/site-packages/airflow/example_dags/tutorial_objectstorage.py
[2025-12-17T08:58:45.534+0000] {logging_mixin.py:188} INFO - [2025-12-17T08:58:45.534+0000] {dag.py:3089} INFO - Sync 1 DAGs
[2025-12-17T08:58:45.539+0000] {logging_mixin.py:188} INFO - [2025-12-17T08:58:45.539+0000] {dag.py:3947} INFO - Setting next_dagrun for tutorial_objectstorage to None, run_after=None
[2025-12-17T08:58:45.549+0000] {processor.py:183} INFO - Processing /home/airflow/.local/lib/python3.12/site-packages/airflow/example_dags/tutorial_objectstorage.py took 0.038 seconds
[2025-12-17T09:21:00.243+0000] {processor.py:161} INFO - Started process (PID=42306) to work on /home/airflow/.local/lib/python3.12/site-packages/airflow/example_dags/tutorial_objectstorage.py
[2025-12-17T09:21:00.245+0000] {processor.py:830} INFO - Processing file /home/airflow/.local/lib/python3.12/site-packages/airflow/example_dags/tutorial_objectstorage.py for tasks to queue
[2025-12-17T09:21:00.245+0000] {logging_mixin.py:188} INFO - [2025-12-17T09:21:00.245+0000] {dagbag.py:545} INFO - Filling up the DagBag from /home/airflow/.local/lib/python3.12/site-packages/airflow/example_dags/tutorial_objectstorage.py
[2025-12-17T09:21:00.249+0000] {processor.py:840} INFO - DAG(s) 'tutorial_objectstorage' retrieved from /home/airflow/.local/lib/python3.12/site-packages/airflow/example_dags/tutorial_objectstorage.py
[2025-12-17T09:21:00.262+0000] {logging_mixin.py:188} INFO - [2025-12-17T09:21:00.262+0000] {dag.py:3089} INFO - Sync 1 DAGs
[2025-12-17T09:21:00.267+0000] {logging_mixin.py:188} INFO - [2025-12-17T09:21:00.267+0000] {dag.py:3947} INFO - Setting next_dagrun for tutorial_objectstorage to None, run_after=None
[2025-12-17T09:21:00.276+0000] {processor.py:183} INFO - Processing /home/airflow/.local/lib/python3.12/site-packages/airflow/example_dags/tutorial_objectstorage.py took 0.036 seconds
[2025-12-17T10:31:20.517+0000] {processor.py:161} INFO - Started process (PID=42365) to work on /home/airflow/.local/lib/python3.12/site-packages/airflow/example_dags/tutorial_objectstorage.py
[2025-12-17T10:31:20.518+0000] {processor.py:830} INFO - Processing file /home/airflow/.local/lib/python3.12/site-packages/airflow/example_dags/tutorial_objectstorage.py for tasks to queue
[2025-12-17T10:31:20.518+0000] {logging_mixin.py:188} INFO - [2025-12-17T10:31:20.518+0000] {dagbag.py:545} INFO - Filling up the DagBag from /home/airflow/.local/lib/python3.12/site-packages/airflow/example_dags/tutorial_objectstorage.py
[2025-12-17T10:31:20.522+0000] {processor.py:840} INFO - DAG(s) 'tutorial_objectstorage' retrieved from /home/airflow/.local/lib/python3.12/site-packages/airflow/example_dags/tutorial_objectstorage.py
[2025-12-17T10:31:20.530+0000] {logging_mixin.py:188} INFO - [2025-12-17T10:31:20.530+0000] {dag.py:3089} INFO - Sync 1 DAGs
[2025-12-17T10:31:20.535+0000] {logging_mixin.py:188} INFO - [2025-12-17T10:31:20.535+0000] {dag.py:3947} INFO - Setting next_dagrun for tutorial_objectstorage to None, run_after=None
[2025-12-17T10:31:20.546+0000] {processor.py:183} INFO - Processing /home/airflow/.local/lib/python3.12/site-packages/airflow/example_dags/tutorial_objectstorage.py took 0.031 seconds
[2025-12-17T11:32:05.051+0000] {processor.py:161} INFO - Started process (PID=42424) to work on /home/airflow/.local/lib/python3.12/site-packages/airflow/example_dags/tutorial_objectstorage.py
[2025-12-17T11:32:05.053+0000] {processor.py:830} INFO - Processing file /home/airflow/.local/lib/python3.12/site-packages/airflow/example_dags/tutorial_objectstorage.py for tasks to queue
[2025-12-17T11:32:05.055+0000] {logging_mixin.py:188} INFO - [2025-12-17T11:32:05.055+0000] {dagbag.py:545} INFO - Filling up the DagBag from /home/airflow/.local/lib/python3.12/site-packages/airflow/example_dags/tutorial_objectstorage.py
[2025-12-17T11:32:05.060+0000] {processor.py:840} INFO - DAG(s) 'tutorial_objectstorage' retrieved from /home/airflow/.local/lib/python3.12/site-packages/airflow/example_dags/tutorial_objectstorage.py
[2025-12-17T11:32:05.070+0000] {logging_mixin.py:188} INFO - [2025-12-17T11:32:05.070+0000] {dag.py:3089} INFO - Sync 1 DAGs
[2025-12-17T11:32:05.077+0000] {logging_mixin.py:188} INFO - [2025-12-17T11:32:05.077+0000] {dag.py:3947} INFO - Setting next_dagrun for tutorial_objectstorage to None, run_after=None
[2025-12-17T11:32:05.090+0000] {processor.py:183} INFO - Processing /home/airflow/.local/lib/python3.12/site-packages/airflow/example_dags/tutorial_objectstorage.py took 0.042 seconds
[2025-12-17T12:33:34.818+0000] {processor.py:161} INFO - Started process (PID=42483) to work on /home/airflow/.local/lib/python3.12/site-packages/airflow/example_dags/tutorial_objectstorage.py
[2025-12-17T12:33:34.821+0000] {processor.py:830} INFO - Processing file /home/airflow/.local/lib/python3.12/site-packages/airflow/example_dags/tutorial_objectstorage.py for tasks to queue
[2025-12-17T12:33:34.822+0000] {logging_mixin.py:188} INFO - [2025-12-17T12:33:34.822+0000] {dagbag.py:545} INFO - Filling up the DagBag from /home/airflow/.local/lib/python3.12/site-packages/airflow/example_dags/tutorial_objectstorage.py
[2025-12-17T12:33:34.827+0000] {processor.py:840} INFO - DAG(s) 'tutorial_objectstorage' retrieved from /home/airflow/.local/lib/python3.12/site-packages/airflow/example_dags/tutorial_objectstorage.py
[2025-12-17T12:33:34.838+0000] {logging_mixin.py:188} INFO - [2025-12-17T12:33:34.838+0000] {dag.py:3089} INFO - Sync 1 DAGs
[2025-12-17T12:33:34.843+0000] {logging_mixin.py:188} INFO - [2025-12-17T12:33:34.843+0000] {dag.py:3947} INFO - Setting next_dagrun for tutorial_objectstorage to None, run_after=None
[2025-12-17T12:33:34.851+0000] {processor.py:183} INFO - Processing /home/airflow/.local/lib/python3.12/site-packages/airflow/example_dags/tutorial_objectstorage.py took 0.037 seconds
[2025-12-17T13:42:09.750+0000] {processor.py:161} INFO - Started process (PID=42542) to work on /home/airflow/.local/lib/python3.12/site-packages/airflow/example_dags/tutorial_objectstorage.py
[2025-12-17T13:42:09.751+0000] {processor.py:830} INFO - Processing file /home/airflow/.local/lib/python3.12/site-packages/airflow/example_dags/tutorial_objectstorage.py for tasks to queue
[2025-12-17T13:42:09.752+0000] {logging_mixin.py:188} INFO - [2025-12-17T13:42:09.752+0000] {dagbag.py:545} INFO - Filling up the DagBag from /home/airflow/.local/lib/python3.12/site-packages/airflow/example_dags/tutorial_objectstorage.py
[2025-12-17T13:42:09.755+0000] {processor.py:840} INFO - DAG(s) 'tutorial_objectstorage' retrieved from /home/airflow/.local/lib/python3.12/site-packages/airflow/example_dags/tutorial_objectstorage.py
[2025-12-17T13:42:09.763+0000] {logging_mixin.py:188} INFO - [2025-12-17T13:42:09.763+0000] {dag.py:3089} INFO - Sync 1 DAGs
[2025-12-17T13:42:09.768+0000] {logging_mixin.py:188} INFO - [2025-12-17T13:42:09.768+0000] {dag.py:3947} INFO - Setting next_dagrun for tutorial_objectstorage to None, run_after=None
[2025-12-17T13:42:09.778+0000] {processor.py:183} INFO - Processing /home/airflow/.local/lib/python3.12/site-packages/airflow/example_dags/tutorial_objectstorage.py took 0.031 seconds
[2025-12-17T14:56:27.960+0000] {processor.py:161} INFO - Started process (PID=42601) to work on /home/airflow/.local/lib/python3.12/site-packages/airflow/example_dags/tutorial_objectstorage.py
[2025-12-17T14:56:27.961+0000] {processor.py:830} INFO - Processing file /home/airflow/.local/lib/python3.12/site-packages/airflow/example_dags/tutorial_objectstorage.py for tasks to queue
[2025-12-17T14:56:27.961+0000] {logging_mixin.py:188} INFO - [2025-12-17T14:56:27.961+0000] {dagbag.py:545} INFO - Filling up the DagBag from /home/airflow/.local/lib/python3.12/site-packages/airflow/example_dags/tutorial_objectstorage.py
[2025-12-17T14:56:27.965+0000] {processor.py:840} INFO - DAG(s) 'tutorial_objectstorage' retrieved from /home/airflow/.local/lib/python3.12/site-packages/airflow/example_dags/tutorial_objectstorage.py
[2025-12-17T14:56:27.974+0000] {logging_mixin.py:188} INFO - [2025-12-17T14:56:27.973+0000] {dag.py:3089} INFO - Sync 1 DAGs
[2025-12-17T14:56:27.979+0000] {logging_mixin.py:188} INFO - [2025-12-17T14:56:27.979+0000] {dag.py:3947} INFO - Setting next_dagrun for tutorial_objectstorage to None, run_after=None
[2025-12-17T14:56:27.985+0000] {processor.py:183} INFO - Processing /home/airflow/.local/lib/python3.12/site-packages/airflow/example_dags/tutorial_objectstorage.py took 0.028 seconds
[2025-12-17T16:05:46.417+0000] {processor.py:161} INFO - Started process (PID=42660) to work on /home/airflow/.local/lib/python3.12/site-packages/airflow/example_dags/tutorial_objectstorage.py
[2025-12-17T16:05:46.418+0000] {processor.py:830} INFO - Processing file /home/airflow/.local/lib/python3.12/site-packages/airflow/example_dags/tutorial_objectstorage.py for tasks to queue
[2025-12-17T16:05:46.419+0000] {logging_mixin.py:188} INFO - [2025-12-17T16:05:46.419+0000] {dagbag.py:545} INFO - Filling up the DagBag from /home/airflow/.local/lib/python3.12/site-packages/airflow/example_dags/tutorial_objectstorage.py
[2025-12-17T16:05:46.424+0000] {processor.py:840} INFO - DAG(s) 'tutorial_objectstorage' retrieved from /home/airflow/.local/lib/python3.12/site-packages/airflow/example_dags/tutorial_objectstorage.py
[2025-12-17T16:05:46.436+0000] {logging_mixin.py:188} INFO - [2025-12-17T16:05:46.435+0000] {dag.py:3089} INFO - Sync 1 DAGs
[2025-12-17T16:05:46.442+0000] {logging_mixin.py:188} INFO - [2025-12-17T16:05:46.442+0000] {dag.py:3947} INFO - Setting next_dagrun for tutorial_objectstorage to None, run_after=None
[2025-12-17T16:05:46.453+0000] {processor.py:183} INFO - Processing /home/airflow/.local/lib/python3.12/site-packages/airflow/example_dags/tutorial_objectstorage.py took 0.039 seconds
[2025-12-17T17:20:37.962+0000] {processor.py:161} INFO - Started process (PID=42719) to work on /home/airflow/.local/lib/python3.12/site-packages/airflow/example_dags/tutorial_objectstorage.py
[2025-12-17T17:20:37.962+0000] {processor.py:830} INFO - Processing file /home/airflow/.local/lib/python3.12/site-packages/airflow/example_dags/tutorial_objectstorage.py for tasks to queue
[2025-12-17T17:20:37.963+0000] {logging_mixin.py:188} INFO - [2025-12-17T17:20:37.962+0000] {dagbag.py:545} INFO - Filling up the DagBag from /home/airflow/.local/lib/python3.12/site-packages/airflow/example_dags/tutorial_objectstorage.py
[2025-12-17T17:20:37.966+0000] {processor.py:840} INFO - DAG(s) 'tutorial_objectstorage' retrieved from /home/airflow/.local/lib/python3.12/site-packages/airflow/example_dags/tutorial_objectstorage.py
[2025-12-17T17:20:37.975+0000] {logging_mixin.py:188} INFO - [2025-12-17T17:20:37.975+0000] {dag.py:3089} INFO - Sync 1 DAGs
[2025-12-17T17:20:37.980+0000] {logging_mixin.py:188} INFO - [2025-12-17T17:20:37.980+0000] {dag.py:3947} INFO - Setting next_dagrun for tutorial_objectstorage to None, run_after=None
[2025-12-17T17:20:37.991+0000] {processor.py:183} INFO - Processing /home/airflow/.local/lib/python3.12/site-packages/airflow/example_dags/tutorial_objectstorage.py took 0.031 seconds
[2025-12-17T18:07:07.221+0000] {processor.py:161} INFO - Started process (PID=42778) to work on /home/airflow/.local/lib/python3.12/site-packages/airflow/example_dags/tutorial_objectstorage.py
[2025-12-17T18:07:07.222+0000] {processor.py:830} INFO - Processing file /home/airflow/.local/lib/python3.12/site-packages/airflow/example_dags/tutorial_objectstorage.py for tasks to queue
[2025-12-17T18:07:07.222+0000] {logging_mixin.py:188} INFO - [2025-12-17T18:07:07.222+0000] {dagbag.py:545} INFO - Filling up the DagBag from /home/airflow/.local/lib/python3.12/site-packages/airflow/example_dags/tutorial_objectstorage.py
[2025-12-17T18:07:07.227+0000] {processor.py:840} INFO - DAG(s) 'tutorial_objectstorage' retrieved from /home/airflow/.local/lib/python3.12/site-packages/airflow/example_dags/tutorial_objectstorage.py
[2025-12-17T18:07:07.236+0000] {logging_mixin.py:188} INFO - [2025-12-17T18:07:07.236+0000] {dag.py:3089} INFO - Sync 1 DAGs
[2025-12-17T18:07:07.242+0000] {logging_mixin.py:188} INFO - [2025-12-17T18:07:07.242+0000] {dag.py:3947} INFO - Setting next_dagrun for tutorial_objectstorage to None, run_after=None
[2025-12-17T18:07:07.249+0000] {processor.py:183} INFO - Processing /home/airflow/.local/lib/python3.12/site-packages/airflow/example_dags/tutorial_objectstorage.py took 0.031 seconds
[2025-12-17T18:26:57.882+0000] {processor.py:161} INFO - Started process (PID=42837) to work on /home/airflow/.local/lib/python3.12/site-packages/airflow/example_dags/tutorial_objectstorage.py
[2025-12-17T18:26:57.882+0000] {processor.py:830} INFO - Processing file /home/airflow/.local/lib/python3.12/site-packages/airflow/example_dags/tutorial_objectstorage.py for tasks to queue
[2025-12-17T18:26:57.883+0000] {logging_mixin.py:188} INFO - [2025-12-17T18:26:57.883+0000] {dagbag.py:545} INFO - Filling up the DagBag from /home/airflow/.local/lib/python3.12/site-packages/airflow/example_dags/tutorial_objectstorage.py
[2025-12-17T18:26:57.889+0000] {processor.py:840} INFO - DAG(s) 'tutorial_objectstorage' retrieved from /home/airflow/.local/lib/python3.12/site-packages/airflow/example_dags/tutorial_objectstorage.py
[2025-12-17T18:26:57.898+0000] {logging_mixin.py:188} INFO - [2025-12-17T18:26:57.898+0000] {dag.py:3089} INFO - Sync 1 DAGs
[2025-12-17T18:26:57.903+0000] {logging_mixin.py:188} INFO - [2025-12-17T18:26:57.903+0000] {dag.py:3947} INFO - Setting next_dagrun for tutorial_objectstorage to None, run_after=None
[2025-12-17T18:26:57.910+0000] {processor.py:183} INFO - Processing /home/airflow/.local/lib/python3.12/site-packages/airflow/example_dags/tutorial_objectstorage.py took 0.032 seconds
[2025-12-17T19:41:42.436+0000] {processor.py:161} INFO - Started process (PID=42896) to work on /home/airflow/.local/lib/python3.12/site-packages/airflow/example_dags/tutorial_objectstorage.py
[2025-12-17T19:41:42.437+0000] {processor.py:830} INFO - Processing file /home/airflow/.local/lib/python3.12/site-packages/airflow/example_dags/tutorial_objectstorage.py for tasks to queue
[2025-12-17T19:41:42.437+0000] {logging_mixin.py:188} INFO - [2025-12-17T19:41:42.437+0000] {dagbag.py:545} INFO - Filling up the DagBag from /home/airflow/.local/lib/python3.12/site-packages/airflow/example_dags/tutorial_objectstorage.py
[2025-12-17T19:41:42.442+0000] {processor.py:840} INFO - DAG(s) 'tutorial_objectstorage' retrieved from /home/airflow/.local/lib/python3.12/site-packages/airflow/example_dags/tutorial_objectstorage.py
[2025-12-17T19:41:42.454+0000] {logging_mixin.py:188} INFO - [2025-12-17T19:41:42.454+0000] {dag.py:3089} INFO - Sync 1 DAGs
[2025-12-17T19:41:42.459+0000] {logging_mixin.py:188} INFO - [2025-12-17T19:41:42.459+0000] {dag.py:3947} INFO - Setting next_dagrun for tutorial_objectstorage to None, run_after=None
[2025-12-17T19:41:42.470+0000] {processor.py:183} INFO - Processing /home/airflow/.local/lib/python3.12/site-packages/airflow/example_dags/tutorial_objectstorage.py took 0.037 seconds
[2025-12-17T21:17:14.400+0000] {processor.py:161} INFO - Started process (PID=42955) to work on /home/airflow/.local/lib/python3.12/site-packages/airflow/example_dags/tutorial_objectstorage.py
[2025-12-17T21:17:14.401+0000] {processor.py:830} INFO - Processing file /home/airflow/.local/lib/python3.12/site-packages/airflow/example_dags/tutorial_objectstorage.py for tasks to queue
[2025-12-17T21:17:14.402+0000] {logging_mixin.py:188} INFO - [2025-12-17T21:17:14.402+0000] {dagbag.py:545} INFO - Filling up the DagBag from /home/airflow/.local/lib/python3.12/site-packages/airflow/example_dags/tutorial_objectstorage.py
[2025-12-17T21:17:14.406+0000] {processor.py:840} INFO - DAG(s) 'tutorial_objectstorage' retrieved from /home/airflow/.local/lib/python3.12/site-packages/airflow/example_dags/tutorial_objectstorage.py
[2025-12-17T21:17:14.414+0000] {logging_mixin.py:188} INFO - [2025-12-17T21:17:14.414+0000] {dag.py:3089} INFO - Sync 1 DAGs
[2025-12-17T21:17:14.419+0000] {logging_mixin.py:188} INFO - [2025-12-17T21:17:14.419+0000] {dag.py:3947} INFO - Setting next_dagrun for tutorial_objectstorage to None, run_after=None
[2025-12-17T21:17:14.427+0000] {processor.py:183} INFO - Processing /home/airflow/.local/lib/python3.12/site-packages/airflow/example_dags/tutorial_objectstorage.py took 0.030 seconds
[2025-12-17T22:30:37.382+0000] {processor.py:161} INFO - Started process (PID=43014) to work on /home/airflow/.local/lib/python3.12/site-packages/airflow/example_dags/tutorial_objectstorage.py
[2025-12-17T22:30:37.383+0000] {processor.py:830} INFO - Processing file /home/airflow/.local/lib/python3.12/site-packages/airflow/example_dags/tutorial_objectstorage.py for tasks to queue
[2025-12-17T22:30:37.383+0000] {logging_mixin.py:188} INFO - [2025-12-17T22:30:37.383+0000] {dagbag.py:545} INFO - Filling up the DagBag from /home/airflow/.local/lib/python3.12/site-packages/airflow/example_dags/tutorial_objectstorage.py
[2025-12-17T22:30:37.388+0000] {processor.py:840} INFO - DAG(s) 'tutorial_objectstorage' retrieved from /home/airflow/.local/lib/python3.12/site-packages/airflow/example_dags/tutorial_objectstorage.py
[2025-12-17T22:30:37.399+0000] {logging_mixin.py:188} INFO - [2025-12-17T22:30:37.399+0000] {dag.py:3089} INFO - Sync 1 DAGs
[2025-12-17T22:30:37.405+0000] {logging_mixin.py:188} INFO - [2025-12-17T22:30:37.405+0000] {dag.py:3947} INFO - Setting next_dagrun for tutorial_objectstorage to None, run_after=None
[2025-12-17T22:30:37.413+0000] {processor.py:183} INFO - Processing /home/airflow/.local/lib/python3.12/site-packages/airflow/example_dags/tutorial_objectstorage.py took 0.034 seconds
