[2025-12-17T00:49:44.400+0000] {processor.py:161} INFO - Started process (PID=41713) to work on /home/airflow/.local/lib/python3.12/site-packages/airflow/example_dags/tutorial_dag.py
[2025-12-17T00:49:44.401+0000] {processor.py:830} INFO - Processing file /home/airflow/.local/lib/python3.12/site-packages/airflow/example_dags/tutorial_dag.py for tasks to queue
[2025-12-17T00:49:44.402+0000] {logging_mixin.py:188} INFO - [2025-12-17T00:49:44.402+0000] {dagbag.py:545} INFO - Filling up the DagBag from /home/airflow/.local/lib/python3.12/site-packages/airflow/example_dags/tutorial_dag.py
[2025-12-17T00:49:44.408+0000] {processor.py:840} INFO - DAG(s) 'tutorial_dag' retrieved from /home/airflow/.local/lib/python3.12/site-packages/airflow/example_dags/tutorial_dag.py
[2025-12-17T00:49:44.420+0000] {logging_mixin.py:188} INFO - [2025-12-17T00:49:44.420+0000] {dag.py:3089} INFO - Sync 1 DAGs
[2025-12-17T00:49:44.426+0000] {logging_mixin.py:188} INFO - [2025-12-17T00:49:44.426+0000] {dag.py:3947} INFO - Setting next_dagrun for tutorial_dag to None, run_after=None
[2025-12-17T00:49:44.436+0000] {processor.py:183} INFO - Processing /home/airflow/.local/lib/python3.12/site-packages/airflow/example_dags/tutorial_dag.py took 0.042 seconds
[2025-12-17T01:13:20.002+0000] {processor.py:161} INFO - Started process (PID=41772) to work on /home/airflow/.local/lib/python3.12/site-packages/airflow/example_dags/tutorial_dag.py
[2025-12-17T01:13:20.002+0000] {processor.py:830} INFO - Processing file /home/airflow/.local/lib/python3.12/site-packages/airflow/example_dags/tutorial_dag.py for tasks to queue
[2025-12-17T01:13:20.003+0000] {logging_mixin.py:188} INFO - [2025-12-17T01:13:20.002+0000] {dagbag.py:545} INFO - Filling up the DagBag from /home/airflow/.local/lib/python3.12/site-packages/airflow/example_dags/tutorial_dag.py
[2025-12-17T01:13:20.005+0000] {processor.py:840} INFO - DAG(s) 'tutorial_dag' retrieved from /home/airflow/.local/lib/python3.12/site-packages/airflow/example_dags/tutorial_dag.py
[2025-12-17T01:13:20.014+0000] {logging_mixin.py:188} INFO - [2025-12-17T01:13:20.014+0000] {dag.py:3089} INFO - Sync 1 DAGs
[2025-12-17T01:13:20.020+0000] {logging_mixin.py:188} INFO - [2025-12-17T01:13:20.020+0000] {dag.py:3947} INFO - Setting next_dagrun for tutorial_dag to None, run_after=None
[2025-12-17T01:13:20.028+0000] {processor.py:183} INFO - Processing /home/airflow/.local/lib/python3.12/site-packages/airflow/example_dags/tutorial_dag.py took 0.028 seconds
[2025-12-17T02:08:58.689+0000] {processor.py:161} INFO - Started process (PID=41831) to work on /home/airflow/.local/lib/python3.12/site-packages/airflow/example_dags/tutorial_dag.py
[2025-12-17T02:08:58.689+0000] {processor.py:830} INFO - Processing file /home/airflow/.local/lib/python3.12/site-packages/airflow/example_dags/tutorial_dag.py for tasks to queue
[2025-12-17T02:08:58.690+0000] {logging_mixin.py:188} INFO - [2025-12-17T02:08:58.690+0000] {dagbag.py:545} INFO - Filling up the DagBag from /home/airflow/.local/lib/python3.12/site-packages/airflow/example_dags/tutorial_dag.py
[2025-12-17T02:08:58.693+0000] {processor.py:840} INFO - DAG(s) 'tutorial_dag' retrieved from /home/airflow/.local/lib/python3.12/site-packages/airflow/example_dags/tutorial_dag.py
[2025-12-17T02:08:58.706+0000] {logging_mixin.py:188} INFO - [2025-12-17T02:08:58.706+0000] {dag.py:3089} INFO - Sync 1 DAGs
[2025-12-17T02:08:58.804+0000] {logging_mixin.py:188} INFO - [2025-12-17T02:08:58.804+0000] {dag.py:3947} INFO - Setting next_dagrun for tutorial_dag to None, run_after=None
[2025-12-17T02:08:58.812+0000] {processor.py:183} INFO - Processing /home/airflow/.local/lib/python3.12/site-packages/airflow/example_dags/tutorial_dag.py took 0.127 seconds
[2025-12-17T02:38:02.454+0000] {processor.py:161} INFO - Started process (PID=41890) to work on /home/airflow/.local/lib/python3.12/site-packages/airflow/example_dags/tutorial_dag.py
[2025-12-17T02:38:02.455+0000] {processor.py:830} INFO - Processing file /home/airflow/.local/lib/python3.12/site-packages/airflow/example_dags/tutorial_dag.py for tasks to queue
[2025-12-17T02:38:02.455+0000] {logging_mixin.py:188} INFO - [2025-12-17T02:38:02.455+0000] {dagbag.py:545} INFO - Filling up the DagBag from /home/airflow/.local/lib/python3.12/site-packages/airflow/example_dags/tutorial_dag.py
[2025-12-17T02:38:02.457+0000] {processor.py:840} INFO - DAG(s) 'tutorial_dag' retrieved from /home/airflow/.local/lib/python3.12/site-packages/airflow/example_dags/tutorial_dag.py
[2025-12-17T02:38:02.471+0000] {logging_mixin.py:188} INFO - [2025-12-17T02:38:02.471+0000] {dag.py:3089} INFO - Sync 1 DAGs
[2025-12-17T02:38:02.478+0000] {logging_mixin.py:188} INFO - [2025-12-17T02:38:02.478+0000] {dag.py:3947} INFO - Setting next_dagrun for tutorial_dag to None, run_after=None
[2025-12-17T02:38:02.572+0000] {processor.py:183} INFO - Processing /home/airflow/.local/lib/python3.12/site-packages/airflow/example_dags/tutorial_dag.py took 0.122 seconds
[2025-12-17T03:29:15.509+0000] {processor.py:161} INFO - Started process (PID=41949) to work on /home/airflow/.local/lib/python3.12/site-packages/airflow/example_dags/tutorial_dag.py
[2025-12-17T03:29:15.510+0000] {processor.py:830} INFO - Processing file /home/airflow/.local/lib/python3.12/site-packages/airflow/example_dags/tutorial_dag.py for tasks to queue
[2025-12-17T03:29:15.510+0000] {logging_mixin.py:188} INFO - [2025-12-17T03:29:15.510+0000] {dagbag.py:545} INFO - Filling up the DagBag from /home/airflow/.local/lib/python3.12/site-packages/airflow/example_dags/tutorial_dag.py
[2025-12-17T03:29:15.513+0000] {processor.py:840} INFO - DAG(s) 'tutorial_dag' retrieved from /home/airflow/.local/lib/python3.12/site-packages/airflow/example_dags/tutorial_dag.py
[2025-12-17T03:29:15.522+0000] {logging_mixin.py:188} INFO - [2025-12-17T03:29:15.522+0000] {dag.py:3089} INFO - Sync 1 DAGs
[2025-12-17T03:29:15.527+0000] {logging_mixin.py:188} INFO - [2025-12-17T03:29:15.527+0000] {dag.py:3947} INFO - Setting next_dagrun for tutorial_dag to None, run_after=None
[2025-12-17T03:29:15.534+0000] {processor.py:183} INFO - Processing /home/airflow/.local/lib/python3.12/site-packages/airflow/example_dags/tutorial_dag.py took 0.027 seconds
[2025-12-17T03:53:42.974+0000] {processor.py:161} INFO - Started process (PID=42008) to work on /home/airflow/.local/lib/python3.12/site-packages/airflow/example_dags/tutorial_dag.py
[2025-12-17T03:53:42.978+0000] {processor.py:830} INFO - Processing file /home/airflow/.local/lib/python3.12/site-packages/airflow/example_dags/tutorial_dag.py for tasks to queue
[2025-12-17T03:53:42.979+0000] {logging_mixin.py:188} INFO - [2025-12-17T03:53:42.978+0000] {dagbag.py:545} INFO - Filling up the DagBag from /home/airflow/.local/lib/python3.12/site-packages/airflow/example_dags/tutorial_dag.py
[2025-12-17T03:53:42.981+0000] {processor.py:840} INFO - DAG(s) 'tutorial_dag' retrieved from /home/airflow/.local/lib/python3.12/site-packages/airflow/example_dags/tutorial_dag.py
[2025-12-17T03:53:42.998+0000] {logging_mixin.py:188} INFO - [2025-12-17T03:53:42.997+0000] {dag.py:3089} INFO - Sync 1 DAGs
[2025-12-17T03:53:43.004+0000] {logging_mixin.py:188} INFO - [2025-12-17T03:53:43.004+0000] {dag.py:3947} INFO - Setting next_dagrun for tutorial_dag to None, run_after=None
[2025-12-17T03:53:43.012+0000] {processor.py:183} INFO - Processing /home/airflow/.local/lib/python3.12/site-packages/airflow/example_dags/tutorial_dag.py took 0.040 seconds
[2025-12-17T04:54:45.724+0000] {processor.py:161} INFO - Started process (PID=42067) to work on /home/airflow/.local/lib/python3.12/site-packages/airflow/example_dags/tutorial_dag.py
[2025-12-17T04:54:45.726+0000] {processor.py:830} INFO - Processing file /home/airflow/.local/lib/python3.12/site-packages/airflow/example_dags/tutorial_dag.py for tasks to queue
[2025-12-17T04:54:45.727+0000] {logging_mixin.py:188} INFO - [2025-12-17T04:54:45.727+0000] {dagbag.py:545} INFO - Filling up the DagBag from /home/airflow/.local/lib/python3.12/site-packages/airflow/example_dags/tutorial_dag.py
[2025-12-17T04:54:45.729+0000] {processor.py:840} INFO - DAG(s) 'tutorial_dag' retrieved from /home/airflow/.local/lib/python3.12/site-packages/airflow/example_dags/tutorial_dag.py
[2025-12-17T04:54:45.744+0000] {logging_mixin.py:188} INFO - [2025-12-17T04:54:45.744+0000] {dag.py:3089} INFO - Sync 1 DAGs
[2025-12-17T04:54:45.751+0000] {logging_mixin.py:188} INFO - [2025-12-17T04:54:45.750+0000] {dag.py:3947} INFO - Setting next_dagrun for tutorial_dag to None, run_after=None
[2025-12-17T04:54:45.761+0000] {processor.py:183} INFO - Processing /home/airflow/.local/lib/python3.12/site-packages/airflow/example_dags/tutorial_dag.py took 0.040 seconds
[2025-12-17T06:11:25.306+0000] {processor.py:161} INFO - Started process (PID=42126) to work on /home/airflow/.local/lib/python3.12/site-packages/airflow/example_dags/tutorial_dag.py
[2025-12-17T06:11:25.307+0000] {processor.py:830} INFO - Processing file /home/airflow/.local/lib/python3.12/site-packages/airflow/example_dags/tutorial_dag.py for tasks to queue
[2025-12-17T06:11:25.307+0000] {logging_mixin.py:188} INFO - [2025-12-17T06:11:25.307+0000] {dagbag.py:545} INFO - Filling up the DagBag from /home/airflow/.local/lib/python3.12/site-packages/airflow/example_dags/tutorial_dag.py
[2025-12-17T06:11:25.310+0000] {processor.py:840} INFO - DAG(s) 'tutorial_dag' retrieved from /home/airflow/.local/lib/python3.12/site-packages/airflow/example_dags/tutorial_dag.py
[2025-12-17T06:11:25.320+0000] {logging_mixin.py:188} INFO - [2025-12-17T06:11:25.320+0000] {dag.py:3089} INFO - Sync 1 DAGs
[2025-12-17T06:11:25.326+0000] {logging_mixin.py:188} INFO - [2025-12-17T06:11:25.325+0000] {dag.py:3947} INFO - Setting next_dagrun for tutorial_dag to None, run_after=None
[2025-12-17T06:11:25.332+0000] {processor.py:183} INFO - Processing /home/airflow/.local/lib/python3.12/site-packages/airflow/example_dags/tutorial_dag.py took 0.030 seconds
[2025-12-17T07:48:05.328+0000] {processor.py:161} INFO - Started process (PID=42185) to work on /home/airflow/.local/lib/python3.12/site-packages/airflow/example_dags/tutorial_dag.py
[2025-12-17T07:48:05.331+0000] {processor.py:830} INFO - Processing file /home/airflow/.local/lib/python3.12/site-packages/airflow/example_dags/tutorial_dag.py for tasks to queue
[2025-12-17T07:48:05.331+0000] {logging_mixin.py:188} INFO - [2025-12-17T07:48:05.331+0000] {dagbag.py:545} INFO - Filling up the DagBag from /home/airflow/.local/lib/python3.12/site-packages/airflow/example_dags/tutorial_dag.py
[2025-12-17T07:48:05.334+0000] {processor.py:840} INFO - DAG(s) 'tutorial_dag' retrieved from /home/airflow/.local/lib/python3.12/site-packages/airflow/example_dags/tutorial_dag.py
[2025-12-17T07:48:05.348+0000] {logging_mixin.py:188} INFO - [2025-12-17T07:48:05.348+0000] {dag.py:3089} INFO - Sync 1 DAGs
[2025-12-17T07:48:05.354+0000] {logging_mixin.py:188} INFO - [2025-12-17T07:48:05.354+0000] {dag.py:3947} INFO - Setting next_dagrun for tutorial_dag to None, run_after=None
[2025-12-17T07:48:05.365+0000] {processor.py:183} INFO - Processing /home/airflow/.local/lib/python3.12/site-packages/airflow/example_dags/tutorial_dag.py took 0.040 seconds
[2025-12-17T08:58:45.425+0000] {processor.py:161} INFO - Started process (PID=42244) to work on /home/airflow/.local/lib/python3.12/site-packages/airflow/example_dags/tutorial_dag.py
[2025-12-17T08:58:45.426+0000] {processor.py:830} INFO - Processing file /home/airflow/.local/lib/python3.12/site-packages/airflow/example_dags/tutorial_dag.py for tasks to queue
[2025-12-17T08:58:45.426+0000] {logging_mixin.py:188} INFO - [2025-12-17T08:58:45.426+0000] {dagbag.py:545} INFO - Filling up the DagBag from /home/airflow/.local/lib/python3.12/site-packages/airflow/example_dags/tutorial_dag.py
[2025-12-17T08:58:45.429+0000] {processor.py:840} INFO - DAG(s) 'tutorial_dag' retrieved from /home/airflow/.local/lib/python3.12/site-packages/airflow/example_dags/tutorial_dag.py
[2025-12-17T08:58:45.439+0000] {logging_mixin.py:188} INFO - [2025-12-17T08:58:45.438+0000] {dag.py:3089} INFO - Sync 1 DAGs
[2025-12-17T08:58:45.445+0000] {logging_mixin.py:188} INFO - [2025-12-17T08:58:45.445+0000] {dag.py:3947} INFO - Setting next_dagrun for tutorial_dag to None, run_after=None
[2025-12-17T08:58:45.457+0000] {processor.py:183} INFO - Processing /home/airflow/.local/lib/python3.12/site-packages/airflow/example_dags/tutorial_dag.py took 0.035 seconds
[2025-12-17T09:21:00.150+0000] {processor.py:161} INFO - Started process (PID=42303) to work on /home/airflow/.local/lib/python3.12/site-packages/airflow/example_dags/tutorial_dag.py
[2025-12-17T09:21:00.150+0000] {processor.py:830} INFO - Processing file /home/airflow/.local/lib/python3.12/site-packages/airflow/example_dags/tutorial_dag.py for tasks to queue
[2025-12-17T09:21:00.151+0000] {logging_mixin.py:188} INFO - [2025-12-17T09:21:00.151+0000] {dagbag.py:545} INFO - Filling up the DagBag from /home/airflow/.local/lib/python3.12/site-packages/airflow/example_dags/tutorial_dag.py
[2025-12-17T09:21:00.153+0000] {processor.py:840} INFO - DAG(s) 'tutorial_dag' retrieved from /home/airflow/.local/lib/python3.12/site-packages/airflow/example_dags/tutorial_dag.py
[2025-12-17T09:21:00.166+0000] {logging_mixin.py:188} INFO - [2025-12-17T09:21:00.166+0000] {dag.py:3089} INFO - Sync 1 DAGs
[2025-12-17T09:21:00.173+0000] {logging_mixin.py:188} INFO - [2025-12-17T09:21:00.173+0000] {dag.py:3947} INFO - Setting next_dagrun for tutorial_dag to None, run_after=None
[2025-12-17T09:21:00.185+0000] {processor.py:183} INFO - Processing /home/airflow/.local/lib/python3.12/site-packages/airflow/example_dags/tutorial_dag.py took 0.038 seconds
[2025-12-17T10:31:20.453+0000] {processor.py:161} INFO - Started process (PID=42362) to work on /home/airflow/.local/lib/python3.12/site-packages/airflow/example_dags/tutorial_dag.py
[2025-12-17T10:31:20.455+0000] {processor.py:830} INFO - Processing file /home/airflow/.local/lib/python3.12/site-packages/airflow/example_dags/tutorial_dag.py for tasks to queue
[2025-12-17T10:31:20.455+0000] {logging_mixin.py:188} INFO - [2025-12-17T10:31:20.455+0000] {dagbag.py:545} INFO - Filling up the DagBag from /home/airflow/.local/lib/python3.12/site-packages/airflow/example_dags/tutorial_dag.py
[2025-12-17T10:31:20.458+0000] {processor.py:840} INFO - DAG(s) 'tutorial_dag' retrieved from /home/airflow/.local/lib/python3.12/site-packages/airflow/example_dags/tutorial_dag.py
[2025-12-17T10:31:20.470+0000] {logging_mixin.py:188} INFO - [2025-12-17T10:31:20.470+0000] {dag.py:3089} INFO - Sync 1 DAGs
[2025-12-17T10:31:20.476+0000] {logging_mixin.py:188} INFO - [2025-12-17T10:31:20.476+0000] {dag.py:3947} INFO - Setting next_dagrun for tutorial_dag to None, run_after=None
[2025-12-17T10:31:20.489+0000] {processor.py:183} INFO - Processing /home/airflow/.local/lib/python3.12/site-packages/airflow/example_dags/tutorial_dag.py took 0.039 seconds
[2025-12-17T11:32:04.906+0000] {processor.py:161} INFO - Started process (PID=42421) to work on /home/airflow/.local/lib/python3.12/site-packages/airflow/example_dags/tutorial_dag.py
[2025-12-17T11:32:04.928+0000] {processor.py:830} INFO - Processing file /home/airflow/.local/lib/python3.12/site-packages/airflow/example_dags/tutorial_dag.py for tasks to queue
[2025-12-17T11:32:04.929+0000] {logging_mixin.py:188} INFO - [2025-12-17T11:32:04.929+0000] {dagbag.py:545} INFO - Filling up the DagBag from /home/airflow/.local/lib/python3.12/site-packages/airflow/example_dags/tutorial_dag.py
[2025-12-17T11:32:04.932+0000] {processor.py:840} INFO - DAG(s) 'tutorial_dag' retrieved from /home/airflow/.local/lib/python3.12/site-packages/airflow/example_dags/tutorial_dag.py
[2025-12-17T11:32:04.943+0000] {logging_mixin.py:188} INFO - [2025-12-17T11:32:04.943+0000] {dag.py:3089} INFO - Sync 1 DAGs
[2025-12-17T11:32:04.949+0000] {logging_mixin.py:188} INFO - [2025-12-17T11:32:04.949+0000] {dag.py:3947} INFO - Setting next_dagrun for tutorial_dag to None, run_after=None
[2025-12-17T11:32:04.980+0000] {processor.py:183} INFO - Processing /home/airflow/.local/lib/python3.12/site-packages/airflow/example_dags/tutorial_dag.py took 0.165 seconds
[2025-12-17T12:33:34.758+0000] {processor.py:161} INFO - Started process (PID=42480) to work on /home/airflow/.local/lib/python3.12/site-packages/airflow/example_dags/tutorial_dag.py
[2025-12-17T12:33:34.760+0000] {processor.py:830} INFO - Processing file /home/airflow/.local/lib/python3.12/site-packages/airflow/example_dags/tutorial_dag.py for tasks to queue
[2025-12-17T12:33:34.761+0000] {logging_mixin.py:188} INFO - [2025-12-17T12:33:34.761+0000] {dagbag.py:545} INFO - Filling up the DagBag from /home/airflow/.local/lib/python3.12/site-packages/airflow/example_dags/tutorial_dag.py
[2025-12-17T12:33:34.764+0000] {processor.py:840} INFO - DAG(s) 'tutorial_dag' retrieved from /home/airflow/.local/lib/python3.12/site-packages/airflow/example_dags/tutorial_dag.py
[2025-12-17T12:33:34.775+0000] {logging_mixin.py:188} INFO - [2025-12-17T12:33:34.774+0000] {dag.py:3089} INFO - Sync 1 DAGs
[2025-12-17T12:33:34.779+0000] {logging_mixin.py:188} INFO - [2025-12-17T12:33:34.779+0000] {dag.py:3947} INFO - Setting next_dagrun for tutorial_dag to None, run_after=None
[2025-12-17T12:33:34.794+0000] {processor.py:183} INFO - Processing /home/airflow/.local/lib/python3.12/site-packages/airflow/example_dags/tutorial_dag.py took 0.039 seconds
[2025-12-17T13:42:09.667+0000] {processor.py:161} INFO - Started process (PID=42539) to work on /home/airflow/.local/lib/python3.12/site-packages/airflow/example_dags/tutorial_dag.py
[2025-12-17T13:42:09.668+0000] {processor.py:830} INFO - Processing file /home/airflow/.local/lib/python3.12/site-packages/airflow/example_dags/tutorial_dag.py for tasks to queue
[2025-12-17T13:42:09.668+0000] {logging_mixin.py:188} INFO - [2025-12-17T13:42:09.668+0000] {dagbag.py:545} INFO - Filling up the DagBag from /home/airflow/.local/lib/python3.12/site-packages/airflow/example_dags/tutorial_dag.py
[2025-12-17T13:42:09.670+0000] {processor.py:840} INFO - DAG(s) 'tutorial_dag' retrieved from /home/airflow/.local/lib/python3.12/site-packages/airflow/example_dags/tutorial_dag.py
[2025-12-17T13:42:09.678+0000] {logging_mixin.py:188} INFO - [2025-12-17T13:42:09.678+0000] {dag.py:3089} INFO - Sync 1 DAGs
[2025-12-17T13:42:09.683+0000] {logging_mixin.py:188} INFO - [2025-12-17T13:42:09.683+0000] {dag.py:3947} INFO - Setting next_dagrun for tutorial_dag to None, run_after=None
[2025-12-17T13:42:09.695+0000] {processor.py:183} INFO - Processing /home/airflow/.local/lib/python3.12/site-packages/airflow/example_dags/tutorial_dag.py took 0.030 seconds
[2025-12-17T14:56:27.904+0000] {processor.py:161} INFO - Started process (PID=42598) to work on /home/airflow/.local/lib/python3.12/site-packages/airflow/example_dags/tutorial_dag.py
[2025-12-17T14:56:27.904+0000] {processor.py:830} INFO - Processing file /home/airflow/.local/lib/python3.12/site-packages/airflow/example_dags/tutorial_dag.py for tasks to queue
[2025-12-17T14:56:27.905+0000] {logging_mixin.py:188} INFO - [2025-12-17T14:56:27.905+0000] {dagbag.py:545} INFO - Filling up the DagBag from /home/airflow/.local/lib/python3.12/site-packages/airflow/example_dags/tutorial_dag.py
[2025-12-17T14:56:27.907+0000] {processor.py:840} INFO - DAG(s) 'tutorial_dag' retrieved from /home/airflow/.local/lib/python3.12/site-packages/airflow/example_dags/tutorial_dag.py
[2025-12-17T14:56:27.918+0000] {logging_mixin.py:188} INFO - [2025-12-17T14:56:27.917+0000] {dag.py:3089} INFO - Sync 1 DAGs
[2025-12-17T14:56:27.923+0000] {logging_mixin.py:188} INFO - [2025-12-17T14:56:27.923+0000] {dag.py:3947} INFO - Setting next_dagrun for tutorial_dag to None, run_after=None
[2025-12-17T14:56:27.930+0000] {processor.py:183} INFO - Processing /home/airflow/.local/lib/python3.12/site-packages/airflow/example_dags/tutorial_dag.py took 0.029 seconds
[2025-12-17T16:05:46.334+0000] {processor.py:161} INFO - Started process (PID=42657) to work on /home/airflow/.local/lib/python3.12/site-packages/airflow/example_dags/tutorial_dag.py
[2025-12-17T16:05:46.335+0000] {processor.py:830} INFO - Processing file /home/airflow/.local/lib/python3.12/site-packages/airflow/example_dags/tutorial_dag.py for tasks to queue
[2025-12-17T16:05:46.335+0000] {logging_mixin.py:188} INFO - [2025-12-17T16:05:46.335+0000] {dagbag.py:545} INFO - Filling up the DagBag from /home/airflow/.local/lib/python3.12/site-packages/airflow/example_dags/tutorial_dag.py
[2025-12-17T16:05:46.338+0000] {processor.py:840} INFO - DAG(s) 'tutorial_dag' retrieved from /home/airflow/.local/lib/python3.12/site-packages/airflow/example_dags/tutorial_dag.py
[2025-12-17T16:05:46.350+0000] {logging_mixin.py:188} INFO - [2025-12-17T16:05:46.350+0000] {dag.py:3089} INFO - Sync 1 DAGs
[2025-12-17T16:05:46.356+0000] {logging_mixin.py:188} INFO - [2025-12-17T16:05:46.356+0000] {dag.py:3947} INFO - Setting next_dagrun for tutorial_dag to None, run_after=None
[2025-12-17T16:05:46.366+0000] {processor.py:183} INFO - Processing /home/airflow/.local/lib/python3.12/site-packages/airflow/example_dags/tutorial_dag.py took 0.036 seconds
[2025-12-17T17:20:37.867+0000] {processor.py:161} INFO - Started process (PID=42716) to work on /home/airflow/.local/lib/python3.12/site-packages/airflow/example_dags/tutorial_dag.py
[2025-12-17T17:20:37.867+0000] {processor.py:830} INFO - Processing file /home/airflow/.local/lib/python3.12/site-packages/airflow/example_dags/tutorial_dag.py for tasks to queue
[2025-12-17T17:20:37.868+0000] {logging_mixin.py:188} INFO - [2025-12-17T17:20:37.868+0000] {dagbag.py:545} INFO - Filling up the DagBag from /home/airflow/.local/lib/python3.12/site-packages/airflow/example_dags/tutorial_dag.py
[2025-12-17T17:20:37.872+0000] {processor.py:840} INFO - DAG(s) 'tutorial_dag' retrieved from /home/airflow/.local/lib/python3.12/site-packages/airflow/example_dags/tutorial_dag.py
[2025-12-17T17:20:37.882+0000] {logging_mixin.py:188} INFO - [2025-12-17T17:20:37.881+0000] {dag.py:3089} INFO - Sync 1 DAGs
[2025-12-17T17:20:37.886+0000] {logging_mixin.py:188} INFO - [2025-12-17T17:20:37.886+0000] {dag.py:3947} INFO - Setting next_dagrun for tutorial_dag to None, run_after=None
[2025-12-17T17:20:37.898+0000] {processor.py:183} INFO - Processing /home/airflow/.local/lib/python3.12/site-packages/airflow/example_dags/tutorial_dag.py took 0.033 seconds
[2025-12-17T18:07:07.148+0000] {processor.py:161} INFO - Started process (PID=42775) to work on /home/airflow/.local/lib/python3.12/site-packages/airflow/example_dags/tutorial_dag.py
[2025-12-17T18:07:07.150+0000] {processor.py:830} INFO - Processing file /home/airflow/.local/lib/python3.12/site-packages/airflow/example_dags/tutorial_dag.py for tasks to queue
[2025-12-17T18:07:07.150+0000] {logging_mixin.py:188} INFO - [2025-12-17T18:07:07.150+0000] {dagbag.py:545} INFO - Filling up the DagBag from /home/airflow/.local/lib/python3.12/site-packages/airflow/example_dags/tutorial_dag.py
[2025-12-17T18:07:07.153+0000] {processor.py:840} INFO - DAG(s) 'tutorial_dag' retrieved from /home/airflow/.local/lib/python3.12/site-packages/airflow/example_dags/tutorial_dag.py
[2025-12-17T18:07:07.162+0000] {logging_mixin.py:188} INFO - [2025-12-17T18:07:07.162+0000] {dag.py:3089} INFO - Sync 1 DAGs
[2025-12-17T18:07:07.167+0000] {logging_mixin.py:188} INFO - [2025-12-17T18:07:07.167+0000] {dag.py:3947} INFO - Setting next_dagrun for tutorial_dag to None, run_after=None
[2025-12-17T18:07:07.176+0000] {processor.py:183} INFO - Processing /home/airflow/.local/lib/python3.12/site-packages/airflow/example_dags/tutorial_dag.py took 0.034 seconds
[2025-12-17T18:26:57.792+0000] {processor.py:161} INFO - Started process (PID=42834) to work on /home/airflow/.local/lib/python3.12/site-packages/airflow/example_dags/tutorial_dag.py
[2025-12-17T18:26:57.792+0000] {processor.py:830} INFO - Processing file /home/airflow/.local/lib/python3.12/site-packages/airflow/example_dags/tutorial_dag.py for tasks to queue
[2025-12-17T18:26:57.793+0000] {logging_mixin.py:188} INFO - [2025-12-17T18:26:57.793+0000] {dagbag.py:545} INFO - Filling up the DagBag from /home/airflow/.local/lib/python3.12/site-packages/airflow/example_dags/tutorial_dag.py
[2025-12-17T18:26:57.798+0000] {processor.py:840} INFO - DAG(s) 'tutorial_dag' retrieved from /home/airflow/.local/lib/python3.12/site-packages/airflow/example_dags/tutorial_dag.py
[2025-12-17T18:26:57.814+0000] {logging_mixin.py:188} INFO - [2025-12-17T18:26:57.814+0000] {dag.py:3089} INFO - Sync 1 DAGs
[2025-12-17T18:26:57.819+0000] {logging_mixin.py:188} INFO - [2025-12-17T18:26:57.819+0000] {dag.py:3947} INFO - Setting next_dagrun for tutorial_dag to None, run_after=None
[2025-12-17T18:26:57.827+0000] {processor.py:183} INFO - Processing /home/airflow/.local/lib/python3.12/site-packages/airflow/example_dags/tutorial_dag.py took 0.038 seconds
[2025-12-17T19:41:42.339+0000] {processor.py:161} INFO - Started process (PID=42893) to work on /home/airflow/.local/lib/python3.12/site-packages/airflow/example_dags/tutorial_dag.py
[2025-12-17T19:41:42.340+0000] {processor.py:830} INFO - Processing file /home/airflow/.local/lib/python3.12/site-packages/airflow/example_dags/tutorial_dag.py for tasks to queue
[2025-12-17T19:41:42.341+0000] {logging_mixin.py:188} INFO - [2025-12-17T19:41:42.340+0000] {dagbag.py:545} INFO - Filling up the DagBag from /home/airflow/.local/lib/python3.12/site-packages/airflow/example_dags/tutorial_dag.py
[2025-12-17T19:41:42.344+0000] {processor.py:840} INFO - DAG(s) 'tutorial_dag' retrieved from /home/airflow/.local/lib/python3.12/site-packages/airflow/example_dags/tutorial_dag.py
[2025-12-17T19:41:42.358+0000] {logging_mixin.py:188} INFO - [2025-12-17T19:41:42.358+0000] {dag.py:3089} INFO - Sync 1 DAGs
[2025-12-17T19:41:42.363+0000] {logging_mixin.py:188} INFO - [2025-12-17T19:41:42.363+0000] {dag.py:3947} INFO - Setting next_dagrun for tutorial_dag to None, run_after=None
[2025-12-17T19:41:42.375+0000] {processor.py:183} INFO - Processing /home/airflow/.local/lib/python3.12/site-packages/airflow/example_dags/tutorial_dag.py took 0.040 seconds
[2025-12-17T21:17:14.326+0000] {processor.py:161} INFO - Started process (PID=42952) to work on /home/airflow/.local/lib/python3.12/site-packages/airflow/example_dags/tutorial_dag.py
[2025-12-17T21:17:14.328+0000] {processor.py:830} INFO - Processing file /home/airflow/.local/lib/python3.12/site-packages/airflow/example_dags/tutorial_dag.py for tasks to queue
[2025-12-17T21:17:14.328+0000] {logging_mixin.py:188} INFO - [2025-12-17T21:17:14.328+0000] {dagbag.py:545} INFO - Filling up the DagBag from /home/airflow/.local/lib/python3.12/site-packages/airflow/example_dags/tutorial_dag.py
[2025-12-17T21:17:14.331+0000] {processor.py:840} INFO - DAG(s) 'tutorial_dag' retrieved from /home/airflow/.local/lib/python3.12/site-packages/airflow/example_dags/tutorial_dag.py
[2025-12-17T21:17:14.341+0000] {logging_mixin.py:188} INFO - [2025-12-17T21:17:14.341+0000] {dag.py:3089} INFO - Sync 1 DAGs
[2025-12-17T21:17:14.346+0000] {logging_mixin.py:188} INFO - [2025-12-17T21:17:14.346+0000] {dag.py:3947} INFO - Setting next_dagrun for tutorial_dag to None, run_after=None
[2025-12-17T21:17:14.353+0000] {processor.py:183} INFO - Processing /home/airflow/.local/lib/python3.12/site-packages/airflow/example_dags/tutorial_dag.py took 0.030 seconds
[2025-12-17T22:30:37.289+0000] {processor.py:161} INFO - Started process (PID=43011) to work on /home/airflow/.local/lib/python3.12/site-packages/airflow/example_dags/tutorial_dag.py
[2025-12-17T22:30:37.290+0000] {processor.py:830} INFO - Processing file /home/airflow/.local/lib/python3.12/site-packages/airflow/example_dags/tutorial_dag.py for tasks to queue
[2025-12-17T22:30:37.291+0000] {logging_mixin.py:188} INFO - [2025-12-17T22:30:37.291+0000] {dagbag.py:545} INFO - Filling up the DagBag from /home/airflow/.local/lib/python3.12/site-packages/airflow/example_dags/tutorial_dag.py
[2025-12-17T22:30:37.293+0000] {processor.py:840} INFO - DAG(s) 'tutorial_dag' retrieved from /home/airflow/.local/lib/python3.12/site-packages/airflow/example_dags/tutorial_dag.py
[2025-12-17T22:30:37.303+0000] {logging_mixin.py:188} INFO - [2025-12-17T22:30:37.303+0000] {dag.py:3089} INFO - Sync 1 DAGs
[2025-12-17T22:30:37.308+0000] {logging_mixin.py:188} INFO - [2025-12-17T22:30:37.308+0000] {dag.py:3947} INFO - Setting next_dagrun for tutorial_dag to None, run_after=None
[2025-12-17T22:30:37.317+0000] {processor.py:183} INFO - Processing /home/airflow/.local/lib/python3.12/site-packages/airflow/example_dags/tutorial_dag.py took 0.032 seconds
