[2025-12-17T00:49:43.584+0000] {processor.py:161} INFO - Started process (PID=41696) to work on /home/airflow/.local/lib/python3.12/site-packages/airflow/example_dags/tutorial_taskflow_api_virtualenv.py
[2025-12-17T00:49:43.585+0000] {processor.py:830} INFO - Processing file /home/airflow/.local/lib/python3.12/site-packages/airflow/example_dags/tutorial_taskflow_api_virtualenv.py for tasks to queue
[2025-12-17T00:49:43.586+0000] {logging_mixin.py:188} INFO - [2025-12-17T00:49:43.585+0000] {dagbag.py:545} INFO - Filling up the DagBag from /home/airflow/.local/lib/python3.12/site-packages/airflow/example_dags/tutorial_taskflow_api_virtualenv.py
[2025-12-17T00:49:43.593+0000] {processor.py:840} INFO - DAG(s) 'tutorial_taskflow_api_virtualenv' retrieved from /home/airflow/.local/lib/python3.12/site-packages/airflow/example_dags/tutorial_taskflow_api_virtualenv.py
[2025-12-17T00:49:43.606+0000] {logging_mixin.py:188} INFO - [2025-12-17T00:49:43.605+0000] {dag.py:3089} INFO - Sync 1 DAGs
[2025-12-17T00:49:43.613+0000] {logging_mixin.py:188} INFO - [2025-12-17T00:49:43.613+0000] {dag.py:3947} INFO - Setting next_dagrun for tutorial_taskflow_api_virtualenv to None, run_after=None
[2025-12-17T00:49:43.623+0000] {processor.py:183} INFO - Processing /home/airflow/.local/lib/python3.12/site-packages/airflow/example_dags/tutorial_taskflow_api_virtualenv.py took 0.042 seconds
[2025-12-17T01:13:19.279+0000] {processor.py:161} INFO - Started process (PID=41755) to work on /home/airflow/.local/lib/python3.12/site-packages/airflow/example_dags/tutorial_taskflow_api_virtualenv.py
[2025-12-17T01:13:19.279+0000] {processor.py:830} INFO - Processing file /home/airflow/.local/lib/python3.12/site-packages/airflow/example_dags/tutorial_taskflow_api_virtualenv.py for tasks to queue
[2025-12-17T01:13:19.280+0000] {logging_mixin.py:188} INFO - [2025-12-17T01:13:19.280+0000] {dagbag.py:545} INFO - Filling up the DagBag from /home/airflow/.local/lib/python3.12/site-packages/airflow/example_dags/tutorial_taskflow_api_virtualenv.py
[2025-12-17T01:13:19.286+0000] {processor.py:840} INFO - DAG(s) 'tutorial_taskflow_api_virtualenv' retrieved from /home/airflow/.local/lib/python3.12/site-packages/airflow/example_dags/tutorial_taskflow_api_virtualenv.py
[2025-12-17T01:13:19.297+0000] {logging_mixin.py:188} INFO - [2025-12-17T01:13:19.297+0000] {dag.py:3089} INFO - Sync 1 DAGs
[2025-12-17T01:13:19.302+0000] {logging_mixin.py:188} INFO - [2025-12-17T01:13:19.302+0000] {dag.py:3947} INFO - Setting next_dagrun for tutorial_taskflow_api_virtualenv to None, run_after=None
[2025-12-17T01:13:19.314+0000] {processor.py:183} INFO - Processing /home/airflow/.local/lib/python3.12/site-packages/airflow/example_dags/tutorial_taskflow_api_virtualenv.py took 0.040 seconds
[2025-12-17T02:08:56.881+0000] {processor.py:161} INFO - Started process (PID=41814) to work on /home/airflow/.local/lib/python3.12/site-packages/airflow/example_dags/tutorial_taskflow_api_virtualenv.py
[2025-12-17T02:08:56.883+0000] {processor.py:830} INFO - Processing file /home/airflow/.local/lib/python3.12/site-packages/airflow/example_dags/tutorial_taskflow_api_virtualenv.py for tasks to queue
[2025-12-17T02:08:56.884+0000] {logging_mixin.py:188} INFO - [2025-12-17T02:08:56.884+0000] {dagbag.py:545} INFO - Filling up the DagBag from /home/airflow/.local/lib/python3.12/site-packages/airflow/example_dags/tutorial_taskflow_api_virtualenv.py
[2025-12-17T02:08:56.894+0000] {processor.py:840} INFO - DAG(s) 'tutorial_taskflow_api_virtualenv' retrieved from /home/airflow/.local/lib/python3.12/site-packages/airflow/example_dags/tutorial_taskflow_api_virtualenv.py
[2025-12-17T02:08:56.912+0000] {logging_mixin.py:188} INFO - [2025-12-17T02:08:56.912+0000] {dag.py:3089} INFO - Sync 1 DAGs
[2025-12-17T02:08:56.919+0000] {logging_mixin.py:188} INFO - [2025-12-17T02:08:56.919+0000] {dag.py:3947} INFO - Setting next_dagrun for tutorial_taskflow_api_virtualenv to None, run_after=None
[2025-12-17T02:08:56.930+0000] {processor.py:183} INFO - Processing /home/airflow/.local/lib/python3.12/site-packages/airflow/example_dags/tutorial_taskflow_api_virtualenv.py took 0.054 seconds
[2025-12-17T02:38:01.197+0000] {processor.py:161} INFO - Started process (PID=41873) to work on /home/airflow/.local/lib/python3.12/site-packages/airflow/example_dags/tutorial_taskflow_api_virtualenv.py
[2025-12-17T02:38:01.198+0000] {processor.py:830} INFO - Processing file /home/airflow/.local/lib/python3.12/site-packages/airflow/example_dags/tutorial_taskflow_api_virtualenv.py for tasks to queue
[2025-12-17T02:38:01.198+0000] {logging_mixin.py:188} INFO - [2025-12-17T02:38:01.198+0000] {dagbag.py:545} INFO - Filling up the DagBag from /home/airflow/.local/lib/python3.12/site-packages/airflow/example_dags/tutorial_taskflow_api_virtualenv.py
[2025-12-17T02:38:01.205+0000] {processor.py:840} INFO - DAG(s) 'tutorial_taskflow_api_virtualenv' retrieved from /home/airflow/.local/lib/python3.12/site-packages/airflow/example_dags/tutorial_taskflow_api_virtualenv.py
[2025-12-17T02:38:01.217+0000] {logging_mixin.py:188} INFO - [2025-12-17T02:38:01.217+0000] {dag.py:3089} INFO - Sync 1 DAGs
[2025-12-17T02:38:01.223+0000] {logging_mixin.py:188} INFO - [2025-12-17T02:38:01.223+0000] {dag.py:3947} INFO - Setting next_dagrun for tutorial_taskflow_api_virtualenv to None, run_after=None
[2025-12-17T02:38:01.233+0000] {processor.py:183} INFO - Processing /home/airflow/.local/lib/python3.12/site-packages/airflow/example_dags/tutorial_taskflow_api_virtualenv.py took 0.039 seconds
[2025-12-17T03:29:14.357+0000] {processor.py:161} INFO - Started process (PID=41932) to work on /home/airflow/.local/lib/python3.12/site-packages/airflow/example_dags/tutorial_taskflow_api_virtualenv.py
[2025-12-17T03:29:14.357+0000] {processor.py:830} INFO - Processing file /home/airflow/.local/lib/python3.12/site-packages/airflow/example_dags/tutorial_taskflow_api_virtualenv.py for tasks to queue
[2025-12-17T03:29:14.358+0000] {logging_mixin.py:188} INFO - [2025-12-17T03:29:14.357+0000] {dagbag.py:545} INFO - Filling up the DagBag from /home/airflow/.local/lib/python3.12/site-packages/airflow/example_dags/tutorial_taskflow_api_virtualenv.py
[2025-12-17T03:29:14.365+0000] {processor.py:840} INFO - DAG(s) 'tutorial_taskflow_api_virtualenv' retrieved from /home/airflow/.local/lib/python3.12/site-packages/airflow/example_dags/tutorial_taskflow_api_virtualenv.py
[2025-12-17T03:29:14.381+0000] {logging_mixin.py:188} INFO - [2025-12-17T03:29:14.381+0000] {dag.py:3089} INFO - Sync 1 DAGs
[2025-12-17T03:29:14.390+0000] {logging_mixin.py:188} INFO - [2025-12-17T03:29:14.390+0000] {dag.py:3947} INFO - Setting next_dagrun for tutorial_taskflow_api_virtualenv to None, run_after=None
[2025-12-17T03:29:14.399+0000] {processor.py:183} INFO - Processing /home/airflow/.local/lib/python3.12/site-packages/airflow/example_dags/tutorial_taskflow_api_virtualenv.py took 0.046 seconds
[2025-12-17T03:53:42.480+0000] {processor.py:161} INFO - Started process (PID=41991) to work on /home/airflow/.local/lib/python3.12/site-packages/airflow/example_dags/tutorial_taskflow_api_virtualenv.py
[2025-12-17T03:53:42.484+0000] {processor.py:830} INFO - Processing file /home/airflow/.local/lib/python3.12/site-packages/airflow/example_dags/tutorial_taskflow_api_virtualenv.py for tasks to queue
[2025-12-17T03:53:42.484+0000] {logging_mixin.py:188} INFO - [2025-12-17T03:53:42.484+0000] {dagbag.py:545} INFO - Filling up the DagBag from /home/airflow/.local/lib/python3.12/site-packages/airflow/example_dags/tutorial_taskflow_api_virtualenv.py
[2025-12-17T03:53:42.491+0000] {processor.py:840} INFO - DAG(s) 'tutorial_taskflow_api_virtualenv' retrieved from /home/airflow/.local/lib/python3.12/site-packages/airflow/example_dags/tutorial_taskflow_api_virtualenv.py
[2025-12-17T03:53:42.509+0000] {logging_mixin.py:188} INFO - [2025-12-17T03:53:42.509+0000] {dag.py:3089} INFO - Sync 1 DAGs
[2025-12-17T03:53:42.515+0000] {logging_mixin.py:188} INFO - [2025-12-17T03:53:42.515+0000] {dag.py:3947} INFO - Setting next_dagrun for tutorial_taskflow_api_virtualenv to None, run_after=None
[2025-12-17T03:53:42.527+0000] {processor.py:183} INFO - Processing /home/airflow/.local/lib/python3.12/site-packages/airflow/example_dags/tutorial_taskflow_api_virtualenv.py took 0.059 seconds
[2025-12-17T04:54:45.201+0000] {processor.py:161} INFO - Started process (PID=42050) to work on /home/airflow/.local/lib/python3.12/site-packages/airflow/example_dags/tutorial_taskflow_api_virtualenv.py
[2025-12-17T04:54:45.202+0000] {processor.py:830} INFO - Processing file /home/airflow/.local/lib/python3.12/site-packages/airflow/example_dags/tutorial_taskflow_api_virtualenv.py for tasks to queue
[2025-12-17T04:54:45.202+0000] {logging_mixin.py:188} INFO - [2025-12-17T04:54:45.202+0000] {dagbag.py:545} INFO - Filling up the DagBag from /home/airflow/.local/lib/python3.12/site-packages/airflow/example_dags/tutorial_taskflow_api_virtualenv.py
[2025-12-17T04:54:45.210+0000] {processor.py:840} INFO - DAG(s) 'tutorial_taskflow_api_virtualenv' retrieved from /home/airflow/.local/lib/python3.12/site-packages/airflow/example_dags/tutorial_taskflow_api_virtualenv.py
[2025-12-17T04:54:45.224+0000] {logging_mixin.py:188} INFO - [2025-12-17T04:54:45.224+0000] {dag.py:3089} INFO - Sync 1 DAGs
[2025-12-17T04:54:45.237+0000] {logging_mixin.py:188} INFO - [2025-12-17T04:54:45.237+0000] {dag.py:3947} INFO - Setting next_dagrun for tutorial_taskflow_api_virtualenv to None, run_after=None
[2025-12-17T04:54:45.250+0000] {processor.py:183} INFO - Processing /home/airflow/.local/lib/python3.12/site-packages/airflow/example_dags/tutorial_taskflow_api_virtualenv.py took 0.052 seconds
[2025-12-17T06:11:24.550+0000] {processor.py:161} INFO - Started process (PID=42109) to work on /home/airflow/.local/lib/python3.12/site-packages/airflow/example_dags/tutorial_taskflow_api_virtualenv.py
[2025-12-17T06:11:24.550+0000] {processor.py:830} INFO - Processing file /home/airflow/.local/lib/python3.12/site-packages/airflow/example_dags/tutorial_taskflow_api_virtualenv.py for tasks to queue
[2025-12-17T06:11:24.551+0000] {logging_mixin.py:188} INFO - [2025-12-17T06:11:24.551+0000] {dagbag.py:545} INFO - Filling up the DagBag from /home/airflow/.local/lib/python3.12/site-packages/airflow/example_dags/tutorial_taskflow_api_virtualenv.py
[2025-12-17T06:11:24.557+0000] {processor.py:840} INFO - DAG(s) 'tutorial_taskflow_api_virtualenv' retrieved from /home/airflow/.local/lib/python3.12/site-packages/airflow/example_dags/tutorial_taskflow_api_virtualenv.py
[2025-12-17T06:11:24.570+0000] {logging_mixin.py:188} INFO - [2025-12-17T06:11:24.569+0000] {dag.py:3089} INFO - Sync 1 DAGs
[2025-12-17T06:11:24.579+0000] {logging_mixin.py:188} INFO - [2025-12-17T06:11:24.579+0000] {dag.py:3947} INFO - Setting next_dagrun for tutorial_taskflow_api_virtualenv to None, run_after=None
[2025-12-17T06:11:24.590+0000] {processor.py:183} INFO - Processing /home/airflow/.local/lib/python3.12/site-packages/airflow/example_dags/tutorial_taskflow_api_virtualenv.py took 0.043 seconds
[2025-12-17T07:48:04.696+0000] {processor.py:161} INFO - Started process (PID=42168) to work on /home/airflow/.local/lib/python3.12/site-packages/airflow/example_dags/tutorial_taskflow_api_virtualenv.py
[2025-12-17T07:48:04.698+0000] {processor.py:830} INFO - Processing file /home/airflow/.local/lib/python3.12/site-packages/airflow/example_dags/tutorial_taskflow_api_virtualenv.py for tasks to queue
[2025-12-17T07:48:04.699+0000] {logging_mixin.py:188} INFO - [2025-12-17T07:48:04.699+0000] {dagbag.py:545} INFO - Filling up the DagBag from /home/airflow/.local/lib/python3.12/site-packages/airflow/example_dags/tutorial_taskflow_api_virtualenv.py
[2025-12-17T07:48:04.706+0000] {processor.py:840} INFO - DAG(s) 'tutorial_taskflow_api_virtualenv' retrieved from /home/airflow/.local/lib/python3.12/site-packages/airflow/example_dags/tutorial_taskflow_api_virtualenv.py
[2025-12-17T07:48:04.723+0000] {logging_mixin.py:188} INFO - [2025-12-17T07:48:04.723+0000] {dag.py:3089} INFO - Sync 1 DAGs
[2025-12-17T07:48:04.731+0000] {logging_mixin.py:188} INFO - [2025-12-17T07:48:04.731+0000] {dag.py:3947} INFO - Setting next_dagrun for tutorial_taskflow_api_virtualenv to None, run_after=None
[2025-12-17T07:48:04.746+0000] {processor.py:183} INFO - Processing /home/airflow/.local/lib/python3.12/site-packages/airflow/example_dags/tutorial_taskflow_api_virtualenv.py took 0.056 seconds
[2025-12-17T08:58:44.935+0000] {processor.py:161} INFO - Started process (PID=42227) to work on /home/airflow/.local/lib/python3.12/site-packages/airflow/example_dags/tutorial_taskflow_api_virtualenv.py
[2025-12-17T08:58:44.936+0000] {processor.py:830} INFO - Processing file /home/airflow/.local/lib/python3.12/site-packages/airflow/example_dags/tutorial_taskflow_api_virtualenv.py for tasks to queue
[2025-12-17T08:58:44.936+0000] {logging_mixin.py:188} INFO - [2025-12-17T08:58:44.936+0000] {dagbag.py:545} INFO - Filling up the DagBag from /home/airflow/.local/lib/python3.12/site-packages/airflow/example_dags/tutorial_taskflow_api_virtualenv.py
[2025-12-17T08:58:44.941+0000] {processor.py:840} INFO - DAG(s) 'tutorial_taskflow_api_virtualenv' retrieved from /home/airflow/.local/lib/python3.12/site-packages/airflow/example_dags/tutorial_taskflow_api_virtualenv.py
[2025-12-17T08:58:44.954+0000] {logging_mixin.py:188} INFO - [2025-12-17T08:58:44.953+0000] {dag.py:3089} INFO - Sync 1 DAGs
[2025-12-17T08:58:44.959+0000] {logging_mixin.py:188} INFO - [2025-12-17T08:58:44.959+0000] {dag.py:3947} INFO - Setting next_dagrun for tutorial_taskflow_api_virtualenv to None, run_after=None
[2025-12-17T08:58:44.985+0000] {processor.py:183} INFO - Processing /home/airflow/.local/lib/python3.12/site-packages/airflow/example_dags/tutorial_taskflow_api_virtualenv.py took 0.052 seconds
[2025-12-17T09:20:59.612+0000] {processor.py:161} INFO - Started process (PID=42286) to work on /home/airflow/.local/lib/python3.12/site-packages/airflow/example_dags/tutorial_taskflow_api_virtualenv.py
[2025-12-17T09:20:59.613+0000] {processor.py:830} INFO - Processing file /home/airflow/.local/lib/python3.12/site-packages/airflow/example_dags/tutorial_taskflow_api_virtualenv.py for tasks to queue
[2025-12-17T09:20:59.614+0000] {logging_mixin.py:188} INFO - [2025-12-17T09:20:59.613+0000] {dagbag.py:545} INFO - Filling up the DagBag from /home/airflow/.local/lib/python3.12/site-packages/airflow/example_dags/tutorial_taskflow_api_virtualenv.py
[2025-12-17T09:20:59.620+0000] {processor.py:840} INFO - DAG(s) 'tutorial_taskflow_api_virtualenv' retrieved from /home/airflow/.local/lib/python3.12/site-packages/airflow/example_dags/tutorial_taskflow_api_virtualenv.py
[2025-12-17T09:20:59.631+0000] {logging_mixin.py:188} INFO - [2025-12-17T09:20:59.631+0000] {dag.py:3089} INFO - Sync 1 DAGs
[2025-12-17T09:20:59.637+0000] {logging_mixin.py:188} INFO - [2025-12-17T09:20:59.637+0000] {dag.py:3947} INFO - Setting next_dagrun for tutorial_taskflow_api_virtualenv to None, run_after=None
[2025-12-17T09:20:59.648+0000] {processor.py:183} INFO - Processing /home/airflow/.local/lib/python3.12/site-packages/airflow/example_dags/tutorial_taskflow_api_virtualenv.py took 0.040 seconds
[2025-12-17T10:31:19.982+0000] {processor.py:161} INFO - Started process (PID=42345) to work on /home/airflow/.local/lib/python3.12/site-packages/airflow/example_dags/tutorial_taskflow_api_virtualenv.py
[2025-12-17T10:31:19.983+0000] {processor.py:830} INFO - Processing file /home/airflow/.local/lib/python3.12/site-packages/airflow/example_dags/tutorial_taskflow_api_virtualenv.py for tasks to queue
[2025-12-17T10:31:19.984+0000] {logging_mixin.py:188} INFO - [2025-12-17T10:31:19.983+0000] {dagbag.py:545} INFO - Filling up the DagBag from /home/airflow/.local/lib/python3.12/site-packages/airflow/example_dags/tutorial_taskflow_api_virtualenv.py
[2025-12-17T10:31:19.995+0000] {processor.py:840} INFO - DAG(s) 'tutorial_taskflow_api_virtualenv' retrieved from /home/airflow/.local/lib/python3.12/site-packages/airflow/example_dags/tutorial_taskflow_api_virtualenv.py
[2025-12-17T10:31:20.008+0000] {logging_mixin.py:188} INFO - [2025-12-17T10:31:20.008+0000] {dag.py:3089} INFO - Sync 1 DAGs
[2025-12-17T10:31:20.015+0000] {logging_mixin.py:188} INFO - [2025-12-17T10:31:20.015+0000] {dag.py:3947} INFO - Setting next_dagrun for tutorial_taskflow_api_virtualenv to None, run_after=None
[2025-12-17T10:31:20.023+0000] {processor.py:183} INFO - Processing /home/airflow/.local/lib/python3.12/site-packages/airflow/example_dags/tutorial_taskflow_api_virtualenv.py took 0.048 seconds
[2025-12-17T11:32:04.366+0000] {processor.py:161} INFO - Started process (PID=42404) to work on /home/airflow/.local/lib/python3.12/site-packages/airflow/example_dags/tutorial_taskflow_api_virtualenv.py
[2025-12-17T11:32:04.367+0000] {processor.py:830} INFO - Processing file /home/airflow/.local/lib/python3.12/site-packages/airflow/example_dags/tutorial_taskflow_api_virtualenv.py for tasks to queue
[2025-12-17T11:32:04.367+0000] {logging_mixin.py:188} INFO - [2025-12-17T11:32:04.367+0000] {dagbag.py:545} INFO - Filling up the DagBag from /home/airflow/.local/lib/python3.12/site-packages/airflow/example_dags/tutorial_taskflow_api_virtualenv.py
[2025-12-17T11:32:04.373+0000] {processor.py:840} INFO - DAG(s) 'tutorial_taskflow_api_virtualenv' retrieved from /home/airflow/.local/lib/python3.12/site-packages/airflow/example_dags/tutorial_taskflow_api_virtualenv.py
[2025-12-17T11:32:04.384+0000] {logging_mixin.py:188} INFO - [2025-12-17T11:32:04.384+0000] {dag.py:3089} INFO - Sync 1 DAGs
[2025-12-17T11:32:04.390+0000] {logging_mixin.py:188} INFO - [2025-12-17T11:32:04.389+0000] {dag.py:3947} INFO - Setting next_dagrun for tutorial_taskflow_api_virtualenv to None, run_after=None
[2025-12-17T11:32:04.402+0000] {processor.py:183} INFO - Processing /home/airflow/.local/lib/python3.12/site-packages/airflow/example_dags/tutorial_taskflow_api_virtualenv.py took 0.039 seconds
[2025-12-17T12:33:34.183+0000] {processor.py:161} INFO - Started process (PID=42463) to work on /home/airflow/.local/lib/python3.12/site-packages/airflow/example_dags/tutorial_taskflow_api_virtualenv.py
[2025-12-17T12:33:34.184+0000] {processor.py:830} INFO - Processing file /home/airflow/.local/lib/python3.12/site-packages/airflow/example_dags/tutorial_taskflow_api_virtualenv.py for tasks to queue
[2025-12-17T12:33:34.185+0000] {logging_mixin.py:188} INFO - [2025-12-17T12:33:34.185+0000] {dagbag.py:545} INFO - Filling up the DagBag from /home/airflow/.local/lib/python3.12/site-packages/airflow/example_dags/tutorial_taskflow_api_virtualenv.py
[2025-12-17T12:33:34.193+0000] {processor.py:840} INFO - DAG(s) 'tutorial_taskflow_api_virtualenv' retrieved from /home/airflow/.local/lib/python3.12/site-packages/airflow/example_dags/tutorial_taskflow_api_virtualenv.py
[2025-12-17T12:33:34.208+0000] {logging_mixin.py:188} INFO - [2025-12-17T12:33:34.208+0000] {dag.py:3089} INFO - Sync 1 DAGs
[2025-12-17T12:33:34.215+0000] {logging_mixin.py:188} INFO - [2025-12-17T12:33:34.215+0000] {dag.py:3947} INFO - Setting next_dagrun for tutorial_taskflow_api_virtualenv to None, run_after=None
[2025-12-17T12:33:34.225+0000] {processor.py:183} INFO - Processing /home/airflow/.local/lib/python3.12/site-packages/airflow/example_dags/tutorial_taskflow_api_virtualenv.py took 0.046 seconds
[2025-12-17T13:42:09.234+0000] {processor.py:161} INFO - Started process (PID=42522) to work on /home/airflow/.local/lib/python3.12/site-packages/airflow/example_dags/tutorial_taskflow_api_virtualenv.py
[2025-12-17T13:42:09.234+0000] {processor.py:830} INFO - Processing file /home/airflow/.local/lib/python3.12/site-packages/airflow/example_dags/tutorial_taskflow_api_virtualenv.py for tasks to queue
[2025-12-17T13:42:09.239+0000] {logging_mixin.py:188} INFO - [2025-12-17T13:42:09.238+0000] {dagbag.py:545} INFO - Filling up the DagBag from /home/airflow/.local/lib/python3.12/site-packages/airflow/example_dags/tutorial_taskflow_api_virtualenv.py
[2025-12-17T13:42:09.244+0000] {processor.py:840} INFO - DAG(s) 'tutorial_taskflow_api_virtualenv' retrieved from /home/airflow/.local/lib/python3.12/site-packages/airflow/example_dags/tutorial_taskflow_api_virtualenv.py
[2025-12-17T13:42:09.255+0000] {logging_mixin.py:188} INFO - [2025-12-17T13:42:09.254+0000] {dag.py:3089} INFO - Sync 1 DAGs
[2025-12-17T13:42:09.260+0000] {logging_mixin.py:188} INFO - [2025-12-17T13:42:09.260+0000] {dag.py:3947} INFO - Setting next_dagrun for tutorial_taskflow_api_virtualenv to None, run_after=None
[2025-12-17T13:42:09.269+0000] {processor.py:183} INFO - Processing /home/airflow/.local/lib/python3.12/site-packages/airflow/example_dags/tutorial_taskflow_api_virtualenv.py took 0.039 seconds
[2025-12-17T14:56:27.405+0000] {processor.py:161} INFO - Started process (PID=42581) to work on /home/airflow/.local/lib/python3.12/site-packages/airflow/example_dags/tutorial_taskflow_api_virtualenv.py
[2025-12-17T14:56:27.406+0000] {processor.py:830} INFO - Processing file /home/airflow/.local/lib/python3.12/site-packages/airflow/example_dags/tutorial_taskflow_api_virtualenv.py for tasks to queue
[2025-12-17T14:56:27.406+0000] {logging_mixin.py:188} INFO - [2025-12-17T14:56:27.406+0000] {dagbag.py:545} INFO - Filling up the DagBag from /home/airflow/.local/lib/python3.12/site-packages/airflow/example_dags/tutorial_taskflow_api_virtualenv.py
[2025-12-17T14:56:27.412+0000] {processor.py:840} INFO - DAG(s) 'tutorial_taskflow_api_virtualenv' retrieved from /home/airflow/.local/lib/python3.12/site-packages/airflow/example_dags/tutorial_taskflow_api_virtualenv.py
[2025-12-17T14:56:27.421+0000] {logging_mixin.py:188} INFO - [2025-12-17T14:56:27.421+0000] {dag.py:3089} INFO - Sync 1 DAGs
[2025-12-17T14:56:27.426+0000] {logging_mixin.py:188} INFO - [2025-12-17T14:56:27.426+0000] {dag.py:3947} INFO - Setting next_dagrun for tutorial_taskflow_api_virtualenv to None, run_after=None
[2025-12-17T14:56:27.436+0000] {processor.py:183} INFO - Processing /home/airflow/.local/lib/python3.12/site-packages/airflow/example_dags/tutorial_taskflow_api_virtualenv.py took 0.033 seconds
[2025-12-17T16:05:45.706+0000] {processor.py:161} INFO - Started process (PID=42640) to work on /home/airflow/.local/lib/python3.12/site-packages/airflow/example_dags/tutorial_taskflow_api_virtualenv.py
[2025-12-17T16:05:45.709+0000] {processor.py:830} INFO - Processing file /home/airflow/.local/lib/python3.12/site-packages/airflow/example_dags/tutorial_taskflow_api_virtualenv.py for tasks to queue
[2025-12-17T16:05:45.711+0000] {logging_mixin.py:188} INFO - [2025-12-17T16:05:45.710+0000] {dagbag.py:545} INFO - Filling up the DagBag from /home/airflow/.local/lib/python3.12/site-packages/airflow/example_dags/tutorial_taskflow_api_virtualenv.py
[2025-12-17T16:05:45.720+0000] {processor.py:840} INFO - DAG(s) 'tutorial_taskflow_api_virtualenv' retrieved from /home/airflow/.local/lib/python3.12/site-packages/airflow/example_dags/tutorial_taskflow_api_virtualenv.py
[2025-12-17T16:05:45.747+0000] {logging_mixin.py:188} INFO - [2025-12-17T16:05:45.747+0000] {dag.py:3089} INFO - Sync 1 DAGs
[2025-12-17T16:05:45.753+0000] {logging_mixin.py:188} INFO - [2025-12-17T16:05:45.753+0000] {dag.py:3947} INFO - Setting next_dagrun for tutorial_taskflow_api_virtualenv to None, run_after=None
[2025-12-17T16:05:45.774+0000] {processor.py:183} INFO - Processing /home/airflow/.local/lib/python3.12/site-packages/airflow/example_dags/tutorial_taskflow_api_virtualenv.py took 0.071 seconds
[2025-12-17T17:20:37.364+0000] {processor.py:161} INFO - Started process (PID=42699) to work on /home/airflow/.local/lib/python3.12/site-packages/airflow/example_dags/tutorial_taskflow_api_virtualenv.py
[2025-12-17T17:20:37.366+0000] {processor.py:830} INFO - Processing file /home/airflow/.local/lib/python3.12/site-packages/airflow/example_dags/tutorial_taskflow_api_virtualenv.py for tasks to queue
[2025-12-17T17:20:37.367+0000] {logging_mixin.py:188} INFO - [2025-12-17T17:20:37.366+0000] {dagbag.py:545} INFO - Filling up the DagBag from /home/airflow/.local/lib/python3.12/site-packages/airflow/example_dags/tutorial_taskflow_api_virtualenv.py
[2025-12-17T17:20:37.373+0000] {processor.py:840} INFO - DAG(s) 'tutorial_taskflow_api_virtualenv' retrieved from /home/airflow/.local/lib/python3.12/site-packages/airflow/example_dags/tutorial_taskflow_api_virtualenv.py
[2025-12-17T17:20:37.386+0000] {logging_mixin.py:188} INFO - [2025-12-17T17:20:37.386+0000] {dag.py:3089} INFO - Sync 1 DAGs
[2025-12-17T17:20:37.400+0000] {logging_mixin.py:188} INFO - [2025-12-17T17:20:37.400+0000] {dag.py:3947} INFO - Setting next_dagrun for tutorial_taskflow_api_virtualenv to None, run_after=None
[2025-12-17T17:20:37.416+0000] {processor.py:183} INFO - Processing /home/airflow/.local/lib/python3.12/site-packages/airflow/example_dags/tutorial_taskflow_api_virtualenv.py took 0.060 seconds
[2025-12-17T18:07:06.640+0000] {processor.py:161} INFO - Started process (PID=42758) to work on /home/airflow/.local/lib/python3.12/site-packages/airflow/example_dags/tutorial_taskflow_api_virtualenv.py
[2025-12-17T18:07:06.642+0000] {processor.py:830} INFO - Processing file /home/airflow/.local/lib/python3.12/site-packages/airflow/example_dags/tutorial_taskflow_api_virtualenv.py for tasks to queue
[2025-12-17T18:07:06.643+0000] {logging_mixin.py:188} INFO - [2025-12-17T18:07:06.642+0000] {dagbag.py:545} INFO - Filling up the DagBag from /home/airflow/.local/lib/python3.12/site-packages/airflow/example_dags/tutorial_taskflow_api_virtualenv.py
[2025-12-17T18:07:06.655+0000] {processor.py:840} INFO - DAG(s) 'tutorial_taskflow_api_virtualenv' retrieved from /home/airflow/.local/lib/python3.12/site-packages/airflow/example_dags/tutorial_taskflow_api_virtualenv.py
[2025-12-17T18:07:06.682+0000] {logging_mixin.py:188} INFO - [2025-12-17T18:07:06.682+0000] {dag.py:3089} INFO - Sync 1 DAGs
[2025-12-17T18:07:06.692+0000] {logging_mixin.py:188} INFO - [2025-12-17T18:07:06.691+0000] {dag.py:3947} INFO - Setting next_dagrun for tutorial_taskflow_api_virtualenv to None, run_after=None
[2025-12-17T18:07:06.704+0000] {processor.py:183} INFO - Processing /home/airflow/.local/lib/python3.12/site-packages/airflow/example_dags/tutorial_taskflow_api_virtualenv.py took 0.068 seconds
[2025-12-17T18:26:57.252+0000] {processor.py:161} INFO - Started process (PID=42817) to work on /home/airflow/.local/lib/python3.12/site-packages/airflow/example_dags/tutorial_taskflow_api_virtualenv.py
[2025-12-17T18:26:57.252+0000] {processor.py:830} INFO - Processing file /home/airflow/.local/lib/python3.12/site-packages/airflow/example_dags/tutorial_taskflow_api_virtualenv.py for tasks to queue
[2025-12-17T18:26:57.253+0000] {logging_mixin.py:188} INFO - [2025-12-17T18:26:57.253+0000] {dagbag.py:545} INFO - Filling up the DagBag from /home/airflow/.local/lib/python3.12/site-packages/airflow/example_dags/tutorial_taskflow_api_virtualenv.py
[2025-12-17T18:26:57.262+0000] {processor.py:840} INFO - DAG(s) 'tutorial_taskflow_api_virtualenv' retrieved from /home/airflow/.local/lib/python3.12/site-packages/airflow/example_dags/tutorial_taskflow_api_virtualenv.py
[2025-12-17T18:26:57.272+0000] {logging_mixin.py:188} INFO - [2025-12-17T18:26:57.272+0000] {dag.py:3089} INFO - Sync 1 DAGs
[2025-12-17T18:26:57.278+0000] {logging_mixin.py:188} INFO - [2025-12-17T18:26:57.278+0000] {dag.py:3947} INFO - Setting next_dagrun for tutorial_taskflow_api_virtualenv to None, run_after=None
[2025-12-17T18:26:57.291+0000] {processor.py:183} INFO - Processing /home/airflow/.local/lib/python3.12/site-packages/airflow/example_dags/tutorial_taskflow_api_virtualenv.py took 0.044 seconds
[2025-12-17T19:41:41.624+0000] {processor.py:161} INFO - Started process (PID=42876) to work on /home/airflow/.local/lib/python3.12/site-packages/airflow/example_dags/tutorial_taskflow_api_virtualenv.py
[2025-12-17T19:41:41.626+0000] {processor.py:830} INFO - Processing file /home/airflow/.local/lib/python3.12/site-packages/airflow/example_dags/tutorial_taskflow_api_virtualenv.py for tasks to queue
[2025-12-17T19:41:41.626+0000] {logging_mixin.py:188} INFO - [2025-12-17T19:41:41.626+0000] {dagbag.py:545} INFO - Filling up the DagBag from /home/airflow/.local/lib/python3.12/site-packages/airflow/example_dags/tutorial_taskflow_api_virtualenv.py
[2025-12-17T19:41:41.738+0000] {processor.py:840} INFO - DAG(s) 'tutorial_taskflow_api_virtualenv' retrieved from /home/airflow/.local/lib/python3.12/site-packages/airflow/example_dags/tutorial_taskflow_api_virtualenv.py
[2025-12-17T19:41:41.780+0000] {logging_mixin.py:188} INFO - [2025-12-17T19:41:41.780+0000] {dag.py:3089} INFO - Sync 1 DAGs
[2025-12-17T19:41:41.793+0000] {logging_mixin.py:188} INFO - [2025-12-17T19:41:41.793+0000] {dag.py:3947} INFO - Setting next_dagrun for tutorial_taskflow_api_virtualenv to None, run_after=None
[2025-12-17T19:41:41.810+0000] {processor.py:183} INFO - Processing /home/airflow/.local/lib/python3.12/site-packages/airflow/example_dags/tutorial_taskflow_api_virtualenv.py took 0.191 seconds
[2025-12-17T21:17:13.812+0000] {processor.py:161} INFO - Started process (PID=42935) to work on /home/airflow/.local/lib/python3.12/site-packages/airflow/example_dags/tutorial_taskflow_api_virtualenv.py
[2025-12-17T21:17:13.813+0000] {processor.py:830} INFO - Processing file /home/airflow/.local/lib/python3.12/site-packages/airflow/example_dags/tutorial_taskflow_api_virtualenv.py for tasks to queue
[2025-12-17T21:17:13.813+0000] {logging_mixin.py:188} INFO - [2025-12-17T21:17:13.813+0000] {dagbag.py:545} INFO - Filling up the DagBag from /home/airflow/.local/lib/python3.12/site-packages/airflow/example_dags/tutorial_taskflow_api_virtualenv.py
[2025-12-17T21:17:13.823+0000] {processor.py:840} INFO - DAG(s) 'tutorial_taskflow_api_virtualenv' retrieved from /home/airflow/.local/lib/python3.12/site-packages/airflow/example_dags/tutorial_taskflow_api_virtualenv.py
[2025-12-17T21:17:13.843+0000] {logging_mixin.py:188} INFO - [2025-12-17T21:17:13.843+0000] {dag.py:3089} INFO - Sync 1 DAGs
[2025-12-17T21:17:13.855+0000] {logging_mixin.py:188} INFO - [2025-12-17T21:17:13.855+0000] {dag.py:3947} INFO - Setting next_dagrun for tutorial_taskflow_api_virtualenv to None, run_after=None
[2025-12-17T21:17:13.868+0000] {processor.py:183} INFO - Processing /home/airflow/.local/lib/python3.12/site-packages/airflow/example_dags/tutorial_taskflow_api_virtualenv.py took 0.060 seconds
[2025-12-17T22:30:36.793+0000] {processor.py:161} INFO - Started process (PID=42994) to work on /home/airflow/.local/lib/python3.12/site-packages/airflow/example_dags/tutorial_taskflow_api_virtualenv.py
[2025-12-17T22:30:36.793+0000] {processor.py:830} INFO - Processing file /home/airflow/.local/lib/python3.12/site-packages/airflow/example_dags/tutorial_taskflow_api_virtualenv.py for tasks to queue
[2025-12-17T22:30:36.795+0000] {logging_mixin.py:188} INFO - [2025-12-17T22:30:36.794+0000] {dagbag.py:545} INFO - Filling up the DagBag from /home/airflow/.local/lib/python3.12/site-packages/airflow/example_dags/tutorial_taskflow_api_virtualenv.py
[2025-12-17T22:30:36.802+0000] {processor.py:840} INFO - DAG(s) 'tutorial_taskflow_api_virtualenv' retrieved from /home/airflow/.local/lib/python3.12/site-packages/airflow/example_dags/tutorial_taskflow_api_virtualenv.py
[2025-12-17T22:30:36.820+0000] {logging_mixin.py:188} INFO - [2025-12-17T22:30:36.820+0000] {dag.py:3089} INFO - Sync 1 DAGs
[2025-12-17T22:30:36.833+0000] {logging_mixin.py:188} INFO - [2025-12-17T22:30:36.833+0000] {dag.py:3947} INFO - Setting next_dagrun for tutorial_taskflow_api_virtualenv to None, run_after=None
[2025-12-17T22:30:36.844+0000] {processor.py:183} INFO - Processing /home/airflow/.local/lib/python3.12/site-packages/airflow/example_dags/tutorial_taskflow_api_virtualenv.py took 0.056 seconds
