[2026-01-14T00:09:01.051+0000] {local_task_job_runner.py:120} INFO - ::group::Pre task execution logs
[2026-01-14T00:09:01.058+0000] {taskinstance.py:2076} INFO - Dependencies all met for dep_context=non-requeueable deps ti=<TaskInstance: kitedag.youtube_get_category_task scheduled__2026-01-13T00:00:00+00:00 [queued]>
[2026-01-14T00:09:01.062+0000] {taskinstance.py:2076} INFO - Dependencies all met for dep_context=requeueable deps ti=<TaskInstance: kitedag.youtube_get_category_task scheduled__2026-01-13T00:00:00+00:00 [queued]>
[2026-01-14T00:09:01.062+0000] {taskinstance.py:2306} INFO - Starting attempt 1 of 1
[2026-01-14T00:09:01.068+0000] {taskinstance.py:2330} INFO - Executing <Task(YoutubeAPISearchOperator): youtube_get_category_task> on 2026-01-13 00:00:00+00:00
[2026-01-14T00:09:01.072+0000] {warnings.py:112} WARNING - /home/***/.local/lib/python3.12/site-packages/***/task/task_runner/standard_task_runner.py:62: DeprecationWarning: This process (pid=89007) is multi-threaded, use of fork() may lead to deadlocks in the child.
  pid = os.fork()

[2026-01-14T00:09:01.073+0000] {standard_task_runner.py:64} INFO - Started process 89009 to run task
[2026-01-14T00:09:01.073+0000] {standard_task_runner.py:90} INFO - Running: ['***', 'tasks', 'run', 'kitedag', 'youtube_get_category_task', 'scheduled__2026-01-13T00:00:00+00:00', '--job-id', '286', '--raw', '--subdir', 'DAGS_FOLDER/kitedag.py', '--cfg-path', '/tmp/tmpysg1tciy']
[2026-01-14T00:09:01.075+0000] {standard_task_runner.py:91} INFO - Job 286: Subtask youtube_get_category_task
[2026-01-14T00:09:01.097+0000] {task_command.py:426} INFO - Running <TaskInstance: kitedag.youtube_get_category_task scheduled__2026-01-13T00:00:00+00:00 [running]> on host e9b202c96d39
[2026-01-14T00:09:01.139+0000] {taskinstance.py:2648} INFO - Exporting env vars: AIRFLOW_CTX_DAG_OWNER='***' AIRFLOW_CTX_DAG_ID='kitedag' AIRFLOW_CTX_TASK_ID='youtube_get_category_task' AIRFLOW_CTX_EXECUTION_DATE='2026-01-13T00:00:00+00:00' AIRFLOW_CTX_TRY_NUMBER='1' AIRFLOW_CTX_DAG_RUN_ID='scheduled__2026-01-13T00:00:00+00:00'
[2026-01-14T00:09:01.140+0000] {taskinstance.py:430} INFO - ::endgroup::
[2026-01-14T00:09:01.143+0000] {base.py:84} INFO - Using connection ID 'youtube_connection' for task execution.
[2026-01-14T00:09:01.310+0000] {base.py:84} INFO - Using connection ID 'aws_default' for task execution.
[2026-01-14T00:09:01.310+0000] {connection_wrapper.py:384} INFO - AWS Connection (conn_id='aws_default', conn_type='aws') credentials retrieved from login and password.
[2026-01-14T00:09:02.480+0000] {YoutubeAPI_Operator.py:52} INFO - Data uploaded to s3://bhavikabucket22/youtube_data/categories.json
[2026-01-14T00:09:02.481+0000] {taskinstance.py:441} INFO - ::group::Post task execution logs
[2026-01-14T00:09:02.491+0000] {taskinstance.py:1206} INFO - Marking task as SUCCESS. dag_id=kitedag, task_id=youtube_get_category_task, run_id=scheduled__2026-01-13T00:00:00+00:00, execution_date=20260113T000000, start_date=20260114T000901, end_date=20260114T000902
[2026-01-14T00:09:02.543+0000] {local_task_job_runner.py:243} INFO - Task exited with return code 0
[2026-01-14T00:09:02.557+0000] {taskinstance.py:3503} INFO - 1 downstream tasks scheduled from follow-on schedule check
[2026-01-14T00:09:02.557+0000] {local_task_job_runner.py:222} INFO - ::endgroup::
