[2025-12-12T11:50:43.092+0000] {local_task_job_runner.py:120} INFO - ::group::Pre task execution logs
[2025-12-12T11:50:43.098+0000] {taskinstance.py:2076} INFO - Dependencies all met for dep_context=non-requeueable deps ti=<TaskInstance: kitedag.update_status_transform_youtube_json manual__2025-12-12T11:50:29.682063+00:00 [queued]>
[2025-12-12T11:50:43.100+0000] {taskinstance.py:2076} INFO - Dependencies all met for dep_context=requeueable deps ti=<TaskInstance: kitedag.update_status_transform_youtube_json manual__2025-12-12T11:50:29.682063+00:00 [queued]>
[2025-12-12T11:50:43.101+0000] {taskinstance.py:2306} INFO - Starting attempt 1 of 1
[2025-12-12T11:50:43.105+0000] {taskinstance.py:2330} INFO - Executing <Task(PythonOperator): update_status_transform_youtube_json> on 2025-12-12 11:50:29.682063+00:00
[2025-12-12T11:50:43.108+0000] {warnings.py:112} WARNING - /home/***/.local/lib/python3.12/site-packages/***/task/task_runner/standard_task_runner.py:62: DeprecationWarning: This process (pid=16148) is multi-threaded, use of fork() may lead to deadlocks in the child.
  pid = os.fork()

[2025-12-12T11:50:43.108+0000] {standard_task_runner.py:64} INFO - Started process 16150 to run task
[2025-12-12T11:50:43.109+0000] {standard_task_runner.py:90} INFO - Running: ['***', 'tasks', 'run', 'kitedag', 'update_status_transform_youtube_json', 'manual__2025-12-12T11:50:29.682063+00:00', '--job-id', '118', '--raw', '--subdir', 'DAGS_FOLDER/kitedag.py', '--cfg-path', '/tmp/tmppaw47_u_']
[2025-12-12T11:50:43.110+0000] {standard_task_runner.py:91} INFO - Job 118: Subtask update_status_transform_youtube_json
[2025-12-12T11:50:43.125+0000] {task_command.py:426} INFO - Running <TaskInstance: kitedag.update_status_transform_youtube_json manual__2025-12-12T11:50:29.682063+00:00 [running]> on host e9b202c96d39
[2025-12-12T11:50:43.155+0000] {taskinstance.py:2648} INFO - Exporting env vars: AIRFLOW_CTX_DAG_OWNER='***' AIRFLOW_CTX_DAG_ID='kitedag' AIRFLOW_CTX_TASK_ID='update_status_transform_youtube_json' AIRFLOW_CTX_EXECUTION_DATE='2025-12-12T11:50:29.682063+00:00' AIRFLOW_CTX_TRY_NUMBER='1' AIRFLOW_CTX_DAG_RUN_ID='manual__2025-12-12T11:50:29.682063+00:00'
[2025-12-12T11:50:43.155+0000] {taskinstance.py:430} INFO - ::endgroup::
[2025-12-12T11:50:43.156+0000] {taskinstance.py:441} INFO - ::group::Post task execution logs
[2025-12-12T11:50:43.157+0000] {taskinstance.py:2905} ERROR - Task failed with exception
Traceback (most recent call last):
  File "/home/airflow/.local/lib/python3.12/site-packages/airflow/models/taskinstance.py", line 465, in _execute_task
    result = _execute_callable(context=context, **execute_callable_kwargs)
             ^^^^^^^^^^^^^^^^^^^^^^^^^^^^^^^^^^^^^^^^^^^^^^^^^^^^^^^^^^^^^
  File "/home/airflow/.local/lib/python3.12/site-packages/airflow/models/taskinstance.py", line 432, in _execute_callable
    return execute_callable(context=context, **execute_callable_kwargs)
           ^^^^^^^^^^^^^^^^^^^^^^^^^^^^^^^^^^^^^^^^^^^^^^^^^^^^^^^^^^^^
  File "/home/airflow/.local/lib/python3.12/site-packages/airflow/models/baseoperator.py", line 401, in wrapper
    return func(self, *args, **kwargs)
           ^^^^^^^^^^^^^^^^^^^^^^^^^^^
  File "/home/airflow/.local/lib/python3.12/site-packages/airflow/operators/python.py", line 235, in execute
    return_value = self.execute_callable()
                   ^^^^^^^^^^^^^^^^^^^^^^^
  File "/home/airflow/.local/lib/python3.12/site-packages/airflow/operators/python.py", line 252, in execute_callable
    return self.python_callable(*self.op_args, **self.op_kwargs)
           ^^^^^^^^^^^^^^^^^^^^^^^^^^^^^^^^^^^^^^^^^^^^^^^^^^^^^
  File "/opt/airflow/dags/kitedag.py", line 26, in update_status
    with open(JOB_FILE_PATH, "r") as f:
         ^^^^^^^^^^^^^^^^^^^^^^^^
FileNotFoundError: [Errno 2] No such file or directory: '/Users/bhavikabharti/airflow-docker/dags/Job_dictionary.py'
[2025-12-12T11:50:43.160+0000] {taskinstance.py:1206} INFO - Marking task as FAILED. dag_id=kitedag, task_id=update_status_transform_youtube_json, run_id=manual__2025-12-12T11:50:29.682063+00:00, execution_date=20251212T115029, start_date=20251212T115043, end_date=20251212T115043
[2025-12-12T11:50:43.164+0000] {standard_task_runner.py:110} ERROR - Failed to execute job 118 for task update_status_transform_youtube_json ([Errno 2] No such file or directory: '/Users/bhavikabharti/airflow-docker/dags/Job_dictionary.py'; 16150)
[2025-12-12T11:50:43.168+0000] {local_task_job_runner.py:243} INFO - Task exited with return code 1
[2025-12-12T11:50:43.177+0000] {taskinstance.py:3503} INFO - 0 downstream tasks scheduled from follow-on schedule check
[2025-12-12T11:50:43.178+0000] {local_task_job_runner.py:222} INFO - ::endgroup::
