[2025-12-15T12:53:01.996+0000] {local_task_job_runner.py:120} INFO - ::group::Pre task execution logs
[2025-12-15T12:53:02.001+0000] {taskinstance.py:2076} INFO - Dependencies all met for dep_context=non-requeueable deps ti=<TaskInstance: kitedag.run_job manual__2025-12-15T12:52:48.227777+00:00 [queued]>
[2025-12-15T12:53:02.004+0000] {taskinstance.py:2076} INFO - Dependencies all met for dep_context=requeueable deps ti=<TaskInstance: kitedag.run_job manual__2025-12-15T12:52:48.227777+00:00 [queued]>
[2025-12-15T12:53:02.004+0000] {taskinstance.py:2306} INFO - Starting attempt 1 of 1
[2025-12-15T12:53:02.008+0000] {taskinstance.py:2330} INFO - Executing <Task(DatabricksJobRunOperator): run_job> on 2025-12-15 12:52:48.227777+00:00
[2025-12-15T12:53:02.011+0000] {warnings.py:112} WARNING - /home/***/.local/lib/python3.12/site-packages/***/task/task_runner/standard_task_runner.py:62: DeprecationWarning: This process (pid=26024) is multi-threaded, use of fork() may lead to deadlocks in the child.
  pid = os.fork()

[2025-12-15T12:53:02.012+0000] {standard_task_runner.py:64} INFO - Started process 26026 to run task
[2025-12-15T12:53:02.012+0000] {standard_task_runner.py:90} INFO - Running: ['***', 'tasks', 'run', 'kitedag', 'run_job', 'manual__2025-12-15T12:52:48.227777+00:00', '--job-id', '197', '--raw', '--subdir', 'DAGS_FOLDER/kitedag.py', '--cfg-path', '/tmp/tmpmy4io4xd']
[2025-12-15T12:53:02.013+0000] {standard_task_runner.py:91} INFO - Job 197: Subtask run_job
[2025-12-15T12:53:02.028+0000] {task_command.py:426} INFO - Running <TaskInstance: kitedag.run_job manual__2025-12-15T12:52:48.227777+00:00 [running]> on host e9b202c96d39
[2025-12-15T12:53:02.061+0000] {taskinstance.py:2648} INFO - Exporting env vars: AIRFLOW_CTX_DAG_OWNER='***' AIRFLOW_CTX_DAG_ID='kitedag' AIRFLOW_CTX_TASK_ID='run_job' AIRFLOW_CTX_EXECUTION_DATE='2025-12-15T12:52:48.227777+00:00' AIRFLOW_CTX_TRY_NUMBER='1' AIRFLOW_CTX_DAG_RUN_ID='manual__2025-12-15T12:52:48.227777+00:00'
[2025-12-15T12:53:02.062+0000] {taskinstance.py:430} INFO - ::endgroup::
[2025-12-15T12:53:02.062+0000] {DatabricksJobRunOperator.py:20} INFO - Running Databricks job_id: [187092103708177, 959528231352]
[2025-12-15T12:53:02.063+0000] {logging_mixin.py:188} INFO - Running jobs with IDs: [187092103708177, 959528231352]
[2025-12-15T12:53:02.063+0000] {logging_mixin.py:188} INFO - here
[2025-12-15T12:53:02.063+0000] {logging_mixin.py:188} INFO - {'job_id': '[', 'notebook_params': {}}
[2025-12-15T12:53:02.065+0000] {base.py:84} INFO - Using connection ID 'databricks_default' for task execution.
[2025-12-15T12:53:02.065+0000] {logging_mixin.py:188} INFO - Using Databricks Token: ***
[2025-12-15T12:53:02.066+0000] {logging_mixin.py:188} INFO - Job Payload: {'job_id': '[', 'notebook_params': {}}
[2025-12-15T12:53:03.291+0000] {DatabricksJobRunOperator.py:32} ERROR - Failed to run job: 400 Client Error: Bad Request for url: https://dbc-edd8f916-cefb.cloud.databricks.com/api/2.1/jobs/run-now
[2025-12-15T12:53:03.294+0000] {taskinstance.py:441} INFO - ::group::Post task execution logs
[2025-12-15T12:53:03.295+0000] {taskinstance.py:2905} ERROR - Task failed with exception
Traceback (most recent call last):
  File "/home/airflow/.local/lib/python3.12/site-packages/airflow/models/taskinstance.py", line 465, in _execute_task
    result = _execute_callable(context=context, **execute_callable_kwargs)
             ^^^^^^^^^^^^^^^^^^^^^^^^^^^^^^^^^^^^^^^^^^^^^^^^^^^^^^^^^^^^^
  File "/home/airflow/.local/lib/python3.12/site-packages/airflow/models/taskinstance.py", line 432, in _execute_callable
    return execute_callable(context=context, **execute_callable_kwargs)
           ^^^^^^^^^^^^^^^^^^^^^^^^^^^^^^^^^^^^^^^^^^^^^^^^^^^^^^^^^^^^
  File "/home/airflow/.local/lib/python3.12/site-packages/airflow/models/baseoperator.py", line 401, in wrapper
    return func(self, *args, **kwargs)
           ^^^^^^^^^^^^^^^^^^^^^^^^^^^
  File "/opt/airflow/dags/connectors/DatabricksJobRunOperator.py", line 24, in execute
    response_json = hook.run_job(self.job_ids, self.notebook_params)
                    ^^^^^^^^^^^^^^^^^^^^^^^^^^^^^^^^^^^^^^^^^^^^^^^^
  File "/opt/airflow/dags/customHooks/DatabricksHook.py", line 57, in run_job
    self._request('jobs/run-now', method='POST', job_payload=payload)
  File "/opt/airflow/dags/customHooks/DatabricksHook.py", line 33, in _request
    response.raise_for_status()
  File "/home/airflow/.local/lib/python3.12/site-packages/requests/models.py", line 1024, in raise_for_status
    raise HTTPError(http_error_msg, response=self)
requests.exceptions.HTTPError: 400 Client Error: Bad Request for url: https://dbc-edd8f916-cefb.cloud.databricks.com/api/2.1/jobs/run-now
[2025-12-15T12:53:03.310+0000] {taskinstance.py:1206} INFO - Marking task as FAILED. dag_id=kitedag, task_id=run_job, run_id=manual__2025-12-15T12:52:48.227777+00:00, execution_date=20251215T125248, start_date=20251215T125302, end_date=20251215T125303
[2025-12-15T12:53:03.321+0000] {standard_task_runner.py:110} ERROR - Failed to execute job 197 for task run_job (400 Client Error: Bad Request for url: https://dbc-edd8f916-cefb.cloud.databricks.com/api/2.1/jobs/run-now; 26026)
[2025-12-15T12:53:03.366+0000] {local_task_job_runner.py:243} INFO - Task exited with return code 1
[2025-12-15T12:53:03.377+0000] {taskinstance.py:3503} INFO - 0 downstream tasks scheduled from follow-on schedule check
[2025-12-15T12:53:03.378+0000] {local_task_job_runner.py:222} INFO - ::endgroup::
