[2026-01-06T00:03:21.910+0000] {local_task_job_runner.py:120} INFO - ::group::Pre task execution logs
[2026-01-06T00:03:21.945+0000] {taskinstance.py:2076} INFO - Dependencies all met for dep_context=non-requeueable deps ti=<TaskInstance: kitedag.youtube_search_task scheduled__2026-01-05T00:00:00+00:00 [queued]>
[2026-01-06T00:03:21.965+0000] {taskinstance.py:2076} INFO - Dependencies all met for dep_context=requeueable deps ti=<TaskInstance: kitedag.youtube_search_task scheduled__2026-01-05T00:00:00+00:00 [queued]>
[2026-01-06T00:03:21.966+0000] {taskinstance.py:2306} INFO - Starting attempt 1 of 1
[2026-01-06T00:03:21.987+0000] {taskinstance.py:2330} INFO - Executing <Task(YoutubeAPISearchOperator): youtube_search_task> on 2026-01-05 00:00:00+00:00
[2026-01-06T00:03:22.029+0000] {warnings.py:112} WARNING - /home/***/.local/lib/python3.12/site-packages/***/task/task_runner/standard_task_runner.py:62: DeprecationWarning: This process (pid=51646) is multi-threaded, use of fork() may lead to deadlocks in the child.
  pid = os.fork()

[2026-01-06T00:03:22.031+0000] {standard_task_runner.py:64} INFO - Started process 51649 to run task
[2026-01-06T00:03:22.030+0000] {standard_task_runner.py:90} INFO - Running: ['***', 'tasks', 'run', 'kitedag', 'youtube_search_task', 'scheduled__2026-01-05T00:00:00+00:00', '--job-id', '248', '--raw', '--subdir', 'DAGS_FOLDER/kitedag.py', '--cfg-path', '/tmp/tmpc06p6yib']
[2026-01-06T00:03:22.034+0000] {standard_task_runner.py:91} INFO - Job 248: Subtask youtube_search_task
[2026-01-06T00:03:22.118+0000] {task_command.py:426} INFO - Running <TaskInstance: kitedag.youtube_search_task scheduled__2026-01-05T00:00:00+00:00 [running]> on host e9b202c96d39
[2026-01-06T00:03:22.311+0000] {taskinstance.py:2648} INFO - Exporting env vars: AIRFLOW_CTX_DAG_OWNER='***' AIRFLOW_CTX_DAG_ID='kitedag' AIRFLOW_CTX_TASK_ID='youtube_search_task' AIRFLOW_CTX_EXECUTION_DATE='2026-01-05T00:00:00+00:00' AIRFLOW_CTX_TRY_NUMBER='1' AIRFLOW_CTX_DAG_RUN_ID='scheduled__2026-01-05T00:00:00+00:00'
[2026-01-06T00:03:22.315+0000] {taskinstance.py:430} INFO - ::endgroup::
[2026-01-06T00:03:22.441+0000] {base.py:84} INFO - Using connection ID 'youtube_connection' for task execution.
[2026-01-06T00:03:23.134+0000] {base.py:84} INFO - Using connection ID 'aws_default' for task execution.
[2026-01-06T00:03:23.146+0000] {connection_wrapper.py:384} INFO - AWS Connection (conn_id='aws_default', conn_type='aws') credentials retrieved from login and password.
[2026-01-06T00:03:25.743+0000] {YoutubeAPI_Operator.py:52} INFO - Data uploaded to s3://bhavikabucket22/youtube_data/search_result.json
[2026-01-06T00:03:25.750+0000] {taskinstance.py:441} INFO - ::group::Post task execution logs
[2026-01-06T00:03:25.828+0000] {taskinstance.py:1206} INFO - Marking task as SUCCESS. dag_id=kitedag, task_id=youtube_search_task, run_id=scheduled__2026-01-05T00:00:00+00:00, execution_date=20260105T000000, start_date=20260106T000321, end_date=20260106T000325
[2026-01-06T00:03:25.871+0000] {local_task_job_runner.py:243} INFO - Task exited with return code 0
[2026-01-06T00:03:25.969+0000] {taskinstance.py:3503} INFO - 1 downstream tasks scheduled from follow-on schedule check
[2026-01-06T00:03:25.972+0000] {local_task_job_runner.py:222} INFO - ::endgroup::
