[2026-01-01T01:03:22.342+0000] {processor.py:161} INFO - Started process (PID=51820) to work on /opt/airflow/dags/kitedag.py
[2026-01-01T01:03:22.343+0000] {processor.py:830} INFO - Processing file /opt/airflow/dags/kitedag.py for tasks to queue
[2026-01-01T01:03:22.343+0000] {logging_mixin.py:188} INFO - [2026-01-01T01:03:22.343+0000] {dagbag.py:545} INFO - Filling up the DagBag from /opt/airflow/dags/kitedag.py
[2026-01-01T01:03:22.447+0000] {processor.py:840} INFO - DAG(s) 'kitedag' retrieved from /opt/airflow/dags/kitedag.py
[2026-01-01T01:03:22.457+0000] {logging_mixin.py:188} INFO - [2026-01-01T01:03:22.457+0000] {dag.py:3089} INFO - Sync 1 DAGs
[2026-01-01T01:03:22.472+0000] {logging_mixin.py:188} INFO - [2026-01-01T01:03:22.472+0000] {dag.py:3947} INFO - Setting next_dagrun for kitedag to 2025-12-31 00:00:00+00:00, run_after=2026-01-01 00:00:00+00:00
[2026-01-01T01:03:22.487+0000] {processor.py:183} INFO - Processing /opt/airflow/dags/kitedag.py took 0.148 seconds
[2026-01-01T02:01:01.560+0000] {processor.py:161} INFO - Started process (PID=51879) to work on /opt/airflow/dags/kitedag.py
[2026-01-01T02:01:01.561+0000] {processor.py:830} INFO - Processing file /opt/airflow/dags/kitedag.py for tasks to queue
[2026-01-01T02:01:01.561+0000] {logging_mixin.py:188} INFO - [2026-01-01T02:01:01.561+0000] {dagbag.py:545} INFO - Filling up the DagBag from /opt/airflow/dags/kitedag.py
[2026-01-01T02:01:01.753+0000] {processor.py:840} INFO - DAG(s) 'kitedag' retrieved from /opt/airflow/dags/kitedag.py
[2026-01-01T02:01:01.772+0000] {logging_mixin.py:188} INFO - [2026-01-01T02:01:01.772+0000] {dag.py:3089} INFO - Sync 1 DAGs
[2026-01-01T02:01:01.785+0000] {logging_mixin.py:188} INFO - [2026-01-01T02:01:01.785+0000] {dag.py:3947} INFO - Setting next_dagrun for kitedag to 2026-01-01 00:00:00+00:00, run_after=2026-01-02 00:00:00+00:00
[2026-01-01T02:01:01.810+0000] {processor.py:183} INFO - Processing /opt/airflow/dags/kitedag.py took 0.256 seconds
[2026-01-01T03:35:53.068+0000] {processor.py:161} INFO - Started process (PID=51938) to work on /opt/airflow/dags/kitedag.py
[2026-01-01T03:35:53.070+0000] {processor.py:830} INFO - Processing file /opt/airflow/dags/kitedag.py for tasks to queue
[2026-01-01T03:35:53.071+0000] {logging_mixin.py:188} INFO - [2026-01-01T03:35:53.070+0000] {dagbag.py:545} INFO - Filling up the DagBag from /opt/airflow/dags/kitedag.py
[2026-01-01T03:35:53.258+0000] {processor.py:840} INFO - DAG(s) 'kitedag' retrieved from /opt/airflow/dags/kitedag.py
[2026-01-01T03:35:53.271+0000] {logging_mixin.py:188} INFO - [2026-01-01T03:35:53.271+0000] {dag.py:3089} INFO - Sync 1 DAGs
[2026-01-01T03:35:53.283+0000] {logging_mixin.py:188} INFO - [2026-01-01T03:35:53.283+0000] {dag.py:3947} INFO - Setting next_dagrun for kitedag to 2026-01-01 00:00:00+00:00, run_after=2026-01-02 00:00:00+00:00
[2026-01-01T03:35:53.290+0000] {processor.py:183} INFO - Processing /opt/airflow/dags/kitedag.py took 0.241 seconds
[2026-01-01T04:55:52.994+0000] {processor.py:161} INFO - Started process (PID=51998) to work on /opt/airflow/dags/kitedag.py
[2026-01-01T04:55:52.995+0000] {processor.py:830} INFO - Processing file /opt/airflow/dags/kitedag.py for tasks to queue
[2026-01-01T04:55:52.996+0000] {logging_mixin.py:188} INFO - [2026-01-01T04:55:52.996+0000] {dagbag.py:545} INFO - Filling up the DagBag from /opt/airflow/dags/kitedag.py
[2026-01-01T04:55:53.183+0000] {processor.py:840} INFO - DAG(s) 'kitedag' retrieved from /opt/airflow/dags/kitedag.py
[2026-01-01T04:55:53.196+0000] {logging_mixin.py:188} INFO - [2026-01-01T04:55:53.196+0000] {dag.py:3089} INFO - Sync 1 DAGs
[2026-01-01T04:55:53.205+0000] {logging_mixin.py:188} INFO - [2026-01-01T04:55:53.205+0000] {dag.py:3947} INFO - Setting next_dagrun for kitedag to 2026-01-01 00:00:00+00:00, run_after=2026-01-02 00:00:00+00:00
[2026-01-01T04:55:53.217+0000] {processor.py:183} INFO - Processing /opt/airflow/dags/kitedag.py took 0.234 seconds
[2026-01-01T06:07:21.430+0000] {processor.py:161} INFO - Started process (PID=52057) to work on /opt/airflow/dags/kitedag.py
[2026-01-01T06:07:21.431+0000] {processor.py:830} INFO - Processing file /opt/airflow/dags/kitedag.py for tasks to queue
[2026-01-01T06:07:21.432+0000] {logging_mixin.py:188} INFO - [2026-01-01T06:07:21.431+0000] {dagbag.py:545} INFO - Filling up the DagBag from /opt/airflow/dags/kitedag.py
[2026-01-01T06:07:21.550+0000] {processor.py:840} INFO - DAG(s) 'kitedag' retrieved from /opt/airflow/dags/kitedag.py
[2026-01-01T06:07:21.560+0000] {logging_mixin.py:188} INFO - [2026-01-01T06:07:21.560+0000] {dag.py:3089} INFO - Sync 1 DAGs
[2026-01-01T06:07:21.570+0000] {logging_mixin.py:188} INFO - [2026-01-01T06:07:21.570+0000] {dag.py:3947} INFO - Setting next_dagrun for kitedag to 2026-01-01 00:00:00+00:00, run_after=2026-01-02 00:00:00+00:00
[2026-01-01T06:07:21.579+0000] {processor.py:183} INFO - Processing /opt/airflow/dags/kitedag.py took 0.155 seconds
[2026-01-01T07:40:35.460+0000] {processor.py:161} INFO - Started process (PID=52116) to work on /opt/airflow/dags/kitedag.py
[2026-01-01T07:40:35.461+0000] {processor.py:830} INFO - Processing file /opt/airflow/dags/kitedag.py for tasks to queue
[2026-01-01T07:40:35.463+0000] {logging_mixin.py:188} INFO - [2026-01-01T07:40:35.462+0000] {dagbag.py:545} INFO - Filling up the DagBag from /opt/airflow/dags/kitedag.py
[2026-01-01T07:40:35.657+0000] {processor.py:840} INFO - DAG(s) 'kitedag' retrieved from /opt/airflow/dags/kitedag.py
[2026-01-01T07:40:35.673+0000] {logging_mixin.py:188} INFO - [2026-01-01T07:40:35.673+0000] {dag.py:3089} INFO - Sync 1 DAGs
[2026-01-01T07:40:35.687+0000] {logging_mixin.py:188} INFO - [2026-01-01T07:40:35.687+0000] {dag.py:3947} INFO - Setting next_dagrun for kitedag to 2026-01-01 00:00:00+00:00, run_after=2026-01-02 00:00:00+00:00
[2026-01-01T07:40:35.699+0000] {processor.py:183} INFO - Processing /opt/airflow/dags/kitedag.py took 0.249 seconds
[2026-01-01T08:44:35.566+0000] {processor.py:161} INFO - Started process (PID=52175) to work on /opt/airflow/dags/kitedag.py
[2026-01-01T08:44:35.567+0000] {processor.py:830} INFO - Processing file /opt/airflow/dags/kitedag.py for tasks to queue
[2026-01-01T08:44:35.567+0000] {logging_mixin.py:188} INFO - [2026-01-01T08:44:35.567+0000] {dagbag.py:545} INFO - Filling up the DagBag from /opt/airflow/dags/kitedag.py
[2026-01-01T08:44:35.692+0000] {processor.py:840} INFO - DAG(s) 'kitedag' retrieved from /opt/airflow/dags/kitedag.py
[2026-01-01T08:44:35.704+0000] {logging_mixin.py:188} INFO - [2026-01-01T08:44:35.704+0000] {dag.py:3089} INFO - Sync 1 DAGs
[2026-01-01T08:44:35.715+0000] {logging_mixin.py:188} INFO - [2026-01-01T08:44:35.715+0000] {dag.py:3947} INFO - Setting next_dagrun for kitedag to 2026-01-01 00:00:00+00:00, run_after=2026-01-02 00:00:00+00:00
[2026-01-01T08:44:35.723+0000] {processor.py:183} INFO - Processing /opt/airflow/dags/kitedag.py took 0.162 seconds
[2026-01-01T09:57:56.752+0000] {processor.py:161} INFO - Started process (PID=52234) to work on /opt/airflow/dags/kitedag.py
[2026-01-01T09:57:56.752+0000] {processor.py:830} INFO - Processing file /opt/airflow/dags/kitedag.py for tasks to queue
[2026-01-01T09:57:56.753+0000] {logging_mixin.py:188} INFO - [2026-01-01T09:57:56.753+0000] {dagbag.py:545} INFO - Filling up the DagBag from /opt/airflow/dags/kitedag.py
[2026-01-01T09:57:56.848+0000] {processor.py:840} INFO - DAG(s) 'kitedag' retrieved from /opt/airflow/dags/kitedag.py
[2026-01-01T09:57:56.861+0000] {logging_mixin.py:188} INFO - [2026-01-01T09:57:56.861+0000] {dag.py:3089} INFO - Sync 1 DAGs
[2026-01-01T09:57:56.870+0000] {logging_mixin.py:188} INFO - [2026-01-01T09:57:56.870+0000] {dag.py:3947} INFO - Setting next_dagrun for kitedag to 2026-01-01 00:00:00+00:00, run_after=2026-01-02 00:00:00+00:00
[2026-01-01T09:57:56.878+0000] {processor.py:183} INFO - Processing /opt/airflow/dags/kitedag.py took 0.131 seconds
[2026-01-01T11:12:21.756+0000] {processor.py:161} INFO - Started process (PID=52293) to work on /opt/airflow/dags/kitedag.py
[2026-01-01T11:12:21.757+0000] {processor.py:830} INFO - Processing file /opt/airflow/dags/kitedag.py for tasks to queue
[2026-01-01T11:12:21.758+0000] {logging_mixin.py:188} INFO - [2026-01-01T11:12:21.758+0000] {dagbag.py:545} INFO - Filling up the DagBag from /opt/airflow/dags/kitedag.py
[2026-01-01T11:12:21.890+0000] {processor.py:840} INFO - DAG(s) 'kitedag' retrieved from /opt/airflow/dags/kitedag.py
[2026-01-01T11:12:21.904+0000] {logging_mixin.py:188} INFO - [2026-01-01T11:12:21.904+0000] {dag.py:3089} INFO - Sync 1 DAGs
[2026-01-01T11:12:21.916+0000] {logging_mixin.py:188} INFO - [2026-01-01T11:12:21.916+0000] {dag.py:3947} INFO - Setting next_dagrun for kitedag to 2026-01-01 00:00:00+00:00, run_after=2026-01-02 00:00:00+00:00
[2026-01-01T11:12:21.923+0000] {processor.py:183} INFO - Processing /opt/airflow/dags/kitedag.py took 0.171 seconds
[2026-01-01T12:13:28.291+0000] {processor.py:161} INFO - Started process (PID=52352) to work on /opt/airflow/dags/kitedag.py
[2026-01-01T12:13:28.292+0000] {processor.py:830} INFO - Processing file /opt/airflow/dags/kitedag.py for tasks to queue
[2026-01-01T12:13:28.293+0000] {logging_mixin.py:188} INFO - [2026-01-01T12:13:28.293+0000] {dagbag.py:545} INFO - Filling up the DagBag from /opt/airflow/dags/kitedag.py
[2026-01-01T12:13:28.428+0000] {processor.py:840} INFO - DAG(s) 'kitedag' retrieved from /opt/airflow/dags/kitedag.py
[2026-01-01T12:13:28.442+0000] {logging_mixin.py:188} INFO - [2026-01-01T12:13:28.442+0000] {dag.py:3089} INFO - Sync 1 DAGs
[2026-01-01T12:13:28.453+0000] {logging_mixin.py:188} INFO - [2026-01-01T12:13:28.453+0000] {dag.py:3947} INFO - Setting next_dagrun for kitedag to 2026-01-01 00:00:00+00:00, run_after=2026-01-02 00:00:00+00:00
[2026-01-01T12:13:28.466+0000] {processor.py:183} INFO - Processing /opt/airflow/dags/kitedag.py took 0.182 seconds
[2026-01-01T13:31:40.587+0000] {processor.py:161} INFO - Started process (PID=52411) to work on /opt/airflow/dags/kitedag.py
[2026-01-01T13:31:40.588+0000] {processor.py:830} INFO - Processing file /opt/airflow/dags/kitedag.py for tasks to queue
[2026-01-01T13:31:40.588+0000] {logging_mixin.py:188} INFO - [2026-01-01T13:31:40.588+0000] {dagbag.py:545} INFO - Filling up the DagBag from /opt/airflow/dags/kitedag.py
[2026-01-01T13:31:40.712+0000] {processor.py:840} INFO - DAG(s) 'kitedag' retrieved from /opt/airflow/dags/kitedag.py
[2026-01-01T13:31:40.731+0000] {logging_mixin.py:188} INFO - [2026-01-01T13:31:40.731+0000] {dag.py:3089} INFO - Sync 1 DAGs
[2026-01-01T13:31:40.869+0000] {logging_mixin.py:188} INFO - [2026-01-01T13:31:40.869+0000] {dag.py:3947} INFO - Setting next_dagrun for kitedag to 2026-01-01 00:00:00+00:00, run_after=2026-01-02 00:00:00+00:00
[2026-01-01T13:31:40.919+0000] {processor.py:183} INFO - Processing /opt/airflow/dags/kitedag.py took 0.338 seconds
[2026-01-01T15:05:23.621+0000] {processor.py:161} INFO - Started process (PID=52470) to work on /opt/airflow/dags/kitedag.py
[2026-01-01T15:05:23.622+0000] {processor.py:830} INFO - Processing file /opt/airflow/dags/kitedag.py for tasks to queue
[2026-01-01T15:05:23.623+0000] {logging_mixin.py:188} INFO - [2026-01-01T15:05:23.622+0000] {dagbag.py:545} INFO - Filling up the DagBag from /opt/airflow/dags/kitedag.py
[2026-01-01T15:05:23.754+0000] {processor.py:840} INFO - DAG(s) 'kitedag' retrieved from /opt/airflow/dags/kitedag.py
[2026-01-01T15:05:23.767+0000] {logging_mixin.py:188} INFO - [2026-01-01T15:05:23.764+0000] {dag.py:3089} INFO - Sync 1 DAGs
[2026-01-01T15:05:23.778+0000] {logging_mixin.py:188} INFO - [2026-01-01T15:05:23.778+0000] {dag.py:3947} INFO - Setting next_dagrun for kitedag to 2026-01-01 00:00:00+00:00, run_after=2026-01-02 00:00:00+00:00
[2026-01-01T15:05:23.787+0000] {processor.py:183} INFO - Processing /opt/airflow/dags/kitedag.py took 0.172 seconds
[2026-01-01T16:17:19.443+0000] {processor.py:161} INFO - Started process (PID=52529) to work on /opt/airflow/dags/kitedag.py
[2026-01-01T16:17:19.444+0000] {processor.py:830} INFO - Processing file /opt/airflow/dags/kitedag.py for tasks to queue
[2026-01-01T16:17:19.444+0000] {logging_mixin.py:188} INFO - [2026-01-01T16:17:19.444+0000] {dagbag.py:545} INFO - Filling up the DagBag from /opt/airflow/dags/kitedag.py
[2026-01-01T16:17:19.599+0000] {processor.py:840} INFO - DAG(s) 'kitedag' retrieved from /opt/airflow/dags/kitedag.py
[2026-01-01T16:17:19.612+0000] {logging_mixin.py:188} INFO - [2026-01-01T16:17:19.612+0000] {dag.py:3089} INFO - Sync 1 DAGs
[2026-01-01T16:17:19.624+0000] {logging_mixin.py:188} INFO - [2026-01-01T16:17:19.624+0000] {dag.py:3947} INFO - Setting next_dagrun for kitedag to 2026-01-01 00:00:00+00:00, run_after=2026-01-02 00:00:00+00:00
[2026-01-01T16:17:19.633+0000] {processor.py:183} INFO - Processing /opt/airflow/dags/kitedag.py took 0.196 seconds
[2026-01-01T17:14:38.268+0000] {processor.py:161} INFO - Started process (PID=52588) to work on /opt/airflow/dags/kitedag.py
[2026-01-01T17:14:38.268+0000] {processor.py:830} INFO - Processing file /opt/airflow/dags/kitedag.py for tasks to queue
[2026-01-01T17:14:38.269+0000] {logging_mixin.py:188} INFO - [2026-01-01T17:14:38.269+0000] {dagbag.py:545} INFO - Filling up the DagBag from /opt/airflow/dags/kitedag.py
[2026-01-01T17:14:38.379+0000] {processor.py:840} INFO - DAG(s) 'kitedag' retrieved from /opt/airflow/dags/kitedag.py
[2026-01-01T17:14:38.388+0000] {logging_mixin.py:188} INFO - [2026-01-01T17:14:38.388+0000] {dag.py:3089} INFO - Sync 1 DAGs
[2026-01-01T17:14:38.405+0000] {logging_mixin.py:188} INFO - [2026-01-01T17:14:38.405+0000] {dag.py:3947} INFO - Setting next_dagrun for kitedag to 2026-01-01 00:00:00+00:00, run_after=2026-01-02 00:00:00+00:00
[2026-01-01T17:14:38.418+0000] {processor.py:183} INFO - Processing /opt/airflow/dags/kitedag.py took 0.155 seconds
[2026-01-01T18:19:22.909+0000] {processor.py:161} INFO - Started process (PID=52647) to work on /opt/airflow/dags/kitedag.py
[2026-01-01T18:19:22.910+0000] {processor.py:830} INFO - Processing file /opt/airflow/dags/kitedag.py for tasks to queue
[2026-01-01T18:19:22.911+0000] {logging_mixin.py:188} INFO - [2026-01-01T18:19:22.911+0000] {dagbag.py:545} INFO - Filling up the DagBag from /opt/airflow/dags/kitedag.py
[2026-01-01T18:19:23.161+0000] {processor.py:840} INFO - DAG(s) 'kitedag' retrieved from /opt/airflow/dags/kitedag.py
[2026-01-01T18:19:23.169+0000] {logging_mixin.py:188} INFO - [2026-01-01T18:19:23.169+0000] {dag.py:3089} INFO - Sync 1 DAGs
[2026-01-01T18:19:23.178+0000] {logging_mixin.py:188} INFO - [2026-01-01T18:19:23.178+0000] {dag.py:3947} INFO - Setting next_dagrun for kitedag to 2026-01-01 00:00:00+00:00, run_after=2026-01-02 00:00:00+00:00
[2026-01-01T18:19:23.185+0000] {processor.py:183} INFO - Processing /opt/airflow/dags/kitedag.py took 0.286 seconds
[2026-01-01T19:35:30.890+0000] {processor.py:161} INFO - Started process (PID=52706) to work on /opt/airflow/dags/kitedag.py
[2026-01-01T19:35:30.891+0000] {processor.py:830} INFO - Processing file /opt/airflow/dags/kitedag.py for tasks to queue
[2026-01-01T19:35:30.891+0000] {logging_mixin.py:188} INFO - [2026-01-01T19:35:30.891+0000] {dagbag.py:545} INFO - Filling up the DagBag from /opt/airflow/dags/kitedag.py
[2026-01-01T19:35:31.160+0000] {processor.py:840} INFO - DAG(s) 'kitedag' retrieved from /opt/airflow/dags/kitedag.py
[2026-01-01T19:35:31.169+0000] {logging_mixin.py:188} INFO - [2026-01-01T19:35:31.168+0000] {dag.py:3089} INFO - Sync 1 DAGs
[2026-01-01T19:35:31.178+0000] {logging_mixin.py:188} INFO - [2026-01-01T19:35:31.178+0000] {dag.py:3947} INFO - Setting next_dagrun for kitedag to 2026-01-01 00:00:00+00:00, run_after=2026-01-02 00:00:00+00:00
[2026-01-01T19:35:31.185+0000] {processor.py:183} INFO - Processing /opt/airflow/dags/kitedag.py took 0.300 seconds
[2026-01-01T20:54:39.729+0000] {processor.py:161} INFO - Started process (PID=52765) to work on /opt/airflow/dags/kitedag.py
[2026-01-01T20:54:39.730+0000] {processor.py:830} INFO - Processing file /opt/airflow/dags/kitedag.py for tasks to queue
[2026-01-01T20:54:39.731+0000] {logging_mixin.py:188} INFO - [2026-01-01T20:54:39.730+0000] {dagbag.py:545} INFO - Filling up the DagBag from /opt/airflow/dags/kitedag.py
[2026-01-01T20:54:39.998+0000] {processor.py:840} INFO - DAG(s) 'kitedag' retrieved from /opt/airflow/dags/kitedag.py
[2026-01-01T20:54:40.010+0000] {logging_mixin.py:188} INFO - [2026-01-01T20:54:40.010+0000] {dag.py:3089} INFO - Sync 1 DAGs
[2026-01-01T20:54:40.019+0000] {logging_mixin.py:188} INFO - [2026-01-01T20:54:40.019+0000] {dag.py:3947} INFO - Setting next_dagrun for kitedag to 2026-01-01 00:00:00+00:00, run_after=2026-01-02 00:00:00+00:00
[2026-01-01T20:54:40.028+0000] {processor.py:183} INFO - Processing /opt/airflow/dags/kitedag.py took 0.304 seconds
[2026-01-01T22:37:21.738+0000] {processor.py:161} INFO - Started process (PID=52824) to work on /opt/airflow/dags/kitedag.py
[2026-01-01T22:37:21.739+0000] {processor.py:830} INFO - Processing file /opt/airflow/dags/kitedag.py for tasks to queue
[2026-01-01T22:37:21.740+0000] {logging_mixin.py:188} INFO - [2026-01-01T22:37:21.740+0000] {dagbag.py:545} INFO - Filling up the DagBag from /opt/airflow/dags/kitedag.py
[2026-01-01T22:37:22.026+0000] {processor.py:840} INFO - DAG(s) 'kitedag' retrieved from /opt/airflow/dags/kitedag.py
[2026-01-01T22:37:22.035+0000] {logging_mixin.py:188} INFO - [2026-01-01T22:37:22.034+0000] {dag.py:3089} INFO - Sync 1 DAGs
[2026-01-01T22:37:22.043+0000] {logging_mixin.py:188} INFO - [2026-01-01T22:37:22.043+0000] {dag.py:3947} INFO - Setting next_dagrun for kitedag to 2026-01-01 00:00:00+00:00, run_after=2026-01-02 00:00:00+00:00
[2026-01-01T22:37:22.049+0000] {processor.py:183} INFO - Processing /opt/airflow/dags/kitedag.py took 0.319 seconds
[2026-01-01T23:54:03.499+0000] {processor.py:161} INFO - Started process (PID=52883) to work on /opt/airflow/dags/kitedag.py
[2026-01-01T23:54:03.500+0000] {processor.py:830} INFO - Processing file /opt/airflow/dags/kitedag.py for tasks to queue
[2026-01-01T23:54:03.501+0000] {logging_mixin.py:188} INFO - [2026-01-01T23:54:03.501+0000] {dagbag.py:545} INFO - Filling up the DagBag from /opt/airflow/dags/kitedag.py
[2026-01-01T23:54:03.790+0000] {processor.py:840} INFO - DAG(s) 'kitedag' retrieved from /opt/airflow/dags/kitedag.py
[2026-01-01T23:54:03.803+0000] {logging_mixin.py:188} INFO - [2026-01-01T23:54:03.803+0000] {dag.py:3089} INFO - Sync 1 DAGs
[2026-01-01T23:54:03.816+0000] {logging_mixin.py:188} INFO - [2026-01-01T23:54:03.816+0000] {dag.py:3947} INFO - Setting next_dagrun for kitedag to 2026-01-01 00:00:00+00:00, run_after=2026-01-02 00:00:00+00:00
[2026-01-01T23:54:03.825+0000] {processor.py:183} INFO - Processing /opt/airflow/dags/kitedag.py took 0.333 seconds
