[2025-12-08T13:05:13.544+0000] {local_task_job_runner.py:120} INFO - ::group::Pre task execution logs
[2025-12-08T13:05:13.552+0000] {taskinstance.py:2076} INFO - Dependencies all met for dep_context=non-requeueable deps ti=<TaskInstance: kitedag.hello_task manual__2025-12-08T13:05:11.513399+00:00 [queued]>
[2025-12-08T13:05:13.555+0000] {taskinstance.py:2076} INFO - Dependencies all met for dep_context=requeueable deps ti=<TaskInstance: kitedag.hello_task manual__2025-12-08T13:05:11.513399+00:00 [queued]>
[2025-12-08T13:05:13.555+0000] {taskinstance.py:2306} INFO - Starting attempt 1 of 1
[2025-12-08T13:05:13.560+0000] {taskinstance.py:2330} INFO - Executing <Task(PythonOperator): hello_task> on 2025-12-08 13:05:11.513399+00:00
[2025-12-08T13:05:13.565+0000] {warnings.py:112} WARNING - /home/***/.local/lib/python3.12/site-packages/***/task/task_runner/standard_task_runner.py:62: DeprecationWarning: This process (pid=159) is multi-threaded, use of fork() may lead to deadlocks in the child.
  pid = os.fork()

[2025-12-08T13:05:13.566+0000] {standard_task_runner.py:64} INFO - Started process 161 to run task
[2025-12-08T13:05:13.566+0000] {standard_task_runner.py:90} INFO - Running: ['***', 'tasks', 'run', 'kitedag', 'hello_task', 'manual__2025-12-08T13:05:11.513399+00:00', '--job-id', '7', '--raw', '--subdir', 'DAGS_FOLDER/kitedag.py', '--cfg-path', '/tmp/tmpd_uvzjc6']
[2025-12-08T13:05:13.568+0000] {standard_task_runner.py:91} INFO - Job 7: Subtask hello_task
[2025-12-08T13:05:13.592+0000] {task_command.py:426} INFO - Running <TaskInstance: kitedag.hello_task manual__2025-12-08T13:05:11.513399+00:00 [running]> on host 7da3cc2ce126
[2025-12-08T13:05:13.629+0000] {taskinstance.py:2648} INFO - Exporting env vars: AIRFLOW_CTX_DAG_OWNER='***' AIRFLOW_CTX_DAG_ID='kitedag' AIRFLOW_CTX_TASK_ID='hello_task' AIRFLOW_CTX_EXECUTION_DATE='2025-12-08T13:05:11.513399+00:00' AIRFLOW_CTX_TRY_NUMBER='1' AIRFLOW_CTX_DAG_RUN_ID='manual__2025-12-08T13:05:11.513399+00:00'
[2025-12-08T13:05:13.631+0000] {taskinstance.py:430} INFO - ::endgroup::
[2025-12-08T13:05:13.631+0000] {logging_mixin.py:188} INFO - Hello from Kite DAG!
[2025-12-08T13:05:13.631+0000] {python.py:237} INFO - Done. Returned value was: None
[2025-12-08T13:05:13.631+0000] {taskinstance.py:441} INFO - ::group::Post task execution logs
[2025-12-08T13:05:13.635+0000] {taskinstance.py:1206} INFO - Marking task as SUCCESS. dag_id=kitedag, task_id=hello_task, run_id=manual__2025-12-08T13:05:11.513399+00:00, execution_date=20251208T130511, start_date=20251208T130513, end_date=20251208T130513
[2025-12-08T13:05:13.666+0000] {local_task_job_runner.py:243} INFO - Task exited with return code 0
[2025-12-08T13:05:13.677+0000] {taskinstance.py:3503} INFO - 1 downstream tasks scheduled from follow-on schedule check
[2025-12-08T13:05:13.678+0000] {local_task_job_runner.py:222} INFO - ::endgroup::
