[2026-01-07T00:08:34.221+0000] {local_task_job_runner.py:120} INFO - ::group::Pre task execution logs
[2026-01-07T00:08:34.227+0000] {taskinstance.py:2076} INFO - Dependencies all met for dep_context=non-requeueable deps ti=<TaskInstance: kitedag.get_job_ids scheduled__2026-01-06T00:00:00+00:00 [queued]>
[2026-01-07T00:08:34.229+0000] {taskinstance.py:2076} INFO - Dependencies all met for dep_context=requeueable deps ti=<TaskInstance: kitedag.get_job_ids scheduled__2026-01-06T00:00:00+00:00 [queued]>
[2026-01-07T00:08:34.230+0000] {taskinstance.py:2306} INFO - Starting attempt 1 of 1
[2026-01-07T00:08:34.234+0000] {taskinstance.py:2330} INFO - Executing <Task(DatabricksGetJobids): get_job_ids> on 2026-01-06 00:00:00+00:00
[2026-01-07T00:08:34.237+0000] {warnings.py:112} WARNING - /home/***/.local/lib/python3.12/site-packages/***/task/task_runner/standard_task_runner.py:62: DeprecationWarning: This process (pid=54949) is multi-threaded, use of fork() may lead to deadlocks in the child.
  pid = os.fork()

[2026-01-07T00:08:34.237+0000] {standard_task_runner.py:64} INFO - Started process 54951 to run task
[2026-01-07T00:08:34.238+0000] {standard_task_runner.py:90} INFO - Running: ['***', 'tasks', 'run', 'kitedag', 'get_job_ids', 'scheduled__2026-01-06T00:00:00+00:00', '--job-id', '255', '--raw', '--subdir', 'DAGS_FOLDER/kitedag.py', '--cfg-path', '/tmp/tmpre_0km7_']
[2026-01-07T00:08:34.239+0000] {standard_task_runner.py:91} INFO - Job 255: Subtask get_job_ids
[2026-01-07T00:08:34.256+0000] {task_command.py:426} INFO - Running <TaskInstance: kitedag.get_job_ids scheduled__2026-01-06T00:00:00+00:00 [running]> on host e9b202c96d39
[2026-01-07T00:08:34.286+0000] {taskinstance.py:2648} INFO - Exporting env vars: AIRFLOW_CTX_DAG_OWNER='***' AIRFLOW_CTX_DAG_ID='kitedag' AIRFLOW_CTX_TASK_ID='get_job_ids' AIRFLOW_CTX_EXECUTION_DATE='2026-01-06T00:00:00+00:00' AIRFLOW_CTX_TRY_NUMBER='1' AIRFLOW_CTX_DAG_RUN_ID='scheduled__2026-01-06T00:00:00+00:00'
[2026-01-07T00:08:34.287+0000] {taskinstance.py:430} INFO - ::endgroup::
[2026-01-07T00:08:34.289+0000] {base.py:84} INFO - Using connection ID 'databricks_default' for task execution.
[2026-01-07T00:08:34.289+0000] {logging_mixin.py:188} INFO - Using Databricks Token: ***
[2026-01-07T00:08:36.084+0000] {logging_mixin.py:188} INFO - Fetched Job IDs: [187092103708177, 959528231352]
[2026-01-07T00:08:36.085+0000] {DatabricksGetJobids.py:17} INFO - job_ids fetched!
[2026-01-07T00:08:36.086+0000] {taskinstance.py:441} INFO - ::group::Post task execution logs
[2026-01-07T00:08:36.109+0000] {taskinstance.py:1206} INFO - Marking task as SUCCESS. dag_id=kitedag, task_id=get_job_ids, run_id=scheduled__2026-01-06T00:00:00+00:00, execution_date=20260106T000000, start_date=20260107T000834, end_date=20260107T000836
[2026-01-07T00:08:36.149+0000] {local_task_job_runner.py:243} INFO - Task exited with return code 0
[2026-01-07T00:08:36.166+0000] {taskinstance.py:3503} INFO - 1 downstream tasks scheduled from follow-on schedule check
[2026-01-07T00:08:36.166+0000] {local_task_job_runner.py:222} INFO - ::endgroup::
