[2025-12-31T00:12:35.070+0000] {local_task_job_runner.py:120} INFO - ::group::Pre task execution logs
[2025-12-31T00:12:35.076+0000] {taskinstance.py:2076} INFO - Dependencies all met for dep_context=non-requeueable deps ti=<TaskInstance: kitedag.hello_task scheduled__2025-12-30T00:00:00+00:00 [queued]>
[2025-12-31T00:12:35.078+0000] {taskinstance.py:2076} INFO - Dependencies all met for dep_context=requeueable deps ti=<TaskInstance: kitedag.hello_task scheduled__2025-12-30T00:00:00+00:00 [queued]>
[2025-12-31T00:12:35.079+0000] {taskinstance.py:2306} INFO - Starting attempt 1 of 1
[2025-12-31T00:12:35.083+0000] {taskinstance.py:2330} INFO - Executing <Task(PythonOperator): hello_task> on 2025-12-30 00:00:00+00:00
[2025-12-31T00:12:35.092+0000] {warnings.py:112} WARNING - /home/***/.local/lib/python3.12/site-packages/***/task/task_runner/standard_task_runner.py:62: DeprecationWarning: This process (pid=37423) is multi-threaded, use of fork() may lead to deadlocks in the child.
  pid = os.fork()

[2025-12-31T00:12:35.093+0000] {standard_task_runner.py:64} INFO - Started process 37425 to run task
[2025-12-31T00:12:35.095+0000] {standard_task_runner.py:90} INFO - Running: ['***', 'tasks', 'run', 'kitedag', 'hello_task', 'scheduled__2025-12-30T00:00:00+00:00', '--job-id', '229', '--raw', '--subdir', 'DAGS_FOLDER/kitedag.py', '--cfg-path', '/tmp/tmp7ts91ml3']
[2025-12-31T00:12:35.104+0000] {standard_task_runner.py:91} INFO - Job 229: Subtask hello_task
[2025-12-31T00:12:35.161+0000] {task_command.py:426} INFO - Running <TaskInstance: kitedag.hello_task scheduled__2025-12-30T00:00:00+00:00 [running]> on host e9b202c96d39
[2025-12-31T00:12:35.230+0000] {taskinstance.py:2648} INFO - Exporting env vars: AIRFLOW_CTX_DAG_OWNER='***' AIRFLOW_CTX_DAG_ID='kitedag' AIRFLOW_CTX_TASK_ID='hello_task' AIRFLOW_CTX_EXECUTION_DATE='2025-12-30T00:00:00+00:00' AIRFLOW_CTX_TRY_NUMBER='1' AIRFLOW_CTX_DAG_RUN_ID='scheduled__2025-12-30T00:00:00+00:00'
[2025-12-31T00:12:35.231+0000] {taskinstance.py:430} INFO - ::endgroup::
[2025-12-31T00:12:35.232+0000] {logging_mixin.py:188} INFO - Hello from Kite DAG!
[2025-12-31T00:12:35.232+0000] {python.py:237} INFO - Done. Returned value was: None
[2025-12-31T00:12:35.232+0000] {taskinstance.py:441} INFO - ::group::Post task execution logs
[2025-12-31T00:12:35.236+0000] {taskinstance.py:1206} INFO - Marking task as SUCCESS. dag_id=kitedag, task_id=hello_task, run_id=scheduled__2025-12-30T00:00:00+00:00, execution_date=20251230T000000, start_date=20251231T001235, end_date=20251231T001235
[2025-12-31T00:12:35.287+0000] {local_task_job_runner.py:243} INFO - Task exited with return code 0
[2025-12-31T00:12:35.301+0000] {taskinstance.py:3503} INFO - 1 downstream tasks scheduled from follow-on schedule check
[2025-12-31T00:12:35.301+0000] {local_task_job_runner.py:222} INFO - ::endgroup::
