[2025-12-29T15:04:07.689+0000] {local_task_job_runner.py:120} INFO - ::group::Pre task execution logs
[2025-12-29T15:04:07.699+0000] {taskinstance.py:2076} INFO - Dependencies all met for dep_context=non-requeueable deps ti=<TaskInstance: kitedag.get_job_ids scheduled__2025-12-28T00:00:00+00:00 [queued]>
[2025-12-29T15:04:07.706+0000] {taskinstance.py:2076} INFO - Dependencies all met for dep_context=requeueable deps ti=<TaskInstance: kitedag.get_job_ids scheduled__2025-12-28T00:00:00+00:00 [queued]>
[2025-12-29T15:04:07.706+0000] {taskinstance.py:2306} INFO - Starting attempt 1 of 1
[2025-12-29T15:04:07.713+0000] {taskinstance.py:2330} INFO - Executing <Task(DatabricksGetJobids): get_job_ids> on 2025-12-28 00:00:00+00:00
[2025-12-29T15:04:07.717+0000] {warnings.py:112} WARNING - /home/***/.local/lib/python3.12/site-packages/***/task/task_runner/standard_task_runner.py:62: DeprecationWarning: This process (pid=30344) is multi-threaded, use of fork() may lead to deadlocks in the child.
  pid = os.fork()

[2025-12-29T15:04:07.718+0000] {standard_task_runner.py:64} INFO - Started process 30347 to run task
[2025-12-29T15:04:07.718+0000] {standard_task_runner.py:90} INFO - Running: ['***', 'tasks', 'run', 'kitedag', 'get_job_ids', 'scheduled__2025-12-28T00:00:00+00:00', '--job-id', '220', '--raw', '--subdir', 'DAGS_FOLDER/kitedag.py', '--cfg-path', '/tmp/tmpr7ym44f8']
[2025-12-29T15:04:07.723+0000] {standard_task_runner.py:91} INFO - Job 220: Subtask get_job_ids
[2025-12-29T15:04:07.746+0000] {task_command.py:426} INFO - Running <TaskInstance: kitedag.get_job_ids scheduled__2025-12-28T00:00:00+00:00 [running]> on host e9b202c96d39
[2025-12-29T15:04:07.788+0000] {taskinstance.py:2648} INFO - Exporting env vars: AIRFLOW_CTX_DAG_OWNER='***' AIRFLOW_CTX_DAG_ID='kitedag' AIRFLOW_CTX_TASK_ID='get_job_ids' AIRFLOW_CTX_EXECUTION_DATE='2025-12-28T00:00:00+00:00' AIRFLOW_CTX_TRY_NUMBER='1' AIRFLOW_CTX_DAG_RUN_ID='scheduled__2025-12-28T00:00:00+00:00'
[2025-12-29T15:04:07.790+0000] {taskinstance.py:430} INFO - ::endgroup::
[2025-12-29T15:04:07.794+0000] {base.py:84} INFO - Using connection ID 'databricks_default' for task execution.
[2025-12-29T15:04:07.794+0000] {logging_mixin.py:188} INFO - Using Databricks Token: ***
[2025-12-29T15:04:09.845+0000] {logging_mixin.py:188} INFO - Fetched Job IDs: [187092103708177, 959528231352]
[2025-12-29T15:04:09.846+0000] {DatabricksGetJobids.py:17} INFO - job_ids fetched!
[2025-12-29T15:04:09.846+0000] {taskinstance.py:441} INFO - ::group::Post task execution logs
[2025-12-29T15:04:09.856+0000] {taskinstance.py:1206} INFO - Marking task as SUCCESS. dag_id=kitedag, task_id=get_job_ids, run_id=scheduled__2025-12-28T00:00:00+00:00, execution_date=20251228T000000, start_date=20251229T150407, end_date=20251229T150409
[2025-12-29T15:04:09.903+0000] {local_task_job_runner.py:243} INFO - Task exited with return code 0
[2025-12-29T15:04:09.918+0000] {taskinstance.py:3503} INFO - 0 downstream tasks scheduled from follow-on schedule check
[2025-12-29T15:04:09.919+0000] {local_task_job_runner.py:222} INFO - ::endgroup::
