[2025-12-29T15:04:11.060+0000] {local_task_job_runner.py:120} INFO - ::group::Pre task execution logs
[2025-12-29T15:04:11.072+0000] {taskinstance.py:2076} INFO - Dependencies all met for dep_context=non-requeueable deps ti=<TaskInstance: kitedag.run_job scheduled__2025-12-28T00:00:00+00:00 [queued]>
[2025-12-29T15:04:11.081+0000] {taskinstance.py:2076} INFO - Dependencies all met for dep_context=requeueable deps ti=<TaskInstance: kitedag.run_job scheduled__2025-12-28T00:00:00+00:00 [queued]>
[2025-12-29T15:04:11.081+0000] {taskinstance.py:2306} INFO - Starting attempt 1 of 1
[2025-12-29T15:04:11.088+0000] {taskinstance.py:2330} INFO - Executing <Task(DatabricksJobRunOperator): run_job> on 2025-12-28 00:00:00+00:00
[2025-12-29T15:04:11.092+0000] {warnings.py:112} WARNING - /home/***/.local/lib/python3.12/site-packages/***/task/task_runner/standard_task_runner.py:62: DeprecationWarning: This process (pid=30350) is multi-threaded, use of fork() may lead to deadlocks in the child.
  pid = os.fork()

[2025-12-29T15:04:11.093+0000] {standard_task_runner.py:64} INFO - Started process 30354 to run task
[2025-12-29T15:04:11.094+0000] {standard_task_runner.py:90} INFO - Running: ['***', 'tasks', 'run', 'kitedag', 'run_job', 'scheduled__2025-12-28T00:00:00+00:00', '--job-id', '222', '--raw', '--subdir', 'DAGS_FOLDER/kitedag.py', '--cfg-path', '/tmp/tmps5i1l8ro']
[2025-12-29T15:04:11.095+0000] {standard_task_runner.py:91} INFO - Job 222: Subtask run_job
[2025-12-29T15:04:11.118+0000] {task_command.py:426} INFO - Running <TaskInstance: kitedag.run_job scheduled__2025-12-28T00:00:00+00:00 [running]> on host e9b202c96d39
[2025-12-29T15:04:11.168+0000] {taskinstance.py:2648} INFO - Exporting env vars: AIRFLOW_CTX_DAG_OWNER='***' AIRFLOW_CTX_DAG_ID='kitedag' AIRFLOW_CTX_TASK_ID='run_job' AIRFLOW_CTX_EXECUTION_DATE='2025-12-28T00:00:00+00:00' AIRFLOW_CTX_TRY_NUMBER='1' AIRFLOW_CTX_DAG_RUN_ID='scheduled__2025-12-28T00:00:00+00:00'
[2025-12-29T15:04:11.169+0000] {taskinstance.py:430} INFO - ::endgroup::
[2025-12-29T15:04:11.170+0000] {DatabricksJobRunOperator.py:20} INFO - Running Databricks job_id: [187092103708177, 959528231352]
[2025-12-29T15:04:11.170+0000] {logging_mixin.py:188} INFO - Running jobs with IDs: [187092103708177, 959528231352]
[2025-12-29T15:04:11.170+0000] {logging_mixin.py:188} INFO - Payload: {'job_id': 187092103708177, 'notebook_params': {}}
[2025-12-29T15:04:11.174+0000] {base.py:84} INFO - Using connection ID 'databricks_default' for task execution.
[2025-12-29T15:04:11.175+0000] {logging_mixin.py:188} INFO - Using Databricks Token: ***
[2025-12-29T15:04:11.175+0000] {logging_mixin.py:188} INFO - Job Payload: {'job_id': 187092103708177, 'notebook_params': {}}
[2025-12-29T15:04:13.451+0000] {logging_mixin.py:188} INFO - Payload: {'job_id': 959528231352, 'notebook_params': {}}
[2025-12-29T15:04:13.459+0000] {base.py:84} INFO - Using connection ID 'databricks_default' for task execution.
[2025-12-29T15:04:13.460+0000] {logging_mixin.py:188} INFO - Using Databricks Token: ***
[2025-12-29T15:04:13.460+0000] {logging_mixin.py:188} INFO - Job Payload: {'job_id': 959528231352, 'notebook_params': {}}
[2025-12-29T15:04:15.237+0000] {DatabricksJobRunOperator.py:25} INFO - Databricks Job Run Successfully!
[2025-12-29T15:04:15.239+0000] {DatabricksJobRunOperator.py:26} INFO - {
  "status": "Jobs triggered successfully"
}
[2025-12-29T15:04:15.239+0000] {taskinstance.py:441} INFO - ::group::Post task execution logs
[2025-12-29T15:04:15.250+0000] {taskinstance.py:1206} INFO - Marking task as SUCCESS. dag_id=kitedag, task_id=run_job, run_id=scheduled__2025-12-28T00:00:00+00:00, execution_date=20251228T000000, start_date=20251229T150411, end_date=20251229T150415
[2025-12-29T15:04:15.297+0000] {local_task_job_runner.py:243} INFO - Task exited with return code 0
[2025-12-29T15:04:15.307+0000] {taskinstance.py:3503} INFO - 0 downstream tasks scheduled from follow-on schedule check
[2025-12-29T15:04:15.308+0000] {local_task_job_runner.py:222} INFO - ::endgroup::
