[2026-01-04T01:11:43.693+0000] {local_task_job_runner.py:120} INFO - ::group::Pre task execution logs
[2026-01-04T01:11:43.699+0000] {taskinstance.py:2076} INFO - Dependencies all met for dep_context=non-requeueable deps ti=<TaskInstance: kitedag.hello_task scheduled__2026-01-03T00:00:00+00:00 [queued]>
[2026-01-04T01:11:43.702+0000] {taskinstance.py:2076} INFO - Dependencies all met for dep_context=requeueable deps ti=<TaskInstance: kitedag.hello_task scheduled__2026-01-03T00:00:00+00:00 [queued]>
[2026-01-04T01:11:43.702+0000] {taskinstance.py:2306} INFO - Starting attempt 1 of 1
[2026-01-04T01:11:43.706+0000] {taskinstance.py:2330} INFO - Executing <Task(PythonOperator): hello_task> on 2026-01-03 00:00:00+00:00
[2026-01-04T01:11:43.709+0000] {warnings.py:112} WARNING - /home/***/.local/lib/python3.12/site-packages/***/task/task_runner/standard_task_runner.py:62: DeprecationWarning: This process (pid=45305) is multi-threaded, use of fork() may lead to deadlocks in the child.
  pid = os.fork()

[2026-01-04T01:11:43.710+0000] {standard_task_runner.py:64} INFO - Started process 45307 to run task
[2026-01-04T01:11:43.710+0000] {standard_task_runner.py:90} INFO - Running: ['***', 'tasks', 'run', 'kitedag', 'hello_task', 'scheduled__2026-01-03T00:00:00+00:00', '--job-id', '240', '--raw', '--subdir', 'DAGS_FOLDER/kitedag.py', '--cfg-path', '/tmp/tmp6erxh3mr']
[2026-01-04T01:11:43.712+0000] {standard_task_runner.py:91} INFO - Job 240: Subtask hello_task
[2026-01-04T01:11:43.729+0000] {task_command.py:426} INFO - Running <TaskInstance: kitedag.hello_task scheduled__2026-01-03T00:00:00+00:00 [running]> on host e9b202c96d39
[2026-01-04T01:11:43.763+0000] {taskinstance.py:2648} INFO - Exporting env vars: AIRFLOW_CTX_DAG_OWNER='***' AIRFLOW_CTX_DAG_ID='kitedag' AIRFLOW_CTX_TASK_ID='hello_task' AIRFLOW_CTX_EXECUTION_DATE='2026-01-03T00:00:00+00:00' AIRFLOW_CTX_TRY_NUMBER='1' AIRFLOW_CTX_DAG_RUN_ID='scheduled__2026-01-03T00:00:00+00:00'
[2026-01-04T01:11:43.763+0000] {taskinstance.py:430} INFO - ::endgroup::
[2026-01-04T01:11:43.764+0000] {logging_mixin.py:188} INFO - Hello from Kite DAG!
[2026-01-04T01:11:43.764+0000] {python.py:237} INFO - Done. Returned value was: None
[2026-01-04T01:11:43.764+0000] {taskinstance.py:441} INFO - ::group::Post task execution logs
[2026-01-04T01:11:43.767+0000] {taskinstance.py:1206} INFO - Marking task as SUCCESS. dag_id=kitedag, task_id=hello_task, run_id=scheduled__2026-01-03T00:00:00+00:00, execution_date=20260103T000000, start_date=20260104T011143, end_date=20260104T011143
[2026-01-04T01:11:43.812+0000] {local_task_job_runner.py:243} INFO - Task exited with return code 0
[2026-01-04T01:11:43.825+0000] {taskinstance.py:3503} INFO - 1 downstream tasks scheduled from follow-on schedule check
[2026-01-04T01:11:43.826+0000] {local_task_job_runner.py:222} INFO - ::endgroup::
