[2025-12-30T00:06:01.069+0000] {local_task_job_runner.py:120} INFO - ::group::Pre task execution logs
[2025-12-30T00:06:01.074+0000] {taskinstance.py:2076} INFO - Dependencies all met for dep_context=non-requeueable deps ti=<TaskInstance: kitedag.get_job_ids scheduled__2025-12-29T00:00:00+00:00 [queued]>
[2025-12-30T00:06:01.077+0000] {taskinstance.py:2076} INFO - Dependencies all met for dep_context=requeueable deps ti=<TaskInstance: kitedag.get_job_ids scheduled__2025-12-29T00:00:00+00:00 [queued]>
[2025-12-30T00:06:01.077+0000] {taskinstance.py:2306} INFO - Starting attempt 1 of 1
[2025-12-30T00:06:01.082+0000] {taskinstance.py:2330} INFO - Executing <Task(DatabricksGetJobids): get_job_ids> on 2025-12-29 00:00:00+00:00
[2025-12-30T00:06:01.085+0000] {warnings.py:112} WARNING - /home/***/.local/lib/python3.12/site-packages/***/task/task_runner/standard_task_runner.py:62: DeprecationWarning: This process (pid=31555) is multi-threaded, use of fork() may lead to deadlocks in the child.
  pid = os.fork()

[2025-12-30T00:06:01.086+0000] {standard_task_runner.py:64} INFO - Started process 31557 to run task
[2025-12-30T00:06:01.086+0000] {standard_task_runner.py:90} INFO - Running: ['***', 'tasks', 'run', 'kitedag', 'get_job_ids', 'scheduled__2025-12-29T00:00:00+00:00', '--job-id', '227', '--raw', '--subdir', 'DAGS_FOLDER/kitedag.py', '--cfg-path', '/tmp/tmp8x_bb2iz']
[2025-12-30T00:06:01.087+0000] {standard_task_runner.py:91} INFO - Job 227: Subtask get_job_ids
[2025-12-30T00:06:01.105+0000] {task_command.py:426} INFO - Running <TaskInstance: kitedag.get_job_ids scheduled__2025-12-29T00:00:00+00:00 [running]> on host e9b202c96d39
[2025-12-30T00:06:01.138+0000] {taskinstance.py:2648} INFO - Exporting env vars: AIRFLOW_CTX_DAG_OWNER='***' AIRFLOW_CTX_DAG_ID='kitedag' AIRFLOW_CTX_TASK_ID='get_job_ids' AIRFLOW_CTX_EXECUTION_DATE='2025-12-29T00:00:00+00:00' AIRFLOW_CTX_TRY_NUMBER='1' AIRFLOW_CTX_DAG_RUN_ID='scheduled__2025-12-29T00:00:00+00:00'
[2025-12-30T00:06:01.140+0000] {taskinstance.py:430} INFO - ::endgroup::
[2025-12-30T00:06:01.144+0000] {base.py:84} INFO - Using connection ID 'databricks_default' for task execution.
[2025-12-30T00:06:01.146+0000] {logging_mixin.py:188} INFO - Using Databricks Token: ***
[2025-12-30T00:06:02.812+0000] {logging_mixin.py:188} INFO - Fetched Job IDs: [187092103708177, 959528231352]
[2025-12-30T00:06:02.813+0000] {DatabricksGetJobids.py:17} INFO - job_ids fetched!
[2025-12-30T00:06:02.814+0000] {taskinstance.py:441} INFO - ::group::Post task execution logs
[2025-12-30T00:06:02.840+0000] {taskinstance.py:1206} INFO - Marking task as SUCCESS. dag_id=kitedag, task_id=get_job_ids, run_id=scheduled__2025-12-29T00:00:00+00:00, execution_date=20251229T000000, start_date=20251230T000601, end_date=20251230T000602
[2025-12-30T00:06:02.895+0000] {local_task_job_runner.py:243} INFO - Task exited with return code 0
[2025-12-30T00:06:02.914+0000] {taskinstance.py:3503} INFO - 1 downstream tasks scheduled from follow-on schedule check
[2025-12-30T00:06:02.915+0000] {local_task_job_runner.py:222} INFO - ::endgroup::
