[2025-12-29T15:04:00.386+0000] {local_task_job_runner.py:120} INFO - ::group::Pre task execution logs
[2025-12-29T15:04:00.411+0000] {taskinstance.py:2076} INFO - Dependencies all met for dep_context=non-requeueable deps ti=<TaskInstance: kitedag.youtube_search_task scheduled__2025-12-28T00:00:00+00:00 [queued]>
[2025-12-29T15:04:00.421+0000] {taskinstance.py:2076} INFO - Dependencies all met for dep_context=requeueable deps ti=<TaskInstance: kitedag.youtube_search_task scheduled__2025-12-28T00:00:00+00:00 [queued]>
[2025-12-29T15:04:00.421+0000] {taskinstance.py:2306} INFO - Starting attempt 1 of 1
[2025-12-29T15:04:00.436+0000] {taskinstance.py:2330} INFO - Executing <Task(YoutubeAPISearchOperator): youtube_search_task> on 2025-12-28 00:00:00+00:00
[2025-12-29T15:04:00.448+0000] {standard_task_runner.py:90} INFO - Running: ['***', 'tasks', 'run', 'kitedag', 'youtube_search_task', 'scheduled__2025-12-28T00:00:00+00:00', '--job-id', '216', '--raw', '--subdir', 'DAGS_FOLDER/kitedag.py', '--cfg-path', '/tmp/tmpjrrnliqb']
[2025-12-29T15:04:00.454+0000] {standard_task_runner.py:91} INFO - Job 216: Subtask youtube_search_task
[2025-12-29T15:04:00.448+0000] {warnings.py:112} WARNING - /home/***/.local/lib/python3.12/site-packages/***/task/task_runner/standard_task_runner.py:62: DeprecationWarning: This process (pid=30323) is multi-threaded, use of fork() may lead to deadlocks in the child.
  pid = os.fork()

[2025-12-29T15:04:00.455+0000] {standard_task_runner.py:64} INFO - Started process 30327 to run task
[2025-12-29T15:04:00.547+0000] {task_command.py:426} INFO - Running <TaskInstance: kitedag.youtube_search_task scheduled__2025-12-28T00:00:00+00:00 [running]> on host e9b202c96d39
[2025-12-29T15:04:00.639+0000] {taskinstance.py:2648} INFO - Exporting env vars: AIRFLOW_CTX_DAG_OWNER='***' AIRFLOW_CTX_DAG_ID='kitedag' AIRFLOW_CTX_TASK_ID='youtube_search_task' AIRFLOW_CTX_EXECUTION_DATE='2025-12-28T00:00:00+00:00' AIRFLOW_CTX_TRY_NUMBER='1' AIRFLOW_CTX_DAG_RUN_ID='scheduled__2025-12-28T00:00:00+00:00'
[2025-12-29T15:04:00.640+0000] {taskinstance.py:430} INFO - ::endgroup::
[2025-12-29T15:04:00.647+0000] {base.py:84} INFO - Using connection ID 'youtube_connection' for task execution.
[2025-12-29T15:04:02.457+0000] {base.py:84} INFO - Using connection ID 'aws_default' for task execution.
[2025-12-29T15:04:02.457+0000] {connection_wrapper.py:384} INFO - AWS Connection (conn_id='aws_default', conn_type='aws') credentials retrieved from login and password.
[2025-12-29T15:04:03.736+0000] {YoutubeAPI_Operator.py:52} INFO - Data uploaded to s3://bhavikabucket22/youtube_data/search_result.json
[2025-12-29T15:04:03.740+0000] {taskinstance.py:441} INFO - ::group::Post task execution logs
[2025-12-29T15:04:03.765+0000] {taskinstance.py:1206} INFO - Marking task as SUCCESS. dag_id=kitedag, task_id=youtube_search_task, run_id=scheduled__2025-12-28T00:00:00+00:00, execution_date=20251228T000000, start_date=20251229T150400, end_date=20251229T150403
[2025-12-29T15:04:03.791+0000] {local_task_job_runner.py:243} INFO - Task exited with return code 0
[2025-12-29T15:04:03.809+0000] {taskinstance.py:3503} INFO - 1 downstream tasks scheduled from follow-on schedule check
[2025-12-29T15:04:03.810+0000] {local_task_job_runner.py:222} INFO - ::endgroup::
