[2026-01-01T01:03:22.961+0000] {processor.py:161} INFO - Started process (PID=51832) to work on /home/airflow/.local/lib/python3.12/site-packages/airflow/example_dags/example_trigger_target_dag.py
[2026-01-01T01:03:22.962+0000] {processor.py:830} INFO - Processing file /home/airflow/.local/lib/python3.12/site-packages/airflow/example_dags/example_trigger_target_dag.py for tasks to queue
[2026-01-01T01:03:22.964+0000] {logging_mixin.py:188} INFO - [2026-01-01T01:03:22.964+0000] {dagbag.py:545} INFO - Filling up the DagBag from /home/airflow/.local/lib/python3.12/site-packages/airflow/example_dags/example_trigger_target_dag.py
[2026-01-01T01:03:22.968+0000] {processor.py:840} INFO - DAG(s) 'example_trigger_target_dag' retrieved from /home/airflow/.local/lib/python3.12/site-packages/airflow/example_dags/example_trigger_target_dag.py
[2026-01-01T01:03:22.977+0000] {logging_mixin.py:188} INFO - [2026-01-01T01:03:22.977+0000] {dag.py:3089} INFO - Sync 1 DAGs
[2026-01-01T01:03:22.982+0000] {logging_mixin.py:188} INFO - [2026-01-01T01:03:22.982+0000] {dag.py:3947} INFO - Setting next_dagrun for example_trigger_target_dag to None, run_after=None
[2026-01-01T01:03:22.993+0000] {processor.py:183} INFO - Processing /home/airflow/.local/lib/python3.12/site-packages/airflow/example_dags/example_trigger_target_dag.py took 0.035 seconds
[2026-01-01T02:01:02.068+0000] {processor.py:161} INFO - Started process (PID=51891) to work on /home/airflow/.local/lib/python3.12/site-packages/airflow/example_dags/example_trigger_target_dag.py
[2026-01-01T02:01:02.068+0000] {processor.py:830} INFO - Processing file /home/airflow/.local/lib/python3.12/site-packages/airflow/example_dags/example_trigger_target_dag.py for tasks to queue
[2026-01-01T02:01:02.068+0000] {logging_mixin.py:188} INFO - [2026-01-01T02:01:02.068+0000] {dagbag.py:545} INFO - Filling up the DagBag from /home/airflow/.local/lib/python3.12/site-packages/airflow/example_dags/example_trigger_target_dag.py
[2026-01-01T02:01:02.072+0000] {processor.py:840} INFO - DAG(s) 'example_trigger_target_dag' retrieved from /home/airflow/.local/lib/python3.12/site-packages/airflow/example_dags/example_trigger_target_dag.py
[2026-01-01T02:01:02.084+0000] {logging_mixin.py:188} INFO - [2026-01-01T02:01:02.084+0000] {dag.py:3089} INFO - Sync 1 DAGs
[2026-01-01T02:01:02.090+0000] {logging_mixin.py:188} INFO - [2026-01-01T02:01:02.090+0000] {dag.py:3947} INFO - Setting next_dagrun for example_trigger_target_dag to None, run_after=None
[2026-01-01T02:01:02.103+0000] {processor.py:183} INFO - Processing /home/airflow/.local/lib/python3.12/site-packages/airflow/example_dags/example_trigger_target_dag.py took 0.038 seconds
[2026-01-01T03:35:53.501+0000] {processor.py:161} INFO - Started process (PID=51950) to work on /home/airflow/.local/lib/python3.12/site-packages/airflow/example_dags/example_trigger_target_dag.py
[2026-01-01T03:35:53.504+0000] {processor.py:830} INFO - Processing file /home/airflow/.local/lib/python3.12/site-packages/airflow/example_dags/example_trigger_target_dag.py for tasks to queue
[2026-01-01T03:35:53.505+0000] {logging_mixin.py:188} INFO - [2026-01-01T03:35:53.505+0000] {dagbag.py:545} INFO - Filling up the DagBag from /home/airflow/.local/lib/python3.12/site-packages/airflow/example_dags/example_trigger_target_dag.py
[2026-01-01T03:35:53.507+0000] {processor.py:840} INFO - DAG(s) 'example_trigger_target_dag' retrieved from /home/airflow/.local/lib/python3.12/site-packages/airflow/example_dags/example_trigger_target_dag.py
[2026-01-01T03:35:53.516+0000] {logging_mixin.py:188} INFO - [2026-01-01T03:35:53.516+0000] {dag.py:3089} INFO - Sync 1 DAGs
[2026-01-01T03:35:53.523+0000] {logging_mixin.py:188} INFO - [2026-01-01T03:35:53.523+0000] {dag.py:3947} INFO - Setting next_dagrun for example_trigger_target_dag to None, run_after=None
[2026-01-01T03:35:53.533+0000] {processor.py:183} INFO - Processing /home/airflow/.local/lib/python3.12/site-packages/airflow/example_dags/example_trigger_target_dag.py took 0.034 seconds
[2026-01-01T04:55:53.437+0000] {processor.py:161} INFO - Started process (PID=52010) to work on /home/airflow/.local/lib/python3.12/site-packages/airflow/example_dags/example_trigger_target_dag.py
[2026-01-01T04:55:53.438+0000] {processor.py:830} INFO - Processing file /home/airflow/.local/lib/python3.12/site-packages/airflow/example_dags/example_trigger_target_dag.py for tasks to queue
[2026-01-01T04:55:53.438+0000] {logging_mixin.py:188} INFO - [2026-01-01T04:55:53.438+0000] {dagbag.py:545} INFO - Filling up the DagBag from /home/airflow/.local/lib/python3.12/site-packages/airflow/example_dags/example_trigger_target_dag.py
[2026-01-01T04:55:53.441+0000] {processor.py:840} INFO - DAG(s) 'example_trigger_target_dag' retrieved from /home/airflow/.local/lib/python3.12/site-packages/airflow/example_dags/example_trigger_target_dag.py
[2026-01-01T04:55:53.453+0000] {logging_mixin.py:188} INFO - [2026-01-01T04:55:53.453+0000] {dag.py:3089} INFO - Sync 1 DAGs
[2026-01-01T04:55:53.459+0000] {logging_mixin.py:188} INFO - [2026-01-01T04:55:53.459+0000] {dag.py:3947} INFO - Setting next_dagrun for example_trigger_target_dag to None, run_after=None
[2026-01-01T04:55:53.467+0000] {processor.py:183} INFO - Processing /home/airflow/.local/lib/python3.12/site-packages/airflow/example_dags/example_trigger_target_dag.py took 0.033 seconds
[2026-01-01T06:07:21.834+0000] {processor.py:161} INFO - Started process (PID=52069) to work on /home/airflow/.local/lib/python3.12/site-packages/airflow/example_dags/example_trigger_target_dag.py
[2026-01-01T06:07:21.835+0000] {processor.py:830} INFO - Processing file /home/airflow/.local/lib/python3.12/site-packages/airflow/example_dags/example_trigger_target_dag.py for tasks to queue
[2026-01-01T06:07:21.835+0000] {logging_mixin.py:188} INFO - [2026-01-01T06:07:21.835+0000] {dagbag.py:545} INFO - Filling up the DagBag from /home/airflow/.local/lib/python3.12/site-packages/airflow/example_dags/example_trigger_target_dag.py
[2026-01-01T06:07:21.837+0000] {processor.py:840} INFO - DAG(s) 'example_trigger_target_dag' retrieved from /home/airflow/.local/lib/python3.12/site-packages/airflow/example_dags/example_trigger_target_dag.py
[2026-01-01T06:07:21.849+0000] {logging_mixin.py:188} INFO - [2026-01-01T06:07:21.849+0000] {dag.py:3089} INFO - Sync 1 DAGs
[2026-01-01T06:07:21.855+0000] {logging_mixin.py:188} INFO - [2026-01-01T06:07:21.855+0000] {dag.py:3947} INFO - Setting next_dagrun for example_trigger_target_dag to None, run_after=None
[2026-01-01T06:07:21.868+0000] {processor.py:183} INFO - Processing /home/airflow/.local/lib/python3.12/site-packages/airflow/example_dags/example_trigger_target_dag.py took 0.037 seconds
[2026-01-01T07:40:35.924+0000] {processor.py:161} INFO - Started process (PID=52128) to work on /home/airflow/.local/lib/python3.12/site-packages/airflow/example_dags/example_trigger_target_dag.py
[2026-01-01T07:40:35.926+0000] {processor.py:830} INFO - Processing file /home/airflow/.local/lib/python3.12/site-packages/airflow/example_dags/example_trigger_target_dag.py for tasks to queue
[2026-01-01T07:40:35.927+0000] {logging_mixin.py:188} INFO - [2026-01-01T07:40:35.926+0000] {dagbag.py:545} INFO - Filling up the DagBag from /home/airflow/.local/lib/python3.12/site-packages/airflow/example_dags/example_trigger_target_dag.py
[2026-01-01T07:40:35.929+0000] {processor.py:840} INFO - DAG(s) 'example_trigger_target_dag' retrieved from /home/airflow/.local/lib/python3.12/site-packages/airflow/example_dags/example_trigger_target_dag.py
[2026-01-01T07:40:35.941+0000] {logging_mixin.py:188} INFO - [2026-01-01T07:40:35.941+0000] {dag.py:3089} INFO - Sync 1 DAGs
[2026-01-01T07:40:35.946+0000] {logging_mixin.py:188} INFO - [2026-01-01T07:40:35.946+0000] {dag.py:3947} INFO - Setting next_dagrun for example_trigger_target_dag to None, run_after=None
[2026-01-01T07:40:35.956+0000] {processor.py:183} INFO - Processing /home/airflow/.local/lib/python3.12/site-packages/airflow/example_dags/example_trigger_target_dag.py took 0.034 seconds
[2026-01-01T08:44:35.923+0000] {processor.py:161} INFO - Started process (PID=52187) to work on /home/airflow/.local/lib/python3.12/site-packages/airflow/example_dags/example_trigger_target_dag.py
[2026-01-01T08:44:35.923+0000] {processor.py:830} INFO - Processing file /home/airflow/.local/lib/python3.12/site-packages/airflow/example_dags/example_trigger_target_dag.py for tasks to queue
[2026-01-01T08:44:35.924+0000] {logging_mixin.py:188} INFO - [2026-01-01T08:44:35.924+0000] {dagbag.py:545} INFO - Filling up the DagBag from /home/airflow/.local/lib/python3.12/site-packages/airflow/example_dags/example_trigger_target_dag.py
[2026-01-01T08:44:35.927+0000] {processor.py:840} INFO - DAG(s) 'example_trigger_target_dag' retrieved from /home/airflow/.local/lib/python3.12/site-packages/airflow/example_dags/example_trigger_target_dag.py
[2026-01-01T08:44:35.936+0000] {logging_mixin.py:188} INFO - [2026-01-01T08:44:35.936+0000] {dag.py:3089} INFO - Sync 1 DAGs
[2026-01-01T08:44:35.942+0000] {logging_mixin.py:188} INFO - [2026-01-01T08:44:35.942+0000] {dag.py:3947} INFO - Setting next_dagrun for example_trigger_target_dag to None, run_after=None
[2026-01-01T08:44:35.953+0000] {processor.py:183} INFO - Processing /home/airflow/.local/lib/python3.12/site-packages/airflow/example_dags/example_trigger_target_dag.py took 0.033 seconds
[2026-01-01T09:57:57.098+0000] {processor.py:161} INFO - Started process (PID=52246) to work on /home/airflow/.local/lib/python3.12/site-packages/airflow/example_dags/example_trigger_target_dag.py
[2026-01-01T09:57:57.098+0000] {processor.py:830} INFO - Processing file /home/airflow/.local/lib/python3.12/site-packages/airflow/example_dags/example_trigger_target_dag.py for tasks to queue
[2026-01-01T09:57:57.099+0000] {logging_mixin.py:188} INFO - [2026-01-01T09:57:57.099+0000] {dagbag.py:545} INFO - Filling up the DagBag from /home/airflow/.local/lib/python3.12/site-packages/airflow/example_dags/example_trigger_target_dag.py
[2026-01-01T09:57:57.101+0000] {processor.py:840} INFO - DAG(s) 'example_trigger_target_dag' retrieved from /home/airflow/.local/lib/python3.12/site-packages/airflow/example_dags/example_trigger_target_dag.py
[2026-01-01T09:57:57.110+0000] {logging_mixin.py:188} INFO - [2026-01-01T09:57:57.110+0000] {dag.py:3089} INFO - Sync 1 DAGs
[2026-01-01T09:57:57.115+0000] {logging_mixin.py:188} INFO - [2026-01-01T09:57:57.115+0000] {dag.py:3947} INFO - Setting next_dagrun for example_trigger_target_dag to None, run_after=None
[2026-01-01T09:57:57.130+0000] {processor.py:183} INFO - Processing /home/airflow/.local/lib/python3.12/site-packages/airflow/example_dags/example_trigger_target_dag.py took 0.035 seconds
[2026-01-01T11:12:22.121+0000] {processor.py:161} INFO - Started process (PID=52305) to work on /home/airflow/.local/lib/python3.12/site-packages/airflow/example_dags/example_trigger_target_dag.py
[2026-01-01T11:12:22.122+0000] {processor.py:830} INFO - Processing file /home/airflow/.local/lib/python3.12/site-packages/airflow/example_dags/example_trigger_target_dag.py for tasks to queue
[2026-01-01T11:12:22.122+0000] {logging_mixin.py:188} INFO - [2026-01-01T11:12:22.122+0000] {dagbag.py:545} INFO - Filling up the DagBag from /home/airflow/.local/lib/python3.12/site-packages/airflow/example_dags/example_trigger_target_dag.py
[2026-01-01T11:12:22.124+0000] {processor.py:840} INFO - DAG(s) 'example_trigger_target_dag' retrieved from /home/airflow/.local/lib/python3.12/site-packages/airflow/example_dags/example_trigger_target_dag.py
[2026-01-01T11:12:22.132+0000] {logging_mixin.py:188} INFO - [2026-01-01T11:12:22.132+0000] {dag.py:3089} INFO - Sync 1 DAGs
[2026-01-01T11:12:22.137+0000] {logging_mixin.py:188} INFO - [2026-01-01T11:12:22.136+0000] {dag.py:3947} INFO - Setting next_dagrun for example_trigger_target_dag to None, run_after=None
[2026-01-01T11:12:22.148+0000] {processor.py:183} INFO - Processing /home/airflow/.local/lib/python3.12/site-packages/airflow/example_dags/example_trigger_target_dag.py took 0.029 seconds
[2026-01-01T12:13:28.961+0000] {processor.py:161} INFO - Started process (PID=52364) to work on /home/airflow/.local/lib/python3.12/site-packages/airflow/example_dags/example_trigger_target_dag.py
[2026-01-01T12:13:28.962+0000] {processor.py:830} INFO - Processing file /home/airflow/.local/lib/python3.12/site-packages/airflow/example_dags/example_trigger_target_dag.py for tasks to queue
[2026-01-01T12:13:28.963+0000] {logging_mixin.py:188} INFO - [2026-01-01T12:13:28.962+0000] {dagbag.py:545} INFO - Filling up the DagBag from /home/airflow/.local/lib/python3.12/site-packages/airflow/example_dags/example_trigger_target_dag.py
[2026-01-01T12:13:28.966+0000] {processor.py:840} INFO - DAG(s) 'example_trigger_target_dag' retrieved from /home/airflow/.local/lib/python3.12/site-packages/airflow/example_dags/example_trigger_target_dag.py
[2026-01-01T12:13:28.974+0000] {logging_mixin.py:188} INFO - [2026-01-01T12:13:28.974+0000] {dag.py:3089} INFO - Sync 1 DAGs
[2026-01-01T12:13:28.979+0000] {logging_mixin.py:188} INFO - [2026-01-01T12:13:28.979+0000] {dag.py:3947} INFO - Setting next_dagrun for example_trigger_target_dag to None, run_after=None
[2026-01-01T12:13:28.992+0000] {processor.py:183} INFO - Processing /home/airflow/.local/lib/python3.12/site-packages/airflow/example_dags/example_trigger_target_dag.py took 0.033 seconds
[2026-01-01T13:31:41.230+0000] {processor.py:161} INFO - Started process (PID=52423) to work on /home/airflow/.local/lib/python3.12/site-packages/airflow/example_dags/example_trigger_target_dag.py
[2026-01-01T13:31:41.230+0000] {processor.py:830} INFO - Processing file /home/airflow/.local/lib/python3.12/site-packages/airflow/example_dags/example_trigger_target_dag.py for tasks to queue
[2026-01-01T13:31:41.230+0000] {logging_mixin.py:188} INFO - [2026-01-01T13:31:41.230+0000] {dagbag.py:545} INFO - Filling up the DagBag from /home/airflow/.local/lib/python3.12/site-packages/airflow/example_dags/example_trigger_target_dag.py
[2026-01-01T13:31:41.233+0000] {processor.py:840} INFO - DAG(s) 'example_trigger_target_dag' retrieved from /home/airflow/.local/lib/python3.12/site-packages/airflow/example_dags/example_trigger_target_dag.py
[2026-01-01T13:31:41.247+0000] {logging_mixin.py:188} INFO - [2026-01-01T13:31:41.247+0000] {dag.py:3089} INFO - Sync 1 DAGs
[2026-01-01T13:31:41.253+0000] {logging_mixin.py:188} INFO - [2026-01-01T13:31:41.252+0000] {dag.py:3947} INFO - Setting next_dagrun for example_trigger_target_dag to None, run_after=None
[2026-01-01T13:31:41.263+0000] {processor.py:183} INFO - Processing /home/airflow/.local/lib/python3.12/site-packages/airflow/example_dags/example_trigger_target_dag.py took 0.037 seconds
[2026-01-01T15:05:24.015+0000] {processor.py:161} INFO - Started process (PID=52482) to work on /home/airflow/.local/lib/python3.12/site-packages/airflow/example_dags/example_trigger_target_dag.py
[2026-01-01T15:05:24.015+0000] {processor.py:830} INFO - Processing file /home/airflow/.local/lib/python3.12/site-packages/airflow/example_dags/example_trigger_target_dag.py for tasks to queue
[2026-01-01T15:05:24.016+0000] {logging_mixin.py:188} INFO - [2026-01-01T15:05:24.015+0000] {dagbag.py:545} INFO - Filling up the DagBag from /home/airflow/.local/lib/python3.12/site-packages/airflow/example_dags/example_trigger_target_dag.py
[2026-01-01T15:05:24.018+0000] {processor.py:840} INFO - DAG(s) 'example_trigger_target_dag' retrieved from /home/airflow/.local/lib/python3.12/site-packages/airflow/example_dags/example_trigger_target_dag.py
[2026-01-01T15:05:24.032+0000] {logging_mixin.py:188} INFO - [2026-01-01T15:05:24.032+0000] {dag.py:3089} INFO - Sync 1 DAGs
[2026-01-01T15:05:24.037+0000] {logging_mixin.py:188} INFO - [2026-01-01T15:05:24.037+0000] {dag.py:3947} INFO - Setting next_dagrun for example_trigger_target_dag to None, run_after=None
[2026-01-01T15:05:24.052+0000] {processor.py:183} INFO - Processing /home/airflow/.local/lib/python3.12/site-packages/airflow/example_dags/example_trigger_target_dag.py took 0.040 seconds
[2026-01-01T16:17:19.861+0000] {processor.py:161} INFO - Started process (PID=52541) to work on /home/airflow/.local/lib/python3.12/site-packages/airflow/example_dags/example_trigger_target_dag.py
[2026-01-01T16:17:19.862+0000] {processor.py:830} INFO - Processing file /home/airflow/.local/lib/python3.12/site-packages/airflow/example_dags/example_trigger_target_dag.py for tasks to queue
[2026-01-01T16:17:19.862+0000] {logging_mixin.py:188} INFO - [2026-01-01T16:17:19.862+0000] {dagbag.py:545} INFO - Filling up the DagBag from /home/airflow/.local/lib/python3.12/site-packages/airflow/example_dags/example_trigger_target_dag.py
[2026-01-01T16:17:19.865+0000] {processor.py:840} INFO - DAG(s) 'example_trigger_target_dag' retrieved from /home/airflow/.local/lib/python3.12/site-packages/airflow/example_dags/example_trigger_target_dag.py
[2026-01-01T16:17:19.879+0000] {logging_mixin.py:188} INFO - [2026-01-01T16:17:19.879+0000] {dag.py:3089} INFO - Sync 1 DAGs
[2026-01-01T16:17:19.885+0000] {logging_mixin.py:188} INFO - [2026-01-01T16:17:19.885+0000] {dag.py:3947} INFO - Setting next_dagrun for example_trigger_target_dag to None, run_after=None
[2026-01-01T16:17:19.896+0000] {processor.py:183} INFO - Processing /home/airflow/.local/lib/python3.12/site-packages/airflow/example_dags/example_trigger_target_dag.py took 0.037 seconds
[2026-01-01T17:14:38.653+0000] {processor.py:161} INFO - Started process (PID=52600) to work on /home/airflow/.local/lib/python3.12/site-packages/airflow/example_dags/example_trigger_target_dag.py
[2026-01-01T17:14:38.654+0000] {processor.py:830} INFO - Processing file /home/airflow/.local/lib/python3.12/site-packages/airflow/example_dags/example_trigger_target_dag.py for tasks to queue
[2026-01-01T17:14:38.655+0000] {logging_mixin.py:188} INFO - [2026-01-01T17:14:38.654+0000] {dagbag.py:545} INFO - Filling up the DagBag from /home/airflow/.local/lib/python3.12/site-packages/airflow/example_dags/example_trigger_target_dag.py
[2026-01-01T17:14:38.657+0000] {processor.py:840} INFO - DAG(s) 'example_trigger_target_dag' retrieved from /home/airflow/.local/lib/python3.12/site-packages/airflow/example_dags/example_trigger_target_dag.py
[2026-01-01T17:14:38.667+0000] {logging_mixin.py:188} INFO - [2026-01-01T17:14:38.667+0000] {dag.py:3089} INFO - Sync 1 DAGs
[2026-01-01T17:14:38.673+0000] {logging_mixin.py:188} INFO - [2026-01-01T17:14:38.673+0000] {dag.py:3947} INFO - Setting next_dagrun for example_trigger_target_dag to None, run_after=None
[2026-01-01T17:14:38.688+0000] {processor.py:183} INFO - Processing /home/airflow/.local/lib/python3.12/site-packages/airflow/example_dags/example_trigger_target_dag.py took 0.037 seconds
[2026-01-01T18:19:23.362+0000] {processor.py:161} INFO - Started process (PID=52659) to work on /home/airflow/.local/lib/python3.12/site-packages/airflow/example_dags/example_trigger_target_dag.py
[2026-01-01T18:19:23.362+0000] {processor.py:830} INFO - Processing file /home/airflow/.local/lib/python3.12/site-packages/airflow/example_dags/example_trigger_target_dag.py for tasks to queue
[2026-01-01T18:19:23.364+0000] {logging_mixin.py:188} INFO - [2026-01-01T18:19:23.364+0000] {dagbag.py:545} INFO - Filling up the DagBag from /home/airflow/.local/lib/python3.12/site-packages/airflow/example_dags/example_trigger_target_dag.py
[2026-01-01T18:19:23.367+0000] {processor.py:840} INFO - DAG(s) 'example_trigger_target_dag' retrieved from /home/airflow/.local/lib/python3.12/site-packages/airflow/example_dags/example_trigger_target_dag.py
[2026-01-01T18:19:23.381+0000] {logging_mixin.py:188} INFO - [2026-01-01T18:19:23.381+0000] {dag.py:3089} INFO - Sync 1 DAGs
[2026-01-01T18:19:23.387+0000] {logging_mixin.py:188} INFO - [2026-01-01T18:19:23.387+0000] {dag.py:3947} INFO - Setting next_dagrun for example_trigger_target_dag to None, run_after=None
[2026-01-01T18:19:23.397+0000] {processor.py:183} INFO - Processing /home/airflow/.local/lib/python3.12/site-packages/airflow/example_dags/example_trigger_target_dag.py took 0.038 seconds
[2026-01-01T19:35:31.341+0000] {processor.py:161} INFO - Started process (PID=52718) to work on /home/airflow/.local/lib/python3.12/site-packages/airflow/example_dags/example_trigger_target_dag.py
[2026-01-01T19:35:31.343+0000] {processor.py:830} INFO - Processing file /home/airflow/.local/lib/python3.12/site-packages/airflow/example_dags/example_trigger_target_dag.py for tasks to queue
[2026-01-01T19:35:31.343+0000] {logging_mixin.py:188} INFO - [2026-01-01T19:35:31.343+0000] {dagbag.py:545} INFO - Filling up the DagBag from /home/airflow/.local/lib/python3.12/site-packages/airflow/example_dags/example_trigger_target_dag.py
[2026-01-01T19:35:31.346+0000] {processor.py:840} INFO - DAG(s) 'example_trigger_target_dag' retrieved from /home/airflow/.local/lib/python3.12/site-packages/airflow/example_dags/example_trigger_target_dag.py
[2026-01-01T19:35:31.355+0000] {logging_mixin.py:188} INFO - [2026-01-01T19:35:31.355+0000] {dag.py:3089} INFO - Sync 1 DAGs
[2026-01-01T19:35:31.362+0000] {logging_mixin.py:188} INFO - [2026-01-01T19:35:31.362+0000] {dag.py:3947} INFO - Setting next_dagrun for example_trigger_target_dag to None, run_after=None
[2026-01-01T19:35:31.374+0000] {processor.py:183} INFO - Processing /home/airflow/.local/lib/python3.12/site-packages/airflow/example_dags/example_trigger_target_dag.py took 0.036 seconds
[2026-01-01T20:54:40.204+0000] {processor.py:161} INFO - Started process (PID=52777) to work on /home/airflow/.local/lib/python3.12/site-packages/airflow/example_dags/example_trigger_target_dag.py
[2026-01-01T20:54:40.205+0000] {processor.py:830} INFO - Processing file /home/airflow/.local/lib/python3.12/site-packages/airflow/example_dags/example_trigger_target_dag.py for tasks to queue
[2026-01-01T20:54:40.206+0000] {logging_mixin.py:188} INFO - [2026-01-01T20:54:40.206+0000] {dagbag.py:545} INFO - Filling up the DagBag from /home/airflow/.local/lib/python3.12/site-packages/airflow/example_dags/example_trigger_target_dag.py
[2026-01-01T20:54:40.209+0000] {processor.py:840} INFO - DAG(s) 'example_trigger_target_dag' retrieved from /home/airflow/.local/lib/python3.12/site-packages/airflow/example_dags/example_trigger_target_dag.py
[2026-01-01T20:54:40.220+0000] {logging_mixin.py:188} INFO - [2026-01-01T20:54:40.220+0000] {dag.py:3089} INFO - Sync 1 DAGs
[2026-01-01T20:54:40.228+0000] {logging_mixin.py:188} INFO - [2026-01-01T20:54:40.228+0000] {dag.py:3947} INFO - Setting next_dagrun for example_trigger_target_dag to None, run_after=None
[2026-01-01T20:54:40.236+0000] {processor.py:183} INFO - Processing /home/airflow/.local/lib/python3.12/site-packages/airflow/example_dags/example_trigger_target_dag.py took 0.034 seconds
[2026-01-01T22:37:22.176+0000] {processor.py:161} INFO - Started process (PID=52836) to work on /home/airflow/.local/lib/python3.12/site-packages/airflow/example_dags/example_trigger_target_dag.py
[2026-01-01T22:37:22.177+0000] {processor.py:830} INFO - Processing file /home/airflow/.local/lib/python3.12/site-packages/airflow/example_dags/example_trigger_target_dag.py for tasks to queue
[2026-01-01T22:37:22.177+0000] {logging_mixin.py:188} INFO - [2026-01-01T22:37:22.177+0000] {dagbag.py:545} INFO - Filling up the DagBag from /home/airflow/.local/lib/python3.12/site-packages/airflow/example_dags/example_trigger_target_dag.py
[2026-01-01T22:37:22.181+0000] {processor.py:840} INFO - DAG(s) 'example_trigger_target_dag' retrieved from /home/airflow/.local/lib/python3.12/site-packages/airflow/example_dags/example_trigger_target_dag.py
[2026-01-01T22:37:22.194+0000] {logging_mixin.py:188} INFO - [2026-01-01T22:37:22.194+0000] {dag.py:3089} INFO - Sync 1 DAGs
[2026-01-01T22:37:22.200+0000] {logging_mixin.py:188} INFO - [2026-01-01T22:37:22.199+0000] {dag.py:3947} INFO - Setting next_dagrun for example_trigger_target_dag to None, run_after=None
[2026-01-01T22:37:22.208+0000] {processor.py:183} INFO - Processing /home/airflow/.local/lib/python3.12/site-packages/airflow/example_dags/example_trigger_target_dag.py took 0.035 seconds
[2026-01-01T23:54:04.053+0000] {processor.py:161} INFO - Started process (PID=52895) to work on /home/airflow/.local/lib/python3.12/site-packages/airflow/example_dags/example_trigger_target_dag.py
[2026-01-01T23:54:04.056+0000] {processor.py:830} INFO - Processing file /home/airflow/.local/lib/python3.12/site-packages/airflow/example_dags/example_trigger_target_dag.py for tasks to queue
[2026-01-01T23:54:04.057+0000] {logging_mixin.py:188} INFO - [2026-01-01T23:54:04.057+0000] {dagbag.py:545} INFO - Filling up the DagBag from /home/airflow/.local/lib/python3.12/site-packages/airflow/example_dags/example_trigger_target_dag.py
[2026-01-01T23:54:04.062+0000] {processor.py:840} INFO - DAG(s) 'example_trigger_target_dag' retrieved from /home/airflow/.local/lib/python3.12/site-packages/airflow/example_dags/example_trigger_target_dag.py
[2026-01-01T23:54:04.078+0000] {logging_mixin.py:188} INFO - [2026-01-01T23:54:04.078+0000] {dag.py:3089} INFO - Sync 1 DAGs
[2026-01-01T23:54:04.087+0000] {logging_mixin.py:188} INFO - [2026-01-01T23:54:04.087+0000] {dag.py:3947} INFO - Setting next_dagrun for example_trigger_target_dag to None, run_after=None
[2026-01-01T23:54:04.096+0000] {processor.py:183} INFO - Processing /home/airflow/.local/lib/python3.12/site-packages/airflow/example_dags/example_trigger_target_dag.py took 0.046 seconds
