[2026-01-01T01:03:23.033+0000] {processor.py:161} INFO - Started process (PID=51835) to work on /home/airflow/.local/lib/python3.12/site-packages/airflow/example_dags/example_trigger_controller_dag.py
[2026-01-01T01:03:23.033+0000] {processor.py:830} INFO - Processing file /home/airflow/.local/lib/python3.12/site-packages/airflow/example_dags/example_trigger_controller_dag.py for tasks to queue
[2026-01-01T01:03:23.034+0000] {logging_mixin.py:188} INFO - [2026-01-01T01:03:23.034+0000] {dagbag.py:545} INFO - Filling up the DagBag from /home/airflow/.local/lib/python3.12/site-packages/airflow/example_dags/example_trigger_controller_dag.py
[2026-01-01T01:03:23.036+0000] {processor.py:840} INFO - DAG(s) 'example_trigger_controller_dag' retrieved from /home/airflow/.local/lib/python3.12/site-packages/airflow/example_dags/example_trigger_controller_dag.py
[2026-01-01T01:03:23.050+0000] {logging_mixin.py:188} INFO - [2026-01-01T01:03:23.050+0000] {dag.py:3089} INFO - Sync 1 DAGs
[2026-01-01T01:03:23.060+0000] {logging_mixin.py:188} INFO - [2026-01-01T01:03:23.060+0000] {dag.py:3947} INFO - Setting next_dagrun for example_trigger_controller_dag to 2021-01-01 00:00:00+00:00, run_after=2021-01-01 00:00:00+00:00
[2026-01-01T01:03:23.071+0000] {processor.py:183} INFO - Processing /home/airflow/.local/lib/python3.12/site-packages/airflow/example_dags/example_trigger_controller_dag.py took 0.041 seconds
[2026-01-01T02:01:02.161+0000] {processor.py:161} INFO - Started process (PID=51894) to work on /home/airflow/.local/lib/python3.12/site-packages/airflow/example_dags/example_trigger_controller_dag.py
[2026-01-01T02:01:02.163+0000] {processor.py:830} INFO - Processing file /home/airflow/.local/lib/python3.12/site-packages/airflow/example_dags/example_trigger_controller_dag.py for tasks to queue
[2026-01-01T02:01:02.164+0000] {logging_mixin.py:188} INFO - [2026-01-01T02:01:02.164+0000] {dagbag.py:545} INFO - Filling up the DagBag from /home/airflow/.local/lib/python3.12/site-packages/airflow/example_dags/example_trigger_controller_dag.py
[2026-01-01T02:01:02.169+0000] {processor.py:840} INFO - DAG(s) 'example_trigger_controller_dag' retrieved from /home/airflow/.local/lib/python3.12/site-packages/airflow/example_dags/example_trigger_controller_dag.py
[2026-01-01T02:01:02.183+0000] {logging_mixin.py:188} INFO - [2026-01-01T02:01:02.183+0000] {dag.py:3089} INFO - Sync 1 DAGs
[2026-01-01T02:01:02.192+0000] {logging_mixin.py:188} INFO - [2026-01-01T02:01:02.192+0000] {dag.py:3947} INFO - Setting next_dagrun for example_trigger_controller_dag to 2021-01-01 00:00:00+00:00, run_after=2021-01-01 00:00:00+00:00
[2026-01-01T02:01:02.202+0000] {processor.py:183} INFO - Processing /home/airflow/.local/lib/python3.12/site-packages/airflow/example_dags/example_trigger_controller_dag.py took 0.048 seconds
[2026-01-01T03:35:53.557+0000] {processor.py:161} INFO - Started process (PID=51953) to work on /home/airflow/.local/lib/python3.12/site-packages/airflow/example_dags/example_trigger_controller_dag.py
[2026-01-01T03:35:53.561+0000] {processor.py:830} INFO - Processing file /home/airflow/.local/lib/python3.12/site-packages/airflow/example_dags/example_trigger_controller_dag.py for tasks to queue
[2026-01-01T03:35:53.561+0000] {logging_mixin.py:188} INFO - [2026-01-01T03:35:53.561+0000] {dagbag.py:545} INFO - Filling up the DagBag from /home/airflow/.local/lib/python3.12/site-packages/airflow/example_dags/example_trigger_controller_dag.py
[2026-01-01T03:35:53.565+0000] {processor.py:840} INFO - DAG(s) 'example_trigger_controller_dag' retrieved from /home/airflow/.local/lib/python3.12/site-packages/airflow/example_dags/example_trigger_controller_dag.py
[2026-01-01T03:35:53.576+0000] {logging_mixin.py:188} INFO - [2026-01-01T03:35:53.576+0000] {dag.py:3089} INFO - Sync 1 DAGs
[2026-01-01T03:35:53.586+0000] {logging_mixin.py:188} INFO - [2026-01-01T03:35:53.585+0000] {dag.py:3947} INFO - Setting next_dagrun for example_trigger_controller_dag to 2021-01-01 00:00:00+00:00, run_after=2021-01-01 00:00:00+00:00
[2026-01-01T03:35:53.592+0000] {processor.py:183} INFO - Processing /home/airflow/.local/lib/python3.12/site-packages/airflow/example_dags/example_trigger_controller_dag.py took 0.038 seconds
[2026-01-01T04:55:53.536+0000] {processor.py:161} INFO - Started process (PID=52013) to work on /home/airflow/.local/lib/python3.12/site-packages/airflow/example_dags/example_trigger_controller_dag.py
[2026-01-01T04:55:53.537+0000] {processor.py:830} INFO - Processing file /home/airflow/.local/lib/python3.12/site-packages/airflow/example_dags/example_trigger_controller_dag.py for tasks to queue
[2026-01-01T04:55:53.537+0000] {logging_mixin.py:188} INFO - [2026-01-01T04:55:53.537+0000] {dagbag.py:545} INFO - Filling up the DagBag from /home/airflow/.local/lib/python3.12/site-packages/airflow/example_dags/example_trigger_controller_dag.py
[2026-01-01T04:55:53.539+0000] {processor.py:840} INFO - DAG(s) 'example_trigger_controller_dag' retrieved from /home/airflow/.local/lib/python3.12/site-packages/airflow/example_dags/example_trigger_controller_dag.py
[2026-01-01T04:55:53.547+0000] {logging_mixin.py:188} INFO - [2026-01-01T04:55:53.547+0000] {dag.py:3089} INFO - Sync 1 DAGs
[2026-01-01T04:55:53.555+0000] {logging_mixin.py:188} INFO - [2026-01-01T04:55:53.555+0000] {dag.py:3947} INFO - Setting next_dagrun for example_trigger_controller_dag to 2021-01-01 00:00:00+00:00, run_after=2021-01-01 00:00:00+00:00
[2026-01-01T04:55:53.562+0000] {processor.py:183} INFO - Processing /home/airflow/.local/lib/python3.12/site-packages/airflow/example_dags/example_trigger_controller_dag.py took 0.035 seconds
[2026-01-01T06:07:21.887+0000] {processor.py:161} INFO - Started process (PID=52072) to work on /home/airflow/.local/lib/python3.12/site-packages/airflow/example_dags/example_trigger_controller_dag.py
[2026-01-01T06:07:21.888+0000] {processor.py:830} INFO - Processing file /home/airflow/.local/lib/python3.12/site-packages/airflow/example_dags/example_trigger_controller_dag.py for tasks to queue
[2026-01-01T06:07:21.888+0000] {logging_mixin.py:188} INFO - [2026-01-01T06:07:21.888+0000] {dagbag.py:545} INFO - Filling up the DagBag from /home/airflow/.local/lib/python3.12/site-packages/airflow/example_dags/example_trigger_controller_dag.py
[2026-01-01T06:07:21.890+0000] {processor.py:840} INFO - DAG(s) 'example_trigger_controller_dag' retrieved from /home/airflow/.local/lib/python3.12/site-packages/airflow/example_dags/example_trigger_controller_dag.py
[2026-01-01T06:07:21.905+0000] {logging_mixin.py:188} INFO - [2026-01-01T06:07:21.905+0000] {dag.py:3089} INFO - Sync 1 DAGs
[2026-01-01T06:07:21.915+0000] {logging_mixin.py:188} INFO - [2026-01-01T06:07:21.915+0000] {dag.py:3947} INFO - Setting next_dagrun for example_trigger_controller_dag to 2021-01-01 00:00:00+00:00, run_after=2021-01-01 00:00:00+00:00
[2026-01-01T06:07:21.925+0000] {processor.py:183} INFO - Processing /home/airflow/.local/lib/python3.12/site-packages/airflow/example_dags/example_trigger_controller_dag.py took 0.040 seconds
[2026-01-01T07:40:36.030+0000] {processor.py:161} INFO - Started process (PID=52131) to work on /home/airflow/.local/lib/python3.12/site-packages/airflow/example_dags/example_trigger_controller_dag.py
[2026-01-01T07:40:36.030+0000] {processor.py:830} INFO - Processing file /home/airflow/.local/lib/python3.12/site-packages/airflow/example_dags/example_trigger_controller_dag.py for tasks to queue
[2026-01-01T07:40:36.030+0000] {logging_mixin.py:188} INFO - [2026-01-01T07:40:36.030+0000] {dagbag.py:545} INFO - Filling up the DagBag from /home/airflow/.local/lib/python3.12/site-packages/airflow/example_dags/example_trigger_controller_dag.py
[2026-01-01T07:40:36.033+0000] {processor.py:840} INFO - DAG(s) 'example_trigger_controller_dag' retrieved from /home/airflow/.local/lib/python3.12/site-packages/airflow/example_dags/example_trigger_controller_dag.py
[2026-01-01T07:40:36.042+0000] {logging_mixin.py:188} INFO - [2026-01-01T07:40:36.042+0000] {dag.py:3089} INFO - Sync 1 DAGs
[2026-01-01T07:40:36.050+0000] {logging_mixin.py:188} INFO - [2026-01-01T07:40:36.050+0000] {dag.py:3947} INFO - Setting next_dagrun for example_trigger_controller_dag to 2021-01-01 00:00:00+00:00, run_after=2021-01-01 00:00:00+00:00
[2026-01-01T07:40:36.058+0000] {processor.py:183} INFO - Processing /home/airflow/.local/lib/python3.12/site-packages/airflow/example_dags/example_trigger_controller_dag.py took 0.031 seconds
[2026-01-01T08:44:36.001+0000] {processor.py:161} INFO - Started process (PID=52190) to work on /home/airflow/.local/lib/python3.12/site-packages/airflow/example_dags/example_trigger_controller_dag.py
[2026-01-01T08:44:36.003+0000] {processor.py:830} INFO - Processing file /home/airflow/.local/lib/python3.12/site-packages/airflow/example_dags/example_trigger_controller_dag.py for tasks to queue
[2026-01-01T08:44:36.003+0000] {logging_mixin.py:188} INFO - [2026-01-01T08:44:36.003+0000] {dagbag.py:545} INFO - Filling up the DagBag from /home/airflow/.local/lib/python3.12/site-packages/airflow/example_dags/example_trigger_controller_dag.py
[2026-01-01T08:44:36.006+0000] {processor.py:840} INFO - DAG(s) 'example_trigger_controller_dag' retrieved from /home/airflow/.local/lib/python3.12/site-packages/airflow/example_dags/example_trigger_controller_dag.py
[2026-01-01T08:44:36.016+0000] {logging_mixin.py:188} INFO - [2026-01-01T08:44:36.016+0000] {dag.py:3089} INFO - Sync 1 DAGs
[2026-01-01T08:44:36.028+0000] {logging_mixin.py:188} INFO - [2026-01-01T08:44:36.028+0000] {dag.py:3947} INFO - Setting next_dagrun for example_trigger_controller_dag to 2021-01-01 00:00:00+00:00, run_after=2021-01-01 00:00:00+00:00
[2026-01-01T08:44:36.041+0000] {processor.py:183} INFO - Processing /home/airflow/.local/lib/python3.12/site-packages/airflow/example_dags/example_trigger_controller_dag.py took 0.042 seconds
[2026-01-01T09:57:57.158+0000] {processor.py:161} INFO - Started process (PID=52249) to work on /home/airflow/.local/lib/python3.12/site-packages/airflow/example_dags/example_trigger_controller_dag.py
[2026-01-01T09:57:57.160+0000] {processor.py:830} INFO - Processing file /home/airflow/.local/lib/python3.12/site-packages/airflow/example_dags/example_trigger_controller_dag.py for tasks to queue
[2026-01-01T09:57:57.161+0000] {logging_mixin.py:188} INFO - [2026-01-01T09:57:57.160+0000] {dagbag.py:545} INFO - Filling up the DagBag from /home/airflow/.local/lib/python3.12/site-packages/airflow/example_dags/example_trigger_controller_dag.py
[2026-01-01T09:57:57.163+0000] {processor.py:840} INFO - DAG(s) 'example_trigger_controller_dag' retrieved from /home/airflow/.local/lib/python3.12/site-packages/airflow/example_dags/example_trigger_controller_dag.py
[2026-01-01T09:57:57.172+0000] {logging_mixin.py:188} INFO - [2026-01-01T09:57:57.172+0000] {dag.py:3089} INFO - Sync 1 DAGs
[2026-01-01T09:57:57.183+0000] {logging_mixin.py:188} INFO - [2026-01-01T09:57:57.183+0000] {dag.py:3947} INFO - Setting next_dagrun for example_trigger_controller_dag to 2021-01-01 00:00:00+00:00, run_after=2021-01-01 00:00:00+00:00
[2026-01-01T09:57:57.189+0000] {processor.py:183} INFO - Processing /home/airflow/.local/lib/python3.12/site-packages/airflow/example_dags/example_trigger_controller_dag.py took 0.034 seconds
[2026-01-01T11:12:22.205+0000] {processor.py:161} INFO - Started process (PID=52308) to work on /home/airflow/.local/lib/python3.12/site-packages/airflow/example_dags/example_trigger_controller_dag.py
[2026-01-01T11:12:22.206+0000] {processor.py:830} INFO - Processing file /home/airflow/.local/lib/python3.12/site-packages/airflow/example_dags/example_trigger_controller_dag.py for tasks to queue
[2026-01-01T11:12:22.206+0000] {logging_mixin.py:188} INFO - [2026-01-01T11:12:22.206+0000] {dagbag.py:545} INFO - Filling up the DagBag from /home/airflow/.local/lib/python3.12/site-packages/airflow/example_dags/example_trigger_controller_dag.py
[2026-01-01T11:12:22.209+0000] {processor.py:840} INFO - DAG(s) 'example_trigger_controller_dag' retrieved from /home/airflow/.local/lib/python3.12/site-packages/airflow/example_dags/example_trigger_controller_dag.py
[2026-01-01T11:12:22.222+0000] {logging_mixin.py:188} INFO - [2026-01-01T11:12:22.222+0000] {dag.py:3089} INFO - Sync 1 DAGs
[2026-01-01T11:12:22.231+0000] {logging_mixin.py:188} INFO - [2026-01-01T11:12:22.231+0000] {dag.py:3947} INFO - Setting next_dagrun for example_trigger_controller_dag to 2021-01-01 00:00:00+00:00, run_after=2021-01-01 00:00:00+00:00
[2026-01-01T11:12:22.244+0000] {processor.py:183} INFO - Processing /home/airflow/.local/lib/python3.12/site-packages/airflow/example_dags/example_trigger_controller_dag.py took 0.043 seconds
[2026-01-01T12:13:29.027+0000] {processor.py:161} INFO - Started process (PID=52367) to work on /home/airflow/.local/lib/python3.12/site-packages/airflow/example_dags/example_trigger_controller_dag.py
[2026-01-01T12:13:29.028+0000] {processor.py:830} INFO - Processing file /home/airflow/.local/lib/python3.12/site-packages/airflow/example_dags/example_trigger_controller_dag.py for tasks to queue
[2026-01-01T12:13:29.028+0000] {logging_mixin.py:188} INFO - [2026-01-01T12:13:29.028+0000] {dagbag.py:545} INFO - Filling up the DagBag from /home/airflow/.local/lib/python3.12/site-packages/airflow/example_dags/example_trigger_controller_dag.py
[2026-01-01T12:13:29.031+0000] {processor.py:840} INFO - DAG(s) 'example_trigger_controller_dag' retrieved from /home/airflow/.local/lib/python3.12/site-packages/airflow/example_dags/example_trigger_controller_dag.py
[2026-01-01T12:13:29.040+0000] {logging_mixin.py:188} INFO - [2026-01-01T12:13:29.040+0000] {dag.py:3089} INFO - Sync 1 DAGs
[2026-01-01T12:13:29.049+0000] {logging_mixin.py:188} INFO - [2026-01-01T12:13:29.049+0000] {dag.py:3947} INFO - Setting next_dagrun for example_trigger_controller_dag to 2021-01-01 00:00:00+00:00, run_after=2021-01-01 00:00:00+00:00
[2026-01-01T12:13:29.057+0000] {processor.py:183} INFO - Processing /home/airflow/.local/lib/python3.12/site-packages/airflow/example_dags/example_trigger_controller_dag.py took 0.034 seconds
[2026-01-01T13:31:41.317+0000] {processor.py:161} INFO - Started process (PID=52426) to work on /home/airflow/.local/lib/python3.12/site-packages/airflow/example_dags/example_trigger_controller_dag.py
[2026-01-01T13:31:41.317+0000] {processor.py:830} INFO - Processing file /home/airflow/.local/lib/python3.12/site-packages/airflow/example_dags/example_trigger_controller_dag.py for tasks to queue
[2026-01-01T13:31:41.318+0000] {logging_mixin.py:188} INFO - [2026-01-01T13:31:41.318+0000] {dagbag.py:545} INFO - Filling up the DagBag from /home/airflow/.local/lib/python3.12/site-packages/airflow/example_dags/example_trigger_controller_dag.py
[2026-01-01T13:31:41.320+0000] {processor.py:840} INFO - DAG(s) 'example_trigger_controller_dag' retrieved from /home/airflow/.local/lib/python3.12/site-packages/airflow/example_dags/example_trigger_controller_dag.py
[2026-01-01T13:31:41.331+0000] {logging_mixin.py:188} INFO - [2026-01-01T13:31:41.331+0000] {dag.py:3089} INFO - Sync 1 DAGs
[2026-01-01T13:31:41.343+0000] {logging_mixin.py:188} INFO - [2026-01-01T13:31:41.343+0000] {dag.py:3947} INFO - Setting next_dagrun for example_trigger_controller_dag to 2021-01-01 00:00:00+00:00, run_after=2021-01-01 00:00:00+00:00
[2026-01-01T13:31:41.355+0000] {processor.py:183} INFO - Processing /home/airflow/.local/lib/python3.12/site-packages/airflow/example_dags/example_trigger_controller_dag.py took 0.040 seconds
[2026-01-01T15:05:24.070+0000] {processor.py:161} INFO - Started process (PID=52485) to work on /home/airflow/.local/lib/python3.12/site-packages/airflow/example_dags/example_trigger_controller_dag.py
[2026-01-01T15:05:24.071+0000] {processor.py:830} INFO - Processing file /home/airflow/.local/lib/python3.12/site-packages/airflow/example_dags/example_trigger_controller_dag.py for tasks to queue
[2026-01-01T15:05:24.071+0000] {logging_mixin.py:188} INFO - [2026-01-01T15:05:24.071+0000] {dagbag.py:545} INFO - Filling up the DagBag from /home/airflow/.local/lib/python3.12/site-packages/airflow/example_dags/example_trigger_controller_dag.py
[2026-01-01T15:05:24.074+0000] {processor.py:840} INFO - DAG(s) 'example_trigger_controller_dag' retrieved from /home/airflow/.local/lib/python3.12/site-packages/airflow/example_dags/example_trigger_controller_dag.py
[2026-01-01T15:05:24.087+0000] {logging_mixin.py:188} INFO - [2026-01-01T15:05:24.087+0000] {dag.py:3089} INFO - Sync 1 DAGs
[2026-01-01T15:05:24.099+0000] {logging_mixin.py:188} INFO - [2026-01-01T15:05:24.099+0000] {dag.py:3947} INFO - Setting next_dagrun for example_trigger_controller_dag to 2021-01-01 00:00:00+00:00, run_after=2021-01-01 00:00:00+00:00
[2026-01-01T15:05:24.111+0000] {processor.py:183} INFO - Processing /home/airflow/.local/lib/python3.12/site-packages/airflow/example_dags/example_trigger_controller_dag.py took 0.043 seconds
[2026-01-01T16:17:19.917+0000] {processor.py:161} INFO - Started process (PID=52544) to work on /home/airflow/.local/lib/python3.12/site-packages/airflow/example_dags/example_trigger_controller_dag.py
[2026-01-01T16:17:19.918+0000] {processor.py:830} INFO - Processing file /home/airflow/.local/lib/python3.12/site-packages/airflow/example_dags/example_trigger_controller_dag.py for tasks to queue
[2026-01-01T16:17:19.918+0000] {logging_mixin.py:188} INFO - [2026-01-01T16:17:19.918+0000] {dagbag.py:545} INFO - Filling up the DagBag from /home/airflow/.local/lib/python3.12/site-packages/airflow/example_dags/example_trigger_controller_dag.py
[2026-01-01T16:17:19.924+0000] {processor.py:840} INFO - DAG(s) 'example_trigger_controller_dag' retrieved from /home/airflow/.local/lib/python3.12/site-packages/airflow/example_dags/example_trigger_controller_dag.py
[2026-01-01T16:17:19.935+0000] {logging_mixin.py:188} INFO - [2026-01-01T16:17:19.935+0000] {dag.py:3089} INFO - Sync 1 DAGs
[2026-01-01T16:17:19.944+0000] {logging_mixin.py:188} INFO - [2026-01-01T16:17:19.944+0000] {dag.py:3947} INFO - Setting next_dagrun for example_trigger_controller_dag to 2021-01-01 00:00:00+00:00, run_after=2021-01-01 00:00:00+00:00
[2026-01-01T16:17:19.953+0000] {processor.py:183} INFO - Processing /home/airflow/.local/lib/python3.12/site-packages/airflow/example_dags/example_trigger_controller_dag.py took 0.040 seconds
[2026-01-01T17:14:38.717+0000] {processor.py:161} INFO - Started process (PID=52603) to work on /home/airflow/.local/lib/python3.12/site-packages/airflow/example_dags/example_trigger_controller_dag.py
[2026-01-01T17:14:38.718+0000] {processor.py:830} INFO - Processing file /home/airflow/.local/lib/python3.12/site-packages/airflow/example_dags/example_trigger_controller_dag.py for tasks to queue
[2026-01-01T17:14:38.719+0000] {logging_mixin.py:188} INFO - [2026-01-01T17:14:38.719+0000] {dagbag.py:545} INFO - Filling up the DagBag from /home/airflow/.local/lib/python3.12/site-packages/airflow/example_dags/example_trigger_controller_dag.py
[2026-01-01T17:14:38.804+0000] {processor.py:840} INFO - DAG(s) 'example_trigger_controller_dag' retrieved from /home/airflow/.local/lib/python3.12/site-packages/airflow/example_dags/example_trigger_controller_dag.py
[2026-01-01T17:14:38.833+0000] {logging_mixin.py:188} INFO - [2026-01-01T17:14:38.833+0000] {dag.py:3089} INFO - Sync 1 DAGs
[2026-01-01T17:14:38.843+0000] {logging_mixin.py:188} INFO - [2026-01-01T17:14:38.843+0000] {dag.py:3947} INFO - Setting next_dagrun for example_trigger_controller_dag to 2021-01-01 00:00:00+00:00, run_after=2021-01-01 00:00:00+00:00
[2026-01-01T17:14:38.877+0000] {processor.py:183} INFO - Processing /home/airflow/.local/lib/python3.12/site-packages/airflow/example_dags/example_trigger_controller_dag.py took 0.163 seconds
[2026-01-01T18:19:23.435+0000] {processor.py:161} INFO - Started process (PID=52662) to work on /home/airflow/.local/lib/python3.12/site-packages/airflow/example_dags/example_trigger_controller_dag.py
[2026-01-01T18:19:23.435+0000] {processor.py:830} INFO - Processing file /home/airflow/.local/lib/python3.12/site-packages/airflow/example_dags/example_trigger_controller_dag.py for tasks to queue
[2026-01-01T18:19:23.436+0000] {logging_mixin.py:188} INFO - [2026-01-01T18:19:23.435+0000] {dagbag.py:545} INFO - Filling up the DagBag from /home/airflow/.local/lib/python3.12/site-packages/airflow/example_dags/example_trigger_controller_dag.py
[2026-01-01T18:19:23.438+0000] {processor.py:840} INFO - DAG(s) 'example_trigger_controller_dag' retrieved from /home/airflow/.local/lib/python3.12/site-packages/airflow/example_dags/example_trigger_controller_dag.py
[2026-01-01T18:19:23.447+0000] {logging_mixin.py:188} INFO - [2026-01-01T18:19:23.447+0000] {dag.py:3089} INFO - Sync 1 DAGs
[2026-01-01T18:19:23.457+0000] {logging_mixin.py:188} INFO - [2026-01-01T18:19:23.457+0000] {dag.py:3947} INFO - Setting next_dagrun for example_trigger_controller_dag to 2021-01-01 00:00:00+00:00, run_after=2021-01-01 00:00:00+00:00
[2026-01-01T18:19:23.465+0000] {processor.py:183} INFO - Processing /home/airflow/.local/lib/python3.12/site-packages/airflow/example_dags/example_trigger_controller_dag.py took 0.033 seconds
[2026-01-01T19:35:31.396+0000] {processor.py:161} INFO - Started process (PID=52721) to work on /home/airflow/.local/lib/python3.12/site-packages/airflow/example_dags/example_trigger_controller_dag.py
[2026-01-01T19:35:31.398+0000] {processor.py:830} INFO - Processing file /home/airflow/.local/lib/python3.12/site-packages/airflow/example_dags/example_trigger_controller_dag.py for tasks to queue
[2026-01-01T19:35:31.399+0000] {logging_mixin.py:188} INFO - [2026-01-01T19:35:31.399+0000] {dagbag.py:545} INFO - Filling up the DagBag from /home/airflow/.local/lib/python3.12/site-packages/airflow/example_dags/example_trigger_controller_dag.py
[2026-01-01T19:35:31.402+0000] {processor.py:840} INFO - DAG(s) 'example_trigger_controller_dag' retrieved from /home/airflow/.local/lib/python3.12/site-packages/airflow/example_dags/example_trigger_controller_dag.py
[2026-01-01T19:35:31.414+0000] {logging_mixin.py:188} INFO - [2026-01-01T19:35:31.414+0000] {dag.py:3089} INFO - Sync 1 DAGs
[2026-01-01T19:35:31.423+0000] {logging_mixin.py:188} INFO - [2026-01-01T19:35:31.423+0000] {dag.py:3947} INFO - Setting next_dagrun for example_trigger_controller_dag to 2021-01-01 00:00:00+00:00, run_after=2021-01-01 00:00:00+00:00
[2026-01-01T19:35:31.433+0000] {processor.py:183} INFO - Processing /home/airflow/.local/lib/python3.12/site-packages/airflow/example_dags/example_trigger_controller_dag.py took 0.039 seconds
[2026-01-01T20:54:40.258+0000] {processor.py:161} INFO - Started process (PID=52780) to work on /home/airflow/.local/lib/python3.12/site-packages/airflow/example_dags/example_trigger_controller_dag.py
[2026-01-01T20:54:40.258+0000] {processor.py:830} INFO - Processing file /home/airflow/.local/lib/python3.12/site-packages/airflow/example_dags/example_trigger_controller_dag.py for tasks to queue
[2026-01-01T20:54:40.262+0000] {logging_mixin.py:188} INFO - [2026-01-01T20:54:40.262+0000] {dagbag.py:545} INFO - Filling up the DagBag from /home/airflow/.local/lib/python3.12/site-packages/airflow/example_dags/example_trigger_controller_dag.py
[2026-01-01T20:54:40.264+0000] {processor.py:840} INFO - DAG(s) 'example_trigger_controller_dag' retrieved from /home/airflow/.local/lib/python3.12/site-packages/airflow/example_dags/example_trigger_controller_dag.py
[2026-01-01T20:54:40.276+0000] {logging_mixin.py:188} INFO - [2026-01-01T20:54:40.276+0000] {dag.py:3089} INFO - Sync 1 DAGs
[2026-01-01T20:54:40.285+0000] {logging_mixin.py:188} INFO - [2026-01-01T20:54:40.284+0000] {dag.py:3947} INFO - Setting next_dagrun for example_trigger_controller_dag to 2021-01-01 00:00:00+00:00, run_after=2021-01-01 00:00:00+00:00
[2026-01-01T20:54:40.293+0000] {processor.py:183} INFO - Processing /home/airflow/.local/lib/python3.12/site-packages/airflow/example_dags/example_trigger_controller_dag.py took 0.038 seconds
[2026-01-01T22:37:22.262+0000] {processor.py:161} INFO - Started process (PID=52839) to work on /home/airflow/.local/lib/python3.12/site-packages/airflow/example_dags/example_trigger_controller_dag.py
[2026-01-01T22:37:22.265+0000] {processor.py:830} INFO - Processing file /home/airflow/.local/lib/python3.12/site-packages/airflow/example_dags/example_trigger_controller_dag.py for tasks to queue
[2026-01-01T22:37:22.266+0000] {logging_mixin.py:188} INFO - [2026-01-01T22:37:22.266+0000] {dagbag.py:545} INFO - Filling up the DagBag from /home/airflow/.local/lib/python3.12/site-packages/airflow/example_dags/example_trigger_controller_dag.py
[2026-01-01T22:37:22.268+0000] {processor.py:840} INFO - DAG(s) 'example_trigger_controller_dag' retrieved from /home/airflow/.local/lib/python3.12/site-packages/airflow/example_dags/example_trigger_controller_dag.py
[2026-01-01T22:37:22.282+0000] {logging_mixin.py:188} INFO - [2026-01-01T22:37:22.282+0000] {dag.py:3089} INFO - Sync 1 DAGs
[2026-01-01T22:37:22.293+0000] {logging_mixin.py:188} INFO - [2026-01-01T22:37:22.293+0000] {dag.py:3947} INFO - Setting next_dagrun for example_trigger_controller_dag to 2021-01-01 00:00:00+00:00, run_after=2021-01-01 00:00:00+00:00
[2026-01-01T22:37:22.302+0000] {processor.py:183} INFO - Processing /home/airflow/.local/lib/python3.12/site-packages/airflow/example_dags/example_trigger_controller_dag.py took 0.043 seconds
[2026-01-01T23:54:04.154+0000] {processor.py:161} INFO - Started process (PID=52898) to work on /home/airflow/.local/lib/python3.12/site-packages/airflow/example_dags/example_trigger_controller_dag.py
[2026-01-01T23:54:04.155+0000] {processor.py:830} INFO - Processing file /home/airflow/.local/lib/python3.12/site-packages/airflow/example_dags/example_trigger_controller_dag.py for tasks to queue
[2026-01-01T23:54:04.156+0000] {logging_mixin.py:188} INFO - [2026-01-01T23:54:04.155+0000] {dagbag.py:545} INFO - Filling up the DagBag from /home/airflow/.local/lib/python3.12/site-packages/airflow/example_dags/example_trigger_controller_dag.py
[2026-01-01T23:54:04.158+0000] {processor.py:840} INFO - DAG(s) 'example_trigger_controller_dag' retrieved from /home/airflow/.local/lib/python3.12/site-packages/airflow/example_dags/example_trigger_controller_dag.py
[2026-01-01T23:54:04.172+0000] {logging_mixin.py:188} INFO - [2026-01-01T23:54:04.172+0000] {dag.py:3089} INFO - Sync 1 DAGs
[2026-01-01T23:54:04.182+0000] {logging_mixin.py:188} INFO - [2026-01-01T23:54:04.182+0000] {dag.py:3947} INFO - Setting next_dagrun for example_trigger_controller_dag to 2021-01-01 00:00:00+00:00, run_after=2021-01-01 00:00:00+00:00
[2026-01-01T23:54:04.196+0000] {processor.py:183} INFO - Processing /home/airflow/.local/lib/python3.12/site-packages/airflow/example_dags/example_trigger_controller_dag.py took 0.044 seconds
