[2026-01-01T01:03:22.648+0000] {processor.py:161} INFO - Started process (PID=51825) to work on /home/airflow/.local/lib/python3.12/site-packages/airflow/example_dags/example_branch_datetime_operator.py
[2026-01-01T01:03:22.649+0000] {processor.py:830} INFO - Processing file /home/airflow/.local/lib/python3.12/site-packages/airflow/example_dags/example_branch_datetime_operator.py for tasks to queue
[2026-01-01T01:03:22.650+0000] {logging_mixin.py:188} INFO - [2026-01-01T01:03:22.649+0000] {dagbag.py:545} INFO - Filling up the DagBag from /home/airflow/.local/lib/python3.12/site-packages/airflow/example_dags/example_branch_datetime_operator.py
[2026-01-01T01:03:22.659+0000] {processor.py:840} INFO - DAG(s) 'example_branch_datetime_operator_2', 'example_branch_datetime_operator', 'example_branch_datetime_operator_3' retrieved from /home/airflow/.local/lib/python3.12/site-packages/airflow/example_dags/example_branch_datetime_operator.py
[2026-01-01T01:03:22.691+0000] {logging_mixin.py:188} INFO - [2026-01-01T01:03:22.691+0000] {dag.py:3089} INFO - Sync 3 DAGs
[2026-01-01T01:03:22.713+0000] {logging_mixin.py:188} INFO - [2026-01-01T01:03:22.713+0000] {dag.py:3947} INFO - Setting next_dagrun for example_branch_datetime_operator to 2025-12-31 00:00:00+00:00, run_after=2026-01-01 00:00:00+00:00
[2026-01-01T01:03:22.719+0000] {logging_mixin.py:188} INFO - [2026-01-01T01:03:22.718+0000] {dag.py:3947} INFO - Setting next_dagrun for example_branch_datetime_operator_2 to 2025-12-31 00:00:00+00:00, run_after=2026-01-01 00:00:00+00:00
[2026-01-01T01:03:22.722+0000] {logging_mixin.py:188} INFO - [2026-01-01T01:03:22.722+0000] {dag.py:3947} INFO - Setting next_dagrun for example_branch_datetime_operator_3 to 2025-12-31 00:00:00+00:00, run_after=2026-01-01 00:00:00+00:00
[2026-01-01T01:03:22.740+0000] {processor.py:183} INFO - Processing /home/airflow/.local/lib/python3.12/site-packages/airflow/example_dags/example_branch_datetime_operator.py took 0.203 seconds
[2026-01-01T02:01:01.865+0000] {processor.py:161} INFO - Started process (PID=51884) to work on /home/airflow/.local/lib/python3.12/site-packages/airflow/example_dags/example_branch_datetime_operator.py
[2026-01-01T02:01:01.866+0000] {processor.py:830} INFO - Processing file /home/airflow/.local/lib/python3.12/site-packages/airflow/example_dags/example_branch_datetime_operator.py for tasks to queue
[2026-01-01T02:01:01.868+0000] {logging_mixin.py:188} INFO - [2026-01-01T02:01:01.868+0000] {dagbag.py:545} INFO - Filling up the DagBag from /home/airflow/.local/lib/python3.12/site-packages/airflow/example_dags/example_branch_datetime_operator.py
[2026-01-01T02:01:01.872+0000] {processor.py:840} INFO - DAG(s) 'example_branch_datetime_operator', 'example_branch_datetime_operator_3', 'example_branch_datetime_operator_2' retrieved from /home/airflow/.local/lib/python3.12/site-packages/airflow/example_dags/example_branch_datetime_operator.py
[2026-01-01T02:01:01.891+0000] {logging_mixin.py:188} INFO - [2026-01-01T02:01:01.891+0000] {dag.py:3089} INFO - Sync 3 DAGs
[2026-01-01T02:01:01.905+0000] {logging_mixin.py:188} INFO - [2026-01-01T02:01:01.904+0000] {dag.py:3947} INFO - Setting next_dagrun for example_branch_datetime_operator to 2025-12-31 00:00:00+00:00, run_after=2026-01-01 00:00:00+00:00
[2026-01-01T02:01:01.907+0000] {logging_mixin.py:188} INFO - [2026-01-01T02:01:01.906+0000] {dag.py:3947} INFO - Setting next_dagrun for example_branch_datetime_operator_2 to 2025-12-31 00:00:00+00:00, run_after=2026-01-01 00:00:00+00:00
[2026-01-01T02:01:01.908+0000] {logging_mixin.py:188} INFO - [2026-01-01T02:01:01.907+0000] {dag.py:3947} INFO - Setting next_dagrun for example_branch_datetime_operator_3 to 2025-12-31 00:00:00+00:00, run_after=2026-01-01 00:00:00+00:00
[2026-01-01T02:01:01.921+0000] {processor.py:183} INFO - Processing /home/airflow/.local/lib/python3.12/site-packages/airflow/example_dags/example_branch_datetime_operator.py took 0.059 seconds
[2026-01-01T03:35:53.303+0000] {processor.py:161} INFO - Started process (PID=51943) to work on /home/airflow/.local/lib/python3.12/site-packages/airflow/example_dags/example_branch_datetime_operator.py
[2026-01-01T03:35:53.303+0000] {processor.py:830} INFO - Processing file /home/airflow/.local/lib/python3.12/site-packages/airflow/example_dags/example_branch_datetime_operator.py for tasks to queue
[2026-01-01T03:35:53.304+0000] {logging_mixin.py:188} INFO - [2026-01-01T03:35:53.304+0000] {dagbag.py:545} INFO - Filling up the DagBag from /home/airflow/.local/lib/python3.12/site-packages/airflow/example_dags/example_branch_datetime_operator.py
[2026-01-01T03:35:53.308+0000] {processor.py:840} INFO - DAG(s) 'example_branch_datetime_operator', 'example_branch_datetime_operator_2', 'example_branch_datetime_operator_3' retrieved from /home/airflow/.local/lib/python3.12/site-packages/airflow/example_dags/example_branch_datetime_operator.py
[2026-01-01T03:35:53.323+0000] {logging_mixin.py:188} INFO - [2026-01-01T03:35:53.323+0000] {dag.py:3089} INFO - Sync 3 DAGs
[2026-01-01T03:35:53.333+0000] {logging_mixin.py:188} INFO - [2026-01-01T03:35:53.333+0000] {dag.py:3947} INFO - Setting next_dagrun for example_branch_datetime_operator to 2025-12-31 00:00:00+00:00, run_after=2026-01-01 00:00:00+00:00
[2026-01-01T03:35:53.335+0000] {logging_mixin.py:188} INFO - [2026-01-01T03:35:53.335+0000] {dag.py:3947} INFO - Setting next_dagrun for example_branch_datetime_operator_2 to 2025-12-31 00:00:00+00:00, run_after=2026-01-01 00:00:00+00:00
[2026-01-01T03:35:53.336+0000] {logging_mixin.py:188} INFO - [2026-01-01T03:35:53.336+0000] {dag.py:3947} INFO - Setting next_dagrun for example_branch_datetime_operator_3 to 2025-12-31 00:00:00+00:00, run_after=2026-01-01 00:00:00+00:00
[2026-01-01T03:35:53.344+0000] {processor.py:183} INFO - Processing /home/airflow/.local/lib/python3.12/site-packages/airflow/example_dags/example_branch_datetime_operator.py took 0.044 seconds
[2026-01-01T04:55:53.234+0000] {processor.py:161} INFO - Started process (PID=52003) to work on /home/airflow/.local/lib/python3.12/site-packages/airflow/example_dags/example_branch_datetime_operator.py
[2026-01-01T04:55:53.236+0000] {processor.py:830} INFO - Processing file /home/airflow/.local/lib/python3.12/site-packages/airflow/example_dags/example_branch_datetime_operator.py for tasks to queue
[2026-01-01T04:55:53.237+0000] {logging_mixin.py:188} INFO - [2026-01-01T04:55:53.237+0000] {dagbag.py:545} INFO - Filling up the DagBag from /home/airflow/.local/lib/python3.12/site-packages/airflow/example_dags/example_branch_datetime_operator.py
[2026-01-01T04:55:53.241+0000] {processor.py:840} INFO - DAG(s) 'example_branch_datetime_operator_2', 'example_branch_datetime_operator', 'example_branch_datetime_operator_3' retrieved from /home/airflow/.local/lib/python3.12/site-packages/airflow/example_dags/example_branch_datetime_operator.py
[2026-01-01T04:55:53.256+0000] {logging_mixin.py:188} INFO - [2026-01-01T04:55:53.256+0000] {dag.py:3089} INFO - Sync 3 DAGs
[2026-01-01T04:55:53.266+0000] {logging_mixin.py:188} INFO - [2026-01-01T04:55:53.266+0000] {dag.py:3947} INFO - Setting next_dagrun for example_branch_datetime_operator to 2025-12-31 00:00:00+00:00, run_after=2026-01-01 00:00:00+00:00
[2026-01-01T04:55:53.270+0000] {logging_mixin.py:188} INFO - [2026-01-01T04:55:53.270+0000] {dag.py:3947} INFO - Setting next_dagrun for example_branch_datetime_operator_2 to 2025-12-31 00:00:00+00:00, run_after=2026-01-01 00:00:00+00:00
[2026-01-01T04:55:53.271+0000] {logging_mixin.py:188} INFO - [2026-01-01T04:55:53.271+0000] {dag.py:3947} INFO - Setting next_dagrun for example_branch_datetime_operator_3 to 2025-12-31 00:00:00+00:00, run_after=2026-01-01 00:00:00+00:00
[2026-01-01T04:55:53.280+0000] {processor.py:183} INFO - Processing /home/airflow/.local/lib/python3.12/site-packages/airflow/example_dags/example_branch_datetime_operator.py took 0.049 seconds
[2026-01-01T06:07:21.628+0000] {processor.py:161} INFO - Started process (PID=52062) to work on /home/airflow/.local/lib/python3.12/site-packages/airflow/example_dags/example_branch_datetime_operator.py
[2026-01-01T06:07:21.629+0000] {processor.py:830} INFO - Processing file /home/airflow/.local/lib/python3.12/site-packages/airflow/example_dags/example_branch_datetime_operator.py for tasks to queue
[2026-01-01T06:07:21.629+0000] {logging_mixin.py:188} INFO - [2026-01-01T06:07:21.629+0000] {dagbag.py:545} INFO - Filling up the DagBag from /home/airflow/.local/lib/python3.12/site-packages/airflow/example_dags/example_branch_datetime_operator.py
[2026-01-01T06:07:21.634+0000] {processor.py:840} INFO - DAG(s) 'example_branch_datetime_operator', 'example_branch_datetime_operator_2', 'example_branch_datetime_operator_3' retrieved from /home/airflow/.local/lib/python3.12/site-packages/airflow/example_dags/example_branch_datetime_operator.py
[2026-01-01T06:07:21.648+0000] {logging_mixin.py:188} INFO - [2026-01-01T06:07:21.648+0000] {dag.py:3089} INFO - Sync 3 DAGs
[2026-01-01T06:07:21.658+0000] {logging_mixin.py:188} INFO - [2026-01-01T06:07:21.658+0000] {dag.py:3947} INFO - Setting next_dagrun for example_branch_datetime_operator to 2025-12-31 00:00:00+00:00, run_after=2026-01-01 00:00:00+00:00
[2026-01-01T06:07:21.660+0000] {logging_mixin.py:188} INFO - [2026-01-01T06:07:21.660+0000] {dag.py:3947} INFO - Setting next_dagrun for example_branch_datetime_operator_2 to 2025-12-31 00:00:00+00:00, run_after=2026-01-01 00:00:00+00:00
[2026-01-01T06:07:21.662+0000] {logging_mixin.py:188} INFO - [2026-01-01T06:07:21.662+0000] {dag.py:3947} INFO - Setting next_dagrun for example_branch_datetime_operator_3 to 2025-12-31 00:00:00+00:00, run_after=2026-01-01 00:00:00+00:00
[2026-01-01T06:07:21.672+0000] {processor.py:183} INFO - Processing /home/airflow/.local/lib/python3.12/site-packages/airflow/example_dags/example_branch_datetime_operator.py took 0.048 seconds
[2026-01-01T07:40:35.717+0000] {processor.py:161} INFO - Started process (PID=52121) to work on /home/airflow/.local/lib/python3.12/site-packages/airflow/example_dags/example_branch_datetime_operator.py
[2026-01-01T07:40:35.721+0000] {processor.py:830} INFO - Processing file /home/airflow/.local/lib/python3.12/site-packages/airflow/example_dags/example_branch_datetime_operator.py for tasks to queue
[2026-01-01T07:40:35.722+0000] {logging_mixin.py:188} INFO - [2026-01-01T07:40:35.722+0000] {dagbag.py:545} INFO - Filling up the DagBag from /home/airflow/.local/lib/python3.12/site-packages/airflow/example_dags/example_branch_datetime_operator.py
[2026-01-01T07:40:35.728+0000] {processor.py:840} INFO - DAG(s) 'example_branch_datetime_operator_2', 'example_branch_datetime_operator', 'example_branch_datetime_operator_3' retrieved from /home/airflow/.local/lib/python3.12/site-packages/airflow/example_dags/example_branch_datetime_operator.py
[2026-01-01T07:40:35.742+0000] {logging_mixin.py:188} INFO - [2026-01-01T07:40:35.742+0000] {dag.py:3089} INFO - Sync 3 DAGs
[2026-01-01T07:40:35.752+0000] {logging_mixin.py:188} INFO - [2026-01-01T07:40:35.751+0000] {dag.py:3947} INFO - Setting next_dagrun for example_branch_datetime_operator to 2025-12-31 00:00:00+00:00, run_after=2026-01-01 00:00:00+00:00
[2026-01-01T07:40:35.754+0000] {logging_mixin.py:188} INFO - [2026-01-01T07:40:35.753+0000] {dag.py:3947} INFO - Setting next_dagrun for example_branch_datetime_operator_2 to 2025-12-31 00:00:00+00:00, run_after=2026-01-01 00:00:00+00:00
[2026-01-01T07:40:35.754+0000] {logging_mixin.py:188} INFO - [2026-01-01T07:40:35.754+0000] {dag.py:3947} INFO - Setting next_dagrun for example_branch_datetime_operator_3 to 2025-12-31 00:00:00+00:00, run_after=2026-01-01 00:00:00+00:00
[2026-01-01T07:40:35.761+0000] {processor.py:183} INFO - Processing /home/airflow/.local/lib/python3.12/site-packages/airflow/example_dags/example_branch_datetime_operator.py took 0.048 seconds
[2026-01-01T08:44:35.738+0000] {processor.py:161} INFO - Started process (PID=52180) to work on /home/airflow/.local/lib/python3.12/site-packages/airflow/example_dags/example_branch_datetime_operator.py
[2026-01-01T08:44:35.741+0000] {processor.py:830} INFO - Processing file /home/airflow/.local/lib/python3.12/site-packages/airflow/example_dags/example_branch_datetime_operator.py for tasks to queue
[2026-01-01T08:44:35.741+0000] {logging_mixin.py:188} INFO - [2026-01-01T08:44:35.741+0000] {dagbag.py:545} INFO - Filling up the DagBag from /home/airflow/.local/lib/python3.12/site-packages/airflow/example_dags/example_branch_datetime_operator.py
[2026-01-01T08:44:35.746+0000] {processor.py:840} INFO - DAG(s) 'example_branch_datetime_operator_2', 'example_branch_datetime_operator', 'example_branch_datetime_operator_3' retrieved from /home/airflow/.local/lib/python3.12/site-packages/airflow/example_dags/example_branch_datetime_operator.py
[2026-01-01T08:44:35.762+0000] {logging_mixin.py:188} INFO - [2026-01-01T08:44:35.762+0000] {dag.py:3089} INFO - Sync 3 DAGs
[2026-01-01T08:44:35.772+0000] {logging_mixin.py:188} INFO - [2026-01-01T08:44:35.772+0000] {dag.py:3947} INFO - Setting next_dagrun for example_branch_datetime_operator to 2025-12-31 00:00:00+00:00, run_after=2026-01-01 00:00:00+00:00
[2026-01-01T08:44:35.777+0000] {logging_mixin.py:188} INFO - [2026-01-01T08:44:35.777+0000] {dag.py:3947} INFO - Setting next_dagrun for example_branch_datetime_operator_2 to 2025-12-31 00:00:00+00:00, run_after=2026-01-01 00:00:00+00:00
[2026-01-01T08:44:35.778+0000] {logging_mixin.py:188} INFO - [2026-01-01T08:44:35.777+0000] {dag.py:3947} INFO - Setting next_dagrun for example_branch_datetime_operator_3 to 2025-12-31 00:00:00+00:00, run_after=2026-01-01 00:00:00+00:00
[2026-01-01T08:44:35.788+0000] {processor.py:183} INFO - Processing /home/airflow/.local/lib/python3.12/site-packages/airflow/example_dags/example_branch_datetime_operator.py took 0.054 seconds
[2026-01-01T09:57:56.913+0000] {processor.py:161} INFO - Started process (PID=52239) to work on /home/airflow/.local/lib/python3.12/site-packages/airflow/example_dags/example_branch_datetime_operator.py
[2026-01-01T09:57:56.913+0000] {processor.py:830} INFO - Processing file /home/airflow/.local/lib/python3.12/site-packages/airflow/example_dags/example_branch_datetime_operator.py for tasks to queue
[2026-01-01T09:57:56.915+0000] {logging_mixin.py:188} INFO - [2026-01-01T09:57:56.914+0000] {dagbag.py:545} INFO - Filling up the DagBag from /home/airflow/.local/lib/python3.12/site-packages/airflow/example_dags/example_branch_datetime_operator.py
[2026-01-01T09:57:56.919+0000] {processor.py:840} INFO - DAG(s) 'example_branch_datetime_operator_2', 'example_branch_datetime_operator', 'example_branch_datetime_operator_3' retrieved from /home/airflow/.local/lib/python3.12/site-packages/airflow/example_dags/example_branch_datetime_operator.py
[2026-01-01T09:57:56.933+0000] {logging_mixin.py:188} INFO - [2026-01-01T09:57:56.933+0000] {dag.py:3089} INFO - Sync 3 DAGs
[2026-01-01T09:57:56.942+0000] {logging_mixin.py:188} INFO - [2026-01-01T09:57:56.942+0000] {dag.py:3947} INFO - Setting next_dagrun for example_branch_datetime_operator to 2025-12-31 00:00:00+00:00, run_after=2026-01-01 00:00:00+00:00
[2026-01-01T09:57:56.944+0000] {logging_mixin.py:188} INFO - [2026-01-01T09:57:56.944+0000] {dag.py:3947} INFO - Setting next_dagrun for example_branch_datetime_operator_2 to 2025-12-31 00:00:00+00:00, run_after=2026-01-01 00:00:00+00:00
[2026-01-01T09:57:56.945+0000] {logging_mixin.py:188} INFO - [2026-01-01T09:57:56.945+0000] {dag.py:3947} INFO - Setting next_dagrun for example_branch_datetime_operator_3 to 2025-12-31 00:00:00+00:00, run_after=2026-01-01 00:00:00+00:00
[2026-01-01T09:57:56.953+0000] {processor.py:183} INFO - Processing /home/airflow/.local/lib/python3.12/site-packages/airflow/example_dags/example_branch_datetime_operator.py took 0.043 seconds
[2026-01-01T11:12:21.939+0000] {processor.py:161} INFO - Started process (PID=52298) to work on /home/airflow/.local/lib/python3.12/site-packages/airflow/example_dags/example_branch_datetime_operator.py
[2026-01-01T11:12:21.940+0000] {processor.py:830} INFO - Processing file /home/airflow/.local/lib/python3.12/site-packages/airflow/example_dags/example_branch_datetime_operator.py for tasks to queue
[2026-01-01T11:12:21.941+0000] {logging_mixin.py:188} INFO - [2026-01-01T11:12:21.941+0000] {dagbag.py:545} INFO - Filling up the DagBag from /home/airflow/.local/lib/python3.12/site-packages/airflow/example_dags/example_branch_datetime_operator.py
[2026-01-01T11:12:21.946+0000] {processor.py:840} INFO - DAG(s) 'example_branch_datetime_operator', 'example_branch_datetime_operator_3', 'example_branch_datetime_operator_2' retrieved from /home/airflow/.local/lib/python3.12/site-packages/airflow/example_dags/example_branch_datetime_operator.py
[2026-01-01T11:12:21.960+0000] {logging_mixin.py:188} INFO - [2026-01-01T11:12:21.960+0000] {dag.py:3089} INFO - Sync 3 DAGs
[2026-01-01T11:12:21.969+0000] {logging_mixin.py:188} INFO - [2026-01-01T11:12:21.969+0000] {dag.py:3947} INFO - Setting next_dagrun for example_branch_datetime_operator to 2025-12-31 00:00:00+00:00, run_after=2026-01-01 00:00:00+00:00
[2026-01-01T11:12:21.972+0000] {logging_mixin.py:188} INFO - [2026-01-01T11:12:21.972+0000] {dag.py:3947} INFO - Setting next_dagrun for example_branch_datetime_operator_2 to 2025-12-31 00:00:00+00:00, run_after=2026-01-01 00:00:00+00:00
[2026-01-01T11:12:21.973+0000] {logging_mixin.py:188} INFO - [2026-01-01T11:12:21.973+0000] {dag.py:3947} INFO - Setting next_dagrun for example_branch_datetime_operator_3 to 2025-12-31 00:00:00+00:00, run_after=2026-01-01 00:00:00+00:00
[2026-01-01T11:12:21.986+0000] {processor.py:183} INFO - Processing /home/airflow/.local/lib/python3.12/site-packages/airflow/example_dags/example_branch_datetime_operator.py took 0.050 seconds
[2026-01-01T12:13:28.497+0000] {processor.py:161} INFO - Started process (PID=52357) to work on /home/airflow/.local/lib/python3.12/site-packages/airflow/example_dags/example_branch_datetime_operator.py
[2026-01-01T12:13:28.499+0000] {processor.py:830} INFO - Processing file /home/airflow/.local/lib/python3.12/site-packages/airflow/example_dags/example_branch_datetime_operator.py for tasks to queue
[2026-01-01T12:13:28.500+0000] {logging_mixin.py:188} INFO - [2026-01-01T12:13:28.500+0000] {dagbag.py:545} INFO - Filling up the DagBag from /home/airflow/.local/lib/python3.12/site-packages/airflow/example_dags/example_branch_datetime_operator.py
[2026-01-01T12:13:28.505+0000] {processor.py:840} INFO - DAG(s) 'example_branch_datetime_operator_3', 'example_branch_datetime_operator_2', 'example_branch_datetime_operator' retrieved from /home/airflow/.local/lib/python3.12/site-packages/airflow/example_dags/example_branch_datetime_operator.py
[2026-01-01T12:13:28.523+0000] {logging_mixin.py:188} INFO - [2026-01-01T12:13:28.523+0000] {dag.py:3089} INFO - Sync 3 DAGs
[2026-01-01T12:13:28.533+0000] {logging_mixin.py:188} INFO - [2026-01-01T12:13:28.533+0000] {dag.py:3947} INFO - Setting next_dagrun for example_branch_datetime_operator to 2025-12-31 00:00:00+00:00, run_after=2026-01-01 00:00:00+00:00
[2026-01-01T12:13:28.535+0000] {logging_mixin.py:188} INFO - [2026-01-01T12:13:28.535+0000] {dag.py:3947} INFO - Setting next_dagrun for example_branch_datetime_operator_2 to 2025-12-31 00:00:00+00:00, run_after=2026-01-01 00:00:00+00:00
[2026-01-01T12:13:28.536+0000] {logging_mixin.py:188} INFO - [2026-01-01T12:13:28.536+0000] {dag.py:3947} INFO - Setting next_dagrun for example_branch_datetime_operator_3 to 2025-12-31 00:00:00+00:00, run_after=2026-01-01 00:00:00+00:00
[2026-01-01T12:13:28.658+0000] {processor.py:183} INFO - Processing /home/airflow/.local/lib/python3.12/site-packages/airflow/example_dags/example_branch_datetime_operator.py took 0.166 seconds
[2026-01-01T13:31:40.983+0000] {processor.py:161} INFO - Started process (PID=52416) to work on /home/airflow/.local/lib/python3.12/site-packages/airflow/example_dags/example_branch_datetime_operator.py
[2026-01-01T13:31:40.985+0000] {processor.py:830} INFO - Processing file /home/airflow/.local/lib/python3.12/site-packages/airflow/example_dags/example_branch_datetime_operator.py for tasks to queue
[2026-01-01T13:31:40.985+0000] {logging_mixin.py:188} INFO - [2026-01-01T13:31:40.985+0000] {dagbag.py:545} INFO - Filling up the DagBag from /home/airflow/.local/lib/python3.12/site-packages/airflow/example_dags/example_branch_datetime_operator.py
[2026-01-01T13:31:40.994+0000] {processor.py:840} INFO - DAG(s) 'example_branch_datetime_operator_3', 'example_branch_datetime_operator_2', 'example_branch_datetime_operator' retrieved from /home/airflow/.local/lib/python3.12/site-packages/airflow/example_dags/example_branch_datetime_operator.py
[2026-01-01T13:31:41.013+0000] {logging_mixin.py:188} INFO - [2026-01-01T13:31:41.013+0000] {dag.py:3089} INFO - Sync 3 DAGs
[2026-01-01T13:31:41.033+0000] {logging_mixin.py:188} INFO - [2026-01-01T13:31:41.033+0000] {dag.py:3947} INFO - Setting next_dagrun for example_branch_datetime_operator to 2025-12-31 00:00:00+00:00, run_after=2026-01-01 00:00:00+00:00
[2026-01-01T13:31:41.036+0000] {logging_mixin.py:188} INFO - [2026-01-01T13:31:41.036+0000] {dag.py:3947} INFO - Setting next_dagrun for example_branch_datetime_operator_2 to 2025-12-31 00:00:00+00:00, run_after=2026-01-01 00:00:00+00:00
[2026-01-01T13:31:41.038+0000] {logging_mixin.py:188} INFO - [2026-01-01T13:31:41.038+0000] {dag.py:3947} INFO - Setting next_dagrun for example_branch_datetime_operator_3 to 2025-12-31 00:00:00+00:00, run_after=2026-01-01 00:00:00+00:00
[2026-01-01T13:31:41.049+0000] {processor.py:183} INFO - Processing /home/airflow/.local/lib/python3.12/site-packages/airflow/example_dags/example_branch_datetime_operator.py took 0.070 seconds
[2026-01-01T15:05:23.806+0000] {processor.py:161} INFO - Started process (PID=52475) to work on /home/airflow/.local/lib/python3.12/site-packages/airflow/example_dags/example_branch_datetime_operator.py
[2026-01-01T15:05:23.806+0000] {processor.py:830} INFO - Processing file /home/airflow/.local/lib/python3.12/site-packages/airflow/example_dags/example_branch_datetime_operator.py for tasks to queue
[2026-01-01T15:05:23.807+0000] {logging_mixin.py:188} INFO - [2026-01-01T15:05:23.807+0000] {dagbag.py:545} INFO - Filling up the DagBag from /home/airflow/.local/lib/python3.12/site-packages/airflow/example_dags/example_branch_datetime_operator.py
[2026-01-01T15:05:23.811+0000] {processor.py:840} INFO - DAG(s) 'example_branch_datetime_operator_2', 'example_branch_datetime_operator_3', 'example_branch_datetime_operator' retrieved from /home/airflow/.local/lib/python3.12/site-packages/airflow/example_dags/example_branch_datetime_operator.py
[2026-01-01T15:05:23.823+0000] {logging_mixin.py:188} INFO - [2026-01-01T15:05:23.823+0000] {dag.py:3089} INFO - Sync 3 DAGs
[2026-01-01T15:05:23.839+0000] {logging_mixin.py:188} INFO - [2026-01-01T15:05:23.839+0000] {dag.py:3947} INFO - Setting next_dagrun for example_branch_datetime_operator to 2025-12-31 00:00:00+00:00, run_after=2026-01-01 00:00:00+00:00
[2026-01-01T15:05:23.842+0000] {logging_mixin.py:188} INFO - [2026-01-01T15:05:23.842+0000] {dag.py:3947} INFO - Setting next_dagrun for example_branch_datetime_operator_2 to 2025-12-31 00:00:00+00:00, run_after=2026-01-01 00:00:00+00:00
[2026-01-01T15:05:23.843+0000] {logging_mixin.py:188} INFO - [2026-01-01T15:05:23.843+0000] {dag.py:3947} INFO - Setting next_dagrun for example_branch_datetime_operator_3 to 2025-12-31 00:00:00+00:00, run_after=2026-01-01 00:00:00+00:00
[2026-01-01T15:05:23.852+0000] {processor.py:183} INFO - Processing /home/airflow/.local/lib/python3.12/site-packages/airflow/example_dags/example_branch_datetime_operator.py took 0.051 seconds
[2026-01-01T16:17:19.651+0000] {processor.py:161} INFO - Started process (PID=52534) to work on /home/airflow/.local/lib/python3.12/site-packages/airflow/example_dags/example_branch_datetime_operator.py
[2026-01-01T16:17:19.652+0000] {processor.py:830} INFO - Processing file /home/airflow/.local/lib/python3.12/site-packages/airflow/example_dags/example_branch_datetime_operator.py for tasks to queue
[2026-01-01T16:17:19.652+0000] {logging_mixin.py:188} INFO - [2026-01-01T16:17:19.652+0000] {dagbag.py:545} INFO - Filling up the DagBag from /home/airflow/.local/lib/python3.12/site-packages/airflow/example_dags/example_branch_datetime_operator.py
[2026-01-01T16:17:19.660+0000] {processor.py:840} INFO - DAG(s) 'example_branch_datetime_operator_2', 'example_branch_datetime_operator', 'example_branch_datetime_operator_3' retrieved from /home/airflow/.local/lib/python3.12/site-packages/airflow/example_dags/example_branch_datetime_operator.py
[2026-01-01T16:17:19.673+0000] {logging_mixin.py:188} INFO - [2026-01-01T16:17:19.673+0000] {dag.py:3089} INFO - Sync 3 DAGs
[2026-01-01T16:17:19.684+0000] {logging_mixin.py:188} INFO - [2026-01-01T16:17:19.684+0000] {dag.py:3947} INFO - Setting next_dagrun for example_branch_datetime_operator to 2025-12-31 00:00:00+00:00, run_after=2026-01-01 00:00:00+00:00
[2026-01-01T16:17:19.686+0000] {logging_mixin.py:188} INFO - [2026-01-01T16:17:19.686+0000] {dag.py:3947} INFO - Setting next_dagrun for example_branch_datetime_operator_2 to 2025-12-31 00:00:00+00:00, run_after=2026-01-01 00:00:00+00:00
[2026-01-01T16:17:19.687+0000] {logging_mixin.py:188} INFO - [2026-01-01T16:17:19.687+0000] {dag.py:3947} INFO - Setting next_dagrun for example_branch_datetime_operator_3 to 2025-12-31 00:00:00+00:00, run_after=2026-01-01 00:00:00+00:00
[2026-01-01T16:17:19.700+0000] {processor.py:183} INFO - Processing /home/airflow/.local/lib/python3.12/site-packages/airflow/example_dags/example_branch_datetime_operator.py took 0.052 seconds
[2026-01-01T17:14:38.435+0000] {processor.py:161} INFO - Started process (PID=52593) to work on /home/airflow/.local/lib/python3.12/site-packages/airflow/example_dags/example_branch_datetime_operator.py
[2026-01-01T17:14:38.437+0000] {processor.py:830} INFO - Processing file /home/airflow/.local/lib/python3.12/site-packages/airflow/example_dags/example_branch_datetime_operator.py for tasks to queue
[2026-01-01T17:14:38.437+0000] {logging_mixin.py:188} INFO - [2026-01-01T17:14:38.437+0000] {dagbag.py:545} INFO - Filling up the DagBag from /home/airflow/.local/lib/python3.12/site-packages/airflow/example_dags/example_branch_datetime_operator.py
[2026-01-01T17:14:38.441+0000] {processor.py:840} INFO - DAG(s) 'example_branch_datetime_operator_3', 'example_branch_datetime_operator', 'example_branch_datetime_operator_2' retrieved from /home/airflow/.local/lib/python3.12/site-packages/airflow/example_dags/example_branch_datetime_operator.py
[2026-01-01T17:14:38.459+0000] {logging_mixin.py:188} INFO - [2026-01-01T17:14:38.459+0000] {dag.py:3089} INFO - Sync 3 DAGs
[2026-01-01T17:14:38.469+0000] {logging_mixin.py:188} INFO - [2026-01-01T17:14:38.469+0000] {dag.py:3947} INFO - Setting next_dagrun for example_branch_datetime_operator to 2025-12-31 00:00:00+00:00, run_after=2026-01-01 00:00:00+00:00
[2026-01-01T17:14:38.472+0000] {logging_mixin.py:188} INFO - [2026-01-01T17:14:38.472+0000] {dag.py:3947} INFO - Setting next_dagrun for example_branch_datetime_operator_2 to 2025-12-31 00:00:00+00:00, run_after=2026-01-01 00:00:00+00:00
[2026-01-01T17:14:38.473+0000] {logging_mixin.py:188} INFO - [2026-01-01T17:14:38.472+0000] {dag.py:3947} INFO - Setting next_dagrun for example_branch_datetime_operator_3 to 2025-12-31 00:00:00+00:00, run_after=2026-01-01 00:00:00+00:00
[2026-01-01T17:14:38.482+0000] {processor.py:183} INFO - Processing /home/airflow/.local/lib/python3.12/site-packages/airflow/example_dags/example_branch_datetime_operator.py took 0.050 seconds
[2026-01-01T18:19:23.161+0000] {processor.py:161} INFO - Started process (PID=52652) to work on /home/airflow/.local/lib/python3.12/site-packages/airflow/example_dags/example_branch_datetime_operator.py
[2026-01-01T18:19:23.162+0000] {processor.py:830} INFO - Processing file /home/airflow/.local/lib/python3.12/site-packages/airflow/example_dags/example_branch_datetime_operator.py for tasks to queue
[2026-01-01T18:19:23.162+0000] {logging_mixin.py:188} INFO - [2026-01-01T18:19:23.162+0000] {dagbag.py:545} INFO - Filling up the DagBag from /home/airflow/.local/lib/python3.12/site-packages/airflow/example_dags/example_branch_datetime_operator.py
[2026-01-01T18:19:23.167+0000] {processor.py:840} INFO - DAG(s) 'example_branch_datetime_operator_2', 'example_branch_datetime_operator_3', 'example_branch_datetime_operator' retrieved from /home/airflow/.local/lib/python3.12/site-packages/airflow/example_dags/example_branch_datetime_operator.py
[2026-01-01T18:19:23.180+0000] {logging_mixin.py:188} INFO - [2026-01-01T18:19:23.180+0000] {dag.py:3089} INFO - Sync 3 DAGs
[2026-01-01T18:19:23.191+0000] {logging_mixin.py:188} INFO - [2026-01-01T18:19:23.191+0000] {dag.py:3947} INFO - Setting next_dagrun for example_branch_datetime_operator to 2025-12-31 00:00:00+00:00, run_after=2026-01-01 00:00:00+00:00
[2026-01-01T18:19:23.193+0000] {logging_mixin.py:188} INFO - [2026-01-01T18:19:23.193+0000] {dag.py:3947} INFO - Setting next_dagrun for example_branch_datetime_operator_2 to 2025-12-31 00:00:00+00:00, run_after=2026-01-01 00:00:00+00:00
[2026-01-01T18:19:23.194+0000] {logging_mixin.py:188} INFO - [2026-01-01T18:19:23.194+0000] {dag.py:3947} INFO - Setting next_dagrun for example_branch_datetime_operator_3 to 2025-12-31 00:00:00+00:00, run_after=2026-01-01 00:00:00+00:00
[2026-01-01T18:19:23.200+0000] {processor.py:183} INFO - Processing /home/airflow/.local/lib/python3.12/site-packages/airflow/example_dags/example_branch_datetime_operator.py took 0.042 seconds
[2026-01-01T19:35:31.124+0000] {processor.py:161} INFO - Started process (PID=52711) to work on /home/airflow/.local/lib/python3.12/site-packages/airflow/example_dags/example_branch_datetime_operator.py
[2026-01-01T19:35:31.125+0000] {processor.py:830} INFO - Processing file /home/airflow/.local/lib/python3.12/site-packages/airflow/example_dags/example_branch_datetime_operator.py for tasks to queue
[2026-01-01T19:35:31.125+0000] {logging_mixin.py:188} INFO - [2026-01-01T19:35:31.125+0000] {dagbag.py:545} INFO - Filling up the DagBag from /home/airflow/.local/lib/python3.12/site-packages/airflow/example_dags/example_branch_datetime_operator.py
[2026-01-01T19:35:31.130+0000] {processor.py:840} INFO - DAG(s) 'example_branch_datetime_operator_3', 'example_branch_datetime_operator_2', 'example_branch_datetime_operator' retrieved from /home/airflow/.local/lib/python3.12/site-packages/airflow/example_dags/example_branch_datetime_operator.py
[2026-01-01T19:35:31.144+0000] {logging_mixin.py:188} INFO - [2026-01-01T19:35:31.144+0000] {dag.py:3089} INFO - Sync 3 DAGs
[2026-01-01T19:35:31.155+0000] {logging_mixin.py:188} INFO - [2026-01-01T19:35:31.155+0000] {dag.py:3947} INFO - Setting next_dagrun for example_branch_datetime_operator to 2025-12-31 00:00:00+00:00, run_after=2026-01-01 00:00:00+00:00
[2026-01-01T19:35:31.158+0000] {logging_mixin.py:188} INFO - [2026-01-01T19:35:31.157+0000] {dag.py:3947} INFO - Setting next_dagrun for example_branch_datetime_operator_2 to 2025-12-31 00:00:00+00:00, run_after=2026-01-01 00:00:00+00:00
[2026-01-01T19:35:31.158+0000] {logging_mixin.py:188} INFO - [2026-01-01T19:35:31.158+0000] {dag.py:3947} INFO - Setting next_dagrun for example_branch_datetime_operator_3 to 2025-12-31 00:00:00+00:00, run_after=2026-01-01 00:00:00+00:00
[2026-01-01T19:35:31.168+0000] {processor.py:183} INFO - Processing /home/airflow/.local/lib/python3.12/site-packages/airflow/example_dags/example_branch_datetime_operator.py took 0.047 seconds
[2026-01-01T20:54:39.956+0000] {processor.py:161} INFO - Started process (PID=52770) to work on /home/airflow/.local/lib/python3.12/site-packages/airflow/example_dags/example_branch_datetime_operator.py
[2026-01-01T20:54:39.956+0000] {processor.py:830} INFO - Processing file /home/airflow/.local/lib/python3.12/site-packages/airflow/example_dags/example_branch_datetime_operator.py for tasks to queue
[2026-01-01T20:54:39.957+0000] {logging_mixin.py:188} INFO - [2026-01-01T20:54:39.957+0000] {dagbag.py:545} INFO - Filling up the DagBag from /home/airflow/.local/lib/python3.12/site-packages/airflow/example_dags/example_branch_datetime_operator.py
[2026-01-01T20:54:39.962+0000] {processor.py:840} INFO - DAG(s) 'example_branch_datetime_operator', 'example_branch_datetime_operator_3', 'example_branch_datetime_operator_2' retrieved from /home/airflow/.local/lib/python3.12/site-packages/airflow/example_dags/example_branch_datetime_operator.py
[2026-01-01T20:54:39.977+0000] {logging_mixin.py:188} INFO - [2026-01-01T20:54:39.977+0000] {dag.py:3089} INFO - Sync 3 DAGs
[2026-01-01T20:54:39.994+0000] {logging_mixin.py:188} INFO - [2026-01-01T20:54:39.994+0000] {dag.py:3947} INFO - Setting next_dagrun for example_branch_datetime_operator to 2025-12-31 00:00:00+00:00, run_after=2026-01-01 00:00:00+00:00
[2026-01-01T20:54:39.999+0000] {logging_mixin.py:188} INFO - [2026-01-01T20:54:39.998+0000] {dag.py:3947} INFO - Setting next_dagrun for example_branch_datetime_operator_2 to 2025-12-31 00:00:00+00:00, run_after=2026-01-01 00:00:00+00:00
[2026-01-01T20:54:40.000+0000] {logging_mixin.py:188} INFO - [2026-01-01T20:54:40.000+0000] {dag.py:3947} INFO - Setting next_dagrun for example_branch_datetime_operator_3 to 2025-12-31 00:00:00+00:00, run_after=2026-01-01 00:00:00+00:00
[2026-01-01T20:54:40.014+0000] {processor.py:183} INFO - Processing /home/airflow/.local/lib/python3.12/site-packages/airflow/example_dags/example_branch_datetime_operator.py took 0.061 seconds
[2026-01-01T22:37:21.944+0000] {processor.py:161} INFO - Started process (PID=52829) to work on /home/airflow/.local/lib/python3.12/site-packages/airflow/example_dags/example_branch_datetime_operator.py
[2026-01-01T22:37:21.945+0000] {processor.py:830} INFO - Processing file /home/airflow/.local/lib/python3.12/site-packages/airflow/example_dags/example_branch_datetime_operator.py for tasks to queue
[2026-01-01T22:37:21.945+0000] {logging_mixin.py:188} INFO - [2026-01-01T22:37:21.945+0000] {dagbag.py:545} INFO - Filling up the DagBag from /home/airflow/.local/lib/python3.12/site-packages/airflow/example_dags/example_branch_datetime_operator.py
[2026-01-01T22:37:21.950+0000] {processor.py:840} INFO - DAG(s) 'example_branch_datetime_operator', 'example_branch_datetime_operator_2', 'example_branch_datetime_operator_3' retrieved from /home/airflow/.local/lib/python3.12/site-packages/airflow/example_dags/example_branch_datetime_operator.py
[2026-01-01T22:37:21.965+0000] {logging_mixin.py:188} INFO - [2026-01-01T22:37:21.964+0000] {dag.py:3089} INFO - Sync 3 DAGs
[2026-01-01T22:37:21.976+0000] {logging_mixin.py:188} INFO - [2026-01-01T22:37:21.976+0000] {dag.py:3947} INFO - Setting next_dagrun for example_branch_datetime_operator to 2025-12-31 00:00:00+00:00, run_after=2026-01-01 00:00:00+00:00
[2026-01-01T22:37:21.978+0000] {logging_mixin.py:188} INFO - [2026-01-01T22:37:21.978+0000] {dag.py:3947} INFO - Setting next_dagrun for example_branch_datetime_operator_2 to 2025-12-31 00:00:00+00:00, run_after=2026-01-01 00:00:00+00:00
[2026-01-01T22:37:21.979+0000] {logging_mixin.py:188} INFO - [2026-01-01T22:37:21.979+0000] {dag.py:3947} INFO - Setting next_dagrun for example_branch_datetime_operator_3 to 2025-12-31 00:00:00+00:00, run_after=2026-01-01 00:00:00+00:00
[2026-01-01T22:37:21.986+0000] {processor.py:183} INFO - Processing /home/airflow/.local/lib/python3.12/site-packages/airflow/example_dags/example_branch_datetime_operator.py took 0.045 seconds
[2026-01-01T23:54:03.824+0000] {processor.py:161} INFO - Started process (PID=52888) to work on /home/airflow/.local/lib/python3.12/site-packages/airflow/example_dags/example_branch_datetime_operator.py
[2026-01-01T23:54:03.825+0000] {processor.py:830} INFO - Processing file /home/airflow/.local/lib/python3.12/site-packages/airflow/example_dags/example_branch_datetime_operator.py for tasks to queue
[2026-01-01T23:54:03.827+0000] {logging_mixin.py:188} INFO - [2026-01-01T23:54:03.827+0000] {dagbag.py:545} INFO - Filling up the DagBag from /home/airflow/.local/lib/python3.12/site-packages/airflow/example_dags/example_branch_datetime_operator.py
[2026-01-01T23:54:03.834+0000] {processor.py:840} INFO - DAG(s) 'example_branch_datetime_operator_3', 'example_branch_datetime_operator_2', 'example_branch_datetime_operator' retrieved from /home/airflow/.local/lib/python3.12/site-packages/airflow/example_dags/example_branch_datetime_operator.py
[2026-01-01T23:54:03.852+0000] {logging_mixin.py:188} INFO - [2026-01-01T23:54:03.852+0000] {dag.py:3089} INFO - Sync 3 DAGs
[2026-01-01T23:54:03.866+0000] {logging_mixin.py:188} INFO - [2026-01-01T23:54:03.866+0000] {dag.py:3947} INFO - Setting next_dagrun for example_branch_datetime_operator to 2025-12-31 00:00:00+00:00, run_after=2026-01-01 00:00:00+00:00
[2026-01-01T23:54:03.870+0000] {logging_mixin.py:188} INFO - [2026-01-01T23:54:03.870+0000] {dag.py:3947} INFO - Setting next_dagrun for example_branch_datetime_operator_2 to 2025-12-31 00:00:00+00:00, run_after=2026-01-01 00:00:00+00:00
[2026-01-01T23:54:03.871+0000] {logging_mixin.py:188} INFO - [2026-01-01T23:54:03.871+0000] {dag.py:3947} INFO - Setting next_dagrun for example_branch_datetime_operator_3 to 2025-12-31 00:00:00+00:00, run_after=2026-01-01 00:00:00+00:00
[2026-01-01T23:54:03.888+0000] {processor.py:183} INFO - Processing /home/airflow/.local/lib/python3.12/site-packages/airflow/example_dags/example_branch_datetime_operator.py took 0.068 seconds
