[2026-01-01T01:03:23.721+0000] {processor.py:161} INFO - Started process (PID=51857) to work on /home/airflow/.local/lib/python3.12/site-packages/airflow/example_dags/example_subdag_operator.py
[2026-01-01T01:03:23.725+0000] {processor.py:830} INFO - Processing file /home/airflow/.local/lib/python3.12/site-packages/airflow/example_dags/example_subdag_operator.py for tasks to queue
[2026-01-01T01:03:23.727+0000] {logging_mixin.py:188} INFO - [2026-01-01T01:03:23.727+0000] {dagbag.py:545} INFO - Filling up the DagBag from /home/airflow/.local/lib/python3.12/site-packages/airflow/example_dags/example_subdag_operator.py
[2026-01-01T01:03:23.737+0000] {processor.py:840} INFO - DAG(s) 'example_subdag_operator.section-1', 'example_subdag_operator.section-2', 'example_subdag_operator' retrieved from /home/airflow/.local/lib/python3.12/site-packages/airflow/example_dags/example_subdag_operator.py
[2026-01-01T01:03:23.744+0000] {logging_mixin.py:188} INFO - [2026-01-01T01:03:23.744+0000] {dag.py:3089} INFO - Sync 3 DAGs
[2026-01-01T01:03:23.754+0000] {logging_mixin.py:188} INFO - [2026-01-01T01:03:23.754+0000] {dag.py:3947} INFO - Setting next_dagrun for example_subdag_operator to 2022-01-01 00:00:00+00:00, run_after=2022-01-01 00:00:00+00:00
[2026-01-01T01:03:23.756+0000] {logging_mixin.py:188} INFO - [2026-01-01T01:03:23.756+0000] {dag.py:3947} INFO - Setting next_dagrun for example_subdag_operator.section-1 to None, run_after=None
[2026-01-01T01:03:23.757+0000] {logging_mixin.py:188} INFO - [2026-01-01T01:03:23.757+0000] {dag.py:3947} INFO - Setting next_dagrun for example_subdag_operator.section-2 to None, run_after=None
[2026-01-01T01:03:23.760+0000] {logging_mixin.py:188} INFO - [2026-01-01T01:03:23.760+0000] {dag.py:3089} INFO - Sync 2 DAGs
[2026-01-01T01:03:23.762+0000] {logging_mixin.py:188} INFO - [2026-01-01T01:03:23.762+0000] {dag.py:3947} INFO - Setting next_dagrun for example_subdag_operator.section-1 to None, run_after=None
[2026-01-01T01:03:23.762+0000] {logging_mixin.py:188} INFO - [2026-01-01T01:03:23.762+0000] {dag.py:3947} INFO - Setting next_dagrun for example_subdag_operator.section-2 to None, run_after=None
[2026-01-01T01:03:23.771+0000] {processor.py:183} INFO - Processing /home/airflow/.local/lib/python3.12/site-packages/airflow/example_dags/example_subdag_operator.py took 0.053 seconds
[2026-01-01T02:01:02.889+0000] {processor.py:161} INFO - Started process (PID=51916) to work on /home/airflow/.local/lib/python3.12/site-packages/airflow/example_dags/example_subdag_operator.py
[2026-01-01T02:01:02.889+0000] {processor.py:830} INFO - Processing file /home/airflow/.local/lib/python3.12/site-packages/airflow/example_dags/example_subdag_operator.py for tasks to queue
[2026-01-01T02:01:02.889+0000] {logging_mixin.py:188} INFO - [2026-01-01T02:01:02.889+0000] {dagbag.py:545} INFO - Filling up the DagBag from /home/airflow/.local/lib/python3.12/site-packages/airflow/example_dags/example_subdag_operator.py
[2026-01-01T02:01:02.899+0000] {processor.py:840} INFO - DAG(s) 'example_subdag_operator.section-1', 'example_subdag_operator.section-2', 'example_subdag_operator' retrieved from /home/airflow/.local/lib/python3.12/site-packages/airflow/example_dags/example_subdag_operator.py
[2026-01-01T02:01:02.904+0000] {logging_mixin.py:188} INFO - [2026-01-01T02:01:02.904+0000] {dag.py:3089} INFO - Sync 3 DAGs
[2026-01-01T02:01:02.912+0000] {logging_mixin.py:188} INFO - [2026-01-01T02:01:02.912+0000] {dag.py:3947} INFO - Setting next_dagrun for example_subdag_operator to 2022-01-01 00:00:00+00:00, run_after=2022-01-01 00:00:00+00:00
[2026-01-01T02:01:02.913+0000] {logging_mixin.py:188} INFO - [2026-01-01T02:01:02.913+0000] {dag.py:3947} INFO - Setting next_dagrun for example_subdag_operator.section-1 to None, run_after=None
[2026-01-01T02:01:02.914+0000] {logging_mixin.py:188} INFO - [2026-01-01T02:01:02.914+0000] {dag.py:3947} INFO - Setting next_dagrun for example_subdag_operator.section-2 to None, run_after=None
[2026-01-01T02:01:02.916+0000] {logging_mixin.py:188} INFO - [2026-01-01T02:01:02.916+0000] {dag.py:3089} INFO - Sync 2 DAGs
[2026-01-01T02:01:02.918+0000] {logging_mixin.py:188} INFO - [2026-01-01T02:01:02.918+0000] {dag.py:3947} INFO - Setting next_dagrun for example_subdag_operator.section-1 to None, run_after=None
[2026-01-01T02:01:02.918+0000] {logging_mixin.py:188} INFO - [2026-01-01T02:01:02.918+0000] {dag.py:3947} INFO - Setting next_dagrun for example_subdag_operator.section-2 to None, run_after=None
[2026-01-01T02:01:02.922+0000] {processor.py:183} INFO - Processing /home/airflow/.local/lib/python3.12/site-packages/airflow/example_dags/example_subdag_operator.py took 0.036 seconds
[2026-01-01T03:35:54.237+0000] {processor.py:161} INFO - Started process (PID=51975) to work on /home/airflow/.local/lib/python3.12/site-packages/airflow/example_dags/example_subdag_operator.py
[2026-01-01T03:35:54.237+0000] {processor.py:830} INFO - Processing file /home/airflow/.local/lib/python3.12/site-packages/airflow/example_dags/example_subdag_operator.py for tasks to queue
[2026-01-01T03:35:54.237+0000] {logging_mixin.py:188} INFO - [2026-01-01T03:35:54.237+0000] {dagbag.py:545} INFO - Filling up the DagBag from /home/airflow/.local/lib/python3.12/site-packages/airflow/example_dags/example_subdag_operator.py
[2026-01-01T03:35:54.247+0000] {processor.py:840} INFO - DAG(s) 'example_subdag_operator.section-1', 'example_subdag_operator.section-2', 'example_subdag_operator' retrieved from /home/airflow/.local/lib/python3.12/site-packages/airflow/example_dags/example_subdag_operator.py
[2026-01-01T03:35:54.252+0000] {logging_mixin.py:188} INFO - [2026-01-01T03:35:54.252+0000] {dag.py:3089} INFO - Sync 3 DAGs
[2026-01-01T03:35:54.260+0000] {logging_mixin.py:188} INFO - [2026-01-01T03:35:54.260+0000] {dag.py:3947} INFO - Setting next_dagrun for example_subdag_operator to 2022-01-01 00:00:00+00:00, run_after=2022-01-01 00:00:00+00:00
[2026-01-01T03:35:54.261+0000] {logging_mixin.py:188} INFO - [2026-01-01T03:35:54.261+0000] {dag.py:3947} INFO - Setting next_dagrun for example_subdag_operator.section-1 to None, run_after=None
[2026-01-01T03:35:54.262+0000] {logging_mixin.py:188} INFO - [2026-01-01T03:35:54.262+0000] {dag.py:3947} INFO - Setting next_dagrun for example_subdag_operator.section-2 to None, run_after=None
[2026-01-01T03:35:54.264+0000] {logging_mixin.py:188} INFO - [2026-01-01T03:35:54.264+0000] {dag.py:3089} INFO - Sync 2 DAGs
[2026-01-01T03:35:54.266+0000] {logging_mixin.py:188} INFO - [2026-01-01T03:35:54.266+0000] {dag.py:3947} INFO - Setting next_dagrun for example_subdag_operator.section-1 to None, run_after=None
[2026-01-01T03:35:54.266+0000] {logging_mixin.py:188} INFO - [2026-01-01T03:35:54.266+0000] {dag.py:3947} INFO - Setting next_dagrun for example_subdag_operator.section-2 to None, run_after=None
[2026-01-01T03:35:54.270+0000] {processor.py:183} INFO - Processing /home/airflow/.local/lib/python3.12/site-packages/airflow/example_dags/example_subdag_operator.py took 0.036 seconds
[2026-01-01T04:55:54.414+0000] {processor.py:161} INFO - Started process (PID=52035) to work on /home/airflow/.local/lib/python3.12/site-packages/airflow/example_dags/example_subdag_operator.py
[2026-01-01T04:55:54.414+0000] {processor.py:830} INFO - Processing file /home/airflow/.local/lib/python3.12/site-packages/airflow/example_dags/example_subdag_operator.py for tasks to queue
[2026-01-01T04:55:54.414+0000] {logging_mixin.py:188} INFO - [2026-01-01T04:55:54.414+0000] {dagbag.py:545} INFO - Filling up the DagBag from /home/airflow/.local/lib/python3.12/site-packages/airflow/example_dags/example_subdag_operator.py
[2026-01-01T04:55:54.428+0000] {processor.py:840} INFO - DAG(s) 'example_subdag_operator.section-1', 'example_subdag_operator.section-2', 'example_subdag_operator' retrieved from /home/airflow/.local/lib/python3.12/site-packages/airflow/example_dags/example_subdag_operator.py
[2026-01-01T04:55:54.434+0000] {logging_mixin.py:188} INFO - [2026-01-01T04:55:54.433+0000] {dag.py:3089} INFO - Sync 3 DAGs
[2026-01-01T04:55:54.442+0000] {logging_mixin.py:188} INFO - [2026-01-01T04:55:54.442+0000] {dag.py:3947} INFO - Setting next_dagrun for example_subdag_operator to 2022-01-01 00:00:00+00:00, run_after=2022-01-01 00:00:00+00:00
[2026-01-01T04:55:54.445+0000] {logging_mixin.py:188} INFO - [2026-01-01T04:55:54.445+0000] {dag.py:3947} INFO - Setting next_dagrun for example_subdag_operator.section-1 to None, run_after=None
[2026-01-01T04:55:54.445+0000] {logging_mixin.py:188} INFO - [2026-01-01T04:55:54.445+0000] {dag.py:3947} INFO - Setting next_dagrun for example_subdag_operator.section-2 to None, run_after=None
[2026-01-01T04:55:54.448+0000] {logging_mixin.py:188} INFO - [2026-01-01T04:55:54.448+0000] {dag.py:3089} INFO - Sync 2 DAGs
[2026-01-01T04:55:54.452+0000] {logging_mixin.py:188} INFO - [2026-01-01T04:55:54.452+0000] {dag.py:3947} INFO - Setting next_dagrun for example_subdag_operator.section-1 to None, run_after=None
[2026-01-01T04:55:54.452+0000] {logging_mixin.py:188} INFO - [2026-01-01T04:55:54.452+0000] {dag.py:3947} INFO - Setting next_dagrun for example_subdag_operator.section-2 to None, run_after=None
[2026-01-01T04:55:54.459+0000] {processor.py:183} INFO - Processing /home/airflow/.local/lib/python3.12/site-packages/airflow/example_dags/example_subdag_operator.py took 0.048 seconds
[2026-01-01T06:07:22.532+0000] {processor.py:161} INFO - Started process (PID=52094) to work on /home/airflow/.local/lib/python3.12/site-packages/airflow/example_dags/example_subdag_operator.py
[2026-01-01T06:07:22.617+0000] {processor.py:830} INFO - Processing file /home/airflow/.local/lib/python3.12/site-packages/airflow/example_dags/example_subdag_operator.py for tasks to queue
[2026-01-01T06:07:22.690+0000] {logging_mixin.py:188} INFO - [2026-01-01T06:07:22.690+0000] {dagbag.py:545} INFO - Filling up the DagBag from /home/airflow/.local/lib/python3.12/site-packages/airflow/example_dags/example_subdag_operator.py
[2026-01-01T06:07:22.708+0000] {processor.py:840} INFO - DAG(s) 'example_subdag_operator.section-1', 'example_subdag_operator.section-2', 'example_subdag_operator' retrieved from /home/airflow/.local/lib/python3.12/site-packages/airflow/example_dags/example_subdag_operator.py
[2026-01-01T06:07:22.724+0000] {logging_mixin.py:188} INFO - [2026-01-01T06:07:22.724+0000] {dag.py:3089} INFO - Sync 3 DAGs
[2026-01-01T06:07:22.737+0000] {logging_mixin.py:188} INFO - [2026-01-01T06:07:22.737+0000] {dag.py:3947} INFO - Setting next_dagrun for example_subdag_operator to 2022-01-01 00:00:00+00:00, run_after=2022-01-01 00:00:00+00:00
[2026-01-01T06:07:22.739+0000] {logging_mixin.py:188} INFO - [2026-01-01T06:07:22.739+0000] {dag.py:3947} INFO - Setting next_dagrun for example_subdag_operator.section-1 to None, run_after=None
[2026-01-01T06:07:22.739+0000] {logging_mixin.py:188} INFO - [2026-01-01T06:07:22.739+0000] {dag.py:3947} INFO - Setting next_dagrun for example_subdag_operator.section-2 to None, run_after=None
[2026-01-01T06:07:22.744+0000] {logging_mixin.py:188} INFO - [2026-01-01T06:07:22.744+0000] {dag.py:3089} INFO - Sync 2 DAGs
[2026-01-01T06:07:22.748+0000] {logging_mixin.py:188} INFO - [2026-01-01T06:07:22.748+0000] {dag.py:3947} INFO - Setting next_dagrun for example_subdag_operator.section-1 to None, run_after=None
[2026-01-01T06:07:22.749+0000] {logging_mixin.py:188} INFO - [2026-01-01T06:07:22.748+0000] {dag.py:3947} INFO - Setting next_dagrun for example_subdag_operator.section-2 to None, run_after=None
[2026-01-01T06:07:22.758+0000] {processor.py:183} INFO - Processing /home/airflow/.local/lib/python3.12/site-packages/airflow/example_dags/example_subdag_operator.py took 0.228 seconds
[2026-01-01T07:40:36.757+0000] {processor.py:161} INFO - Started process (PID=52153) to work on /home/airflow/.local/lib/python3.12/site-packages/airflow/example_dags/example_subdag_operator.py
[2026-01-01T07:40:36.758+0000] {processor.py:830} INFO - Processing file /home/airflow/.local/lib/python3.12/site-packages/airflow/example_dags/example_subdag_operator.py for tasks to queue
[2026-01-01T07:40:36.759+0000] {logging_mixin.py:188} INFO - [2026-01-01T07:40:36.759+0000] {dagbag.py:545} INFO - Filling up the DagBag from /home/airflow/.local/lib/python3.12/site-packages/airflow/example_dags/example_subdag_operator.py
[2026-01-01T07:40:36.771+0000] {processor.py:840} INFO - DAG(s) 'example_subdag_operator.section-1', 'example_subdag_operator.section-2', 'example_subdag_operator' retrieved from /home/airflow/.local/lib/python3.12/site-packages/airflow/example_dags/example_subdag_operator.py
[2026-01-01T07:40:36.778+0000] {logging_mixin.py:188} INFO - [2026-01-01T07:40:36.778+0000] {dag.py:3089} INFO - Sync 3 DAGs
[2026-01-01T07:40:36.787+0000] {logging_mixin.py:188} INFO - [2026-01-01T07:40:36.787+0000] {dag.py:3947} INFO - Setting next_dagrun for example_subdag_operator to 2022-01-01 00:00:00+00:00, run_after=2022-01-01 00:00:00+00:00
[2026-01-01T07:40:36.789+0000] {logging_mixin.py:188} INFO - [2026-01-01T07:40:36.789+0000] {dag.py:3947} INFO - Setting next_dagrun for example_subdag_operator.section-1 to None, run_after=None
[2026-01-01T07:40:36.789+0000] {logging_mixin.py:188} INFO - [2026-01-01T07:40:36.789+0000] {dag.py:3947} INFO - Setting next_dagrun for example_subdag_operator.section-2 to None, run_after=None
[2026-01-01T07:40:36.794+0000] {logging_mixin.py:188} INFO - [2026-01-01T07:40:36.794+0000] {dag.py:3089} INFO - Sync 2 DAGs
[2026-01-01T07:40:36.796+0000] {logging_mixin.py:188} INFO - [2026-01-01T07:40:36.796+0000] {dag.py:3947} INFO - Setting next_dagrun for example_subdag_operator.section-1 to None, run_after=None
[2026-01-01T07:40:36.796+0000] {logging_mixin.py:188} INFO - [2026-01-01T07:40:36.796+0000] {dag.py:3947} INFO - Setting next_dagrun for example_subdag_operator.section-2 to None, run_after=None
[2026-01-01T07:40:36.800+0000] {processor.py:183} INFO - Processing /home/airflow/.local/lib/python3.12/site-packages/airflow/example_dags/example_subdag_operator.py took 0.046 seconds
[2026-01-01T08:44:36.602+0000] {processor.py:161} INFO - Started process (PID=52212) to work on /home/airflow/.local/lib/python3.12/site-packages/airflow/example_dags/example_subdag_operator.py
[2026-01-01T08:44:36.602+0000] {processor.py:830} INFO - Processing file /home/airflow/.local/lib/python3.12/site-packages/airflow/example_dags/example_subdag_operator.py for tasks to queue
[2026-01-01T08:44:36.603+0000] {logging_mixin.py:188} INFO - [2026-01-01T08:44:36.603+0000] {dagbag.py:545} INFO - Filling up the DagBag from /home/airflow/.local/lib/python3.12/site-packages/airflow/example_dags/example_subdag_operator.py
[2026-01-01T08:44:36.614+0000] {processor.py:840} INFO - DAG(s) 'example_subdag_operator.section-1', 'example_subdag_operator.section-2', 'example_subdag_operator' retrieved from /home/airflow/.local/lib/python3.12/site-packages/airflow/example_dags/example_subdag_operator.py
[2026-01-01T08:44:36.620+0000] {logging_mixin.py:188} INFO - [2026-01-01T08:44:36.620+0000] {dag.py:3089} INFO - Sync 3 DAGs
[2026-01-01T08:44:36.631+0000] {logging_mixin.py:188} INFO - [2026-01-01T08:44:36.631+0000] {dag.py:3947} INFO - Setting next_dagrun for example_subdag_operator to 2022-01-01 00:00:00+00:00, run_after=2022-01-01 00:00:00+00:00
[2026-01-01T08:44:36.633+0000] {logging_mixin.py:188} INFO - [2026-01-01T08:44:36.633+0000] {dag.py:3947} INFO - Setting next_dagrun for example_subdag_operator.section-1 to None, run_after=None
[2026-01-01T08:44:36.634+0000] {logging_mixin.py:188} INFO - [2026-01-01T08:44:36.634+0000] {dag.py:3947} INFO - Setting next_dagrun for example_subdag_operator.section-2 to None, run_after=None
[2026-01-01T08:44:36.638+0000] {logging_mixin.py:188} INFO - [2026-01-01T08:44:36.638+0000] {dag.py:3089} INFO - Sync 2 DAGs
[2026-01-01T08:44:36.643+0000] {logging_mixin.py:188} INFO - [2026-01-01T08:44:36.643+0000] {dag.py:3947} INFO - Setting next_dagrun for example_subdag_operator.section-1 to None, run_after=None
[2026-01-01T08:44:36.644+0000] {logging_mixin.py:188} INFO - [2026-01-01T08:44:36.644+0000] {dag.py:3947} INFO - Setting next_dagrun for example_subdag_operator.section-2 to None, run_after=None
[2026-01-01T08:44:36.649+0000] {processor.py:183} INFO - Processing /home/airflow/.local/lib/python3.12/site-packages/airflow/example_dags/example_subdag_operator.py took 0.050 seconds
[2026-01-01T09:57:57.826+0000] {processor.py:161} INFO - Started process (PID=52271) to work on /home/airflow/.local/lib/python3.12/site-packages/airflow/example_dags/example_subdag_operator.py
[2026-01-01T09:57:57.826+0000] {processor.py:830} INFO - Processing file /home/airflow/.local/lib/python3.12/site-packages/airflow/example_dags/example_subdag_operator.py for tasks to queue
[2026-01-01T09:57:57.827+0000] {logging_mixin.py:188} INFO - [2026-01-01T09:57:57.827+0000] {dagbag.py:545} INFO - Filling up the DagBag from /home/airflow/.local/lib/python3.12/site-packages/airflow/example_dags/example_subdag_operator.py
[2026-01-01T09:57:57.841+0000] {processor.py:840} INFO - DAG(s) 'example_subdag_operator.section-1', 'example_subdag_operator.section-2', 'example_subdag_operator' retrieved from /home/airflow/.local/lib/python3.12/site-packages/airflow/example_dags/example_subdag_operator.py
[2026-01-01T09:57:57.848+0000] {logging_mixin.py:188} INFO - [2026-01-01T09:57:57.848+0000] {dag.py:3089} INFO - Sync 3 DAGs
[2026-01-01T09:57:57.860+0000] {logging_mixin.py:188} INFO - [2026-01-01T09:57:57.860+0000] {dag.py:3947} INFO - Setting next_dagrun for example_subdag_operator to 2022-01-01 00:00:00+00:00, run_after=2022-01-01 00:00:00+00:00
[2026-01-01T09:57:57.863+0000] {logging_mixin.py:188} INFO - [2026-01-01T09:57:57.863+0000] {dag.py:3947} INFO - Setting next_dagrun for example_subdag_operator.section-1 to None, run_after=None
[2026-01-01T09:57:57.866+0000] {logging_mixin.py:188} INFO - [2026-01-01T09:57:57.866+0000] {dag.py:3947} INFO - Setting next_dagrun for example_subdag_operator.section-2 to None, run_after=None
[2026-01-01T09:57:57.870+0000] {logging_mixin.py:188} INFO - [2026-01-01T09:57:57.870+0000] {dag.py:3089} INFO - Sync 2 DAGs
[2026-01-01T09:57:57.872+0000] {logging_mixin.py:188} INFO - [2026-01-01T09:57:57.872+0000] {dag.py:3947} INFO - Setting next_dagrun for example_subdag_operator.section-1 to None, run_after=None
[2026-01-01T09:57:57.873+0000] {logging_mixin.py:188} INFO - [2026-01-01T09:57:57.873+0000] {dag.py:3947} INFO - Setting next_dagrun for example_subdag_operator.section-2 to None, run_after=None
[2026-01-01T09:57:57.879+0000] {processor.py:183} INFO - Processing /home/airflow/.local/lib/python3.12/site-packages/airflow/example_dags/example_subdag_operator.py took 0.056 seconds
[2026-01-01T11:12:23.102+0000] {processor.py:161} INFO - Started process (PID=52330) to work on /home/airflow/.local/lib/python3.12/site-packages/airflow/example_dags/example_subdag_operator.py
[2026-01-01T11:12:23.103+0000] {processor.py:830} INFO - Processing file /home/airflow/.local/lib/python3.12/site-packages/airflow/example_dags/example_subdag_operator.py for tasks to queue
[2026-01-01T11:12:23.103+0000] {logging_mixin.py:188} INFO - [2026-01-01T11:12:23.103+0000] {dagbag.py:545} INFO - Filling up the DagBag from /home/airflow/.local/lib/python3.12/site-packages/airflow/example_dags/example_subdag_operator.py
[2026-01-01T11:12:23.117+0000] {processor.py:840} INFO - DAG(s) 'example_subdag_operator.section-1', 'example_subdag_operator.section-2', 'example_subdag_operator' retrieved from /home/airflow/.local/lib/python3.12/site-packages/airflow/example_dags/example_subdag_operator.py
[2026-01-01T11:12:23.128+0000] {logging_mixin.py:188} INFO - [2026-01-01T11:12:23.128+0000] {dag.py:3089} INFO - Sync 3 DAGs
[2026-01-01T11:12:23.138+0000] {logging_mixin.py:188} INFO - [2026-01-01T11:12:23.138+0000] {dag.py:3947} INFO - Setting next_dagrun for example_subdag_operator to 2022-01-01 00:00:00+00:00, run_after=2022-01-01 00:00:00+00:00
[2026-01-01T11:12:23.140+0000] {logging_mixin.py:188} INFO - [2026-01-01T11:12:23.140+0000] {dag.py:3947} INFO - Setting next_dagrun for example_subdag_operator.section-1 to None, run_after=None
[2026-01-01T11:12:23.140+0000] {logging_mixin.py:188} INFO - [2026-01-01T11:12:23.140+0000] {dag.py:3947} INFO - Setting next_dagrun for example_subdag_operator.section-2 to None, run_after=None
[2026-01-01T11:12:23.144+0000] {logging_mixin.py:188} INFO - [2026-01-01T11:12:23.144+0000] {dag.py:3089} INFO - Sync 2 DAGs
[2026-01-01T11:12:23.147+0000] {logging_mixin.py:188} INFO - [2026-01-01T11:12:23.146+0000] {dag.py:3947} INFO - Setting next_dagrun for example_subdag_operator.section-1 to None, run_after=None
[2026-01-01T11:12:23.147+0000] {logging_mixin.py:188} INFO - [2026-01-01T11:12:23.147+0000] {dag.py:3947} INFO - Setting next_dagrun for example_subdag_operator.section-2 to None, run_after=None
[2026-01-01T11:12:23.152+0000] {processor.py:183} INFO - Processing /home/airflow/.local/lib/python3.12/site-packages/airflow/example_dags/example_subdag_operator.py took 0.053 seconds
[2026-01-01T12:13:29.722+0000] {processor.py:161} INFO - Started process (PID=52389) to work on /home/airflow/.local/lib/python3.12/site-packages/airflow/example_dags/example_subdag_operator.py
[2026-01-01T12:13:29.723+0000] {processor.py:830} INFO - Processing file /home/airflow/.local/lib/python3.12/site-packages/airflow/example_dags/example_subdag_operator.py for tasks to queue
[2026-01-01T12:13:29.724+0000] {logging_mixin.py:188} INFO - [2026-01-01T12:13:29.724+0000] {dagbag.py:545} INFO - Filling up the DagBag from /home/airflow/.local/lib/python3.12/site-packages/airflow/example_dags/example_subdag_operator.py
[2026-01-01T12:13:29.738+0000] {processor.py:840} INFO - DAG(s) 'example_subdag_operator.section-1', 'example_subdag_operator.section-2', 'example_subdag_operator' retrieved from /home/airflow/.local/lib/python3.12/site-packages/airflow/example_dags/example_subdag_operator.py
[2026-01-01T12:13:29.744+0000] {logging_mixin.py:188} INFO - [2026-01-01T12:13:29.744+0000] {dag.py:3089} INFO - Sync 3 DAGs
[2026-01-01T12:13:29.758+0000] {logging_mixin.py:188} INFO - [2026-01-01T12:13:29.758+0000] {dag.py:3947} INFO - Setting next_dagrun for example_subdag_operator to 2022-01-01 00:00:00+00:00, run_after=2022-01-01 00:00:00+00:00
[2026-01-01T12:13:29.760+0000] {logging_mixin.py:188} INFO - [2026-01-01T12:13:29.760+0000] {dag.py:3947} INFO - Setting next_dagrun for example_subdag_operator.section-1 to None, run_after=None
[2026-01-01T12:13:29.761+0000] {logging_mixin.py:188} INFO - [2026-01-01T12:13:29.761+0000] {dag.py:3947} INFO - Setting next_dagrun for example_subdag_operator.section-2 to None, run_after=None
[2026-01-01T12:13:29.765+0000] {logging_mixin.py:188} INFO - [2026-01-01T12:13:29.764+0000] {dag.py:3089} INFO - Sync 2 DAGs
[2026-01-01T12:13:29.767+0000] {logging_mixin.py:188} INFO - [2026-01-01T12:13:29.767+0000] {dag.py:3947} INFO - Setting next_dagrun for example_subdag_operator.section-1 to None, run_after=None
[2026-01-01T12:13:29.768+0000] {logging_mixin.py:188} INFO - [2026-01-01T12:13:29.767+0000] {dag.py:3947} INFO - Setting next_dagrun for example_subdag_operator.section-2 to None, run_after=None
[2026-01-01T12:13:29.774+0000] {processor.py:183} INFO - Processing /home/airflow/.local/lib/python3.12/site-packages/airflow/example_dags/example_subdag_operator.py took 0.055 seconds
[2026-01-01T13:31:42.032+0000] {processor.py:161} INFO - Started process (PID=52448) to work on /home/airflow/.local/lib/python3.12/site-packages/airflow/example_dags/example_subdag_operator.py
[2026-01-01T13:31:42.033+0000] {processor.py:830} INFO - Processing file /home/airflow/.local/lib/python3.12/site-packages/airflow/example_dags/example_subdag_operator.py for tasks to queue
[2026-01-01T13:31:42.034+0000] {logging_mixin.py:188} INFO - [2026-01-01T13:31:42.034+0000] {dagbag.py:545} INFO - Filling up the DagBag from /home/airflow/.local/lib/python3.12/site-packages/airflow/example_dags/example_subdag_operator.py
[2026-01-01T13:31:42.048+0000] {processor.py:840} INFO - DAG(s) 'example_subdag_operator.section-1', 'example_subdag_operator.section-2', 'example_subdag_operator' retrieved from /home/airflow/.local/lib/python3.12/site-packages/airflow/example_dags/example_subdag_operator.py
[2026-01-01T13:31:42.057+0000] {logging_mixin.py:188} INFO - [2026-01-01T13:31:42.057+0000] {dag.py:3089} INFO - Sync 3 DAGs
[2026-01-01T13:31:42.067+0000] {logging_mixin.py:188} INFO - [2026-01-01T13:31:42.067+0000] {dag.py:3947} INFO - Setting next_dagrun for example_subdag_operator to 2022-01-01 00:00:00+00:00, run_after=2022-01-01 00:00:00+00:00
[2026-01-01T13:31:42.069+0000] {logging_mixin.py:188} INFO - [2026-01-01T13:31:42.069+0000] {dag.py:3947} INFO - Setting next_dagrun for example_subdag_operator.section-1 to None, run_after=None
[2026-01-01T13:31:42.071+0000] {logging_mixin.py:188} INFO - [2026-01-01T13:31:42.071+0000] {dag.py:3947} INFO - Setting next_dagrun for example_subdag_operator.section-2 to None, run_after=None
[2026-01-01T13:31:42.075+0000] {logging_mixin.py:188} INFO - [2026-01-01T13:31:42.075+0000] {dag.py:3089} INFO - Sync 2 DAGs
[2026-01-01T13:31:42.077+0000] {logging_mixin.py:188} INFO - [2026-01-01T13:31:42.077+0000] {dag.py:3947} INFO - Setting next_dagrun for example_subdag_operator.section-1 to None, run_after=None
[2026-01-01T13:31:42.078+0000] {logging_mixin.py:188} INFO - [2026-01-01T13:31:42.078+0000] {dag.py:3947} INFO - Setting next_dagrun for example_subdag_operator.section-2 to None, run_after=None
[2026-01-01T13:31:42.084+0000] {processor.py:183} INFO - Processing /home/airflow/.local/lib/python3.12/site-packages/airflow/example_dags/example_subdag_operator.py took 0.055 seconds
[2026-01-01T15:05:24.723+0000] {processor.py:161} INFO - Started process (PID=52507) to work on /home/airflow/.local/lib/python3.12/site-packages/airflow/example_dags/example_subdag_operator.py
[2026-01-01T15:05:24.724+0000] {processor.py:830} INFO - Processing file /home/airflow/.local/lib/python3.12/site-packages/airflow/example_dags/example_subdag_operator.py for tasks to queue
[2026-01-01T15:05:24.724+0000] {logging_mixin.py:188} INFO - [2026-01-01T15:05:24.724+0000] {dagbag.py:545} INFO - Filling up the DagBag from /home/airflow/.local/lib/python3.12/site-packages/airflow/example_dags/example_subdag_operator.py
[2026-01-01T15:05:24.737+0000] {processor.py:840} INFO - DAG(s) 'example_subdag_operator.section-1', 'example_subdag_operator.section-2', 'example_subdag_operator' retrieved from /home/airflow/.local/lib/python3.12/site-packages/airflow/example_dags/example_subdag_operator.py
[2026-01-01T15:05:24.746+0000] {logging_mixin.py:188} INFO - [2026-01-01T15:05:24.746+0000] {dag.py:3089} INFO - Sync 3 DAGs
[2026-01-01T15:05:24.755+0000] {logging_mixin.py:188} INFO - [2026-01-01T15:05:24.755+0000] {dag.py:3947} INFO - Setting next_dagrun for example_subdag_operator to 2022-01-01 00:00:00+00:00, run_after=2022-01-01 00:00:00+00:00
[2026-01-01T15:05:24.756+0000] {logging_mixin.py:188} INFO - [2026-01-01T15:05:24.756+0000] {dag.py:3947} INFO - Setting next_dagrun for example_subdag_operator.section-1 to None, run_after=None
[2026-01-01T15:05:24.757+0000] {logging_mixin.py:188} INFO - [2026-01-01T15:05:24.757+0000] {dag.py:3947} INFO - Setting next_dagrun for example_subdag_operator.section-2 to None, run_after=None
[2026-01-01T15:05:24.760+0000] {logging_mixin.py:188} INFO - [2026-01-01T15:05:24.760+0000] {dag.py:3089} INFO - Sync 2 DAGs
[2026-01-01T15:05:24.763+0000] {logging_mixin.py:188} INFO - [2026-01-01T15:05:24.763+0000] {dag.py:3947} INFO - Setting next_dagrun for example_subdag_operator.section-1 to None, run_after=None
[2026-01-01T15:05:24.764+0000] {logging_mixin.py:188} INFO - [2026-01-01T15:05:24.763+0000] {dag.py:3947} INFO - Setting next_dagrun for example_subdag_operator.section-2 to None, run_after=None
[2026-01-01T15:05:24.772+0000] {processor.py:183} INFO - Processing /home/airflow/.local/lib/python3.12/site-packages/airflow/example_dags/example_subdag_operator.py took 0.051 seconds
[2026-01-01T16:17:20.643+0000] {processor.py:161} INFO - Started process (PID=52566) to work on /home/airflow/.local/lib/python3.12/site-packages/airflow/example_dags/example_subdag_operator.py
[2026-01-01T16:17:20.644+0000] {processor.py:830} INFO - Processing file /home/airflow/.local/lib/python3.12/site-packages/airflow/example_dags/example_subdag_operator.py for tasks to queue
[2026-01-01T16:17:20.644+0000] {logging_mixin.py:188} INFO - [2026-01-01T16:17:20.644+0000] {dagbag.py:545} INFO - Filling up the DagBag from /home/airflow/.local/lib/python3.12/site-packages/airflow/example_dags/example_subdag_operator.py
[2026-01-01T16:17:20.655+0000] {processor.py:840} INFO - DAG(s) 'example_subdag_operator.section-1', 'example_subdag_operator.section-2', 'example_subdag_operator' retrieved from /home/airflow/.local/lib/python3.12/site-packages/airflow/example_dags/example_subdag_operator.py
[2026-01-01T16:17:20.665+0000] {logging_mixin.py:188} INFO - [2026-01-01T16:17:20.665+0000] {dag.py:3089} INFO - Sync 3 DAGs
[2026-01-01T16:17:20.677+0000] {logging_mixin.py:188} INFO - [2026-01-01T16:17:20.677+0000] {dag.py:3947} INFO - Setting next_dagrun for example_subdag_operator to 2022-01-01 00:00:00+00:00, run_after=2022-01-01 00:00:00+00:00
[2026-01-01T16:17:20.679+0000] {logging_mixin.py:188} INFO - [2026-01-01T16:17:20.679+0000] {dag.py:3947} INFO - Setting next_dagrun for example_subdag_operator.section-1 to None, run_after=None
[2026-01-01T16:17:20.683+0000] {logging_mixin.py:188} INFO - [2026-01-01T16:17:20.683+0000] {dag.py:3947} INFO - Setting next_dagrun for example_subdag_operator.section-2 to None, run_after=None
[2026-01-01T16:17:20.686+0000] {logging_mixin.py:188} INFO - [2026-01-01T16:17:20.686+0000] {dag.py:3089} INFO - Sync 2 DAGs
[2026-01-01T16:17:20.688+0000] {logging_mixin.py:188} INFO - [2026-01-01T16:17:20.688+0000] {dag.py:3947} INFO - Setting next_dagrun for example_subdag_operator.section-1 to None, run_after=None
[2026-01-01T16:17:20.688+0000] {logging_mixin.py:188} INFO - [2026-01-01T16:17:20.688+0000] {dag.py:3947} INFO - Setting next_dagrun for example_subdag_operator.section-2 to None, run_after=None
[2026-01-01T16:17:20.696+0000] {processor.py:183} INFO - Processing /home/airflow/.local/lib/python3.12/site-packages/airflow/example_dags/example_subdag_operator.py took 0.056 seconds
[2026-01-01T17:14:39.566+0000] {processor.py:161} INFO - Started process (PID=52625) to work on /home/airflow/.local/lib/python3.12/site-packages/airflow/example_dags/example_subdag_operator.py
[2026-01-01T17:14:39.567+0000] {processor.py:830} INFO - Processing file /home/airflow/.local/lib/python3.12/site-packages/airflow/example_dags/example_subdag_operator.py for tasks to queue
[2026-01-01T17:14:39.568+0000] {logging_mixin.py:188} INFO - [2026-01-01T17:14:39.568+0000] {dagbag.py:545} INFO - Filling up the DagBag from /home/airflow/.local/lib/python3.12/site-packages/airflow/example_dags/example_subdag_operator.py
[2026-01-01T17:14:39.582+0000] {processor.py:840} INFO - DAG(s) 'example_subdag_operator.section-1', 'example_subdag_operator.section-2', 'example_subdag_operator' retrieved from /home/airflow/.local/lib/python3.12/site-packages/airflow/example_dags/example_subdag_operator.py
[2026-01-01T17:14:39.591+0000] {logging_mixin.py:188} INFO - [2026-01-01T17:14:39.591+0000] {dag.py:3089} INFO - Sync 3 DAGs
[2026-01-01T17:14:39.602+0000] {logging_mixin.py:188} INFO - [2026-01-01T17:14:39.602+0000] {dag.py:3947} INFO - Setting next_dagrun for example_subdag_operator to 2022-01-01 00:00:00+00:00, run_after=2022-01-01 00:00:00+00:00
[2026-01-01T17:14:39.604+0000] {logging_mixin.py:188} INFO - [2026-01-01T17:14:39.604+0000] {dag.py:3947} INFO - Setting next_dagrun for example_subdag_operator.section-1 to None, run_after=None
[2026-01-01T17:14:39.606+0000] {logging_mixin.py:188} INFO - [2026-01-01T17:14:39.606+0000] {dag.py:3947} INFO - Setting next_dagrun for example_subdag_operator.section-2 to None, run_after=None
[2026-01-01T17:14:39.610+0000] {logging_mixin.py:188} INFO - [2026-01-01T17:14:39.610+0000] {dag.py:3089} INFO - Sync 2 DAGs
[2026-01-01T17:14:39.614+0000] {logging_mixin.py:188} INFO - [2026-01-01T17:14:39.614+0000] {dag.py:3947} INFO - Setting next_dagrun for example_subdag_operator.section-1 to None, run_after=None
[2026-01-01T17:14:39.614+0000] {logging_mixin.py:188} INFO - [2026-01-01T17:14:39.614+0000] {dag.py:3947} INFO - Setting next_dagrun for example_subdag_operator.section-2 to None, run_after=None
[2026-01-01T17:14:39.622+0000] {processor.py:183} INFO - Processing /home/airflow/.local/lib/python3.12/site-packages/airflow/example_dags/example_subdag_operator.py took 0.059 seconds
[2026-01-01T18:19:24.097+0000] {processor.py:161} INFO - Started process (PID=52684) to work on /home/airflow/.local/lib/python3.12/site-packages/airflow/example_dags/example_subdag_operator.py
[2026-01-01T18:19:24.097+0000] {processor.py:830} INFO - Processing file /home/airflow/.local/lib/python3.12/site-packages/airflow/example_dags/example_subdag_operator.py for tasks to queue
[2026-01-01T18:19:24.098+0000] {logging_mixin.py:188} INFO - [2026-01-01T18:19:24.098+0000] {dagbag.py:545} INFO - Filling up the DagBag from /home/airflow/.local/lib/python3.12/site-packages/airflow/example_dags/example_subdag_operator.py
[2026-01-01T18:19:24.112+0000] {processor.py:840} INFO - DAG(s) 'example_subdag_operator.section-1', 'example_subdag_operator.section-2', 'example_subdag_operator' retrieved from /home/airflow/.local/lib/python3.12/site-packages/airflow/example_dags/example_subdag_operator.py
[2026-01-01T18:19:24.119+0000] {logging_mixin.py:188} INFO - [2026-01-01T18:19:24.119+0000] {dag.py:3089} INFO - Sync 3 DAGs
[2026-01-01T18:19:24.131+0000] {logging_mixin.py:188} INFO - [2026-01-01T18:19:24.131+0000] {dag.py:3947} INFO - Setting next_dagrun for example_subdag_operator to 2022-01-01 00:00:00+00:00, run_after=2022-01-01 00:00:00+00:00
[2026-01-01T18:19:24.132+0000] {logging_mixin.py:188} INFO - [2026-01-01T18:19:24.132+0000] {dag.py:3947} INFO - Setting next_dagrun for example_subdag_operator.section-1 to None, run_after=None
[2026-01-01T18:19:24.133+0000] {logging_mixin.py:188} INFO - [2026-01-01T18:19:24.133+0000] {dag.py:3947} INFO - Setting next_dagrun for example_subdag_operator.section-2 to None, run_after=None
[2026-01-01T18:19:24.138+0000] {logging_mixin.py:188} INFO - [2026-01-01T18:19:24.138+0000] {dag.py:3089} INFO - Sync 2 DAGs
[2026-01-01T18:19:24.141+0000] {logging_mixin.py:188} INFO - [2026-01-01T18:19:24.141+0000] {dag.py:3947} INFO - Setting next_dagrun for example_subdag_operator.section-1 to None, run_after=None
[2026-01-01T18:19:24.141+0000] {logging_mixin.py:188} INFO - [2026-01-01T18:19:24.141+0000] {dag.py:3947} INFO - Setting next_dagrun for example_subdag_operator.section-2 to None, run_after=None
[2026-01-01T18:19:24.146+0000] {processor.py:183} INFO - Processing /home/airflow/.local/lib/python3.12/site-packages/airflow/example_dags/example_subdag_operator.py took 0.053 seconds
[2026-01-01T19:35:32.072+0000] {processor.py:161} INFO - Started process (PID=52743) to work on /home/airflow/.local/lib/python3.12/site-packages/airflow/example_dags/example_subdag_operator.py
[2026-01-01T19:35:32.073+0000] {processor.py:830} INFO - Processing file /home/airflow/.local/lib/python3.12/site-packages/airflow/example_dags/example_subdag_operator.py for tasks to queue
[2026-01-01T19:35:32.073+0000] {logging_mixin.py:188} INFO - [2026-01-01T19:35:32.073+0000] {dagbag.py:545} INFO - Filling up the DagBag from /home/airflow/.local/lib/python3.12/site-packages/airflow/example_dags/example_subdag_operator.py
[2026-01-01T19:35:32.086+0000] {processor.py:840} INFO - DAG(s) 'example_subdag_operator.section-1', 'example_subdag_operator.section-2', 'example_subdag_operator' retrieved from /home/airflow/.local/lib/python3.12/site-packages/airflow/example_dags/example_subdag_operator.py
[2026-01-01T19:35:32.093+0000] {logging_mixin.py:188} INFO - [2026-01-01T19:35:32.093+0000] {dag.py:3089} INFO - Sync 3 DAGs
[2026-01-01T19:35:32.106+0000] {logging_mixin.py:188} INFO - [2026-01-01T19:35:32.106+0000] {dag.py:3947} INFO - Setting next_dagrun for example_subdag_operator to 2022-01-01 00:00:00+00:00, run_after=2022-01-01 00:00:00+00:00
[2026-01-01T19:35:32.109+0000] {logging_mixin.py:188} INFO - [2026-01-01T19:35:32.109+0000] {dag.py:3947} INFO - Setting next_dagrun for example_subdag_operator.section-1 to None, run_after=None
[2026-01-01T19:35:32.110+0000] {logging_mixin.py:188} INFO - [2026-01-01T19:35:32.110+0000] {dag.py:3947} INFO - Setting next_dagrun for example_subdag_operator.section-2 to None, run_after=None
[2026-01-01T19:35:32.114+0000] {logging_mixin.py:188} INFO - [2026-01-01T19:35:32.114+0000] {dag.py:3089} INFO - Sync 2 DAGs
[2026-01-01T19:35:32.117+0000] {logging_mixin.py:188} INFO - [2026-01-01T19:35:32.117+0000] {dag.py:3947} INFO - Setting next_dagrun for example_subdag_operator.section-1 to None, run_after=None
[2026-01-01T19:35:32.118+0000] {logging_mixin.py:188} INFO - [2026-01-01T19:35:32.117+0000] {dag.py:3947} INFO - Setting next_dagrun for example_subdag_operator.section-2 to None, run_after=None
[2026-01-01T19:35:32.125+0000] {processor.py:183} INFO - Processing /home/airflow/.local/lib/python3.12/site-packages/airflow/example_dags/example_subdag_operator.py took 0.055 seconds
[2026-01-01T20:54:41.260+0000] {processor.py:161} INFO - Started process (PID=52802) to work on /home/airflow/.local/lib/python3.12/site-packages/airflow/example_dags/example_subdag_operator.py
[2026-01-01T20:54:41.261+0000] {processor.py:830} INFO - Processing file /home/airflow/.local/lib/python3.12/site-packages/airflow/example_dags/example_subdag_operator.py for tasks to queue
[2026-01-01T20:54:41.261+0000] {logging_mixin.py:188} INFO - [2026-01-01T20:54:41.261+0000] {dagbag.py:545} INFO - Filling up the DagBag from /home/airflow/.local/lib/python3.12/site-packages/airflow/example_dags/example_subdag_operator.py
[2026-01-01T20:54:41.273+0000] {processor.py:840} INFO - DAG(s) 'example_subdag_operator.section-1', 'example_subdag_operator.section-2', 'example_subdag_operator' retrieved from /home/airflow/.local/lib/python3.12/site-packages/airflow/example_dags/example_subdag_operator.py
[2026-01-01T20:54:41.282+0000] {logging_mixin.py:188} INFO - [2026-01-01T20:54:41.281+0000] {dag.py:3089} INFO - Sync 3 DAGs
[2026-01-01T20:54:41.291+0000] {logging_mixin.py:188} INFO - [2026-01-01T20:54:41.290+0000] {dag.py:3947} INFO - Setting next_dagrun for example_subdag_operator to 2022-01-01 00:00:00+00:00, run_after=2022-01-01 00:00:00+00:00
[2026-01-01T20:54:41.292+0000] {logging_mixin.py:188} INFO - [2026-01-01T20:54:41.292+0000] {dag.py:3947} INFO - Setting next_dagrun for example_subdag_operator.section-1 to None, run_after=None
[2026-01-01T20:54:41.292+0000] {logging_mixin.py:188} INFO - [2026-01-01T20:54:41.292+0000] {dag.py:3947} INFO - Setting next_dagrun for example_subdag_operator.section-2 to None, run_after=None
[2026-01-01T20:54:41.295+0000] {logging_mixin.py:188} INFO - [2026-01-01T20:54:41.295+0000] {dag.py:3089} INFO - Sync 2 DAGs
[2026-01-01T20:54:41.297+0000] {logging_mixin.py:188} INFO - [2026-01-01T20:54:41.297+0000] {dag.py:3947} INFO - Setting next_dagrun for example_subdag_operator.section-1 to None, run_after=None
[2026-01-01T20:54:41.297+0000] {logging_mixin.py:188} INFO - [2026-01-01T20:54:41.297+0000] {dag.py:3947} INFO - Setting next_dagrun for example_subdag_operator.section-2 to None, run_after=None
[2026-01-01T20:54:41.301+0000] {processor.py:183} INFO - Processing /home/airflow/.local/lib/python3.12/site-packages/airflow/example_dags/example_subdag_operator.py took 0.043 seconds
[2026-01-01T22:37:22.914+0000] {processor.py:161} INFO - Started process (PID=52861) to work on /home/airflow/.local/lib/python3.12/site-packages/airflow/example_dags/example_subdag_operator.py
[2026-01-01T22:37:22.915+0000] {processor.py:830} INFO - Processing file /home/airflow/.local/lib/python3.12/site-packages/airflow/example_dags/example_subdag_operator.py for tasks to queue
[2026-01-01T22:37:22.915+0000] {logging_mixin.py:188} INFO - [2026-01-01T22:37:22.915+0000] {dagbag.py:545} INFO - Filling up the DagBag from /home/airflow/.local/lib/python3.12/site-packages/airflow/example_dags/example_subdag_operator.py
[2026-01-01T22:37:22.928+0000] {processor.py:840} INFO - DAG(s) 'example_subdag_operator.section-1', 'example_subdag_operator.section-2', 'example_subdag_operator' retrieved from /home/airflow/.local/lib/python3.12/site-packages/airflow/example_dags/example_subdag_operator.py
[2026-01-01T22:37:22.935+0000] {logging_mixin.py:188} INFO - [2026-01-01T22:37:22.935+0000] {dag.py:3089} INFO - Sync 3 DAGs
[2026-01-01T22:37:22.951+0000] {logging_mixin.py:188} INFO - [2026-01-01T22:37:22.951+0000] {dag.py:3947} INFO - Setting next_dagrun for example_subdag_operator to 2022-01-01 00:00:00+00:00, run_after=2022-01-01 00:00:00+00:00
[2026-01-01T22:37:22.952+0000] {logging_mixin.py:188} INFO - [2026-01-01T22:37:22.952+0000] {dag.py:3947} INFO - Setting next_dagrun for example_subdag_operator.section-1 to None, run_after=None
[2026-01-01T22:37:22.953+0000] {logging_mixin.py:188} INFO - [2026-01-01T22:37:22.953+0000] {dag.py:3947} INFO - Setting next_dagrun for example_subdag_operator.section-2 to None, run_after=None
[2026-01-01T22:37:22.956+0000] {logging_mixin.py:188} INFO - [2026-01-01T22:37:22.956+0000] {dag.py:3089} INFO - Sync 2 DAGs
[2026-01-01T22:37:22.959+0000] {logging_mixin.py:188} INFO - [2026-01-01T22:37:22.959+0000] {dag.py:3947} INFO - Setting next_dagrun for example_subdag_operator.section-1 to None, run_after=None
[2026-01-01T22:37:22.959+0000] {logging_mixin.py:188} INFO - [2026-01-01T22:37:22.959+0000] {dag.py:3947} INFO - Setting next_dagrun for example_subdag_operator.section-2 to None, run_after=None
[2026-01-01T22:37:22.965+0000] {processor.py:183} INFO - Processing /home/airflow/.local/lib/python3.12/site-packages/airflow/example_dags/example_subdag_operator.py took 0.054 seconds
[2026-01-01T23:54:05.352+0000] {processor.py:161} INFO - Started process (PID=52920) to work on /home/airflow/.local/lib/python3.12/site-packages/airflow/example_dags/example_subdag_operator.py
[2026-01-01T23:54:05.354+0000] {processor.py:830} INFO - Processing file /home/airflow/.local/lib/python3.12/site-packages/airflow/example_dags/example_subdag_operator.py for tasks to queue
[2026-01-01T23:54:05.354+0000] {logging_mixin.py:188} INFO - [2026-01-01T23:54:05.354+0000] {dagbag.py:545} INFO - Filling up the DagBag from /home/airflow/.local/lib/python3.12/site-packages/airflow/example_dags/example_subdag_operator.py
[2026-01-01T23:54:05.377+0000] {processor.py:840} INFO - DAG(s) 'example_subdag_operator.section-1', 'example_subdag_operator.section-2', 'example_subdag_operator' retrieved from /home/airflow/.local/lib/python3.12/site-packages/airflow/example_dags/example_subdag_operator.py
[2026-01-01T23:54:05.386+0000] {logging_mixin.py:188} INFO - [2026-01-01T23:54:05.386+0000] {dag.py:3089} INFO - Sync 3 DAGs
[2026-01-01T23:54:05.398+0000] {logging_mixin.py:188} INFO - [2026-01-01T23:54:05.398+0000] {dag.py:3947} INFO - Setting next_dagrun for example_subdag_operator to 2022-01-01 00:00:00+00:00, run_after=2022-01-01 00:00:00+00:00
[2026-01-01T23:54:05.399+0000] {logging_mixin.py:188} INFO - [2026-01-01T23:54:05.399+0000] {dag.py:3947} INFO - Setting next_dagrun for example_subdag_operator.section-1 to None, run_after=None
[2026-01-01T23:54:05.400+0000] {logging_mixin.py:188} INFO - [2026-01-01T23:54:05.400+0000] {dag.py:3947} INFO - Setting next_dagrun for example_subdag_operator.section-2 to None, run_after=None
[2026-01-01T23:54:05.403+0000] {logging_mixin.py:188} INFO - [2026-01-01T23:54:05.403+0000] {dag.py:3089} INFO - Sync 2 DAGs
[2026-01-01T23:54:05.405+0000] {logging_mixin.py:188} INFO - [2026-01-01T23:54:05.405+0000] {dag.py:3947} INFO - Setting next_dagrun for example_subdag_operator.section-1 to None, run_after=None
[2026-01-01T23:54:05.405+0000] {logging_mixin.py:188} INFO - [2026-01-01T23:54:05.405+0000] {dag.py:3947} INFO - Setting next_dagrun for example_subdag_operator.section-2 to None, run_after=None
[2026-01-01T23:54:05.415+0000] {processor.py:183} INFO - Processing /home/airflow/.local/lib/python3.12/site-packages/airflow/example_dags/example_subdag_operator.py took 0.069 seconds
