[2026-01-01T01:03:23.318+0000] {processor.py:161} INFO - Started process (PID=51845) to work on /home/airflow/.local/lib/python3.12/site-packages/airflow/example_dags/example_time_delta_sensor_async.py
[2026-01-01T01:03:23.318+0000] {processor.py:830} INFO - Processing file /home/airflow/.local/lib/python3.12/site-packages/airflow/example_dags/example_time_delta_sensor_async.py for tasks to queue
[2026-01-01T01:03:23.319+0000] {logging_mixin.py:188} INFO - [2026-01-01T01:03:23.319+0000] {dagbag.py:545} INFO - Filling up the DagBag from /home/airflow/.local/lib/python3.12/site-packages/airflow/example_dags/example_time_delta_sensor_async.py
[2026-01-01T01:03:23.321+0000] {processor.py:840} INFO - DAG(s) 'example_time_delta_sensor_async' retrieved from /home/airflow/.local/lib/python3.12/site-packages/airflow/example_dags/example_time_delta_sensor_async.py
[2026-01-01T01:03:23.331+0000] {logging_mixin.py:188} INFO - [2026-01-01T01:03:23.331+0000] {dag.py:3089} INFO - Sync 1 DAGs
[2026-01-01T01:03:23.337+0000] {logging_mixin.py:188} INFO - [2026-01-01T01:03:23.337+0000] {dag.py:3947} INFO - Setting next_dagrun for example_time_delta_sensor_async to None, run_after=None
[2026-01-01T01:03:23.345+0000] {processor.py:183} INFO - Processing /home/airflow/.local/lib/python3.12/site-packages/airflow/example_dags/example_time_delta_sensor_async.py took 0.030 seconds
[2026-01-01T02:01:02.451+0000] {processor.py:161} INFO - Started process (PID=51904) to work on /home/airflow/.local/lib/python3.12/site-packages/airflow/example_dags/example_time_delta_sensor_async.py
[2026-01-01T02:01:02.451+0000] {processor.py:830} INFO - Processing file /home/airflow/.local/lib/python3.12/site-packages/airflow/example_dags/example_time_delta_sensor_async.py for tasks to queue
[2026-01-01T02:01:02.452+0000] {logging_mixin.py:188} INFO - [2026-01-01T02:01:02.452+0000] {dagbag.py:545} INFO - Filling up the DagBag from /home/airflow/.local/lib/python3.12/site-packages/airflow/example_dags/example_time_delta_sensor_async.py
[2026-01-01T02:01:02.454+0000] {processor.py:840} INFO - DAG(s) 'example_time_delta_sensor_async' retrieved from /home/airflow/.local/lib/python3.12/site-packages/airflow/example_dags/example_time_delta_sensor_async.py
[2026-01-01T02:01:02.465+0000] {logging_mixin.py:188} INFO - [2026-01-01T02:01:02.465+0000] {dag.py:3089} INFO - Sync 1 DAGs
[2026-01-01T02:01:02.470+0000] {logging_mixin.py:188} INFO - [2026-01-01T02:01:02.470+0000] {dag.py:3947} INFO - Setting next_dagrun for example_time_delta_sensor_async to None, run_after=None
[2026-01-01T02:01:02.477+0000] {processor.py:183} INFO - Processing /home/airflow/.local/lib/python3.12/site-packages/airflow/example_dags/example_time_delta_sensor_async.py took 0.029 seconds
[2026-01-01T03:35:53.822+0000] {processor.py:161} INFO - Started process (PID=51963) to work on /home/airflow/.local/lib/python3.12/site-packages/airflow/example_dags/example_time_delta_sensor_async.py
[2026-01-01T03:35:53.824+0000] {processor.py:830} INFO - Processing file /home/airflow/.local/lib/python3.12/site-packages/airflow/example_dags/example_time_delta_sensor_async.py for tasks to queue
[2026-01-01T03:35:53.825+0000] {logging_mixin.py:188} INFO - [2026-01-01T03:35:53.824+0000] {dagbag.py:545} INFO - Filling up the DagBag from /home/airflow/.local/lib/python3.12/site-packages/airflow/example_dags/example_time_delta_sensor_async.py
[2026-01-01T03:35:53.827+0000] {processor.py:840} INFO - DAG(s) 'example_time_delta_sensor_async' retrieved from /home/airflow/.local/lib/python3.12/site-packages/airflow/example_dags/example_time_delta_sensor_async.py
[2026-01-01T03:35:53.854+0000] {logging_mixin.py:188} INFO - [2026-01-01T03:35:53.853+0000] {dag.py:3089} INFO - Sync 1 DAGs
[2026-01-01T03:35:53.859+0000] {logging_mixin.py:188} INFO - [2026-01-01T03:35:53.859+0000] {dag.py:3947} INFO - Setting next_dagrun for example_time_delta_sensor_async to None, run_after=None
[2026-01-01T03:35:53.866+0000] {processor.py:183} INFO - Processing /home/airflow/.local/lib/python3.12/site-packages/airflow/example_dags/example_time_delta_sensor_async.py took 0.047 seconds
[2026-01-01T04:55:54.025+0000] {processor.py:161} INFO - Started process (PID=52023) to work on /home/airflow/.local/lib/python3.12/site-packages/airflow/example_dags/example_time_delta_sensor_async.py
[2026-01-01T04:55:54.029+0000] {processor.py:830} INFO - Processing file /home/airflow/.local/lib/python3.12/site-packages/airflow/example_dags/example_time_delta_sensor_async.py for tasks to queue
[2026-01-01T04:55:54.033+0000] {logging_mixin.py:188} INFO - [2026-01-01T04:55:54.033+0000] {dagbag.py:545} INFO - Filling up the DagBag from /home/airflow/.local/lib/python3.12/site-packages/airflow/example_dags/example_time_delta_sensor_async.py
[2026-01-01T04:55:54.035+0000] {processor.py:840} INFO - DAG(s) 'example_time_delta_sensor_async' retrieved from /home/airflow/.local/lib/python3.12/site-packages/airflow/example_dags/example_time_delta_sensor_async.py
[2026-01-01T04:55:54.046+0000] {logging_mixin.py:188} INFO - [2026-01-01T04:55:54.046+0000] {dag.py:3089} INFO - Sync 1 DAGs
[2026-01-01T04:55:54.051+0000] {logging_mixin.py:188} INFO - [2026-01-01T04:55:54.051+0000] {dag.py:3947} INFO - Setting next_dagrun for example_time_delta_sensor_async to None, run_after=None
[2026-01-01T04:55:54.058+0000] {processor.py:183} INFO - Processing /home/airflow/.local/lib/python3.12/site-packages/airflow/example_dags/example_time_delta_sensor_async.py took 0.036 seconds
[2026-01-01T06:07:22.164+0000] {processor.py:161} INFO - Started process (PID=52082) to work on /home/airflow/.local/lib/python3.12/site-packages/airflow/example_dags/example_time_delta_sensor_async.py
[2026-01-01T06:07:22.168+0000] {processor.py:830} INFO - Processing file /home/airflow/.local/lib/python3.12/site-packages/airflow/example_dags/example_time_delta_sensor_async.py for tasks to queue
[2026-01-01T06:07:22.168+0000] {logging_mixin.py:188} INFO - [2026-01-01T06:07:22.168+0000] {dagbag.py:545} INFO - Filling up the DagBag from /home/airflow/.local/lib/python3.12/site-packages/airflow/example_dags/example_time_delta_sensor_async.py
[2026-01-01T06:07:22.171+0000] {processor.py:840} INFO - DAG(s) 'example_time_delta_sensor_async' retrieved from /home/airflow/.local/lib/python3.12/site-packages/airflow/example_dags/example_time_delta_sensor_async.py
[2026-01-01T06:07:22.185+0000] {logging_mixin.py:188} INFO - [2026-01-01T06:07:22.185+0000] {dag.py:3089} INFO - Sync 1 DAGs
[2026-01-01T06:07:22.192+0000] {logging_mixin.py:188} INFO - [2026-01-01T06:07:22.192+0000] {dag.py:3947} INFO - Setting next_dagrun for example_time_delta_sensor_async to None, run_after=None
[2026-01-01T06:07:22.204+0000] {processor.py:183} INFO - Processing /home/airflow/.local/lib/python3.12/site-packages/airflow/example_dags/example_time_delta_sensor_async.py took 0.043 seconds
[2026-01-01T07:40:36.440+0000] {processor.py:161} INFO - Started process (PID=52141) to work on /home/airflow/.local/lib/python3.12/site-packages/airflow/example_dags/example_time_delta_sensor_async.py
[2026-01-01T07:40:36.441+0000] {processor.py:830} INFO - Processing file /home/airflow/.local/lib/python3.12/site-packages/airflow/example_dags/example_time_delta_sensor_async.py for tasks to queue
[2026-01-01T07:40:36.441+0000] {logging_mixin.py:188} INFO - [2026-01-01T07:40:36.441+0000] {dagbag.py:545} INFO - Filling up the DagBag from /home/airflow/.local/lib/python3.12/site-packages/airflow/example_dags/example_time_delta_sensor_async.py
[2026-01-01T07:40:36.443+0000] {processor.py:840} INFO - DAG(s) 'example_time_delta_sensor_async' retrieved from /home/airflow/.local/lib/python3.12/site-packages/airflow/example_dags/example_time_delta_sensor_async.py
[2026-01-01T07:40:36.456+0000] {logging_mixin.py:188} INFO - [2026-01-01T07:40:36.456+0000] {dag.py:3089} INFO - Sync 1 DAGs
[2026-01-01T07:40:36.463+0000] {logging_mixin.py:188} INFO - [2026-01-01T07:40:36.463+0000] {dag.py:3947} INFO - Setting next_dagrun for example_time_delta_sensor_async to None, run_after=None
[2026-01-01T07:40:36.476+0000] {processor.py:183} INFO - Processing /home/airflow/.local/lib/python3.12/site-packages/airflow/example_dags/example_time_delta_sensor_async.py took 0.039 seconds
[2026-01-01T08:44:36.234+0000] {processor.py:161} INFO - Started process (PID=52200) to work on /home/airflow/.local/lib/python3.12/site-packages/airflow/example_dags/example_time_delta_sensor_async.py
[2026-01-01T08:44:36.237+0000] {processor.py:830} INFO - Processing file /home/airflow/.local/lib/python3.12/site-packages/airflow/example_dags/example_time_delta_sensor_async.py for tasks to queue
[2026-01-01T08:44:36.238+0000] {logging_mixin.py:188} INFO - [2026-01-01T08:44:36.238+0000] {dagbag.py:545} INFO - Filling up the DagBag from /home/airflow/.local/lib/python3.12/site-packages/airflow/example_dags/example_time_delta_sensor_async.py
[2026-01-01T08:44:36.241+0000] {processor.py:840} INFO - DAG(s) 'example_time_delta_sensor_async' retrieved from /home/airflow/.local/lib/python3.12/site-packages/airflow/example_dags/example_time_delta_sensor_async.py
[2026-01-01T08:44:36.256+0000] {logging_mixin.py:188} INFO - [2026-01-01T08:44:36.256+0000] {dag.py:3089} INFO - Sync 1 DAGs
[2026-01-01T08:44:36.263+0000] {logging_mixin.py:188} INFO - [2026-01-01T08:44:36.263+0000] {dag.py:3947} INFO - Setting next_dagrun for example_time_delta_sensor_async to None, run_after=None
[2026-01-01T08:44:36.277+0000] {processor.py:183} INFO - Processing /home/airflow/.local/lib/python3.12/site-packages/airflow/example_dags/example_time_delta_sensor_async.py took 0.046 seconds
[2026-01-01T09:57:57.397+0000] {processor.py:161} INFO - Started process (PID=52259) to work on /home/airflow/.local/lib/python3.12/site-packages/airflow/example_dags/example_time_delta_sensor_async.py
[2026-01-01T09:57:57.398+0000] {processor.py:830} INFO - Processing file /home/airflow/.local/lib/python3.12/site-packages/airflow/example_dags/example_time_delta_sensor_async.py for tasks to queue
[2026-01-01T09:57:57.399+0000] {logging_mixin.py:188} INFO - [2026-01-01T09:57:57.398+0000] {dagbag.py:545} INFO - Filling up the DagBag from /home/airflow/.local/lib/python3.12/site-packages/airflow/example_dags/example_time_delta_sensor_async.py
[2026-01-01T09:57:57.401+0000] {processor.py:840} INFO - DAG(s) 'example_time_delta_sensor_async' retrieved from /home/airflow/.local/lib/python3.12/site-packages/airflow/example_dags/example_time_delta_sensor_async.py
[2026-01-01T09:57:57.413+0000] {logging_mixin.py:188} INFO - [2026-01-01T09:57:57.413+0000] {dag.py:3089} INFO - Sync 1 DAGs
[2026-01-01T09:57:57.418+0000] {logging_mixin.py:188} INFO - [2026-01-01T09:57:57.418+0000] {dag.py:3947} INFO - Setting next_dagrun for example_time_delta_sensor_async to None, run_after=None
[2026-01-01T09:57:57.425+0000] {processor.py:183} INFO - Processing /home/airflow/.local/lib/python3.12/site-packages/airflow/example_dags/example_time_delta_sensor_async.py took 0.031 seconds
[2026-01-01T11:12:22.467+0000] {processor.py:161} INFO - Started process (PID=52318) to work on /home/airflow/.local/lib/python3.12/site-packages/airflow/example_dags/example_time_delta_sensor_async.py
[2026-01-01T11:12:22.468+0000] {processor.py:830} INFO - Processing file /home/airflow/.local/lib/python3.12/site-packages/airflow/example_dags/example_time_delta_sensor_async.py for tasks to queue
[2026-01-01T11:12:22.468+0000] {logging_mixin.py:188} INFO - [2026-01-01T11:12:22.468+0000] {dagbag.py:545} INFO - Filling up the DagBag from /home/airflow/.local/lib/python3.12/site-packages/airflow/example_dags/example_time_delta_sensor_async.py
[2026-01-01T11:12:22.470+0000] {processor.py:840} INFO - DAG(s) 'example_time_delta_sensor_async' retrieved from /home/airflow/.local/lib/python3.12/site-packages/airflow/example_dags/example_time_delta_sensor_async.py
[2026-01-01T11:12:22.479+0000] {logging_mixin.py:188} INFO - [2026-01-01T11:12:22.479+0000] {dag.py:3089} INFO - Sync 1 DAGs
[2026-01-01T11:12:22.583+0000] {logging_mixin.py:188} INFO - [2026-01-01T11:12:22.583+0000] {dag.py:3947} INFO - Setting next_dagrun for example_time_delta_sensor_async to None, run_after=None
[2026-01-01T11:12:22.637+0000] {processor.py:183} INFO - Processing /home/airflow/.local/lib/python3.12/site-packages/airflow/example_dags/example_time_delta_sensor_async.py took 0.172 seconds
[2026-01-01T12:13:29.289+0000] {processor.py:161} INFO - Started process (PID=52377) to work on /home/airflow/.local/lib/python3.12/site-packages/airflow/example_dags/example_time_delta_sensor_async.py
[2026-01-01T12:13:29.291+0000] {processor.py:830} INFO - Processing file /home/airflow/.local/lib/python3.12/site-packages/airflow/example_dags/example_time_delta_sensor_async.py for tasks to queue
[2026-01-01T12:13:29.294+0000] {logging_mixin.py:188} INFO - [2026-01-01T12:13:29.294+0000] {dagbag.py:545} INFO - Filling up the DagBag from /home/airflow/.local/lib/python3.12/site-packages/airflow/example_dags/example_time_delta_sensor_async.py
[2026-01-01T12:13:29.296+0000] {processor.py:840} INFO - DAG(s) 'example_time_delta_sensor_async' retrieved from /home/airflow/.local/lib/python3.12/site-packages/airflow/example_dags/example_time_delta_sensor_async.py
[2026-01-01T12:13:29.306+0000] {logging_mixin.py:188} INFO - [2026-01-01T12:13:29.306+0000] {dag.py:3089} INFO - Sync 1 DAGs
[2026-01-01T12:13:29.313+0000] {logging_mixin.py:188} INFO - [2026-01-01T12:13:29.313+0000] {dag.py:3947} INFO - Setting next_dagrun for example_time_delta_sensor_async to None, run_after=None
[2026-01-01T12:13:29.323+0000] {processor.py:183} INFO - Processing /home/airflow/.local/lib/python3.12/site-packages/airflow/example_dags/example_time_delta_sensor_async.py took 0.037 seconds
[2026-01-01T13:31:41.613+0000] {processor.py:161} INFO - Started process (PID=52436) to work on /home/airflow/.local/lib/python3.12/site-packages/airflow/example_dags/example_time_delta_sensor_async.py
[2026-01-01T13:31:41.614+0000] {processor.py:830} INFO - Processing file /home/airflow/.local/lib/python3.12/site-packages/airflow/example_dags/example_time_delta_sensor_async.py for tasks to queue
[2026-01-01T13:31:41.614+0000] {logging_mixin.py:188} INFO - [2026-01-01T13:31:41.614+0000] {dagbag.py:545} INFO - Filling up the DagBag from /home/airflow/.local/lib/python3.12/site-packages/airflow/example_dags/example_time_delta_sensor_async.py
[2026-01-01T13:31:41.616+0000] {processor.py:840} INFO - DAG(s) 'example_time_delta_sensor_async' retrieved from /home/airflow/.local/lib/python3.12/site-packages/airflow/example_dags/example_time_delta_sensor_async.py
[2026-01-01T13:31:41.636+0000] {logging_mixin.py:188} INFO - [2026-01-01T13:31:41.636+0000] {dag.py:3089} INFO - Sync 1 DAGs
[2026-01-01T13:31:41.646+0000] {logging_mixin.py:188} INFO - [2026-01-01T13:31:41.646+0000] {dag.py:3947} INFO - Setting next_dagrun for example_time_delta_sensor_async to None, run_after=None
[2026-01-01T13:31:41.662+0000] {processor.py:183} INFO - Processing /home/airflow/.local/lib/python3.12/site-packages/airflow/example_dags/example_time_delta_sensor_async.py took 0.051 seconds
[2026-01-01T15:05:24.337+0000] {processor.py:161} INFO - Started process (PID=52495) to work on /home/airflow/.local/lib/python3.12/site-packages/airflow/example_dags/example_time_delta_sensor_async.py
[2026-01-01T15:05:24.339+0000] {processor.py:830} INFO - Processing file /home/airflow/.local/lib/python3.12/site-packages/airflow/example_dags/example_time_delta_sensor_async.py for tasks to queue
[2026-01-01T15:05:24.340+0000] {logging_mixin.py:188} INFO - [2026-01-01T15:05:24.340+0000] {dagbag.py:545} INFO - Filling up the DagBag from /home/airflow/.local/lib/python3.12/site-packages/airflow/example_dags/example_time_delta_sensor_async.py
[2026-01-01T15:05:24.343+0000] {processor.py:840} INFO - DAG(s) 'example_time_delta_sensor_async' retrieved from /home/airflow/.local/lib/python3.12/site-packages/airflow/example_dags/example_time_delta_sensor_async.py
[2026-01-01T15:05:24.358+0000] {logging_mixin.py:188} INFO - [2026-01-01T15:05:24.358+0000] {dag.py:3089} INFO - Sync 1 DAGs
[2026-01-01T15:05:24.365+0000] {logging_mixin.py:188} INFO - [2026-01-01T15:05:24.364+0000] {dag.py:3947} INFO - Setting next_dagrun for example_time_delta_sensor_async to None, run_after=None
[2026-01-01T15:05:24.372+0000] {processor.py:183} INFO - Processing /home/airflow/.local/lib/python3.12/site-packages/airflow/example_dags/example_time_delta_sensor_async.py took 0.039 seconds
[2026-01-01T16:17:20.224+0000] {processor.py:161} INFO - Started process (PID=52554) to work on /home/airflow/.local/lib/python3.12/site-packages/airflow/example_dags/example_time_delta_sensor_async.py
[2026-01-01T16:17:20.224+0000] {processor.py:830} INFO - Processing file /home/airflow/.local/lib/python3.12/site-packages/airflow/example_dags/example_time_delta_sensor_async.py for tasks to queue
[2026-01-01T16:17:20.225+0000] {logging_mixin.py:188} INFO - [2026-01-01T16:17:20.224+0000] {dagbag.py:545} INFO - Filling up the DagBag from /home/airflow/.local/lib/python3.12/site-packages/airflow/example_dags/example_time_delta_sensor_async.py
[2026-01-01T16:17:20.227+0000] {processor.py:840} INFO - DAG(s) 'example_time_delta_sensor_async' retrieved from /home/airflow/.local/lib/python3.12/site-packages/airflow/example_dags/example_time_delta_sensor_async.py
[2026-01-01T16:17:20.237+0000] {logging_mixin.py:188} INFO - [2026-01-01T16:17:20.237+0000] {dag.py:3089} INFO - Sync 1 DAGs
[2026-01-01T16:17:20.246+0000] {logging_mixin.py:188} INFO - [2026-01-01T16:17:20.246+0000] {dag.py:3947} INFO - Setting next_dagrun for example_time_delta_sensor_async to None, run_after=None
[2026-01-01T16:17:20.261+0000] {processor.py:183} INFO - Processing /home/airflow/.local/lib/python3.12/site-packages/airflow/example_dags/example_time_delta_sensor_async.py took 0.041 seconds
[2026-01-01T17:14:39.144+0000] {processor.py:161} INFO - Started process (PID=52613) to work on /home/airflow/.local/lib/python3.12/site-packages/airflow/example_dags/example_time_delta_sensor_async.py
[2026-01-01T17:14:39.145+0000] {processor.py:830} INFO - Processing file /home/airflow/.local/lib/python3.12/site-packages/airflow/example_dags/example_time_delta_sensor_async.py for tasks to queue
[2026-01-01T17:14:39.145+0000] {logging_mixin.py:188} INFO - [2026-01-01T17:14:39.145+0000] {dagbag.py:545} INFO - Filling up the DagBag from /home/airflow/.local/lib/python3.12/site-packages/airflow/example_dags/example_time_delta_sensor_async.py
[2026-01-01T17:14:39.149+0000] {processor.py:840} INFO - DAG(s) 'example_time_delta_sensor_async' retrieved from /home/airflow/.local/lib/python3.12/site-packages/airflow/example_dags/example_time_delta_sensor_async.py
[2026-01-01T17:14:39.162+0000] {logging_mixin.py:188} INFO - [2026-01-01T17:14:39.162+0000] {dag.py:3089} INFO - Sync 1 DAGs
[2026-01-01T17:14:39.168+0000] {logging_mixin.py:188} INFO - [2026-01-01T17:14:39.168+0000] {dag.py:3947} INFO - Setting next_dagrun for example_time_delta_sensor_async to None, run_after=None
[2026-01-01T17:14:39.175+0000] {processor.py:183} INFO - Processing /home/airflow/.local/lib/python3.12/site-packages/airflow/example_dags/example_time_delta_sensor_async.py took 0.033 seconds
[2026-01-01T18:19:23.683+0000] {processor.py:161} INFO - Started process (PID=52672) to work on /home/airflow/.local/lib/python3.12/site-packages/airflow/example_dags/example_time_delta_sensor_async.py
[2026-01-01T18:19:23.687+0000] {processor.py:830} INFO - Processing file /home/airflow/.local/lib/python3.12/site-packages/airflow/example_dags/example_time_delta_sensor_async.py for tasks to queue
[2026-01-01T18:19:23.690+0000] {logging_mixin.py:188} INFO - [2026-01-01T18:19:23.690+0000] {dagbag.py:545} INFO - Filling up the DagBag from /home/airflow/.local/lib/python3.12/site-packages/airflow/example_dags/example_time_delta_sensor_async.py
[2026-01-01T18:19:23.694+0000] {processor.py:840} INFO - DAG(s) 'example_time_delta_sensor_async' retrieved from /home/airflow/.local/lib/python3.12/site-packages/airflow/example_dags/example_time_delta_sensor_async.py
[2026-01-01T18:19:23.709+0000] {logging_mixin.py:188} INFO - [2026-01-01T18:19:23.709+0000] {dag.py:3089} INFO - Sync 1 DAGs
[2026-01-01T18:19:23.716+0000] {logging_mixin.py:188} INFO - [2026-01-01T18:19:23.716+0000] {dag.py:3947} INFO - Setting next_dagrun for example_time_delta_sensor_async to None, run_after=None
[2026-01-01T18:19:23.723+0000] {processor.py:183} INFO - Processing /home/airflow/.local/lib/python3.12/site-packages/airflow/example_dags/example_time_delta_sensor_async.py took 0.043 seconds
[2026-01-01T19:35:31.665+0000] {processor.py:161} INFO - Started process (PID=52731) to work on /home/airflow/.local/lib/python3.12/site-packages/airflow/example_dags/example_time_delta_sensor_async.py
[2026-01-01T19:35:31.665+0000] {processor.py:830} INFO - Processing file /home/airflow/.local/lib/python3.12/site-packages/airflow/example_dags/example_time_delta_sensor_async.py for tasks to queue
[2026-01-01T19:35:31.666+0000] {logging_mixin.py:188} INFO - [2026-01-01T19:35:31.666+0000] {dagbag.py:545} INFO - Filling up the DagBag from /home/airflow/.local/lib/python3.12/site-packages/airflow/example_dags/example_time_delta_sensor_async.py
[2026-01-01T19:35:31.669+0000] {processor.py:840} INFO - DAG(s) 'example_time_delta_sensor_async' retrieved from /home/airflow/.local/lib/python3.12/site-packages/airflow/example_dags/example_time_delta_sensor_async.py
[2026-01-01T19:35:31.683+0000] {logging_mixin.py:188} INFO - [2026-01-01T19:35:31.682+0000] {dag.py:3089} INFO - Sync 1 DAGs
[2026-01-01T19:35:31.689+0000] {logging_mixin.py:188} INFO - [2026-01-01T19:35:31.689+0000] {dag.py:3947} INFO - Setting next_dagrun for example_time_delta_sensor_async to None, run_after=None
[2026-01-01T19:35:31.697+0000] {processor.py:183} INFO - Processing /home/airflow/.local/lib/python3.12/site-packages/airflow/example_dags/example_time_delta_sensor_async.py took 0.035 seconds
[2026-01-01T20:54:40.529+0000] {processor.py:161} INFO - Started process (PID=52790) to work on /home/airflow/.local/lib/python3.12/site-packages/airflow/example_dags/example_time_delta_sensor_async.py
[2026-01-01T20:54:40.530+0000] {processor.py:830} INFO - Processing file /home/airflow/.local/lib/python3.12/site-packages/airflow/example_dags/example_time_delta_sensor_async.py for tasks to queue
[2026-01-01T20:54:40.530+0000] {logging_mixin.py:188} INFO - [2026-01-01T20:54:40.530+0000] {dagbag.py:545} INFO - Filling up the DagBag from /home/airflow/.local/lib/python3.12/site-packages/airflow/example_dags/example_time_delta_sensor_async.py
[2026-01-01T20:54:40.533+0000] {processor.py:840} INFO - DAG(s) 'example_time_delta_sensor_async' retrieved from /home/airflow/.local/lib/python3.12/site-packages/airflow/example_dags/example_time_delta_sensor_async.py
[2026-01-01T20:54:40.547+0000] {logging_mixin.py:188} INFO - [2026-01-01T20:54:40.547+0000] {dag.py:3089} INFO - Sync 1 DAGs
[2026-01-01T20:54:40.552+0000] {logging_mixin.py:188} INFO - [2026-01-01T20:54:40.552+0000] {dag.py:3947} INFO - Setting next_dagrun for example_time_delta_sensor_async to None, run_after=None
[2026-01-01T20:54:40.559+0000] {processor.py:183} INFO - Processing /home/airflow/.local/lib/python3.12/site-packages/airflow/example_dags/example_time_delta_sensor_async.py took 0.033 seconds
[2026-01-01T22:37:22.537+0000] {processor.py:161} INFO - Started process (PID=52849) to work on /home/airflow/.local/lib/python3.12/site-packages/airflow/example_dags/example_time_delta_sensor_async.py
[2026-01-01T22:37:22.540+0000] {processor.py:830} INFO - Processing file /home/airflow/.local/lib/python3.12/site-packages/airflow/example_dags/example_time_delta_sensor_async.py for tasks to queue
[2026-01-01T22:37:22.540+0000] {logging_mixin.py:188} INFO - [2026-01-01T22:37:22.540+0000] {dagbag.py:545} INFO - Filling up the DagBag from /home/airflow/.local/lib/python3.12/site-packages/airflow/example_dags/example_time_delta_sensor_async.py
[2026-01-01T22:37:22.542+0000] {processor.py:840} INFO - DAG(s) 'example_time_delta_sensor_async' retrieved from /home/airflow/.local/lib/python3.12/site-packages/airflow/example_dags/example_time_delta_sensor_async.py
[2026-01-01T22:37:22.558+0000] {logging_mixin.py:188} INFO - [2026-01-01T22:37:22.558+0000] {dag.py:3089} INFO - Sync 1 DAGs
[2026-01-01T22:37:22.563+0000] {logging_mixin.py:188} INFO - [2026-01-01T22:37:22.563+0000] {dag.py:3947} INFO - Setting next_dagrun for example_time_delta_sensor_async to None, run_after=None
[2026-01-01T22:37:22.570+0000] {processor.py:183} INFO - Processing /home/airflow/.local/lib/python3.12/site-packages/airflow/example_dags/example_time_delta_sensor_async.py took 0.036 seconds
[2026-01-01T23:54:04.470+0000] {processor.py:161} INFO - Started process (PID=52908) to work on /home/airflow/.local/lib/python3.12/site-packages/airflow/example_dags/example_time_delta_sensor_async.py
[2026-01-01T23:54:04.471+0000] {processor.py:830} INFO - Processing file /home/airflow/.local/lib/python3.12/site-packages/airflow/example_dags/example_time_delta_sensor_async.py for tasks to queue
[2026-01-01T23:54:04.472+0000] {logging_mixin.py:188} INFO - [2026-01-01T23:54:04.472+0000] {dagbag.py:545} INFO - Filling up the DagBag from /home/airflow/.local/lib/python3.12/site-packages/airflow/example_dags/example_time_delta_sensor_async.py
[2026-01-01T23:54:04.475+0000] {processor.py:840} INFO - DAG(s) 'example_time_delta_sensor_async' retrieved from /home/airflow/.local/lib/python3.12/site-packages/airflow/example_dags/example_time_delta_sensor_async.py
[2026-01-01T23:54:04.491+0000] {logging_mixin.py:188} INFO - [2026-01-01T23:54:04.491+0000] {dag.py:3089} INFO - Sync 1 DAGs
[2026-01-01T23:54:04.499+0000] {logging_mixin.py:188} INFO - [2026-01-01T23:54:04.499+0000] {dag.py:3947} INFO - Setting next_dagrun for example_time_delta_sensor_async to None, run_after=None
[2026-01-01T23:54:04.514+0000] {processor.py:183} INFO - Processing /home/airflow/.local/lib/python3.12/site-packages/airflow/example_dags/example_time_delta_sensor_async.py took 0.049 seconds
