[2026-01-01T01:03:23.786+0000] {processor.py:161} INFO - Started process (PID=51859) to work on /home/airflow/.local/lib/python3.12/site-packages/airflow/example_dags/example_xcom.py
[2026-01-01T01:03:23.786+0000] {processor.py:830} INFO - Processing file /home/airflow/.local/lib/python3.12/site-packages/airflow/example_dags/example_xcom.py for tasks to queue
[2026-01-01T01:03:23.787+0000] {logging_mixin.py:188} INFO - [2026-01-01T01:03:23.786+0000] {dagbag.py:545} INFO - Filling up the DagBag from /home/airflow/.local/lib/python3.12/site-packages/airflow/example_dags/example_xcom.py
[2026-01-01T01:03:23.796+0000] {processor.py:840} INFO - DAG(s) 'example_xcom' retrieved from /home/airflow/.local/lib/python3.12/site-packages/airflow/example_dags/example_xcom.py
[2026-01-01T01:03:23.813+0000] {logging_mixin.py:188} INFO - [2026-01-01T01:03:23.813+0000] {dag.py:3089} INFO - Sync 1 DAGs
[2026-01-01T01:03:23.824+0000] {logging_mixin.py:188} INFO - [2026-01-01T01:03:23.824+0000] {dag.py:3947} INFO - Setting next_dagrun for example_xcom to 2021-01-01 00:00:00+00:00, run_after=2021-01-01 00:00:00+00:00
[2026-01-01T01:03:23.841+0000] {processor.py:183} INFO - Processing /home/airflow/.local/lib/python3.12/site-packages/airflow/example_dags/example_xcom.py took 0.058 seconds
[2026-01-01T02:01:02.936+0000] {processor.py:161} INFO - Started process (PID=51918) to work on /home/airflow/.local/lib/python3.12/site-packages/airflow/example_dags/example_xcom.py
[2026-01-01T02:01:02.937+0000] {processor.py:830} INFO - Processing file /home/airflow/.local/lib/python3.12/site-packages/airflow/example_dags/example_xcom.py for tasks to queue
[2026-01-01T02:01:02.938+0000] {logging_mixin.py:188} INFO - [2026-01-01T02:01:02.938+0000] {dagbag.py:545} INFO - Filling up the DagBag from /home/airflow/.local/lib/python3.12/site-packages/airflow/example_dags/example_xcom.py
[2026-01-01T02:01:02.942+0000] {processor.py:840} INFO - DAG(s) 'example_xcom' retrieved from /home/airflow/.local/lib/python3.12/site-packages/airflow/example_dags/example_xcom.py
[2026-01-01T02:01:02.955+0000] {logging_mixin.py:188} INFO - [2026-01-01T02:01:02.955+0000] {dag.py:3089} INFO - Sync 1 DAGs
[2026-01-01T02:01:02.968+0000] {logging_mixin.py:188} INFO - [2026-01-01T02:01:02.968+0000] {dag.py:3947} INFO - Setting next_dagrun for example_xcom to 2021-01-01 00:00:00+00:00, run_after=2021-01-01 00:00:00+00:00
[2026-01-01T02:01:02.979+0000] {processor.py:183} INFO - Processing /home/airflow/.local/lib/python3.12/site-packages/airflow/example_dags/example_xcom.py took 0.045 seconds
[2026-01-01T03:35:54.283+0000] {processor.py:161} INFO - Started process (PID=51977) to work on /home/airflow/.local/lib/python3.12/site-packages/airflow/example_dags/example_xcom.py
[2026-01-01T03:35:54.284+0000] {processor.py:830} INFO - Processing file /home/airflow/.local/lib/python3.12/site-packages/airflow/example_dags/example_xcom.py for tasks to queue
[2026-01-01T03:35:54.284+0000] {logging_mixin.py:188} INFO - [2026-01-01T03:35:54.284+0000] {dagbag.py:545} INFO - Filling up the DagBag from /home/airflow/.local/lib/python3.12/site-packages/airflow/example_dags/example_xcom.py
[2026-01-01T03:35:54.287+0000] {processor.py:840} INFO - DAG(s) 'example_xcom' retrieved from /home/airflow/.local/lib/python3.12/site-packages/airflow/example_dags/example_xcom.py
[2026-01-01T03:35:54.301+0000] {logging_mixin.py:188} INFO - [2026-01-01T03:35:54.301+0000] {dag.py:3089} INFO - Sync 1 DAGs
[2026-01-01T03:35:54.311+0000] {logging_mixin.py:188} INFO - [2026-01-01T03:35:54.311+0000] {dag.py:3947} INFO - Setting next_dagrun for example_xcom to 2021-01-01 00:00:00+00:00, run_after=2021-01-01 00:00:00+00:00
[2026-01-01T03:35:54.320+0000] {processor.py:183} INFO - Processing /home/airflow/.local/lib/python3.12/site-packages/airflow/example_dags/example_xcom.py took 0.039 seconds
[2026-01-01T04:55:54.473+0000] {processor.py:161} INFO - Started process (PID=52037) to work on /home/airflow/.local/lib/python3.12/site-packages/airflow/example_dags/example_xcom.py
[2026-01-01T04:55:54.474+0000] {processor.py:830} INFO - Processing file /home/airflow/.local/lib/python3.12/site-packages/airflow/example_dags/example_xcom.py for tasks to queue
[2026-01-01T04:55:54.475+0000] {logging_mixin.py:188} INFO - [2026-01-01T04:55:54.475+0000] {dagbag.py:545} INFO - Filling up the DagBag from /home/airflow/.local/lib/python3.12/site-packages/airflow/example_dags/example_xcom.py
[2026-01-01T04:55:54.479+0000] {processor.py:840} INFO - DAG(s) 'example_xcom' retrieved from /home/airflow/.local/lib/python3.12/site-packages/airflow/example_dags/example_xcom.py
[2026-01-01T04:55:54.491+0000] {logging_mixin.py:188} INFO - [2026-01-01T04:55:54.491+0000] {dag.py:3089} INFO - Sync 1 DAGs
[2026-01-01T04:55:54.500+0000] {logging_mixin.py:188} INFO - [2026-01-01T04:55:54.500+0000] {dag.py:3947} INFO - Setting next_dagrun for example_xcom to 2021-01-01 00:00:00+00:00, run_after=2021-01-01 00:00:00+00:00
[2026-01-01T04:55:54.508+0000] {processor.py:183} INFO - Processing /home/airflow/.local/lib/python3.12/site-packages/airflow/example_dags/example_xcom.py took 0.040 seconds
[2026-01-01T06:07:22.767+0000] {processor.py:161} INFO - Started process (PID=52096) to work on /home/airflow/.local/lib/python3.12/site-packages/airflow/example_dags/example_xcom.py
[2026-01-01T06:07:22.767+0000] {processor.py:830} INFO - Processing file /home/airflow/.local/lib/python3.12/site-packages/airflow/example_dags/example_xcom.py for tasks to queue
[2026-01-01T06:07:22.767+0000] {logging_mixin.py:188} INFO - [2026-01-01T06:07:22.767+0000] {dagbag.py:545} INFO - Filling up the DagBag from /home/airflow/.local/lib/python3.12/site-packages/airflow/example_dags/example_xcom.py
[2026-01-01T06:07:22.771+0000] {processor.py:840} INFO - DAG(s) 'example_xcom' retrieved from /home/airflow/.local/lib/python3.12/site-packages/airflow/example_dags/example_xcom.py
[2026-01-01T06:07:22.780+0000] {logging_mixin.py:188} INFO - [2026-01-01T06:07:22.780+0000] {dag.py:3089} INFO - Sync 1 DAGs
[2026-01-01T06:07:22.788+0000] {logging_mixin.py:188} INFO - [2026-01-01T06:07:22.788+0000] {dag.py:3947} INFO - Setting next_dagrun for example_xcom to 2021-01-01 00:00:00+00:00, run_after=2021-01-01 00:00:00+00:00
[2026-01-01T06:07:22.796+0000] {processor.py:183} INFO - Processing /home/airflow/.local/lib/python3.12/site-packages/airflow/example_dags/example_xcom.py took 0.032 seconds
[2026-01-01T07:40:36.813+0000] {processor.py:161} INFO - Started process (PID=52155) to work on /home/airflow/.local/lib/python3.12/site-packages/airflow/example_dags/example_xcom.py
[2026-01-01T07:40:36.814+0000] {processor.py:830} INFO - Processing file /home/airflow/.local/lib/python3.12/site-packages/airflow/example_dags/example_xcom.py for tasks to queue
[2026-01-01T07:40:36.814+0000] {logging_mixin.py:188} INFO - [2026-01-01T07:40:36.814+0000] {dagbag.py:545} INFO - Filling up the DagBag from /home/airflow/.local/lib/python3.12/site-packages/airflow/example_dags/example_xcom.py
[2026-01-01T07:40:36.821+0000] {processor.py:840} INFO - DAG(s) 'example_xcom' retrieved from /home/airflow/.local/lib/python3.12/site-packages/airflow/example_dags/example_xcom.py
[2026-01-01T07:40:36.837+0000] {logging_mixin.py:188} INFO - [2026-01-01T07:40:36.837+0000] {dag.py:3089} INFO - Sync 1 DAGs
[2026-01-01T07:40:36.850+0000] {logging_mixin.py:188} INFO - [2026-01-01T07:40:36.850+0000] {dag.py:3947} INFO - Setting next_dagrun for example_xcom to 2021-01-01 00:00:00+00:00, run_after=2021-01-01 00:00:00+00:00
[2026-01-01T07:40:36.858+0000] {processor.py:183} INFO - Processing /home/airflow/.local/lib/python3.12/site-packages/airflow/example_dags/example_xcom.py took 0.047 seconds
[2026-01-01T08:44:36.662+0000] {processor.py:161} INFO - Started process (PID=52214) to work on /home/airflow/.local/lib/python3.12/site-packages/airflow/example_dags/example_xcom.py
[2026-01-01T08:44:36.663+0000] {processor.py:830} INFO - Processing file /home/airflow/.local/lib/python3.12/site-packages/airflow/example_dags/example_xcom.py for tasks to queue
[2026-01-01T08:44:36.664+0000] {logging_mixin.py:188} INFO - [2026-01-01T08:44:36.663+0000] {dagbag.py:545} INFO - Filling up the DagBag from /home/airflow/.local/lib/python3.12/site-packages/airflow/example_dags/example_xcom.py
[2026-01-01T08:44:36.668+0000] {processor.py:840} INFO - DAG(s) 'example_xcom' retrieved from /home/airflow/.local/lib/python3.12/site-packages/airflow/example_dags/example_xcom.py
[2026-01-01T08:44:36.678+0000] {logging_mixin.py:188} INFO - [2026-01-01T08:44:36.678+0000] {dag.py:3089} INFO - Sync 1 DAGs
[2026-01-01T08:44:36.688+0000] {logging_mixin.py:188} INFO - [2026-01-01T08:44:36.688+0000] {dag.py:3947} INFO - Setting next_dagrun for example_xcom to 2021-01-01 00:00:00+00:00, run_after=2021-01-01 00:00:00+00:00
[2026-01-01T08:44:36.701+0000] {processor.py:183} INFO - Processing /home/airflow/.local/lib/python3.12/site-packages/airflow/example_dags/example_xcom.py took 0.042 seconds
[2026-01-01T09:57:57.889+0000] {processor.py:161} INFO - Started process (PID=52273) to work on /home/airflow/.local/lib/python3.12/site-packages/airflow/example_dags/example_xcom.py
[2026-01-01T09:57:57.890+0000] {processor.py:830} INFO - Processing file /home/airflow/.local/lib/python3.12/site-packages/airflow/example_dags/example_xcom.py for tasks to queue
[2026-01-01T09:57:57.890+0000] {logging_mixin.py:188} INFO - [2026-01-01T09:57:57.890+0000] {dagbag.py:545} INFO - Filling up the DagBag from /home/airflow/.local/lib/python3.12/site-packages/airflow/example_dags/example_xcom.py
[2026-01-01T09:57:57.893+0000] {processor.py:840} INFO - DAG(s) 'example_xcom' retrieved from /home/airflow/.local/lib/python3.12/site-packages/airflow/example_dags/example_xcom.py
[2026-01-01T09:57:57.901+0000] {logging_mixin.py:188} INFO - [2026-01-01T09:57:57.901+0000] {dag.py:3089} INFO - Sync 1 DAGs
[2026-01-01T09:57:57.909+0000] {logging_mixin.py:188} INFO - [2026-01-01T09:57:57.909+0000] {dag.py:3947} INFO - Setting next_dagrun for example_xcom to 2021-01-01 00:00:00+00:00, run_after=2021-01-01 00:00:00+00:00
[2026-01-01T09:57:57.916+0000] {processor.py:183} INFO - Processing /home/airflow/.local/lib/python3.12/site-packages/airflow/example_dags/example_xcom.py took 0.029 seconds
[2026-01-01T11:12:23.159+0000] {processor.py:161} INFO - Started process (PID=52332) to work on /home/airflow/.local/lib/python3.12/site-packages/airflow/example_dags/example_xcom.py
[2026-01-01T11:12:23.159+0000] {processor.py:830} INFO - Processing file /home/airflow/.local/lib/python3.12/site-packages/airflow/example_dags/example_xcom.py for tasks to queue
[2026-01-01T11:12:23.160+0000] {logging_mixin.py:188} INFO - [2026-01-01T11:12:23.159+0000] {dagbag.py:545} INFO - Filling up the DagBag from /home/airflow/.local/lib/python3.12/site-packages/airflow/example_dags/example_xcom.py
[2026-01-01T11:12:23.165+0000] {processor.py:840} INFO - DAG(s) 'example_xcom' retrieved from /home/airflow/.local/lib/python3.12/site-packages/airflow/example_dags/example_xcom.py
[2026-01-01T11:12:23.177+0000] {logging_mixin.py:188} INFO - [2026-01-01T11:12:23.177+0000] {dag.py:3089} INFO - Sync 1 DAGs
[2026-01-01T11:12:23.189+0000] {logging_mixin.py:188} INFO - [2026-01-01T11:12:23.189+0000] {dag.py:3947} INFO - Setting next_dagrun for example_xcom to 2021-01-01 00:00:00+00:00, run_after=2021-01-01 00:00:00+00:00
[2026-01-01T11:12:23.199+0000] {processor.py:183} INFO - Processing /home/airflow/.local/lib/python3.12/site-packages/airflow/example_dags/example_xcom.py took 0.043 seconds
[2026-01-01T12:13:29.781+0000] {processor.py:161} INFO - Started process (PID=52391) to work on /home/airflow/.local/lib/python3.12/site-packages/airflow/example_dags/example_xcom.py
[2026-01-01T12:13:29.782+0000] {processor.py:830} INFO - Processing file /home/airflow/.local/lib/python3.12/site-packages/airflow/example_dags/example_xcom.py for tasks to queue
[2026-01-01T12:13:29.783+0000] {logging_mixin.py:188} INFO - [2026-01-01T12:13:29.782+0000] {dagbag.py:545} INFO - Filling up the DagBag from /home/airflow/.local/lib/python3.12/site-packages/airflow/example_dags/example_xcom.py
[2026-01-01T12:13:29.787+0000] {processor.py:840} INFO - DAG(s) 'example_xcom' retrieved from /home/airflow/.local/lib/python3.12/site-packages/airflow/example_dags/example_xcom.py
[2026-01-01T12:13:29.799+0000] {logging_mixin.py:188} INFO - [2026-01-01T12:13:29.799+0000] {dag.py:3089} INFO - Sync 1 DAGs
[2026-01-01T12:13:29.811+0000] {logging_mixin.py:188} INFO - [2026-01-01T12:13:29.811+0000] {dag.py:3947} INFO - Setting next_dagrun for example_xcom to 2021-01-01 00:00:00+00:00, run_after=2021-01-01 00:00:00+00:00
[2026-01-01T12:13:29.820+0000] {processor.py:183} INFO - Processing /home/airflow/.local/lib/python3.12/site-packages/airflow/example_dags/example_xcom.py took 0.043 seconds
[2026-01-01T13:31:42.091+0000] {processor.py:161} INFO - Started process (PID=52450) to work on /home/airflow/.local/lib/python3.12/site-packages/airflow/example_dags/example_xcom.py
[2026-01-01T13:31:42.091+0000] {processor.py:830} INFO - Processing file /home/airflow/.local/lib/python3.12/site-packages/airflow/example_dags/example_xcom.py for tasks to queue
[2026-01-01T13:31:42.092+0000] {logging_mixin.py:188} INFO - [2026-01-01T13:31:42.091+0000] {dagbag.py:545} INFO - Filling up the DagBag from /home/airflow/.local/lib/python3.12/site-packages/airflow/example_dags/example_xcom.py
[2026-01-01T13:31:42.095+0000] {processor.py:840} INFO - DAG(s) 'example_xcom' retrieved from /home/airflow/.local/lib/python3.12/site-packages/airflow/example_dags/example_xcom.py
[2026-01-01T13:31:42.112+0000] {logging_mixin.py:188} INFO - [2026-01-01T13:31:42.112+0000] {dag.py:3089} INFO - Sync 1 DAGs
[2026-01-01T13:31:42.122+0000] {logging_mixin.py:188} INFO - [2026-01-01T13:31:42.122+0000] {dag.py:3947} INFO - Setting next_dagrun for example_xcom to 2021-01-01 00:00:00+00:00, run_after=2021-01-01 00:00:00+00:00
[2026-01-01T13:31:42.131+0000] {processor.py:183} INFO - Processing /home/airflow/.local/lib/python3.12/site-packages/airflow/example_dags/example_xcom.py took 0.043 seconds
[2026-01-01T15:05:24.784+0000] {processor.py:161} INFO - Started process (PID=52509) to work on /home/airflow/.local/lib/python3.12/site-packages/airflow/example_dags/example_xcom.py
[2026-01-01T15:05:24.785+0000] {processor.py:830} INFO - Processing file /home/airflow/.local/lib/python3.12/site-packages/airflow/example_dags/example_xcom.py for tasks to queue
[2026-01-01T15:05:24.785+0000] {logging_mixin.py:188} INFO - [2026-01-01T15:05:24.785+0000] {dagbag.py:545} INFO - Filling up the DagBag from /home/airflow/.local/lib/python3.12/site-packages/airflow/example_dags/example_xcom.py
[2026-01-01T15:05:24.788+0000] {processor.py:840} INFO - DAG(s) 'example_xcom' retrieved from /home/airflow/.local/lib/python3.12/site-packages/airflow/example_dags/example_xcom.py
[2026-01-01T15:05:24.804+0000] {logging_mixin.py:188} INFO - [2026-01-01T15:05:24.803+0000] {dag.py:3089} INFO - Sync 1 DAGs
[2026-01-01T15:05:24.817+0000] {logging_mixin.py:188} INFO - [2026-01-01T15:05:24.817+0000] {dag.py:3947} INFO - Setting next_dagrun for example_xcom to 2021-01-01 00:00:00+00:00, run_after=2021-01-01 00:00:00+00:00
[2026-01-01T15:05:24.828+0000] {processor.py:183} INFO - Processing /home/airflow/.local/lib/python3.12/site-packages/airflow/example_dags/example_xcom.py took 0.046 seconds
[2026-01-01T16:17:20.708+0000] {processor.py:161} INFO - Started process (PID=52568) to work on /home/airflow/.local/lib/python3.12/site-packages/airflow/example_dags/example_xcom.py
[2026-01-01T16:17:20.709+0000] {processor.py:830} INFO - Processing file /home/airflow/.local/lib/python3.12/site-packages/airflow/example_dags/example_xcom.py for tasks to queue
[2026-01-01T16:17:20.710+0000] {logging_mixin.py:188} INFO - [2026-01-01T16:17:20.710+0000] {dagbag.py:545} INFO - Filling up the DagBag from /home/airflow/.local/lib/python3.12/site-packages/airflow/example_dags/example_xcom.py
[2026-01-01T16:17:20.714+0000] {processor.py:840} INFO - DAG(s) 'example_xcom' retrieved from /home/airflow/.local/lib/python3.12/site-packages/airflow/example_dags/example_xcom.py
[2026-01-01T16:17:20.729+0000] {logging_mixin.py:188} INFO - [2026-01-01T16:17:20.729+0000] {dag.py:3089} INFO - Sync 1 DAGs
[2026-01-01T16:17:20.744+0000] {logging_mixin.py:188} INFO - [2026-01-01T16:17:20.744+0000] {dag.py:3947} INFO - Setting next_dagrun for example_xcom to 2021-01-01 00:00:00+00:00, run_after=2021-01-01 00:00:00+00:00
[2026-01-01T16:17:20.757+0000] {processor.py:183} INFO - Processing /home/airflow/.local/lib/python3.12/site-packages/airflow/example_dags/example_xcom.py took 0.052 seconds
[2026-01-01T17:14:39.642+0000] {processor.py:161} INFO - Started process (PID=52627) to work on /home/airflow/.local/lib/python3.12/site-packages/airflow/example_dags/example_xcom.py
[2026-01-01T17:14:39.643+0000] {processor.py:830} INFO - Processing file /home/airflow/.local/lib/python3.12/site-packages/airflow/example_dags/example_xcom.py for tasks to queue
[2026-01-01T17:14:39.643+0000] {logging_mixin.py:188} INFO - [2026-01-01T17:14:39.643+0000] {dagbag.py:545} INFO - Filling up the DagBag from /home/airflow/.local/lib/python3.12/site-packages/airflow/example_dags/example_xcom.py
[2026-01-01T17:14:39.647+0000] {processor.py:840} INFO - DAG(s) 'example_xcom' retrieved from /home/airflow/.local/lib/python3.12/site-packages/airflow/example_dags/example_xcom.py
[2026-01-01T17:14:39.664+0000] {logging_mixin.py:188} INFO - [2026-01-01T17:14:39.663+0000] {dag.py:3089} INFO - Sync 1 DAGs
[2026-01-01T17:14:39.677+0000] {logging_mixin.py:188} INFO - [2026-01-01T17:14:39.677+0000] {dag.py:3947} INFO - Setting next_dagrun for example_xcom to 2021-01-01 00:00:00+00:00, run_after=2021-01-01 00:00:00+00:00
[2026-01-01T17:14:39.683+0000] {processor.py:183} INFO - Processing /home/airflow/.local/lib/python3.12/site-packages/airflow/example_dags/example_xcom.py took 0.045 seconds
[2026-01-01T18:19:24.152+0000] {processor.py:161} INFO - Started process (PID=52686) to work on /home/airflow/.local/lib/python3.12/site-packages/airflow/example_dags/example_xcom.py
[2026-01-01T18:19:24.152+0000] {processor.py:830} INFO - Processing file /home/airflow/.local/lib/python3.12/site-packages/airflow/example_dags/example_xcom.py for tasks to queue
[2026-01-01T18:19:24.153+0000] {logging_mixin.py:188} INFO - [2026-01-01T18:19:24.153+0000] {dagbag.py:545} INFO - Filling up the DagBag from /home/airflow/.local/lib/python3.12/site-packages/airflow/example_dags/example_xcom.py
[2026-01-01T18:19:24.156+0000] {processor.py:840} INFO - DAG(s) 'example_xcom' retrieved from /home/airflow/.local/lib/python3.12/site-packages/airflow/example_dags/example_xcom.py
[2026-01-01T18:19:24.165+0000] {logging_mixin.py:188} INFO - [2026-01-01T18:19:24.165+0000] {dag.py:3089} INFO - Sync 1 DAGs
[2026-01-01T18:19:24.173+0000] {logging_mixin.py:188} INFO - [2026-01-01T18:19:24.173+0000] {dag.py:3947} INFO - Setting next_dagrun for example_xcom to 2021-01-01 00:00:00+00:00, run_after=2021-01-01 00:00:00+00:00
[2026-01-01T18:19:24.179+0000] {processor.py:183} INFO - Processing /home/airflow/.local/lib/python3.12/site-packages/airflow/example_dags/example_xcom.py took 0.030 seconds
[2026-01-01T19:35:32.132+0000] {processor.py:161} INFO - Started process (PID=52745) to work on /home/airflow/.local/lib/python3.12/site-packages/airflow/example_dags/example_xcom.py
[2026-01-01T19:35:32.133+0000] {processor.py:830} INFO - Processing file /home/airflow/.local/lib/python3.12/site-packages/airflow/example_dags/example_xcom.py for tasks to queue
[2026-01-01T19:35:32.133+0000] {logging_mixin.py:188} INFO - [2026-01-01T19:35:32.133+0000] {dagbag.py:545} INFO - Filling up the DagBag from /home/airflow/.local/lib/python3.12/site-packages/airflow/example_dags/example_xcom.py
[2026-01-01T19:35:32.136+0000] {processor.py:840} INFO - DAG(s) 'example_xcom' retrieved from /home/airflow/.local/lib/python3.12/site-packages/airflow/example_dags/example_xcom.py
[2026-01-01T19:35:32.145+0000] {logging_mixin.py:188} INFO - [2026-01-01T19:35:32.145+0000] {dag.py:3089} INFO - Sync 1 DAGs
[2026-01-01T19:35:32.152+0000] {logging_mixin.py:188} INFO - [2026-01-01T19:35:32.152+0000] {dag.py:3947} INFO - Setting next_dagrun for example_xcom to 2021-01-01 00:00:00+00:00, run_after=2021-01-01 00:00:00+00:00
[2026-01-01T19:35:32.159+0000] {processor.py:183} INFO - Processing /home/airflow/.local/lib/python3.12/site-packages/airflow/example_dags/example_xcom.py took 0.029 seconds
[2026-01-01T20:54:41.318+0000] {processor.py:161} INFO - Started process (PID=52804) to work on /home/airflow/.local/lib/python3.12/site-packages/airflow/example_dags/example_xcom.py
[2026-01-01T20:54:41.318+0000] {processor.py:830} INFO - Processing file /home/airflow/.local/lib/python3.12/site-packages/airflow/example_dags/example_xcom.py for tasks to queue
[2026-01-01T20:54:41.319+0000] {logging_mixin.py:188} INFO - [2026-01-01T20:54:41.318+0000] {dagbag.py:545} INFO - Filling up the DagBag from /home/airflow/.local/lib/python3.12/site-packages/airflow/example_dags/example_xcom.py
[2026-01-01T20:54:41.323+0000] {processor.py:840} INFO - DAG(s) 'example_xcom' retrieved from /home/airflow/.local/lib/python3.12/site-packages/airflow/example_dags/example_xcom.py
[2026-01-01T20:54:41.339+0000] {logging_mixin.py:188} INFO - [2026-01-01T20:54:41.339+0000] {dag.py:3089} INFO - Sync 1 DAGs
[2026-01-01T20:54:41.349+0000] {logging_mixin.py:188} INFO - [2026-01-01T20:54:41.349+0000] {dag.py:3947} INFO - Setting next_dagrun for example_xcom to 2021-01-01 00:00:00+00:00, run_after=2021-01-01 00:00:00+00:00
[2026-01-01T20:54:41.360+0000] {processor.py:183} INFO - Processing /home/airflow/.local/lib/python3.12/site-packages/airflow/example_dags/example_xcom.py took 0.045 seconds
[2026-01-01T22:37:22.976+0000] {processor.py:161} INFO - Started process (PID=52863) to work on /home/airflow/.local/lib/python3.12/site-packages/airflow/example_dags/example_xcom.py
[2026-01-01T22:37:22.976+0000] {processor.py:830} INFO - Processing file /home/airflow/.local/lib/python3.12/site-packages/airflow/example_dags/example_xcom.py for tasks to queue
[2026-01-01T22:37:22.976+0000] {logging_mixin.py:188} INFO - [2026-01-01T22:37:22.976+0000] {dagbag.py:545} INFO - Filling up the DagBag from /home/airflow/.local/lib/python3.12/site-packages/airflow/example_dags/example_xcom.py
[2026-01-01T22:37:22.979+0000] {processor.py:840} INFO - DAG(s) 'example_xcom' retrieved from /home/airflow/.local/lib/python3.12/site-packages/airflow/example_dags/example_xcom.py
[2026-01-01T22:37:22.988+0000] {logging_mixin.py:188} INFO - [2026-01-01T22:37:22.988+0000] {dag.py:3089} INFO - Sync 1 DAGs
[2026-01-01T22:37:22.996+0000] {logging_mixin.py:188} INFO - [2026-01-01T22:37:22.996+0000] {dag.py:3947} INFO - Setting next_dagrun for example_xcom to 2021-01-01 00:00:00+00:00, run_after=2021-01-01 00:00:00+00:00
[2026-01-01T22:37:23.002+0000] {processor.py:183} INFO - Processing /home/airflow/.local/lib/python3.12/site-packages/airflow/example_dags/example_xcom.py took 0.029 seconds
[2026-01-01T23:54:05.436+0000] {processor.py:161} INFO - Started process (PID=52922) to work on /home/airflow/.local/lib/python3.12/site-packages/airflow/example_dags/example_xcom.py
[2026-01-01T23:54:05.437+0000] {processor.py:830} INFO - Processing file /home/airflow/.local/lib/python3.12/site-packages/airflow/example_dags/example_xcom.py for tasks to queue
[2026-01-01T23:54:05.437+0000] {logging_mixin.py:188} INFO - [2026-01-01T23:54:05.437+0000] {dagbag.py:545} INFO - Filling up the DagBag from /home/airflow/.local/lib/python3.12/site-packages/airflow/example_dags/example_xcom.py
[2026-01-01T23:54:05.444+0000] {processor.py:840} INFO - DAG(s) 'example_xcom' retrieved from /home/airflow/.local/lib/python3.12/site-packages/airflow/example_dags/example_xcom.py
[2026-01-01T23:54:05.460+0000] {logging_mixin.py:188} INFO - [2026-01-01T23:54:05.460+0000] {dag.py:3089} INFO - Sync 1 DAGs
[2026-01-01T23:54:05.471+0000] {logging_mixin.py:188} INFO - [2026-01-01T23:54:05.471+0000] {dag.py:3947} INFO - Setting next_dagrun for example_xcom to 2021-01-01 00:00:00+00:00, run_after=2021-01-01 00:00:00+00:00
[2026-01-01T23:54:05.485+0000] {processor.py:183} INFO - Processing /home/airflow/.local/lib/python3.12/site-packages/airflow/example_dags/example_xcom.py took 0.051 seconds
