[2026-01-01T01:03:23.358+0000] {processor.py:161} INFO - Started process (PID=51846) to work on /home/airflow/.local/lib/python3.12/site-packages/airflow/example_dags/example_skip_dag.py
[2026-01-01T01:03:23.359+0000] {processor.py:830} INFO - Processing file /home/airflow/.local/lib/python3.12/site-packages/airflow/example_dags/example_skip_dag.py for tasks to queue
[2026-01-01T01:03:23.359+0000] {logging_mixin.py:188} INFO - [2026-01-01T01:03:23.359+0000] {dagbag.py:545} INFO - Filling up the DagBag from /home/airflow/.local/lib/python3.12/site-packages/airflow/example_dags/example_skip_dag.py
[2026-01-01T01:03:23.363+0000] {processor.py:840} INFO - DAG(s) 'example_skip_dag' retrieved from /home/airflow/.local/lib/python3.12/site-packages/airflow/example_dags/example_skip_dag.py
[2026-01-01T01:03:23.374+0000] {logging_mixin.py:188} INFO - [2026-01-01T01:03:23.374+0000] {dag.py:3089} INFO - Sync 1 DAGs
[2026-01-01T01:03:23.384+0000] {logging_mixin.py:188} INFO - [2026-01-01T01:03:23.384+0000] {dag.py:3947} INFO - Setting next_dagrun for example_skip_dag to 2025-12-31 00:00:00+00:00, run_after=2026-01-01 00:00:00+00:00
[2026-01-01T01:03:23.400+0000] {processor.py:183} INFO - Processing /home/airflow/.local/lib/python3.12/site-packages/airflow/example_dags/example_skip_dag.py took 0.045 seconds
[2026-01-01T02:01:02.490+0000] {processor.py:161} INFO - Started process (PID=51905) to work on /home/airflow/.local/lib/python3.12/site-packages/airflow/example_dags/example_skip_dag.py
[2026-01-01T02:01:02.490+0000] {processor.py:830} INFO - Processing file /home/airflow/.local/lib/python3.12/site-packages/airflow/example_dags/example_skip_dag.py for tasks to queue
[2026-01-01T02:01:02.491+0000] {logging_mixin.py:188} INFO - [2026-01-01T02:01:02.491+0000] {dagbag.py:545} INFO - Filling up the DagBag from /home/airflow/.local/lib/python3.12/site-packages/airflow/example_dags/example_skip_dag.py
[2026-01-01T02:01:02.494+0000] {processor.py:840} INFO - DAG(s) 'example_skip_dag' retrieved from /home/airflow/.local/lib/python3.12/site-packages/airflow/example_dags/example_skip_dag.py
[2026-01-01T02:01:02.505+0000] {logging_mixin.py:188} INFO - [2026-01-01T02:01:02.505+0000] {dag.py:3089} INFO - Sync 1 DAGs
[2026-01-01T02:01:02.518+0000] {logging_mixin.py:188} INFO - [2026-01-01T02:01:02.518+0000] {dag.py:3947} INFO - Setting next_dagrun for example_skip_dag to 2025-12-31 00:00:00+00:00, run_after=2026-01-01 00:00:00+00:00
[2026-01-01T02:01:02.536+0000] {processor.py:183} INFO - Processing /home/airflow/.local/lib/python3.12/site-packages/airflow/example_dags/example_skip_dag.py took 0.049 seconds
[2026-01-01T03:35:53.881+0000] {processor.py:161} INFO - Started process (PID=51964) to work on /home/airflow/.local/lib/python3.12/site-packages/airflow/example_dags/example_skip_dag.py
[2026-01-01T03:35:53.881+0000] {processor.py:830} INFO - Processing file /home/airflow/.local/lib/python3.12/site-packages/airflow/example_dags/example_skip_dag.py for tasks to queue
[2026-01-01T03:35:53.882+0000] {logging_mixin.py:188} INFO - [2026-01-01T03:35:53.882+0000] {dagbag.py:545} INFO - Filling up the DagBag from /home/airflow/.local/lib/python3.12/site-packages/airflow/example_dags/example_skip_dag.py
[2026-01-01T03:35:53.885+0000] {processor.py:840} INFO - DAG(s) 'example_skip_dag' retrieved from /home/airflow/.local/lib/python3.12/site-packages/airflow/example_dags/example_skip_dag.py
[2026-01-01T03:35:53.907+0000] {logging_mixin.py:188} INFO - [2026-01-01T03:35:53.907+0000] {dag.py:3089} INFO - Sync 1 DAGs
[2026-01-01T03:35:53.919+0000] {logging_mixin.py:188} INFO - [2026-01-01T03:35:53.918+0000] {dag.py:3947} INFO - Setting next_dagrun for example_skip_dag to 2025-12-31 00:00:00+00:00, run_after=2026-01-01 00:00:00+00:00
[2026-01-01T03:35:53.930+0000] {processor.py:183} INFO - Processing /home/airflow/.local/lib/python3.12/site-packages/airflow/example_dags/example_skip_dag.py took 0.052 seconds
[2026-01-01T04:55:54.071+0000] {processor.py:161} INFO - Started process (PID=52024) to work on /home/airflow/.local/lib/python3.12/site-packages/airflow/example_dags/example_skip_dag.py
[2026-01-01T04:55:54.071+0000] {processor.py:830} INFO - Processing file /home/airflow/.local/lib/python3.12/site-packages/airflow/example_dags/example_skip_dag.py for tasks to queue
[2026-01-01T04:55:54.072+0000] {logging_mixin.py:188} INFO - [2026-01-01T04:55:54.072+0000] {dagbag.py:545} INFO - Filling up the DagBag from /home/airflow/.local/lib/python3.12/site-packages/airflow/example_dags/example_skip_dag.py
[2026-01-01T04:55:54.075+0000] {processor.py:840} INFO - DAG(s) 'example_skip_dag' retrieved from /home/airflow/.local/lib/python3.12/site-packages/airflow/example_dags/example_skip_dag.py
[2026-01-01T04:55:54.087+0000] {logging_mixin.py:188} INFO - [2026-01-01T04:55:54.086+0000] {dag.py:3089} INFO - Sync 1 DAGs
[2026-01-01T04:55:54.096+0000] {logging_mixin.py:188} INFO - [2026-01-01T04:55:54.096+0000] {dag.py:3947} INFO - Setting next_dagrun for example_skip_dag to 2025-12-31 00:00:00+00:00, run_after=2026-01-01 00:00:00+00:00
[2026-01-01T04:55:54.104+0000] {processor.py:183} INFO - Processing /home/airflow/.local/lib/python3.12/site-packages/airflow/example_dags/example_skip_dag.py took 0.036 seconds
[2026-01-01T06:07:22.219+0000] {processor.py:161} INFO - Started process (PID=52083) to work on /home/airflow/.local/lib/python3.12/site-packages/airflow/example_dags/example_skip_dag.py
[2026-01-01T06:07:22.220+0000] {processor.py:830} INFO - Processing file /home/airflow/.local/lib/python3.12/site-packages/airflow/example_dags/example_skip_dag.py for tasks to queue
[2026-01-01T06:07:22.221+0000] {logging_mixin.py:188} INFO - [2026-01-01T06:07:22.221+0000] {dagbag.py:545} INFO - Filling up the DagBag from /home/airflow/.local/lib/python3.12/site-packages/airflow/example_dags/example_skip_dag.py
[2026-01-01T06:07:22.225+0000] {processor.py:840} INFO - DAG(s) 'example_skip_dag' retrieved from /home/airflow/.local/lib/python3.12/site-packages/airflow/example_dags/example_skip_dag.py
[2026-01-01T06:07:22.237+0000] {logging_mixin.py:188} INFO - [2026-01-01T06:07:22.237+0000] {dag.py:3089} INFO - Sync 1 DAGs
[2026-01-01T06:07:22.246+0000] {logging_mixin.py:188} INFO - [2026-01-01T06:07:22.246+0000] {dag.py:3947} INFO - Setting next_dagrun for example_skip_dag to 2025-12-31 00:00:00+00:00, run_after=2026-01-01 00:00:00+00:00
[2026-01-01T06:07:22.252+0000] {processor.py:183} INFO - Processing /home/airflow/.local/lib/python3.12/site-packages/airflow/example_dags/example_skip_dag.py took 0.036 seconds
[2026-01-01T07:40:36.443+0000] {processor.py:161} INFO - Started process (PID=52142) to work on /home/airflow/.local/lib/python3.12/site-packages/airflow/example_dags/example_skip_dag.py
[2026-01-01T07:40:36.445+0000] {processor.py:830} INFO - Processing file /home/airflow/.local/lib/python3.12/site-packages/airflow/example_dags/example_skip_dag.py for tasks to queue
[2026-01-01T07:40:36.445+0000] {logging_mixin.py:188} INFO - [2026-01-01T07:40:36.445+0000] {dagbag.py:545} INFO - Filling up the DagBag from /home/airflow/.local/lib/python3.12/site-packages/airflow/example_dags/example_skip_dag.py
[2026-01-01T07:40:36.449+0000] {processor.py:840} INFO - DAG(s) 'example_skip_dag' retrieved from /home/airflow/.local/lib/python3.12/site-packages/airflow/example_dags/example_skip_dag.py
[2026-01-01T07:40:36.459+0000] {logging_mixin.py:188} INFO - [2026-01-01T07:40:36.459+0000] {dag.py:3089} INFO - Sync 1 DAGs
[2026-01-01T07:40:36.471+0000] {logging_mixin.py:188} INFO - [2026-01-01T07:40:36.471+0000] {dag.py:3947} INFO - Setting next_dagrun for example_skip_dag to 2025-12-31 00:00:00+00:00, run_after=2026-01-01 00:00:00+00:00
[2026-01-01T07:40:36.482+0000] {processor.py:183} INFO - Processing /home/airflow/.local/lib/python3.12/site-packages/airflow/example_dags/example_skip_dag.py took 0.042 seconds
[2026-01-01T08:44:36.287+0000] {processor.py:161} INFO - Started process (PID=52201) to work on /home/airflow/.local/lib/python3.12/site-packages/airflow/example_dags/example_skip_dag.py
[2026-01-01T08:44:36.288+0000] {processor.py:830} INFO - Processing file /home/airflow/.local/lib/python3.12/site-packages/airflow/example_dags/example_skip_dag.py for tasks to queue
[2026-01-01T08:44:36.289+0000] {logging_mixin.py:188} INFO - [2026-01-01T08:44:36.289+0000] {dagbag.py:545} INFO - Filling up the DagBag from /home/airflow/.local/lib/python3.12/site-packages/airflow/example_dags/example_skip_dag.py
[2026-01-01T08:44:36.294+0000] {processor.py:840} INFO - DAG(s) 'example_skip_dag' retrieved from /home/airflow/.local/lib/python3.12/site-packages/airflow/example_dags/example_skip_dag.py
[2026-01-01T08:44:36.307+0000] {logging_mixin.py:188} INFO - [2026-01-01T08:44:36.307+0000] {dag.py:3089} INFO - Sync 1 DAGs
[2026-01-01T08:44:36.317+0000] {logging_mixin.py:188} INFO - [2026-01-01T08:44:36.317+0000] {dag.py:3947} INFO - Setting next_dagrun for example_skip_dag to 2025-12-31 00:00:00+00:00, run_after=2026-01-01 00:00:00+00:00
[2026-01-01T08:44:36.324+0000] {processor.py:183} INFO - Processing /home/airflow/.local/lib/python3.12/site-packages/airflow/example_dags/example_skip_dag.py took 0.040 seconds
[2026-01-01T09:57:57.437+0000] {processor.py:161} INFO - Started process (PID=52260) to work on /home/airflow/.local/lib/python3.12/site-packages/airflow/example_dags/example_skip_dag.py
[2026-01-01T09:57:57.437+0000] {processor.py:830} INFO - Processing file /home/airflow/.local/lib/python3.12/site-packages/airflow/example_dags/example_skip_dag.py for tasks to queue
[2026-01-01T09:57:57.438+0000] {logging_mixin.py:188} INFO - [2026-01-01T09:57:57.438+0000] {dagbag.py:545} INFO - Filling up the DagBag from /home/airflow/.local/lib/python3.12/site-packages/airflow/example_dags/example_skip_dag.py
[2026-01-01T09:57:57.442+0000] {processor.py:840} INFO - DAG(s) 'example_skip_dag' retrieved from /home/airflow/.local/lib/python3.12/site-packages/airflow/example_dags/example_skip_dag.py
[2026-01-01T09:57:57.455+0000] {logging_mixin.py:188} INFO - [2026-01-01T09:57:57.454+0000] {dag.py:3089} INFO - Sync 1 DAGs
[2026-01-01T09:57:57.463+0000] {logging_mixin.py:188} INFO - [2026-01-01T09:57:57.463+0000] {dag.py:3947} INFO - Setting next_dagrun for example_skip_dag to 2025-12-31 00:00:00+00:00, run_after=2026-01-01 00:00:00+00:00
[2026-01-01T09:57:57.470+0000] {processor.py:183} INFO - Processing /home/airflow/.local/lib/python3.12/site-packages/airflow/example_dags/example_skip_dag.py took 0.036 seconds
[2026-01-01T11:12:22.654+0000] {processor.py:161} INFO - Started process (PID=52319) to work on /home/airflow/.local/lib/python3.12/site-packages/airflow/example_dags/example_skip_dag.py
[2026-01-01T11:12:22.655+0000] {processor.py:830} INFO - Processing file /home/airflow/.local/lib/python3.12/site-packages/airflow/example_dags/example_skip_dag.py for tasks to queue
[2026-01-01T11:12:22.655+0000] {logging_mixin.py:188} INFO - [2026-01-01T11:12:22.655+0000] {dagbag.py:545} INFO - Filling up the DagBag from /home/airflow/.local/lib/python3.12/site-packages/airflow/example_dags/example_skip_dag.py
[2026-01-01T11:12:22.659+0000] {processor.py:840} INFO - DAG(s) 'example_skip_dag' retrieved from /home/airflow/.local/lib/python3.12/site-packages/airflow/example_dags/example_skip_dag.py
[2026-01-01T11:12:22.673+0000] {logging_mixin.py:188} INFO - [2026-01-01T11:12:22.673+0000] {dag.py:3089} INFO - Sync 1 DAGs
[2026-01-01T11:12:22.686+0000] {logging_mixin.py:188} INFO - [2026-01-01T11:12:22.686+0000] {dag.py:3947} INFO - Setting next_dagrun for example_skip_dag to 2025-12-31 00:00:00+00:00, run_after=2026-01-01 00:00:00+00:00
[2026-01-01T11:12:22.700+0000] {processor.py:183} INFO - Processing /home/airflow/.local/lib/python3.12/site-packages/airflow/example_dags/example_skip_dag.py took 0.050 seconds
[2026-01-01T12:13:29.336+0000] {processor.py:161} INFO - Started process (PID=52378) to work on /home/airflow/.local/lib/python3.12/site-packages/airflow/example_dags/example_skip_dag.py
[2026-01-01T12:13:29.336+0000] {processor.py:830} INFO - Processing file /home/airflow/.local/lib/python3.12/site-packages/airflow/example_dags/example_skip_dag.py for tasks to queue
[2026-01-01T12:13:29.337+0000] {logging_mixin.py:188} INFO - [2026-01-01T12:13:29.336+0000] {dagbag.py:545} INFO - Filling up the DagBag from /home/airflow/.local/lib/python3.12/site-packages/airflow/example_dags/example_skip_dag.py
[2026-01-01T12:13:29.340+0000] {processor.py:840} INFO - DAG(s) 'example_skip_dag' retrieved from /home/airflow/.local/lib/python3.12/site-packages/airflow/example_dags/example_skip_dag.py
[2026-01-01T12:13:29.348+0000] {logging_mixin.py:188} INFO - [2026-01-01T12:13:29.348+0000] {dag.py:3089} INFO - Sync 1 DAGs
[2026-01-01T12:13:29.358+0000] {logging_mixin.py:188} INFO - [2026-01-01T12:13:29.358+0000] {dag.py:3947} INFO - Setting next_dagrun for example_skip_dag to 2025-12-31 00:00:00+00:00, run_after=2026-01-01 00:00:00+00:00
[2026-01-01T12:13:29.367+0000] {processor.py:183} INFO - Processing /home/airflow/.local/lib/python3.12/site-packages/airflow/example_dags/example_skip_dag.py took 0.034 seconds
[2026-01-01T13:31:41.673+0000] {processor.py:161} INFO - Started process (PID=52437) to work on /home/airflow/.local/lib/python3.12/site-packages/airflow/example_dags/example_skip_dag.py
[2026-01-01T13:31:41.674+0000] {processor.py:830} INFO - Processing file /home/airflow/.local/lib/python3.12/site-packages/airflow/example_dags/example_skip_dag.py for tasks to queue
[2026-01-01T13:31:41.674+0000] {logging_mixin.py:188} INFO - [2026-01-01T13:31:41.674+0000] {dagbag.py:545} INFO - Filling up the DagBag from /home/airflow/.local/lib/python3.12/site-packages/airflow/example_dags/example_skip_dag.py
[2026-01-01T13:31:41.677+0000] {processor.py:840} INFO - DAG(s) 'example_skip_dag' retrieved from /home/airflow/.local/lib/python3.12/site-packages/airflow/example_dags/example_skip_dag.py
[2026-01-01T13:31:41.688+0000] {logging_mixin.py:188} INFO - [2026-01-01T13:31:41.688+0000] {dag.py:3089} INFO - Sync 1 DAGs
[2026-01-01T13:31:41.696+0000] {logging_mixin.py:188} INFO - [2026-01-01T13:31:41.696+0000] {dag.py:3947} INFO - Setting next_dagrun for example_skip_dag to 2025-12-31 00:00:00+00:00, run_after=2026-01-01 00:00:00+00:00
[2026-01-01T13:31:41.710+0000] {processor.py:183} INFO - Processing /home/airflow/.local/lib/python3.12/site-packages/airflow/example_dags/example_skip_dag.py took 0.040 seconds
[2026-01-01T15:05:24.383+0000] {processor.py:161} INFO - Started process (PID=52496) to work on /home/airflow/.local/lib/python3.12/site-packages/airflow/example_dags/example_skip_dag.py
[2026-01-01T15:05:24.384+0000] {processor.py:830} INFO - Processing file /home/airflow/.local/lib/python3.12/site-packages/airflow/example_dags/example_skip_dag.py for tasks to queue
[2026-01-01T15:05:24.384+0000] {logging_mixin.py:188} INFO - [2026-01-01T15:05:24.384+0000] {dagbag.py:545} INFO - Filling up the DagBag from /home/airflow/.local/lib/python3.12/site-packages/airflow/example_dags/example_skip_dag.py
[2026-01-01T15:05:24.387+0000] {processor.py:840} INFO - DAG(s) 'example_skip_dag' retrieved from /home/airflow/.local/lib/python3.12/site-packages/airflow/example_dags/example_skip_dag.py
[2026-01-01T15:05:24.398+0000] {logging_mixin.py:188} INFO - [2026-01-01T15:05:24.397+0000] {dag.py:3089} INFO - Sync 1 DAGs
[2026-01-01T15:05:24.407+0000] {logging_mixin.py:188} INFO - [2026-01-01T15:05:24.407+0000] {dag.py:3947} INFO - Setting next_dagrun for example_skip_dag to 2025-12-31 00:00:00+00:00, run_after=2026-01-01 00:00:00+00:00
[2026-01-01T15:05:24.415+0000] {processor.py:183} INFO - Processing /home/airflow/.local/lib/python3.12/site-packages/airflow/example_dags/example_skip_dag.py took 0.034 seconds
[2026-01-01T16:17:20.273+0000] {processor.py:161} INFO - Started process (PID=52555) to work on /home/airflow/.local/lib/python3.12/site-packages/airflow/example_dags/example_skip_dag.py
[2026-01-01T16:17:20.274+0000] {processor.py:830} INFO - Processing file /home/airflow/.local/lib/python3.12/site-packages/airflow/example_dags/example_skip_dag.py for tasks to queue
[2026-01-01T16:17:20.274+0000] {logging_mixin.py:188} INFO - [2026-01-01T16:17:20.274+0000] {dagbag.py:545} INFO - Filling up the DagBag from /home/airflow/.local/lib/python3.12/site-packages/airflow/example_dags/example_skip_dag.py
[2026-01-01T16:17:20.277+0000] {processor.py:840} INFO - DAG(s) 'example_skip_dag' retrieved from /home/airflow/.local/lib/python3.12/site-packages/airflow/example_dags/example_skip_dag.py
[2026-01-01T16:17:20.288+0000] {logging_mixin.py:188} INFO - [2026-01-01T16:17:20.288+0000] {dag.py:3089} INFO - Sync 1 DAGs
[2026-01-01T16:17:20.298+0000] {logging_mixin.py:188} INFO - [2026-01-01T16:17:20.298+0000] {dag.py:3947} INFO - Setting next_dagrun for example_skip_dag to 2025-12-31 00:00:00+00:00, run_after=2026-01-01 00:00:00+00:00
[2026-01-01T16:17:20.306+0000] {processor.py:183} INFO - Processing /home/airflow/.local/lib/python3.12/site-packages/airflow/example_dags/example_skip_dag.py took 0.035 seconds
[2026-01-01T17:14:39.186+0000] {processor.py:161} INFO - Started process (PID=52614) to work on /home/airflow/.local/lib/python3.12/site-packages/airflow/example_dags/example_skip_dag.py
[2026-01-01T17:14:39.186+0000] {processor.py:830} INFO - Processing file /home/airflow/.local/lib/python3.12/site-packages/airflow/example_dags/example_skip_dag.py for tasks to queue
[2026-01-01T17:14:39.187+0000] {logging_mixin.py:188} INFO - [2026-01-01T17:14:39.186+0000] {dagbag.py:545} INFO - Filling up the DagBag from /home/airflow/.local/lib/python3.12/site-packages/airflow/example_dags/example_skip_dag.py
[2026-01-01T17:14:39.190+0000] {processor.py:840} INFO - DAG(s) 'example_skip_dag' retrieved from /home/airflow/.local/lib/python3.12/site-packages/airflow/example_dags/example_skip_dag.py
[2026-01-01T17:14:39.202+0000] {logging_mixin.py:188} INFO - [2026-01-01T17:14:39.201+0000] {dag.py:3089} INFO - Sync 1 DAGs
[2026-01-01T17:14:39.213+0000] {logging_mixin.py:188} INFO - [2026-01-01T17:14:39.213+0000] {dag.py:3947} INFO - Setting next_dagrun for example_skip_dag to 2025-12-31 00:00:00+00:00, run_after=2026-01-01 00:00:00+00:00
[2026-01-01T17:14:39.220+0000] {processor.py:183} INFO - Processing /home/airflow/.local/lib/python3.12/site-packages/airflow/example_dags/example_skip_dag.py took 0.038 seconds
[2026-01-01T18:19:23.738+0000] {processor.py:161} INFO - Started process (PID=52673) to work on /home/airflow/.local/lib/python3.12/site-packages/airflow/example_dags/example_skip_dag.py
[2026-01-01T18:19:23.739+0000] {processor.py:830} INFO - Processing file /home/airflow/.local/lib/python3.12/site-packages/airflow/example_dags/example_skip_dag.py for tasks to queue
[2026-01-01T18:19:23.740+0000] {logging_mixin.py:188} INFO - [2026-01-01T18:19:23.740+0000] {dagbag.py:545} INFO - Filling up the DagBag from /home/airflow/.local/lib/python3.12/site-packages/airflow/example_dags/example_skip_dag.py
[2026-01-01T18:19:23.744+0000] {processor.py:840} INFO - DAG(s) 'example_skip_dag' retrieved from /home/airflow/.local/lib/python3.12/site-packages/airflow/example_dags/example_skip_dag.py
[2026-01-01T18:19:23.754+0000] {logging_mixin.py:188} INFO - [2026-01-01T18:19:23.753+0000] {dag.py:3089} INFO - Sync 1 DAGs
[2026-01-01T18:19:23.764+0000] {logging_mixin.py:188} INFO - [2026-01-01T18:19:23.763+0000] {dag.py:3947} INFO - Setting next_dagrun for example_skip_dag to 2025-12-31 00:00:00+00:00, run_after=2026-01-01 00:00:00+00:00
[2026-01-01T18:19:23.771+0000] {processor.py:183} INFO - Processing /home/airflow/.local/lib/python3.12/site-packages/airflow/example_dags/example_skip_dag.py took 0.036 seconds
[2026-01-01T19:35:31.708+0000] {processor.py:161} INFO - Started process (PID=52732) to work on /home/airflow/.local/lib/python3.12/site-packages/airflow/example_dags/example_skip_dag.py
[2026-01-01T19:35:31.708+0000] {processor.py:830} INFO - Processing file /home/airflow/.local/lib/python3.12/site-packages/airflow/example_dags/example_skip_dag.py for tasks to queue
[2026-01-01T19:35:31.709+0000] {logging_mixin.py:188} INFO - [2026-01-01T19:35:31.709+0000] {dagbag.py:545} INFO - Filling up the DagBag from /home/airflow/.local/lib/python3.12/site-packages/airflow/example_dags/example_skip_dag.py
[2026-01-01T19:35:31.712+0000] {processor.py:840} INFO - DAG(s) 'example_skip_dag' retrieved from /home/airflow/.local/lib/python3.12/site-packages/airflow/example_dags/example_skip_dag.py
[2026-01-01T19:35:31.726+0000] {logging_mixin.py:188} INFO - [2026-01-01T19:35:31.725+0000] {dag.py:3089} INFO - Sync 1 DAGs
[2026-01-01T19:35:31.734+0000] {logging_mixin.py:188} INFO - [2026-01-01T19:35:31.734+0000] {dag.py:3947} INFO - Setting next_dagrun for example_skip_dag to 2025-12-31 00:00:00+00:00, run_after=2026-01-01 00:00:00+00:00
[2026-01-01T19:35:31.742+0000] {processor.py:183} INFO - Processing /home/airflow/.local/lib/python3.12/site-packages/airflow/example_dags/example_skip_dag.py took 0.036 seconds
[2026-01-01T20:54:40.571+0000] {processor.py:161} INFO - Started process (PID=52791) to work on /home/airflow/.local/lib/python3.12/site-packages/airflow/example_dags/example_skip_dag.py
[2026-01-01T20:54:40.571+0000] {processor.py:830} INFO - Processing file /home/airflow/.local/lib/python3.12/site-packages/airflow/example_dags/example_skip_dag.py for tasks to queue
[2026-01-01T20:54:40.572+0000] {logging_mixin.py:188} INFO - [2026-01-01T20:54:40.572+0000] {dagbag.py:545} INFO - Filling up the DagBag from /home/airflow/.local/lib/python3.12/site-packages/airflow/example_dags/example_skip_dag.py
[2026-01-01T20:54:40.575+0000] {processor.py:840} INFO - DAG(s) 'example_skip_dag' retrieved from /home/airflow/.local/lib/python3.12/site-packages/airflow/example_dags/example_skip_dag.py
[2026-01-01T20:54:40.585+0000] {logging_mixin.py:188} INFO - [2026-01-01T20:54:40.584+0000] {dag.py:3089} INFO - Sync 1 DAGs
[2026-01-01T20:54:40.595+0000] {logging_mixin.py:188} INFO - [2026-01-01T20:54:40.595+0000] {dag.py:3947} INFO - Setting next_dagrun for example_skip_dag to 2025-12-31 00:00:00+00:00, run_after=2026-01-01 00:00:00+00:00
[2026-01-01T20:54:40.607+0000] {processor.py:183} INFO - Processing /home/airflow/.local/lib/python3.12/site-packages/airflow/example_dags/example_skip_dag.py took 0.039 seconds
[2026-01-01T22:37:22.584+0000] {processor.py:161} INFO - Started process (PID=52850) to work on /home/airflow/.local/lib/python3.12/site-packages/airflow/example_dags/example_skip_dag.py
[2026-01-01T22:37:22.584+0000] {processor.py:830} INFO - Processing file /home/airflow/.local/lib/python3.12/site-packages/airflow/example_dags/example_skip_dag.py for tasks to queue
[2026-01-01T22:37:22.584+0000] {logging_mixin.py:188} INFO - [2026-01-01T22:37:22.584+0000] {dagbag.py:545} INFO - Filling up the DagBag from /home/airflow/.local/lib/python3.12/site-packages/airflow/example_dags/example_skip_dag.py
[2026-01-01T22:37:22.588+0000] {processor.py:840} INFO - DAG(s) 'example_skip_dag' retrieved from /home/airflow/.local/lib/python3.12/site-packages/airflow/example_dags/example_skip_dag.py
[2026-01-01T22:37:22.598+0000] {logging_mixin.py:188} INFO - [2026-01-01T22:37:22.598+0000] {dag.py:3089} INFO - Sync 1 DAGs
[2026-01-01T22:37:22.611+0000] {logging_mixin.py:188} INFO - [2026-01-01T22:37:22.611+0000] {dag.py:3947} INFO - Setting next_dagrun for example_skip_dag to 2025-12-31 00:00:00+00:00, run_after=2026-01-01 00:00:00+00:00
[2026-01-01T22:37:22.621+0000] {processor.py:183} INFO - Processing /home/airflow/.local/lib/python3.12/site-packages/airflow/example_dags/example_skip_dag.py took 0.040 seconds
[2026-01-01T23:54:04.532+0000] {processor.py:161} INFO - Started process (PID=52909) to work on /home/airflow/.local/lib/python3.12/site-packages/airflow/example_dags/example_skip_dag.py
[2026-01-01T23:54:04.532+0000] {processor.py:830} INFO - Processing file /home/airflow/.local/lib/python3.12/site-packages/airflow/example_dags/example_skip_dag.py for tasks to queue
[2026-01-01T23:54:04.534+0000] {logging_mixin.py:188} INFO - [2026-01-01T23:54:04.533+0000] {dagbag.py:545} INFO - Filling up the DagBag from /home/airflow/.local/lib/python3.12/site-packages/airflow/example_dags/example_skip_dag.py
[2026-01-01T23:54:04.537+0000] {processor.py:840} INFO - DAG(s) 'example_skip_dag' retrieved from /home/airflow/.local/lib/python3.12/site-packages/airflow/example_dags/example_skip_dag.py
[2026-01-01T23:54:04.551+0000] {logging_mixin.py:188} INFO - [2026-01-01T23:54:04.551+0000] {dag.py:3089} INFO - Sync 1 DAGs
[2026-01-01T23:54:04.564+0000] {logging_mixin.py:188} INFO - [2026-01-01T23:54:04.564+0000] {dag.py:3947} INFO - Setting next_dagrun for example_skip_dag to 2025-12-31 00:00:00+00:00, run_after=2026-01-01 00:00:00+00:00
[2026-01-01T23:54:04.574+0000] {processor.py:183} INFO - Processing /home/airflow/.local/lib/python3.12/site-packages/airflow/example_dags/example_skip_dag.py took 0.046 seconds
