[2026-01-01T01:03:23.318+0000] {processor.py:161} INFO - Started process (PID=51844) to work on /home/airflow/.local/lib/python3.12/site-packages/airflow/example_dags/example_dag_decorator.py
[2026-01-01T01:03:23.318+0000] {processor.py:830} INFO - Processing file /home/airflow/.local/lib/python3.12/site-packages/airflow/example_dags/example_dag_decorator.py for tasks to queue
[2026-01-01T01:03:23.318+0000] {logging_mixin.py:188} INFO - [2026-01-01T01:03:23.318+0000] {dagbag.py:545} INFO - Filling up the DagBag from /home/airflow/.local/lib/python3.12/site-packages/airflow/example_dags/example_dag_decorator.py
[2026-01-01T01:03:23.381+0000] {processor.py:840} INFO - DAG(s) 'example_dag_decorator' retrieved from /home/airflow/.local/lib/python3.12/site-packages/airflow/example_dags/example_dag_decorator.py
[2026-01-01T01:03:23.432+0000] {logging_mixin.py:188} INFO - [2026-01-01T01:03:23.431+0000] {dag.py:3089} INFO - Sync 1 DAGs
[2026-01-01T01:03:23.436+0000] {logging_mixin.py:188} INFO - [2026-01-01T01:03:23.436+0000] {dag.py:3947} INFO - Setting next_dagrun for example_dag_decorator to None, run_after=None
[2026-01-01T01:03:23.444+0000] {processor.py:183} INFO - Processing /home/airflow/.local/lib/python3.12/site-packages/airflow/example_dags/example_dag_decorator.py took 0.129 seconds
[2026-01-01T02:01:02.443+0000] {processor.py:161} INFO - Started process (PID=51903) to work on /home/airflow/.local/lib/python3.12/site-packages/airflow/example_dags/example_dag_decorator.py
[2026-01-01T02:01:02.444+0000] {processor.py:830} INFO - Processing file /home/airflow/.local/lib/python3.12/site-packages/airflow/example_dags/example_dag_decorator.py for tasks to queue
[2026-01-01T02:01:02.444+0000] {logging_mixin.py:188} INFO - [2026-01-01T02:01:02.444+0000] {dagbag.py:545} INFO - Filling up the DagBag from /home/airflow/.local/lib/python3.12/site-packages/airflow/example_dags/example_dag_decorator.py
[2026-01-01T02:01:02.504+0000] {processor.py:840} INFO - DAG(s) 'example_dag_decorator' retrieved from /home/airflow/.local/lib/python3.12/site-packages/airflow/example_dags/example_dag_decorator.py
[2026-01-01T02:01:02.571+0000] {logging_mixin.py:188} INFO - [2026-01-01T02:01:02.571+0000] {dag.py:3089} INFO - Sync 1 DAGs
[2026-01-01T02:01:02.576+0000] {logging_mixin.py:188} INFO - [2026-01-01T02:01:02.576+0000] {dag.py:3947} INFO - Setting next_dagrun for example_dag_decorator to None, run_after=None
[2026-01-01T02:01:02.588+0000] {processor.py:183} INFO - Processing /home/airflow/.local/lib/python3.12/site-packages/airflow/example_dags/example_dag_decorator.py took 0.149 seconds
[2026-01-01T03:35:53.818+0000] {processor.py:161} INFO - Started process (PID=51962) to work on /home/airflow/.local/lib/python3.12/site-packages/airflow/example_dags/example_dag_decorator.py
[2026-01-01T03:35:53.818+0000] {processor.py:830} INFO - Processing file /home/airflow/.local/lib/python3.12/site-packages/airflow/example_dags/example_dag_decorator.py for tasks to queue
[2026-01-01T03:35:53.819+0000] {logging_mixin.py:188} INFO - [2026-01-01T03:35:53.819+0000] {dagbag.py:545} INFO - Filling up the DagBag from /home/airflow/.local/lib/python3.12/site-packages/airflow/example_dags/example_dag_decorator.py
[2026-01-01T03:35:53.869+0000] {processor.py:840} INFO - DAG(s) 'example_dag_decorator' retrieved from /home/airflow/.local/lib/python3.12/site-packages/airflow/example_dags/example_dag_decorator.py
[2026-01-01T03:35:53.927+0000] {logging_mixin.py:188} INFO - [2026-01-01T03:35:53.927+0000] {dag.py:3089} INFO - Sync 1 DAGs
[2026-01-01T03:35:53.932+0000] {logging_mixin.py:188} INFO - [2026-01-01T03:35:53.932+0000] {dag.py:3947} INFO - Setting next_dagrun for example_dag_decorator to None, run_after=None
[2026-01-01T03:35:53.941+0000] {processor.py:183} INFO - Processing /home/airflow/.local/lib/python3.12/site-packages/airflow/example_dags/example_dag_decorator.py took 0.126 seconds
[2026-01-01T04:55:54.017+0000] {processor.py:161} INFO - Started process (PID=52022) to work on /home/airflow/.local/lib/python3.12/site-packages/airflow/example_dags/example_dag_decorator.py
[2026-01-01T04:55:54.018+0000] {processor.py:830} INFO - Processing file /home/airflow/.local/lib/python3.12/site-packages/airflow/example_dags/example_dag_decorator.py for tasks to queue
[2026-01-01T04:55:54.018+0000] {logging_mixin.py:188} INFO - [2026-01-01T04:55:54.018+0000] {dagbag.py:545} INFO - Filling up the DagBag from /home/airflow/.local/lib/python3.12/site-packages/airflow/example_dags/example_dag_decorator.py
[2026-01-01T04:55:54.077+0000] {processor.py:840} INFO - DAG(s) 'example_dag_decorator' retrieved from /home/airflow/.local/lib/python3.12/site-packages/airflow/example_dags/example_dag_decorator.py
[2026-01-01T04:55:54.138+0000] {logging_mixin.py:188} INFO - [2026-01-01T04:55:54.138+0000] {dag.py:3089} INFO - Sync 1 DAGs
[2026-01-01T04:55:54.144+0000] {logging_mixin.py:188} INFO - [2026-01-01T04:55:54.144+0000] {dag.py:3947} INFO - Setting next_dagrun for example_dag_decorator to None, run_after=None
[2026-01-01T04:55:54.157+0000] {processor.py:183} INFO - Processing /home/airflow/.local/lib/python3.12/site-packages/airflow/example_dags/example_dag_decorator.py took 0.142 seconds
[2026-01-01T06:07:22.156+0000] {processor.py:161} INFO - Started process (PID=52081) to work on /home/airflow/.local/lib/python3.12/site-packages/airflow/example_dags/example_dag_decorator.py
[2026-01-01T06:07:22.157+0000] {processor.py:830} INFO - Processing file /home/airflow/.local/lib/python3.12/site-packages/airflow/example_dags/example_dag_decorator.py for tasks to queue
[2026-01-01T06:07:22.157+0000] {logging_mixin.py:188} INFO - [2026-01-01T06:07:22.157+0000] {dagbag.py:545} INFO - Filling up the DagBag from /home/airflow/.local/lib/python3.12/site-packages/airflow/example_dags/example_dag_decorator.py
[2026-01-01T06:07:22.208+0000] {processor.py:840} INFO - DAG(s) 'example_dag_decorator' retrieved from /home/airflow/.local/lib/python3.12/site-packages/airflow/example_dags/example_dag_decorator.py
[2026-01-01T06:07:22.251+0000] {logging_mixin.py:188} INFO - [2026-01-01T06:07:22.251+0000] {dag.py:3089} INFO - Sync 1 DAGs
[2026-01-01T06:07:22.255+0000] {logging_mixin.py:188} INFO - [2026-01-01T06:07:22.255+0000] {dag.py:3947} INFO - Setting next_dagrun for example_dag_decorator to None, run_after=None
[2026-01-01T06:07:22.263+0000] {processor.py:183} INFO - Processing /home/airflow/.local/lib/python3.12/site-packages/airflow/example_dags/example_dag_decorator.py took 0.110 seconds
[2026-01-01T07:40:36.318+0000] {processor.py:161} INFO - Started process (PID=52140) to work on /home/airflow/.local/lib/python3.12/site-packages/airflow/example_dags/example_dag_decorator.py
[2026-01-01T07:40:36.318+0000] {processor.py:830} INFO - Processing file /home/airflow/.local/lib/python3.12/site-packages/airflow/example_dags/example_dag_decorator.py for tasks to queue
[2026-01-01T07:40:36.319+0000] {logging_mixin.py:188} INFO - [2026-01-01T07:40:36.319+0000] {dagbag.py:545} INFO - Filling up the DagBag from /home/airflow/.local/lib/python3.12/site-packages/airflow/example_dags/example_dag_decorator.py
[2026-01-01T07:40:36.369+0000] {processor.py:840} INFO - DAG(s) 'example_dag_decorator' retrieved from /home/airflow/.local/lib/python3.12/site-packages/airflow/example_dags/example_dag_decorator.py
[2026-01-01T07:40:36.418+0000] {logging_mixin.py:188} INFO - [2026-01-01T07:40:36.417+0000] {dag.py:3089} INFO - Sync 1 DAGs
[2026-01-01T07:40:36.421+0000] {logging_mixin.py:188} INFO - [2026-01-01T07:40:36.421+0000] {dag.py:3947} INFO - Setting next_dagrun for example_dag_decorator to None, run_after=None
[2026-01-01T07:40:36.428+0000] {processor.py:183} INFO - Processing /home/airflow/.local/lib/python3.12/site-packages/airflow/example_dags/example_dag_decorator.py took 0.113 seconds
[2026-01-01T08:44:36.225+0000] {processor.py:161} INFO - Started process (PID=52199) to work on /home/airflow/.local/lib/python3.12/site-packages/airflow/example_dags/example_dag_decorator.py
[2026-01-01T08:44:36.225+0000] {processor.py:830} INFO - Processing file /home/airflow/.local/lib/python3.12/site-packages/airflow/example_dags/example_dag_decorator.py for tasks to queue
[2026-01-01T08:44:36.226+0000] {logging_mixin.py:188} INFO - [2026-01-01T08:44:36.226+0000] {dagbag.py:545} INFO - Filling up the DagBag from /home/airflow/.local/lib/python3.12/site-packages/airflow/example_dags/example_dag_decorator.py
[2026-01-01T08:44:36.275+0000] {processor.py:840} INFO - DAG(s) 'example_dag_decorator' retrieved from /home/airflow/.local/lib/python3.12/site-packages/airflow/example_dags/example_dag_decorator.py
[2026-01-01T08:44:36.325+0000] {logging_mixin.py:188} INFO - [2026-01-01T08:44:36.325+0000] {dag.py:3089} INFO - Sync 1 DAGs
[2026-01-01T08:44:36.332+0000] {logging_mixin.py:188} INFO - [2026-01-01T08:44:36.332+0000] {dag.py:3947} INFO - Setting next_dagrun for example_dag_decorator to None, run_after=None
[2026-01-01T08:44:36.340+0000] {processor.py:183} INFO - Processing /home/airflow/.local/lib/python3.12/site-packages/airflow/example_dags/example_dag_decorator.py took 0.117 seconds
[2026-01-01T09:57:57.393+0000] {processor.py:161} INFO - Started process (PID=52258) to work on /home/airflow/.local/lib/python3.12/site-packages/airflow/example_dags/example_dag_decorator.py
[2026-01-01T09:57:57.394+0000] {processor.py:830} INFO - Processing file /home/airflow/.local/lib/python3.12/site-packages/airflow/example_dags/example_dag_decorator.py for tasks to queue
[2026-01-01T09:57:57.394+0000] {logging_mixin.py:188} INFO - [2026-01-01T09:57:57.394+0000] {dagbag.py:545} INFO - Filling up the DagBag from /home/airflow/.local/lib/python3.12/site-packages/airflow/example_dags/example_dag_decorator.py
[2026-01-01T09:57:57.435+0000] {processor.py:840} INFO - DAG(s) 'example_dag_decorator' retrieved from /home/airflow/.local/lib/python3.12/site-packages/airflow/example_dags/example_dag_decorator.py
[2026-01-01T09:57:57.480+0000] {logging_mixin.py:188} INFO - [2026-01-01T09:57:57.480+0000] {dag.py:3089} INFO - Sync 1 DAGs
[2026-01-01T09:57:57.484+0000] {logging_mixin.py:188} INFO - [2026-01-01T09:57:57.484+0000] {dag.py:3947} INFO - Setting next_dagrun for example_dag_decorator to None, run_after=None
[2026-01-01T09:57:57.611+0000] {processor.py:183} INFO - Processing /home/airflow/.local/lib/python3.12/site-packages/airflow/example_dags/example_dag_decorator.py took 0.220 seconds
[2026-01-01T11:12:22.458+0000] {processor.py:161} INFO - Started process (PID=52317) to work on /home/airflow/.local/lib/python3.12/site-packages/airflow/example_dags/example_dag_decorator.py
[2026-01-01T11:12:22.460+0000] {processor.py:830} INFO - Processing file /home/airflow/.local/lib/python3.12/site-packages/airflow/example_dags/example_dag_decorator.py for tasks to queue
[2026-01-01T11:12:22.461+0000] {logging_mixin.py:188} INFO - [2026-01-01T11:12:22.461+0000] {dagbag.py:545} INFO - Filling up the DagBag from /home/airflow/.local/lib/python3.12/site-packages/airflow/example_dags/example_dag_decorator.py
[2026-01-01T11:12:22.624+0000] {processor.py:840} INFO - DAG(s) 'example_dag_decorator' retrieved from /home/airflow/.local/lib/python3.12/site-packages/airflow/example_dags/example_dag_decorator.py
[2026-01-01T11:12:22.689+0000] {logging_mixin.py:188} INFO - [2026-01-01T11:12:22.689+0000] {dag.py:3089} INFO - Sync 1 DAGs
[2026-01-01T11:12:22.694+0000] {logging_mixin.py:188} INFO - [2026-01-01T11:12:22.694+0000] {dag.py:3947} INFO - Setting next_dagrun for example_dag_decorator to None, run_after=None
[2026-01-01T11:12:22.850+0000] {processor.py:183} INFO - Processing /home/airflow/.local/lib/python3.12/site-packages/airflow/example_dags/example_dag_decorator.py took 0.395 seconds
[2026-01-01T12:13:29.264+0000] {processor.py:161} INFO - Started process (PID=52376) to work on /home/airflow/.local/lib/python3.12/site-packages/airflow/example_dags/example_dag_decorator.py
[2026-01-01T12:13:29.266+0000] {processor.py:830} INFO - Processing file /home/airflow/.local/lib/python3.12/site-packages/airflow/example_dags/example_dag_decorator.py for tasks to queue
[2026-01-01T12:13:29.266+0000] {logging_mixin.py:188} INFO - [2026-01-01T12:13:29.266+0000] {dagbag.py:545} INFO - Filling up the DagBag from /home/airflow/.local/lib/python3.12/site-packages/airflow/example_dags/example_dag_decorator.py
[2026-01-01T12:13:29.335+0000] {processor.py:840} INFO - DAG(s) 'example_dag_decorator' retrieved from /home/airflow/.local/lib/python3.12/site-packages/airflow/example_dags/example_dag_decorator.py
[2026-01-01T12:13:29.395+0000] {logging_mixin.py:188} INFO - [2026-01-01T12:13:29.395+0000] {dag.py:3089} INFO - Sync 1 DAGs
[2026-01-01T12:13:29.402+0000] {logging_mixin.py:188} INFO - [2026-01-01T12:13:29.401+0000] {dag.py:3947} INFO - Setting next_dagrun for example_dag_decorator to None, run_after=None
[2026-01-01T12:13:29.413+0000] {processor.py:183} INFO - Processing /home/airflow/.local/lib/python3.12/site-packages/airflow/example_dags/example_dag_decorator.py took 0.151 seconds
[2026-01-01T13:31:41.614+0000] {processor.py:161} INFO - Started process (PID=52435) to work on /home/airflow/.local/lib/python3.12/site-packages/airflow/example_dags/example_dag_decorator.py
[2026-01-01T13:31:41.617+0000] {processor.py:830} INFO - Processing file /home/airflow/.local/lib/python3.12/site-packages/airflow/example_dags/example_dag_decorator.py for tasks to queue
[2026-01-01T13:31:41.618+0000] {logging_mixin.py:188} INFO - [2026-01-01T13:31:41.618+0000] {dagbag.py:545} INFO - Filling up the DagBag from /home/airflow/.local/lib/python3.12/site-packages/airflow/example_dags/example_dag_decorator.py
[2026-01-01T13:31:41.683+0000] {processor.py:840} INFO - DAG(s) 'example_dag_decorator' retrieved from /home/airflow/.local/lib/python3.12/site-packages/airflow/example_dags/example_dag_decorator.py
[2026-01-01T13:31:41.743+0000] {logging_mixin.py:188} INFO - [2026-01-01T13:31:41.742+0000] {dag.py:3089} INFO - Sync 1 DAGs
[2026-01-01T13:31:41.748+0000] {logging_mixin.py:188} INFO - [2026-01-01T13:31:41.748+0000] {dag.py:3947} INFO - Setting next_dagrun for example_dag_decorator to None, run_after=None
[2026-01-01T13:31:41.761+0000] {processor.py:183} INFO - Processing /home/airflow/.local/lib/python3.12/site-packages/airflow/example_dags/example_dag_decorator.py took 0.151 seconds
[2026-01-01T15:05:24.325+0000] {processor.py:161} INFO - Started process (PID=52494) to work on /home/airflow/.local/lib/python3.12/site-packages/airflow/example_dags/example_dag_decorator.py
[2026-01-01T15:05:24.327+0000] {processor.py:830} INFO - Processing file /home/airflow/.local/lib/python3.12/site-packages/airflow/example_dags/example_dag_decorator.py for tasks to queue
[2026-01-01T15:05:24.327+0000] {logging_mixin.py:188} INFO - [2026-01-01T15:05:24.327+0000] {dagbag.py:545} INFO - Filling up the DagBag from /home/airflow/.local/lib/python3.12/site-packages/airflow/example_dags/example_dag_decorator.py
[2026-01-01T15:05:24.379+0000] {processor.py:840} INFO - DAG(s) 'example_dag_decorator' retrieved from /home/airflow/.local/lib/python3.12/site-packages/airflow/example_dags/example_dag_decorator.py
[2026-01-01T15:05:24.426+0000] {logging_mixin.py:188} INFO - [2026-01-01T15:05:24.426+0000] {dag.py:3089} INFO - Sync 1 DAGs
[2026-01-01T15:05:24.432+0000] {logging_mixin.py:188} INFO - [2026-01-01T15:05:24.432+0000] {dag.py:3947} INFO - Setting next_dagrun for example_dag_decorator to None, run_after=None
[2026-01-01T15:05:24.447+0000] {processor.py:183} INFO - Processing /home/airflow/.local/lib/python3.12/site-packages/airflow/example_dags/example_dag_decorator.py took 0.125 seconds
[2026-01-01T16:17:20.177+0000] {processor.py:161} INFO - Started process (PID=52553) to work on /home/airflow/.local/lib/python3.12/site-packages/airflow/example_dags/example_dag_decorator.py
[2026-01-01T16:17:20.177+0000] {processor.py:830} INFO - Processing file /home/airflow/.local/lib/python3.12/site-packages/airflow/example_dags/example_dag_decorator.py for tasks to queue
[2026-01-01T16:17:20.178+0000] {logging_mixin.py:188} INFO - [2026-01-01T16:17:20.177+0000] {dagbag.py:545} INFO - Filling up the DagBag from /home/airflow/.local/lib/python3.12/site-packages/airflow/example_dags/example_dag_decorator.py
[2026-01-01T16:17:20.246+0000] {processor.py:840} INFO - DAG(s) 'example_dag_decorator' retrieved from /home/airflow/.local/lib/python3.12/site-packages/airflow/example_dags/example_dag_decorator.py
[2026-01-01T16:17:20.308+0000] {logging_mixin.py:188} INFO - [2026-01-01T16:17:20.308+0000] {dag.py:3089} INFO - Sync 1 DAGs
[2026-01-01T16:17:20.314+0000] {logging_mixin.py:188} INFO - [2026-01-01T16:17:20.314+0000] {dag.py:3947} INFO - Setting next_dagrun for example_dag_decorator to None, run_after=None
[2026-01-01T16:17:20.328+0000] {processor.py:183} INFO - Processing /home/airflow/.local/lib/python3.12/site-packages/airflow/example_dags/example_dag_decorator.py took 0.154 seconds
[2026-01-01T17:14:39.137+0000] {processor.py:161} INFO - Started process (PID=52612) to work on /home/airflow/.local/lib/python3.12/site-packages/airflow/example_dags/example_dag_decorator.py
[2026-01-01T17:14:39.137+0000] {processor.py:830} INFO - Processing file /home/airflow/.local/lib/python3.12/site-packages/airflow/example_dags/example_dag_decorator.py for tasks to queue
[2026-01-01T17:14:39.138+0000] {logging_mixin.py:188} INFO - [2026-01-01T17:14:39.138+0000] {dagbag.py:545} INFO - Filling up the DagBag from /home/airflow/.local/lib/python3.12/site-packages/airflow/example_dags/example_dag_decorator.py
[2026-01-01T17:14:39.193+0000] {processor.py:840} INFO - DAG(s) 'example_dag_decorator' retrieved from /home/airflow/.local/lib/python3.12/site-packages/airflow/example_dags/example_dag_decorator.py
[2026-01-01T17:14:39.255+0000] {logging_mixin.py:188} INFO - [2026-01-01T17:14:39.255+0000] {dag.py:3089} INFO - Sync 1 DAGs
[2026-01-01T17:14:39.259+0000] {logging_mixin.py:188} INFO - [2026-01-01T17:14:39.259+0000] {dag.py:3947} INFO - Setting next_dagrun for example_dag_decorator to None, run_after=None
[2026-01-01T17:14:39.267+0000] {processor.py:183} INFO - Processing /home/airflow/.local/lib/python3.12/site-packages/airflow/example_dags/example_dag_decorator.py took 0.133 seconds
[2026-01-01T18:19:23.674+0000] {processor.py:161} INFO - Started process (PID=52671) to work on /home/airflow/.local/lib/python3.12/site-packages/airflow/example_dags/example_dag_decorator.py
[2026-01-01T18:19:23.675+0000] {processor.py:830} INFO - Processing file /home/airflow/.local/lib/python3.12/site-packages/airflow/example_dags/example_dag_decorator.py for tasks to queue
[2026-01-01T18:19:23.675+0000] {logging_mixin.py:188} INFO - [2026-01-01T18:19:23.675+0000] {dagbag.py:545} INFO - Filling up the DagBag from /home/airflow/.local/lib/python3.12/site-packages/airflow/example_dags/example_dag_decorator.py
[2026-01-01T18:19:23.725+0000] {processor.py:840} INFO - DAG(s) 'example_dag_decorator' retrieved from /home/airflow/.local/lib/python3.12/site-packages/airflow/example_dags/example_dag_decorator.py
[2026-01-01T18:19:23.775+0000] {logging_mixin.py:188} INFO - [2026-01-01T18:19:23.774+0000] {dag.py:3089} INFO - Sync 1 DAGs
[2026-01-01T18:19:23.779+0000] {logging_mixin.py:188} INFO - [2026-01-01T18:19:23.779+0000] {dag.py:3947} INFO - Setting next_dagrun for example_dag_decorator to None, run_after=None
[2026-01-01T18:19:23.789+0000] {processor.py:183} INFO - Processing /home/airflow/.local/lib/python3.12/site-packages/airflow/example_dags/example_dag_decorator.py took 0.118 seconds
[2026-01-01T19:35:31.645+0000] {processor.py:161} INFO - Started process (PID=52730) to work on /home/airflow/.local/lib/python3.12/site-packages/airflow/example_dags/example_dag_decorator.py
[2026-01-01T19:35:31.646+0000] {processor.py:830} INFO - Processing file /home/airflow/.local/lib/python3.12/site-packages/airflow/example_dags/example_dag_decorator.py for tasks to queue
[2026-01-01T19:35:31.646+0000] {logging_mixin.py:188} INFO - [2026-01-01T19:35:31.646+0000] {dagbag.py:545} INFO - Filling up the DagBag from /home/airflow/.local/lib/python3.12/site-packages/airflow/example_dags/example_dag_decorator.py
[2026-01-01T19:35:31.705+0000] {processor.py:840} INFO - DAG(s) 'example_dag_decorator' retrieved from /home/airflow/.local/lib/python3.12/site-packages/airflow/example_dags/example_dag_decorator.py
[2026-01-01T19:35:31.843+0000] {logging_mixin.py:188} INFO - [2026-01-01T19:35:31.843+0000] {dag.py:3089} INFO - Sync 1 DAGs
[2026-01-01T19:35:31.850+0000] {logging_mixin.py:188} INFO - [2026-01-01T19:35:31.850+0000] {dag.py:3947} INFO - Setting next_dagrun for example_dag_decorator to None, run_after=None
[2026-01-01T19:35:31.864+0000] {processor.py:183} INFO - Processing /home/airflow/.local/lib/python3.12/site-packages/airflow/example_dags/example_dag_decorator.py took 0.222 seconds
[2026-01-01T20:54:40.528+0000] {processor.py:161} INFO - Started process (PID=52789) to work on /home/airflow/.local/lib/python3.12/site-packages/airflow/example_dags/example_dag_decorator.py
[2026-01-01T20:54:40.529+0000] {processor.py:830} INFO - Processing file /home/airflow/.local/lib/python3.12/site-packages/airflow/example_dags/example_dag_decorator.py for tasks to queue
[2026-01-01T20:54:40.530+0000] {logging_mixin.py:188} INFO - [2026-01-01T20:54:40.530+0000] {dagbag.py:545} INFO - Filling up the DagBag from /home/airflow/.local/lib/python3.12/site-packages/airflow/example_dags/example_dag_decorator.py
[2026-01-01T20:54:40.583+0000] {processor.py:840} INFO - DAG(s) 'example_dag_decorator' retrieved from /home/airflow/.local/lib/python3.12/site-packages/airflow/example_dags/example_dag_decorator.py
[2026-01-01T20:54:40.735+0000] {logging_mixin.py:188} INFO - [2026-01-01T20:54:40.735+0000] {dag.py:3089} INFO - Sync 1 DAGs
[2026-01-01T20:54:40.846+0000] {logging_mixin.py:188} INFO - [2026-01-01T20:54:40.845+0000] {dag.py:3947} INFO - Setting next_dagrun for example_dag_decorator to None, run_after=None
[2026-01-01T20:54:40.944+0000] {processor.py:183} INFO - Processing /home/airflow/.local/lib/python3.12/site-packages/airflow/example_dags/example_dag_decorator.py took 0.419 seconds
[2026-01-01T22:37:22.535+0000] {processor.py:161} INFO - Started process (PID=52848) to work on /home/airflow/.local/lib/python3.12/site-packages/airflow/example_dags/example_dag_decorator.py
[2026-01-01T22:37:22.535+0000] {processor.py:830} INFO - Processing file /home/airflow/.local/lib/python3.12/site-packages/airflow/example_dags/example_dag_decorator.py for tasks to queue
[2026-01-01T22:37:22.536+0000] {logging_mixin.py:188} INFO - [2026-01-01T22:37:22.536+0000] {dagbag.py:545} INFO - Filling up the DagBag from /home/airflow/.local/lib/python3.12/site-packages/airflow/example_dags/example_dag_decorator.py
[2026-01-01T22:37:22.593+0000] {processor.py:840} INFO - DAG(s) 'example_dag_decorator' retrieved from /home/airflow/.local/lib/python3.12/site-packages/airflow/example_dags/example_dag_decorator.py
[2026-01-01T22:37:22.607+0000] {logging_mixin.py:188} INFO - [2026-01-01T22:37:22.607+0000] {dag.py:3089} INFO - Sync 1 DAGs
[2026-01-01T22:37:22.612+0000] {logging_mixin.py:188} INFO - [2026-01-01T22:37:22.612+0000] {dag.py:3947} INFO - Setting next_dagrun for example_dag_decorator to None, run_after=None
[2026-01-01T22:37:22.624+0000] {processor.py:183} INFO - Processing /home/airflow/.local/lib/python3.12/site-packages/airflow/example_dags/example_dag_decorator.py took 0.092 seconds
[2026-01-01T23:54:04.425+0000] {processor.py:161} INFO - Started process (PID=52907) to work on /home/airflow/.local/lib/python3.12/site-packages/airflow/example_dags/example_dag_decorator.py
[2026-01-01T23:54:04.429+0000] {processor.py:830} INFO - Processing file /home/airflow/.local/lib/python3.12/site-packages/airflow/example_dags/example_dag_decorator.py for tasks to queue
[2026-01-01T23:54:04.430+0000] {logging_mixin.py:188} INFO - [2026-01-01T23:54:04.430+0000] {dagbag.py:545} INFO - Filling up the DagBag from /home/airflow/.local/lib/python3.12/site-packages/airflow/example_dags/example_dag_decorator.py
[2026-01-01T23:54:04.498+0000] {processor.py:840} INFO - DAG(s) 'example_dag_decorator' retrieved from /home/airflow/.local/lib/python3.12/site-packages/airflow/example_dags/example_dag_decorator.py
[2026-01-01T23:54:04.922+0000] {logging_mixin.py:188} INFO - [2026-01-01T23:54:04.922+0000] {dag.py:3089} INFO - Sync 1 DAGs
[2026-01-01T23:54:04.934+0000] {logging_mixin.py:188} INFO - [2026-01-01T23:54:04.934+0000] {dag.py:3947} INFO - Setting next_dagrun for example_dag_decorator to None, run_after=None
[2026-01-01T23:54:04.966+0000] {processor.py:183} INFO - Processing /home/airflow/.local/lib/python3.12/site-packages/airflow/example_dags/example_dag_decorator.py took 0.546 seconds
