[2026-01-01T01:03:23.222+0000] {processor.py:161} INFO - Started process (PID=51841) to work on /home/airflow/.local/lib/python3.12/site-packages/airflow/example_dags/example_kubernetes_executor.py
[2026-01-01T01:03:23.225+0000] {processor.py:830} INFO - Processing file /home/airflow/.local/lib/python3.12/site-packages/airflow/example_dags/example_kubernetes_executor.py for tasks to queue
[2026-01-01T01:03:23.225+0000] {logging_mixin.py:188} INFO - [2026-01-01T01:03:23.225+0000] {dagbag.py:545} INFO - Filling up the DagBag from /home/airflow/.local/lib/python3.12/site-packages/airflow/example_dags/example_kubernetes_executor.py
[2026-01-01T01:03:23.231+0000] {processor.py:840} INFO - DAG(s) 'example_kubernetes_executor' retrieved from /home/airflow/.local/lib/python3.12/site-packages/airflow/example_dags/example_kubernetes_executor.py
[2026-01-01T01:03:23.251+0000] {logging_mixin.py:188} INFO - [2026-01-01T01:03:23.251+0000] {dag.py:3089} INFO - Sync 1 DAGs
[2026-01-01T01:03:23.260+0000] {logging_mixin.py:188} INFO - [2026-01-01T01:03:23.260+0000] {dag.py:3947} INFO - Setting next_dagrun for example_kubernetes_executor to None, run_after=None
[2026-01-01T01:03:23.269+0000] {processor.py:183} INFO - Processing /home/airflow/.local/lib/python3.12/site-packages/airflow/example_dags/example_kubernetes_executor.py took 0.051 seconds
[2026-01-01T02:01:02.356+0000] {processor.py:161} INFO - Started process (PID=51900) to work on /home/airflow/.local/lib/python3.12/site-packages/airflow/example_dags/example_kubernetes_executor.py
[2026-01-01T02:01:02.357+0000] {processor.py:830} INFO - Processing file /home/airflow/.local/lib/python3.12/site-packages/airflow/example_dags/example_kubernetes_executor.py for tasks to queue
[2026-01-01T02:01:02.357+0000] {logging_mixin.py:188} INFO - [2026-01-01T02:01:02.357+0000] {dagbag.py:545} INFO - Filling up the DagBag from /home/airflow/.local/lib/python3.12/site-packages/airflow/example_dags/example_kubernetes_executor.py
[2026-01-01T02:01:02.363+0000] {processor.py:840} INFO - DAG(s) 'example_kubernetes_executor' retrieved from /home/airflow/.local/lib/python3.12/site-packages/airflow/example_dags/example_kubernetes_executor.py
[2026-01-01T02:01:02.382+0000] {logging_mixin.py:188} INFO - [2026-01-01T02:01:02.382+0000] {dag.py:3089} INFO - Sync 1 DAGs
[2026-01-01T02:01:02.387+0000] {logging_mixin.py:188} INFO - [2026-01-01T02:01:02.387+0000] {dag.py:3947} INFO - Setting next_dagrun for example_kubernetes_executor to None, run_after=None
[2026-01-01T02:01:02.394+0000] {processor.py:183} INFO - Processing /home/airflow/.local/lib/python3.12/site-packages/airflow/example_dags/example_kubernetes_executor.py took 0.041 seconds
[2026-01-01T03:35:53.726+0000] {processor.py:161} INFO - Started process (PID=51959) to work on /home/airflow/.local/lib/python3.12/site-packages/airflow/example_dags/example_kubernetes_executor.py
[2026-01-01T03:35:53.727+0000] {processor.py:830} INFO - Processing file /home/airflow/.local/lib/python3.12/site-packages/airflow/example_dags/example_kubernetes_executor.py for tasks to queue
[2026-01-01T03:35:53.727+0000] {logging_mixin.py:188} INFO - [2026-01-01T03:35:53.727+0000] {dagbag.py:545} INFO - Filling up the DagBag from /home/airflow/.local/lib/python3.12/site-packages/airflow/example_dags/example_kubernetes_executor.py
[2026-01-01T03:35:53.732+0000] {processor.py:840} INFO - DAG(s) 'example_kubernetes_executor' retrieved from /home/airflow/.local/lib/python3.12/site-packages/airflow/example_dags/example_kubernetes_executor.py
[2026-01-01T03:35:53.751+0000] {logging_mixin.py:188} INFO - [2026-01-01T03:35:53.750+0000] {dag.py:3089} INFO - Sync 1 DAGs
[2026-01-01T03:35:53.756+0000] {logging_mixin.py:188} INFO - [2026-01-01T03:35:53.756+0000] {dag.py:3947} INFO - Setting next_dagrun for example_kubernetes_executor to None, run_after=None
[2026-01-01T03:35:53.763+0000] {processor.py:183} INFO - Processing /home/airflow/.local/lib/python3.12/site-packages/airflow/example_dags/example_kubernetes_executor.py took 0.040 seconds
[2026-01-01T04:55:53.876+0000] {processor.py:161} INFO - Started process (PID=52019) to work on /home/airflow/.local/lib/python3.12/site-packages/airflow/example_dags/example_kubernetes_executor.py
[2026-01-01T04:55:53.879+0000] {processor.py:830} INFO - Processing file /home/airflow/.local/lib/python3.12/site-packages/airflow/example_dags/example_kubernetes_executor.py for tasks to queue
[2026-01-01T04:55:53.880+0000] {logging_mixin.py:188} INFO - [2026-01-01T04:55:53.880+0000] {dagbag.py:545} INFO - Filling up the DagBag from /home/airflow/.local/lib/python3.12/site-packages/airflow/example_dags/example_kubernetes_executor.py
[2026-01-01T04:55:53.892+0000] {processor.py:840} INFO - DAG(s) 'example_kubernetes_executor' retrieved from /home/airflow/.local/lib/python3.12/site-packages/airflow/example_dags/example_kubernetes_executor.py
[2026-01-01T04:55:53.928+0000] {logging_mixin.py:188} INFO - [2026-01-01T04:55:53.927+0000] {dag.py:3089} INFO - Sync 1 DAGs
[2026-01-01T04:55:53.937+0000] {logging_mixin.py:188} INFO - [2026-01-01T04:55:53.936+0000] {dag.py:3947} INFO - Setting next_dagrun for example_kubernetes_executor to None, run_after=None
[2026-01-01T04:55:53.951+0000] {processor.py:183} INFO - Processing /home/airflow/.local/lib/python3.12/site-packages/airflow/example_dags/example_kubernetes_executor.py took 0.080 seconds
[2026-01-01T06:07:22.058+0000] {processor.py:161} INFO - Started process (PID=52078) to work on /home/airflow/.local/lib/python3.12/site-packages/airflow/example_dags/example_kubernetes_executor.py
[2026-01-01T06:07:22.058+0000] {processor.py:830} INFO - Processing file /home/airflow/.local/lib/python3.12/site-packages/airflow/example_dags/example_kubernetes_executor.py for tasks to queue
[2026-01-01T06:07:22.058+0000] {logging_mixin.py:188} INFO - [2026-01-01T06:07:22.058+0000] {dagbag.py:545} INFO - Filling up the DagBag from /home/airflow/.local/lib/python3.12/site-packages/airflow/example_dags/example_kubernetes_executor.py
[2026-01-01T06:07:22.066+0000] {processor.py:840} INFO - DAG(s) 'example_kubernetes_executor' retrieved from /home/airflow/.local/lib/python3.12/site-packages/airflow/example_dags/example_kubernetes_executor.py
[2026-01-01T06:07:22.090+0000] {logging_mixin.py:188} INFO - [2026-01-01T06:07:22.090+0000] {dag.py:3089} INFO - Sync 1 DAGs
[2026-01-01T06:07:22.096+0000] {logging_mixin.py:188} INFO - [2026-01-01T06:07:22.096+0000] {dag.py:3947} INFO - Setting next_dagrun for example_kubernetes_executor to None, run_after=None
[2026-01-01T06:07:22.103+0000] {processor.py:183} INFO - Processing /home/airflow/.local/lib/python3.12/site-packages/airflow/example_dags/example_kubernetes_executor.py took 0.048 seconds
[2026-01-01T07:40:36.224+0000] {processor.py:161} INFO - Started process (PID=52137) to work on /home/airflow/.local/lib/python3.12/site-packages/airflow/example_dags/example_kubernetes_executor.py
[2026-01-01T07:40:36.225+0000] {processor.py:830} INFO - Processing file /home/airflow/.local/lib/python3.12/site-packages/airflow/example_dags/example_kubernetes_executor.py for tasks to queue
[2026-01-01T07:40:36.225+0000] {logging_mixin.py:188} INFO - [2026-01-01T07:40:36.225+0000] {dagbag.py:545} INFO - Filling up the DagBag from /home/airflow/.local/lib/python3.12/site-packages/airflow/example_dags/example_kubernetes_executor.py
[2026-01-01T07:40:36.231+0000] {processor.py:840} INFO - DAG(s) 'example_kubernetes_executor' retrieved from /home/airflow/.local/lib/python3.12/site-packages/airflow/example_dags/example_kubernetes_executor.py
[2026-01-01T07:40:36.247+0000] {logging_mixin.py:188} INFO - [2026-01-01T07:40:36.247+0000] {dag.py:3089} INFO - Sync 1 DAGs
[2026-01-01T07:40:36.252+0000] {logging_mixin.py:188} INFO - [2026-01-01T07:40:36.252+0000] {dag.py:3947} INFO - Setting next_dagrun for example_kubernetes_executor to None, run_after=None
[2026-01-01T07:40:36.259+0000] {processor.py:183} INFO - Processing /home/airflow/.local/lib/python3.12/site-packages/airflow/example_dags/example_kubernetes_executor.py took 0.037 seconds
[2026-01-01T08:44:36.144+0000] {processor.py:161} INFO - Started process (PID=52196) to work on /home/airflow/.local/lib/python3.12/site-packages/airflow/example_dags/example_kubernetes_executor.py
[2026-01-01T08:44:36.145+0000] {processor.py:830} INFO - Processing file /home/airflow/.local/lib/python3.12/site-packages/airflow/example_dags/example_kubernetes_executor.py for tasks to queue
[2026-01-01T08:44:36.146+0000] {logging_mixin.py:188} INFO - [2026-01-01T08:44:36.145+0000] {dagbag.py:545} INFO - Filling up the DagBag from /home/airflow/.local/lib/python3.12/site-packages/airflow/example_dags/example_kubernetes_executor.py
[2026-01-01T08:44:36.151+0000] {processor.py:840} INFO - DAG(s) 'example_kubernetes_executor' retrieved from /home/airflow/.local/lib/python3.12/site-packages/airflow/example_dags/example_kubernetes_executor.py
[2026-01-01T08:44:36.167+0000] {logging_mixin.py:188} INFO - [2026-01-01T08:44:36.167+0000] {dag.py:3089} INFO - Sync 1 DAGs
[2026-01-01T08:44:36.173+0000] {logging_mixin.py:188} INFO - [2026-01-01T08:44:36.173+0000] {dag.py:3947} INFO - Setting next_dagrun for example_kubernetes_executor to None, run_after=None
[2026-01-01T08:44:36.180+0000] {processor.py:183} INFO - Processing /home/airflow/.local/lib/python3.12/site-packages/airflow/example_dags/example_kubernetes_executor.py took 0.039 seconds
[2026-01-01T09:57:57.311+0000] {processor.py:161} INFO - Started process (PID=52255) to work on /home/airflow/.local/lib/python3.12/site-packages/airflow/example_dags/example_kubernetes_executor.py
[2026-01-01T09:57:57.313+0000] {processor.py:830} INFO - Processing file /home/airflow/.local/lib/python3.12/site-packages/airflow/example_dags/example_kubernetes_executor.py for tasks to queue
[2026-01-01T09:57:57.314+0000] {logging_mixin.py:188} INFO - [2026-01-01T09:57:57.314+0000] {dagbag.py:545} INFO - Filling up the DagBag from /home/airflow/.local/lib/python3.12/site-packages/airflow/example_dags/example_kubernetes_executor.py
[2026-01-01T09:57:57.319+0000] {processor.py:840} INFO - DAG(s) 'example_kubernetes_executor' retrieved from /home/airflow/.local/lib/python3.12/site-packages/airflow/example_dags/example_kubernetes_executor.py
[2026-01-01T09:57:57.337+0000] {logging_mixin.py:188} INFO - [2026-01-01T09:57:57.337+0000] {dag.py:3089} INFO - Sync 1 DAGs
[2026-01-01T09:57:57.342+0000] {logging_mixin.py:188} INFO - [2026-01-01T09:57:57.342+0000] {dag.py:3947} INFO - Setting next_dagrun for example_kubernetes_executor to None, run_after=None
[2026-01-01T09:57:57.350+0000] {processor.py:183} INFO - Processing /home/airflow/.local/lib/python3.12/site-packages/airflow/example_dags/example_kubernetes_executor.py took 0.042 seconds
[2026-01-01T11:12:22.363+0000] {processor.py:161} INFO - Started process (PID=52314) to work on /home/airflow/.local/lib/python3.12/site-packages/airflow/example_dags/example_kubernetes_executor.py
[2026-01-01T11:12:22.363+0000] {processor.py:830} INFO - Processing file /home/airflow/.local/lib/python3.12/site-packages/airflow/example_dags/example_kubernetes_executor.py for tasks to queue
[2026-01-01T11:12:22.363+0000] {logging_mixin.py:188} INFO - [2026-01-01T11:12:22.363+0000] {dagbag.py:545} INFO - Filling up the DagBag from /home/airflow/.local/lib/python3.12/site-packages/airflow/example_dags/example_kubernetes_executor.py
[2026-01-01T11:12:22.369+0000] {processor.py:840} INFO - DAG(s) 'example_kubernetes_executor' retrieved from /home/airflow/.local/lib/python3.12/site-packages/airflow/example_dags/example_kubernetes_executor.py
[2026-01-01T11:12:22.384+0000] {logging_mixin.py:188} INFO - [2026-01-01T11:12:22.384+0000] {dag.py:3089} INFO - Sync 1 DAGs
[2026-01-01T11:12:22.388+0000] {logging_mixin.py:188} INFO - [2026-01-01T11:12:22.388+0000] {dag.py:3947} INFO - Setting next_dagrun for example_kubernetes_executor to None, run_after=None
[2026-01-01T11:12:22.395+0000] {processor.py:183} INFO - Processing /home/airflow/.local/lib/python3.12/site-packages/airflow/example_dags/example_kubernetes_executor.py took 0.035 seconds
[2026-01-01T12:13:29.186+0000] {processor.py:161} INFO - Started process (PID=52373) to work on /home/airflow/.local/lib/python3.12/site-packages/airflow/example_dags/example_kubernetes_executor.py
[2026-01-01T12:13:29.187+0000] {processor.py:830} INFO - Processing file /home/airflow/.local/lib/python3.12/site-packages/airflow/example_dags/example_kubernetes_executor.py for tasks to queue
[2026-01-01T12:13:29.188+0000] {logging_mixin.py:188} INFO - [2026-01-01T12:13:29.188+0000] {dagbag.py:545} INFO - Filling up the DagBag from /home/airflow/.local/lib/python3.12/site-packages/airflow/example_dags/example_kubernetes_executor.py
[2026-01-01T12:13:29.195+0000] {processor.py:840} INFO - DAG(s) 'example_kubernetes_executor' retrieved from /home/airflow/.local/lib/python3.12/site-packages/airflow/example_dags/example_kubernetes_executor.py
[2026-01-01T12:13:29.215+0000] {logging_mixin.py:188} INFO - [2026-01-01T12:13:29.215+0000] {dag.py:3089} INFO - Sync 1 DAGs
[2026-01-01T12:13:29.221+0000] {logging_mixin.py:188} INFO - [2026-01-01T12:13:29.221+0000] {dag.py:3947} INFO - Setting next_dagrun for example_kubernetes_executor to None, run_after=None
[2026-01-01T12:13:29.230+0000] {processor.py:183} INFO - Processing /home/airflow/.local/lib/python3.12/site-packages/airflow/example_dags/example_kubernetes_executor.py took 0.052 seconds
[2026-01-01T13:31:41.512+0000] {processor.py:161} INFO - Started process (PID=52432) to work on /home/airflow/.local/lib/python3.12/site-packages/airflow/example_dags/example_kubernetes_executor.py
[2026-01-01T13:31:41.513+0000] {processor.py:830} INFO - Processing file /home/airflow/.local/lib/python3.12/site-packages/airflow/example_dags/example_kubernetes_executor.py for tasks to queue
[2026-01-01T13:31:41.513+0000] {logging_mixin.py:188} INFO - [2026-01-01T13:31:41.513+0000] {dagbag.py:545} INFO - Filling up the DagBag from /home/airflow/.local/lib/python3.12/site-packages/airflow/example_dags/example_kubernetes_executor.py
[2026-01-01T13:31:41.519+0000] {processor.py:840} INFO - DAG(s) 'example_kubernetes_executor' retrieved from /home/airflow/.local/lib/python3.12/site-packages/airflow/example_dags/example_kubernetes_executor.py
[2026-01-01T13:31:41.538+0000] {logging_mixin.py:188} INFO - [2026-01-01T13:31:41.538+0000] {dag.py:3089} INFO - Sync 1 DAGs
[2026-01-01T13:31:41.544+0000] {logging_mixin.py:188} INFO - [2026-01-01T13:31:41.544+0000] {dag.py:3947} INFO - Setting next_dagrun for example_kubernetes_executor to None, run_after=None
[2026-01-01T13:31:41.554+0000] {processor.py:183} INFO - Processing /home/airflow/.local/lib/python3.12/site-packages/airflow/example_dags/example_kubernetes_executor.py took 0.046 seconds
[2026-01-01T15:05:24.234+0000] {processor.py:161} INFO - Started process (PID=52491) to work on /home/airflow/.local/lib/python3.12/site-packages/airflow/example_dags/example_kubernetes_executor.py
[2026-01-01T15:05:24.237+0000] {processor.py:830} INFO - Processing file /home/airflow/.local/lib/python3.12/site-packages/airflow/example_dags/example_kubernetes_executor.py for tasks to queue
[2026-01-01T15:05:24.238+0000] {logging_mixin.py:188} INFO - [2026-01-01T15:05:24.238+0000] {dagbag.py:545} INFO - Filling up the DagBag from /home/airflow/.local/lib/python3.12/site-packages/airflow/example_dags/example_kubernetes_executor.py
[2026-01-01T15:05:24.243+0000] {processor.py:840} INFO - DAG(s) 'example_kubernetes_executor' retrieved from /home/airflow/.local/lib/python3.12/site-packages/airflow/example_dags/example_kubernetes_executor.py
[2026-01-01T15:05:24.264+0000] {logging_mixin.py:188} INFO - [2026-01-01T15:05:24.264+0000] {dag.py:3089} INFO - Sync 1 DAGs
[2026-01-01T15:05:24.269+0000] {logging_mixin.py:188} INFO - [2026-01-01T15:05:24.269+0000] {dag.py:3947} INFO - Setting next_dagrun for example_kubernetes_executor to None, run_after=None
[2026-01-01T15:05:24.276+0000] {processor.py:183} INFO - Processing /home/airflow/.local/lib/python3.12/site-packages/airflow/example_dags/example_kubernetes_executor.py took 0.045 seconds
[2026-01-01T16:17:20.113+0000] {processor.py:161} INFO - Started process (PID=52550) to work on /home/airflow/.local/lib/python3.12/site-packages/airflow/example_dags/example_kubernetes_executor.py
[2026-01-01T16:17:20.113+0000] {processor.py:830} INFO - Processing file /home/airflow/.local/lib/python3.12/site-packages/airflow/example_dags/example_kubernetes_executor.py for tasks to queue
[2026-01-01T16:17:20.113+0000] {logging_mixin.py:188} INFO - [2026-01-01T16:17:20.113+0000] {dagbag.py:545} INFO - Filling up the DagBag from /home/airflow/.local/lib/python3.12/site-packages/airflow/example_dags/example_kubernetes_executor.py
[2026-01-01T16:17:20.119+0000] {processor.py:840} INFO - DAG(s) 'example_kubernetes_executor' retrieved from /home/airflow/.local/lib/python3.12/site-packages/airflow/example_dags/example_kubernetes_executor.py
[2026-01-01T16:17:20.145+0000] {logging_mixin.py:188} INFO - [2026-01-01T16:17:20.145+0000] {dag.py:3089} INFO - Sync 1 DAGs
[2026-01-01T16:17:20.150+0000] {logging_mixin.py:188} INFO - [2026-01-01T16:17:20.150+0000] {dag.py:3947} INFO - Setting next_dagrun for example_kubernetes_executor to None, run_after=None
[2026-01-01T16:17:20.162+0000] {processor.py:183} INFO - Processing /home/airflow/.local/lib/python3.12/site-packages/airflow/example_dags/example_kubernetes_executor.py took 0.052 seconds
[2026-01-01T17:14:39.036+0000] {processor.py:161} INFO - Started process (PID=52609) to work on /home/airflow/.local/lib/python3.12/site-packages/airflow/example_dags/example_kubernetes_executor.py
[2026-01-01T17:14:39.037+0000] {processor.py:830} INFO - Processing file /home/airflow/.local/lib/python3.12/site-packages/airflow/example_dags/example_kubernetes_executor.py for tasks to queue
[2026-01-01T17:14:39.037+0000] {logging_mixin.py:188} INFO - [2026-01-01T17:14:39.037+0000] {dagbag.py:545} INFO - Filling up the DagBag from /home/airflow/.local/lib/python3.12/site-packages/airflow/example_dags/example_kubernetes_executor.py
[2026-01-01T17:14:39.044+0000] {processor.py:840} INFO - DAG(s) 'example_kubernetes_executor' retrieved from /home/airflow/.local/lib/python3.12/site-packages/airflow/example_dags/example_kubernetes_executor.py
[2026-01-01T17:14:39.064+0000] {logging_mixin.py:188} INFO - [2026-01-01T17:14:39.064+0000] {dag.py:3089} INFO - Sync 1 DAGs
[2026-01-01T17:14:39.070+0000] {logging_mixin.py:188} INFO - [2026-01-01T17:14:39.070+0000] {dag.py:3947} INFO - Setting next_dagrun for example_kubernetes_executor to None, run_after=None
[2026-01-01T17:14:39.078+0000] {processor.py:183} INFO - Processing /home/airflow/.local/lib/python3.12/site-packages/airflow/example_dags/example_kubernetes_executor.py took 0.044 seconds
[2026-01-01T18:19:23.586+0000] {processor.py:161} INFO - Started process (PID=52668) to work on /home/airflow/.local/lib/python3.12/site-packages/airflow/example_dags/example_kubernetes_executor.py
[2026-01-01T18:19:23.587+0000] {processor.py:830} INFO - Processing file /home/airflow/.local/lib/python3.12/site-packages/airflow/example_dags/example_kubernetes_executor.py for tasks to queue
[2026-01-01T18:19:23.588+0000] {logging_mixin.py:188} INFO - [2026-01-01T18:19:23.588+0000] {dagbag.py:545} INFO - Filling up the DagBag from /home/airflow/.local/lib/python3.12/site-packages/airflow/example_dags/example_kubernetes_executor.py
[2026-01-01T18:19:23.596+0000] {processor.py:840} INFO - DAG(s) 'example_kubernetes_executor' retrieved from /home/airflow/.local/lib/python3.12/site-packages/airflow/example_dags/example_kubernetes_executor.py
[2026-01-01T18:19:23.615+0000] {logging_mixin.py:188} INFO - [2026-01-01T18:19:23.615+0000] {dag.py:3089} INFO - Sync 1 DAGs
[2026-01-01T18:19:23.620+0000] {logging_mixin.py:188} INFO - [2026-01-01T18:19:23.620+0000] {dag.py:3947} INFO - Setting next_dagrun for example_kubernetes_executor to None, run_after=None
[2026-01-01T18:19:23.628+0000] {processor.py:183} INFO - Processing /home/airflow/.local/lib/python3.12/site-packages/airflow/example_dags/example_kubernetes_executor.py took 0.044 seconds
[2026-01-01T19:35:31.560+0000] {processor.py:161} INFO - Started process (PID=52727) to work on /home/airflow/.local/lib/python3.12/site-packages/airflow/example_dags/example_kubernetes_executor.py
[2026-01-01T19:35:31.561+0000] {processor.py:830} INFO - Processing file /home/airflow/.local/lib/python3.12/site-packages/airflow/example_dags/example_kubernetes_executor.py for tasks to queue
[2026-01-01T19:35:31.562+0000] {logging_mixin.py:188} INFO - [2026-01-01T19:35:31.561+0000] {dagbag.py:545} INFO - Filling up the DagBag from /home/airflow/.local/lib/python3.12/site-packages/airflow/example_dags/example_kubernetes_executor.py
[2026-01-01T19:35:31.568+0000] {processor.py:840} INFO - DAG(s) 'example_kubernetes_executor' retrieved from /home/airflow/.local/lib/python3.12/site-packages/airflow/example_dags/example_kubernetes_executor.py
[2026-01-01T19:35:31.592+0000] {logging_mixin.py:188} INFO - [2026-01-01T19:35:31.592+0000] {dag.py:3089} INFO - Sync 1 DAGs
[2026-01-01T19:35:31.597+0000] {logging_mixin.py:188} INFO - [2026-01-01T19:35:31.597+0000] {dag.py:3947} INFO - Setting next_dagrun for example_kubernetes_executor to None, run_after=None
[2026-01-01T19:35:31.604+0000] {processor.py:183} INFO - Processing /home/airflow/.local/lib/python3.12/site-packages/airflow/example_dags/example_kubernetes_executor.py took 0.047 seconds
[2026-01-01T20:54:40.438+0000] {processor.py:161} INFO - Started process (PID=52786) to work on /home/airflow/.local/lib/python3.12/site-packages/airflow/example_dags/example_kubernetes_executor.py
[2026-01-01T20:54:40.438+0000] {processor.py:830} INFO - Processing file /home/airflow/.local/lib/python3.12/site-packages/airflow/example_dags/example_kubernetes_executor.py for tasks to queue
[2026-01-01T20:54:40.438+0000] {logging_mixin.py:188} INFO - [2026-01-01T20:54:40.438+0000] {dagbag.py:545} INFO - Filling up the DagBag from /home/airflow/.local/lib/python3.12/site-packages/airflow/example_dags/example_kubernetes_executor.py
[2026-01-01T20:54:40.447+0000] {processor.py:840} INFO - DAG(s) 'example_kubernetes_executor' retrieved from /home/airflow/.local/lib/python3.12/site-packages/airflow/example_dags/example_kubernetes_executor.py
[2026-01-01T20:54:40.465+0000] {logging_mixin.py:188} INFO - [2026-01-01T20:54:40.465+0000] {dag.py:3089} INFO - Sync 1 DAGs
[2026-01-01T20:54:40.470+0000] {logging_mixin.py:188} INFO - [2026-01-01T20:54:40.470+0000] {dag.py:3947} INFO - Setting next_dagrun for example_kubernetes_executor to None, run_after=None
[2026-01-01T20:54:40.478+0000] {processor.py:183} INFO - Processing /home/airflow/.local/lib/python3.12/site-packages/airflow/example_dags/example_kubernetes_executor.py took 0.043 seconds
[2026-01-01T22:37:22.447+0000] {processor.py:161} INFO - Started process (PID=52845) to work on /home/airflow/.local/lib/python3.12/site-packages/airflow/example_dags/example_kubernetes_executor.py
[2026-01-01T22:37:22.448+0000] {processor.py:830} INFO - Processing file /home/airflow/.local/lib/python3.12/site-packages/airflow/example_dags/example_kubernetes_executor.py for tasks to queue
[2026-01-01T22:37:22.448+0000] {logging_mixin.py:188} INFO - [2026-01-01T22:37:22.448+0000] {dagbag.py:545} INFO - Filling up the DagBag from /home/airflow/.local/lib/python3.12/site-packages/airflow/example_dags/example_kubernetes_executor.py
[2026-01-01T22:37:22.454+0000] {processor.py:840} INFO - DAG(s) 'example_kubernetes_executor' retrieved from /home/airflow/.local/lib/python3.12/site-packages/airflow/example_dags/example_kubernetes_executor.py
[2026-01-01T22:37:22.473+0000] {logging_mixin.py:188} INFO - [2026-01-01T22:37:22.473+0000] {dag.py:3089} INFO - Sync 1 DAGs
[2026-01-01T22:37:22.478+0000] {logging_mixin.py:188} INFO - [2026-01-01T22:37:22.478+0000] {dag.py:3947} INFO - Setting next_dagrun for example_kubernetes_executor to None, run_after=None
[2026-01-01T22:37:22.489+0000] {processor.py:183} INFO - Processing /home/airflow/.local/lib/python3.12/site-packages/airflow/example_dags/example_kubernetes_executor.py took 0.044 seconds
[2026-01-01T23:54:04.339+0000] {processor.py:161} INFO - Started process (PID=52904) to work on /home/airflow/.local/lib/python3.12/site-packages/airflow/example_dags/example_kubernetes_executor.py
[2026-01-01T23:54:04.339+0000] {processor.py:830} INFO - Processing file /home/airflow/.local/lib/python3.12/site-packages/airflow/example_dags/example_kubernetes_executor.py for tasks to queue
[2026-01-01T23:54:04.340+0000] {logging_mixin.py:188} INFO - [2026-01-01T23:54:04.340+0000] {dagbag.py:545} INFO - Filling up the DagBag from /home/airflow/.local/lib/python3.12/site-packages/airflow/example_dags/example_kubernetes_executor.py
[2026-01-01T23:54:04.349+0000] {processor.py:840} INFO - DAG(s) 'example_kubernetes_executor' retrieved from /home/airflow/.local/lib/python3.12/site-packages/airflow/example_dags/example_kubernetes_executor.py
[2026-01-01T23:54:04.369+0000] {logging_mixin.py:188} INFO - [2026-01-01T23:54:04.369+0000] {dag.py:3089} INFO - Sync 1 DAGs
[2026-01-01T23:54:04.379+0000] {logging_mixin.py:188} INFO - [2026-01-01T23:54:04.379+0000] {dag.py:3947} INFO - Setting next_dagrun for example_kubernetes_executor to None, run_after=None
[2026-01-01T23:54:04.396+0000] {processor.py:183} INFO - Processing /home/airflow/.local/lib/python3.12/site-packages/airflow/example_dags/example_kubernetes_executor.py took 0.061 seconds
