[2026-01-01T01:03:23.829+0000] {processor.py:161} INFO - Started process (PID=51860) to work on /home/airflow/.local/lib/python3.12/site-packages/airflow/example_dags/example_dynamic_task_mapping.py
[2026-01-01T01:03:23.830+0000] {processor.py:830} INFO - Processing file /home/airflow/.local/lib/python3.12/site-packages/airflow/example_dags/example_dynamic_task_mapping.py for tasks to queue
[2026-01-01T01:03:23.831+0000] {logging_mixin.py:188} INFO - [2026-01-01T01:03:23.831+0000] {dagbag.py:545} INFO - Filling up the DagBag from /home/airflow/.local/lib/python3.12/site-packages/airflow/example_dags/example_dynamic_task_mapping.py
[2026-01-01T01:03:23.836+0000] {processor.py:840} INFO - DAG(s) 'example_dynamic_task_mapping' retrieved from /home/airflow/.local/lib/python3.12/site-packages/airflow/example_dags/example_dynamic_task_mapping.py
[2026-01-01T01:03:23.858+0000] {logging_mixin.py:188} INFO - [2026-01-01T01:03:23.858+0000] {dag.py:3089} INFO - Sync 1 DAGs
[2026-01-01T01:03:23.870+0000] {logging_mixin.py:188} INFO - [2026-01-01T01:03:23.870+0000] {dag.py:3947} INFO - Setting next_dagrun for example_dynamic_task_mapping to 2022-03-04 00:00:00+00:00, run_after=2022-03-05 00:00:00+00:00
[2026-01-01T01:03:23.885+0000] {processor.py:183} INFO - Processing /home/airflow/.local/lib/python3.12/site-packages/airflow/example_dags/example_dynamic_task_mapping.py took 0.063 seconds
[2026-01-01T02:01:02.986+0000] {processor.py:161} INFO - Started process (PID=51919) to work on /home/airflow/.local/lib/python3.12/site-packages/airflow/example_dags/example_dynamic_task_mapping.py
[2026-01-01T02:01:02.987+0000] {processor.py:830} INFO - Processing file /home/airflow/.local/lib/python3.12/site-packages/airflow/example_dags/example_dynamic_task_mapping.py for tasks to queue
[2026-01-01T02:01:02.987+0000] {logging_mixin.py:188} INFO - [2026-01-01T02:01:02.987+0000] {dagbag.py:545} INFO - Filling up the DagBag from /home/airflow/.local/lib/python3.12/site-packages/airflow/example_dags/example_dynamic_task_mapping.py
[2026-01-01T02:01:02.991+0000] {processor.py:840} INFO - DAG(s) 'example_dynamic_task_mapping' retrieved from /home/airflow/.local/lib/python3.12/site-packages/airflow/example_dags/example_dynamic_task_mapping.py
[2026-01-01T02:01:02.999+0000] {logging_mixin.py:188} INFO - [2026-01-01T02:01:02.999+0000] {dag.py:3089} INFO - Sync 1 DAGs
[2026-01-01T02:01:03.007+0000] {logging_mixin.py:188} INFO - [2026-01-01T02:01:03.007+0000] {dag.py:3947} INFO - Setting next_dagrun for example_dynamic_task_mapping to 2022-03-04 00:00:00+00:00, run_after=2022-03-05 00:00:00+00:00
[2026-01-01T02:01:03.013+0000] {processor.py:183} INFO - Processing /home/airflow/.local/lib/python3.12/site-packages/airflow/example_dags/example_dynamic_task_mapping.py took 0.029 seconds
[2026-01-01T03:35:54.330+0000] {processor.py:161} INFO - Started process (PID=51978) to work on /home/airflow/.local/lib/python3.12/site-packages/airflow/example_dags/example_dynamic_task_mapping.py
[2026-01-01T03:35:54.331+0000] {processor.py:830} INFO - Processing file /home/airflow/.local/lib/python3.12/site-packages/airflow/example_dags/example_dynamic_task_mapping.py for tasks to queue
[2026-01-01T03:35:54.331+0000] {logging_mixin.py:188} INFO - [2026-01-01T03:35:54.331+0000] {dagbag.py:545} INFO - Filling up the DagBag from /home/airflow/.local/lib/python3.12/site-packages/airflow/example_dags/example_dynamic_task_mapping.py
[2026-01-01T03:35:54.334+0000] {processor.py:840} INFO - DAG(s) 'example_dynamic_task_mapping' retrieved from /home/airflow/.local/lib/python3.12/site-packages/airflow/example_dags/example_dynamic_task_mapping.py
[2026-01-01T03:35:54.342+0000] {logging_mixin.py:188} INFO - [2026-01-01T03:35:54.342+0000] {dag.py:3089} INFO - Sync 1 DAGs
[2026-01-01T03:35:54.350+0000] {logging_mixin.py:188} INFO - [2026-01-01T03:35:54.350+0000] {dag.py:3947} INFO - Setting next_dagrun for example_dynamic_task_mapping to 2022-03-04 00:00:00+00:00, run_after=2022-03-05 00:00:00+00:00
[2026-01-01T03:35:54.356+0000] {processor.py:183} INFO - Processing /home/airflow/.local/lib/python3.12/site-packages/airflow/example_dags/example_dynamic_task_mapping.py took 0.028 seconds
[2026-01-01T04:55:54.503+0000] {processor.py:161} INFO - Started process (PID=52038) to work on /home/airflow/.local/lib/python3.12/site-packages/airflow/example_dags/example_dynamic_task_mapping.py
[2026-01-01T04:55:54.504+0000] {processor.py:830} INFO - Processing file /home/airflow/.local/lib/python3.12/site-packages/airflow/example_dags/example_dynamic_task_mapping.py for tasks to queue
[2026-01-01T04:55:54.504+0000] {logging_mixin.py:188} INFO - [2026-01-01T04:55:54.504+0000] {dagbag.py:545} INFO - Filling up the DagBag from /home/airflow/.local/lib/python3.12/site-packages/airflow/example_dags/example_dynamic_task_mapping.py
[2026-01-01T04:55:54.508+0000] {processor.py:840} INFO - DAG(s) 'example_dynamic_task_mapping' retrieved from /home/airflow/.local/lib/python3.12/site-packages/airflow/example_dags/example_dynamic_task_mapping.py
[2026-01-01T04:55:54.521+0000] {logging_mixin.py:188} INFO - [2026-01-01T04:55:54.520+0000] {dag.py:3089} INFO - Sync 1 DAGs
[2026-01-01T04:55:54.532+0000] {logging_mixin.py:188} INFO - [2026-01-01T04:55:54.532+0000] {dag.py:3947} INFO - Setting next_dagrun for example_dynamic_task_mapping to 2022-03-04 00:00:00+00:00, run_after=2022-03-05 00:00:00+00:00
[2026-01-01T04:55:54.545+0000] {processor.py:183} INFO - Processing /home/airflow/.local/lib/python3.12/site-packages/airflow/example_dags/example_dynamic_task_mapping.py took 0.045 seconds
[2026-01-01T06:07:22.807+0000] {processor.py:161} INFO - Started process (PID=52097) to work on /home/airflow/.local/lib/python3.12/site-packages/airflow/example_dags/example_dynamic_task_mapping.py
[2026-01-01T06:07:22.807+0000] {processor.py:830} INFO - Processing file /home/airflow/.local/lib/python3.12/site-packages/airflow/example_dags/example_dynamic_task_mapping.py for tasks to queue
[2026-01-01T06:07:22.808+0000] {logging_mixin.py:188} INFO - [2026-01-01T06:07:22.808+0000] {dagbag.py:545} INFO - Filling up the DagBag from /home/airflow/.local/lib/python3.12/site-packages/airflow/example_dags/example_dynamic_task_mapping.py
[2026-01-01T06:07:22.811+0000] {processor.py:840} INFO - DAG(s) 'example_dynamic_task_mapping' retrieved from /home/airflow/.local/lib/python3.12/site-packages/airflow/example_dags/example_dynamic_task_mapping.py
[2026-01-01T06:07:22.822+0000] {logging_mixin.py:188} INFO - [2026-01-01T06:07:22.821+0000] {dag.py:3089} INFO - Sync 1 DAGs
[2026-01-01T06:07:22.832+0000] {logging_mixin.py:188} INFO - [2026-01-01T06:07:22.832+0000] {dag.py:3947} INFO - Setting next_dagrun for example_dynamic_task_mapping to 2022-03-04 00:00:00+00:00, run_after=2022-03-05 00:00:00+00:00
[2026-01-01T06:07:22.844+0000] {processor.py:183} INFO - Processing /home/airflow/.local/lib/python3.12/site-packages/airflow/example_dags/example_dynamic_task_mapping.py took 0.040 seconds
[2026-01-01T07:40:36.861+0000] {processor.py:161} INFO - Started process (PID=52156) to work on /home/airflow/.local/lib/python3.12/site-packages/airflow/example_dags/example_dynamic_task_mapping.py
[2026-01-01T07:40:36.862+0000] {processor.py:830} INFO - Processing file /home/airflow/.local/lib/python3.12/site-packages/airflow/example_dags/example_dynamic_task_mapping.py for tasks to queue
[2026-01-01T07:40:36.862+0000] {logging_mixin.py:188} INFO - [2026-01-01T07:40:36.862+0000] {dagbag.py:545} INFO - Filling up the DagBag from /home/airflow/.local/lib/python3.12/site-packages/airflow/example_dags/example_dynamic_task_mapping.py
[2026-01-01T07:40:36.867+0000] {processor.py:840} INFO - DAG(s) 'example_dynamic_task_mapping' retrieved from /home/airflow/.local/lib/python3.12/site-packages/airflow/example_dags/example_dynamic_task_mapping.py
[2026-01-01T07:40:36.877+0000] {logging_mixin.py:188} INFO - [2026-01-01T07:40:36.877+0000] {dag.py:3089} INFO - Sync 1 DAGs
[2026-01-01T07:40:36.889+0000] {logging_mixin.py:188} INFO - [2026-01-01T07:40:36.889+0000] {dag.py:3947} INFO - Setting next_dagrun for example_dynamic_task_mapping to 2022-03-04 00:00:00+00:00, run_after=2022-03-05 00:00:00+00:00
[2026-01-01T07:40:36.900+0000] {processor.py:183} INFO - Processing /home/airflow/.local/lib/python3.12/site-packages/airflow/example_dags/example_dynamic_task_mapping.py took 0.043 seconds
[2026-01-01T08:44:36.672+0000] {processor.py:161} INFO - Started process (PID=52215) to work on /home/airflow/.local/lib/python3.12/site-packages/airflow/example_dags/example_dynamic_task_mapping.py
[2026-01-01T08:44:36.672+0000] {processor.py:830} INFO - Processing file /home/airflow/.local/lib/python3.12/site-packages/airflow/example_dags/example_dynamic_task_mapping.py for tasks to queue
[2026-01-01T08:44:36.676+0000] {logging_mixin.py:188} INFO - [2026-01-01T08:44:36.676+0000] {dagbag.py:545} INFO - Filling up the DagBag from /home/airflow/.local/lib/python3.12/site-packages/airflow/example_dags/example_dynamic_task_mapping.py
[2026-01-01T08:44:36.680+0000] {processor.py:840} INFO - DAG(s) 'example_dynamic_task_mapping' retrieved from /home/airflow/.local/lib/python3.12/site-packages/airflow/example_dags/example_dynamic_task_mapping.py
[2026-01-01T08:44:36.690+0000] {logging_mixin.py:188} INFO - [2026-01-01T08:44:36.689+0000] {dag.py:3089} INFO - Sync 1 DAGs
[2026-01-01T08:44:36.702+0000] {logging_mixin.py:188} INFO - [2026-01-01T08:44:36.702+0000] {dag.py:3947} INFO - Setting next_dagrun for example_dynamic_task_mapping to 2022-03-04 00:00:00+00:00, run_after=2022-03-05 00:00:00+00:00
[2026-01-01T08:44:36.710+0000] {processor.py:183} INFO - Processing /home/airflow/.local/lib/python3.12/site-packages/airflow/example_dags/example_dynamic_task_mapping.py took 0.040 seconds
[2026-01-01T09:57:57.925+0000] {processor.py:161} INFO - Started process (PID=52274) to work on /home/airflow/.local/lib/python3.12/site-packages/airflow/example_dags/example_dynamic_task_mapping.py
[2026-01-01T09:57:57.926+0000] {processor.py:830} INFO - Processing file /home/airflow/.local/lib/python3.12/site-packages/airflow/example_dags/example_dynamic_task_mapping.py for tasks to queue
[2026-01-01T09:57:57.926+0000] {logging_mixin.py:188} INFO - [2026-01-01T09:57:57.926+0000] {dagbag.py:545} INFO - Filling up the DagBag from /home/airflow/.local/lib/python3.12/site-packages/airflow/example_dags/example_dynamic_task_mapping.py
[2026-01-01T09:57:57.930+0000] {processor.py:840} INFO - DAG(s) 'example_dynamic_task_mapping' retrieved from /home/airflow/.local/lib/python3.12/site-packages/airflow/example_dags/example_dynamic_task_mapping.py
[2026-01-01T09:57:57.940+0000] {logging_mixin.py:188} INFO - [2026-01-01T09:57:57.940+0000] {dag.py:3089} INFO - Sync 1 DAGs
[2026-01-01T09:57:57.952+0000] {logging_mixin.py:188} INFO - [2026-01-01T09:57:57.952+0000] {dag.py:3947} INFO - Setting next_dagrun for example_dynamic_task_mapping to 2022-03-04 00:00:00+00:00, run_after=2022-03-05 00:00:00+00:00
[2026-01-01T09:57:57.960+0000] {processor.py:183} INFO - Processing /home/airflow/.local/lib/python3.12/site-packages/airflow/example_dags/example_dynamic_task_mapping.py took 0.038 seconds
[2026-01-01T11:12:23.163+0000] {processor.py:161} INFO - Started process (PID=52333) to work on /home/airflow/.local/lib/python3.12/site-packages/airflow/example_dags/example_dynamic_task_mapping.py
[2026-01-01T11:12:23.164+0000] {processor.py:830} INFO - Processing file /home/airflow/.local/lib/python3.12/site-packages/airflow/example_dags/example_dynamic_task_mapping.py for tasks to queue
[2026-01-01T11:12:23.164+0000] {logging_mixin.py:188} INFO - [2026-01-01T11:12:23.164+0000] {dagbag.py:545} INFO - Filling up the DagBag from /home/airflow/.local/lib/python3.12/site-packages/airflow/example_dags/example_dynamic_task_mapping.py
[2026-01-01T11:12:23.168+0000] {processor.py:840} INFO - DAG(s) 'example_dynamic_task_mapping' retrieved from /home/airflow/.local/lib/python3.12/site-packages/airflow/example_dags/example_dynamic_task_mapping.py
[2026-01-01T11:12:23.180+0000] {logging_mixin.py:188} INFO - [2026-01-01T11:12:23.180+0000] {dag.py:3089} INFO - Sync 1 DAGs
[2026-01-01T11:12:23.190+0000] {logging_mixin.py:188} INFO - [2026-01-01T11:12:23.190+0000] {dag.py:3947} INFO - Setting next_dagrun for example_dynamic_task_mapping to 2022-03-04 00:00:00+00:00, run_after=2022-03-05 00:00:00+00:00
[2026-01-01T11:12:23.200+0000] {processor.py:183} INFO - Processing /home/airflow/.local/lib/python3.12/site-packages/airflow/example_dags/example_dynamic_task_mapping.py took 0.040 seconds
[2026-01-01T12:13:29.789+0000] {processor.py:161} INFO - Started process (PID=52392) to work on /home/airflow/.local/lib/python3.12/site-packages/airflow/example_dags/example_dynamic_task_mapping.py
[2026-01-01T12:13:29.790+0000] {processor.py:830} INFO - Processing file /home/airflow/.local/lib/python3.12/site-packages/airflow/example_dags/example_dynamic_task_mapping.py for tasks to queue
[2026-01-01T12:13:29.790+0000] {logging_mixin.py:188} INFO - [2026-01-01T12:13:29.790+0000] {dagbag.py:545} INFO - Filling up the DagBag from /home/airflow/.local/lib/python3.12/site-packages/airflow/example_dags/example_dynamic_task_mapping.py
[2026-01-01T12:13:29.794+0000] {processor.py:840} INFO - DAG(s) 'example_dynamic_task_mapping' retrieved from /home/airflow/.local/lib/python3.12/site-packages/airflow/example_dags/example_dynamic_task_mapping.py
[2026-01-01T12:13:29.807+0000] {logging_mixin.py:188} INFO - [2026-01-01T12:13:29.807+0000] {dag.py:3089} INFO - Sync 1 DAGs
[2026-01-01T12:13:29.817+0000] {logging_mixin.py:188} INFO - [2026-01-01T12:13:29.817+0000] {dag.py:3947} INFO - Setting next_dagrun for example_dynamic_task_mapping to 2022-03-04 00:00:00+00:00, run_after=2022-03-05 00:00:00+00:00
[2026-01-01T12:13:29.826+0000] {processor.py:183} INFO - Processing /home/airflow/.local/lib/python3.12/site-packages/airflow/example_dags/example_dynamic_task_mapping.py took 0.040 seconds
[2026-01-01T13:31:42.095+0000] {processor.py:161} INFO - Started process (PID=52451) to work on /home/airflow/.local/lib/python3.12/site-packages/airflow/example_dags/example_dynamic_task_mapping.py
[2026-01-01T13:31:42.095+0000] {processor.py:830} INFO - Processing file /home/airflow/.local/lib/python3.12/site-packages/airflow/example_dags/example_dynamic_task_mapping.py for tasks to queue
[2026-01-01T13:31:42.095+0000] {logging_mixin.py:188} INFO - [2026-01-01T13:31:42.095+0000] {dagbag.py:545} INFO - Filling up the DagBag from /home/airflow/.local/lib/python3.12/site-packages/airflow/example_dags/example_dynamic_task_mapping.py
[2026-01-01T13:31:42.100+0000] {processor.py:840} INFO - DAG(s) 'example_dynamic_task_mapping' retrieved from /home/airflow/.local/lib/python3.12/site-packages/airflow/example_dags/example_dynamic_task_mapping.py
[2026-01-01T13:31:42.115+0000] {logging_mixin.py:188} INFO - [2026-01-01T13:31:42.115+0000] {dag.py:3089} INFO - Sync 1 DAGs
[2026-01-01T13:31:42.124+0000] {logging_mixin.py:188} INFO - [2026-01-01T13:31:42.123+0000] {dag.py:3947} INFO - Setting next_dagrun for example_dynamic_task_mapping to 2022-03-04 00:00:00+00:00, run_after=2022-03-05 00:00:00+00:00
[2026-01-01T13:31:42.135+0000] {processor.py:183} INFO - Processing /home/airflow/.local/lib/python3.12/site-packages/airflow/example_dags/example_dynamic_task_mapping.py took 0.043 seconds
[2026-01-01T15:05:24.793+0000] {processor.py:161} INFO - Started process (PID=52510) to work on /home/airflow/.local/lib/python3.12/site-packages/airflow/example_dags/example_dynamic_task_mapping.py
[2026-01-01T15:05:24.793+0000] {processor.py:830} INFO - Processing file /home/airflow/.local/lib/python3.12/site-packages/airflow/example_dags/example_dynamic_task_mapping.py for tasks to queue
[2026-01-01T15:05:24.793+0000] {logging_mixin.py:188} INFO - [2026-01-01T15:05:24.793+0000] {dagbag.py:545} INFO - Filling up the DagBag from /home/airflow/.local/lib/python3.12/site-packages/airflow/example_dags/example_dynamic_task_mapping.py
[2026-01-01T15:05:24.797+0000] {processor.py:840} INFO - DAG(s) 'example_dynamic_task_mapping' retrieved from /home/airflow/.local/lib/python3.12/site-packages/airflow/example_dags/example_dynamic_task_mapping.py
[2026-01-01T15:05:24.811+0000] {logging_mixin.py:188} INFO - [2026-01-01T15:05:24.811+0000] {dag.py:3089} INFO - Sync 1 DAGs
[2026-01-01T15:05:24.822+0000] {logging_mixin.py:188} INFO - [2026-01-01T15:05:24.822+0000] {dag.py:3947} INFO - Setting next_dagrun for example_dynamic_task_mapping to 2022-03-04 00:00:00+00:00, run_after=2022-03-05 00:00:00+00:00
[2026-01-01T15:05:24.832+0000] {processor.py:183} INFO - Processing /home/airflow/.local/lib/python3.12/site-packages/airflow/example_dags/example_dynamic_task_mapping.py took 0.042 seconds
[2026-01-01T16:17:20.714+0000] {processor.py:161} INFO - Started process (PID=52569) to work on /home/airflow/.local/lib/python3.12/site-packages/airflow/example_dags/example_dynamic_task_mapping.py
[2026-01-01T16:17:20.715+0000] {processor.py:830} INFO - Processing file /home/airflow/.local/lib/python3.12/site-packages/airflow/example_dags/example_dynamic_task_mapping.py for tasks to queue
[2026-01-01T16:17:20.715+0000] {logging_mixin.py:188} INFO - [2026-01-01T16:17:20.715+0000] {dagbag.py:545} INFO - Filling up the DagBag from /home/airflow/.local/lib/python3.12/site-packages/airflow/example_dags/example_dynamic_task_mapping.py
[2026-01-01T16:17:20.720+0000] {processor.py:840} INFO - DAG(s) 'example_dynamic_task_mapping' retrieved from /home/airflow/.local/lib/python3.12/site-packages/airflow/example_dags/example_dynamic_task_mapping.py
[2026-01-01T16:17:20.733+0000] {logging_mixin.py:188} INFO - [2026-01-01T16:17:20.733+0000] {dag.py:3089} INFO - Sync 1 DAGs
[2026-01-01T16:17:20.747+0000] {logging_mixin.py:188} INFO - [2026-01-01T16:17:20.746+0000] {dag.py:3947} INFO - Setting next_dagrun for example_dynamic_task_mapping to 2022-03-04 00:00:00+00:00, run_after=2022-03-05 00:00:00+00:00
[2026-01-01T16:17:20.758+0000] {processor.py:183} INFO - Processing /home/airflow/.local/lib/python3.12/site-packages/airflow/example_dags/example_dynamic_task_mapping.py took 0.048 seconds
[2026-01-01T17:14:39.684+0000] {processor.py:161} INFO - Started process (PID=52628) to work on /home/airflow/.local/lib/python3.12/site-packages/airflow/example_dags/example_dynamic_task_mapping.py
[2026-01-01T17:14:39.686+0000] {processor.py:830} INFO - Processing file /home/airflow/.local/lib/python3.12/site-packages/airflow/example_dags/example_dynamic_task_mapping.py for tasks to queue
[2026-01-01T17:14:39.687+0000] {logging_mixin.py:188} INFO - [2026-01-01T17:14:39.687+0000] {dagbag.py:545} INFO - Filling up the DagBag from /home/airflow/.local/lib/python3.12/site-packages/airflow/example_dags/example_dynamic_task_mapping.py
[2026-01-01T17:14:39.691+0000] {processor.py:840} INFO - DAG(s) 'example_dynamic_task_mapping' retrieved from /home/airflow/.local/lib/python3.12/site-packages/airflow/example_dags/example_dynamic_task_mapping.py
[2026-01-01T17:14:39.699+0000] {logging_mixin.py:188} INFO - [2026-01-01T17:14:39.699+0000] {dag.py:3089} INFO - Sync 1 DAGs
[2026-01-01T17:14:39.708+0000] {logging_mixin.py:188} INFO - [2026-01-01T17:14:39.708+0000] {dag.py:3947} INFO - Setting next_dagrun for example_dynamic_task_mapping to 2022-03-04 00:00:00+00:00, run_after=2022-03-05 00:00:00+00:00
[2026-01-01T17:14:39.719+0000] {processor.py:183} INFO - Processing /home/airflow/.local/lib/python3.12/site-packages/airflow/example_dags/example_dynamic_task_mapping.py took 0.038 seconds
[2026-01-01T18:19:24.190+0000] {processor.py:161} INFO - Started process (PID=52687) to work on /home/airflow/.local/lib/python3.12/site-packages/airflow/example_dags/example_dynamic_task_mapping.py
[2026-01-01T18:19:24.190+0000] {processor.py:830} INFO - Processing file /home/airflow/.local/lib/python3.12/site-packages/airflow/example_dags/example_dynamic_task_mapping.py for tasks to queue
[2026-01-01T18:19:24.190+0000] {logging_mixin.py:188} INFO - [2026-01-01T18:19:24.190+0000] {dagbag.py:545} INFO - Filling up the DagBag from /home/airflow/.local/lib/python3.12/site-packages/airflow/example_dags/example_dynamic_task_mapping.py
[2026-01-01T18:19:24.194+0000] {processor.py:840} INFO - DAG(s) 'example_dynamic_task_mapping' retrieved from /home/airflow/.local/lib/python3.12/site-packages/airflow/example_dags/example_dynamic_task_mapping.py
[2026-01-01T18:19:24.205+0000] {logging_mixin.py:188} INFO - [2026-01-01T18:19:24.205+0000] {dag.py:3089} INFO - Sync 1 DAGs
[2026-01-01T18:19:24.217+0000] {logging_mixin.py:188} INFO - [2026-01-01T18:19:24.217+0000] {dag.py:3947} INFO - Setting next_dagrun for example_dynamic_task_mapping to 2022-03-04 00:00:00+00:00, run_after=2022-03-05 00:00:00+00:00
[2026-01-01T18:19:24.225+0000] {processor.py:183} INFO - Processing /home/airflow/.local/lib/python3.12/site-packages/airflow/example_dags/example_dynamic_task_mapping.py took 0.039 seconds
[2026-01-01T19:35:32.170+0000] {processor.py:161} INFO - Started process (PID=52746) to work on /home/airflow/.local/lib/python3.12/site-packages/airflow/example_dags/example_dynamic_task_mapping.py
[2026-01-01T19:35:32.170+0000] {processor.py:830} INFO - Processing file /home/airflow/.local/lib/python3.12/site-packages/airflow/example_dags/example_dynamic_task_mapping.py for tasks to queue
[2026-01-01T19:35:32.171+0000] {logging_mixin.py:188} INFO - [2026-01-01T19:35:32.171+0000] {dagbag.py:545} INFO - Filling up the DagBag from /home/airflow/.local/lib/python3.12/site-packages/airflow/example_dags/example_dynamic_task_mapping.py
[2026-01-01T19:35:32.175+0000] {processor.py:840} INFO - DAG(s) 'example_dynamic_task_mapping' retrieved from /home/airflow/.local/lib/python3.12/site-packages/airflow/example_dags/example_dynamic_task_mapping.py
[2026-01-01T19:35:32.184+0000] {logging_mixin.py:188} INFO - [2026-01-01T19:35:32.184+0000] {dag.py:3089} INFO - Sync 1 DAGs
[2026-01-01T19:35:32.193+0000] {logging_mixin.py:188} INFO - [2026-01-01T19:35:32.193+0000] {dag.py:3947} INFO - Setting next_dagrun for example_dynamic_task_mapping to 2022-03-04 00:00:00+00:00, run_after=2022-03-05 00:00:00+00:00
[2026-01-01T19:35:32.203+0000] {processor.py:183} INFO - Processing /home/airflow/.local/lib/python3.12/site-packages/airflow/example_dags/example_dynamic_task_mapping.py took 0.036 seconds
[2026-01-01T20:54:41.349+0000] {processor.py:161} INFO - Started process (PID=52805) to work on /home/airflow/.local/lib/python3.12/site-packages/airflow/example_dags/example_dynamic_task_mapping.py
[2026-01-01T20:54:41.350+0000] {processor.py:830} INFO - Processing file /home/airflow/.local/lib/python3.12/site-packages/airflow/example_dags/example_dynamic_task_mapping.py for tasks to queue
[2026-01-01T20:54:41.351+0000] {logging_mixin.py:188} INFO - [2026-01-01T20:54:41.351+0000] {dagbag.py:545} INFO - Filling up the DagBag from /home/airflow/.local/lib/python3.12/site-packages/airflow/example_dags/example_dynamic_task_mapping.py
[2026-01-01T20:54:41.357+0000] {processor.py:840} INFO - DAG(s) 'example_dynamic_task_mapping' retrieved from /home/airflow/.local/lib/python3.12/site-packages/airflow/example_dags/example_dynamic_task_mapping.py
[2026-01-01T20:54:41.369+0000] {logging_mixin.py:188} INFO - [2026-01-01T20:54:41.368+0000] {dag.py:3089} INFO - Sync 1 DAGs
[2026-01-01T20:54:41.377+0000] {logging_mixin.py:188} INFO - [2026-01-01T20:54:41.377+0000] {dag.py:3947} INFO - Setting next_dagrun for example_dynamic_task_mapping to 2022-03-04 00:00:00+00:00, run_after=2022-03-05 00:00:00+00:00
[2026-01-01T20:54:41.389+0000] {processor.py:183} INFO - Processing /home/airflow/.local/lib/python3.12/site-packages/airflow/example_dags/example_dynamic_task_mapping.py took 0.044 seconds
[2026-01-01T22:37:23.014+0000] {processor.py:161} INFO - Started process (PID=52864) to work on /home/airflow/.local/lib/python3.12/site-packages/airflow/example_dags/example_dynamic_task_mapping.py
[2026-01-01T22:37:23.014+0000] {processor.py:830} INFO - Processing file /home/airflow/.local/lib/python3.12/site-packages/airflow/example_dags/example_dynamic_task_mapping.py for tasks to queue
[2026-01-01T22:37:23.015+0000] {logging_mixin.py:188} INFO - [2026-01-01T22:37:23.015+0000] {dagbag.py:545} INFO - Filling up the DagBag from /home/airflow/.local/lib/python3.12/site-packages/airflow/example_dags/example_dynamic_task_mapping.py
[2026-01-01T22:37:23.019+0000] {processor.py:840} INFO - DAG(s) 'example_dynamic_task_mapping' retrieved from /home/airflow/.local/lib/python3.12/site-packages/airflow/example_dags/example_dynamic_task_mapping.py
[2026-01-01T22:37:23.030+0000] {logging_mixin.py:188} INFO - [2026-01-01T22:37:23.030+0000] {dag.py:3089} INFO - Sync 1 DAGs
[2026-01-01T22:37:23.045+0000] {logging_mixin.py:188} INFO - [2026-01-01T22:37:23.044+0000] {dag.py:3947} INFO - Setting next_dagrun for example_dynamic_task_mapping to 2022-03-04 00:00:00+00:00, run_after=2022-03-05 00:00:00+00:00
[2026-01-01T22:37:23.052+0000] {processor.py:183} INFO - Processing /home/airflow/.local/lib/python3.12/site-packages/airflow/example_dags/example_dynamic_task_mapping.py took 0.041 seconds
[2026-01-01T23:54:05.472+0000] {processor.py:161} INFO - Started process (PID=52923) to work on /home/airflow/.local/lib/python3.12/site-packages/airflow/example_dags/example_dynamic_task_mapping.py
[2026-01-01T23:54:05.472+0000] {processor.py:830} INFO - Processing file /home/airflow/.local/lib/python3.12/site-packages/airflow/example_dags/example_dynamic_task_mapping.py for tasks to queue
[2026-01-01T23:54:05.473+0000] {logging_mixin.py:188} INFO - [2026-01-01T23:54:05.473+0000] {dagbag.py:545} INFO - Filling up the DagBag from /home/airflow/.local/lib/python3.12/site-packages/airflow/example_dags/example_dynamic_task_mapping.py
[2026-01-01T23:54:05.479+0000] {processor.py:840} INFO - DAG(s) 'example_dynamic_task_mapping' retrieved from /home/airflow/.local/lib/python3.12/site-packages/airflow/example_dags/example_dynamic_task_mapping.py
[2026-01-01T23:54:05.495+0000] {logging_mixin.py:188} INFO - [2026-01-01T23:54:05.494+0000] {dag.py:3089} INFO - Sync 1 DAGs
[2026-01-01T23:54:05.505+0000] {logging_mixin.py:188} INFO - [2026-01-01T23:54:05.505+0000] {dag.py:3947} INFO - Setting next_dagrun for example_dynamic_task_mapping to 2022-03-04 00:00:00+00:00, run_after=2022-03-05 00:00:00+00:00
[2026-01-01T23:54:05.526+0000] {processor.py:183} INFO - Processing /home/airflow/.local/lib/python3.12/site-packages/airflow/example_dags/example_dynamic_task_mapping.py took 0.058 seconds
