[2026-01-01T01:03:23.663+0000] {processor.py:161} INFO - Started process (PID=51855) to work on /home/airflow/.local/lib/python3.12/site-packages/airflow/example_dags/example_branch_python_dop_operator_3.py
[2026-01-01T01:03:23.664+0000] {processor.py:830} INFO - Processing file /home/airflow/.local/lib/python3.12/site-packages/airflow/example_dags/example_branch_python_dop_operator_3.py for tasks to queue
[2026-01-01T01:03:23.665+0000] {logging_mixin.py:188} INFO - [2026-01-01T01:03:23.665+0000] {dagbag.py:545} INFO - Filling up the DagBag from /home/airflow/.local/lib/python3.12/site-packages/airflow/example_dags/example_branch_python_dop_operator_3.py
[2026-01-01T01:03:23.668+0000] {processor.py:840} INFO - DAG(s) 'example_branch_dop_operator_v3' retrieved from /home/airflow/.local/lib/python3.12/site-packages/airflow/example_dags/example_branch_python_dop_operator_3.py
[2026-01-01T01:03:23.682+0000] {logging_mixin.py:188} INFO - [2026-01-01T01:03:23.682+0000] {dag.py:3089} INFO - Sync 1 DAGs
[2026-01-01T01:03:23.695+0000] {logging_mixin.py:188} INFO - [2026-01-01T01:03:23.695+0000] {dag.py:3947} INFO - Setting next_dagrun for example_branch_dop_operator_v3 to 2026-01-01 01:02:00+00:00, run_after=2026-01-01 01:03:00+00:00
[2026-01-01T01:03:23.703+0000] {processor.py:183} INFO - Processing /home/airflow/.local/lib/python3.12/site-packages/airflow/example_dags/example_branch_python_dop_operator_3.py took 0.042 seconds
[2026-01-01T02:01:02.834+0000] {processor.py:161} INFO - Started process (PID=51914) to work on /home/airflow/.local/lib/python3.12/site-packages/airflow/example_dags/example_branch_python_dop_operator_3.py
[2026-01-01T02:01:02.836+0000] {processor.py:830} INFO - Processing file /home/airflow/.local/lib/python3.12/site-packages/airflow/example_dags/example_branch_python_dop_operator_3.py for tasks to queue
[2026-01-01T02:01:02.837+0000] {logging_mixin.py:188} INFO - [2026-01-01T02:01:02.837+0000] {dagbag.py:545} INFO - Filling up the DagBag from /home/airflow/.local/lib/python3.12/site-packages/airflow/example_dags/example_branch_python_dop_operator_3.py
[2026-01-01T02:01:02.842+0000] {processor.py:840} INFO - DAG(s) 'example_branch_dop_operator_v3' retrieved from /home/airflow/.local/lib/python3.12/site-packages/airflow/example_dags/example_branch_python_dop_operator_3.py
[2026-01-01T02:01:02.857+0000] {logging_mixin.py:188} INFO - [2026-01-01T02:01:02.857+0000] {dag.py:3089} INFO - Sync 1 DAGs
[2026-01-01T02:01:02.868+0000] {logging_mixin.py:188} INFO - [2026-01-01T02:01:02.868+0000] {dag.py:3947} INFO - Setting next_dagrun for example_branch_dop_operator_v3 to 2026-01-01 02:00:00+00:00, run_after=2026-01-01 02:01:00+00:00
[2026-01-01T02:01:02.878+0000] {processor.py:183} INFO - Processing /home/airflow/.local/lib/python3.12/site-packages/airflow/example_dags/example_branch_python_dop_operator_3.py took 0.047 seconds
[2026-01-01T03:35:54.185+0000] {processor.py:161} INFO - Started process (PID=51973) to work on /home/airflow/.local/lib/python3.12/site-packages/airflow/example_dags/example_branch_python_dop_operator_3.py
[2026-01-01T03:35:54.185+0000] {processor.py:830} INFO - Processing file /home/airflow/.local/lib/python3.12/site-packages/airflow/example_dags/example_branch_python_dop_operator_3.py for tasks to queue
[2026-01-01T03:35:54.186+0000] {logging_mixin.py:188} INFO - [2026-01-01T03:35:54.186+0000] {dagbag.py:545} INFO - Filling up the DagBag from /home/airflow/.local/lib/python3.12/site-packages/airflow/example_dags/example_branch_python_dop_operator_3.py
[2026-01-01T03:35:54.190+0000] {processor.py:840} INFO - DAG(s) 'example_branch_dop_operator_v3' retrieved from /home/airflow/.local/lib/python3.12/site-packages/airflow/example_dags/example_branch_python_dop_operator_3.py
[2026-01-01T03:35:54.203+0000] {logging_mixin.py:188} INFO - [2026-01-01T03:35:54.203+0000] {dag.py:3089} INFO - Sync 1 DAGs
[2026-01-01T03:35:54.216+0000] {logging_mixin.py:188} INFO - [2026-01-01T03:35:54.216+0000] {dag.py:3947} INFO - Setting next_dagrun for example_branch_dop_operator_v3 to 2026-01-01 03:34:00+00:00, run_after=2026-01-01 03:35:00+00:00
[2026-01-01T03:35:54.227+0000] {processor.py:183} INFO - Processing /home/airflow/.local/lib/python3.12/site-packages/airflow/example_dags/example_branch_python_dop_operator_3.py took 0.044 seconds
[2026-01-01T04:55:54.370+0000] {processor.py:161} INFO - Started process (PID=52033) to work on /home/airflow/.local/lib/python3.12/site-packages/airflow/example_dags/example_branch_python_dop_operator_3.py
[2026-01-01T04:55:54.371+0000] {processor.py:830} INFO - Processing file /home/airflow/.local/lib/python3.12/site-packages/airflow/example_dags/example_branch_python_dop_operator_3.py for tasks to queue
[2026-01-01T04:55:54.371+0000] {logging_mixin.py:188} INFO - [2026-01-01T04:55:54.371+0000] {dagbag.py:545} INFO - Filling up the DagBag from /home/airflow/.local/lib/python3.12/site-packages/airflow/example_dags/example_branch_python_dop_operator_3.py
[2026-01-01T04:55:54.375+0000] {processor.py:840} INFO - DAG(s) 'example_branch_dop_operator_v3' retrieved from /home/airflow/.local/lib/python3.12/site-packages/airflow/example_dags/example_branch_python_dop_operator_3.py
[2026-01-01T04:55:54.384+0000] {logging_mixin.py:188} INFO - [2026-01-01T04:55:54.384+0000] {dag.py:3089} INFO - Sync 1 DAGs
[2026-01-01T04:55:54.394+0000] {logging_mixin.py:188} INFO - [2026-01-01T04:55:54.394+0000] {dag.py:3947} INFO - Setting next_dagrun for example_branch_dop_operator_v3 to 2026-01-01 04:54:00+00:00, run_after=2026-01-01 04:55:00+00:00
[2026-01-01T04:55:54.402+0000] {processor.py:183} INFO - Processing /home/airflow/.local/lib/python3.12/site-packages/airflow/example_dags/example_branch_python_dop_operator_3.py took 0.035 seconds
[2026-01-01T06:07:22.472+0000] {processor.py:161} INFO - Started process (PID=52092) to work on /home/airflow/.local/lib/python3.12/site-packages/airflow/example_dags/example_branch_python_dop_operator_3.py
[2026-01-01T06:07:22.473+0000] {processor.py:830} INFO - Processing file /home/airflow/.local/lib/python3.12/site-packages/airflow/example_dags/example_branch_python_dop_operator_3.py for tasks to queue
[2026-01-01T06:07:22.473+0000] {logging_mixin.py:188} INFO - [2026-01-01T06:07:22.473+0000] {dagbag.py:545} INFO - Filling up the DagBag from /home/airflow/.local/lib/python3.12/site-packages/airflow/example_dags/example_branch_python_dop_operator_3.py
[2026-01-01T06:07:22.477+0000] {processor.py:840} INFO - DAG(s) 'example_branch_dop_operator_v3' retrieved from /home/airflow/.local/lib/python3.12/site-packages/airflow/example_dags/example_branch_python_dop_operator_3.py
[2026-01-01T06:07:22.488+0000] {logging_mixin.py:188} INFO - [2026-01-01T06:07:22.488+0000] {dag.py:3089} INFO - Sync 1 DAGs
[2026-01-01T06:07:22.501+0000] {logging_mixin.py:188} INFO - [2026-01-01T06:07:22.501+0000] {dag.py:3947} INFO - Setting next_dagrun for example_branch_dop_operator_v3 to 2026-01-01 06:06:00+00:00, run_after=2026-01-01 06:07:00+00:00
[2026-01-01T06:07:22.515+0000] {processor.py:183} INFO - Processing /home/airflow/.local/lib/python3.12/site-packages/airflow/example_dags/example_branch_python_dop_operator_3.py took 0.045 seconds
[2026-01-01T07:40:36.713+0000] {processor.py:161} INFO - Started process (PID=52151) to work on /home/airflow/.local/lib/python3.12/site-packages/airflow/example_dags/example_branch_python_dop_operator_3.py
[2026-01-01T07:40:36.713+0000] {processor.py:830} INFO - Processing file /home/airflow/.local/lib/python3.12/site-packages/airflow/example_dags/example_branch_python_dop_operator_3.py for tasks to queue
[2026-01-01T07:40:36.713+0000] {logging_mixin.py:188} INFO - [2026-01-01T07:40:36.713+0000] {dagbag.py:545} INFO - Filling up the DagBag from /home/airflow/.local/lib/python3.12/site-packages/airflow/example_dags/example_branch_python_dop_operator_3.py
[2026-01-01T07:40:36.717+0000] {processor.py:840} INFO - DAG(s) 'example_branch_dop_operator_v3' retrieved from /home/airflow/.local/lib/python3.12/site-packages/airflow/example_dags/example_branch_python_dop_operator_3.py
[2026-01-01T07:40:36.728+0000] {logging_mixin.py:188} INFO - [2026-01-01T07:40:36.728+0000] {dag.py:3089} INFO - Sync 1 DAGs
[2026-01-01T07:40:36.738+0000] {logging_mixin.py:188} INFO - [2026-01-01T07:40:36.738+0000] {dag.py:3947} INFO - Setting next_dagrun for example_branch_dop_operator_v3 to 2026-01-01 07:39:00+00:00, run_after=2026-01-01 07:40:00+00:00
[2026-01-01T07:40:36.745+0000] {processor.py:183} INFO - Processing /home/airflow/.local/lib/python3.12/site-packages/airflow/example_dags/example_branch_python_dop_operator_3.py took 0.035 seconds
[2026-01-01T08:44:36.549+0000] {processor.py:161} INFO - Started process (PID=52210) to work on /home/airflow/.local/lib/python3.12/site-packages/airflow/example_dags/example_branch_python_dop_operator_3.py
[2026-01-01T08:44:36.549+0000] {processor.py:830} INFO - Processing file /home/airflow/.local/lib/python3.12/site-packages/airflow/example_dags/example_branch_python_dop_operator_3.py for tasks to queue
[2026-01-01T08:44:36.550+0000] {logging_mixin.py:188} INFO - [2026-01-01T08:44:36.550+0000] {dagbag.py:545} INFO - Filling up the DagBag from /home/airflow/.local/lib/python3.12/site-packages/airflow/example_dags/example_branch_python_dop_operator_3.py
[2026-01-01T08:44:36.554+0000] {processor.py:840} INFO - DAG(s) 'example_branch_dop_operator_v3' retrieved from /home/airflow/.local/lib/python3.12/site-packages/airflow/example_dags/example_branch_python_dop_operator_3.py
[2026-01-01T08:44:36.564+0000] {logging_mixin.py:188} INFO - [2026-01-01T08:44:36.564+0000] {dag.py:3089} INFO - Sync 1 DAGs
[2026-01-01T08:44:36.575+0000] {logging_mixin.py:188} INFO - [2026-01-01T08:44:36.575+0000] {dag.py:3947} INFO - Setting next_dagrun for example_branch_dop_operator_v3 to 2026-01-01 08:43:00+00:00, run_after=2026-01-01 08:44:00+00:00
[2026-01-01T08:44:36.586+0000] {processor.py:183} INFO - Processing /home/airflow/.local/lib/python3.12/site-packages/airflow/example_dags/example_branch_python_dop_operator_3.py took 0.040 seconds
[2026-01-01T09:57:57.776+0000] {processor.py:161} INFO - Started process (PID=52269) to work on /home/airflow/.local/lib/python3.12/site-packages/airflow/example_dags/example_branch_python_dop_operator_3.py
[2026-01-01T09:57:57.779+0000] {processor.py:830} INFO - Processing file /home/airflow/.local/lib/python3.12/site-packages/airflow/example_dags/example_branch_python_dop_operator_3.py for tasks to queue
[2026-01-01T09:57:57.779+0000] {logging_mixin.py:188} INFO - [2026-01-01T09:57:57.779+0000] {dagbag.py:545} INFO - Filling up the DagBag from /home/airflow/.local/lib/python3.12/site-packages/airflow/example_dags/example_branch_python_dop_operator_3.py
[2026-01-01T09:57:57.784+0000] {processor.py:840} INFO - DAG(s) 'example_branch_dop_operator_v3' retrieved from /home/airflow/.local/lib/python3.12/site-packages/airflow/example_dags/example_branch_python_dop_operator_3.py
[2026-01-01T09:57:57.793+0000] {logging_mixin.py:188} INFO - [2026-01-01T09:57:57.793+0000] {dag.py:3089} INFO - Sync 1 DAGs
[2026-01-01T09:57:57.804+0000] {logging_mixin.py:188} INFO - [2026-01-01T09:57:57.804+0000] {dag.py:3947} INFO - Setting next_dagrun for example_branch_dop_operator_v3 to 2026-01-01 09:56:00+00:00, run_after=2026-01-01 09:57:00+00:00
[2026-01-01T09:57:57.814+0000] {processor.py:183} INFO - Processing /home/airflow/.local/lib/python3.12/site-packages/airflow/example_dags/example_branch_python_dop_operator_3.py took 0.041 seconds
[2026-01-01T11:12:23.012+0000] {processor.py:161} INFO - Started process (PID=52328) to work on /home/airflow/.local/lib/python3.12/site-packages/airflow/example_dags/example_branch_python_dop_operator_3.py
[2026-01-01T11:12:23.012+0000] {processor.py:830} INFO - Processing file /home/airflow/.local/lib/python3.12/site-packages/airflow/example_dags/example_branch_python_dop_operator_3.py for tasks to queue
[2026-01-01T11:12:23.013+0000] {logging_mixin.py:188} INFO - [2026-01-01T11:12:23.013+0000] {dagbag.py:545} INFO - Filling up the DagBag from /home/airflow/.local/lib/python3.12/site-packages/airflow/example_dags/example_branch_python_dop_operator_3.py
[2026-01-01T11:12:23.017+0000] {processor.py:840} INFO - DAG(s) 'example_branch_dop_operator_v3' retrieved from /home/airflow/.local/lib/python3.12/site-packages/airflow/example_dags/example_branch_python_dop_operator_3.py
[2026-01-01T11:12:23.029+0000] {logging_mixin.py:188} INFO - [2026-01-01T11:12:23.029+0000] {dag.py:3089} INFO - Sync 1 DAGs
[2026-01-01T11:12:23.041+0000] {logging_mixin.py:188} INFO - [2026-01-01T11:12:23.041+0000] {dag.py:3947} INFO - Setting next_dagrun for example_branch_dop_operator_v3 to 2026-01-01 11:11:00+00:00, run_after=2026-01-01 11:12:00+00:00
[2026-01-01T11:12:23.050+0000] {processor.py:183} INFO - Processing /home/airflow/.local/lib/python3.12/site-packages/airflow/example_dags/example_branch_python_dop_operator_3.py took 0.041 seconds
[2026-01-01T12:13:29.672+0000] {processor.py:161} INFO - Started process (PID=52387) to work on /home/airflow/.local/lib/python3.12/site-packages/airflow/example_dags/example_branch_python_dop_operator_3.py
[2026-01-01T12:13:29.674+0000] {processor.py:830} INFO - Processing file /home/airflow/.local/lib/python3.12/site-packages/airflow/example_dags/example_branch_python_dop_operator_3.py for tasks to queue
[2026-01-01T12:13:29.675+0000] {logging_mixin.py:188} INFO - [2026-01-01T12:13:29.675+0000] {dagbag.py:545} INFO - Filling up the DagBag from /home/airflow/.local/lib/python3.12/site-packages/airflow/example_dags/example_branch_python_dop_operator_3.py
[2026-01-01T12:13:29.679+0000] {processor.py:840} INFO - DAG(s) 'example_branch_dop_operator_v3' retrieved from /home/airflow/.local/lib/python3.12/site-packages/airflow/example_dags/example_branch_python_dop_operator_3.py
[2026-01-01T12:13:29.690+0000] {logging_mixin.py:188} INFO - [2026-01-01T12:13:29.690+0000] {dag.py:3089} INFO - Sync 1 DAGs
[2026-01-01T12:13:29.700+0000] {logging_mixin.py:188} INFO - [2026-01-01T12:13:29.700+0000] {dag.py:3947} INFO - Setting next_dagrun for example_branch_dop_operator_v3 to 2026-01-01 12:12:00+00:00, run_after=2026-01-01 12:13:00+00:00
[2026-01-01T12:13:29.710+0000] {processor.py:183} INFO - Processing /home/airflow/.local/lib/python3.12/site-packages/airflow/example_dags/example_branch_python_dop_operator_3.py took 0.041 seconds
[2026-01-01T13:31:41.980+0000] {processor.py:161} INFO - Started process (PID=52446) to work on /home/airflow/.local/lib/python3.12/site-packages/airflow/example_dags/example_branch_python_dop_operator_3.py
[2026-01-01T13:31:41.981+0000] {processor.py:830} INFO - Processing file /home/airflow/.local/lib/python3.12/site-packages/airflow/example_dags/example_branch_python_dop_operator_3.py for tasks to queue
[2026-01-01T13:31:41.982+0000] {logging_mixin.py:188} INFO - [2026-01-01T13:31:41.981+0000] {dagbag.py:545} INFO - Filling up the DagBag from /home/airflow/.local/lib/python3.12/site-packages/airflow/example_dags/example_branch_python_dop_operator_3.py
[2026-01-01T13:31:41.986+0000] {processor.py:840} INFO - DAG(s) 'example_branch_dop_operator_v3' retrieved from /home/airflow/.local/lib/python3.12/site-packages/airflow/example_dags/example_branch_python_dop_operator_3.py
[2026-01-01T13:31:41.998+0000] {logging_mixin.py:188} INFO - [2026-01-01T13:31:41.998+0000] {dag.py:3089} INFO - Sync 1 DAGs
[2026-01-01T13:31:42.007+0000] {logging_mixin.py:188} INFO - [2026-01-01T13:31:42.007+0000] {dag.py:3947} INFO - Setting next_dagrun for example_branch_dop_operator_v3 to 2026-01-01 13:30:00+00:00, run_after=2026-01-01 13:31:00+00:00
[2026-01-01T13:31:42.018+0000] {processor.py:183} INFO - Processing /home/airflow/.local/lib/python3.12/site-packages/airflow/example_dags/example_branch_python_dop_operator_3.py took 0.041 seconds
[2026-01-01T15:05:24.667+0000] {processor.py:161} INFO - Started process (PID=52505) to work on /home/airflow/.local/lib/python3.12/site-packages/airflow/example_dags/example_branch_python_dop_operator_3.py
[2026-01-01T15:05:24.669+0000] {processor.py:830} INFO - Processing file /home/airflow/.local/lib/python3.12/site-packages/airflow/example_dags/example_branch_python_dop_operator_3.py for tasks to queue
[2026-01-01T15:05:24.670+0000] {logging_mixin.py:188} INFO - [2026-01-01T15:05:24.670+0000] {dagbag.py:545} INFO - Filling up the DagBag from /home/airflow/.local/lib/python3.12/site-packages/airflow/example_dags/example_branch_python_dop_operator_3.py
[2026-01-01T15:05:24.674+0000] {processor.py:840} INFO - DAG(s) 'example_branch_dop_operator_v3' retrieved from /home/airflow/.local/lib/python3.12/site-packages/airflow/example_dags/example_branch_python_dop_operator_3.py
[2026-01-01T15:05:24.684+0000] {logging_mixin.py:188} INFO - [2026-01-01T15:05:24.684+0000] {dag.py:3089} INFO - Sync 1 DAGs
[2026-01-01T15:05:24.695+0000] {logging_mixin.py:188} INFO - [2026-01-01T15:05:24.695+0000] {dag.py:3947} INFO - Setting next_dagrun for example_branch_dop_operator_v3 to 2026-01-01 15:04:00+00:00, run_after=2026-01-01 15:05:00+00:00
[2026-01-01T15:05:24.711+0000] {processor.py:183} INFO - Processing /home/airflow/.local/lib/python3.12/site-packages/airflow/example_dags/example_branch_python_dop_operator_3.py took 0.047 seconds
[2026-01-01T16:17:20.582+0000] {processor.py:161} INFO - Started process (PID=52564) to work on /home/airflow/.local/lib/python3.12/site-packages/airflow/example_dags/example_branch_python_dop_operator_3.py
[2026-01-01T16:17:20.583+0000] {processor.py:830} INFO - Processing file /home/airflow/.local/lib/python3.12/site-packages/airflow/example_dags/example_branch_python_dop_operator_3.py for tasks to queue
[2026-01-01T16:17:20.583+0000] {logging_mixin.py:188} INFO - [2026-01-01T16:17:20.583+0000] {dagbag.py:545} INFO - Filling up the DagBag from /home/airflow/.local/lib/python3.12/site-packages/airflow/example_dags/example_branch_python_dop_operator_3.py
[2026-01-01T16:17:20.588+0000] {processor.py:840} INFO - DAG(s) 'example_branch_dop_operator_v3' retrieved from /home/airflow/.local/lib/python3.12/site-packages/airflow/example_dags/example_branch_python_dop_operator_3.py
[2026-01-01T16:17:20.598+0000] {logging_mixin.py:188} INFO - [2026-01-01T16:17:20.598+0000] {dag.py:3089} INFO - Sync 1 DAGs
[2026-01-01T16:17:20.612+0000] {logging_mixin.py:188} INFO - [2026-01-01T16:17:20.612+0000] {dag.py:3947} INFO - Setting next_dagrun for example_branch_dop_operator_v3 to 2026-01-01 16:16:00+00:00, run_after=2026-01-01 16:17:00+00:00
[2026-01-01T16:17:20.626+0000] {processor.py:183} INFO - Processing /home/airflow/.local/lib/python3.12/site-packages/airflow/example_dags/example_branch_python_dop_operator_3.py took 0.048 seconds
[2026-01-01T17:14:39.500+0000] {processor.py:161} INFO - Started process (PID=52623) to work on /home/airflow/.local/lib/python3.12/site-packages/airflow/example_dags/example_branch_python_dop_operator_3.py
[2026-01-01T17:14:39.501+0000] {processor.py:830} INFO - Processing file /home/airflow/.local/lib/python3.12/site-packages/airflow/example_dags/example_branch_python_dop_operator_3.py for tasks to queue
[2026-01-01T17:14:39.501+0000] {logging_mixin.py:188} INFO - [2026-01-01T17:14:39.501+0000] {dagbag.py:545} INFO - Filling up the DagBag from /home/airflow/.local/lib/python3.12/site-packages/airflow/example_dags/example_branch_python_dop_operator_3.py
[2026-01-01T17:14:39.507+0000] {processor.py:840} INFO - DAG(s) 'example_branch_dop_operator_v3' retrieved from /home/airflow/.local/lib/python3.12/site-packages/airflow/example_dags/example_branch_python_dop_operator_3.py
[2026-01-01T17:14:39.524+0000] {logging_mixin.py:188} INFO - [2026-01-01T17:14:39.524+0000] {dag.py:3089} INFO - Sync 1 DAGs
[2026-01-01T17:14:39.537+0000] {logging_mixin.py:188} INFO - [2026-01-01T17:14:39.536+0000] {dag.py:3947} INFO - Setting next_dagrun for example_branch_dop_operator_v3 to 2026-01-01 17:13:00+00:00, run_after=2026-01-01 17:14:00+00:00
[2026-01-01T17:14:39.548+0000] {processor.py:183} INFO - Processing /home/airflow/.local/lib/python3.12/site-packages/airflow/example_dags/example_branch_python_dop_operator_3.py took 0.051 seconds
[2026-01-01T18:19:24.006+0000] {processor.py:161} INFO - Started process (PID=52682) to work on /home/airflow/.local/lib/python3.12/site-packages/airflow/example_dags/example_branch_python_dop_operator_3.py
[2026-01-01T18:19:24.006+0000] {processor.py:830} INFO - Processing file /home/airflow/.local/lib/python3.12/site-packages/airflow/example_dags/example_branch_python_dop_operator_3.py for tasks to queue
[2026-01-01T18:19:24.007+0000] {logging_mixin.py:188} INFO - [2026-01-01T18:19:24.007+0000] {dagbag.py:545} INFO - Filling up the DagBag from /home/airflow/.local/lib/python3.12/site-packages/airflow/example_dags/example_branch_python_dop_operator_3.py
[2026-01-01T18:19:24.011+0000] {processor.py:840} INFO - DAG(s) 'example_branch_dop_operator_v3' retrieved from /home/airflow/.local/lib/python3.12/site-packages/airflow/example_dags/example_branch_python_dop_operator_3.py
[2026-01-01T18:19:24.023+0000] {logging_mixin.py:188} INFO - [2026-01-01T18:19:24.023+0000] {dag.py:3089} INFO - Sync 1 DAGs
[2026-01-01T18:19:24.035+0000] {logging_mixin.py:188} INFO - [2026-01-01T18:19:24.035+0000] {dag.py:3947} INFO - Setting next_dagrun for example_branch_dop_operator_v3 to 2026-01-01 18:18:00+00:00, run_after=2026-01-01 18:19:00+00:00
[2026-01-01T18:19:24.045+0000] {processor.py:183} INFO - Processing /home/airflow/.local/lib/python3.12/site-packages/airflow/example_dags/example_branch_python_dop_operator_3.py took 0.042 seconds
[2026-01-01T19:35:32.020+0000] {processor.py:161} INFO - Started process (PID=52741) to work on /home/airflow/.local/lib/python3.12/site-packages/airflow/example_dags/example_branch_python_dop_operator_3.py
[2026-01-01T19:35:32.021+0000] {processor.py:830} INFO - Processing file /home/airflow/.local/lib/python3.12/site-packages/airflow/example_dags/example_branch_python_dop_operator_3.py for tasks to queue
[2026-01-01T19:35:32.021+0000] {logging_mixin.py:188} INFO - [2026-01-01T19:35:32.021+0000] {dagbag.py:545} INFO - Filling up the DagBag from /home/airflow/.local/lib/python3.12/site-packages/airflow/example_dags/example_branch_python_dop_operator_3.py
[2026-01-01T19:35:32.025+0000] {processor.py:840} INFO - DAG(s) 'example_branch_dop_operator_v3' retrieved from /home/airflow/.local/lib/python3.12/site-packages/airflow/example_dags/example_branch_python_dop_operator_3.py
[2026-01-01T19:35:32.034+0000] {logging_mixin.py:188} INFO - [2026-01-01T19:35:32.034+0000] {dag.py:3089} INFO - Sync 1 DAGs
[2026-01-01T19:35:32.047+0000] {logging_mixin.py:188} INFO - [2026-01-01T19:35:32.047+0000] {dag.py:3947} INFO - Setting next_dagrun for example_branch_dop_operator_v3 to 2026-01-01 19:34:00+00:00, run_after=2026-01-01 19:35:00+00:00
[2026-01-01T19:35:32.060+0000] {processor.py:183} INFO - Processing /home/airflow/.local/lib/python3.12/site-packages/airflow/example_dags/example_branch_python_dop_operator_3.py took 0.042 seconds
[2026-01-01T20:54:41.208+0000] {processor.py:161} INFO - Started process (PID=52800) to work on /home/airflow/.local/lib/python3.12/site-packages/airflow/example_dags/example_branch_python_dop_operator_3.py
[2026-01-01T20:54:41.211+0000] {processor.py:830} INFO - Processing file /home/airflow/.local/lib/python3.12/site-packages/airflow/example_dags/example_branch_python_dop_operator_3.py for tasks to queue
[2026-01-01T20:54:41.211+0000] {logging_mixin.py:188} INFO - [2026-01-01T20:54:41.211+0000] {dagbag.py:545} INFO - Filling up the DagBag from /home/airflow/.local/lib/python3.12/site-packages/airflow/example_dags/example_branch_python_dop_operator_3.py
[2026-01-01T20:54:41.216+0000] {processor.py:840} INFO - DAG(s) 'example_branch_dop_operator_v3' retrieved from /home/airflow/.local/lib/python3.12/site-packages/airflow/example_dags/example_branch_python_dop_operator_3.py
[2026-01-01T20:54:41.226+0000] {logging_mixin.py:188} INFO - [2026-01-01T20:54:41.226+0000] {dag.py:3089} INFO - Sync 1 DAGs
[2026-01-01T20:54:41.236+0000] {logging_mixin.py:188} INFO - [2026-01-01T20:54:41.236+0000] {dag.py:3947} INFO - Setting next_dagrun for example_branch_dop_operator_v3 to 2026-01-01 20:53:00+00:00, run_after=2026-01-01 20:54:00+00:00
[2026-01-01T20:54:41.245+0000] {processor.py:183} INFO - Processing /home/airflow/.local/lib/python3.12/site-packages/airflow/example_dags/example_branch_python_dop_operator_3.py took 0.040 seconds
[2026-01-01T22:37:22.863+0000] {processor.py:161} INFO - Started process (PID=52859) to work on /home/airflow/.local/lib/python3.12/site-packages/airflow/example_dags/example_branch_python_dop_operator_3.py
[2026-01-01T22:37:22.864+0000] {processor.py:830} INFO - Processing file /home/airflow/.local/lib/python3.12/site-packages/airflow/example_dags/example_branch_python_dop_operator_3.py for tasks to queue
[2026-01-01T22:37:22.864+0000] {logging_mixin.py:188} INFO - [2026-01-01T22:37:22.864+0000] {dagbag.py:545} INFO - Filling up the DagBag from /home/airflow/.local/lib/python3.12/site-packages/airflow/example_dags/example_branch_python_dop_operator_3.py
[2026-01-01T22:37:22.869+0000] {processor.py:840} INFO - DAG(s) 'example_branch_dop_operator_v3' retrieved from /home/airflow/.local/lib/python3.12/site-packages/airflow/example_dags/example_branch_python_dop_operator_3.py
[2026-01-01T22:37:22.878+0000] {logging_mixin.py:188} INFO - [2026-01-01T22:37:22.877+0000] {dag.py:3089} INFO - Sync 1 DAGs
[2026-01-01T22:37:22.887+0000] {logging_mixin.py:188} INFO - [2026-01-01T22:37:22.887+0000] {dag.py:3947} INFO - Setting next_dagrun for example_branch_dop_operator_v3 to 2026-01-01 22:36:00+00:00, run_after=2026-01-01 22:37:00+00:00
[2026-01-01T22:37:22.901+0000] {processor.py:183} INFO - Processing /home/airflow/.local/lib/python3.12/site-packages/airflow/example_dags/example_branch_python_dop_operator_3.py took 0.041 seconds
[2026-01-01T23:54:05.262+0000] {processor.py:161} INFO - Started process (PID=52918) to work on /home/airflow/.local/lib/python3.12/site-packages/airflow/example_dags/example_branch_python_dop_operator_3.py
[2026-01-01T23:54:05.263+0000] {processor.py:830} INFO - Processing file /home/airflow/.local/lib/python3.12/site-packages/airflow/example_dags/example_branch_python_dop_operator_3.py for tasks to queue
[2026-01-01T23:54:05.263+0000] {logging_mixin.py:188} INFO - [2026-01-01T23:54:05.263+0000] {dagbag.py:545} INFO - Filling up the DagBag from /home/airflow/.local/lib/python3.12/site-packages/airflow/example_dags/example_branch_python_dop_operator_3.py
[2026-01-01T23:54:05.271+0000] {processor.py:840} INFO - DAG(s) 'example_branch_dop_operator_v3' retrieved from /home/airflow/.local/lib/python3.12/site-packages/airflow/example_dags/example_branch_python_dop_operator_3.py
[2026-01-01T23:54:05.293+0000] {logging_mixin.py:188} INFO - [2026-01-01T23:54:05.293+0000] {dag.py:3089} INFO - Sync 1 DAGs
[2026-01-01T23:54:05.313+0000] {logging_mixin.py:188} INFO - [2026-01-01T23:54:05.313+0000] {dag.py:3947} INFO - Setting next_dagrun for example_branch_dop_operator_v3 to 2026-01-01 23:53:00+00:00, run_after=2026-01-01 23:54:00+00:00
[2026-01-01T23:54:05.326+0000] {processor.py:183} INFO - Processing /home/airflow/.local/lib/python3.12/site-packages/airflow/example_dags/example_branch_python_dop_operator_3.py took 0.068 seconds
