[2026-01-01T01:03:23.064+0000] {processor.py:161} INFO - Started process (PID=51836) to work on /home/airflow/.local/lib/python3.12/site-packages/airflow/example_dags/example_task_group.py
[2026-01-01T01:03:23.065+0000] {processor.py:830} INFO - Processing file /home/airflow/.local/lib/python3.12/site-packages/airflow/example_dags/example_task_group.py for tasks to queue
[2026-01-01T01:03:23.065+0000] {logging_mixin.py:188} INFO - [2026-01-01T01:03:23.065+0000] {dagbag.py:545} INFO - Filling up the DagBag from /home/airflow/.local/lib/python3.12/site-packages/airflow/example_dags/example_task_group.py
[2026-01-01T01:03:23.071+0000] {processor.py:840} INFO - DAG(s) 'example_task_group' retrieved from /home/airflow/.local/lib/python3.12/site-packages/airflow/example_dags/example_task_group.py
[2026-01-01T01:03:23.082+0000] {logging_mixin.py:188} INFO - [2026-01-01T01:03:23.082+0000] {dag.py:3089} INFO - Sync 1 DAGs
[2026-01-01T01:03:23.092+0000] {logging_mixin.py:188} INFO - [2026-01-01T01:03:23.092+0000] {dag.py:3947} INFO - Setting next_dagrun for example_task_group to 2025-12-31 00:00:00+00:00, run_after=2026-01-01 00:00:00+00:00
[2026-01-01T01:03:23.102+0000] {processor.py:183} INFO - Processing /home/airflow/.local/lib/python3.12/site-packages/airflow/example_dags/example_task_group.py took 0.041 seconds
[2026-01-01T02:01:02.214+0000] {processor.py:161} INFO - Started process (PID=51895) to work on /home/airflow/.local/lib/python3.12/site-packages/airflow/example_dags/example_task_group.py
[2026-01-01T02:01:02.214+0000] {processor.py:830} INFO - Processing file /home/airflow/.local/lib/python3.12/site-packages/airflow/example_dags/example_task_group.py for tasks to queue
[2026-01-01T02:01:02.214+0000] {logging_mixin.py:188} INFO - [2026-01-01T02:01:02.214+0000] {dagbag.py:545} INFO - Filling up the DagBag from /home/airflow/.local/lib/python3.12/site-packages/airflow/example_dags/example_task_group.py
[2026-01-01T02:01:02.218+0000] {processor.py:840} INFO - DAG(s) 'example_task_group' retrieved from /home/airflow/.local/lib/python3.12/site-packages/airflow/example_dags/example_task_group.py
[2026-01-01T02:01:02.227+0000] {logging_mixin.py:188} INFO - [2026-01-01T02:01:02.227+0000] {dag.py:3089} INFO - Sync 1 DAGs
[2026-01-01T02:01:02.235+0000] {logging_mixin.py:188} INFO - [2026-01-01T02:01:02.235+0000] {dag.py:3947} INFO - Setting next_dagrun for example_task_group to 2025-12-31 00:00:00+00:00, run_after=2026-01-01 00:00:00+00:00
[2026-01-01T02:01:02.241+0000] {processor.py:183} INFO - Processing /home/airflow/.local/lib/python3.12/site-packages/airflow/example_dags/example_task_group.py took 0.030 seconds
[2026-01-01T03:35:53.593+0000] {processor.py:161} INFO - Started process (PID=51954) to work on /home/airflow/.local/lib/python3.12/site-packages/airflow/example_dags/example_task_group.py
[2026-01-01T03:35:53.595+0000] {processor.py:830} INFO - Processing file /home/airflow/.local/lib/python3.12/site-packages/airflow/example_dags/example_task_group.py for tasks to queue
[2026-01-01T03:35:53.596+0000] {logging_mixin.py:188} INFO - [2026-01-01T03:35:53.596+0000] {dagbag.py:545} INFO - Filling up the DagBag from /home/airflow/.local/lib/python3.12/site-packages/airflow/example_dags/example_task_group.py
[2026-01-01T03:35:53.600+0000] {processor.py:840} INFO - DAG(s) 'example_task_group' retrieved from /home/airflow/.local/lib/python3.12/site-packages/airflow/example_dags/example_task_group.py
[2026-01-01T03:35:53.609+0000] {logging_mixin.py:188} INFO - [2026-01-01T03:35:53.609+0000] {dag.py:3089} INFO - Sync 1 DAGs
[2026-01-01T03:35:53.621+0000] {logging_mixin.py:188} INFO - [2026-01-01T03:35:53.621+0000] {dag.py:3947} INFO - Setting next_dagrun for example_task_group to 2025-12-31 00:00:00+00:00, run_after=2026-01-01 00:00:00+00:00
[2026-01-01T03:35:53.634+0000] {processor.py:183} INFO - Processing /home/airflow/.local/lib/python3.12/site-packages/airflow/example_dags/example_task_group.py took 0.044 seconds
[2026-01-01T04:55:53.575+0000] {processor.py:161} INFO - Started process (PID=52014) to work on /home/airflow/.local/lib/python3.12/site-packages/airflow/example_dags/example_task_group.py
[2026-01-01T04:55:53.576+0000] {processor.py:830} INFO - Processing file /home/airflow/.local/lib/python3.12/site-packages/airflow/example_dags/example_task_group.py for tasks to queue
[2026-01-01T04:55:53.576+0000] {logging_mixin.py:188} INFO - [2026-01-01T04:55:53.576+0000] {dagbag.py:545} INFO - Filling up the DagBag from /home/airflow/.local/lib/python3.12/site-packages/airflow/example_dags/example_task_group.py
[2026-01-01T04:55:53.581+0000] {processor.py:840} INFO - DAG(s) 'example_task_group' retrieved from /home/airflow/.local/lib/python3.12/site-packages/airflow/example_dags/example_task_group.py
[2026-01-01T04:55:53.595+0000] {logging_mixin.py:188} INFO - [2026-01-01T04:55:53.595+0000] {dag.py:3089} INFO - Sync 1 DAGs
[2026-01-01T04:55:53.605+0000] {logging_mixin.py:188} INFO - [2026-01-01T04:55:53.605+0000] {dag.py:3947} INFO - Setting next_dagrun for example_task_group to 2025-12-31 00:00:00+00:00, run_after=2026-01-01 00:00:00+00:00
[2026-01-01T04:55:53.616+0000] {processor.py:183} INFO - Processing /home/airflow/.local/lib/python3.12/site-packages/airflow/example_dags/example_task_group.py took 0.045 seconds
[2026-01-01T06:07:21.932+0000] {processor.py:161} INFO - Started process (PID=52073) to work on /home/airflow/.local/lib/python3.12/site-packages/airflow/example_dags/example_task_group.py
[2026-01-01T06:07:21.933+0000] {processor.py:830} INFO - Processing file /home/airflow/.local/lib/python3.12/site-packages/airflow/example_dags/example_task_group.py for tasks to queue
[2026-01-01T06:07:21.933+0000] {logging_mixin.py:188} INFO - [2026-01-01T06:07:21.933+0000] {dagbag.py:545} INFO - Filling up the DagBag from /home/airflow/.local/lib/python3.12/site-packages/airflow/example_dags/example_task_group.py
[2026-01-01T06:07:21.936+0000] {processor.py:840} INFO - DAG(s) 'example_task_group' retrieved from /home/airflow/.local/lib/python3.12/site-packages/airflow/example_dags/example_task_group.py
[2026-01-01T06:07:21.944+0000] {logging_mixin.py:188} INFO - [2026-01-01T06:07:21.944+0000] {dag.py:3089} INFO - Sync 1 DAGs
[2026-01-01T06:07:21.952+0000] {logging_mixin.py:188} INFO - [2026-01-01T06:07:21.952+0000] {dag.py:3947} INFO - Setting next_dagrun for example_task_group to 2025-12-31 00:00:00+00:00, run_after=2026-01-01 00:00:00+00:00
[2026-01-01T06:07:21.958+0000] {processor.py:183} INFO - Processing /home/airflow/.local/lib/python3.12/site-packages/airflow/example_dags/example_task_group.py took 0.029 seconds
[2026-01-01T07:40:36.072+0000] {processor.py:161} INFO - Started process (PID=52132) to work on /home/airflow/.local/lib/python3.12/site-packages/airflow/example_dags/example_task_group.py
[2026-01-01T07:40:36.072+0000] {processor.py:830} INFO - Processing file /home/airflow/.local/lib/python3.12/site-packages/airflow/example_dags/example_task_group.py for tasks to queue
[2026-01-01T07:40:36.073+0000] {logging_mixin.py:188} INFO - [2026-01-01T07:40:36.073+0000] {dagbag.py:545} INFO - Filling up the DagBag from /home/airflow/.local/lib/python3.12/site-packages/airflow/example_dags/example_task_group.py
[2026-01-01T07:40:36.077+0000] {processor.py:840} INFO - DAG(s) 'example_task_group' retrieved from /home/airflow/.local/lib/python3.12/site-packages/airflow/example_dags/example_task_group.py
[2026-01-01T07:40:36.091+0000] {logging_mixin.py:188} INFO - [2026-01-01T07:40:36.091+0000] {dag.py:3089} INFO - Sync 1 DAGs
[2026-01-01T07:40:36.104+0000] {logging_mixin.py:188} INFO - [2026-01-01T07:40:36.104+0000] {dag.py:3947} INFO - Setting next_dagrun for example_task_group to 2025-12-31 00:00:00+00:00, run_after=2026-01-01 00:00:00+00:00
[2026-01-01T07:40:36.118+0000] {processor.py:183} INFO - Processing /home/airflow/.local/lib/python3.12/site-packages/airflow/example_dags/example_task_group.py took 0.049 seconds
[2026-01-01T08:44:36.011+0000] {processor.py:161} INFO - Started process (PID=52191) to work on /home/airflow/.local/lib/python3.12/site-packages/airflow/example_dags/example_task_group.py
[2026-01-01T08:44:36.012+0000] {processor.py:830} INFO - Processing file /home/airflow/.local/lib/python3.12/site-packages/airflow/example_dags/example_task_group.py for tasks to queue
[2026-01-01T08:44:36.016+0000] {logging_mixin.py:188} INFO - [2026-01-01T08:44:36.013+0000] {dagbag.py:545} INFO - Filling up the DagBag from /home/airflow/.local/lib/python3.12/site-packages/airflow/example_dags/example_task_group.py
[2026-01-01T08:44:36.019+0000] {processor.py:840} INFO - DAG(s) 'example_task_group' retrieved from /home/airflow/.local/lib/python3.12/site-packages/airflow/example_dags/example_task_group.py
[2026-01-01T08:44:36.030+0000] {logging_mixin.py:188} INFO - [2026-01-01T08:44:36.030+0000] {dag.py:3089} INFO - Sync 1 DAGs
[2026-01-01T08:44:36.039+0000] {logging_mixin.py:188} INFO - [2026-01-01T08:44:36.039+0000] {dag.py:3947} INFO - Setting next_dagrun for example_task_group to 2025-12-31 00:00:00+00:00, run_after=2026-01-01 00:00:00+00:00
[2026-01-01T08:44:36.047+0000] {processor.py:183} INFO - Processing /home/airflow/.local/lib/python3.12/site-packages/airflow/example_dags/example_task_group.py took 0.039 seconds
[2026-01-01T09:57:57.190+0000] {processor.py:161} INFO - Started process (PID=52250) to work on /home/airflow/.local/lib/python3.12/site-packages/airflow/example_dags/example_task_group.py
[2026-01-01T09:57:57.192+0000] {processor.py:830} INFO - Processing file /home/airflow/.local/lib/python3.12/site-packages/airflow/example_dags/example_task_group.py for tasks to queue
[2026-01-01T09:57:57.192+0000] {logging_mixin.py:188} INFO - [2026-01-01T09:57:57.192+0000] {dagbag.py:545} INFO - Filling up the DagBag from /home/airflow/.local/lib/python3.12/site-packages/airflow/example_dags/example_task_group.py
[2026-01-01T09:57:57.196+0000] {processor.py:840} INFO - DAG(s) 'example_task_group' retrieved from /home/airflow/.local/lib/python3.12/site-packages/airflow/example_dags/example_task_group.py
[2026-01-01T09:57:57.205+0000] {logging_mixin.py:188} INFO - [2026-01-01T09:57:57.204+0000] {dag.py:3089} INFO - Sync 1 DAGs
[2026-01-01T09:57:57.213+0000] {logging_mixin.py:188} INFO - [2026-01-01T09:57:57.213+0000] {dag.py:3947} INFO - Setting next_dagrun for example_task_group to 2025-12-31 00:00:00+00:00, run_after=2026-01-01 00:00:00+00:00
[2026-01-01T09:57:57.221+0000] {processor.py:183} INFO - Processing /home/airflow/.local/lib/python3.12/site-packages/airflow/example_dags/example_task_group.py took 0.034 seconds
[2026-01-01T11:12:22.210+0000] {processor.py:161} INFO - Started process (PID=52309) to work on /home/airflow/.local/lib/python3.12/site-packages/airflow/example_dags/example_task_group.py
[2026-01-01T11:12:22.211+0000] {processor.py:830} INFO - Processing file /home/airflow/.local/lib/python3.12/site-packages/airflow/example_dags/example_task_group.py for tasks to queue
[2026-01-01T11:12:22.211+0000] {logging_mixin.py:188} INFO - [2026-01-01T11:12:22.211+0000] {dagbag.py:545} INFO - Filling up the DagBag from /home/airflow/.local/lib/python3.12/site-packages/airflow/example_dags/example_task_group.py
[2026-01-01T11:12:22.217+0000] {processor.py:840} INFO - DAG(s) 'example_task_group' retrieved from /home/airflow/.local/lib/python3.12/site-packages/airflow/example_dags/example_task_group.py
[2026-01-01T11:12:22.233+0000] {logging_mixin.py:188} INFO - [2026-01-01T11:12:22.233+0000] {dag.py:3089} INFO - Sync 1 DAGs
[2026-01-01T11:12:22.242+0000] {logging_mixin.py:188} INFO - [2026-01-01T11:12:22.242+0000] {dag.py:3947} INFO - Setting next_dagrun for example_task_group to 2025-12-31 00:00:00+00:00, run_after=2026-01-01 00:00:00+00:00
[2026-01-01T11:12:22.251+0000] {processor.py:183} INFO - Processing /home/airflow/.local/lib/python3.12/site-packages/airflow/example_dags/example_task_group.py took 0.045 seconds
[2026-01-01T12:13:29.053+0000] {processor.py:161} INFO - Started process (PID=52368) to work on /home/airflow/.local/lib/python3.12/site-packages/airflow/example_dags/example_task_group.py
[2026-01-01T12:13:29.054+0000] {processor.py:830} INFO - Processing file /home/airflow/.local/lib/python3.12/site-packages/airflow/example_dags/example_task_group.py for tasks to queue
[2026-01-01T12:13:29.054+0000] {logging_mixin.py:188} INFO - [2026-01-01T12:13:29.054+0000] {dagbag.py:545} INFO - Filling up the DagBag from /home/airflow/.local/lib/python3.12/site-packages/airflow/example_dags/example_task_group.py
[2026-01-01T12:13:29.058+0000] {processor.py:840} INFO - DAG(s) 'example_task_group' retrieved from /home/airflow/.local/lib/python3.12/site-packages/airflow/example_dags/example_task_group.py
[2026-01-01T12:13:29.068+0000] {logging_mixin.py:188} INFO - [2026-01-01T12:13:29.068+0000] {dag.py:3089} INFO - Sync 1 DAGs
[2026-01-01T12:13:29.079+0000] {logging_mixin.py:188} INFO - [2026-01-01T12:13:29.079+0000] {dag.py:3947} INFO - Setting next_dagrun for example_task_group to 2025-12-31 00:00:00+00:00, run_after=2026-01-01 00:00:00+00:00
[2026-01-01T12:13:29.090+0000] {processor.py:183} INFO - Processing /home/airflow/.local/lib/python3.12/site-packages/airflow/example_dags/example_task_group.py took 0.040 seconds
[2026-01-01T13:31:41.363+0000] {processor.py:161} INFO - Started process (PID=52427) to work on /home/airflow/.local/lib/python3.12/site-packages/airflow/example_dags/example_task_group.py
[2026-01-01T13:31:41.363+0000] {processor.py:830} INFO - Processing file /home/airflow/.local/lib/python3.12/site-packages/airflow/example_dags/example_task_group.py for tasks to queue
[2026-01-01T13:31:41.364+0000] {logging_mixin.py:188} INFO - [2026-01-01T13:31:41.364+0000] {dagbag.py:545} INFO - Filling up the DagBag from /home/airflow/.local/lib/python3.12/site-packages/airflow/example_dags/example_task_group.py
[2026-01-01T13:31:41.368+0000] {processor.py:840} INFO - DAG(s) 'example_task_group' retrieved from /home/airflow/.local/lib/python3.12/site-packages/airflow/example_dags/example_task_group.py
[2026-01-01T13:31:41.381+0000] {logging_mixin.py:188} INFO - [2026-01-01T13:31:41.381+0000] {dag.py:3089} INFO - Sync 1 DAGs
[2026-01-01T13:31:41.391+0000] {logging_mixin.py:188} INFO - [2026-01-01T13:31:41.391+0000] {dag.py:3947} INFO - Setting next_dagrun for example_task_group to 2025-12-31 00:00:00+00:00, run_after=2026-01-01 00:00:00+00:00
[2026-01-01T13:31:41.401+0000] {processor.py:183} INFO - Processing /home/airflow/.local/lib/python3.12/site-packages/airflow/example_dags/example_task_group.py took 0.041 seconds
[2026-01-01T15:05:24.119+0000] {processor.py:161} INFO - Started process (PID=52486) to work on /home/airflow/.local/lib/python3.12/site-packages/airflow/example_dags/example_task_group.py
[2026-01-01T15:05:24.119+0000] {processor.py:830} INFO - Processing file /home/airflow/.local/lib/python3.12/site-packages/airflow/example_dags/example_task_group.py for tasks to queue
[2026-01-01T15:05:24.119+0000] {logging_mixin.py:188} INFO - [2026-01-01T15:05:24.119+0000] {dagbag.py:545} INFO - Filling up the DagBag from /home/airflow/.local/lib/python3.12/site-packages/airflow/example_dags/example_task_group.py
[2026-01-01T15:05:24.123+0000] {processor.py:840} INFO - DAG(s) 'example_task_group' retrieved from /home/airflow/.local/lib/python3.12/site-packages/airflow/example_dags/example_task_group.py
[2026-01-01T15:05:24.135+0000] {logging_mixin.py:188} INFO - [2026-01-01T15:05:24.134+0000] {dag.py:3089} INFO - Sync 1 DAGs
[2026-01-01T15:05:24.146+0000] {logging_mixin.py:188} INFO - [2026-01-01T15:05:24.145+0000] {dag.py:3947} INFO - Setting next_dagrun for example_task_group to 2025-12-31 00:00:00+00:00, run_after=2026-01-01 00:00:00+00:00
[2026-01-01T15:05:24.162+0000] {processor.py:183} INFO - Processing /home/airflow/.local/lib/python3.12/site-packages/airflow/example_dags/example_task_group.py took 0.047 seconds
[2026-01-01T16:17:19.959+0000] {processor.py:161} INFO - Started process (PID=52545) to work on /home/airflow/.local/lib/python3.12/site-packages/airflow/example_dags/example_task_group.py
[2026-01-01T16:17:19.961+0000] {processor.py:830} INFO - Processing file /home/airflow/.local/lib/python3.12/site-packages/airflow/example_dags/example_task_group.py for tasks to queue
[2026-01-01T16:17:19.961+0000] {logging_mixin.py:188} INFO - [2026-01-01T16:17:19.961+0000] {dagbag.py:545} INFO - Filling up the DagBag from /home/airflow/.local/lib/python3.12/site-packages/airflow/example_dags/example_task_group.py
[2026-01-01T16:17:19.965+0000] {processor.py:840} INFO - DAG(s) 'example_task_group' retrieved from /home/airflow/.local/lib/python3.12/site-packages/airflow/example_dags/example_task_group.py
[2026-01-01T16:17:19.979+0000] {logging_mixin.py:188} INFO - [2026-01-01T16:17:19.979+0000] {dag.py:3089} INFO - Sync 1 DAGs
[2026-01-01T16:17:19.990+0000] {logging_mixin.py:188} INFO - [2026-01-01T16:17:19.990+0000] {dag.py:3947} INFO - Setting next_dagrun for example_task_group to 2025-12-31 00:00:00+00:00, run_after=2026-01-01 00:00:00+00:00
[2026-01-01T16:17:20.001+0000] {processor.py:183} INFO - Processing /home/airflow/.local/lib/python3.12/site-packages/airflow/example_dags/example_task_group.py took 0.044 seconds
[2026-01-01T17:14:38.892+0000] {processor.py:161} INFO - Started process (PID=52604) to work on /home/airflow/.local/lib/python3.12/site-packages/airflow/example_dags/example_task_group.py
[2026-01-01T17:14:38.893+0000] {processor.py:830} INFO - Processing file /home/airflow/.local/lib/python3.12/site-packages/airflow/example_dags/example_task_group.py for tasks to queue
[2026-01-01T17:14:38.893+0000] {logging_mixin.py:188} INFO - [2026-01-01T17:14:38.893+0000] {dagbag.py:545} INFO - Filling up the DagBag from /home/airflow/.local/lib/python3.12/site-packages/airflow/example_dags/example_task_group.py
[2026-01-01T17:14:38.897+0000] {processor.py:840} INFO - DAG(s) 'example_task_group' retrieved from /home/airflow/.local/lib/python3.12/site-packages/airflow/example_dags/example_task_group.py
[2026-01-01T17:14:38.907+0000] {logging_mixin.py:188} INFO - [2026-01-01T17:14:38.907+0000] {dag.py:3089} INFO - Sync 1 DAGs
[2026-01-01T17:14:38.917+0000] {logging_mixin.py:188} INFO - [2026-01-01T17:14:38.917+0000] {dag.py:3947} INFO - Setting next_dagrun for example_task_group to 2025-12-31 00:00:00+00:00, run_after=2026-01-01 00:00:00+00:00
[2026-01-01T17:14:38.924+0000] {processor.py:183} INFO - Processing /home/airflow/.local/lib/python3.12/site-packages/airflow/example_dags/example_task_group.py took 0.035 seconds
[2026-01-01T18:19:23.474+0000] {processor.py:161} INFO - Started process (PID=52663) to work on /home/airflow/.local/lib/python3.12/site-packages/airflow/example_dags/example_task_group.py
[2026-01-01T18:19:23.478+0000] {processor.py:830} INFO - Processing file /home/airflow/.local/lib/python3.12/site-packages/airflow/example_dags/example_task_group.py for tasks to queue
[2026-01-01T18:19:23.478+0000] {logging_mixin.py:188} INFO - [2026-01-01T18:19:23.478+0000] {dagbag.py:545} INFO - Filling up the DagBag from /home/airflow/.local/lib/python3.12/site-packages/airflow/example_dags/example_task_group.py
[2026-01-01T18:19:23.482+0000] {processor.py:840} INFO - DAG(s) 'example_task_group' retrieved from /home/airflow/.local/lib/python3.12/site-packages/airflow/example_dags/example_task_group.py
[2026-01-01T18:19:23.495+0000] {logging_mixin.py:188} INFO - [2026-01-01T18:19:23.495+0000] {dag.py:3089} INFO - Sync 1 DAGs
[2026-01-01T18:19:23.504+0000] {logging_mixin.py:188} INFO - [2026-01-01T18:19:23.504+0000] {dag.py:3947} INFO - Setting next_dagrun for example_task_group to 2025-12-31 00:00:00+00:00, run_after=2026-01-01 00:00:00+00:00
[2026-01-01T18:19:23.515+0000] {processor.py:183} INFO - Processing /home/airflow/.local/lib/python3.12/site-packages/airflow/example_dags/example_task_group.py took 0.053 seconds
[2026-01-01T19:35:31.439+0000] {processor.py:161} INFO - Started process (PID=52722) to work on /home/airflow/.local/lib/python3.12/site-packages/airflow/example_dags/example_task_group.py
[2026-01-01T19:35:31.439+0000] {processor.py:830} INFO - Processing file /home/airflow/.local/lib/python3.12/site-packages/airflow/example_dags/example_task_group.py for tasks to queue
[2026-01-01T19:35:31.440+0000] {logging_mixin.py:188} INFO - [2026-01-01T19:35:31.440+0000] {dagbag.py:545} INFO - Filling up the DagBag from /home/airflow/.local/lib/python3.12/site-packages/airflow/example_dags/example_task_group.py
[2026-01-01T19:35:31.444+0000] {processor.py:840} INFO - DAG(s) 'example_task_group' retrieved from /home/airflow/.local/lib/python3.12/site-packages/airflow/example_dags/example_task_group.py
[2026-01-01T19:35:31.454+0000] {logging_mixin.py:188} INFO - [2026-01-01T19:35:31.453+0000] {dag.py:3089} INFO - Sync 1 DAGs
[2026-01-01T19:35:31.464+0000] {logging_mixin.py:188} INFO - [2026-01-01T19:35:31.464+0000] {dag.py:3947} INFO - Setting next_dagrun for example_task_group to 2025-12-31 00:00:00+00:00, run_after=2026-01-01 00:00:00+00:00
[2026-01-01T19:35:31.476+0000] {processor.py:183} INFO - Processing /home/airflow/.local/lib/python3.12/site-packages/airflow/example_dags/example_task_group.py took 0.040 seconds
[2026-01-01T20:54:40.299+0000] {processor.py:161} INFO - Started process (PID=52781) to work on /home/airflow/.local/lib/python3.12/site-packages/airflow/example_dags/example_task_group.py
[2026-01-01T20:54:40.299+0000] {processor.py:830} INFO - Processing file /home/airflow/.local/lib/python3.12/site-packages/airflow/example_dags/example_task_group.py for tasks to queue
[2026-01-01T20:54:40.300+0000] {logging_mixin.py:188} INFO - [2026-01-01T20:54:40.300+0000] {dagbag.py:545} INFO - Filling up the DagBag from /home/airflow/.local/lib/python3.12/site-packages/airflow/example_dags/example_task_group.py
[2026-01-01T20:54:40.303+0000] {processor.py:840} INFO - DAG(s) 'example_task_group' retrieved from /home/airflow/.local/lib/python3.12/site-packages/airflow/example_dags/example_task_group.py
[2026-01-01T20:54:40.313+0000] {logging_mixin.py:188} INFO - [2026-01-01T20:54:40.313+0000] {dag.py:3089} INFO - Sync 1 DAGs
[2026-01-01T20:54:40.325+0000] {logging_mixin.py:188} INFO - [2026-01-01T20:54:40.325+0000] {dag.py:3947} INFO - Setting next_dagrun for example_task_group to 2025-12-31 00:00:00+00:00, run_after=2026-01-01 00:00:00+00:00
[2026-01-01T20:54:40.334+0000] {processor.py:183} INFO - Processing /home/airflow/.local/lib/python3.12/site-packages/airflow/example_dags/example_task_group.py took 0.038 seconds
[2026-01-01T22:37:22.274+0000] {processor.py:161} INFO - Started process (PID=52840) to work on /home/airflow/.local/lib/python3.12/site-packages/airflow/example_dags/example_task_group.py
[2026-01-01T22:37:22.275+0000] {processor.py:830} INFO - Processing file /home/airflow/.local/lib/python3.12/site-packages/airflow/example_dags/example_task_group.py for tasks to queue
[2026-01-01T22:37:22.275+0000] {logging_mixin.py:188} INFO - [2026-01-01T22:37:22.275+0000] {dagbag.py:545} INFO - Filling up the DagBag from /home/airflow/.local/lib/python3.12/site-packages/airflow/example_dags/example_task_group.py
[2026-01-01T22:37:22.280+0000] {processor.py:840} INFO - DAG(s) 'example_task_group' retrieved from /home/airflow/.local/lib/python3.12/site-packages/airflow/example_dags/example_task_group.py
[2026-01-01T22:37:22.290+0000] {logging_mixin.py:188} INFO - [2026-01-01T22:37:22.289+0000] {dag.py:3089} INFO - Sync 1 DAGs
[2026-01-01T22:37:22.298+0000] {logging_mixin.py:188} INFO - [2026-01-01T22:37:22.298+0000] {dag.py:3947} INFO - Setting next_dagrun for example_task_group to 2025-12-31 00:00:00+00:00, run_after=2026-01-01 00:00:00+00:00
[2026-01-01T22:37:22.307+0000] {processor.py:183} INFO - Processing /home/airflow/.local/lib/python3.12/site-packages/airflow/example_dags/example_task_group.py took 0.035 seconds
[2026-01-01T23:54:04.179+0000] {processor.py:161} INFO - Started process (PID=52899) to work on /home/airflow/.local/lib/python3.12/site-packages/airflow/example_dags/example_task_group.py
[2026-01-01T23:54:04.180+0000] {processor.py:830} INFO - Processing file /home/airflow/.local/lib/python3.12/site-packages/airflow/example_dags/example_task_group.py for tasks to queue
[2026-01-01T23:54:04.180+0000] {logging_mixin.py:188} INFO - [2026-01-01T23:54:04.180+0000] {dagbag.py:545} INFO - Filling up the DagBag from /home/airflow/.local/lib/python3.12/site-packages/airflow/example_dags/example_task_group.py
[2026-01-01T23:54:04.185+0000] {processor.py:840} INFO - DAG(s) 'example_task_group' retrieved from /home/airflow/.local/lib/python3.12/site-packages/airflow/example_dags/example_task_group.py
[2026-01-01T23:54:04.198+0000] {logging_mixin.py:188} INFO - [2026-01-01T23:54:04.198+0000] {dag.py:3089} INFO - Sync 1 DAGs
[2026-01-01T23:54:04.208+0000] {logging_mixin.py:188} INFO - [2026-01-01T23:54:04.208+0000] {dag.py:3947} INFO - Setting next_dagrun for example_task_group to 2025-12-31 00:00:00+00:00, run_after=2026-01-01 00:00:00+00:00
[2026-01-01T23:54:04.222+0000] {processor.py:183} INFO - Processing /home/airflow/.local/lib/python3.12/site-packages/airflow/example_dags/example_task_group.py took 0.046 seconds
