[2026-01-01T01:03:23.496+0000] {processor.py:161} INFO - Started process (PID=51850) to work on /home/airflow/.local/lib/python3.12/site-packages/airflow/example_dags/example_nested_branch_dag.py
[2026-01-01T01:03:23.499+0000] {processor.py:830} INFO - Processing file /home/airflow/.local/lib/python3.12/site-packages/airflow/example_dags/example_nested_branch_dag.py for tasks to queue
[2026-01-01T01:03:23.500+0000] {logging_mixin.py:188} INFO - [2026-01-01T01:03:23.500+0000] {dagbag.py:545} INFO - Filling up the DagBag from /home/airflow/.local/lib/python3.12/site-packages/airflow/example_dags/example_nested_branch_dag.py
[2026-01-01T01:03:23.505+0000] {processor.py:840} INFO - DAG(s) 'example_nested_branch_dag' retrieved from /home/airflow/.local/lib/python3.12/site-packages/airflow/example_dags/example_nested_branch_dag.py
[2026-01-01T01:03:23.519+0000] {logging_mixin.py:188} INFO - [2026-01-01T01:03:23.519+0000] {dag.py:3089} INFO - Sync 1 DAGs
[2026-01-01T01:03:23.528+0000] {logging_mixin.py:188} INFO - [2026-01-01T01:03:23.528+0000] {dag.py:3947} INFO - Setting next_dagrun for example_nested_branch_dag to 2025-12-31 00:00:00+00:00, run_after=2026-01-01 00:00:00+00:00
[2026-01-01T01:03:23.538+0000] {processor.py:183} INFO - Processing /home/airflow/.local/lib/python3.12/site-packages/airflow/example_dags/example_nested_branch_dag.py took 0.045 seconds
[2026-01-01T02:01:02.635+0000] {processor.py:161} INFO - Started process (PID=51909) to work on /home/airflow/.local/lib/python3.12/site-packages/airflow/example_dags/example_nested_branch_dag.py
[2026-01-01T02:01:02.636+0000] {processor.py:830} INFO - Processing file /home/airflow/.local/lib/python3.12/site-packages/airflow/example_dags/example_nested_branch_dag.py for tasks to queue
[2026-01-01T02:01:02.637+0000] {logging_mixin.py:188} INFO - [2026-01-01T02:01:02.637+0000] {dagbag.py:545} INFO - Filling up the DagBag from /home/airflow/.local/lib/python3.12/site-packages/airflow/example_dags/example_nested_branch_dag.py
[2026-01-01T02:01:02.642+0000] {processor.py:840} INFO - DAG(s) 'example_nested_branch_dag' retrieved from /home/airflow/.local/lib/python3.12/site-packages/airflow/example_dags/example_nested_branch_dag.py
[2026-01-01T02:01:02.656+0000] {logging_mixin.py:188} INFO - [2026-01-01T02:01:02.656+0000] {dag.py:3089} INFO - Sync 1 DAGs
[2026-01-01T02:01:02.665+0000] {logging_mixin.py:188} INFO - [2026-01-01T02:01:02.665+0000] {dag.py:3947} INFO - Setting next_dagrun for example_nested_branch_dag to 2025-12-31 00:00:00+00:00, run_after=2026-01-01 00:00:00+00:00
[2026-01-01T02:01:02.676+0000] {processor.py:183} INFO - Processing /home/airflow/.local/lib/python3.12/site-packages/airflow/example_dags/example_nested_branch_dag.py took 0.043 seconds
[2026-01-01T03:35:53.999+0000] {processor.py:161} INFO - Started process (PID=51968) to work on /home/airflow/.local/lib/python3.12/site-packages/airflow/example_dags/example_nested_branch_dag.py
[2026-01-01T03:35:53.999+0000] {processor.py:830} INFO - Processing file /home/airflow/.local/lib/python3.12/site-packages/airflow/example_dags/example_nested_branch_dag.py for tasks to queue
[2026-01-01T03:35:54.000+0000] {logging_mixin.py:188} INFO - [2026-01-01T03:35:54.000+0000] {dagbag.py:545} INFO - Filling up the DagBag from /home/airflow/.local/lib/python3.12/site-packages/airflow/example_dags/example_nested_branch_dag.py
[2026-01-01T03:35:54.005+0000] {processor.py:840} INFO - DAG(s) 'example_nested_branch_dag' retrieved from /home/airflow/.local/lib/python3.12/site-packages/airflow/example_dags/example_nested_branch_dag.py
[2026-01-01T03:35:54.015+0000] {logging_mixin.py:188} INFO - [2026-01-01T03:35:54.015+0000] {dag.py:3089} INFO - Sync 1 DAGs
[2026-01-01T03:35:54.025+0000] {logging_mixin.py:188} INFO - [2026-01-01T03:35:54.025+0000] {dag.py:3947} INFO - Setting next_dagrun for example_nested_branch_dag to 2025-12-31 00:00:00+00:00, run_after=2026-01-01 00:00:00+00:00
[2026-01-01T03:35:54.036+0000] {processor.py:183} INFO - Processing /home/airflow/.local/lib/python3.12/site-packages/airflow/example_dags/example_nested_branch_dag.py took 0.040 seconds
[2026-01-01T04:55:54.215+0000] {processor.py:161} INFO - Started process (PID=52028) to work on /home/airflow/.local/lib/python3.12/site-packages/airflow/example_dags/example_nested_branch_dag.py
[2026-01-01T04:55:54.217+0000] {processor.py:830} INFO - Processing file /home/airflow/.local/lib/python3.12/site-packages/airflow/example_dags/example_nested_branch_dag.py for tasks to queue
[2026-01-01T04:55:54.218+0000] {logging_mixin.py:188} INFO - [2026-01-01T04:55:54.218+0000] {dagbag.py:545} INFO - Filling up the DagBag from /home/airflow/.local/lib/python3.12/site-packages/airflow/example_dags/example_nested_branch_dag.py
[2026-01-01T04:55:54.223+0000] {processor.py:840} INFO - DAG(s) 'example_nested_branch_dag' retrieved from /home/airflow/.local/lib/python3.12/site-packages/airflow/example_dags/example_nested_branch_dag.py
[2026-01-01T04:55:54.232+0000] {logging_mixin.py:188} INFO - [2026-01-01T04:55:54.232+0000] {dag.py:3089} INFO - Sync 1 DAGs
[2026-01-01T04:55:54.247+0000] {logging_mixin.py:188} INFO - [2026-01-01T04:55:54.247+0000] {dag.py:3947} INFO - Setting next_dagrun for example_nested_branch_dag to 2025-12-31 00:00:00+00:00, run_after=2026-01-01 00:00:00+00:00
[2026-01-01T04:55:54.259+0000] {processor.py:183} INFO - Processing /home/airflow/.local/lib/python3.12/site-packages/airflow/example_dags/example_nested_branch_dag.py took 0.046 seconds
[2026-01-01T06:07:22.322+0000] {processor.py:161} INFO - Started process (PID=52087) to work on /home/airflow/.local/lib/python3.12/site-packages/airflow/example_dags/example_nested_branch_dag.py
[2026-01-01T06:07:22.323+0000] {processor.py:830} INFO - Processing file /home/airflow/.local/lib/python3.12/site-packages/airflow/example_dags/example_nested_branch_dag.py for tasks to queue
[2026-01-01T06:07:22.323+0000] {logging_mixin.py:188} INFO - [2026-01-01T06:07:22.323+0000] {dagbag.py:545} INFO - Filling up the DagBag from /home/airflow/.local/lib/python3.12/site-packages/airflow/example_dags/example_nested_branch_dag.py
[2026-01-01T06:07:22.327+0000] {processor.py:840} INFO - DAG(s) 'example_nested_branch_dag' retrieved from /home/airflow/.local/lib/python3.12/site-packages/airflow/example_dags/example_nested_branch_dag.py
[2026-01-01T06:07:22.342+0000] {logging_mixin.py:188} INFO - [2026-01-01T06:07:22.342+0000] {dag.py:3089} INFO - Sync 1 DAGs
[2026-01-01T06:07:22.352+0000] {logging_mixin.py:188} INFO - [2026-01-01T06:07:22.352+0000] {dag.py:3947} INFO - Setting next_dagrun for example_nested_branch_dag to 2025-12-31 00:00:00+00:00, run_after=2026-01-01 00:00:00+00:00
[2026-01-01T06:07:22.361+0000] {processor.py:183} INFO - Processing /home/airflow/.local/lib/python3.12/site-packages/airflow/example_dags/example_nested_branch_dag.py took 0.042 seconds
[2026-01-01T07:40:36.584+0000] {processor.py:161} INFO - Started process (PID=52146) to work on /home/airflow/.local/lib/python3.12/site-packages/airflow/example_dags/example_nested_branch_dag.py
[2026-01-01T07:40:36.586+0000] {processor.py:830} INFO - Processing file /home/airflow/.local/lib/python3.12/site-packages/airflow/example_dags/example_nested_branch_dag.py for tasks to queue
[2026-01-01T07:40:36.587+0000] {logging_mixin.py:188} INFO - [2026-01-01T07:40:36.586+0000] {dagbag.py:545} INFO - Filling up the DagBag from /home/airflow/.local/lib/python3.12/site-packages/airflow/example_dags/example_nested_branch_dag.py
[2026-01-01T07:40:36.592+0000] {processor.py:840} INFO - DAG(s) 'example_nested_branch_dag' retrieved from /home/airflow/.local/lib/python3.12/site-packages/airflow/example_dags/example_nested_branch_dag.py
[2026-01-01T07:40:36.602+0000] {logging_mixin.py:188} INFO - [2026-01-01T07:40:36.602+0000] {dag.py:3089} INFO - Sync 1 DAGs
[2026-01-01T07:40:36.614+0000] {logging_mixin.py:188} INFO - [2026-01-01T07:40:36.613+0000] {dag.py:3947} INFO - Setting next_dagrun for example_nested_branch_dag to 2025-12-31 00:00:00+00:00, run_after=2026-01-01 00:00:00+00:00
[2026-01-01T07:40:36.628+0000] {processor.py:183} INFO - Processing /home/airflow/.local/lib/python3.12/site-packages/airflow/example_dags/example_nested_branch_dag.py took 0.048 seconds
[2026-01-01T08:44:36.402+0000] {processor.py:161} INFO - Started process (PID=52205) to work on /home/airflow/.local/lib/python3.12/site-packages/airflow/example_dags/example_nested_branch_dag.py
[2026-01-01T08:44:36.404+0000] {processor.py:830} INFO - Processing file /home/airflow/.local/lib/python3.12/site-packages/airflow/example_dags/example_nested_branch_dag.py for tasks to queue
[2026-01-01T08:44:36.404+0000] {logging_mixin.py:188} INFO - [2026-01-01T08:44:36.404+0000] {dagbag.py:545} INFO - Filling up the DagBag from /home/airflow/.local/lib/python3.12/site-packages/airflow/example_dags/example_nested_branch_dag.py
[2026-01-01T08:44:36.409+0000] {processor.py:840} INFO - DAG(s) 'example_nested_branch_dag' retrieved from /home/airflow/.local/lib/python3.12/site-packages/airflow/example_dags/example_nested_branch_dag.py
[2026-01-01T08:44:36.421+0000] {logging_mixin.py:188} INFO - [2026-01-01T08:44:36.421+0000] {dag.py:3089} INFO - Sync 1 DAGs
[2026-01-01T08:44:36.432+0000] {logging_mixin.py:188} INFO - [2026-01-01T08:44:36.432+0000] {dag.py:3947} INFO - Setting next_dagrun for example_nested_branch_dag to 2025-12-31 00:00:00+00:00, run_after=2026-01-01 00:00:00+00:00
[2026-01-01T08:44:36.438+0000] {processor.py:183} INFO - Processing /home/airflow/.local/lib/python3.12/site-packages/airflow/example_dags/example_nested_branch_dag.py took 0.039 seconds
[2026-01-01T09:57:57.626+0000] {processor.py:161} INFO - Started process (PID=52264) to work on /home/airflow/.local/lib/python3.12/site-packages/airflow/example_dags/example_nested_branch_dag.py
[2026-01-01T09:57:57.626+0000] {processor.py:830} INFO - Processing file /home/airflow/.local/lib/python3.12/site-packages/airflow/example_dags/example_nested_branch_dag.py for tasks to queue
[2026-01-01T09:57:57.626+0000] {logging_mixin.py:188} INFO - [2026-01-01T09:57:57.626+0000] {dagbag.py:545} INFO - Filling up the DagBag from /home/airflow/.local/lib/python3.12/site-packages/airflow/example_dags/example_nested_branch_dag.py
[2026-01-01T09:57:57.631+0000] {processor.py:840} INFO - DAG(s) 'example_nested_branch_dag' retrieved from /home/airflow/.local/lib/python3.12/site-packages/airflow/example_dags/example_nested_branch_dag.py
[2026-01-01T09:57:57.639+0000] {logging_mixin.py:188} INFO - [2026-01-01T09:57:57.639+0000] {dag.py:3089} INFO - Sync 1 DAGs
[2026-01-01T09:57:57.648+0000] {logging_mixin.py:188} INFO - [2026-01-01T09:57:57.647+0000] {dag.py:3947} INFO - Setting next_dagrun for example_nested_branch_dag to 2025-12-31 00:00:00+00:00, run_after=2026-01-01 00:00:00+00:00
[2026-01-01T09:57:57.654+0000] {processor.py:183} INFO - Processing /home/airflow/.local/lib/python3.12/site-packages/airflow/example_dags/example_nested_branch_dag.py took 0.031 seconds
[2026-01-01T11:12:22.866+0000] {processor.py:161} INFO - Started process (PID=52323) to work on /home/airflow/.local/lib/python3.12/site-packages/airflow/example_dags/example_nested_branch_dag.py
[2026-01-01T11:12:22.869+0000] {processor.py:830} INFO - Processing file /home/airflow/.local/lib/python3.12/site-packages/airflow/example_dags/example_nested_branch_dag.py for tasks to queue
[2026-01-01T11:12:22.870+0000] {logging_mixin.py:188} INFO - [2026-01-01T11:12:22.870+0000] {dagbag.py:545} INFO - Filling up the DagBag from /home/airflow/.local/lib/python3.12/site-packages/airflow/example_dags/example_nested_branch_dag.py
[2026-01-01T11:12:22.878+0000] {processor.py:840} INFO - DAG(s) 'example_nested_branch_dag' retrieved from /home/airflow/.local/lib/python3.12/site-packages/airflow/example_dags/example_nested_branch_dag.py
[2026-01-01T11:12:22.890+0000] {logging_mixin.py:188} INFO - [2026-01-01T11:12:22.890+0000] {dag.py:3089} INFO - Sync 1 DAGs
[2026-01-01T11:12:22.901+0000] {logging_mixin.py:188} INFO - [2026-01-01T11:12:22.901+0000] {dag.py:3947} INFO - Setting next_dagrun for example_nested_branch_dag to 2025-12-31 00:00:00+00:00, run_after=2026-01-01 00:00:00+00:00
[2026-01-01T11:12:22.910+0000] {processor.py:183} INFO - Processing /home/airflow/.local/lib/python3.12/site-packages/airflow/example_dags/example_nested_branch_dag.py took 0.047 seconds
[2026-01-01T12:13:29.470+0000] {processor.py:161} INFO - Started process (PID=52382) to work on /home/airflow/.local/lib/python3.12/site-packages/airflow/example_dags/example_nested_branch_dag.py
[2026-01-01T12:13:29.470+0000] {processor.py:830} INFO - Processing file /home/airflow/.local/lib/python3.12/site-packages/airflow/example_dags/example_nested_branch_dag.py for tasks to queue
[2026-01-01T12:13:29.471+0000] {logging_mixin.py:188} INFO - [2026-01-01T12:13:29.471+0000] {dagbag.py:545} INFO - Filling up the DagBag from /home/airflow/.local/lib/python3.12/site-packages/airflow/example_dags/example_nested_branch_dag.py
[2026-01-01T12:13:29.475+0000] {processor.py:840} INFO - DAG(s) 'example_nested_branch_dag' retrieved from /home/airflow/.local/lib/python3.12/site-packages/airflow/example_dags/example_nested_branch_dag.py
[2026-01-01T12:13:29.489+0000] {logging_mixin.py:188} INFO - [2026-01-01T12:13:29.489+0000] {dag.py:3089} INFO - Sync 1 DAGs
[2026-01-01T12:13:29.499+0000] {logging_mixin.py:188} INFO - [2026-01-01T12:13:29.499+0000] {dag.py:3947} INFO - Setting next_dagrun for example_nested_branch_dag to 2025-12-31 00:00:00+00:00, run_after=2026-01-01 00:00:00+00:00
[2026-01-01T12:13:29.510+0000] {processor.py:183} INFO - Processing /home/airflow/.local/lib/python3.12/site-packages/airflow/example_dags/example_nested_branch_dag.py took 0.043 seconds
[2026-01-01T13:31:41.827+0000] {processor.py:161} INFO - Started process (PID=52441) to work on /home/airflow/.local/lib/python3.12/site-packages/airflow/example_dags/example_nested_branch_dag.py
[2026-01-01T13:31:41.827+0000] {processor.py:830} INFO - Processing file /home/airflow/.local/lib/python3.12/site-packages/airflow/example_dags/example_nested_branch_dag.py for tasks to queue
[2026-01-01T13:31:41.827+0000] {logging_mixin.py:188} INFO - [2026-01-01T13:31:41.827+0000] {dagbag.py:545} INFO - Filling up the DagBag from /home/airflow/.local/lib/python3.12/site-packages/airflow/example_dags/example_nested_branch_dag.py
[2026-01-01T13:31:41.832+0000] {processor.py:840} INFO - DAG(s) 'example_nested_branch_dag' retrieved from /home/airflow/.local/lib/python3.12/site-packages/airflow/example_dags/example_nested_branch_dag.py
[2026-01-01T13:31:41.841+0000] {logging_mixin.py:188} INFO - [2026-01-01T13:31:41.841+0000] {dag.py:3089} INFO - Sync 1 DAGs
[2026-01-01T13:31:41.852+0000] {logging_mixin.py:188} INFO - [2026-01-01T13:31:41.852+0000] {dag.py:3947} INFO - Setting next_dagrun for example_nested_branch_dag to 2025-12-31 00:00:00+00:00, run_after=2026-01-01 00:00:00+00:00
[2026-01-01T13:31:41.865+0000] {processor.py:183} INFO - Processing /home/airflow/.local/lib/python3.12/site-packages/airflow/example_dags/example_nested_branch_dag.py took 0.041 seconds
[2026-01-01T15:05:24.516+0000] {processor.py:161} INFO - Started process (PID=52500) to work on /home/airflow/.local/lib/python3.12/site-packages/airflow/example_dags/example_nested_branch_dag.py
[2026-01-01T15:05:24.519+0000] {processor.py:830} INFO - Processing file /home/airflow/.local/lib/python3.12/site-packages/airflow/example_dags/example_nested_branch_dag.py for tasks to queue
[2026-01-01T15:05:24.519+0000] {logging_mixin.py:188} INFO - [2026-01-01T15:05:24.519+0000] {dagbag.py:545} INFO - Filling up the DagBag from /home/airflow/.local/lib/python3.12/site-packages/airflow/example_dags/example_nested_branch_dag.py
[2026-01-01T15:05:24.524+0000] {processor.py:840} INFO - DAG(s) 'example_nested_branch_dag' retrieved from /home/airflow/.local/lib/python3.12/site-packages/airflow/example_dags/example_nested_branch_dag.py
[2026-01-01T15:05:24.533+0000] {logging_mixin.py:188} INFO - [2026-01-01T15:05:24.533+0000] {dag.py:3089} INFO - Sync 1 DAGs
[2026-01-01T15:05:24.546+0000] {logging_mixin.py:188} INFO - [2026-01-01T15:05:24.546+0000] {dag.py:3947} INFO - Setting next_dagrun for example_nested_branch_dag to 2025-12-31 00:00:00+00:00, run_after=2026-01-01 00:00:00+00:00
[2026-01-01T15:05:24.557+0000] {processor.py:183} INFO - Processing /home/airflow/.local/lib/python3.12/site-packages/airflow/example_dags/example_nested_branch_dag.py took 0.044 seconds
[2026-01-01T16:17:20.404+0000] {processor.py:161} INFO - Started process (PID=52559) to work on /home/airflow/.local/lib/python3.12/site-packages/airflow/example_dags/example_nested_branch_dag.py
[2026-01-01T16:17:20.405+0000] {processor.py:830} INFO - Processing file /home/airflow/.local/lib/python3.12/site-packages/airflow/example_dags/example_nested_branch_dag.py for tasks to queue
[2026-01-01T16:17:20.405+0000] {logging_mixin.py:188} INFO - [2026-01-01T16:17:20.405+0000] {dagbag.py:545} INFO - Filling up the DagBag from /home/airflow/.local/lib/python3.12/site-packages/airflow/example_dags/example_nested_branch_dag.py
[2026-01-01T16:17:20.411+0000] {processor.py:840} INFO - DAG(s) 'example_nested_branch_dag' retrieved from /home/airflow/.local/lib/python3.12/site-packages/airflow/example_dags/example_nested_branch_dag.py
[2026-01-01T16:17:20.424+0000] {logging_mixin.py:188} INFO - [2026-01-01T16:17:20.424+0000] {dag.py:3089} INFO - Sync 1 DAGs
[2026-01-01T16:17:20.435+0000] {logging_mixin.py:188} INFO - [2026-01-01T16:17:20.435+0000] {dag.py:3947} INFO - Setting next_dagrun for example_nested_branch_dag to 2025-12-31 00:00:00+00:00, run_after=2026-01-01 00:00:00+00:00
[2026-01-01T16:17:20.448+0000] {processor.py:183} INFO - Processing /home/airflow/.local/lib/python3.12/site-packages/airflow/example_dags/example_nested_branch_dag.py took 0.048 seconds
[2026-01-01T17:14:39.317+0000] {processor.py:161} INFO - Started process (PID=52618) to work on /home/airflow/.local/lib/python3.12/site-packages/airflow/example_dags/example_nested_branch_dag.py
[2026-01-01T17:14:39.319+0000] {processor.py:830} INFO - Processing file /home/airflow/.local/lib/python3.12/site-packages/airflow/example_dags/example_nested_branch_dag.py for tasks to queue
[2026-01-01T17:14:39.320+0000] {logging_mixin.py:188} INFO - [2026-01-01T17:14:39.320+0000] {dagbag.py:545} INFO - Filling up the DagBag from /home/airflow/.local/lib/python3.12/site-packages/airflow/example_dags/example_nested_branch_dag.py
[2026-01-01T17:14:39.325+0000] {processor.py:840} INFO - DAG(s) 'example_nested_branch_dag' retrieved from /home/airflow/.local/lib/python3.12/site-packages/airflow/example_dags/example_nested_branch_dag.py
[2026-01-01T17:14:39.337+0000] {logging_mixin.py:188} INFO - [2026-01-01T17:14:39.337+0000] {dag.py:3089} INFO - Sync 1 DAGs
[2026-01-01T17:14:39.348+0000] {logging_mixin.py:188} INFO - [2026-01-01T17:14:39.347+0000] {dag.py:3947} INFO - Setting next_dagrun for example_nested_branch_dag to 2025-12-31 00:00:00+00:00, run_after=2026-01-01 00:00:00+00:00
[2026-01-01T17:14:39.357+0000] {processor.py:183} INFO - Processing /home/airflow/.local/lib/python3.12/site-packages/airflow/example_dags/example_nested_branch_dag.py took 0.043 seconds
[2026-01-01T18:19:23.860+0000] {processor.py:161} INFO - Started process (PID=52677) to work on /home/airflow/.local/lib/python3.12/site-packages/airflow/example_dags/example_nested_branch_dag.py
[2026-01-01T18:19:23.861+0000] {processor.py:830} INFO - Processing file /home/airflow/.local/lib/python3.12/site-packages/airflow/example_dags/example_nested_branch_dag.py for tasks to queue
[2026-01-01T18:19:23.861+0000] {logging_mixin.py:188} INFO - [2026-01-01T18:19:23.861+0000] {dagbag.py:545} INFO - Filling up the DagBag from /home/airflow/.local/lib/python3.12/site-packages/airflow/example_dags/example_nested_branch_dag.py
[2026-01-01T18:19:23.866+0000] {processor.py:840} INFO - DAG(s) 'example_nested_branch_dag' retrieved from /home/airflow/.local/lib/python3.12/site-packages/airflow/example_dags/example_nested_branch_dag.py
[2026-01-01T18:19:23.877+0000] {logging_mixin.py:188} INFO - [2026-01-01T18:19:23.877+0000] {dag.py:3089} INFO - Sync 1 DAGs
[2026-01-01T18:19:23.891+0000] {logging_mixin.py:188} INFO - [2026-01-01T18:19:23.891+0000] {dag.py:3947} INFO - Setting next_dagrun for example_nested_branch_dag to 2025-12-31 00:00:00+00:00, run_after=2026-01-01 00:00:00+00:00
[2026-01-01T18:19:23.903+0000] {processor.py:183} INFO - Processing /home/airflow/.local/lib/python3.12/site-packages/airflow/example_dags/example_nested_branch_dag.py took 0.047 seconds
[2026-01-01T19:35:31.880+0000] {processor.py:161} INFO - Started process (PID=52736) to work on /home/airflow/.local/lib/python3.12/site-packages/airflow/example_dags/example_nested_branch_dag.py
[2026-01-01T19:35:31.880+0000] {processor.py:830} INFO - Processing file /home/airflow/.local/lib/python3.12/site-packages/airflow/example_dags/example_nested_branch_dag.py for tasks to queue
[2026-01-01T19:35:31.881+0000] {logging_mixin.py:188} INFO - [2026-01-01T19:35:31.880+0000] {dagbag.py:545} INFO - Filling up the DagBag from /home/airflow/.local/lib/python3.12/site-packages/airflow/example_dags/example_nested_branch_dag.py
[2026-01-01T19:35:31.886+0000] {processor.py:840} INFO - DAG(s) 'example_nested_branch_dag' retrieved from /home/airflow/.local/lib/python3.12/site-packages/airflow/example_dags/example_nested_branch_dag.py
[2026-01-01T19:35:31.895+0000] {logging_mixin.py:188} INFO - [2026-01-01T19:35:31.895+0000] {dag.py:3089} INFO - Sync 1 DAGs
[2026-01-01T19:35:31.904+0000] {logging_mixin.py:188} INFO - [2026-01-01T19:35:31.904+0000] {dag.py:3947} INFO - Setting next_dagrun for example_nested_branch_dag to 2025-12-31 00:00:00+00:00, run_after=2026-01-01 00:00:00+00:00
[2026-01-01T19:35:31.916+0000] {processor.py:183} INFO - Processing /home/airflow/.local/lib/python3.12/site-packages/airflow/example_dags/example_nested_branch_dag.py took 0.039 seconds
[2026-01-01T20:54:40.993+0000] {processor.py:161} INFO - Started process (PID=52795) to work on /home/airflow/.local/lib/python3.12/site-packages/airflow/example_dags/example_nested_branch_dag.py
[2026-01-01T20:54:40.994+0000] {processor.py:830} INFO - Processing file /home/airflow/.local/lib/python3.12/site-packages/airflow/example_dags/example_nested_branch_dag.py for tasks to queue
[2026-01-01T20:54:40.995+0000] {logging_mixin.py:188} INFO - [2026-01-01T20:54:40.994+0000] {dagbag.py:545} INFO - Filling up the DagBag from /home/airflow/.local/lib/python3.12/site-packages/airflow/example_dags/example_nested_branch_dag.py
[2026-01-01T20:54:41.008+0000] {processor.py:840} INFO - DAG(s) 'example_nested_branch_dag' retrieved from /home/airflow/.local/lib/python3.12/site-packages/airflow/example_dags/example_nested_branch_dag.py
[2026-01-01T20:54:41.028+0000] {logging_mixin.py:188} INFO - [2026-01-01T20:54:41.028+0000] {dag.py:3089} INFO - Sync 1 DAGs
[2026-01-01T20:54:41.040+0000] {logging_mixin.py:188} INFO - [2026-01-01T20:54:41.040+0000] {dag.py:3947} INFO - Setting next_dagrun for example_nested_branch_dag to 2025-12-31 00:00:00+00:00, run_after=2026-01-01 00:00:00+00:00
[2026-01-01T20:54:41.055+0000] {processor.py:183} INFO - Processing /home/airflow/.local/lib/python3.12/site-packages/airflow/example_dags/example_nested_branch_dag.py took 0.067 seconds
[2026-01-01T22:37:22.724+0000] {processor.py:161} INFO - Started process (PID=52854) to work on /home/airflow/.local/lib/python3.12/site-packages/airflow/example_dags/example_nested_branch_dag.py
[2026-01-01T22:37:22.727+0000] {processor.py:830} INFO - Processing file /home/airflow/.local/lib/python3.12/site-packages/airflow/example_dags/example_nested_branch_dag.py for tasks to queue
[2026-01-01T22:37:22.728+0000] {logging_mixin.py:188} INFO - [2026-01-01T22:37:22.728+0000] {dagbag.py:545} INFO - Filling up the DagBag from /home/airflow/.local/lib/python3.12/site-packages/airflow/example_dags/example_nested_branch_dag.py
[2026-01-01T22:37:22.733+0000] {processor.py:840} INFO - DAG(s) 'example_nested_branch_dag' retrieved from /home/airflow/.local/lib/python3.12/site-packages/airflow/example_dags/example_nested_branch_dag.py
[2026-01-01T22:37:22.743+0000] {logging_mixin.py:188} INFO - [2026-01-01T22:37:22.743+0000] {dag.py:3089} INFO - Sync 1 DAGs
[2026-01-01T22:37:22.752+0000] {logging_mixin.py:188} INFO - [2026-01-01T22:37:22.752+0000] {dag.py:3947} INFO - Setting next_dagrun for example_nested_branch_dag to 2025-12-31 00:00:00+00:00, run_after=2026-01-01 00:00:00+00:00
[2026-01-01T22:37:22.763+0000] {processor.py:183} INFO - Processing /home/airflow/.local/lib/python3.12/site-packages/airflow/example_dags/example_nested_branch_dag.py took 0.042 seconds
[2026-01-01T23:54:04.998+0000] {processor.py:161} INFO - Started process (PID=52913) to work on /home/airflow/.local/lib/python3.12/site-packages/airflow/example_dags/example_nested_branch_dag.py
[2026-01-01T23:54:04.999+0000] {processor.py:830} INFO - Processing file /home/airflow/.local/lib/python3.12/site-packages/airflow/example_dags/example_nested_branch_dag.py for tasks to queue
[2026-01-01T23:54:05.000+0000] {logging_mixin.py:188} INFO - [2026-01-01T23:54:05.000+0000] {dagbag.py:545} INFO - Filling up the DagBag from /home/airflow/.local/lib/python3.12/site-packages/airflow/example_dags/example_nested_branch_dag.py
[2026-01-01T23:54:05.006+0000] {processor.py:840} INFO - DAG(s) 'example_nested_branch_dag' retrieved from /home/airflow/.local/lib/python3.12/site-packages/airflow/example_dags/example_nested_branch_dag.py
[2026-01-01T23:54:05.020+0000] {logging_mixin.py:188} INFO - [2026-01-01T23:54:05.020+0000] {dag.py:3089} INFO - Sync 1 DAGs
[2026-01-01T23:54:05.033+0000] {logging_mixin.py:188} INFO - [2026-01-01T23:54:05.033+0000] {dag.py:3947} INFO - Setting next_dagrun for example_nested_branch_dag to 2025-12-31 00:00:00+00:00, run_after=2026-01-01 00:00:00+00:00
[2026-01-01T23:54:05.044+0000] {processor.py:183} INFO - Processing /home/airflow/.local/lib/python3.12/site-packages/airflow/example_dags/example_nested_branch_dag.py took 0.052 seconds
