[2026-01-01T01:03:22.793+0000] {processor.py:161} INFO - Started process (PID=51828) to work on /home/airflow/.local/lib/python3.12/site-packages/airflow/example_dags/example_branch_operator_decorator.py
[2026-01-01T01:03:22.797+0000] {processor.py:830} INFO - Processing file /home/airflow/.local/lib/python3.12/site-packages/airflow/example_dags/example_branch_operator_decorator.py for tasks to queue
[2026-01-01T01:03:22.798+0000] {logging_mixin.py:188} INFO - [2026-01-01T01:03:22.797+0000] {dagbag.py:545} INFO - Filling up the DagBag from /home/airflow/.local/lib/python3.12/site-packages/airflow/example_dags/example_branch_operator_decorator.py
[2026-01-01T01:03:22.807+0000] {processor.py:840} INFO - DAG(s) 'example_branch_python_operator_decorator' retrieved from /home/airflow/.local/lib/python3.12/site-packages/airflow/example_dags/example_branch_operator_decorator.py
[2026-01-01T01:03:22.826+0000] {logging_mixin.py:188} INFO - [2026-01-01T01:03:22.826+0000] {dag.py:3089} INFO - Sync 1 DAGs
[2026-01-01T01:03:22.845+0000] {logging_mixin.py:188} INFO - [2026-01-01T01:03:22.845+0000] {dag.py:3947} INFO - Setting next_dagrun for example_branch_python_operator_decorator to 2025-12-31 00:00:00+00:00, run_after=2026-01-01 00:00:00+00:00
[2026-01-01T01:03:22.854+0000] {processor.py:183} INFO - Processing /home/airflow/.local/lib/python3.12/site-packages/airflow/example_dags/example_branch_operator_decorator.py took 0.064 seconds
[2026-01-01T02:01:01.965+0000] {processor.py:161} INFO - Started process (PID=51887) to work on /home/airflow/.local/lib/python3.12/site-packages/airflow/example_dags/example_branch_operator_decorator.py
[2026-01-01T02:01:01.966+0000] {processor.py:830} INFO - Processing file /home/airflow/.local/lib/python3.12/site-packages/airflow/example_dags/example_branch_operator_decorator.py for tasks to queue
[2026-01-01T02:01:01.967+0000] {logging_mixin.py:188} INFO - [2026-01-01T02:01:01.967+0000] {dagbag.py:545} INFO - Filling up the DagBag from /home/airflow/.local/lib/python3.12/site-packages/airflow/example_dags/example_branch_operator_decorator.py
[2026-01-01T02:01:01.977+0000] {processor.py:840} INFO - DAG(s) 'example_branch_python_operator_decorator' retrieved from /home/airflow/.local/lib/python3.12/site-packages/airflow/example_dags/example_branch_operator_decorator.py
[2026-01-01T02:01:01.992+0000] {logging_mixin.py:188} INFO - [2026-01-01T02:01:01.992+0000] {dag.py:3089} INFO - Sync 1 DAGs
[2026-01-01T02:01:02.003+0000] {logging_mixin.py:188} INFO - [2026-01-01T02:01:02.003+0000] {dag.py:3947} INFO - Setting next_dagrun for example_branch_python_operator_decorator to 2025-12-31 00:00:00+00:00, run_after=2026-01-01 00:00:00+00:00
[2026-01-01T02:01:02.011+0000] {processor.py:183} INFO - Processing /home/airflow/.local/lib/python3.12/site-packages/airflow/example_dags/example_branch_operator_decorator.py took 0.049 seconds
[2026-01-01T03:35:53.398+0000] {processor.py:161} INFO - Started process (PID=51946) to work on /home/airflow/.local/lib/python3.12/site-packages/airflow/example_dags/example_branch_operator_decorator.py
[2026-01-01T03:35:53.401+0000] {processor.py:830} INFO - Processing file /home/airflow/.local/lib/python3.12/site-packages/airflow/example_dags/example_branch_operator_decorator.py for tasks to queue
[2026-01-01T03:35:53.401+0000] {logging_mixin.py:188} INFO - [2026-01-01T03:35:53.401+0000] {dagbag.py:545} INFO - Filling up the DagBag from /home/airflow/.local/lib/python3.12/site-packages/airflow/example_dags/example_branch_operator_decorator.py
[2026-01-01T03:35:53.410+0000] {processor.py:840} INFO - DAG(s) 'example_branch_python_operator_decorator' retrieved from /home/airflow/.local/lib/python3.12/site-packages/airflow/example_dags/example_branch_operator_decorator.py
[2026-01-01T03:35:53.422+0000] {logging_mixin.py:188} INFO - [2026-01-01T03:35:53.422+0000] {dag.py:3089} INFO - Sync 1 DAGs
[2026-01-01T03:35:53.432+0000] {logging_mixin.py:188} INFO - [2026-01-01T03:35:53.432+0000] {dag.py:3947} INFO - Setting next_dagrun for example_branch_python_operator_decorator to 2025-12-31 00:00:00+00:00, run_after=2026-01-01 00:00:00+00:00
[2026-01-01T03:35:53.440+0000] {processor.py:183} INFO - Processing /home/airflow/.local/lib/python3.12/site-packages/airflow/example_dags/example_branch_operator_decorator.py took 0.044 seconds
[2026-01-01T04:55:53.335+0000] {processor.py:161} INFO - Started process (PID=52006) to work on /home/airflow/.local/lib/python3.12/site-packages/airflow/example_dags/example_branch_operator_decorator.py
[2026-01-01T04:55:53.336+0000] {processor.py:830} INFO - Processing file /home/airflow/.local/lib/python3.12/site-packages/airflow/example_dags/example_branch_operator_decorator.py for tasks to queue
[2026-01-01T04:55:53.336+0000] {logging_mixin.py:188} INFO - [2026-01-01T04:55:53.336+0000] {dagbag.py:545} INFO - Filling up the DagBag from /home/airflow/.local/lib/python3.12/site-packages/airflow/example_dags/example_branch_operator_decorator.py
[2026-01-01T04:55:53.345+0000] {processor.py:840} INFO - DAG(s) 'example_branch_python_operator_decorator' retrieved from /home/airflow/.local/lib/python3.12/site-packages/airflow/example_dags/example_branch_operator_decorator.py
[2026-01-01T04:55:53.361+0000] {logging_mixin.py:188} INFO - [2026-01-01T04:55:53.361+0000] {dag.py:3089} INFO - Sync 1 DAGs
[2026-01-01T04:55:53.373+0000] {logging_mixin.py:188} INFO - [2026-01-01T04:55:53.373+0000] {dag.py:3947} INFO - Setting next_dagrun for example_branch_python_operator_decorator to 2025-12-31 00:00:00+00:00, run_after=2026-01-01 00:00:00+00:00
[2026-01-01T04:55:53.383+0000] {processor.py:183} INFO - Processing /home/airflow/.local/lib/python3.12/site-packages/airflow/example_dags/example_branch_operator_decorator.py took 0.051 seconds
[2026-01-01T06:07:21.722+0000] {processor.py:161} INFO - Started process (PID=52065) to work on /home/airflow/.local/lib/python3.12/site-packages/airflow/example_dags/example_branch_operator_decorator.py
[2026-01-01T06:07:21.724+0000] {processor.py:830} INFO - Processing file /home/airflow/.local/lib/python3.12/site-packages/airflow/example_dags/example_branch_operator_decorator.py for tasks to queue
[2026-01-01T06:07:21.724+0000] {logging_mixin.py:188} INFO - [2026-01-01T06:07:21.724+0000] {dagbag.py:545} INFO - Filling up the DagBag from /home/airflow/.local/lib/python3.12/site-packages/airflow/example_dags/example_branch_operator_decorator.py
[2026-01-01T06:07:21.734+0000] {processor.py:840} INFO - DAG(s) 'example_branch_python_operator_decorator' retrieved from /home/airflow/.local/lib/python3.12/site-packages/airflow/example_dags/example_branch_operator_decorator.py
[2026-01-01T06:07:21.757+0000] {logging_mixin.py:188} INFO - [2026-01-01T06:07:21.757+0000] {dag.py:3089} INFO - Sync 1 DAGs
[2026-01-01T06:07:21.767+0000] {logging_mixin.py:188} INFO - [2026-01-01T06:07:21.767+0000] {dag.py:3947} INFO - Setting next_dagrun for example_branch_python_operator_decorator to 2025-12-31 00:00:00+00:00, run_after=2026-01-01 00:00:00+00:00
[2026-01-01T06:07:21.775+0000] {processor.py:183} INFO - Processing /home/airflow/.local/lib/python3.12/site-packages/airflow/example_dags/example_branch_operator_decorator.py took 0.056 seconds
[2026-01-01T07:40:35.812+0000] {processor.py:161} INFO - Started process (PID=52124) to work on /home/airflow/.local/lib/python3.12/site-packages/airflow/example_dags/example_branch_operator_decorator.py
[2026-01-01T07:40:35.813+0000] {processor.py:830} INFO - Processing file /home/airflow/.local/lib/python3.12/site-packages/airflow/example_dags/example_branch_operator_decorator.py for tasks to queue
[2026-01-01T07:40:35.814+0000] {logging_mixin.py:188} INFO - [2026-01-01T07:40:35.814+0000] {dagbag.py:545} INFO - Filling up the DagBag from /home/airflow/.local/lib/python3.12/site-packages/airflow/example_dags/example_branch_operator_decorator.py
[2026-01-01T07:40:35.823+0000] {processor.py:840} INFO - DAG(s) 'example_branch_python_operator_decorator' retrieved from /home/airflow/.local/lib/python3.12/site-packages/airflow/example_dags/example_branch_operator_decorator.py
[2026-01-01T07:40:35.836+0000] {logging_mixin.py:188} INFO - [2026-01-01T07:40:35.835+0000] {dag.py:3089} INFO - Sync 1 DAGs
[2026-01-01T07:40:35.851+0000] {logging_mixin.py:188} INFO - [2026-01-01T07:40:35.851+0000] {dag.py:3947} INFO - Setting next_dagrun for example_branch_python_operator_decorator to 2025-12-31 00:00:00+00:00, run_after=2026-01-01 00:00:00+00:00
[2026-01-01T07:40:35.865+0000] {processor.py:183} INFO - Processing /home/airflow/.local/lib/python3.12/site-packages/airflow/example_dags/example_branch_operator_decorator.py took 0.058 seconds
[2026-01-01T08:44:35.818+0000] {processor.py:161} INFO - Started process (PID=52183) to work on /home/airflow/.local/lib/python3.12/site-packages/airflow/example_dags/example_branch_operator_decorator.py
[2026-01-01T08:44:35.821+0000] {processor.py:830} INFO - Processing file /home/airflow/.local/lib/python3.12/site-packages/airflow/example_dags/example_branch_operator_decorator.py for tasks to queue
[2026-01-01T08:44:35.821+0000] {logging_mixin.py:188} INFO - [2026-01-01T08:44:35.821+0000] {dagbag.py:545} INFO - Filling up the DagBag from /home/airflow/.local/lib/python3.12/site-packages/airflow/example_dags/example_branch_operator_decorator.py
[2026-01-01T08:44:35.830+0000] {processor.py:840} INFO - DAG(s) 'example_branch_python_operator_decorator' retrieved from /home/airflow/.local/lib/python3.12/site-packages/airflow/example_dags/example_branch_operator_decorator.py
[2026-01-01T08:44:35.846+0000] {logging_mixin.py:188} INFO - [2026-01-01T08:44:35.846+0000] {dag.py:3089} INFO - Sync 1 DAGs
[2026-01-01T08:44:35.855+0000] {logging_mixin.py:188} INFO - [2026-01-01T08:44:35.855+0000] {dag.py:3947} INFO - Setting next_dagrun for example_branch_python_operator_decorator to 2025-12-31 00:00:00+00:00, run_after=2026-01-01 00:00:00+00:00
[2026-01-01T08:44:35.865+0000] {processor.py:183} INFO - Processing /home/airflow/.local/lib/python3.12/site-packages/airflow/example_dags/example_branch_operator_decorator.py took 0.050 seconds
[2026-01-01T09:57:56.987+0000] {processor.py:161} INFO - Started process (PID=52242) to work on /home/airflow/.local/lib/python3.12/site-packages/airflow/example_dags/example_branch_operator_decorator.py
[2026-01-01T09:57:56.988+0000] {processor.py:830} INFO - Processing file /home/airflow/.local/lib/python3.12/site-packages/airflow/example_dags/example_branch_operator_decorator.py for tasks to queue
[2026-01-01T09:57:56.988+0000] {logging_mixin.py:188} INFO - [2026-01-01T09:57:56.988+0000] {dagbag.py:545} INFO - Filling up the DagBag from /home/airflow/.local/lib/python3.12/site-packages/airflow/example_dags/example_branch_operator_decorator.py
[2026-01-01T09:57:56.997+0000] {processor.py:840} INFO - DAG(s) 'example_branch_python_operator_decorator' retrieved from /home/airflow/.local/lib/python3.12/site-packages/airflow/example_dags/example_branch_operator_decorator.py
[2026-01-01T09:57:57.011+0000] {logging_mixin.py:188} INFO - [2026-01-01T09:57:57.011+0000] {dag.py:3089} INFO - Sync 1 DAGs
[2026-01-01T09:57:57.022+0000] {logging_mixin.py:188} INFO - [2026-01-01T09:57:57.022+0000] {dag.py:3947} INFO - Setting next_dagrun for example_branch_python_operator_decorator to 2025-12-31 00:00:00+00:00, run_after=2026-01-01 00:00:00+00:00
[2026-01-01T09:57:57.034+0000] {processor.py:183} INFO - Processing /home/airflow/.local/lib/python3.12/site-packages/airflow/example_dags/example_branch_operator_decorator.py took 0.050 seconds
[2026-01-01T11:12:22.009+0000] {processor.py:161} INFO - Started process (PID=52301) to work on /home/airflow/.local/lib/python3.12/site-packages/airflow/example_dags/example_branch_operator_decorator.py
[2026-01-01T11:12:22.012+0000] {processor.py:830} INFO - Processing file /home/airflow/.local/lib/python3.12/site-packages/airflow/example_dags/example_branch_operator_decorator.py for tasks to queue
[2026-01-01T11:12:22.013+0000] {logging_mixin.py:188} INFO - [2026-01-01T11:12:22.013+0000] {dagbag.py:545} INFO - Filling up the DagBag from /home/airflow/.local/lib/python3.12/site-packages/airflow/example_dags/example_branch_operator_decorator.py
[2026-01-01T11:12:22.022+0000] {processor.py:840} INFO - DAG(s) 'example_branch_python_operator_decorator' retrieved from /home/airflow/.local/lib/python3.12/site-packages/airflow/example_dags/example_branch_operator_decorator.py
[2026-01-01T11:12:22.039+0000] {logging_mixin.py:188} INFO - [2026-01-01T11:12:22.039+0000] {dag.py:3089} INFO - Sync 1 DAGs
[2026-01-01T11:12:22.050+0000] {logging_mixin.py:188} INFO - [2026-01-01T11:12:22.050+0000] {dag.py:3947} INFO - Setting next_dagrun for example_branch_python_operator_decorator to 2025-12-31 00:00:00+00:00, run_after=2026-01-01 00:00:00+00:00
[2026-01-01T11:12:22.057+0000] {processor.py:183} INFO - Processing /home/airflow/.local/lib/python3.12/site-packages/airflow/example_dags/example_branch_operator_decorator.py took 0.050 seconds
[2026-01-01T12:13:28.816+0000] {processor.py:161} INFO - Started process (PID=52360) to work on /home/airflow/.local/lib/python3.12/site-packages/airflow/example_dags/example_branch_operator_decorator.py
[2026-01-01T12:13:28.816+0000] {processor.py:830} INFO - Processing file /home/airflow/.local/lib/python3.12/site-packages/airflow/example_dags/example_branch_operator_decorator.py for tasks to queue
[2026-01-01T12:13:28.817+0000] {logging_mixin.py:188} INFO - [2026-01-01T12:13:28.817+0000] {dagbag.py:545} INFO - Filling up the DagBag from /home/airflow/.local/lib/python3.12/site-packages/airflow/example_dags/example_branch_operator_decorator.py
[2026-01-01T12:13:28.827+0000] {processor.py:840} INFO - DAG(s) 'example_branch_python_operator_decorator' retrieved from /home/airflow/.local/lib/python3.12/site-packages/airflow/example_dags/example_branch_operator_decorator.py
[2026-01-01T12:13:28.845+0000] {logging_mixin.py:188} INFO - [2026-01-01T12:13:28.845+0000] {dag.py:3089} INFO - Sync 1 DAGs
[2026-01-01T12:13:28.862+0000] {logging_mixin.py:188} INFO - [2026-01-01T12:13:28.862+0000] {dag.py:3947} INFO - Setting next_dagrun for example_branch_python_operator_decorator to 2025-12-31 00:00:00+00:00, run_after=2026-01-01 00:00:00+00:00
[2026-01-01T12:13:28.881+0000] {processor.py:183} INFO - Processing /home/airflow/.local/lib/python3.12/site-packages/airflow/example_dags/example_branch_operator_decorator.py took 0.070 seconds
[2026-01-01T13:31:41.122+0000] {processor.py:161} INFO - Started process (PID=52419) to work on /home/airflow/.local/lib/python3.12/site-packages/airflow/example_dags/example_branch_operator_decorator.py
[2026-01-01T13:31:41.123+0000] {processor.py:830} INFO - Processing file /home/airflow/.local/lib/python3.12/site-packages/airflow/example_dags/example_branch_operator_decorator.py for tasks to queue
[2026-01-01T13:31:41.123+0000] {logging_mixin.py:188} INFO - [2026-01-01T13:31:41.123+0000] {dagbag.py:545} INFO - Filling up the DagBag from /home/airflow/.local/lib/python3.12/site-packages/airflow/example_dags/example_branch_operator_decorator.py
[2026-01-01T13:31:41.135+0000] {processor.py:840} INFO - DAG(s) 'example_branch_python_operator_decorator' retrieved from /home/airflow/.local/lib/python3.12/site-packages/airflow/example_dags/example_branch_operator_decorator.py
[2026-01-01T13:31:41.150+0000] {logging_mixin.py:188} INFO - [2026-01-01T13:31:41.150+0000] {dag.py:3089} INFO - Sync 1 DAGs
[2026-01-01T13:31:41.161+0000] {logging_mixin.py:188} INFO - [2026-01-01T13:31:41.161+0000] {dag.py:3947} INFO - Setting next_dagrun for example_branch_python_operator_decorator to 2025-12-31 00:00:00+00:00, run_after=2026-01-01 00:00:00+00:00
[2026-01-01T13:31:41.169+0000] {processor.py:183} INFO - Processing /home/airflow/.local/lib/python3.12/site-packages/airflow/example_dags/example_branch_operator_decorator.py took 0.051 seconds
[2026-01-01T15:05:23.874+0000] {processor.py:161} INFO - Started process (PID=52478) to work on /home/airflow/.local/lib/python3.12/site-packages/airflow/example_dags/example_branch_operator_decorator.py
[2026-01-01T15:05:23.875+0000] {processor.py:830} INFO - Processing file /home/airflow/.local/lib/python3.12/site-packages/airflow/example_dags/example_branch_operator_decorator.py for tasks to queue
[2026-01-01T15:05:23.875+0000] {logging_mixin.py:188} INFO - [2026-01-01T15:05:23.875+0000] {dagbag.py:545} INFO - Filling up the DagBag from /home/airflow/.local/lib/python3.12/site-packages/airflow/example_dags/example_branch_operator_decorator.py
[2026-01-01T15:05:23.886+0000] {processor.py:840} INFO - DAG(s) 'example_branch_python_operator_decorator' retrieved from /home/airflow/.local/lib/python3.12/site-packages/airflow/example_dags/example_branch_operator_decorator.py
[2026-01-01T15:05:23.903+0000] {logging_mixin.py:188} INFO - [2026-01-01T15:05:23.903+0000] {dag.py:3089} INFO - Sync 1 DAGs
[2026-01-01T15:05:23.915+0000] {logging_mixin.py:188} INFO - [2026-01-01T15:05:23.915+0000] {dag.py:3947} INFO - Setting next_dagrun for example_branch_python_operator_decorator to 2025-12-31 00:00:00+00:00, run_after=2026-01-01 00:00:00+00:00
[2026-01-01T15:05:23.921+0000] {processor.py:183} INFO - Processing /home/airflow/.local/lib/python3.12/site-packages/airflow/example_dags/example_branch_operator_decorator.py took 0.050 seconds
[2026-01-01T16:17:19.723+0000] {processor.py:161} INFO - Started process (PID=52537) to work on /home/airflow/.local/lib/python3.12/site-packages/airflow/example_dags/example_branch_operator_decorator.py
[2026-01-01T16:17:19.726+0000] {processor.py:830} INFO - Processing file /home/airflow/.local/lib/python3.12/site-packages/airflow/example_dags/example_branch_operator_decorator.py for tasks to queue
[2026-01-01T16:17:19.727+0000] {logging_mixin.py:188} INFO - [2026-01-01T16:17:19.727+0000] {dagbag.py:545} INFO - Filling up the DagBag from /home/airflow/.local/lib/python3.12/site-packages/airflow/example_dags/example_branch_operator_decorator.py
[2026-01-01T16:17:19.735+0000] {processor.py:840} INFO - DAG(s) 'example_branch_python_operator_decorator' retrieved from /home/airflow/.local/lib/python3.12/site-packages/airflow/example_dags/example_branch_operator_decorator.py
[2026-01-01T16:17:19.746+0000] {logging_mixin.py:188} INFO - [2026-01-01T16:17:19.746+0000] {dag.py:3089} INFO - Sync 1 DAGs
[2026-01-01T16:17:19.757+0000] {logging_mixin.py:188} INFO - [2026-01-01T16:17:19.757+0000] {dag.py:3947} INFO - Setting next_dagrun for example_branch_python_operator_decorator to 2025-12-31 00:00:00+00:00, run_after=2026-01-01 00:00:00+00:00
[2026-01-01T16:17:19.769+0000] {processor.py:183} INFO - Processing /home/airflow/.local/lib/python3.12/site-packages/airflow/example_dags/example_branch_operator_decorator.py took 0.049 seconds
[2026-01-01T17:14:38.545+0000] {processor.py:161} INFO - Started process (PID=52596) to work on /home/airflow/.local/lib/python3.12/site-packages/airflow/example_dags/example_branch_operator_decorator.py
[2026-01-01T17:14:38.546+0000] {processor.py:830} INFO - Processing file /home/airflow/.local/lib/python3.12/site-packages/airflow/example_dags/example_branch_operator_decorator.py for tasks to queue
[2026-01-01T17:14:38.546+0000] {logging_mixin.py:188} INFO - [2026-01-01T17:14:38.546+0000] {dagbag.py:545} INFO - Filling up the DagBag from /home/airflow/.local/lib/python3.12/site-packages/airflow/example_dags/example_branch_operator_decorator.py
[2026-01-01T17:14:38.555+0000] {processor.py:840} INFO - DAG(s) 'example_branch_python_operator_decorator' retrieved from /home/airflow/.local/lib/python3.12/site-packages/airflow/example_dags/example_branch_operator_decorator.py
[2026-01-01T17:14:38.572+0000] {logging_mixin.py:188} INFO - [2026-01-01T17:14:38.572+0000] {dag.py:3089} INFO - Sync 1 DAGs
[2026-01-01T17:14:38.583+0000] {logging_mixin.py:188} INFO - [2026-01-01T17:14:38.583+0000] {dag.py:3947} INFO - Setting next_dagrun for example_branch_python_operator_decorator to 2025-12-31 00:00:00+00:00, run_after=2026-01-01 00:00:00+00:00
[2026-01-01T17:14:38.593+0000] {processor.py:183} INFO - Processing /home/airflow/.local/lib/python3.12/site-packages/airflow/example_dags/example_branch_operator_decorator.py took 0.050 seconds
[2026-01-01T18:19:23.249+0000] {processor.py:161} INFO - Started process (PID=52655) to work on /home/airflow/.local/lib/python3.12/site-packages/airflow/example_dags/example_branch_operator_decorator.py
[2026-01-01T18:19:23.250+0000] {processor.py:830} INFO - Processing file /home/airflow/.local/lib/python3.12/site-packages/airflow/example_dags/example_branch_operator_decorator.py for tasks to queue
[2026-01-01T18:19:23.250+0000] {logging_mixin.py:188} INFO - [2026-01-01T18:19:23.250+0000] {dagbag.py:545} INFO - Filling up the DagBag from /home/airflow/.local/lib/python3.12/site-packages/airflow/example_dags/example_branch_operator_decorator.py
[2026-01-01T18:19:23.259+0000] {processor.py:840} INFO - DAG(s) 'example_branch_python_operator_decorator' retrieved from /home/airflow/.local/lib/python3.12/site-packages/airflow/example_dags/example_branch_operator_decorator.py
[2026-01-01T18:19:23.270+0000] {logging_mixin.py:188} INFO - [2026-01-01T18:19:23.270+0000] {dag.py:3089} INFO - Sync 1 DAGs
[2026-01-01T18:19:23.281+0000] {logging_mixin.py:188} INFO - [2026-01-01T18:19:23.281+0000] {dag.py:3947} INFO - Setting next_dagrun for example_branch_python_operator_decorator to 2025-12-31 00:00:00+00:00, run_after=2026-01-01 00:00:00+00:00
[2026-01-01T18:19:23.299+0000] {processor.py:183} INFO - Processing /home/airflow/.local/lib/python3.12/site-packages/airflow/example_dags/example_branch_operator_decorator.py took 0.053 seconds
[2026-01-01T19:35:31.232+0000] {processor.py:161} INFO - Started process (PID=52714) to work on /home/airflow/.local/lib/python3.12/site-packages/airflow/example_dags/example_branch_operator_decorator.py
[2026-01-01T19:35:31.232+0000] {processor.py:830} INFO - Processing file /home/airflow/.local/lib/python3.12/site-packages/airflow/example_dags/example_branch_operator_decorator.py for tasks to queue
[2026-01-01T19:35:31.233+0000] {logging_mixin.py:188} INFO - [2026-01-01T19:35:31.233+0000] {dagbag.py:545} INFO - Filling up the DagBag from /home/airflow/.local/lib/python3.12/site-packages/airflow/example_dags/example_branch_operator_decorator.py
[2026-01-01T19:35:31.242+0000] {processor.py:840} INFO - DAG(s) 'example_branch_python_operator_decorator' retrieved from /home/airflow/.local/lib/python3.12/site-packages/airflow/example_dags/example_branch_operator_decorator.py
[2026-01-01T19:35:31.258+0000] {logging_mixin.py:188} INFO - [2026-01-01T19:35:31.258+0000] {dag.py:3089} INFO - Sync 1 DAGs
[2026-01-01T19:35:31.269+0000] {logging_mixin.py:188} INFO - [2026-01-01T19:35:31.269+0000] {dag.py:3947} INFO - Setting next_dagrun for example_branch_python_operator_decorator to 2025-12-31 00:00:00+00:00, run_after=2026-01-01 00:00:00+00:00
[2026-01-01T19:35:31.284+0000] {processor.py:183} INFO - Processing /home/airflow/.local/lib/python3.12/site-packages/airflow/example_dags/example_branch_operator_decorator.py took 0.055 seconds
[2026-01-01T20:54:40.090+0000] {processor.py:161} INFO - Started process (PID=52773) to work on /home/airflow/.local/lib/python3.12/site-packages/airflow/example_dags/example_branch_operator_decorator.py
[2026-01-01T20:54:40.090+0000] {processor.py:830} INFO - Processing file /home/airflow/.local/lib/python3.12/site-packages/airflow/example_dags/example_branch_operator_decorator.py for tasks to queue
[2026-01-01T20:54:40.091+0000] {logging_mixin.py:188} INFO - [2026-01-01T20:54:40.090+0000] {dagbag.py:545} INFO - Filling up the DagBag from /home/airflow/.local/lib/python3.12/site-packages/airflow/example_dags/example_branch_operator_decorator.py
[2026-01-01T20:54:40.100+0000] {processor.py:840} INFO - DAG(s) 'example_branch_python_operator_decorator' retrieved from /home/airflow/.local/lib/python3.12/site-packages/airflow/example_dags/example_branch_operator_decorator.py
[2026-01-01T20:54:40.114+0000] {logging_mixin.py:188} INFO - [2026-01-01T20:54:40.113+0000] {dag.py:3089} INFO - Sync 1 DAGs
[2026-01-01T20:54:40.127+0000] {logging_mixin.py:188} INFO - [2026-01-01T20:54:40.127+0000] {dag.py:3947} INFO - Setting next_dagrun for example_branch_python_operator_decorator to 2025-12-31 00:00:00+00:00, run_after=2026-01-01 00:00:00+00:00
[2026-01-01T20:54:40.134+0000] {processor.py:183} INFO - Processing /home/airflow/.local/lib/python3.12/site-packages/airflow/example_dags/example_branch_operator_decorator.py took 0.047 seconds
[2026-01-01T22:37:22.065+0000] {processor.py:161} INFO - Started process (PID=52832) to work on /home/airflow/.local/lib/python3.12/site-packages/airflow/example_dags/example_branch_operator_decorator.py
[2026-01-01T22:37:22.065+0000] {processor.py:830} INFO - Processing file /home/airflow/.local/lib/python3.12/site-packages/airflow/example_dags/example_branch_operator_decorator.py for tasks to queue
[2026-01-01T22:37:22.066+0000] {logging_mixin.py:188} INFO - [2026-01-01T22:37:22.066+0000] {dagbag.py:545} INFO - Filling up the DagBag from /home/airflow/.local/lib/python3.12/site-packages/airflow/example_dags/example_branch_operator_decorator.py
[2026-01-01T22:37:22.074+0000] {processor.py:840} INFO - DAG(s) 'example_branch_python_operator_decorator' retrieved from /home/airflow/.local/lib/python3.12/site-packages/airflow/example_dags/example_branch_operator_decorator.py
[2026-01-01T22:37:22.089+0000] {logging_mixin.py:188} INFO - [2026-01-01T22:37:22.089+0000] {dag.py:3089} INFO - Sync 1 DAGs
[2026-01-01T22:37:22.101+0000] {logging_mixin.py:188} INFO - [2026-01-01T22:37:22.101+0000] {dag.py:3947} INFO - Setting next_dagrun for example_branch_python_operator_decorator to 2025-12-31 00:00:00+00:00, run_after=2026-01-01 00:00:00+00:00
[2026-01-01T22:37:22.108+0000] {processor.py:183} INFO - Processing /home/airflow/.local/lib/python3.12/site-packages/airflow/example_dags/example_branch_operator_decorator.py took 0.046 seconds
[2026-01-01T23:54:03.920+0000] {processor.py:161} INFO - Started process (PID=52891) to work on /home/airflow/.local/lib/python3.12/site-packages/airflow/example_dags/example_branch_operator_decorator.py
[2026-01-01T23:54:03.924+0000] {processor.py:830} INFO - Processing file /home/airflow/.local/lib/python3.12/site-packages/airflow/example_dags/example_branch_operator_decorator.py for tasks to queue
[2026-01-01T23:54:03.926+0000] {logging_mixin.py:188} INFO - [2026-01-01T23:54:03.925+0000] {dagbag.py:545} INFO - Filling up the DagBag from /home/airflow/.local/lib/python3.12/site-packages/airflow/example_dags/example_branch_operator_decorator.py
[2026-01-01T23:54:03.936+0000] {processor.py:840} INFO - DAG(s) 'example_branch_python_operator_decorator' retrieved from /home/airflow/.local/lib/python3.12/site-packages/airflow/example_dags/example_branch_operator_decorator.py
[2026-01-01T23:54:03.952+0000] {logging_mixin.py:188} INFO - [2026-01-01T23:54:03.952+0000] {dag.py:3089} INFO - Sync 1 DAGs
[2026-01-01T23:54:03.965+0000] {logging_mixin.py:188} INFO - [2026-01-01T23:54:03.964+0000] {dag.py:3947} INFO - Setting next_dagrun for example_branch_python_operator_decorator to 2025-12-31 00:00:00+00:00, run_after=2026-01-01 00:00:00+00:00
[2026-01-01T23:54:03.978+0000] {processor.py:183} INFO - Processing /home/airflow/.local/lib/python3.12/site-packages/airflow/example_dags/example_branch_operator_decorator.py took 0.061 seconds
