[2026-01-01T01:03:23.610+0000] {processor.py:161} INFO - Started process (PID=51852) to work on /home/airflow/.local/lib/python3.12/site-packages/airflow/example_dags/example_task_group_decorator.py
[2026-01-01T01:03:23.611+0000] {processor.py:830} INFO - Processing file /home/airflow/.local/lib/python3.12/site-packages/airflow/example_dags/example_task_group_decorator.py for tasks to queue
[2026-01-01T01:03:23.611+0000] {logging_mixin.py:188} INFO - [2026-01-01T01:03:23.611+0000] {dagbag.py:545} INFO - Filling up the DagBag from /home/airflow/.local/lib/python3.12/site-packages/airflow/example_dags/example_task_group_decorator.py
[2026-01-01T01:03:23.617+0000] {processor.py:840} INFO - DAG(s) 'example_task_group_decorator' retrieved from /home/airflow/.local/lib/python3.12/site-packages/airflow/example_dags/example_task_group_decorator.py
[2026-01-01T01:03:23.632+0000] {logging_mixin.py:188} INFO - [2026-01-01T01:03:23.632+0000] {dag.py:3089} INFO - Sync 1 DAGs
[2026-01-01T01:03:23.641+0000] {logging_mixin.py:188} INFO - [2026-01-01T01:03:23.641+0000] {dag.py:3947} INFO - Setting next_dagrun for example_task_group_decorator to 2025-12-31 00:00:00+00:00, run_after=2026-01-01 00:00:00+00:00
[2026-01-01T01:03:23.652+0000] {processor.py:183} INFO - Processing /home/airflow/.local/lib/python3.12/site-packages/airflow/example_dags/example_task_group_decorator.py took 0.044 seconds
[2026-01-01T02:01:02.747+0000] {processor.py:161} INFO - Started process (PID=51911) to work on /home/airflow/.local/lib/python3.12/site-packages/airflow/example_dags/example_task_group_decorator.py
[2026-01-01T02:01:02.747+0000] {processor.py:830} INFO - Processing file /home/airflow/.local/lib/python3.12/site-packages/airflow/example_dags/example_task_group_decorator.py for tasks to queue
[2026-01-01T02:01:02.748+0000] {logging_mixin.py:188} INFO - [2026-01-01T02:01:02.748+0000] {dagbag.py:545} INFO - Filling up the DagBag from /home/airflow/.local/lib/python3.12/site-packages/airflow/example_dags/example_task_group_decorator.py
[2026-01-01T02:01:02.754+0000] {processor.py:840} INFO - DAG(s) 'example_task_group_decorator' retrieved from /home/airflow/.local/lib/python3.12/site-packages/airflow/example_dags/example_task_group_decorator.py
[2026-01-01T02:01:02.766+0000] {logging_mixin.py:188} INFO - [2026-01-01T02:01:02.766+0000] {dag.py:3089} INFO - Sync 1 DAGs
[2026-01-01T02:01:02.776+0000] {logging_mixin.py:188} INFO - [2026-01-01T02:01:02.776+0000] {dag.py:3947} INFO - Setting next_dagrun for example_task_group_decorator to 2025-12-31 00:00:00+00:00, run_after=2026-01-01 00:00:00+00:00
[2026-01-01T02:01:02.786+0000] {processor.py:183} INFO - Processing /home/airflow/.local/lib/python3.12/site-packages/airflow/example_dags/example_task_group_decorator.py took 0.042 seconds
[2026-01-01T03:35:54.103+0000] {processor.py:161} INFO - Started process (PID=51970) to work on /home/airflow/.local/lib/python3.12/site-packages/airflow/example_dags/example_task_group_decorator.py
[2026-01-01T03:35:54.104+0000] {processor.py:830} INFO - Processing file /home/airflow/.local/lib/python3.12/site-packages/airflow/example_dags/example_task_group_decorator.py for tasks to queue
[2026-01-01T03:35:54.104+0000] {logging_mixin.py:188} INFO - [2026-01-01T03:35:54.104+0000] {dagbag.py:545} INFO - Filling up the DagBag from /home/airflow/.local/lib/python3.12/site-packages/airflow/example_dags/example_task_group_decorator.py
[2026-01-01T03:35:54.112+0000] {processor.py:840} INFO - DAG(s) 'example_task_group_decorator' retrieved from /home/airflow/.local/lib/python3.12/site-packages/airflow/example_dags/example_task_group_decorator.py
[2026-01-01T03:35:54.121+0000] {logging_mixin.py:188} INFO - [2026-01-01T03:35:54.121+0000] {dag.py:3089} INFO - Sync 1 DAGs
[2026-01-01T03:35:54.131+0000] {logging_mixin.py:188} INFO - [2026-01-01T03:35:54.131+0000] {dag.py:3947} INFO - Setting next_dagrun for example_task_group_decorator to 2025-12-31 00:00:00+00:00, run_after=2026-01-01 00:00:00+00:00
[2026-01-01T03:35:54.142+0000] {processor.py:183} INFO - Processing /home/airflow/.local/lib/python3.12/site-packages/airflow/example_dags/example_task_group_decorator.py took 0.041 seconds
[2026-01-01T04:55:54.272+0000] {processor.py:161} INFO - Started process (PID=52030) to work on /home/airflow/.local/lib/python3.12/site-packages/airflow/example_dags/example_task_group_decorator.py
[2026-01-01T04:55:54.273+0000] {processor.py:830} INFO - Processing file /home/airflow/.local/lib/python3.12/site-packages/airflow/example_dags/example_task_group_decorator.py for tasks to queue
[2026-01-01T04:55:54.273+0000] {logging_mixin.py:188} INFO - [2026-01-01T04:55:54.273+0000] {dagbag.py:545} INFO - Filling up the DagBag from /home/airflow/.local/lib/python3.12/site-packages/airflow/example_dags/example_task_group_decorator.py
[2026-01-01T04:55:54.281+0000] {processor.py:840} INFO - DAG(s) 'example_task_group_decorator' retrieved from /home/airflow/.local/lib/python3.12/site-packages/airflow/example_dags/example_task_group_decorator.py
[2026-01-01T04:55:54.293+0000] {logging_mixin.py:188} INFO - [2026-01-01T04:55:54.293+0000] {dag.py:3089} INFO - Sync 1 DAGs
[2026-01-01T04:55:54.305+0000] {logging_mixin.py:188} INFO - [2026-01-01T04:55:54.305+0000] {dag.py:3947} INFO - Setting next_dagrun for example_task_group_decorator to 2025-12-31 00:00:00+00:00, run_after=2026-01-01 00:00:00+00:00
[2026-01-01T04:55:54.313+0000] {processor.py:183} INFO - Processing /home/airflow/.local/lib/python3.12/site-packages/airflow/example_dags/example_task_group_decorator.py took 0.044 seconds
[2026-01-01T06:07:22.372+0000] {processor.py:161} INFO - Started process (PID=52089) to work on /home/airflow/.local/lib/python3.12/site-packages/airflow/example_dags/example_task_group_decorator.py
[2026-01-01T06:07:22.373+0000] {processor.py:830} INFO - Processing file /home/airflow/.local/lib/python3.12/site-packages/airflow/example_dags/example_task_group_decorator.py for tasks to queue
[2026-01-01T06:07:22.374+0000] {logging_mixin.py:188} INFO - [2026-01-01T06:07:22.374+0000] {dagbag.py:545} INFO - Filling up the DagBag from /home/airflow/.local/lib/python3.12/site-packages/airflow/example_dags/example_task_group_decorator.py
[2026-01-01T06:07:22.380+0000] {processor.py:840} INFO - DAG(s) 'example_task_group_decorator' retrieved from /home/airflow/.local/lib/python3.12/site-packages/airflow/example_dags/example_task_group_decorator.py
[2026-01-01T06:07:22.397+0000] {logging_mixin.py:188} INFO - [2026-01-01T06:07:22.397+0000] {dag.py:3089} INFO - Sync 1 DAGs
[2026-01-01T06:07:22.406+0000] {logging_mixin.py:188} INFO - [2026-01-01T06:07:22.406+0000] {dag.py:3947} INFO - Setting next_dagrun for example_task_group_decorator to 2025-12-31 00:00:00+00:00, run_after=2026-01-01 00:00:00+00:00
[2026-01-01T06:07:22.416+0000] {processor.py:183} INFO - Processing /home/airflow/.local/lib/python3.12/site-packages/airflow/example_dags/example_task_group_decorator.py took 0.047 seconds
[2026-01-01T07:40:36.640+0000] {processor.py:161} INFO - Started process (PID=52148) to work on /home/airflow/.local/lib/python3.12/site-packages/airflow/example_dags/example_task_group_decorator.py
[2026-01-01T07:40:36.641+0000] {processor.py:830} INFO - Processing file /home/airflow/.local/lib/python3.12/site-packages/airflow/example_dags/example_task_group_decorator.py for tasks to queue
[2026-01-01T07:40:36.641+0000] {logging_mixin.py:188} INFO - [2026-01-01T07:40:36.641+0000] {dagbag.py:545} INFO - Filling up the DagBag from /home/airflow/.local/lib/python3.12/site-packages/airflow/example_dags/example_task_group_decorator.py
[2026-01-01T07:40:36.648+0000] {processor.py:840} INFO - DAG(s) 'example_task_group_decorator' retrieved from /home/airflow/.local/lib/python3.12/site-packages/airflow/example_dags/example_task_group_decorator.py
[2026-01-01T07:40:36.658+0000] {logging_mixin.py:188} INFO - [2026-01-01T07:40:36.658+0000] {dag.py:3089} INFO - Sync 1 DAGs
[2026-01-01T07:40:36.667+0000] {logging_mixin.py:188} INFO - [2026-01-01T07:40:36.667+0000] {dag.py:3947} INFO - Setting next_dagrun for example_task_group_decorator to 2025-12-31 00:00:00+00:00, run_after=2026-01-01 00:00:00+00:00
[2026-01-01T07:40:36.677+0000] {processor.py:183} INFO - Processing /home/airflow/.local/lib/python3.12/site-packages/airflow/example_dags/example_task_group_decorator.py took 0.040 seconds
[2026-01-01T08:44:36.450+0000] {processor.py:161} INFO - Started process (PID=52207) to work on /home/airflow/.local/lib/python3.12/site-packages/airflow/example_dags/example_task_group_decorator.py
[2026-01-01T08:44:36.450+0000] {processor.py:830} INFO - Processing file /home/airflow/.local/lib/python3.12/site-packages/airflow/example_dags/example_task_group_decorator.py for tasks to queue
[2026-01-01T08:44:36.451+0000] {logging_mixin.py:188} INFO - [2026-01-01T08:44:36.451+0000] {dagbag.py:545} INFO - Filling up the DagBag from /home/airflow/.local/lib/python3.12/site-packages/airflow/example_dags/example_task_group_decorator.py
[2026-01-01T08:44:36.457+0000] {processor.py:840} INFO - DAG(s) 'example_task_group_decorator' retrieved from /home/airflow/.local/lib/python3.12/site-packages/airflow/example_dags/example_task_group_decorator.py
[2026-01-01T08:44:36.467+0000] {logging_mixin.py:188} INFO - [2026-01-01T08:44:36.466+0000] {dag.py:3089} INFO - Sync 1 DAGs
[2026-01-01T08:44:36.475+0000] {logging_mixin.py:188} INFO - [2026-01-01T08:44:36.475+0000] {dag.py:3947} INFO - Setting next_dagrun for example_task_group_decorator to 2025-12-31 00:00:00+00:00, run_after=2026-01-01 00:00:00+00:00
[2026-01-01T08:44:36.485+0000] {processor.py:183} INFO - Processing /home/airflow/.local/lib/python3.12/site-packages/airflow/example_dags/example_task_group_decorator.py took 0.038 seconds
[2026-01-01T09:57:57.668+0000] {processor.py:161} INFO - Started process (PID=52266) to work on /home/airflow/.local/lib/python3.12/site-packages/airflow/example_dags/example_task_group_decorator.py
[2026-01-01T09:57:57.669+0000] {processor.py:830} INFO - Processing file /home/airflow/.local/lib/python3.12/site-packages/airflow/example_dags/example_task_group_decorator.py for tasks to queue
[2026-01-01T09:57:57.669+0000] {logging_mixin.py:188} INFO - [2026-01-01T09:57:57.669+0000] {dagbag.py:545} INFO - Filling up the DagBag from /home/airflow/.local/lib/python3.12/site-packages/airflow/example_dags/example_task_group_decorator.py
[2026-01-01T09:57:57.676+0000] {processor.py:840} INFO - DAG(s) 'example_task_group_decorator' retrieved from /home/airflow/.local/lib/python3.12/site-packages/airflow/example_dags/example_task_group_decorator.py
[2026-01-01T09:57:57.689+0000] {logging_mixin.py:188} INFO - [2026-01-01T09:57:57.689+0000] {dag.py:3089} INFO - Sync 1 DAGs
[2026-01-01T09:57:57.697+0000] {logging_mixin.py:188} INFO - [2026-01-01T09:57:57.697+0000] {dag.py:3947} INFO - Setting next_dagrun for example_task_group_decorator to 2025-12-31 00:00:00+00:00, run_after=2026-01-01 00:00:00+00:00
[2026-01-01T09:57:57.706+0000] {processor.py:183} INFO - Processing /home/airflow/.local/lib/python3.12/site-packages/airflow/example_dags/example_task_group_decorator.py took 0.041 seconds
[2026-01-01T11:12:22.923+0000] {processor.py:161} INFO - Started process (PID=52325) to work on /home/airflow/.local/lib/python3.12/site-packages/airflow/example_dags/example_task_group_decorator.py
[2026-01-01T11:12:22.923+0000] {processor.py:830} INFO - Processing file /home/airflow/.local/lib/python3.12/site-packages/airflow/example_dags/example_task_group_decorator.py for tasks to queue
[2026-01-01T11:12:22.924+0000] {logging_mixin.py:188} INFO - [2026-01-01T11:12:22.923+0000] {dagbag.py:545} INFO - Filling up the DagBag from /home/airflow/.local/lib/python3.12/site-packages/airflow/example_dags/example_task_group_decorator.py
[2026-01-01T11:12:22.930+0000] {processor.py:840} INFO - DAG(s) 'example_task_group_decorator' retrieved from /home/airflow/.local/lib/python3.12/site-packages/airflow/example_dags/example_task_group_decorator.py
[2026-01-01T11:12:22.942+0000] {logging_mixin.py:188} INFO - [2026-01-01T11:12:22.942+0000] {dag.py:3089} INFO - Sync 1 DAGs
[2026-01-01T11:12:22.951+0000] {logging_mixin.py:188} INFO - [2026-01-01T11:12:22.951+0000] {dag.py:3947} INFO - Setting next_dagrun for example_task_group_decorator to 2025-12-31 00:00:00+00:00, run_after=2026-01-01 00:00:00+00:00
[2026-01-01T11:12:22.962+0000] {processor.py:183} INFO - Processing /home/airflow/.local/lib/python3.12/site-packages/airflow/example_dags/example_task_group_decorator.py took 0.042 seconds
[2026-01-01T12:13:29.584+0000] {processor.py:161} INFO - Started process (PID=52384) to work on /home/airflow/.local/lib/python3.12/site-packages/airflow/example_dags/example_task_group_decorator.py
[2026-01-01T12:13:29.584+0000] {processor.py:830} INFO - Processing file /home/airflow/.local/lib/python3.12/site-packages/airflow/example_dags/example_task_group_decorator.py for tasks to queue
[2026-01-01T12:13:29.585+0000] {logging_mixin.py:188} INFO - [2026-01-01T12:13:29.585+0000] {dagbag.py:545} INFO - Filling up the DagBag from /home/airflow/.local/lib/python3.12/site-packages/airflow/example_dags/example_task_group_decorator.py
[2026-01-01T12:13:29.591+0000] {processor.py:840} INFO - DAG(s) 'example_task_group_decorator' retrieved from /home/airflow/.local/lib/python3.12/site-packages/airflow/example_dags/example_task_group_decorator.py
[2026-01-01T12:13:29.606+0000] {logging_mixin.py:188} INFO - [2026-01-01T12:13:29.606+0000] {dag.py:3089} INFO - Sync 1 DAGs
[2026-01-01T12:13:29.618+0000] {logging_mixin.py:188} INFO - [2026-01-01T12:13:29.618+0000] {dag.py:3947} INFO - Setting next_dagrun for example_task_group_decorator to 2025-12-31 00:00:00+00:00, run_after=2026-01-01 00:00:00+00:00
[2026-01-01T12:13:29.628+0000] {processor.py:183} INFO - Processing /home/airflow/.local/lib/python3.12/site-packages/airflow/example_dags/example_task_group_decorator.py took 0.047 seconds
[2026-01-01T13:31:41.881+0000] {processor.py:161} INFO - Started process (PID=52443) to work on /home/airflow/.local/lib/python3.12/site-packages/airflow/example_dags/example_task_group_decorator.py
[2026-01-01T13:31:41.882+0000] {processor.py:830} INFO - Processing file /home/airflow/.local/lib/python3.12/site-packages/airflow/example_dags/example_task_group_decorator.py for tasks to queue
[2026-01-01T13:31:41.883+0000] {logging_mixin.py:188} INFO - [2026-01-01T13:31:41.883+0000] {dagbag.py:545} INFO - Filling up the DagBag from /home/airflow/.local/lib/python3.12/site-packages/airflow/example_dags/example_task_group_decorator.py
[2026-01-01T13:31:41.891+0000] {processor.py:840} INFO - DAG(s) 'example_task_group_decorator' retrieved from /home/airflow/.local/lib/python3.12/site-packages/airflow/example_dags/example_task_group_decorator.py
[2026-01-01T13:31:41.904+0000] {logging_mixin.py:188} INFO - [2026-01-01T13:31:41.904+0000] {dag.py:3089} INFO - Sync 1 DAGs
[2026-01-01T13:31:41.914+0000] {logging_mixin.py:188} INFO - [2026-01-01T13:31:41.914+0000] {dag.py:3947} INFO - Setting next_dagrun for example_task_group_decorator to 2025-12-31 00:00:00+00:00, run_after=2026-01-01 00:00:00+00:00
[2026-01-01T13:31:41.924+0000] {processor.py:183} INFO - Processing /home/airflow/.local/lib/python3.12/site-packages/airflow/example_dags/example_task_group_decorator.py took 0.045 seconds
[2026-01-01T15:05:24.571+0000] {processor.py:161} INFO - Started process (PID=52502) to work on /home/airflow/.local/lib/python3.12/site-packages/airflow/example_dags/example_task_group_decorator.py
[2026-01-01T15:05:24.572+0000] {processor.py:830} INFO - Processing file /home/airflow/.local/lib/python3.12/site-packages/airflow/example_dags/example_task_group_decorator.py for tasks to queue
[2026-01-01T15:05:24.572+0000] {logging_mixin.py:188} INFO - [2026-01-01T15:05:24.572+0000] {dagbag.py:545} INFO - Filling up the DagBag from /home/airflow/.local/lib/python3.12/site-packages/airflow/example_dags/example_task_group_decorator.py
[2026-01-01T15:05:24.581+0000] {processor.py:840} INFO - DAG(s) 'example_task_group_decorator' retrieved from /home/airflow/.local/lib/python3.12/site-packages/airflow/example_dags/example_task_group_decorator.py
[2026-01-01T15:05:24.597+0000] {logging_mixin.py:188} INFO - [2026-01-01T15:05:24.597+0000] {dag.py:3089} INFO - Sync 1 DAGs
[2026-01-01T15:05:24.606+0000] {logging_mixin.py:188} INFO - [2026-01-01T15:05:24.606+0000] {dag.py:3947} INFO - Setting next_dagrun for example_task_group_decorator to 2025-12-31 00:00:00+00:00, run_after=2026-01-01 00:00:00+00:00
[2026-01-01T15:05:24.614+0000] {processor.py:183} INFO - Processing /home/airflow/.local/lib/python3.12/site-packages/airflow/example_dags/example_task_group_decorator.py took 0.046 seconds
[2026-01-01T16:17:20.462+0000] {processor.py:161} INFO - Started process (PID=52561) to work on /home/airflow/.local/lib/python3.12/site-packages/airflow/example_dags/example_task_group_decorator.py
[2026-01-01T16:17:20.463+0000] {processor.py:830} INFO - Processing file /home/airflow/.local/lib/python3.12/site-packages/airflow/example_dags/example_task_group_decorator.py for tasks to queue
[2026-01-01T16:17:20.464+0000] {logging_mixin.py:188} INFO - [2026-01-01T16:17:20.464+0000] {dagbag.py:545} INFO - Filling up the DagBag from /home/airflow/.local/lib/python3.12/site-packages/airflow/example_dags/example_task_group_decorator.py
[2026-01-01T16:17:20.475+0000] {processor.py:840} INFO - DAG(s) 'example_task_group_decorator' retrieved from /home/airflow/.local/lib/python3.12/site-packages/airflow/example_dags/example_task_group_decorator.py
[2026-01-01T16:17:20.488+0000] {logging_mixin.py:188} INFO - [2026-01-01T16:17:20.488+0000] {dag.py:3089} INFO - Sync 1 DAGs
[2026-01-01T16:17:20.497+0000] {logging_mixin.py:188} INFO - [2026-01-01T16:17:20.497+0000] {dag.py:3947} INFO - Setting next_dagrun for example_task_group_decorator to 2025-12-31 00:00:00+00:00, run_after=2026-01-01 00:00:00+00:00
[2026-01-01T16:17:20.508+0000] {processor.py:183} INFO - Processing /home/airflow/.local/lib/python3.12/site-packages/airflow/example_dags/example_task_group_decorator.py took 0.051 seconds
[2026-01-01T17:14:39.428+0000] {processor.py:161} INFO - Started process (PID=52620) to work on /home/airflow/.local/lib/python3.12/site-packages/airflow/example_dags/example_task_group_decorator.py
[2026-01-01T17:14:39.429+0000] {processor.py:830} INFO - Processing file /home/airflow/.local/lib/python3.12/site-packages/airflow/example_dags/example_task_group_decorator.py for tasks to queue
[2026-01-01T17:14:39.430+0000] {logging_mixin.py:188} INFO - [2026-01-01T17:14:39.430+0000] {dagbag.py:545} INFO - Filling up the DagBag from /home/airflow/.local/lib/python3.12/site-packages/airflow/example_dags/example_task_group_decorator.py
[2026-01-01T17:14:39.437+0000] {processor.py:840} INFO - DAG(s) 'example_task_group_decorator' retrieved from /home/airflow/.local/lib/python3.12/site-packages/airflow/example_dags/example_task_group_decorator.py
[2026-01-01T17:14:39.456+0000] {logging_mixin.py:188} INFO - [2026-01-01T17:14:39.456+0000] {dag.py:3089} INFO - Sync 1 DAGs
[2026-01-01T17:14:39.465+0000] {logging_mixin.py:188} INFO - [2026-01-01T17:14:39.465+0000] {dag.py:3947} INFO - Setting next_dagrun for example_task_group_decorator to 2025-12-31 00:00:00+00:00, run_after=2026-01-01 00:00:00+00:00
[2026-01-01T17:14:39.473+0000] {processor.py:183} INFO - Processing /home/airflow/.local/lib/python3.12/site-packages/airflow/example_dags/example_task_group_decorator.py took 0.048 seconds
[2026-01-01T18:19:23.916+0000] {processor.py:161} INFO - Started process (PID=52679) to work on /home/airflow/.local/lib/python3.12/site-packages/airflow/example_dags/example_task_group_decorator.py
[2026-01-01T18:19:23.919+0000] {processor.py:830} INFO - Processing file /home/airflow/.local/lib/python3.12/site-packages/airflow/example_dags/example_task_group_decorator.py for tasks to queue
[2026-01-01T18:19:23.919+0000] {logging_mixin.py:188} INFO - [2026-01-01T18:19:23.919+0000] {dagbag.py:545} INFO - Filling up the DagBag from /home/airflow/.local/lib/python3.12/site-packages/airflow/example_dags/example_task_group_decorator.py
[2026-01-01T18:19:23.926+0000] {processor.py:840} INFO - DAG(s) 'example_task_group_decorator' retrieved from /home/airflow/.local/lib/python3.12/site-packages/airflow/example_dags/example_task_group_decorator.py
[2026-01-01T18:19:23.938+0000] {logging_mixin.py:188} INFO - [2026-01-01T18:19:23.938+0000] {dag.py:3089} INFO - Sync 1 DAGs
[2026-01-01T18:19:23.947+0000] {logging_mixin.py:188} INFO - [2026-01-01T18:19:23.947+0000] {dag.py:3947} INFO - Setting next_dagrun for example_task_group_decorator to 2025-12-31 00:00:00+00:00, run_after=2026-01-01 00:00:00+00:00
[2026-01-01T18:19:23.957+0000] {processor.py:183} INFO - Processing /home/airflow/.local/lib/python3.12/site-packages/airflow/example_dags/example_task_group_decorator.py took 0.043 seconds
[2026-01-01T19:35:31.928+0000] {processor.py:161} INFO - Started process (PID=52738) to work on /home/airflow/.local/lib/python3.12/site-packages/airflow/example_dags/example_task_group_decorator.py
[2026-01-01T19:35:31.929+0000] {processor.py:830} INFO - Processing file /home/airflow/.local/lib/python3.12/site-packages/airflow/example_dags/example_task_group_decorator.py for tasks to queue
[2026-01-01T19:35:31.930+0000] {logging_mixin.py:188} INFO - [2026-01-01T19:35:31.930+0000] {dagbag.py:545} INFO - Filling up the DagBag from /home/airflow/.local/lib/python3.12/site-packages/airflow/example_dags/example_task_group_decorator.py
[2026-01-01T19:35:31.936+0000] {processor.py:840} INFO - DAG(s) 'example_task_group_decorator' retrieved from /home/airflow/.local/lib/python3.12/site-packages/airflow/example_dags/example_task_group_decorator.py
[2026-01-01T19:35:31.949+0000] {logging_mixin.py:188} INFO - [2026-01-01T19:35:31.949+0000] {dag.py:3089} INFO - Sync 1 DAGs
[2026-01-01T19:35:31.958+0000] {logging_mixin.py:188} INFO - [2026-01-01T19:35:31.958+0000] {dag.py:3947} INFO - Setting next_dagrun for example_task_group_decorator to 2025-12-31 00:00:00+00:00, run_after=2026-01-01 00:00:00+00:00
[2026-01-01T19:35:31.968+0000] {processor.py:183} INFO - Processing /home/airflow/.local/lib/python3.12/site-packages/airflow/example_dags/example_task_group_decorator.py took 0.043 seconds
[2026-01-01T20:54:41.075+0000] {processor.py:161} INFO - Started process (PID=52797) to work on /home/airflow/.local/lib/python3.12/site-packages/airflow/example_dags/example_task_group_decorator.py
[2026-01-01T20:54:41.075+0000] {processor.py:830} INFO - Processing file /home/airflow/.local/lib/python3.12/site-packages/airflow/example_dags/example_task_group_decorator.py for tasks to queue
[2026-01-01T20:54:41.078+0000] {logging_mixin.py:188} INFO - [2026-01-01T20:54:41.078+0000] {dagbag.py:545} INFO - Filling up the DagBag from /home/airflow/.local/lib/python3.12/site-packages/airflow/example_dags/example_task_group_decorator.py
[2026-01-01T20:54:41.089+0000] {processor.py:840} INFO - DAG(s) 'example_task_group_decorator' retrieved from /home/airflow/.local/lib/python3.12/site-packages/airflow/example_dags/example_task_group_decorator.py
[2026-01-01T20:54:41.108+0000] {logging_mixin.py:188} INFO - [2026-01-01T20:54:41.108+0000] {dag.py:3089} INFO - Sync 1 DAGs
[2026-01-01T20:54:41.120+0000] {logging_mixin.py:188} INFO - [2026-01-01T20:54:41.120+0000] {dag.py:3947} INFO - Setting next_dagrun for example_task_group_decorator to 2025-12-31 00:00:00+00:00, run_after=2026-01-01 00:00:00+00:00
[2026-01-01T20:54:41.142+0000] {processor.py:183} INFO - Processing /home/airflow/.local/lib/python3.12/site-packages/airflow/example_dags/example_task_group_decorator.py took 0.070 seconds
[2026-01-01T22:37:22.777+0000] {processor.py:161} INFO - Started process (PID=52856) to work on /home/airflow/.local/lib/python3.12/site-packages/airflow/example_dags/example_task_group_decorator.py
[2026-01-01T22:37:22.778+0000] {processor.py:830} INFO - Processing file /home/airflow/.local/lib/python3.12/site-packages/airflow/example_dags/example_task_group_decorator.py for tasks to queue
[2026-01-01T22:37:22.779+0000] {logging_mixin.py:188} INFO - [2026-01-01T22:37:22.778+0000] {dagbag.py:545} INFO - Filling up the DagBag from /home/airflow/.local/lib/python3.12/site-packages/airflow/example_dags/example_task_group_decorator.py
[2026-01-01T22:37:22.786+0000] {processor.py:840} INFO - DAG(s) 'example_task_group_decorator' retrieved from /home/airflow/.local/lib/python3.12/site-packages/airflow/example_dags/example_task_group_decorator.py
[2026-01-01T22:37:22.797+0000] {logging_mixin.py:188} INFO - [2026-01-01T22:37:22.797+0000] {dag.py:3089} INFO - Sync 1 DAGs
[2026-01-01T22:37:22.806+0000] {logging_mixin.py:188} INFO - [2026-01-01T22:37:22.806+0000] {dag.py:3947} INFO - Setting next_dagrun for example_task_group_decorator to 2025-12-31 00:00:00+00:00, run_after=2026-01-01 00:00:00+00:00
[2026-01-01T22:37:22.813+0000] {processor.py:183} INFO - Processing /home/airflow/.local/lib/python3.12/site-packages/airflow/example_dags/example_task_group_decorator.py took 0.039 seconds
[2026-01-01T23:54:05.062+0000] {processor.py:161} INFO - Started process (PID=52915) to work on /home/airflow/.local/lib/python3.12/site-packages/airflow/example_dags/example_task_group_decorator.py
[2026-01-01T23:54:05.063+0000] {processor.py:830} INFO - Processing file /home/airflow/.local/lib/python3.12/site-packages/airflow/example_dags/example_task_group_decorator.py for tasks to queue
[2026-01-01T23:54:05.063+0000] {logging_mixin.py:188} INFO - [2026-01-01T23:54:05.063+0000] {dagbag.py:545} INFO - Filling up the DagBag from /home/airflow/.local/lib/python3.12/site-packages/airflow/example_dags/example_task_group_decorator.py
[2026-01-01T23:54:05.072+0000] {processor.py:840} INFO - DAG(s) 'example_task_group_decorator' retrieved from /home/airflow/.local/lib/python3.12/site-packages/airflow/example_dags/example_task_group_decorator.py
[2026-01-01T23:54:05.106+0000] {logging_mixin.py:188} INFO - [2026-01-01T23:54:05.106+0000] {dag.py:3089} INFO - Sync 1 DAGs
[2026-01-01T23:54:05.129+0000] {logging_mixin.py:188} INFO - [2026-01-01T23:54:05.129+0000] {dag.py:3947} INFO - Setting next_dagrun for example_task_group_decorator to 2025-12-31 00:00:00+00:00, run_after=2026-01-01 00:00:00+00:00
[2026-01-01T23:54:05.154+0000] {processor.py:183} INFO - Processing /home/airflow/.local/lib/python3.12/site-packages/airflow/example_dags/example_task_group_decorator.py took 0.095 seconds
