[2026-01-01T01:03:23.118+0000] {processor.py:161} INFO - Started process (PID=51838) to work on /home/airflow/.local/lib/python3.12/site-packages/airflow/example_dags/example_local_kubernetes_executor.py
[2026-01-01T01:03:23.119+0000] {processor.py:830} INFO - Processing file /home/airflow/.local/lib/python3.12/site-packages/airflow/example_dags/example_local_kubernetes_executor.py for tasks to queue
[2026-01-01T01:03:23.119+0000] {logging_mixin.py:188} INFO - [2026-01-01T01:03:23.119+0000] {dagbag.py:545} INFO - Filling up the DagBag from /home/airflow/.local/lib/python3.12/site-packages/airflow/example_dags/example_local_kubernetes_executor.py
[2026-01-01T01:03:23.124+0000] {processor.py:840} INFO - DAG(s) 'example_local_kubernetes_executor' retrieved from /home/airflow/.local/lib/python3.12/site-packages/airflow/example_dags/example_local_kubernetes_executor.py
[2026-01-01T01:03:23.145+0000] {logging_mixin.py:188} INFO - [2026-01-01T01:03:23.145+0000] {dag.py:3089} INFO - Sync 1 DAGs
[2026-01-01T01:03:23.154+0000] {logging_mixin.py:188} INFO - [2026-01-01T01:03:23.154+0000] {dag.py:3947} INFO - Setting next_dagrun for example_local_kubernetes_executor to None, run_after=None
[2026-01-01T01:03:23.167+0000] {processor.py:183} INFO - Processing /home/airflow/.local/lib/python3.12/site-packages/airflow/example_dags/example_local_kubernetes_executor.py took 0.053 seconds
[2026-01-01T02:01:02.254+0000] {processor.py:161} INFO - Started process (PID=51897) to work on /home/airflow/.local/lib/python3.12/site-packages/airflow/example_dags/example_local_kubernetes_executor.py
[2026-01-01T02:01:02.255+0000] {processor.py:830} INFO - Processing file /home/airflow/.local/lib/python3.12/site-packages/airflow/example_dags/example_local_kubernetes_executor.py for tasks to queue
[2026-01-01T02:01:02.255+0000] {logging_mixin.py:188} INFO - [2026-01-01T02:01:02.255+0000] {dagbag.py:545} INFO - Filling up the DagBag from /home/airflow/.local/lib/python3.12/site-packages/airflow/example_dags/example_local_kubernetes_executor.py
[2026-01-01T02:01:02.259+0000] {processor.py:840} INFO - DAG(s) 'example_local_kubernetes_executor' retrieved from /home/airflow/.local/lib/python3.12/site-packages/airflow/example_dags/example_local_kubernetes_executor.py
[2026-01-01T02:01:02.282+0000] {logging_mixin.py:188} INFO - [2026-01-01T02:01:02.282+0000] {dag.py:3089} INFO - Sync 1 DAGs
[2026-01-01T02:01:02.288+0000] {logging_mixin.py:188} INFO - [2026-01-01T02:01:02.287+0000] {dag.py:3947} INFO - Setting next_dagrun for example_local_kubernetes_executor to None, run_after=None
[2026-01-01T02:01:02.297+0000] {processor.py:183} INFO - Processing /home/airflow/.local/lib/python3.12/site-packages/airflow/example_dags/example_local_kubernetes_executor.py took 0.046 seconds
[2026-01-01T03:35:53.648+0000] {processor.py:161} INFO - Started process (PID=51956) to work on /home/airflow/.local/lib/python3.12/site-packages/airflow/example_dags/example_local_kubernetes_executor.py
[2026-01-01T03:35:53.651+0000] {processor.py:830} INFO - Processing file /home/airflow/.local/lib/python3.12/site-packages/airflow/example_dags/example_local_kubernetes_executor.py for tasks to queue
[2026-01-01T03:35:53.651+0000] {logging_mixin.py:188} INFO - [2026-01-01T03:35:53.651+0000] {dagbag.py:545} INFO - Filling up the DagBag from /home/airflow/.local/lib/python3.12/site-packages/airflow/example_dags/example_local_kubernetes_executor.py
[2026-01-01T03:35:53.656+0000] {processor.py:840} INFO - DAG(s) 'example_local_kubernetes_executor' retrieved from /home/airflow/.local/lib/python3.12/site-packages/airflow/example_dags/example_local_kubernetes_executor.py
[2026-01-01T03:35:53.671+0000] {logging_mixin.py:188} INFO - [2026-01-01T03:35:53.671+0000] {dag.py:3089} INFO - Sync 1 DAGs
[2026-01-01T03:35:53.676+0000] {logging_mixin.py:188} INFO - [2026-01-01T03:35:53.676+0000] {dag.py:3947} INFO - Setting next_dagrun for example_local_kubernetes_executor to None, run_after=None
[2026-01-01T03:35:53.683+0000] {processor.py:183} INFO - Processing /home/airflow/.local/lib/python3.12/site-packages/airflow/example_dags/example_local_kubernetes_executor.py took 0.039 seconds
[2026-01-01T04:55:53.625+0000] {processor.py:161} INFO - Started process (PID=52016) to work on /home/airflow/.local/lib/python3.12/site-packages/airflow/example_dags/example_local_kubernetes_executor.py
[2026-01-01T04:55:53.625+0000] {processor.py:830} INFO - Processing file /home/airflow/.local/lib/python3.12/site-packages/airflow/example_dags/example_local_kubernetes_executor.py for tasks to queue
[2026-01-01T04:55:53.626+0000] {logging_mixin.py:188} INFO - [2026-01-01T04:55:53.626+0000] {dagbag.py:545} INFO - Filling up the DagBag from /home/airflow/.local/lib/python3.12/site-packages/airflow/example_dags/example_local_kubernetes_executor.py
[2026-01-01T04:55:53.630+0000] {processor.py:840} INFO - DAG(s) 'example_local_kubernetes_executor' retrieved from /home/airflow/.local/lib/python3.12/site-packages/airflow/example_dags/example_local_kubernetes_executor.py
[2026-01-01T04:55:53.648+0000] {logging_mixin.py:188} INFO - [2026-01-01T04:55:53.648+0000] {dag.py:3089} INFO - Sync 1 DAGs
[2026-01-01T04:55:53.654+0000] {logging_mixin.py:188} INFO - [2026-01-01T04:55:53.653+0000] {dag.py:3947} INFO - Setting next_dagrun for example_local_kubernetes_executor to None, run_after=None
[2026-01-01T04:55:53.660+0000] {processor.py:183} INFO - Processing /home/airflow/.local/lib/python3.12/site-packages/airflow/example_dags/example_local_kubernetes_executor.py took 0.039 seconds
[2026-01-01T06:07:21.970+0000] {processor.py:161} INFO - Started process (PID=52075) to work on /home/airflow/.local/lib/python3.12/site-packages/airflow/example_dags/example_local_kubernetes_executor.py
[2026-01-01T06:07:21.971+0000] {processor.py:830} INFO - Processing file /home/airflow/.local/lib/python3.12/site-packages/airflow/example_dags/example_local_kubernetes_executor.py for tasks to queue
[2026-01-01T06:07:21.971+0000] {logging_mixin.py:188} INFO - [2026-01-01T06:07:21.971+0000] {dagbag.py:545} INFO - Filling up the DagBag from /home/airflow/.local/lib/python3.12/site-packages/airflow/example_dags/example_local_kubernetes_executor.py
[2026-01-01T06:07:21.976+0000] {processor.py:840} INFO - DAG(s) 'example_local_kubernetes_executor' retrieved from /home/airflow/.local/lib/python3.12/site-packages/airflow/example_dags/example_local_kubernetes_executor.py
[2026-01-01T06:07:21.996+0000] {logging_mixin.py:188} INFO - [2026-01-01T06:07:21.996+0000] {dag.py:3089} INFO - Sync 1 DAGs
[2026-01-01T06:07:22.001+0000] {logging_mixin.py:188} INFO - [2026-01-01T06:07:22.001+0000] {dag.py:3947} INFO - Setting next_dagrun for example_local_kubernetes_executor to None, run_after=None
[2026-01-01T06:07:22.010+0000] {processor.py:183} INFO - Processing /home/airflow/.local/lib/python3.12/site-packages/airflow/example_dags/example_local_kubernetes_executor.py took 0.042 seconds
[2026-01-01T07:40:36.130+0000] {processor.py:161} INFO - Started process (PID=52134) to work on /home/airflow/.local/lib/python3.12/site-packages/airflow/example_dags/example_local_kubernetes_executor.py
[2026-01-01T07:40:36.131+0000] {processor.py:830} INFO - Processing file /home/airflow/.local/lib/python3.12/site-packages/airflow/example_dags/example_local_kubernetes_executor.py for tasks to queue
[2026-01-01T07:40:36.131+0000] {logging_mixin.py:188} INFO - [2026-01-01T07:40:36.131+0000] {dagbag.py:545} INFO - Filling up the DagBag from /home/airflow/.local/lib/python3.12/site-packages/airflow/example_dags/example_local_kubernetes_executor.py
[2026-01-01T07:40:36.135+0000] {processor.py:840} INFO - DAG(s) 'example_local_kubernetes_executor' retrieved from /home/airflow/.local/lib/python3.12/site-packages/airflow/example_dags/example_local_kubernetes_executor.py
[2026-01-01T07:40:36.149+0000] {logging_mixin.py:188} INFO - [2026-01-01T07:40:36.149+0000] {dag.py:3089} INFO - Sync 1 DAGs
[2026-01-01T07:40:36.154+0000] {logging_mixin.py:188} INFO - [2026-01-01T07:40:36.154+0000] {dag.py:3947} INFO - Setting next_dagrun for example_local_kubernetes_executor to None, run_after=None
[2026-01-01T07:40:36.162+0000] {processor.py:183} INFO - Processing /home/airflow/.local/lib/python3.12/site-packages/airflow/example_dags/example_local_kubernetes_executor.py took 0.034 seconds
[2026-01-01T08:44:36.061+0000] {processor.py:161} INFO - Started process (PID=52193) to work on /home/airflow/.local/lib/python3.12/site-packages/airflow/example_dags/example_local_kubernetes_executor.py
[2026-01-01T08:44:36.062+0000] {processor.py:830} INFO - Processing file /home/airflow/.local/lib/python3.12/site-packages/airflow/example_dags/example_local_kubernetes_executor.py for tasks to queue
[2026-01-01T08:44:36.062+0000] {logging_mixin.py:188} INFO - [2026-01-01T08:44:36.062+0000] {dagbag.py:545} INFO - Filling up the DagBag from /home/airflow/.local/lib/python3.12/site-packages/airflow/example_dags/example_local_kubernetes_executor.py
[2026-01-01T08:44:36.066+0000] {processor.py:840} INFO - DAG(s) 'example_local_kubernetes_executor' retrieved from /home/airflow/.local/lib/python3.12/site-packages/airflow/example_dags/example_local_kubernetes_executor.py
[2026-01-01T08:44:36.081+0000] {logging_mixin.py:188} INFO - [2026-01-01T08:44:36.081+0000] {dag.py:3089} INFO - Sync 1 DAGs
[2026-01-01T08:44:36.085+0000] {logging_mixin.py:188} INFO - [2026-01-01T08:44:36.085+0000] {dag.py:3947} INFO - Setting next_dagrun for example_local_kubernetes_executor to None, run_after=None
[2026-01-01T08:44:36.096+0000] {processor.py:183} INFO - Processing /home/airflow/.local/lib/python3.12/site-packages/airflow/example_dags/example_local_kubernetes_executor.py took 0.037 seconds
[2026-01-01T09:57:57.233+0000] {processor.py:161} INFO - Started process (PID=52252) to work on /home/airflow/.local/lib/python3.12/site-packages/airflow/example_dags/example_local_kubernetes_executor.py
[2026-01-01T09:57:57.234+0000] {processor.py:830} INFO - Processing file /home/airflow/.local/lib/python3.12/site-packages/airflow/example_dags/example_local_kubernetes_executor.py for tasks to queue
[2026-01-01T09:57:57.234+0000] {logging_mixin.py:188} INFO - [2026-01-01T09:57:57.234+0000] {dagbag.py:545} INFO - Filling up the DagBag from /home/airflow/.local/lib/python3.12/site-packages/airflow/example_dags/example_local_kubernetes_executor.py
[2026-01-01T09:57:57.238+0000] {processor.py:840} INFO - DAG(s) 'example_local_kubernetes_executor' retrieved from /home/airflow/.local/lib/python3.12/site-packages/airflow/example_dags/example_local_kubernetes_executor.py
[2026-01-01T09:57:57.255+0000] {logging_mixin.py:188} INFO - [2026-01-01T09:57:57.255+0000] {dag.py:3089} INFO - Sync 1 DAGs
[2026-01-01T09:57:57.260+0000] {logging_mixin.py:188} INFO - [2026-01-01T09:57:57.260+0000] {dag.py:3947} INFO - Setting next_dagrun for example_local_kubernetes_executor to None, run_after=None
[2026-01-01T09:57:57.269+0000] {processor.py:183} INFO - Processing /home/airflow/.local/lib/python3.12/site-packages/airflow/example_dags/example_local_kubernetes_executor.py took 0.039 seconds
[2026-01-01T11:12:22.265+0000] {processor.py:161} INFO - Started process (PID=52311) to work on /home/airflow/.local/lib/python3.12/site-packages/airflow/example_dags/example_local_kubernetes_executor.py
[2026-01-01T11:12:22.266+0000] {processor.py:830} INFO - Processing file /home/airflow/.local/lib/python3.12/site-packages/airflow/example_dags/example_local_kubernetes_executor.py for tasks to queue
[2026-01-01T11:12:22.266+0000] {logging_mixin.py:188} INFO - [2026-01-01T11:12:22.266+0000] {dagbag.py:545} INFO - Filling up the DagBag from /home/airflow/.local/lib/python3.12/site-packages/airflow/example_dags/example_local_kubernetes_executor.py
[2026-01-01T11:12:22.270+0000] {processor.py:840} INFO - DAG(s) 'example_local_kubernetes_executor' retrieved from /home/airflow/.local/lib/python3.12/site-packages/airflow/example_dags/example_local_kubernetes_executor.py
[2026-01-01T11:12:22.285+0000] {logging_mixin.py:188} INFO - [2026-01-01T11:12:22.285+0000] {dag.py:3089} INFO - Sync 1 DAGs
[2026-01-01T11:12:22.292+0000] {logging_mixin.py:188} INFO - [2026-01-01T11:12:22.292+0000] {dag.py:3947} INFO - Setting next_dagrun for example_local_kubernetes_executor to None, run_after=None
[2026-01-01T11:12:22.303+0000] {processor.py:183} INFO - Processing /home/airflow/.local/lib/python3.12/site-packages/airflow/example_dags/example_local_kubernetes_executor.py took 0.041 seconds
[2026-01-01T12:13:29.102+0000] {processor.py:161} INFO - Started process (PID=52370) to work on /home/airflow/.local/lib/python3.12/site-packages/airflow/example_dags/example_local_kubernetes_executor.py
[2026-01-01T12:13:29.103+0000] {processor.py:830} INFO - Processing file /home/airflow/.local/lib/python3.12/site-packages/airflow/example_dags/example_local_kubernetes_executor.py for tasks to queue
[2026-01-01T12:13:29.104+0000] {logging_mixin.py:188} INFO - [2026-01-01T12:13:29.104+0000] {dagbag.py:545} INFO - Filling up the DagBag from /home/airflow/.local/lib/python3.12/site-packages/airflow/example_dags/example_local_kubernetes_executor.py
[2026-01-01T12:13:29.108+0000] {processor.py:840} INFO - DAG(s) 'example_local_kubernetes_executor' retrieved from /home/airflow/.local/lib/python3.12/site-packages/airflow/example_dags/example_local_kubernetes_executor.py
[2026-01-01T12:13:29.126+0000] {logging_mixin.py:188} INFO - [2026-01-01T12:13:29.126+0000] {dag.py:3089} INFO - Sync 1 DAGs
[2026-01-01T12:13:29.132+0000] {logging_mixin.py:188} INFO - [2026-01-01T12:13:29.132+0000] {dag.py:3947} INFO - Setting next_dagrun for example_local_kubernetes_executor to None, run_after=None
[2026-01-01T12:13:29.145+0000] {processor.py:183} INFO - Processing /home/airflow/.local/lib/python3.12/site-packages/airflow/example_dags/example_local_kubernetes_executor.py took 0.045 seconds
[2026-01-01T13:31:41.416+0000] {processor.py:161} INFO - Started process (PID=52429) to work on /home/airflow/.local/lib/python3.12/site-packages/airflow/example_dags/example_local_kubernetes_executor.py
[2026-01-01T13:31:41.417+0000] {processor.py:830} INFO - Processing file /home/airflow/.local/lib/python3.12/site-packages/airflow/example_dags/example_local_kubernetes_executor.py for tasks to queue
[2026-01-01T13:31:41.417+0000] {logging_mixin.py:188} INFO - [2026-01-01T13:31:41.417+0000] {dagbag.py:545} INFO - Filling up the DagBag from /home/airflow/.local/lib/python3.12/site-packages/airflow/example_dags/example_local_kubernetes_executor.py
[2026-01-01T13:31:41.424+0000] {processor.py:840} INFO - DAG(s) 'example_local_kubernetes_executor' retrieved from /home/airflow/.local/lib/python3.12/site-packages/airflow/example_dags/example_local_kubernetes_executor.py
[2026-01-01T13:31:41.447+0000] {logging_mixin.py:188} INFO - [2026-01-01T13:31:41.446+0000] {dag.py:3089} INFO - Sync 1 DAGs
[2026-01-01T13:31:41.452+0000] {logging_mixin.py:188} INFO - [2026-01-01T13:31:41.452+0000] {dag.py:3947} INFO - Setting next_dagrun for example_local_kubernetes_executor to None, run_after=None
[2026-01-01T13:31:41.463+0000] {processor.py:183} INFO - Processing /home/airflow/.local/lib/python3.12/site-packages/airflow/example_dags/example_local_kubernetes_executor.py took 0.052 seconds
[2026-01-01T15:05:24.179+0000] {processor.py:161} INFO - Started process (PID=52488) to work on /home/airflow/.local/lib/python3.12/site-packages/airflow/example_dags/example_local_kubernetes_executor.py
[2026-01-01T15:05:24.181+0000] {processor.py:830} INFO - Processing file /home/airflow/.local/lib/python3.12/site-packages/airflow/example_dags/example_local_kubernetes_executor.py for tasks to queue
[2026-01-01T15:05:24.181+0000] {logging_mixin.py:188} INFO - [2026-01-01T15:05:24.181+0000] {dagbag.py:545} INFO - Filling up the DagBag from /home/airflow/.local/lib/python3.12/site-packages/airflow/example_dags/example_local_kubernetes_executor.py
[2026-01-01T15:05:24.185+0000] {processor.py:840} INFO - DAG(s) 'example_local_kubernetes_executor' retrieved from /home/airflow/.local/lib/python3.12/site-packages/airflow/example_dags/example_local_kubernetes_executor.py
[2026-01-01T15:05:24.200+0000] {logging_mixin.py:188} INFO - [2026-01-01T15:05:24.200+0000] {dag.py:3089} INFO - Sync 1 DAGs
[2026-01-01T15:05:24.206+0000] {logging_mixin.py:188} INFO - [2026-01-01T15:05:24.206+0000] {dag.py:3947} INFO - Setting next_dagrun for example_local_kubernetes_executor to None, run_after=None
[2026-01-01T15:05:24.213+0000] {processor.py:183} INFO - Processing /home/airflow/.local/lib/python3.12/site-packages/airflow/example_dags/example_local_kubernetes_executor.py took 0.037 seconds
[2026-01-01T16:17:20.012+0000] {processor.py:161} INFO - Started process (PID=52547) to work on /home/airflow/.local/lib/python3.12/site-packages/airflow/example_dags/example_local_kubernetes_executor.py
[2026-01-01T16:17:20.012+0000] {processor.py:830} INFO - Processing file /home/airflow/.local/lib/python3.12/site-packages/airflow/example_dags/example_local_kubernetes_executor.py for tasks to queue
[2026-01-01T16:17:20.013+0000] {logging_mixin.py:188} INFO - [2026-01-01T16:17:20.012+0000] {dagbag.py:545} INFO - Filling up the DagBag from /home/airflow/.local/lib/python3.12/site-packages/airflow/example_dags/example_local_kubernetes_executor.py
[2026-01-01T16:17:20.016+0000] {processor.py:840} INFO - DAG(s) 'example_local_kubernetes_executor' retrieved from /home/airflow/.local/lib/python3.12/site-packages/airflow/example_dags/example_local_kubernetes_executor.py
[2026-01-01T16:17:20.032+0000] {logging_mixin.py:188} INFO - [2026-01-01T16:17:20.032+0000] {dag.py:3089} INFO - Sync 1 DAGs
[2026-01-01T16:17:20.040+0000] {logging_mixin.py:188} INFO - [2026-01-01T16:17:20.040+0000] {dag.py:3947} INFO - Setting next_dagrun for example_local_kubernetes_executor to None, run_after=None
[2026-01-01T16:17:20.047+0000] {processor.py:183} INFO - Processing /home/airflow/.local/lib/python3.12/site-packages/airflow/example_dags/example_local_kubernetes_executor.py took 0.038 seconds
[2026-01-01T17:14:38.938+0000] {processor.py:161} INFO - Started process (PID=52606) to work on /home/airflow/.local/lib/python3.12/site-packages/airflow/example_dags/example_local_kubernetes_executor.py
[2026-01-01T17:14:38.938+0000] {processor.py:830} INFO - Processing file /home/airflow/.local/lib/python3.12/site-packages/airflow/example_dags/example_local_kubernetes_executor.py for tasks to queue
[2026-01-01T17:14:38.939+0000] {logging_mixin.py:188} INFO - [2026-01-01T17:14:38.939+0000] {dagbag.py:545} INFO - Filling up the DagBag from /home/airflow/.local/lib/python3.12/site-packages/airflow/example_dags/example_local_kubernetes_executor.py
[2026-01-01T17:14:38.947+0000] {processor.py:840} INFO - DAG(s) 'example_local_kubernetes_executor' retrieved from /home/airflow/.local/lib/python3.12/site-packages/airflow/example_dags/example_local_kubernetes_executor.py
[2026-01-01T17:14:38.967+0000] {logging_mixin.py:188} INFO - [2026-01-01T17:14:38.967+0000] {dag.py:3089} INFO - Sync 1 DAGs
[2026-01-01T17:14:38.975+0000] {logging_mixin.py:188} INFO - [2026-01-01T17:14:38.975+0000] {dag.py:3947} INFO - Setting next_dagrun for example_local_kubernetes_executor to None, run_after=None
[2026-01-01T17:14:38.986+0000] {processor.py:183} INFO - Processing /home/airflow/.local/lib/python3.12/site-packages/airflow/example_dags/example_local_kubernetes_executor.py took 0.050 seconds
[2026-01-01T18:19:23.528+0000] {processor.py:161} INFO - Started process (PID=52665) to work on /home/airflow/.local/lib/python3.12/site-packages/airflow/example_dags/example_local_kubernetes_executor.py
[2026-01-01T18:19:23.528+0000] {processor.py:830} INFO - Processing file /home/airflow/.local/lib/python3.12/site-packages/airflow/example_dags/example_local_kubernetes_executor.py for tasks to queue
[2026-01-01T18:19:23.529+0000] {logging_mixin.py:188} INFO - [2026-01-01T18:19:23.529+0000] {dagbag.py:545} INFO - Filling up the DagBag from /home/airflow/.local/lib/python3.12/site-packages/airflow/example_dags/example_local_kubernetes_executor.py
[2026-01-01T18:19:23.533+0000] {processor.py:840} INFO - DAG(s) 'example_local_kubernetes_executor' retrieved from /home/airflow/.local/lib/python3.12/site-packages/airflow/example_dags/example_local_kubernetes_executor.py
[2026-01-01T18:19:23.551+0000] {logging_mixin.py:188} INFO - [2026-01-01T18:19:23.551+0000] {dag.py:3089} INFO - Sync 1 DAGs
[2026-01-01T18:19:23.556+0000] {logging_mixin.py:188} INFO - [2026-01-01T18:19:23.556+0000] {dag.py:3947} INFO - Setting next_dagrun for example_local_kubernetes_executor to None, run_after=None
[2026-01-01T18:19:23.568+0000] {processor.py:183} INFO - Processing /home/airflow/.local/lib/python3.12/site-packages/airflow/example_dags/example_local_kubernetes_executor.py took 0.043 seconds
[2026-01-01T19:35:31.495+0000] {processor.py:161} INFO - Started process (PID=52724) to work on /home/airflow/.local/lib/python3.12/site-packages/airflow/example_dags/example_local_kubernetes_executor.py
[2026-01-01T19:35:31.496+0000] {processor.py:830} INFO - Processing file /home/airflow/.local/lib/python3.12/site-packages/airflow/example_dags/example_local_kubernetes_executor.py for tasks to queue
[2026-01-01T19:35:31.496+0000] {logging_mixin.py:188} INFO - [2026-01-01T19:35:31.496+0000] {dagbag.py:545} INFO - Filling up the DagBag from /home/airflow/.local/lib/python3.12/site-packages/airflow/example_dags/example_local_kubernetes_executor.py
[2026-01-01T19:35:31.501+0000] {processor.py:840} INFO - DAG(s) 'example_local_kubernetes_executor' retrieved from /home/airflow/.local/lib/python3.12/site-packages/airflow/example_dags/example_local_kubernetes_executor.py
[2026-01-01T19:35:31.523+0000] {logging_mixin.py:188} INFO - [2026-01-01T19:35:31.522+0000] {dag.py:3089} INFO - Sync 1 DAGs
[2026-01-01T19:35:31.529+0000] {logging_mixin.py:188} INFO - [2026-01-01T19:35:31.529+0000] {dag.py:3947} INFO - Setting next_dagrun for example_local_kubernetes_executor to None, run_after=None
[2026-01-01T19:35:31.539+0000] {processor.py:183} INFO - Processing /home/airflow/.local/lib/python3.12/site-packages/airflow/example_dags/example_local_kubernetes_executor.py took 0.048 seconds
[2026-01-01T20:54:40.350+0000] {processor.py:161} INFO - Started process (PID=52783) to work on /home/airflow/.local/lib/python3.12/site-packages/airflow/example_dags/example_local_kubernetes_executor.py
[2026-01-01T20:54:40.350+0000] {processor.py:830} INFO - Processing file /home/airflow/.local/lib/python3.12/site-packages/airflow/example_dags/example_local_kubernetes_executor.py for tasks to queue
[2026-01-01T20:54:40.350+0000] {logging_mixin.py:188} INFO - [2026-01-01T20:54:40.350+0000] {dagbag.py:545} INFO - Filling up the DagBag from /home/airflow/.local/lib/python3.12/site-packages/airflow/example_dags/example_local_kubernetes_executor.py
[2026-01-01T20:54:40.354+0000] {processor.py:840} INFO - DAG(s) 'example_local_kubernetes_executor' retrieved from /home/airflow/.local/lib/python3.12/site-packages/airflow/example_dags/example_local_kubernetes_executor.py
[2026-01-01T20:54:40.377+0000] {logging_mixin.py:188} INFO - [2026-01-01T20:54:40.377+0000] {dag.py:3089} INFO - Sync 1 DAGs
[2026-01-01T20:54:40.383+0000] {logging_mixin.py:188} INFO - [2026-01-01T20:54:40.383+0000] {dag.py:3947} INFO - Setting next_dagrun for example_local_kubernetes_executor to None, run_after=None
[2026-01-01T20:54:40.395+0000] {processor.py:183} INFO - Processing /home/airflow/.local/lib/python3.12/site-packages/airflow/example_dags/example_local_kubernetes_executor.py took 0.048 seconds
[2026-01-01T22:37:22.356+0000] {processor.py:161} INFO - Started process (PID=52842) to work on /home/airflow/.local/lib/python3.12/site-packages/airflow/example_dags/example_local_kubernetes_executor.py
[2026-01-01T22:37:22.356+0000] {processor.py:830} INFO - Processing file /home/airflow/.local/lib/python3.12/site-packages/airflow/example_dags/example_local_kubernetes_executor.py for tasks to queue
[2026-01-01T22:37:22.358+0000] {logging_mixin.py:188} INFO - [2026-01-01T22:37:22.358+0000] {dagbag.py:545} INFO - Filling up the DagBag from /home/airflow/.local/lib/python3.12/site-packages/airflow/example_dags/example_local_kubernetes_executor.py
[2026-01-01T22:37:22.364+0000] {processor.py:840} INFO - DAG(s) 'example_local_kubernetes_executor' retrieved from /home/airflow/.local/lib/python3.12/site-packages/airflow/example_dags/example_local_kubernetes_executor.py
[2026-01-01T22:37:22.382+0000] {logging_mixin.py:188} INFO - [2026-01-01T22:37:22.382+0000] {dag.py:3089} INFO - Sync 1 DAGs
[2026-01-01T22:37:22.390+0000] {logging_mixin.py:188} INFO - [2026-01-01T22:37:22.390+0000] {dag.py:3947} INFO - Setting next_dagrun for example_local_kubernetes_executor to None, run_after=None
[2026-01-01T22:37:22.400+0000] {processor.py:183} INFO - Processing /home/airflow/.local/lib/python3.12/site-packages/airflow/example_dags/example_local_kubernetes_executor.py took 0.048 seconds
[2026-01-01T23:54:04.235+0000] {processor.py:161} INFO - Started process (PID=52901) to work on /home/airflow/.local/lib/python3.12/site-packages/airflow/example_dags/example_local_kubernetes_executor.py
[2026-01-01T23:54:04.236+0000] {processor.py:830} INFO - Processing file /home/airflow/.local/lib/python3.12/site-packages/airflow/example_dags/example_local_kubernetes_executor.py for tasks to queue
[2026-01-01T23:54:04.237+0000] {logging_mixin.py:188} INFO - [2026-01-01T23:54:04.236+0000] {dagbag.py:545} INFO - Filling up the DagBag from /home/airflow/.local/lib/python3.12/site-packages/airflow/example_dags/example_local_kubernetes_executor.py
[2026-01-01T23:54:04.245+0000] {processor.py:840} INFO - DAG(s) 'example_local_kubernetes_executor' retrieved from /home/airflow/.local/lib/python3.12/site-packages/airflow/example_dags/example_local_kubernetes_executor.py
[2026-01-01T23:54:04.268+0000] {logging_mixin.py:188} INFO - [2026-01-01T23:54:04.268+0000] {dag.py:3089} INFO - Sync 1 DAGs
[2026-01-01T23:54:04.275+0000] {logging_mixin.py:188} INFO - [2026-01-01T23:54:04.275+0000] {dag.py:3947} INFO - Setting next_dagrun for example_local_kubernetes_executor to None, run_after=None
[2026-01-01T23:54:04.287+0000] {processor.py:183} INFO - Processing /home/airflow/.local/lib/python3.12/site-packages/airflow/example_dags/example_local_kubernetes_executor.py took 0.055 seconds
