[2026-01-01T01:03:22.402+0000] {processor.py:161} INFO - Started process (PID=51822) to work on /home/airflow/.local/lib/python3.12/site-packages/airflow/example_dags/example_display_name.py
[2026-01-01T01:03:22.403+0000] {processor.py:830} INFO - Processing file /home/airflow/.local/lib/python3.12/site-packages/airflow/example_dags/example_display_name.py for tasks to queue
[2026-01-01T01:03:22.403+0000] {logging_mixin.py:188} INFO - [2026-01-01T01:03:22.403+0000] {dagbag.py:545} INFO - Filling up the DagBag from /home/airflow/.local/lib/python3.12/site-packages/airflow/example_dags/example_display_name.py
[2026-01-01T01:03:22.406+0000] {processor.py:840} INFO - DAG(s) 'example_display_name' retrieved from /home/airflow/.local/lib/python3.12/site-packages/airflow/example_dags/example_display_name.py
[2026-01-01T01:03:22.421+0000] {logging_mixin.py:188} INFO - [2026-01-01T01:03:22.421+0000] {dag.py:3089} INFO - Sync 1 DAGs
[2026-01-01T01:03:22.428+0000] {logging_mixin.py:188} INFO - [2026-01-01T01:03:22.428+0000] {dag.py:3947} INFO - Setting next_dagrun for example_display_name to None, run_after=None
[2026-01-01T01:03:22.436+0000] {processor.py:183} INFO - Processing /home/airflow/.local/lib/python3.12/site-packages/airflow/example_dags/example_display_name.py took 0.037 seconds
[2026-01-01T02:01:01.674+0000] {processor.py:161} INFO - Started process (PID=51881) to work on /home/airflow/.local/lib/python3.12/site-packages/airflow/example_dags/example_display_name.py
[2026-01-01T02:01:01.675+0000] {processor.py:830} INFO - Processing file /home/airflow/.local/lib/python3.12/site-packages/airflow/example_dags/example_display_name.py for tasks to queue
[2026-01-01T02:01:01.676+0000] {logging_mixin.py:188} INFO - [2026-01-01T02:01:01.676+0000] {dagbag.py:545} INFO - Filling up the DagBag from /home/airflow/.local/lib/python3.12/site-packages/airflow/example_dags/example_display_name.py
[2026-01-01T02:01:01.682+0000] {processor.py:840} INFO - DAG(s) 'example_display_name' retrieved from /home/airflow/.local/lib/python3.12/site-packages/airflow/example_dags/example_display_name.py
[2026-01-01T02:01:01.701+0000] {logging_mixin.py:188} INFO - [2026-01-01T02:01:01.701+0000] {dag.py:3089} INFO - Sync 1 DAGs
[2026-01-01T02:01:01.721+0000] {logging_mixin.py:188} INFO - [2026-01-01T02:01:01.721+0000] {dag.py:3947} INFO - Setting next_dagrun for example_display_name to None, run_after=None
[2026-01-01T02:01:01.739+0000] {processor.py:183} INFO - Processing /home/airflow/.local/lib/python3.12/site-packages/airflow/example_dags/example_display_name.py took 0.072 seconds
[2026-01-01T03:35:53.171+0000] {processor.py:161} INFO - Started process (PID=51940) to work on /home/airflow/.local/lib/python3.12/site-packages/airflow/example_dags/example_display_name.py
[2026-01-01T03:35:53.172+0000] {processor.py:830} INFO - Processing file /home/airflow/.local/lib/python3.12/site-packages/airflow/example_dags/example_display_name.py for tasks to queue
[2026-01-01T03:35:53.172+0000] {logging_mixin.py:188} INFO - [2026-01-01T03:35:53.172+0000] {dagbag.py:545} INFO - Filling up the DagBag from /home/airflow/.local/lib/python3.12/site-packages/airflow/example_dags/example_display_name.py
[2026-01-01T03:35:53.176+0000] {processor.py:840} INFO - DAG(s) 'example_display_name' retrieved from /home/airflow/.local/lib/python3.12/site-packages/airflow/example_dags/example_display_name.py
[2026-01-01T03:35:53.186+0000] {logging_mixin.py:188} INFO - [2026-01-01T03:35:53.186+0000] {dag.py:3089} INFO - Sync 1 DAGs
[2026-01-01T03:35:53.195+0000] {logging_mixin.py:188} INFO - [2026-01-01T03:35:53.195+0000] {dag.py:3947} INFO - Setting next_dagrun for example_display_name to None, run_after=None
[2026-01-01T03:35:53.207+0000] {processor.py:183} INFO - Processing /home/airflow/.local/lib/python3.12/site-packages/airflow/example_dags/example_display_name.py took 0.039 seconds
[2026-01-01T04:55:53.100+0000] {processor.py:161} INFO - Started process (PID=52000) to work on /home/airflow/.local/lib/python3.12/site-packages/airflow/example_dags/example_display_name.py
[2026-01-01T04:55:53.100+0000] {processor.py:830} INFO - Processing file /home/airflow/.local/lib/python3.12/site-packages/airflow/example_dags/example_display_name.py for tasks to queue
[2026-01-01T04:55:53.101+0000] {logging_mixin.py:188} INFO - [2026-01-01T04:55:53.100+0000] {dagbag.py:545} INFO - Filling up the DagBag from /home/airflow/.local/lib/python3.12/site-packages/airflow/example_dags/example_display_name.py
[2026-01-01T04:55:53.104+0000] {processor.py:840} INFO - DAG(s) 'example_display_name' retrieved from /home/airflow/.local/lib/python3.12/site-packages/airflow/example_dags/example_display_name.py
[2026-01-01T04:55:53.116+0000] {logging_mixin.py:188} INFO - [2026-01-01T04:55:53.114+0000] {dag.py:3089} INFO - Sync 1 DAGs
[2026-01-01T04:55:53.125+0000] {logging_mixin.py:188} INFO - [2026-01-01T04:55:53.125+0000] {dag.py:3947} INFO - Setting next_dagrun for example_display_name to None, run_after=None
[2026-01-01T04:55:53.133+0000] {processor.py:183} INFO - Processing /home/airflow/.local/lib/python3.12/site-packages/airflow/example_dags/example_display_name.py took 0.036 seconds
[2026-01-01T06:07:21.500+0000] {processor.py:161} INFO - Started process (PID=52059) to work on /home/airflow/.local/lib/python3.12/site-packages/airflow/example_dags/example_display_name.py
[2026-01-01T06:07:21.501+0000] {processor.py:830} INFO - Processing file /home/airflow/.local/lib/python3.12/site-packages/airflow/example_dags/example_display_name.py for tasks to queue
[2026-01-01T06:07:21.501+0000] {logging_mixin.py:188} INFO - [2026-01-01T06:07:21.501+0000] {dagbag.py:545} INFO - Filling up the DagBag from /home/airflow/.local/lib/python3.12/site-packages/airflow/example_dags/example_display_name.py
[2026-01-01T06:07:21.504+0000] {processor.py:840} INFO - DAG(s) 'example_display_name' retrieved from /home/airflow/.local/lib/python3.12/site-packages/airflow/example_dags/example_display_name.py
[2026-01-01T06:07:21.519+0000] {logging_mixin.py:188} INFO - [2026-01-01T06:07:21.519+0000] {dag.py:3089} INFO - Sync 1 DAGs
[2026-01-01T06:07:21.527+0000] {logging_mixin.py:188} INFO - [2026-01-01T06:07:21.527+0000] {dag.py:3947} INFO - Setting next_dagrun for example_display_name to None, run_after=None
[2026-01-01T06:07:21.536+0000] {processor.py:183} INFO - Processing /home/airflow/.local/lib/python3.12/site-packages/airflow/example_dags/example_display_name.py took 0.040 seconds
[2026-01-01T07:40:35.572+0000] {processor.py:161} INFO - Started process (PID=52118) to work on /home/airflow/.local/lib/python3.12/site-packages/airflow/example_dags/example_display_name.py
[2026-01-01T07:40:35.572+0000] {processor.py:830} INFO - Processing file /home/airflow/.local/lib/python3.12/site-packages/airflow/example_dags/example_display_name.py for tasks to queue
[2026-01-01T07:40:35.573+0000] {logging_mixin.py:188} INFO - [2026-01-01T07:40:35.572+0000] {dagbag.py:545} INFO - Filling up the DagBag from /home/airflow/.local/lib/python3.12/site-packages/airflow/example_dags/example_display_name.py
[2026-01-01T07:40:35.576+0000] {processor.py:840} INFO - DAG(s) 'example_display_name' retrieved from /home/airflow/.local/lib/python3.12/site-packages/airflow/example_dags/example_display_name.py
[2026-01-01T07:40:35.589+0000] {logging_mixin.py:188} INFO - [2026-01-01T07:40:35.589+0000] {dag.py:3089} INFO - Sync 1 DAGs
[2026-01-01T07:40:35.599+0000] {logging_mixin.py:188} INFO - [2026-01-01T07:40:35.599+0000] {dag.py:3947} INFO - Setting next_dagrun for example_display_name to None, run_after=None
[2026-01-01T07:40:35.615+0000] {processor.py:183} INFO - Processing /home/airflow/.local/lib/python3.12/site-packages/airflow/example_dags/example_display_name.py took 0.046 seconds
[2026-01-01T08:44:35.635+0000] {processor.py:161} INFO - Started process (PID=52177) to work on /home/airflow/.local/lib/python3.12/site-packages/airflow/example_dags/example_display_name.py
[2026-01-01T08:44:35.636+0000] {processor.py:830} INFO - Processing file /home/airflow/.local/lib/python3.12/site-packages/airflow/example_dags/example_display_name.py for tasks to queue
[2026-01-01T08:44:35.636+0000] {logging_mixin.py:188} INFO - [2026-01-01T08:44:35.636+0000] {dagbag.py:545} INFO - Filling up the DagBag from /home/airflow/.local/lib/python3.12/site-packages/airflow/example_dags/example_display_name.py
[2026-01-01T08:44:35.639+0000] {processor.py:840} INFO - DAG(s) 'example_display_name' retrieved from /home/airflow/.local/lib/python3.12/site-packages/airflow/example_dags/example_display_name.py
[2026-01-01T08:44:35.649+0000] {logging_mixin.py:188} INFO - [2026-01-01T08:44:35.649+0000] {dag.py:3089} INFO - Sync 1 DAGs
[2026-01-01T08:44:35.655+0000] {logging_mixin.py:188} INFO - [2026-01-01T08:44:35.655+0000] {dag.py:3947} INFO - Setting next_dagrun for example_display_name to None, run_after=None
[2026-01-01T08:44:35.666+0000] {processor.py:183} INFO - Processing /home/airflow/.local/lib/python3.12/site-packages/airflow/example_dags/example_display_name.py took 0.034 seconds
[2026-01-01T09:57:56.821+0000] {processor.py:161} INFO - Started process (PID=52236) to work on /home/airflow/.local/lib/python3.12/site-packages/airflow/example_dags/example_display_name.py
[2026-01-01T09:57:56.822+0000] {processor.py:830} INFO - Processing file /home/airflow/.local/lib/python3.12/site-packages/airflow/example_dags/example_display_name.py for tasks to queue
[2026-01-01T09:57:56.823+0000] {logging_mixin.py:188} INFO - [2026-01-01T09:57:56.822+0000] {dagbag.py:545} INFO - Filling up the DagBag from /home/airflow/.local/lib/python3.12/site-packages/airflow/example_dags/example_display_name.py
[2026-01-01T09:57:56.826+0000] {processor.py:840} INFO - DAG(s) 'example_display_name' retrieved from /home/airflow/.local/lib/python3.12/site-packages/airflow/example_dags/example_display_name.py
[2026-01-01T09:57:56.836+0000] {logging_mixin.py:188} INFO - [2026-01-01T09:57:56.835+0000] {dag.py:3089} INFO - Sync 1 DAGs
[2026-01-01T09:57:56.841+0000] {logging_mixin.py:188} INFO - [2026-01-01T09:57:56.841+0000] {dag.py:3947} INFO - Setting next_dagrun for example_display_name to None, run_after=None
[2026-01-01T09:57:56.850+0000] {processor.py:183} INFO - Processing /home/airflow/.local/lib/python3.12/site-packages/airflow/example_dags/example_display_name.py took 0.032 seconds
[2026-01-01T11:12:21.831+0000] {processor.py:161} INFO - Started process (PID=52295) to work on /home/airflow/.local/lib/python3.12/site-packages/airflow/example_dags/example_display_name.py
[2026-01-01T11:12:21.831+0000] {processor.py:830} INFO - Processing file /home/airflow/.local/lib/python3.12/site-packages/airflow/example_dags/example_display_name.py for tasks to queue
[2026-01-01T11:12:21.832+0000] {logging_mixin.py:188} INFO - [2026-01-01T11:12:21.832+0000] {dagbag.py:545} INFO - Filling up the DagBag from /home/airflow/.local/lib/python3.12/site-packages/airflow/example_dags/example_display_name.py
[2026-01-01T11:12:21.835+0000] {processor.py:840} INFO - DAG(s) 'example_display_name' retrieved from /home/airflow/.local/lib/python3.12/site-packages/airflow/example_dags/example_display_name.py
[2026-01-01T11:12:21.844+0000] {logging_mixin.py:188} INFO - [2026-01-01T11:12:21.844+0000] {dag.py:3089} INFO - Sync 1 DAGs
[2026-01-01T11:12:21.850+0000] {logging_mixin.py:188} INFO - [2026-01-01T11:12:21.850+0000] {dag.py:3947} INFO - Setting next_dagrun for example_display_name to None, run_after=None
[2026-01-01T11:12:21.858+0000] {processor.py:183} INFO - Processing /home/airflow/.local/lib/python3.12/site-packages/airflow/example_dags/example_display_name.py took 0.030 seconds
[2026-01-01T12:13:28.387+0000] {processor.py:161} INFO - Started process (PID=52354) to work on /home/airflow/.local/lib/python3.12/site-packages/airflow/example_dags/example_display_name.py
[2026-01-01T12:13:28.390+0000] {processor.py:830} INFO - Processing file /home/airflow/.local/lib/python3.12/site-packages/airflow/example_dags/example_display_name.py for tasks to queue
[2026-01-01T12:13:28.391+0000] {logging_mixin.py:188} INFO - [2026-01-01T12:13:28.391+0000] {dagbag.py:545} INFO - Filling up the DagBag from /home/airflow/.local/lib/python3.12/site-packages/airflow/example_dags/example_display_name.py
[2026-01-01T12:13:28.394+0000] {processor.py:840} INFO - DAG(s) 'example_display_name' retrieved from /home/airflow/.local/lib/python3.12/site-packages/airflow/example_dags/example_display_name.py
[2026-01-01T12:13:28.406+0000] {logging_mixin.py:188} INFO - [2026-01-01T12:13:28.405+0000] {dag.py:3089} INFO - Sync 1 DAGs
[2026-01-01T12:13:28.413+0000] {logging_mixin.py:188} INFO - [2026-01-01T12:13:28.413+0000] {dag.py:3947} INFO - Setting next_dagrun for example_display_name to None, run_after=None
[2026-01-01T12:13:28.431+0000] {processor.py:183} INFO - Processing /home/airflow/.local/lib/python3.12/site-packages/airflow/example_dags/example_display_name.py took 0.047 seconds
[2026-01-01T13:31:40.668+0000] {processor.py:161} INFO - Started process (PID=52413) to work on /home/airflow/.local/lib/python3.12/site-packages/airflow/example_dags/example_display_name.py
[2026-01-01T13:31:40.671+0000] {processor.py:830} INFO - Processing file /home/airflow/.local/lib/python3.12/site-packages/airflow/example_dags/example_display_name.py for tasks to queue
[2026-01-01T13:31:40.672+0000] {logging_mixin.py:188} INFO - [2026-01-01T13:31:40.672+0000] {dagbag.py:545} INFO - Filling up the DagBag from /home/airflow/.local/lib/python3.12/site-packages/airflow/example_dags/example_display_name.py
[2026-01-01T13:31:40.677+0000] {processor.py:840} INFO - DAG(s) 'example_display_name' retrieved from /home/airflow/.local/lib/python3.12/site-packages/airflow/example_dags/example_display_name.py
[2026-01-01T13:31:40.696+0000] {logging_mixin.py:188} INFO - [2026-01-01T13:31:40.696+0000] {dag.py:3089} INFO - Sync 1 DAGs
[2026-01-01T13:31:40.703+0000] {logging_mixin.py:188} INFO - [2026-01-01T13:31:40.703+0000] {dag.py:3947} INFO - Setting next_dagrun for example_display_name to None, run_after=None
[2026-01-01T13:31:40.716+0000] {processor.py:183} INFO - Processing /home/airflow/.local/lib/python3.12/site-packages/airflow/example_dags/example_display_name.py took 0.052 seconds
[2026-01-01T15:05:23.686+0000] {processor.py:161} INFO - Started process (PID=52472) to work on /home/airflow/.local/lib/python3.12/site-packages/airflow/example_dags/example_display_name.py
[2026-01-01T15:05:23.687+0000] {processor.py:830} INFO - Processing file /home/airflow/.local/lib/python3.12/site-packages/airflow/example_dags/example_display_name.py for tasks to queue
[2026-01-01T15:05:23.687+0000] {logging_mixin.py:188} INFO - [2026-01-01T15:05:23.687+0000] {dagbag.py:545} INFO - Filling up the DagBag from /home/airflow/.local/lib/python3.12/site-packages/airflow/example_dags/example_display_name.py
[2026-01-01T15:05:23.690+0000] {processor.py:840} INFO - DAG(s) 'example_display_name' retrieved from /home/airflow/.local/lib/python3.12/site-packages/airflow/example_dags/example_display_name.py
[2026-01-01T15:05:23.699+0000] {logging_mixin.py:188} INFO - [2026-01-01T15:05:23.699+0000] {dag.py:3089} INFO - Sync 1 DAGs
[2026-01-01T15:05:23.704+0000] {logging_mixin.py:188} INFO - [2026-01-01T15:05:23.704+0000] {dag.py:3947} INFO - Setting next_dagrun for example_display_name to None, run_after=None
[2026-01-01T15:05:23.719+0000] {processor.py:183} INFO - Processing /home/airflow/.local/lib/python3.12/site-packages/airflow/example_dags/example_display_name.py took 0.037 seconds
[2026-01-01T16:17:19.531+0000] {processor.py:161} INFO - Started process (PID=52531) to work on /home/airflow/.local/lib/python3.12/site-packages/airflow/example_dags/example_display_name.py
[2026-01-01T16:17:19.531+0000] {processor.py:830} INFO - Processing file /home/airflow/.local/lib/python3.12/site-packages/airflow/example_dags/example_display_name.py for tasks to queue
[2026-01-01T16:17:19.532+0000] {logging_mixin.py:188} INFO - [2026-01-01T16:17:19.532+0000] {dagbag.py:545} INFO - Filling up the DagBag from /home/airflow/.local/lib/python3.12/site-packages/airflow/example_dags/example_display_name.py
[2026-01-01T16:17:19.534+0000] {processor.py:840} INFO - DAG(s) 'example_display_name' retrieved from /home/airflow/.local/lib/python3.12/site-packages/airflow/example_dags/example_display_name.py
[2026-01-01T16:17:19.545+0000] {logging_mixin.py:188} INFO - [2026-01-01T16:17:19.545+0000] {dag.py:3089} INFO - Sync 1 DAGs
[2026-01-01T16:17:19.550+0000] {logging_mixin.py:188} INFO - [2026-01-01T16:17:19.550+0000] {dag.py:3947} INFO - Setting next_dagrun for example_display_name to None, run_after=None
[2026-01-01T16:17:19.560+0000] {processor.py:183} INFO - Processing /home/airflow/.local/lib/python3.12/site-packages/airflow/example_dags/example_display_name.py took 0.032 seconds
[2026-01-01T17:14:38.342+0000] {processor.py:161} INFO - Started process (PID=52590) to work on /home/airflow/.local/lib/python3.12/site-packages/airflow/example_dags/example_display_name.py
[2026-01-01T17:14:38.347+0000] {processor.py:830} INFO - Processing file /home/airflow/.local/lib/python3.12/site-packages/airflow/example_dags/example_display_name.py for tasks to queue
[2026-01-01T17:14:38.347+0000] {logging_mixin.py:188} INFO - [2026-01-01T17:14:38.347+0000] {dagbag.py:545} INFO - Filling up the DagBag from /home/airflow/.local/lib/python3.12/site-packages/airflow/example_dags/example_display_name.py
[2026-01-01T17:14:38.350+0000] {processor.py:840} INFO - DAG(s) 'example_display_name' retrieved from /home/airflow/.local/lib/python3.12/site-packages/airflow/example_dags/example_display_name.py
[2026-01-01T17:14:38.359+0000] {logging_mixin.py:188} INFO - [2026-01-01T17:14:38.359+0000] {dag.py:3089} INFO - Sync 1 DAGs
[2026-01-01T17:14:38.365+0000] {logging_mixin.py:188} INFO - [2026-01-01T17:14:38.364+0000] {dag.py:3947} INFO - Setting next_dagrun for example_display_name to None, run_after=None
[2026-01-01T17:14:38.372+0000] {processor.py:183} INFO - Processing /home/airflow/.local/lib/python3.12/site-packages/airflow/example_dags/example_display_name.py took 0.033 seconds
[2026-01-01T18:19:22.987+0000] {processor.py:161} INFO - Started process (PID=52649) to work on /home/airflow/.local/lib/python3.12/site-packages/airflow/example_dags/example_display_name.py
[2026-01-01T18:19:22.993+0000] {processor.py:830} INFO - Processing file /home/airflow/.local/lib/python3.12/site-packages/airflow/example_dags/example_display_name.py for tasks to queue
[2026-01-01T18:19:22.994+0000] {logging_mixin.py:188} INFO - [2026-01-01T18:19:22.994+0000] {dagbag.py:545} INFO - Filling up the DagBag from /home/airflow/.local/lib/python3.12/site-packages/airflow/example_dags/example_display_name.py
[2026-01-01T18:19:22.999+0000] {processor.py:840} INFO - DAG(s) 'example_display_name' retrieved from /home/airflow/.local/lib/python3.12/site-packages/airflow/example_dags/example_display_name.py
[2026-01-01T18:19:23.018+0000] {logging_mixin.py:188} INFO - [2026-01-01T18:19:23.018+0000] {dag.py:3089} INFO - Sync 1 DAGs
[2026-01-01T18:19:23.025+0000] {logging_mixin.py:188} INFO - [2026-01-01T18:19:23.025+0000] {dag.py:3947} INFO - Setting next_dagrun for example_display_name to None, run_after=None
[2026-01-01T18:19:23.036+0000] {processor.py:183} INFO - Processing /home/airflow/.local/lib/python3.12/site-packages/airflow/example_dags/example_display_name.py took 0.055 seconds
[2026-01-01T19:35:30.963+0000] {processor.py:161} INFO - Started process (PID=52708) to work on /home/airflow/.local/lib/python3.12/site-packages/airflow/example_dags/example_display_name.py
[2026-01-01T19:35:30.963+0000] {processor.py:830} INFO - Processing file /home/airflow/.local/lib/python3.12/site-packages/airflow/example_dags/example_display_name.py for tasks to queue
[2026-01-01T19:35:30.964+0000] {logging_mixin.py:188} INFO - [2026-01-01T19:35:30.964+0000] {dagbag.py:545} INFO - Filling up the DagBag from /home/airflow/.local/lib/python3.12/site-packages/airflow/example_dags/example_display_name.py
[2026-01-01T19:35:30.967+0000] {processor.py:840} INFO - DAG(s) 'example_display_name' retrieved from /home/airflow/.local/lib/python3.12/site-packages/airflow/example_dags/example_display_name.py
[2026-01-01T19:35:30.978+0000] {logging_mixin.py:188} INFO - [2026-01-01T19:35:30.978+0000] {dag.py:3089} INFO - Sync 1 DAGs
[2026-01-01T19:35:30.986+0000] {logging_mixin.py:188} INFO - [2026-01-01T19:35:30.986+0000] {dag.py:3947} INFO - Setting next_dagrun for example_display_name to None, run_after=None
[2026-01-01T19:35:31.003+0000] {processor.py:183} INFO - Processing /home/airflow/.local/lib/python3.12/site-packages/airflow/example_dags/example_display_name.py took 0.043 seconds
[2026-01-01T20:54:39.805+0000] {processor.py:161} INFO - Started process (PID=52767) to work on /home/airflow/.local/lib/python3.12/site-packages/airflow/example_dags/example_display_name.py
[2026-01-01T20:54:39.806+0000] {processor.py:830} INFO - Processing file /home/airflow/.local/lib/python3.12/site-packages/airflow/example_dags/example_display_name.py for tasks to queue
[2026-01-01T20:54:39.806+0000] {logging_mixin.py:188} INFO - [2026-01-01T20:54:39.806+0000] {dagbag.py:545} INFO - Filling up the DagBag from /home/airflow/.local/lib/python3.12/site-packages/airflow/example_dags/example_display_name.py
[2026-01-01T20:54:39.810+0000] {processor.py:840} INFO - DAG(s) 'example_display_name' retrieved from /home/airflow/.local/lib/python3.12/site-packages/airflow/example_dags/example_display_name.py
[2026-01-01T20:54:39.822+0000] {logging_mixin.py:188} INFO - [2026-01-01T20:54:39.822+0000] {dag.py:3089} INFO - Sync 1 DAGs
[2026-01-01T20:54:39.827+0000] {logging_mixin.py:188} INFO - [2026-01-01T20:54:39.827+0000] {dag.py:3947} INFO - Setting next_dagrun for example_display_name to None, run_after=None
[2026-01-01T20:54:39.842+0000] {processor.py:183} INFO - Processing /home/airflow/.local/lib/python3.12/site-packages/airflow/example_dags/example_display_name.py took 0.041 seconds
[2026-01-01T22:37:21.809+0000] {processor.py:161} INFO - Started process (PID=52826) to work on /home/airflow/.local/lib/python3.12/site-packages/airflow/example_dags/example_display_name.py
[2026-01-01T22:37:21.810+0000] {processor.py:830} INFO - Processing file /home/airflow/.local/lib/python3.12/site-packages/airflow/example_dags/example_display_name.py for tasks to queue
[2026-01-01T22:37:21.810+0000] {logging_mixin.py:188} INFO - [2026-01-01T22:37:21.810+0000] {dagbag.py:545} INFO - Filling up the DagBag from /home/airflow/.local/lib/python3.12/site-packages/airflow/example_dags/example_display_name.py
[2026-01-01T22:37:21.813+0000] {processor.py:840} INFO - DAG(s) 'example_display_name' retrieved from /home/airflow/.local/lib/python3.12/site-packages/airflow/example_dags/example_display_name.py
[2026-01-01T22:37:21.822+0000] {logging_mixin.py:188} INFO - [2026-01-01T22:37:21.822+0000] {dag.py:3089} INFO - Sync 1 DAGs
[2026-01-01T22:37:21.828+0000] {logging_mixin.py:188} INFO - [2026-01-01T22:37:21.828+0000] {dag.py:3947} INFO - Setting next_dagrun for example_display_name to None, run_after=None
[2026-01-01T22:37:21.839+0000] {processor.py:183} INFO - Processing /home/airflow/.local/lib/python3.12/site-packages/airflow/example_dags/example_display_name.py took 0.032 seconds
[2026-01-01T23:54:03.613+0000] {processor.py:161} INFO - Started process (PID=52885) to work on /home/airflow/.local/lib/python3.12/site-packages/airflow/example_dags/example_display_name.py
[2026-01-01T23:54:03.616+0000] {processor.py:830} INFO - Processing file /home/airflow/.local/lib/python3.12/site-packages/airflow/example_dags/example_display_name.py for tasks to queue
[2026-01-01T23:54:03.617+0000] {logging_mixin.py:188} INFO - [2026-01-01T23:54:03.617+0000] {dagbag.py:545} INFO - Filling up the DagBag from /home/airflow/.local/lib/python3.12/site-packages/airflow/example_dags/example_display_name.py
[2026-01-01T23:54:03.625+0000] {processor.py:840} INFO - DAG(s) 'example_display_name' retrieved from /home/airflow/.local/lib/python3.12/site-packages/airflow/example_dags/example_display_name.py
[2026-01-01T23:54:03.655+0000] {logging_mixin.py:188} INFO - [2026-01-01T23:54:03.654+0000] {dag.py:3089} INFO - Sync 1 DAGs
[2026-01-01T23:54:03.668+0000] {logging_mixin.py:188} INFO - [2026-01-01T23:54:03.668+0000] {dag.py:3947} INFO - Setting next_dagrun for example_display_name to None, run_after=None
[2026-01-01T23:54:03.684+0000] {processor.py:183} INFO - Processing /home/airflow/.local/lib/python3.12/site-packages/airflow/example_dags/example_display_name.py took 0.080 seconds
