[2026-01-01T01:03:23.456+0000] {processor.py:161} INFO - Started process (PID=51848) to work on /home/airflow/.local/lib/python3.12/site-packages/airflow/example_dags/example_python_operator.py
[2026-01-01T01:03:23.457+0000] {processor.py:830} INFO - Processing file /home/airflow/.local/lib/python3.12/site-packages/airflow/example_dags/example_python_operator.py for tasks to queue
[2026-01-01T01:03:23.457+0000] {logging_mixin.py:188} INFO - [2026-01-01T01:03:23.457+0000] {dagbag.py:545} INFO - Filling up the DagBag from /home/airflow/.local/lib/python3.12/site-packages/airflow/example_dags/example_python_operator.py
[2026-01-01T01:03:23.462+0000] {processor.py:840} INFO - DAG(s) 'example_python_operator' retrieved from /home/airflow/.local/lib/python3.12/site-packages/airflow/example_dags/example_python_operator.py
[2026-01-01T01:03:23.472+0000] {logging_mixin.py:188} INFO - [2026-01-01T01:03:23.472+0000] {dag.py:3089} INFO - Sync 1 DAGs
[2026-01-01T01:03:23.476+0000] {logging_mixin.py:188} INFO - [2026-01-01T01:03:23.476+0000] {dag.py:3947} INFO - Setting next_dagrun for example_python_operator to None, run_after=None
[2026-01-01T01:03:23.483+0000] {processor.py:183} INFO - Processing /home/airflow/.local/lib/python3.12/site-packages/airflow/example_dags/example_python_operator.py took 0.030 seconds
[2026-01-01T02:01:02.596+0000] {processor.py:161} INFO - Started process (PID=51907) to work on /home/airflow/.local/lib/python3.12/site-packages/airflow/example_dags/example_python_operator.py
[2026-01-01T02:01:02.596+0000] {processor.py:830} INFO - Processing file /home/airflow/.local/lib/python3.12/site-packages/airflow/example_dags/example_python_operator.py for tasks to queue
[2026-01-01T02:01:02.597+0000] {logging_mixin.py:188} INFO - [2026-01-01T02:01:02.596+0000] {dagbag.py:545} INFO - Filling up the DagBag from /home/airflow/.local/lib/python3.12/site-packages/airflow/example_dags/example_python_operator.py
[2026-01-01T02:01:02.601+0000] {processor.py:840} INFO - DAG(s) 'example_python_operator' retrieved from /home/airflow/.local/lib/python3.12/site-packages/airflow/example_dags/example_python_operator.py
[2026-01-01T02:01:02.610+0000] {logging_mixin.py:188} INFO - [2026-01-01T02:01:02.610+0000] {dag.py:3089} INFO - Sync 1 DAGs
[2026-01-01T02:01:02.615+0000] {logging_mixin.py:188} INFO - [2026-01-01T02:01:02.615+0000] {dag.py:3947} INFO - Setting next_dagrun for example_python_operator to None, run_after=None
[2026-01-01T02:01:02.621+0000] {processor.py:183} INFO - Processing /home/airflow/.local/lib/python3.12/site-packages/airflow/example_dags/example_python_operator.py took 0.028 seconds
[2026-01-01T03:35:53.957+0000] {processor.py:161} INFO - Started process (PID=51966) to work on /home/airflow/.local/lib/python3.12/site-packages/airflow/example_dags/example_python_operator.py
[2026-01-01T03:35:53.958+0000] {processor.py:830} INFO - Processing file /home/airflow/.local/lib/python3.12/site-packages/airflow/example_dags/example_python_operator.py for tasks to queue
[2026-01-01T03:35:53.959+0000] {logging_mixin.py:188} INFO - [2026-01-01T03:35:53.959+0000] {dagbag.py:545} INFO - Filling up the DagBag from /home/airflow/.local/lib/python3.12/site-packages/airflow/example_dags/example_python_operator.py
[2026-01-01T03:35:53.963+0000] {processor.py:840} INFO - DAG(s) 'example_python_operator' retrieved from /home/airflow/.local/lib/python3.12/site-packages/airflow/example_dags/example_python_operator.py
[2026-01-01T03:35:53.974+0000] {logging_mixin.py:188} INFO - [2026-01-01T03:35:53.973+0000] {dag.py:3089} INFO - Sync 1 DAGs
[2026-01-01T03:35:53.979+0000] {logging_mixin.py:188} INFO - [2026-01-01T03:35:53.979+0000] {dag.py:3947} INFO - Setting next_dagrun for example_python_operator to None, run_after=None
[2026-01-01T03:35:53.988+0000] {processor.py:183} INFO - Processing /home/airflow/.local/lib/python3.12/site-packages/airflow/example_dags/example_python_operator.py took 0.036 seconds
[2026-01-01T04:55:54.165+0000] {processor.py:161} INFO - Started process (PID=52026) to work on /home/airflow/.local/lib/python3.12/site-packages/airflow/example_dags/example_python_operator.py
[2026-01-01T04:55:54.166+0000] {processor.py:830} INFO - Processing file /home/airflow/.local/lib/python3.12/site-packages/airflow/example_dags/example_python_operator.py for tasks to queue
[2026-01-01T04:55:54.167+0000] {logging_mixin.py:188} INFO - [2026-01-01T04:55:54.167+0000] {dagbag.py:545} INFO - Filling up the DagBag from /home/airflow/.local/lib/python3.12/site-packages/airflow/example_dags/example_python_operator.py
[2026-01-01T04:55:54.172+0000] {processor.py:840} INFO - DAG(s) 'example_python_operator' retrieved from /home/airflow/.local/lib/python3.12/site-packages/airflow/example_dags/example_python_operator.py
[2026-01-01T04:55:54.186+0000] {logging_mixin.py:188} INFO - [2026-01-01T04:55:54.186+0000] {dag.py:3089} INFO - Sync 1 DAGs
[2026-01-01T04:55:54.193+0000] {logging_mixin.py:188} INFO - [2026-01-01T04:55:54.192+0000] {dag.py:3947} INFO - Setting next_dagrun for example_python_operator to None, run_after=None
[2026-01-01T04:55:54.203+0000] {processor.py:183} INFO - Processing /home/airflow/.local/lib/python3.12/site-packages/airflow/example_dags/example_python_operator.py took 0.041 seconds
[2026-01-01T06:07:22.276+0000] {processor.py:161} INFO - Started process (PID=52085) to work on /home/airflow/.local/lib/python3.12/site-packages/airflow/example_dags/example_python_operator.py
[2026-01-01T06:07:22.279+0000] {processor.py:830} INFO - Processing file /home/airflow/.local/lib/python3.12/site-packages/airflow/example_dags/example_python_operator.py for tasks to queue
[2026-01-01T06:07:22.279+0000] {logging_mixin.py:188} INFO - [2026-01-01T06:07:22.279+0000] {dagbag.py:545} INFO - Filling up the DagBag from /home/airflow/.local/lib/python3.12/site-packages/airflow/example_dags/example_python_operator.py
[2026-01-01T06:07:22.284+0000] {processor.py:840} INFO - DAG(s) 'example_python_operator' retrieved from /home/airflow/.local/lib/python3.12/site-packages/airflow/example_dags/example_python_operator.py
[2026-01-01T06:07:22.297+0000] {logging_mixin.py:188} INFO - [2026-01-01T06:07:22.297+0000] {dag.py:3089} INFO - Sync 1 DAGs
[2026-01-01T06:07:22.303+0000] {logging_mixin.py:188} INFO - [2026-01-01T06:07:22.303+0000] {dag.py:3947} INFO - Setting next_dagrun for example_python_operator to None, run_after=None
[2026-01-01T06:07:22.311+0000] {processor.py:183} INFO - Processing /home/airflow/.local/lib/python3.12/site-packages/airflow/example_dags/example_python_operator.py took 0.038 seconds
[2026-01-01T07:40:36.495+0000] {processor.py:161} INFO - Started process (PID=52144) to work on /home/airflow/.local/lib/python3.12/site-packages/airflow/example_dags/example_python_operator.py
[2026-01-01T07:40:36.496+0000] {processor.py:830} INFO - Processing file /home/airflow/.local/lib/python3.12/site-packages/airflow/example_dags/example_python_operator.py for tasks to queue
[2026-01-01T07:40:36.497+0000] {logging_mixin.py:188} INFO - [2026-01-01T07:40:36.497+0000] {dagbag.py:545} INFO - Filling up the DagBag from /home/airflow/.local/lib/python3.12/site-packages/airflow/example_dags/example_python_operator.py
[2026-01-01T07:40:36.502+0000] {processor.py:840} INFO - DAG(s) 'example_python_operator' retrieved from /home/airflow/.local/lib/python3.12/site-packages/airflow/example_dags/example_python_operator.py
[2026-01-01T07:40:36.515+0000] {logging_mixin.py:188} INFO - [2026-01-01T07:40:36.515+0000] {dag.py:3089} INFO - Sync 1 DAGs
[2026-01-01T07:40:36.519+0000] {logging_mixin.py:188} INFO - [2026-01-01T07:40:36.519+0000] {dag.py:3947} INFO - Setting next_dagrun for example_python_operator to None, run_after=None
[2026-01-01T07:40:36.531+0000] {processor.py:183} INFO - Processing /home/airflow/.local/lib/python3.12/site-packages/airflow/example_dags/example_python_operator.py took 0.039 seconds
[2026-01-01T08:44:36.353+0000] {processor.py:161} INFO - Started process (PID=52203) to work on /home/airflow/.local/lib/python3.12/site-packages/airflow/example_dags/example_python_operator.py
[2026-01-01T08:44:36.354+0000] {processor.py:830} INFO - Processing file /home/airflow/.local/lib/python3.12/site-packages/airflow/example_dags/example_python_operator.py for tasks to queue
[2026-01-01T08:44:36.355+0000] {logging_mixin.py:188} INFO - [2026-01-01T08:44:36.354+0000] {dagbag.py:545} INFO - Filling up the DagBag from /home/airflow/.local/lib/python3.12/site-packages/airflow/example_dags/example_python_operator.py
[2026-01-01T08:44:36.360+0000] {processor.py:840} INFO - DAG(s) 'example_python_operator' retrieved from /home/airflow/.local/lib/python3.12/site-packages/airflow/example_dags/example_python_operator.py
[2026-01-01T08:44:36.374+0000] {logging_mixin.py:188} INFO - [2026-01-01T08:44:36.373+0000] {dag.py:3089} INFO - Sync 1 DAGs
[2026-01-01T08:44:36.379+0000] {logging_mixin.py:188} INFO - [2026-01-01T08:44:36.379+0000] {dag.py:3947} INFO - Setting next_dagrun for example_python_operator to None, run_after=None
[2026-01-01T08:44:36.388+0000] {processor.py:183} INFO - Processing /home/airflow/.local/lib/python3.12/site-packages/airflow/example_dags/example_python_operator.py took 0.039 seconds
[2026-01-01T09:57:57.527+0000] {processor.py:161} INFO - Started process (PID=52262) to work on /home/airflow/.local/lib/python3.12/site-packages/airflow/example_dags/example_python_operator.py
[2026-01-01T09:57:57.528+0000] {processor.py:830} INFO - Processing file /home/airflow/.local/lib/python3.12/site-packages/airflow/example_dags/example_python_operator.py for tasks to queue
[2026-01-01T09:57:57.528+0000] {logging_mixin.py:188} INFO - [2026-01-01T09:57:57.528+0000] {dagbag.py:545} INFO - Filling up the DagBag from /home/airflow/.local/lib/python3.12/site-packages/airflow/example_dags/example_python_operator.py
[2026-01-01T09:57:57.534+0000] {processor.py:840} INFO - DAG(s) 'example_python_operator' retrieved from /home/airflow/.local/lib/python3.12/site-packages/airflow/example_dags/example_python_operator.py
[2026-01-01T09:57:57.549+0000] {logging_mixin.py:188} INFO - [2026-01-01T09:57:57.549+0000] {dag.py:3089} INFO - Sync 1 DAGs
[2026-01-01T09:57:57.556+0000] {logging_mixin.py:188} INFO - [2026-01-01T09:57:57.556+0000] {dag.py:3947} INFO - Setting next_dagrun for example_python_operator to None, run_after=None
[2026-01-01T09:57:57.565+0000] {processor.py:183} INFO - Processing /home/airflow/.local/lib/python3.12/site-packages/airflow/example_dags/example_python_operator.py took 0.041 seconds
[2026-01-01T11:12:22.790+0000] {processor.py:161} INFO - Started process (PID=52321) to work on /home/airflow/.local/lib/python3.12/site-packages/airflow/example_dags/example_python_operator.py
[2026-01-01T11:12:22.791+0000] {processor.py:830} INFO - Processing file /home/airflow/.local/lib/python3.12/site-packages/airflow/example_dags/example_python_operator.py for tasks to queue
[2026-01-01T11:12:22.791+0000] {logging_mixin.py:188} INFO - [2026-01-01T11:12:22.791+0000] {dagbag.py:545} INFO - Filling up the DagBag from /home/airflow/.local/lib/python3.12/site-packages/airflow/example_dags/example_python_operator.py
[2026-01-01T11:12:22.798+0000] {processor.py:840} INFO - DAG(s) 'example_python_operator' retrieved from /home/airflow/.local/lib/python3.12/site-packages/airflow/example_dags/example_python_operator.py
[2026-01-01T11:12:22.810+0000] {logging_mixin.py:188} INFO - [2026-01-01T11:12:22.809+0000] {dag.py:3089} INFO - Sync 1 DAGs
[2026-01-01T11:12:22.817+0000] {logging_mixin.py:188} INFO - [2026-01-01T11:12:22.817+0000] {dag.py:3947} INFO - Setting next_dagrun for example_python_operator to None, run_after=None
[2026-01-01T11:12:22.825+0000] {processor.py:183} INFO - Processing /home/airflow/.local/lib/python3.12/site-packages/airflow/example_dags/example_python_operator.py took 0.039 seconds
[2026-01-01T12:13:29.426+0000] {processor.py:161} INFO - Started process (PID=52380) to work on /home/airflow/.local/lib/python3.12/site-packages/airflow/example_dags/example_python_operator.py
[2026-01-01T12:13:29.426+0000] {processor.py:830} INFO - Processing file /home/airflow/.local/lib/python3.12/site-packages/airflow/example_dags/example_python_operator.py for tasks to queue
[2026-01-01T12:13:29.426+0000] {logging_mixin.py:188} INFO - [2026-01-01T12:13:29.426+0000] {dagbag.py:545} INFO - Filling up the DagBag from /home/airflow/.local/lib/python3.12/site-packages/airflow/example_dags/example_python_operator.py
[2026-01-01T12:13:29.431+0000] {processor.py:840} INFO - DAG(s) 'example_python_operator' retrieved from /home/airflow/.local/lib/python3.12/site-packages/airflow/example_dags/example_python_operator.py
[2026-01-01T12:13:29.440+0000] {logging_mixin.py:188} INFO - [2026-01-01T12:13:29.440+0000] {dag.py:3089} INFO - Sync 1 DAGs
[2026-01-01T12:13:29.445+0000] {logging_mixin.py:188} INFO - [2026-01-01T12:13:29.445+0000] {dag.py:3947} INFO - Setting next_dagrun for example_python_operator to None, run_after=None
[2026-01-01T12:13:29.452+0000] {processor.py:183} INFO - Processing /home/airflow/.local/lib/python3.12/site-packages/airflow/example_dags/example_python_operator.py took 0.029 seconds
[2026-01-01T13:31:41.771+0000] {processor.py:161} INFO - Started process (PID=52439) to work on /home/airflow/.local/lib/python3.12/site-packages/airflow/example_dags/example_python_operator.py
[2026-01-01T13:31:41.772+0000] {processor.py:830} INFO - Processing file /home/airflow/.local/lib/python3.12/site-packages/airflow/example_dags/example_python_operator.py for tasks to queue
[2026-01-01T13:31:41.772+0000] {logging_mixin.py:188} INFO - [2026-01-01T13:31:41.772+0000] {dagbag.py:545} INFO - Filling up the DagBag from /home/airflow/.local/lib/python3.12/site-packages/airflow/example_dags/example_python_operator.py
[2026-01-01T13:31:41.777+0000] {processor.py:840} INFO - DAG(s) 'example_python_operator' retrieved from /home/airflow/.local/lib/python3.12/site-packages/airflow/example_dags/example_python_operator.py
[2026-01-01T13:31:41.797+0000] {logging_mixin.py:188} INFO - [2026-01-01T13:31:41.797+0000] {dag.py:3089} INFO - Sync 1 DAGs
[2026-01-01T13:31:41.803+0000] {logging_mixin.py:188} INFO - [2026-01-01T13:31:41.803+0000] {dag.py:3947} INFO - Setting next_dagrun for example_python_operator to None, run_after=None
[2026-01-01T13:31:41.814+0000] {processor.py:183} INFO - Processing /home/airflow/.local/lib/python3.12/site-packages/airflow/example_dags/example_python_operator.py took 0.048 seconds
[2026-01-01T15:05:24.463+0000] {processor.py:161} INFO - Started process (PID=52498) to work on /home/airflow/.local/lib/python3.12/site-packages/airflow/example_dags/example_python_operator.py
[2026-01-01T15:05:24.465+0000] {processor.py:830} INFO - Processing file /home/airflow/.local/lib/python3.12/site-packages/airflow/example_dags/example_python_operator.py for tasks to queue
[2026-01-01T15:05:24.466+0000] {logging_mixin.py:188} INFO - [2026-01-01T15:05:24.466+0000] {dagbag.py:545} INFO - Filling up the DagBag from /home/airflow/.local/lib/python3.12/site-packages/airflow/example_dags/example_python_operator.py
[2026-01-01T15:05:24.471+0000] {processor.py:840} INFO - DAG(s) 'example_python_operator' retrieved from /home/airflow/.local/lib/python3.12/site-packages/airflow/example_dags/example_python_operator.py
[2026-01-01T15:05:24.481+0000] {logging_mixin.py:188} INFO - [2026-01-01T15:05:24.481+0000] {dag.py:3089} INFO - Sync 1 DAGs
[2026-01-01T15:05:24.487+0000] {logging_mixin.py:188} INFO - [2026-01-01T15:05:24.487+0000] {dag.py:3947} INFO - Setting next_dagrun for example_python_operator to None, run_after=None
[2026-01-01T15:05:24.502+0000] {processor.py:183} INFO - Processing /home/airflow/.local/lib/python3.12/site-packages/airflow/example_dags/example_python_operator.py took 0.042 seconds
[2026-01-01T16:17:20.343+0000] {processor.py:161} INFO - Started process (PID=52557) to work on /home/airflow/.local/lib/python3.12/site-packages/airflow/example_dags/example_python_operator.py
[2026-01-01T16:17:20.344+0000] {processor.py:830} INFO - Processing file /home/airflow/.local/lib/python3.12/site-packages/airflow/example_dags/example_python_operator.py for tasks to queue
[2026-01-01T16:17:20.344+0000] {logging_mixin.py:188} INFO - [2026-01-01T16:17:20.344+0000] {dagbag.py:545} INFO - Filling up the DagBag from /home/airflow/.local/lib/python3.12/site-packages/airflow/example_dags/example_python_operator.py
[2026-01-01T16:17:20.353+0000] {processor.py:840} INFO - DAG(s) 'example_python_operator' retrieved from /home/airflow/.local/lib/python3.12/site-packages/airflow/example_dags/example_python_operator.py
[2026-01-01T16:17:20.368+0000] {logging_mixin.py:188} INFO - [2026-01-01T16:17:20.368+0000] {dag.py:3089} INFO - Sync 1 DAGs
[2026-01-01T16:17:20.374+0000] {logging_mixin.py:188} INFO - [2026-01-01T16:17:20.374+0000] {dag.py:3947} INFO - Setting next_dagrun for example_python_operator to None, run_after=None
[2026-01-01T16:17:20.390+0000] {processor.py:183} INFO - Processing /home/airflow/.local/lib/python3.12/site-packages/airflow/example_dags/example_python_operator.py took 0.050 seconds
[2026-01-01T17:14:39.278+0000] {processor.py:161} INFO - Started process (PID=52616) to work on /home/airflow/.local/lib/python3.12/site-packages/airflow/example_dags/example_python_operator.py
[2026-01-01T17:14:39.279+0000] {processor.py:830} INFO - Processing file /home/airflow/.local/lib/python3.12/site-packages/airflow/example_dags/example_python_operator.py for tasks to queue
[2026-01-01T17:14:39.279+0000] {logging_mixin.py:188} INFO - [2026-01-01T17:14:39.279+0000] {dagbag.py:545} INFO - Filling up the DagBag from /home/airflow/.local/lib/python3.12/site-packages/airflow/example_dags/example_python_operator.py
[2026-01-01T17:14:39.284+0000] {processor.py:840} INFO - DAG(s) 'example_python_operator' retrieved from /home/airflow/.local/lib/python3.12/site-packages/airflow/example_dags/example_python_operator.py
[2026-01-01T17:14:39.293+0000] {logging_mixin.py:188} INFO - [2026-01-01T17:14:39.293+0000] {dag.py:3089} INFO - Sync 1 DAGs
[2026-01-01T17:14:39.298+0000] {logging_mixin.py:188} INFO - [2026-01-01T17:14:39.298+0000] {dag.py:3947} INFO - Setting next_dagrun for example_python_operator to None, run_after=None
[2026-01-01T17:14:39.305+0000] {processor.py:183} INFO - Processing /home/airflow/.local/lib/python3.12/site-packages/airflow/example_dags/example_python_operator.py took 0.029 seconds
[2026-01-01T18:19:23.802+0000] {processor.py:161} INFO - Started process (PID=52675) to work on /home/airflow/.local/lib/python3.12/site-packages/airflow/example_dags/example_python_operator.py
[2026-01-01T18:19:23.803+0000] {processor.py:830} INFO - Processing file /home/airflow/.local/lib/python3.12/site-packages/airflow/example_dags/example_python_operator.py for tasks to queue
[2026-01-01T18:19:23.804+0000] {logging_mixin.py:188} INFO - [2026-01-01T18:19:23.803+0000] {dagbag.py:545} INFO - Filling up the DagBag from /home/airflow/.local/lib/python3.12/site-packages/airflow/example_dags/example_python_operator.py
[2026-01-01T18:19:23.811+0000] {processor.py:840} INFO - DAG(s) 'example_python_operator' retrieved from /home/airflow/.local/lib/python3.12/site-packages/airflow/example_dags/example_python_operator.py
[2026-01-01T18:19:23.826+0000] {logging_mixin.py:188} INFO - [2026-01-01T18:19:23.826+0000] {dag.py:3089} INFO - Sync 1 DAGs
[2026-01-01T18:19:23.831+0000] {logging_mixin.py:188} INFO - [2026-01-01T18:19:23.831+0000] {dag.py:3947} INFO - Setting next_dagrun for example_python_operator to None, run_after=None
[2026-01-01T18:19:23.843+0000] {processor.py:183} INFO - Processing /home/airflow/.local/lib/python3.12/site-packages/airflow/example_dags/example_python_operator.py took 0.044 seconds
[2026-01-01T19:35:31.797+0000] {processor.py:161} INFO - Started process (PID=52734) to work on /home/airflow/.local/lib/python3.12/site-packages/airflow/example_dags/example_python_operator.py
[2026-01-01T19:35:31.798+0000] {processor.py:830} INFO - Processing file /home/airflow/.local/lib/python3.12/site-packages/airflow/example_dags/example_python_operator.py for tasks to queue
[2026-01-01T19:35:31.798+0000] {logging_mixin.py:188} INFO - [2026-01-01T19:35:31.798+0000] {dagbag.py:545} INFO - Filling up the DagBag from /home/airflow/.local/lib/python3.12/site-packages/airflow/example_dags/example_python_operator.py
[2026-01-01T19:35:31.803+0000] {processor.py:840} INFO - DAG(s) 'example_python_operator' retrieved from /home/airflow/.local/lib/python3.12/site-packages/airflow/example_dags/example_python_operator.py
[2026-01-01T19:35:31.815+0000] {logging_mixin.py:188} INFO - [2026-01-01T19:35:31.815+0000] {dag.py:3089} INFO - Sync 1 DAGs
[2026-01-01T19:35:31.822+0000] {logging_mixin.py:188} INFO - [2026-01-01T19:35:31.822+0000] {dag.py:3947} INFO - Setting next_dagrun for example_python_operator to None, run_after=None
[2026-01-01T19:35:31.830+0000] {processor.py:183} INFO - Processing /home/airflow/.local/lib/python3.12/site-packages/airflow/example_dags/example_python_operator.py took 0.035 seconds
[2026-01-01T20:54:40.662+0000] {processor.py:161} INFO - Started process (PID=52793) to work on /home/airflow/.local/lib/python3.12/site-packages/airflow/example_dags/example_python_operator.py
[2026-01-01T20:54:40.663+0000] {processor.py:830} INFO - Processing file /home/airflow/.local/lib/python3.12/site-packages/airflow/example_dags/example_python_operator.py for tasks to queue
[2026-01-01T20:54:40.663+0000] {logging_mixin.py:188} INFO - [2026-01-01T20:54:40.663+0000] {dagbag.py:545} INFO - Filling up the DagBag from /home/airflow/.local/lib/python3.12/site-packages/airflow/example_dags/example_python_operator.py
[2026-01-01T20:54:40.668+0000] {processor.py:840} INFO - DAG(s) 'example_python_operator' retrieved from /home/airflow/.local/lib/python3.12/site-packages/airflow/example_dags/example_python_operator.py
[2026-01-01T20:54:40.680+0000] {logging_mixin.py:188} INFO - [2026-01-01T20:54:40.680+0000] {dag.py:3089} INFO - Sync 1 DAGs
[2026-01-01T20:54:40.686+0000] {logging_mixin.py:188} INFO - [2026-01-01T20:54:40.686+0000] {dag.py:3947} INFO - Setting next_dagrun for example_python_operator to None, run_after=None
[2026-01-01T20:54:40.694+0000] {processor.py:183} INFO - Processing /home/airflow/.local/lib/python3.12/site-packages/airflow/example_dags/example_python_operator.py took 0.035 seconds
[2026-01-01T22:37:22.636+0000] {processor.py:161} INFO - Started process (PID=52852) to work on /home/airflow/.local/lib/python3.12/site-packages/airflow/example_dags/example_python_operator.py
[2026-01-01T22:37:22.637+0000] {processor.py:830} INFO - Processing file /home/airflow/.local/lib/python3.12/site-packages/airflow/example_dags/example_python_operator.py for tasks to queue
[2026-01-01T22:37:22.637+0000] {logging_mixin.py:188} INFO - [2026-01-01T22:37:22.637+0000] {dagbag.py:545} INFO - Filling up the DagBag from /home/airflow/.local/lib/python3.12/site-packages/airflow/example_dags/example_python_operator.py
[2026-01-01T22:37:22.642+0000] {processor.py:840} INFO - DAG(s) 'example_python_operator' retrieved from /home/airflow/.local/lib/python3.12/site-packages/airflow/example_dags/example_python_operator.py
[2026-01-01T22:37:22.656+0000] {logging_mixin.py:188} INFO - [2026-01-01T22:37:22.656+0000] {dag.py:3089} INFO - Sync 1 DAGs
[2026-01-01T22:37:22.661+0000] {logging_mixin.py:188} INFO - [2026-01-01T22:37:22.661+0000] {dag.py:3947} INFO - Setting next_dagrun for example_python_operator to None, run_after=None
[2026-01-01T22:37:22.671+0000] {processor.py:183} INFO - Processing /home/airflow/.local/lib/python3.12/site-packages/airflow/example_dags/example_python_operator.py took 0.038 seconds
[2026-01-01T23:54:04.695+0000] {processor.py:161} INFO - Started process (PID=52911) to work on /home/airflow/.local/lib/python3.12/site-packages/airflow/example_dags/example_python_operator.py
[2026-01-01T23:54:04.696+0000] {processor.py:830} INFO - Processing file /home/airflow/.local/lib/python3.12/site-packages/airflow/example_dags/example_python_operator.py for tasks to queue
[2026-01-01T23:54:04.696+0000] {logging_mixin.py:188} INFO - [2026-01-01T23:54:04.696+0000] {dagbag.py:545} INFO - Filling up the DagBag from /home/airflow/.local/lib/python3.12/site-packages/airflow/example_dags/example_python_operator.py
[2026-01-01T23:54:04.702+0000] {processor.py:840} INFO - DAG(s) 'example_python_operator' retrieved from /home/airflow/.local/lib/python3.12/site-packages/airflow/example_dags/example_python_operator.py
[2026-01-01T23:54:04.870+0000] {logging_mixin.py:188} INFO - [2026-01-01T23:54:04.870+0000] {dag.py:3089} INFO - Sync 1 DAGs
[2026-01-01T23:54:04.892+0000] {logging_mixin.py:188} INFO - [2026-01-01T23:54:04.892+0000] {dag.py:3947} INFO - Setting next_dagrun for example_python_operator to None, run_after=None
[2026-01-01T23:54:04.916+0000] {processor.py:183} INFO - Processing /home/airflow/.local/lib/python3.12/site-packages/airflow/example_dags/example_python_operator.py took 0.226 seconds
