[2026-01-01T01:03:24.033+0000] {processor.py:161} INFO - Started process (PID=51866) to work on /home/airflow/.local/lib/python3.12/site-packages/airflow/example_dags/example_branch_day_of_week_operator.py
[2026-01-01T01:03:24.036+0000] {processor.py:830} INFO - Processing file /home/airflow/.local/lib/python3.12/site-packages/airflow/example_dags/example_branch_day_of_week_operator.py for tasks to queue
[2026-01-01T01:03:24.037+0000] {logging_mixin.py:188} INFO - [2026-01-01T01:03:24.036+0000] {dagbag.py:545} INFO - Filling up the DagBag from /home/airflow/.local/lib/python3.12/site-packages/airflow/example_dags/example_branch_day_of_week_operator.py
[2026-01-01T01:03:24.041+0000] {processor.py:840} INFO - DAG(s) 'example_weekday_branch_operator' retrieved from /home/airflow/.local/lib/python3.12/site-packages/airflow/example_dags/example_branch_day_of_week_operator.py
[2026-01-01T01:03:24.052+0000] {logging_mixin.py:188} INFO - [2026-01-01T01:03:24.052+0000] {dag.py:3089} INFO - Sync 1 DAGs
[2026-01-01T01:03:24.064+0000] {logging_mixin.py:188} INFO - [2026-01-01T01:03:24.064+0000] {dag.py:3947} INFO - Setting next_dagrun for example_weekday_branch_operator to 2025-12-31 00:00:00+00:00, run_after=2026-01-01 00:00:00+00:00
[2026-01-01T01:03:24.074+0000] {processor.py:183} INFO - Processing /home/airflow/.local/lib/python3.12/site-packages/airflow/example_dags/example_branch_day_of_week_operator.py took 0.045 seconds
[2026-01-01T02:01:03.157+0000] {processor.py:161} INFO - Started process (PID=51925) to work on /home/airflow/.local/lib/python3.12/site-packages/airflow/example_dags/example_branch_day_of_week_operator.py
[2026-01-01T02:01:03.158+0000] {processor.py:830} INFO - Processing file /home/airflow/.local/lib/python3.12/site-packages/airflow/example_dags/example_branch_day_of_week_operator.py for tasks to queue
[2026-01-01T02:01:03.159+0000] {logging_mixin.py:188} INFO - [2026-01-01T02:01:03.158+0000] {dagbag.py:545} INFO - Filling up the DagBag from /home/airflow/.local/lib/python3.12/site-packages/airflow/example_dags/example_branch_day_of_week_operator.py
[2026-01-01T02:01:03.162+0000] {processor.py:840} INFO - DAG(s) 'example_weekday_branch_operator' retrieved from /home/airflow/.local/lib/python3.12/site-packages/airflow/example_dags/example_branch_day_of_week_operator.py
[2026-01-01T02:01:03.173+0000] {logging_mixin.py:188} INFO - [2026-01-01T02:01:03.172+0000] {dag.py:3089} INFO - Sync 1 DAGs
[2026-01-01T02:01:03.182+0000] {logging_mixin.py:188} INFO - [2026-01-01T02:01:03.182+0000] {dag.py:3947} INFO - Setting next_dagrun for example_weekday_branch_operator to 2025-12-31 00:00:00+00:00, run_after=2026-01-01 00:00:00+00:00
[2026-01-01T02:01:03.191+0000] {processor.py:183} INFO - Processing /home/airflow/.local/lib/python3.12/site-packages/airflow/example_dags/example_branch_day_of_week_operator.py took 0.037 seconds
[2026-01-01T03:35:54.510+0000] {processor.py:161} INFO - Started process (PID=51984) to work on /home/airflow/.local/lib/python3.12/site-packages/airflow/example_dags/example_branch_day_of_week_operator.py
[2026-01-01T03:35:54.511+0000] {processor.py:830} INFO - Processing file /home/airflow/.local/lib/python3.12/site-packages/airflow/example_dags/example_branch_day_of_week_operator.py for tasks to queue
[2026-01-01T03:35:54.511+0000] {logging_mixin.py:188} INFO - [2026-01-01T03:35:54.511+0000] {dagbag.py:545} INFO - Filling up the DagBag from /home/airflow/.local/lib/python3.12/site-packages/airflow/example_dags/example_branch_day_of_week_operator.py
[2026-01-01T03:35:54.514+0000] {processor.py:840} INFO - DAG(s) 'example_weekday_branch_operator' retrieved from /home/airflow/.local/lib/python3.12/site-packages/airflow/example_dags/example_branch_day_of_week_operator.py
[2026-01-01T03:35:54.523+0000] {logging_mixin.py:188} INFO - [2026-01-01T03:35:54.523+0000] {dag.py:3089} INFO - Sync 1 DAGs
[2026-01-01T03:35:54.535+0000] {logging_mixin.py:188} INFO - [2026-01-01T03:35:54.535+0000] {dag.py:3947} INFO - Setting next_dagrun for example_weekday_branch_operator to 2025-12-31 00:00:00+00:00, run_after=2026-01-01 00:00:00+00:00
[2026-01-01T03:35:54.544+0000] {processor.py:183} INFO - Processing /home/airflow/.local/lib/python3.12/site-packages/airflow/example_dags/example_branch_day_of_week_operator.py took 0.036 seconds
[2026-01-01T04:55:54.665+0000] {processor.py:161} INFO - Started process (PID=52044) to work on /home/airflow/.local/lib/python3.12/site-packages/airflow/example_dags/example_branch_day_of_week_operator.py
[2026-01-01T04:55:54.666+0000] {processor.py:830} INFO - Processing file /home/airflow/.local/lib/python3.12/site-packages/airflow/example_dags/example_branch_day_of_week_operator.py for tasks to queue
[2026-01-01T04:55:54.666+0000] {logging_mixin.py:188} INFO - [2026-01-01T04:55:54.666+0000] {dagbag.py:545} INFO - Filling up the DagBag from /home/airflow/.local/lib/python3.12/site-packages/airflow/example_dags/example_branch_day_of_week_operator.py
[2026-01-01T04:55:54.670+0000] {processor.py:840} INFO - DAG(s) 'example_weekday_branch_operator' retrieved from /home/airflow/.local/lib/python3.12/site-packages/airflow/example_dags/example_branch_day_of_week_operator.py
[2026-01-01T04:55:54.681+0000] {logging_mixin.py:188} INFO - [2026-01-01T04:55:54.681+0000] {dag.py:3089} INFO - Sync 1 DAGs
[2026-01-01T04:55:54.693+0000] {logging_mixin.py:188} INFO - [2026-01-01T04:55:54.693+0000] {dag.py:3947} INFO - Setting next_dagrun for example_weekday_branch_operator to 2025-12-31 00:00:00+00:00, run_after=2026-01-01 00:00:00+00:00
[2026-01-01T04:55:54.703+0000] {processor.py:183} INFO - Processing /home/airflow/.local/lib/python3.12/site-packages/airflow/example_dags/example_branch_day_of_week_operator.py took 0.040 seconds
[2026-01-01T06:07:22.959+0000] {processor.py:161} INFO - Started process (PID=52103) to work on /home/airflow/.local/lib/python3.12/site-packages/airflow/example_dags/example_branch_day_of_week_operator.py
[2026-01-01T06:07:22.959+0000] {processor.py:830} INFO - Processing file /home/airflow/.local/lib/python3.12/site-packages/airflow/example_dags/example_branch_day_of_week_operator.py for tasks to queue
[2026-01-01T06:07:22.960+0000] {logging_mixin.py:188} INFO - [2026-01-01T06:07:22.960+0000] {dagbag.py:545} INFO - Filling up the DagBag from /home/airflow/.local/lib/python3.12/site-packages/airflow/example_dags/example_branch_day_of_week_operator.py
[2026-01-01T06:07:22.963+0000] {processor.py:840} INFO - DAG(s) 'example_weekday_branch_operator' retrieved from /home/airflow/.local/lib/python3.12/site-packages/airflow/example_dags/example_branch_day_of_week_operator.py
[2026-01-01T06:07:22.977+0000] {logging_mixin.py:188} INFO - [2026-01-01T06:07:22.977+0000] {dag.py:3089} INFO - Sync 1 DAGs
[2026-01-01T06:07:22.986+0000] {logging_mixin.py:188} INFO - [2026-01-01T06:07:22.986+0000] {dag.py:3947} INFO - Setting next_dagrun for example_weekday_branch_operator to 2025-12-31 00:00:00+00:00, run_after=2026-01-01 00:00:00+00:00
[2026-01-01T06:07:22.995+0000] {processor.py:183} INFO - Processing /home/airflow/.local/lib/python3.12/site-packages/airflow/example_dags/example_branch_day_of_week_operator.py took 0.039 seconds
[2026-01-01T07:40:37.014+0000] {processor.py:161} INFO - Started process (PID=52162) to work on /home/airflow/.local/lib/python3.12/site-packages/airflow/example_dags/example_branch_day_of_week_operator.py
[2026-01-01T07:40:37.015+0000] {processor.py:830} INFO - Processing file /home/airflow/.local/lib/python3.12/site-packages/airflow/example_dags/example_branch_day_of_week_operator.py for tasks to queue
[2026-01-01T07:40:37.015+0000] {logging_mixin.py:188} INFO - [2026-01-01T07:40:37.015+0000] {dagbag.py:545} INFO - Filling up the DagBag from /home/airflow/.local/lib/python3.12/site-packages/airflow/example_dags/example_branch_day_of_week_operator.py
[2026-01-01T07:40:37.019+0000] {processor.py:840} INFO - DAG(s) 'example_weekday_branch_operator' retrieved from /home/airflow/.local/lib/python3.12/site-packages/airflow/example_dags/example_branch_day_of_week_operator.py
[2026-01-01T07:40:37.028+0000] {logging_mixin.py:188} INFO - [2026-01-01T07:40:37.028+0000] {dag.py:3089} INFO - Sync 1 DAGs
[2026-01-01T07:40:37.040+0000] {logging_mixin.py:188} INFO - [2026-01-01T07:40:37.040+0000] {dag.py:3947} INFO - Setting next_dagrun for example_weekday_branch_operator to 2025-12-31 00:00:00+00:00, run_after=2026-01-01 00:00:00+00:00
[2026-01-01T07:40:37.049+0000] {processor.py:183} INFO - Processing /home/airflow/.local/lib/python3.12/site-packages/airflow/example_dags/example_branch_day_of_week_operator.py took 0.037 seconds
[2026-01-01T08:44:36.827+0000] {processor.py:161} INFO - Started process (PID=52221) to work on /home/airflow/.local/lib/python3.12/site-packages/airflow/example_dags/example_branch_day_of_week_operator.py
[2026-01-01T08:44:36.829+0000] {processor.py:830} INFO - Processing file /home/airflow/.local/lib/python3.12/site-packages/airflow/example_dags/example_branch_day_of_week_operator.py for tasks to queue
[2026-01-01T08:44:36.830+0000] {logging_mixin.py:188} INFO - [2026-01-01T08:44:36.829+0000] {dagbag.py:545} INFO - Filling up the DagBag from /home/airflow/.local/lib/python3.12/site-packages/airflow/example_dags/example_branch_day_of_week_operator.py
[2026-01-01T08:44:36.833+0000] {processor.py:840} INFO - DAG(s) 'example_weekday_branch_operator' retrieved from /home/airflow/.local/lib/python3.12/site-packages/airflow/example_dags/example_branch_day_of_week_operator.py
[2026-01-01T08:44:36.852+0000] {logging_mixin.py:188} INFO - [2026-01-01T08:44:36.852+0000] {dag.py:3089} INFO - Sync 1 DAGs
[2026-01-01T08:44:36.864+0000] {logging_mixin.py:188} INFO - [2026-01-01T08:44:36.864+0000] {dag.py:3947} INFO - Setting next_dagrun for example_weekday_branch_operator to 2025-12-31 00:00:00+00:00, run_after=2026-01-01 00:00:00+00:00
[2026-01-01T08:44:36.874+0000] {processor.py:183} INFO - Processing /home/airflow/.local/lib/python3.12/site-packages/airflow/example_dags/example_branch_day_of_week_operator.py took 0.050 seconds
[2026-01-01T09:57:58.058+0000] {processor.py:161} INFO - Started process (PID=52280) to work on /home/airflow/.local/lib/python3.12/site-packages/airflow/example_dags/example_branch_day_of_week_operator.py
[2026-01-01T09:57:58.059+0000] {processor.py:830} INFO - Processing file /home/airflow/.local/lib/python3.12/site-packages/airflow/example_dags/example_branch_day_of_week_operator.py for tasks to queue
[2026-01-01T09:57:58.060+0000] {logging_mixin.py:188} INFO - [2026-01-01T09:57:58.060+0000] {dagbag.py:545} INFO - Filling up the DagBag from /home/airflow/.local/lib/python3.12/site-packages/airflow/example_dags/example_branch_day_of_week_operator.py
[2026-01-01T09:57:58.063+0000] {processor.py:840} INFO - DAG(s) 'example_weekday_branch_operator' retrieved from /home/airflow/.local/lib/python3.12/site-packages/airflow/example_dags/example_branch_day_of_week_operator.py
[2026-01-01T09:57:58.079+0000] {logging_mixin.py:188} INFO - [2026-01-01T09:57:58.079+0000] {dag.py:3089} INFO - Sync 1 DAGs
[2026-01-01T09:57:58.089+0000] {logging_mixin.py:188} INFO - [2026-01-01T09:57:58.089+0000] {dag.py:3947} INFO - Setting next_dagrun for example_weekday_branch_operator to 2025-12-31 00:00:00+00:00, run_after=2026-01-01 00:00:00+00:00
[2026-01-01T09:57:58.099+0000] {processor.py:183} INFO - Processing /home/airflow/.local/lib/python3.12/site-packages/airflow/example_dags/example_branch_day_of_week_operator.py took 0.043 seconds
[2026-01-01T11:12:23.375+0000] {processor.py:161} INFO - Started process (PID=52339) to work on /home/airflow/.local/lib/python3.12/site-packages/airflow/example_dags/example_branch_day_of_week_operator.py
[2026-01-01T11:12:23.376+0000] {processor.py:830} INFO - Processing file /home/airflow/.local/lib/python3.12/site-packages/airflow/example_dags/example_branch_day_of_week_operator.py for tasks to queue
[2026-01-01T11:12:23.376+0000] {logging_mixin.py:188} INFO - [2026-01-01T11:12:23.376+0000] {dagbag.py:545} INFO - Filling up the DagBag from /home/airflow/.local/lib/python3.12/site-packages/airflow/example_dags/example_branch_day_of_week_operator.py
[2026-01-01T11:12:23.379+0000] {processor.py:840} INFO - DAG(s) 'example_weekday_branch_operator' retrieved from /home/airflow/.local/lib/python3.12/site-packages/airflow/example_dags/example_branch_day_of_week_operator.py
[2026-01-01T11:12:23.392+0000] {logging_mixin.py:188} INFO - [2026-01-01T11:12:23.392+0000] {dag.py:3089} INFO - Sync 1 DAGs
[2026-01-01T11:12:23.407+0000] {logging_mixin.py:188} INFO - [2026-01-01T11:12:23.407+0000] {dag.py:3947} INFO - Setting next_dagrun for example_weekday_branch_operator to 2025-12-31 00:00:00+00:00, run_after=2026-01-01 00:00:00+00:00
[2026-01-01T11:12:23.418+0000] {processor.py:183} INFO - Processing /home/airflow/.local/lib/python3.12/site-packages/airflow/example_dags/example_branch_day_of_week_operator.py took 0.046 seconds
[2026-01-01T12:13:29.977+0000] {processor.py:161} INFO - Started process (PID=52398) to work on /home/airflow/.local/lib/python3.12/site-packages/airflow/example_dags/example_branch_day_of_week_operator.py
[2026-01-01T12:13:29.977+0000] {processor.py:830} INFO - Processing file /home/airflow/.local/lib/python3.12/site-packages/airflow/example_dags/example_branch_day_of_week_operator.py for tasks to queue
[2026-01-01T12:13:29.978+0000] {logging_mixin.py:188} INFO - [2026-01-01T12:13:29.977+0000] {dagbag.py:545} INFO - Filling up the DagBag from /home/airflow/.local/lib/python3.12/site-packages/airflow/example_dags/example_branch_day_of_week_operator.py
[2026-01-01T12:13:29.981+0000] {processor.py:840} INFO - DAG(s) 'example_weekday_branch_operator' retrieved from /home/airflow/.local/lib/python3.12/site-packages/airflow/example_dags/example_branch_day_of_week_operator.py
[2026-01-01T12:13:29.994+0000] {logging_mixin.py:188} INFO - [2026-01-01T12:13:29.994+0000] {dag.py:3089} INFO - Sync 1 DAGs
[2026-01-01T12:13:30.003+0000] {logging_mixin.py:188} INFO - [2026-01-01T12:13:30.003+0000] {dag.py:3947} INFO - Setting next_dagrun for example_weekday_branch_operator to 2025-12-31 00:00:00+00:00, run_after=2026-01-01 00:00:00+00:00
[2026-01-01T12:13:30.017+0000] {processor.py:183} INFO - Processing /home/airflow/.local/lib/python3.12/site-packages/airflow/example_dags/example_branch_day_of_week_operator.py took 0.043 seconds
[2026-01-01T13:31:42.278+0000] {processor.py:161} INFO - Started process (PID=52457) to work on /home/airflow/.local/lib/python3.12/site-packages/airflow/example_dags/example_branch_day_of_week_operator.py
[2026-01-01T13:31:42.278+0000] {processor.py:830} INFO - Processing file /home/airflow/.local/lib/python3.12/site-packages/airflow/example_dags/example_branch_day_of_week_operator.py for tasks to queue
[2026-01-01T13:31:42.279+0000] {logging_mixin.py:188} INFO - [2026-01-01T13:31:42.278+0000] {dagbag.py:545} INFO - Filling up the DagBag from /home/airflow/.local/lib/python3.12/site-packages/airflow/example_dags/example_branch_day_of_week_operator.py
[2026-01-01T13:31:42.282+0000] {processor.py:840} INFO - DAG(s) 'example_weekday_branch_operator' retrieved from /home/airflow/.local/lib/python3.12/site-packages/airflow/example_dags/example_branch_day_of_week_operator.py
[2026-01-01T13:31:42.290+0000] {logging_mixin.py:188} INFO - [2026-01-01T13:31:42.290+0000] {dag.py:3089} INFO - Sync 1 DAGs
[2026-01-01T13:31:42.298+0000] {logging_mixin.py:188} INFO - [2026-01-01T13:31:42.298+0000] {dag.py:3947} INFO - Setting next_dagrun for example_weekday_branch_operator to 2025-12-31 00:00:00+00:00, run_after=2026-01-01 00:00:00+00:00
[2026-01-01T13:31:42.305+0000] {processor.py:183} INFO - Processing /home/airflow/.local/lib/python3.12/site-packages/airflow/example_dags/example_branch_day_of_week_operator.py took 0.030 seconds
[2026-01-01T15:05:24.944+0000] {processor.py:161} INFO - Started process (PID=52516) to work on /home/airflow/.local/lib/python3.12/site-packages/airflow/example_dags/example_branch_day_of_week_operator.py
[2026-01-01T15:05:24.944+0000] {processor.py:830} INFO - Processing file /home/airflow/.local/lib/python3.12/site-packages/airflow/example_dags/example_branch_day_of_week_operator.py for tasks to queue
[2026-01-01T15:05:24.945+0000] {logging_mixin.py:188} INFO - [2026-01-01T15:05:24.945+0000] {dagbag.py:545} INFO - Filling up the DagBag from /home/airflow/.local/lib/python3.12/site-packages/airflow/example_dags/example_branch_day_of_week_operator.py
[2026-01-01T15:05:24.948+0000] {processor.py:840} INFO - DAG(s) 'example_weekday_branch_operator' retrieved from /home/airflow/.local/lib/python3.12/site-packages/airflow/example_dags/example_branch_day_of_week_operator.py
[2026-01-01T15:05:24.960+0000] {logging_mixin.py:188} INFO - [2026-01-01T15:05:24.960+0000] {dag.py:3089} INFO - Sync 1 DAGs
[2026-01-01T15:05:24.969+0000] {logging_mixin.py:188} INFO - [2026-01-01T15:05:24.969+0000] {dag.py:3947} INFO - Setting next_dagrun for example_weekday_branch_operator to 2025-12-31 00:00:00+00:00, run_after=2026-01-01 00:00:00+00:00
[2026-01-01T15:05:24.978+0000] {processor.py:183} INFO - Processing /home/airflow/.local/lib/python3.12/site-packages/airflow/example_dags/example_branch_day_of_week_operator.py took 0.037 seconds
[2026-01-01T16:17:20.913+0000] {processor.py:161} INFO - Started process (PID=52575) to work on /home/airflow/.local/lib/python3.12/site-packages/airflow/example_dags/example_branch_day_of_week_operator.py
[2026-01-01T16:17:20.914+0000] {processor.py:830} INFO - Processing file /home/airflow/.local/lib/python3.12/site-packages/airflow/example_dags/example_branch_day_of_week_operator.py for tasks to queue
[2026-01-01T16:17:20.914+0000] {logging_mixin.py:188} INFO - [2026-01-01T16:17:20.914+0000] {dagbag.py:545} INFO - Filling up the DagBag from /home/airflow/.local/lib/python3.12/site-packages/airflow/example_dags/example_branch_day_of_week_operator.py
[2026-01-01T16:17:20.919+0000] {processor.py:840} INFO - DAG(s) 'example_weekday_branch_operator' retrieved from /home/airflow/.local/lib/python3.12/site-packages/airflow/example_dags/example_branch_day_of_week_operator.py
[2026-01-01T16:17:20.932+0000] {logging_mixin.py:188} INFO - [2026-01-01T16:17:20.932+0000] {dag.py:3089} INFO - Sync 1 DAGs
[2026-01-01T16:17:20.947+0000] {logging_mixin.py:188} INFO - [2026-01-01T16:17:20.947+0000] {dag.py:3947} INFO - Setting next_dagrun for example_weekday_branch_operator to 2025-12-31 00:00:00+00:00, run_after=2026-01-01 00:00:00+00:00
[2026-01-01T16:17:20.957+0000] {processor.py:183} INFO - Processing /home/airflow/.local/lib/python3.12/site-packages/airflow/example_dags/example_branch_day_of_week_operator.py took 0.046 seconds
[2026-01-01T17:14:39.828+0000] {processor.py:161} INFO - Started process (PID=52634) to work on /home/airflow/.local/lib/python3.12/site-packages/airflow/example_dags/example_branch_day_of_week_operator.py
[2026-01-01T17:14:39.829+0000] {processor.py:830} INFO - Processing file /home/airflow/.local/lib/python3.12/site-packages/airflow/example_dags/example_branch_day_of_week_operator.py for tasks to queue
[2026-01-01T17:14:39.829+0000] {logging_mixin.py:188} INFO - [2026-01-01T17:14:39.829+0000] {dagbag.py:545} INFO - Filling up the DagBag from /home/airflow/.local/lib/python3.12/site-packages/airflow/example_dags/example_branch_day_of_week_operator.py
[2026-01-01T17:14:39.834+0000] {processor.py:840} INFO - DAG(s) 'example_weekday_branch_operator' retrieved from /home/airflow/.local/lib/python3.12/site-packages/airflow/example_dags/example_branch_day_of_week_operator.py
[2026-01-01T17:14:39.846+0000] {logging_mixin.py:188} INFO - [2026-01-01T17:14:39.846+0000] {dag.py:3089} INFO - Sync 1 DAGs
[2026-01-01T17:14:39.855+0000] {logging_mixin.py:188} INFO - [2026-01-01T17:14:39.855+0000] {dag.py:3947} INFO - Setting next_dagrun for example_weekday_branch_operator to 2025-12-31 00:00:00+00:00, run_after=2026-01-01 00:00:00+00:00
[2026-01-01T17:14:39.863+0000] {processor.py:183} INFO - Processing /home/airflow/.local/lib/python3.12/site-packages/airflow/example_dags/example_branch_day_of_week_operator.py took 0.037 seconds
[2026-01-01T18:19:24.360+0000] {processor.py:161} INFO - Started process (PID=52693) to work on /home/airflow/.local/lib/python3.12/site-packages/airflow/example_dags/example_branch_day_of_week_operator.py
[2026-01-01T18:19:24.361+0000] {processor.py:830} INFO - Processing file /home/airflow/.local/lib/python3.12/site-packages/airflow/example_dags/example_branch_day_of_week_operator.py for tasks to queue
[2026-01-01T18:19:24.361+0000] {logging_mixin.py:188} INFO - [2026-01-01T18:19:24.361+0000] {dagbag.py:545} INFO - Filling up the DagBag from /home/airflow/.local/lib/python3.12/site-packages/airflow/example_dags/example_branch_day_of_week_operator.py
[2026-01-01T18:19:24.364+0000] {processor.py:840} INFO - DAG(s) 'example_weekday_branch_operator' retrieved from /home/airflow/.local/lib/python3.12/site-packages/airflow/example_dags/example_branch_day_of_week_operator.py
[2026-01-01T18:19:24.377+0000] {logging_mixin.py:188} INFO - [2026-01-01T18:19:24.377+0000] {dag.py:3089} INFO - Sync 1 DAGs
[2026-01-01T18:19:24.389+0000] {logging_mixin.py:188} INFO - [2026-01-01T18:19:24.389+0000] {dag.py:3947} INFO - Setting next_dagrun for example_weekday_branch_operator to 2025-12-31 00:00:00+00:00, run_after=2026-01-01 00:00:00+00:00
[2026-01-01T18:19:24.396+0000] {processor.py:183} INFO - Processing /home/airflow/.local/lib/python3.12/site-packages/airflow/example_dags/example_branch_day_of_week_operator.py took 0.038 seconds
[2026-01-01T19:35:32.305+0000] {processor.py:161} INFO - Started process (PID=52752) to work on /home/airflow/.local/lib/python3.12/site-packages/airflow/example_dags/example_branch_day_of_week_operator.py
[2026-01-01T19:35:32.306+0000] {processor.py:830} INFO - Processing file /home/airflow/.local/lib/python3.12/site-packages/airflow/example_dags/example_branch_day_of_week_operator.py for tasks to queue
[2026-01-01T19:35:32.307+0000] {logging_mixin.py:188} INFO - [2026-01-01T19:35:32.307+0000] {dagbag.py:545} INFO - Filling up the DagBag from /home/airflow/.local/lib/python3.12/site-packages/airflow/example_dags/example_branch_day_of_week_operator.py
[2026-01-01T19:35:32.311+0000] {processor.py:840} INFO - DAG(s) 'example_weekday_branch_operator' retrieved from /home/airflow/.local/lib/python3.12/site-packages/airflow/example_dags/example_branch_day_of_week_operator.py
[2026-01-01T19:35:32.324+0000] {logging_mixin.py:188} INFO - [2026-01-01T19:35:32.323+0000] {dag.py:3089} INFO - Sync 1 DAGs
[2026-01-01T19:35:32.333+0000] {logging_mixin.py:188} INFO - [2026-01-01T19:35:32.333+0000] {dag.py:3947} INFO - Setting next_dagrun for example_weekday_branch_operator to 2025-12-31 00:00:00+00:00, run_after=2026-01-01 00:00:00+00:00
[2026-01-01T19:35:32.339+0000] {processor.py:183} INFO - Processing /home/airflow/.local/lib/python3.12/site-packages/airflow/example_dags/example_branch_day_of_week_operator.py took 0.037 seconds
[2026-01-01T20:54:41.512+0000] {processor.py:161} INFO - Started process (PID=52811) to work on /home/airflow/.local/lib/python3.12/site-packages/airflow/example_dags/example_branch_day_of_week_operator.py
[2026-01-01T20:54:41.513+0000] {processor.py:830} INFO - Processing file /home/airflow/.local/lib/python3.12/site-packages/airflow/example_dags/example_branch_day_of_week_operator.py for tasks to queue
[2026-01-01T20:54:41.513+0000] {logging_mixin.py:188} INFO - [2026-01-01T20:54:41.513+0000] {dagbag.py:545} INFO - Filling up the DagBag from /home/airflow/.local/lib/python3.12/site-packages/airflow/example_dags/example_branch_day_of_week_operator.py
[2026-01-01T20:54:41.516+0000] {processor.py:840} INFO - DAG(s) 'example_weekday_branch_operator' retrieved from /home/airflow/.local/lib/python3.12/site-packages/airflow/example_dags/example_branch_day_of_week_operator.py
[2026-01-01T20:54:41.525+0000] {logging_mixin.py:188} INFO - [2026-01-01T20:54:41.525+0000] {dag.py:3089} INFO - Sync 1 DAGs
[2026-01-01T20:54:41.533+0000] {logging_mixin.py:188} INFO - [2026-01-01T20:54:41.533+0000] {dag.py:3947} INFO - Setting next_dagrun for example_weekday_branch_operator to 2025-12-31 00:00:00+00:00, run_after=2026-01-01 00:00:00+00:00
[2026-01-01T20:54:41.539+0000] {processor.py:183} INFO - Processing /home/airflow/.local/lib/python3.12/site-packages/airflow/example_dags/example_branch_day_of_week_operator.py took 0.030 seconds
[2026-01-01T22:37:23.158+0000] {processor.py:161} INFO - Started process (PID=52870) to work on /home/airflow/.local/lib/python3.12/site-packages/airflow/example_dags/example_branch_day_of_week_operator.py
[2026-01-01T22:37:23.160+0000] {processor.py:830} INFO - Processing file /home/airflow/.local/lib/python3.12/site-packages/airflow/example_dags/example_branch_day_of_week_operator.py for tasks to queue
[2026-01-01T22:37:23.160+0000] {logging_mixin.py:188} INFO - [2026-01-01T22:37:23.160+0000] {dagbag.py:545} INFO - Filling up the DagBag from /home/airflow/.local/lib/python3.12/site-packages/airflow/example_dags/example_branch_day_of_week_operator.py
[2026-01-01T22:37:23.164+0000] {processor.py:840} INFO - DAG(s) 'example_weekday_branch_operator' retrieved from /home/airflow/.local/lib/python3.12/site-packages/airflow/example_dags/example_branch_day_of_week_operator.py
[2026-01-01T22:37:23.177+0000] {logging_mixin.py:188} INFO - [2026-01-01T22:37:23.177+0000] {dag.py:3089} INFO - Sync 1 DAGs
[2026-01-01T22:37:23.188+0000] {logging_mixin.py:188} INFO - [2026-01-01T22:37:23.188+0000] {dag.py:3947} INFO - Setting next_dagrun for example_weekday_branch_operator to 2025-12-31 00:00:00+00:00, run_after=2026-01-01 00:00:00+00:00
[2026-01-01T22:37:23.201+0000] {processor.py:183} INFO - Processing /home/airflow/.local/lib/python3.12/site-packages/airflow/example_dags/example_branch_day_of_week_operator.py took 0.045 seconds
[2026-01-01T23:54:05.649+0000] {processor.py:161} INFO - Started process (PID=52929) to work on /home/airflow/.local/lib/python3.12/site-packages/airflow/example_dags/example_branch_day_of_week_operator.py
[2026-01-01T23:54:05.651+0000] {processor.py:830} INFO - Processing file /home/airflow/.local/lib/python3.12/site-packages/airflow/example_dags/example_branch_day_of_week_operator.py for tasks to queue
[2026-01-01T23:54:05.651+0000] {logging_mixin.py:188} INFO - [2026-01-01T23:54:05.651+0000] {dagbag.py:545} INFO - Filling up the DagBag from /home/airflow/.local/lib/python3.12/site-packages/airflow/example_dags/example_branch_day_of_week_operator.py
[2026-01-01T23:54:05.656+0000] {processor.py:840} INFO - DAG(s) 'example_weekday_branch_operator' retrieved from /home/airflow/.local/lib/python3.12/site-packages/airflow/example_dags/example_branch_day_of_week_operator.py
[2026-01-01T23:54:05.665+0000] {logging_mixin.py:188} INFO - [2026-01-01T23:54:05.665+0000] {dag.py:3089} INFO - Sync 1 DAGs
[2026-01-01T23:54:05.676+0000] {logging_mixin.py:188} INFO - [2026-01-01T23:54:05.676+0000] {dag.py:3947} INFO - Setting next_dagrun for example_weekday_branch_operator to 2025-12-31 00:00:00+00:00, run_after=2026-01-01 00:00:00+00:00
[2026-01-01T23:54:05.685+0000] {processor.py:183} INFO - Processing /home/airflow/.local/lib/python3.12/site-packages/airflow/example_dags/example_branch_day_of_week_operator.py took 0.039 seconds
