[2026-01-01T01:03:23.660+0000] {processor.py:161} INFO - Started process (PID=51854) to work on /home/airflow/.local/lib/python3.12/site-packages/airflow/example_dags/example_setup_teardown.py
[2026-01-01T01:03:23.660+0000] {processor.py:830} INFO - Processing file /home/airflow/.local/lib/python3.12/site-packages/airflow/example_dags/example_setup_teardown.py for tasks to queue
[2026-01-01T01:03:23.661+0000] {logging_mixin.py:188} INFO - [2026-01-01T01:03:23.660+0000] {dagbag.py:545} INFO - Filling up the DagBag from /home/airflow/.local/lib/python3.12/site-packages/airflow/example_dags/example_setup_teardown.py
[2026-01-01T01:03:23.664+0000] {processor.py:840} INFO - DAG(s) 'example_setup_teardown' retrieved from /home/airflow/.local/lib/python3.12/site-packages/airflow/example_dags/example_setup_teardown.py
[2026-01-01T01:03:23.676+0000] {logging_mixin.py:188} INFO - [2026-01-01T01:03:23.676+0000] {dag.py:3089} INFO - Sync 1 DAGs
[2026-01-01T01:03:23.687+0000] {logging_mixin.py:188} INFO - [2026-01-01T01:03:23.687+0000] {dag.py:3947} INFO - Setting next_dagrun for example_setup_teardown to 2025-12-31 00:00:00+00:00, run_after=2026-01-01 00:00:00+00:00
[2026-01-01T01:03:23.694+0000] {processor.py:183} INFO - Processing /home/airflow/.local/lib/python3.12/site-packages/airflow/example_dags/example_setup_teardown.py took 0.037 seconds
[2026-01-01T02:01:02.798+0000] {processor.py:161} INFO - Started process (PID=51913) to work on /home/airflow/.local/lib/python3.12/site-packages/airflow/example_dags/example_setup_teardown.py
[2026-01-01T02:01:02.798+0000] {processor.py:830} INFO - Processing file /home/airflow/.local/lib/python3.12/site-packages/airflow/example_dags/example_setup_teardown.py for tasks to queue
[2026-01-01T02:01:02.798+0000] {logging_mixin.py:188} INFO - [2026-01-01T02:01:02.798+0000] {dagbag.py:545} INFO - Filling up the DagBag from /home/airflow/.local/lib/python3.12/site-packages/airflow/example_dags/example_setup_teardown.py
[2026-01-01T02:01:02.802+0000] {processor.py:840} INFO - DAG(s) 'example_setup_teardown' retrieved from /home/airflow/.local/lib/python3.12/site-packages/airflow/example_dags/example_setup_teardown.py
[2026-01-01T02:01:02.810+0000] {logging_mixin.py:188} INFO - [2026-01-01T02:01:02.810+0000] {dag.py:3089} INFO - Sync 1 DAGs
[2026-01-01T02:01:02.817+0000] {logging_mixin.py:188} INFO - [2026-01-01T02:01:02.817+0000] {dag.py:3947} INFO - Setting next_dagrun for example_setup_teardown to 2025-12-31 00:00:00+00:00, run_after=2026-01-01 00:00:00+00:00
[2026-01-01T02:01:02.824+0000] {processor.py:183} INFO - Processing /home/airflow/.local/lib/python3.12/site-packages/airflow/example_dags/example_setup_teardown.py took 0.029 seconds
[2026-01-01T03:35:54.149+0000] {processor.py:161} INFO - Started process (PID=51972) to work on /home/airflow/.local/lib/python3.12/site-packages/airflow/example_dags/example_setup_teardown.py
[2026-01-01T03:35:54.149+0000] {processor.py:830} INFO - Processing file /home/airflow/.local/lib/python3.12/site-packages/airflow/example_dags/example_setup_teardown.py for tasks to queue
[2026-01-01T03:35:54.150+0000] {logging_mixin.py:188} INFO - [2026-01-01T03:35:54.149+0000] {dagbag.py:545} INFO - Filling up the DagBag from /home/airflow/.local/lib/python3.12/site-packages/airflow/example_dags/example_setup_teardown.py
[2026-01-01T03:35:54.153+0000] {processor.py:840} INFO - DAG(s) 'example_setup_teardown' retrieved from /home/airflow/.local/lib/python3.12/site-packages/airflow/example_dags/example_setup_teardown.py
[2026-01-01T03:35:54.161+0000] {logging_mixin.py:188} INFO - [2026-01-01T03:35:54.161+0000] {dag.py:3089} INFO - Sync 1 DAGs
[2026-01-01T03:35:54.169+0000] {logging_mixin.py:188} INFO - [2026-01-01T03:35:54.168+0000] {dag.py:3947} INFO - Setting next_dagrun for example_setup_teardown to 2025-12-31 00:00:00+00:00, run_after=2026-01-01 00:00:00+00:00
[2026-01-01T03:35:54.175+0000] {processor.py:183} INFO - Processing /home/airflow/.local/lib/python3.12/site-packages/airflow/example_dags/example_setup_teardown.py took 0.028 seconds
[2026-01-01T04:55:54.327+0000] {processor.py:161} INFO - Started process (PID=52032) to work on /home/airflow/.local/lib/python3.12/site-packages/airflow/example_dags/example_setup_teardown.py
[2026-01-01T04:55:54.328+0000] {processor.py:830} INFO - Processing file /home/airflow/.local/lib/python3.12/site-packages/airflow/example_dags/example_setup_teardown.py for tasks to queue
[2026-01-01T04:55:54.329+0000] {logging_mixin.py:188} INFO - [2026-01-01T04:55:54.328+0000] {dagbag.py:545} INFO - Filling up the DagBag from /home/airflow/.local/lib/python3.12/site-packages/airflow/example_dags/example_setup_teardown.py
[2026-01-01T04:55:54.334+0000] {processor.py:840} INFO - DAG(s) 'example_setup_teardown' retrieved from /home/airflow/.local/lib/python3.12/site-packages/airflow/example_dags/example_setup_teardown.py
[2026-01-01T04:55:54.350+0000] {logging_mixin.py:188} INFO - [2026-01-01T04:55:54.349+0000] {dag.py:3089} INFO - Sync 1 DAGs
[2026-01-01T04:55:54.360+0000] {logging_mixin.py:188} INFO - [2026-01-01T04:55:54.360+0000] {dag.py:3947} INFO - Setting next_dagrun for example_setup_teardown to 2025-12-31 00:00:00+00:00, run_after=2026-01-01 00:00:00+00:00
[2026-01-01T04:55:54.367+0000] {processor.py:183} INFO - Processing /home/airflow/.local/lib/python3.12/site-packages/airflow/example_dags/example_setup_teardown.py took 0.043 seconds
[2026-01-01T06:07:22.445+0000] {processor.py:161} INFO - Started process (PID=52091) to work on /home/airflow/.local/lib/python3.12/site-packages/airflow/example_dags/example_setup_teardown.py
[2026-01-01T06:07:22.447+0000] {processor.py:830} INFO - Processing file /home/airflow/.local/lib/python3.12/site-packages/airflow/example_dags/example_setup_teardown.py for tasks to queue
[2026-01-01T06:07:22.447+0000] {logging_mixin.py:188} INFO - [2026-01-01T06:07:22.447+0000] {dagbag.py:545} INFO - Filling up the DagBag from /home/airflow/.local/lib/python3.12/site-packages/airflow/example_dags/example_setup_teardown.py
[2026-01-01T06:07:22.451+0000] {processor.py:840} INFO - DAG(s) 'example_setup_teardown' retrieved from /home/airflow/.local/lib/python3.12/site-packages/airflow/example_dags/example_setup_teardown.py
[2026-01-01T06:07:22.460+0000] {logging_mixin.py:188} INFO - [2026-01-01T06:07:22.460+0000] {dag.py:3089} INFO - Sync 1 DAGs
[2026-01-01T06:07:22.468+0000] {logging_mixin.py:188} INFO - [2026-01-01T06:07:22.468+0000] {dag.py:3947} INFO - Setting next_dagrun for example_setup_teardown to 2025-12-31 00:00:00+00:00, run_after=2026-01-01 00:00:00+00:00
[2026-01-01T06:07:22.476+0000] {processor.py:183} INFO - Processing /home/airflow/.local/lib/python3.12/site-packages/airflow/example_dags/example_setup_teardown.py took 0.033 seconds
[2026-01-01T07:40:36.695+0000] {processor.py:161} INFO - Started process (PID=52150) to work on /home/airflow/.local/lib/python3.12/site-packages/airflow/example_dags/example_setup_teardown.py
[2026-01-01T07:40:36.695+0000] {processor.py:830} INFO - Processing file /home/airflow/.local/lib/python3.12/site-packages/airflow/example_dags/example_setup_teardown.py for tasks to queue
[2026-01-01T07:40:36.696+0000] {logging_mixin.py:188} INFO - [2026-01-01T07:40:36.696+0000] {dagbag.py:545} INFO - Filling up the DagBag from /home/airflow/.local/lib/python3.12/site-packages/airflow/example_dags/example_setup_teardown.py
[2026-01-01T07:40:36.699+0000] {processor.py:840} INFO - DAG(s) 'example_setup_teardown' retrieved from /home/airflow/.local/lib/python3.12/site-packages/airflow/example_dags/example_setup_teardown.py
[2026-01-01T07:40:36.708+0000] {logging_mixin.py:188} INFO - [2026-01-01T07:40:36.708+0000] {dag.py:3089} INFO - Sync 1 DAGs
[2026-01-01T07:40:36.718+0000] {logging_mixin.py:188} INFO - [2026-01-01T07:40:36.718+0000] {dag.py:3947} INFO - Setting next_dagrun for example_setup_teardown to 2025-12-31 00:00:00+00:00, run_after=2026-01-01 00:00:00+00:00
[2026-01-01T07:40:36.732+0000] {processor.py:183} INFO - Processing /home/airflow/.local/lib/python3.12/site-packages/airflow/example_dags/example_setup_teardown.py took 0.040 seconds
[2026-01-01T08:44:36.515+0000] {processor.py:161} INFO - Started process (PID=52209) to work on /home/airflow/.local/lib/python3.12/site-packages/airflow/example_dags/example_setup_teardown.py
[2026-01-01T08:44:36.516+0000] {processor.py:830} INFO - Processing file /home/airflow/.local/lib/python3.12/site-packages/airflow/example_dags/example_setup_teardown.py for tasks to queue
[2026-01-01T08:44:36.516+0000] {logging_mixin.py:188} INFO - [2026-01-01T08:44:36.516+0000] {dagbag.py:545} INFO - Filling up the DagBag from /home/airflow/.local/lib/python3.12/site-packages/airflow/example_dags/example_setup_teardown.py
[2026-01-01T08:44:36.523+0000] {processor.py:840} INFO - DAG(s) 'example_setup_teardown' retrieved from /home/airflow/.local/lib/python3.12/site-packages/airflow/example_dags/example_setup_teardown.py
[2026-01-01T08:44:36.535+0000] {logging_mixin.py:188} INFO - [2026-01-01T08:44:36.535+0000] {dag.py:3089} INFO - Sync 1 DAGs
[2026-01-01T08:44:36.545+0000] {logging_mixin.py:188} INFO - [2026-01-01T08:44:36.545+0000] {dag.py:3947} INFO - Setting next_dagrun for example_setup_teardown to 2025-12-31 00:00:00+00:00, run_after=2026-01-01 00:00:00+00:00
[2026-01-01T08:44:36.553+0000] {processor.py:183} INFO - Processing /home/airflow/.local/lib/python3.12/site-packages/airflow/example_dags/example_setup_teardown.py took 0.040 seconds
[2026-01-01T09:57:57.744+0000] {processor.py:161} INFO - Started process (PID=52268) to work on /home/airflow/.local/lib/python3.12/site-packages/airflow/example_dags/example_setup_teardown.py
[2026-01-01T09:57:57.745+0000] {processor.py:830} INFO - Processing file /home/airflow/.local/lib/python3.12/site-packages/airflow/example_dags/example_setup_teardown.py for tasks to queue
[2026-01-01T09:57:57.745+0000] {logging_mixin.py:188} INFO - [2026-01-01T09:57:57.745+0000] {dagbag.py:545} INFO - Filling up the DagBag from /home/airflow/.local/lib/python3.12/site-packages/airflow/example_dags/example_setup_teardown.py
[2026-01-01T09:57:57.749+0000] {processor.py:840} INFO - DAG(s) 'example_setup_teardown' retrieved from /home/airflow/.local/lib/python3.12/site-packages/airflow/example_dags/example_setup_teardown.py
[2026-01-01T09:57:57.759+0000] {logging_mixin.py:188} INFO - [2026-01-01T09:57:57.759+0000] {dag.py:3089} INFO - Sync 1 DAGs
[2026-01-01T09:57:57.768+0000] {logging_mixin.py:188} INFO - [2026-01-01T09:57:57.768+0000] {dag.py:3947} INFO - Setting next_dagrun for example_setup_teardown to 2025-12-31 00:00:00+00:00, run_after=2026-01-01 00:00:00+00:00
[2026-01-01T09:57:57.775+0000] {processor.py:183} INFO - Processing /home/airflow/.local/lib/python3.12/site-packages/airflow/example_dags/example_setup_teardown.py took 0.035 seconds
[2026-01-01T11:12:23.012+0000] {processor.py:161} INFO - Started process (PID=52327) to work on /home/airflow/.local/lib/python3.12/site-packages/airflow/example_dags/example_setup_teardown.py
[2026-01-01T11:12:23.012+0000] {processor.py:830} INFO - Processing file /home/airflow/.local/lib/python3.12/site-packages/airflow/example_dags/example_setup_teardown.py for tasks to queue
[2026-01-01T11:12:23.013+0000] {logging_mixin.py:188} INFO - [2026-01-01T11:12:23.013+0000] {dagbag.py:545} INFO - Filling up the DagBag from /home/airflow/.local/lib/python3.12/site-packages/airflow/example_dags/example_setup_teardown.py
[2026-01-01T11:12:23.016+0000] {processor.py:840} INFO - DAG(s) 'example_setup_teardown' retrieved from /home/airflow/.local/lib/python3.12/site-packages/airflow/example_dags/example_setup_teardown.py
[2026-01-01T11:12:23.029+0000] {logging_mixin.py:188} INFO - [2026-01-01T11:12:23.029+0000] {dag.py:3089} INFO - Sync 1 DAGs
[2026-01-01T11:12:23.039+0000] {logging_mixin.py:188} INFO - [2026-01-01T11:12:23.039+0000] {dag.py:3947} INFO - Setting next_dagrun for example_setup_teardown to 2025-12-31 00:00:00+00:00, run_after=2026-01-01 00:00:00+00:00
[2026-01-01T11:12:23.049+0000] {processor.py:183} INFO - Processing /home/airflow/.local/lib/python3.12/site-packages/airflow/example_dags/example_setup_teardown.py took 0.040 seconds
[2026-01-01T12:13:29.635+0000] {processor.py:161} INFO - Started process (PID=52386) to work on /home/airflow/.local/lib/python3.12/site-packages/airflow/example_dags/example_setup_teardown.py
[2026-01-01T12:13:29.636+0000] {processor.py:830} INFO - Processing file /home/airflow/.local/lib/python3.12/site-packages/airflow/example_dags/example_setup_teardown.py for tasks to queue
[2026-01-01T12:13:29.636+0000] {logging_mixin.py:188} INFO - [2026-01-01T12:13:29.636+0000] {dagbag.py:545} INFO - Filling up the DagBag from /home/airflow/.local/lib/python3.12/site-packages/airflow/example_dags/example_setup_teardown.py
[2026-01-01T12:13:29.639+0000] {processor.py:840} INFO - DAG(s) 'example_setup_teardown' retrieved from /home/airflow/.local/lib/python3.12/site-packages/airflow/example_dags/example_setup_teardown.py
[2026-01-01T12:13:29.647+0000] {logging_mixin.py:188} INFO - [2026-01-01T12:13:29.647+0000] {dag.py:3089} INFO - Sync 1 DAGs
[2026-01-01T12:13:29.655+0000] {logging_mixin.py:188} INFO - [2026-01-01T12:13:29.655+0000] {dag.py:3947} INFO - Setting next_dagrun for example_setup_teardown to 2025-12-31 00:00:00+00:00, run_after=2026-01-01 00:00:00+00:00
[2026-01-01T12:13:29.661+0000] {processor.py:183} INFO - Processing /home/airflow/.local/lib/python3.12/site-packages/airflow/example_dags/example_setup_teardown.py took 0.029 seconds
[2026-01-01T13:31:41.934+0000] {processor.py:161} INFO - Started process (PID=52445) to work on /home/airflow/.local/lib/python3.12/site-packages/airflow/example_dags/example_setup_teardown.py
[2026-01-01T13:31:41.935+0000] {processor.py:830} INFO - Processing file /home/airflow/.local/lib/python3.12/site-packages/airflow/example_dags/example_setup_teardown.py for tasks to queue
[2026-01-01T13:31:41.936+0000] {logging_mixin.py:188} INFO - [2026-01-01T13:31:41.936+0000] {dagbag.py:545} INFO - Filling up the DagBag from /home/airflow/.local/lib/python3.12/site-packages/airflow/example_dags/example_setup_teardown.py
[2026-01-01T13:31:41.939+0000] {processor.py:840} INFO - DAG(s) 'example_setup_teardown' retrieved from /home/airflow/.local/lib/python3.12/site-packages/airflow/example_dags/example_setup_teardown.py
[2026-01-01T13:31:41.953+0000] {logging_mixin.py:188} INFO - [2026-01-01T13:31:41.953+0000] {dag.py:3089} INFO - Sync 1 DAGs
[2026-01-01T13:31:41.962+0000] {logging_mixin.py:188} INFO - [2026-01-01T13:31:41.962+0000] {dag.py:3947} INFO - Setting next_dagrun for example_setup_teardown to 2025-12-31 00:00:00+00:00, run_after=2026-01-01 00:00:00+00:00
[2026-01-01T13:31:41.973+0000] {processor.py:183} INFO - Processing /home/airflow/.local/lib/python3.12/site-packages/airflow/example_dags/example_setup_teardown.py took 0.042 seconds
[2026-01-01T15:05:24.628+0000] {processor.py:161} INFO - Started process (PID=52504) to work on /home/airflow/.local/lib/python3.12/site-packages/airflow/example_dags/example_setup_teardown.py
[2026-01-01T15:05:24.631+0000] {processor.py:830} INFO - Processing file /home/airflow/.local/lib/python3.12/site-packages/airflow/example_dags/example_setup_teardown.py for tasks to queue
[2026-01-01T15:05:24.631+0000] {logging_mixin.py:188} INFO - [2026-01-01T15:05:24.631+0000] {dagbag.py:545} INFO - Filling up the DagBag from /home/airflow/.local/lib/python3.12/site-packages/airflow/example_dags/example_setup_teardown.py
[2026-01-01T15:05:24.636+0000] {processor.py:840} INFO - DAG(s) 'example_setup_teardown' retrieved from /home/airflow/.local/lib/python3.12/site-packages/airflow/example_dags/example_setup_teardown.py
[2026-01-01T15:05:24.647+0000] {logging_mixin.py:188} INFO - [2026-01-01T15:05:24.647+0000] {dag.py:3089} INFO - Sync 1 DAGs
[2026-01-01T15:05:24.659+0000] {logging_mixin.py:188} INFO - [2026-01-01T15:05:24.659+0000] {dag.py:3947} INFO - Setting next_dagrun for example_setup_teardown to 2025-12-31 00:00:00+00:00, run_after=2026-01-01 00:00:00+00:00
[2026-01-01T15:05:24.666+0000] {processor.py:183} INFO - Processing /home/airflow/.local/lib/python3.12/site-packages/airflow/example_dags/example_setup_teardown.py took 0.041 seconds
[2026-01-01T16:17:20.536+0000] {processor.py:161} INFO - Started process (PID=52563) to work on /home/airflow/.local/lib/python3.12/site-packages/airflow/example_dags/example_setup_teardown.py
[2026-01-01T16:17:20.537+0000] {processor.py:830} INFO - Processing file /home/airflow/.local/lib/python3.12/site-packages/airflow/example_dags/example_setup_teardown.py for tasks to queue
[2026-01-01T16:17:20.538+0000] {logging_mixin.py:188} INFO - [2026-01-01T16:17:20.538+0000] {dagbag.py:545} INFO - Filling up the DagBag from /home/airflow/.local/lib/python3.12/site-packages/airflow/example_dags/example_setup_teardown.py
[2026-01-01T16:17:20.542+0000] {processor.py:840} INFO - DAG(s) 'example_setup_teardown' retrieved from /home/airflow/.local/lib/python3.12/site-packages/airflow/example_dags/example_setup_teardown.py
[2026-01-01T16:17:20.559+0000] {logging_mixin.py:188} INFO - [2026-01-01T16:17:20.559+0000] {dag.py:3089} INFO - Sync 1 DAGs
[2026-01-01T16:17:20.570+0000] {logging_mixin.py:188} INFO - [2026-01-01T16:17:20.570+0000] {dag.py:3947} INFO - Setting next_dagrun for example_setup_teardown to 2025-12-31 00:00:00+00:00, run_after=2026-01-01 00:00:00+00:00
[2026-01-01T16:17:20.579+0000] {processor.py:183} INFO - Processing /home/airflow/.local/lib/python3.12/site-packages/airflow/example_dags/example_setup_teardown.py took 0.048 seconds
[2026-01-01T17:14:39.487+0000] {processor.py:161} INFO - Started process (PID=52622) to work on /home/airflow/.local/lib/python3.12/site-packages/airflow/example_dags/example_setup_teardown.py
[2026-01-01T17:14:39.488+0000] {processor.py:830} INFO - Processing file /home/airflow/.local/lib/python3.12/site-packages/airflow/example_dags/example_setup_teardown.py for tasks to queue
[2026-01-01T17:14:39.488+0000] {logging_mixin.py:188} INFO - [2026-01-01T17:14:39.488+0000] {dagbag.py:545} INFO - Filling up the DagBag from /home/airflow/.local/lib/python3.12/site-packages/airflow/example_dags/example_setup_teardown.py
[2026-01-01T17:14:39.497+0000] {processor.py:840} INFO - DAG(s) 'example_setup_teardown' retrieved from /home/airflow/.local/lib/python3.12/site-packages/airflow/example_dags/example_setup_teardown.py
[2026-01-01T17:14:39.512+0000] {logging_mixin.py:188} INFO - [2026-01-01T17:14:39.512+0000] {dag.py:3089} INFO - Sync 1 DAGs
[2026-01-01T17:14:39.524+0000] {logging_mixin.py:188} INFO - [2026-01-01T17:14:39.524+0000] {dag.py:3947} INFO - Setting next_dagrun for example_setup_teardown to 2025-12-31 00:00:00+00:00, run_after=2026-01-01 00:00:00+00:00
[2026-01-01T17:14:39.538+0000] {processor.py:183} INFO - Processing /home/airflow/.local/lib/python3.12/site-packages/airflow/example_dags/example_setup_teardown.py took 0.055 seconds
[2026-01-01T18:19:24.004+0000] {processor.py:161} INFO - Started process (PID=52681) to work on /home/airflow/.local/lib/python3.12/site-packages/airflow/example_dags/example_setup_teardown.py
[2026-01-01T18:19:24.007+0000] {processor.py:830} INFO - Processing file /home/airflow/.local/lib/python3.12/site-packages/airflow/example_dags/example_setup_teardown.py for tasks to queue
[2026-01-01T18:19:24.007+0000] {logging_mixin.py:188} INFO - [2026-01-01T18:19:24.007+0000] {dagbag.py:545} INFO - Filling up the DagBag from /home/airflow/.local/lib/python3.12/site-packages/airflow/example_dags/example_setup_teardown.py
[2026-01-01T18:19:24.011+0000] {processor.py:840} INFO - DAG(s) 'example_setup_teardown' retrieved from /home/airflow/.local/lib/python3.12/site-packages/airflow/example_dags/example_setup_teardown.py
[2026-01-01T18:19:24.021+0000] {logging_mixin.py:188} INFO - [2026-01-01T18:19:24.021+0000] {dag.py:3089} INFO - Sync 1 DAGs
[2026-01-01T18:19:24.031+0000] {logging_mixin.py:188} INFO - [2026-01-01T18:19:24.031+0000] {dag.py:3947} INFO - Setting next_dagrun for example_setup_teardown to 2025-12-31 00:00:00+00:00, run_after=2026-01-01 00:00:00+00:00
[2026-01-01T18:19:24.040+0000] {processor.py:183} INFO - Processing /home/airflow/.local/lib/python3.12/site-packages/airflow/example_dags/example_setup_teardown.py took 0.039 seconds
[2026-01-01T19:35:31.978+0000] {processor.py:161} INFO - Started process (PID=52740) to work on /home/airflow/.local/lib/python3.12/site-packages/airflow/example_dags/example_setup_teardown.py
[2026-01-01T19:35:31.979+0000] {processor.py:830} INFO - Processing file /home/airflow/.local/lib/python3.12/site-packages/airflow/example_dags/example_setup_teardown.py for tasks to queue
[2026-01-01T19:35:31.980+0000] {logging_mixin.py:188} INFO - [2026-01-01T19:35:31.980+0000] {dagbag.py:545} INFO - Filling up the DagBag from /home/airflow/.local/lib/python3.12/site-packages/airflow/example_dags/example_setup_teardown.py
[2026-01-01T19:35:31.983+0000] {processor.py:840} INFO - DAG(s) 'example_setup_teardown' retrieved from /home/airflow/.local/lib/python3.12/site-packages/airflow/example_dags/example_setup_teardown.py
[2026-01-01T19:35:31.997+0000] {logging_mixin.py:188} INFO - [2026-01-01T19:35:31.997+0000] {dag.py:3089} INFO - Sync 1 DAGs
[2026-01-01T19:35:32.005+0000] {logging_mixin.py:188} INFO - [2026-01-01T19:35:32.005+0000] {dag.py:3947} INFO - Setting next_dagrun for example_setup_teardown to 2025-12-31 00:00:00+00:00, run_after=2026-01-01 00:00:00+00:00
[2026-01-01T19:35:32.014+0000] {processor.py:183} INFO - Processing /home/airflow/.local/lib/python3.12/site-packages/airflow/example_dags/example_setup_teardown.py took 0.038 seconds
[2026-01-01T20:54:41.197+0000] {processor.py:161} INFO - Started process (PID=52799) to work on /home/airflow/.local/lib/python3.12/site-packages/airflow/example_dags/example_setup_teardown.py
[2026-01-01T20:54:41.198+0000] {processor.py:830} INFO - Processing file /home/airflow/.local/lib/python3.12/site-packages/airflow/example_dags/example_setup_teardown.py for tasks to queue
[2026-01-01T20:54:41.199+0000] {logging_mixin.py:188} INFO - [2026-01-01T20:54:41.198+0000] {dagbag.py:545} INFO - Filling up the DagBag from /home/airflow/.local/lib/python3.12/site-packages/airflow/example_dags/example_setup_teardown.py
[2026-01-01T20:54:41.202+0000] {processor.py:840} INFO - DAG(s) 'example_setup_teardown' retrieved from /home/airflow/.local/lib/python3.12/site-packages/airflow/example_dags/example_setup_teardown.py
[2026-01-01T20:54:41.212+0000] {logging_mixin.py:188} INFO - [2026-01-01T20:54:41.212+0000] {dag.py:3089} INFO - Sync 1 DAGs
[2026-01-01T20:54:41.224+0000] {logging_mixin.py:188} INFO - [2026-01-01T20:54:41.224+0000] {dag.py:3947} INFO - Setting next_dagrun for example_setup_teardown to 2025-12-31 00:00:00+00:00, run_after=2026-01-01 00:00:00+00:00
[2026-01-01T20:54:41.237+0000] {processor.py:183} INFO - Processing /home/airflow/.local/lib/python3.12/site-packages/airflow/example_dags/example_setup_teardown.py took 0.043 seconds
[2026-01-01T22:37:22.824+0000] {processor.py:161} INFO - Started process (PID=52858) to work on /home/airflow/.local/lib/python3.12/site-packages/airflow/example_dags/example_setup_teardown.py
[2026-01-01T22:37:22.827+0000] {processor.py:830} INFO - Processing file /home/airflow/.local/lib/python3.12/site-packages/airflow/example_dags/example_setup_teardown.py for tasks to queue
[2026-01-01T22:37:22.828+0000] {logging_mixin.py:188} INFO - [2026-01-01T22:37:22.827+0000] {dagbag.py:545} INFO - Filling up the DagBag from /home/airflow/.local/lib/python3.12/site-packages/airflow/example_dags/example_setup_teardown.py
[2026-01-01T22:37:22.832+0000] {processor.py:840} INFO - DAG(s) 'example_setup_teardown' retrieved from /home/airflow/.local/lib/python3.12/site-packages/airflow/example_dags/example_setup_teardown.py
[2026-01-01T22:37:22.843+0000] {logging_mixin.py:188} INFO - [2026-01-01T22:37:22.843+0000] {dag.py:3089} INFO - Sync 1 DAGs
[2026-01-01T22:37:22.853+0000] {logging_mixin.py:188} INFO - [2026-01-01T22:37:22.853+0000] {dag.py:3947} INFO - Setting next_dagrun for example_setup_teardown to 2025-12-31 00:00:00+00:00, run_after=2026-01-01 00:00:00+00:00
[2026-01-01T22:37:22.861+0000] {processor.py:183} INFO - Processing /home/airflow/.local/lib/python3.12/site-packages/airflow/example_dags/example_setup_teardown.py took 0.040 seconds
[2026-01-01T23:54:05.232+0000] {processor.py:161} INFO - Started process (PID=52917) to work on /home/airflow/.local/lib/python3.12/site-packages/airflow/example_dags/example_setup_teardown.py
[2026-01-01T23:54:05.233+0000] {processor.py:830} INFO - Processing file /home/airflow/.local/lib/python3.12/site-packages/airflow/example_dags/example_setup_teardown.py for tasks to queue
[2026-01-01T23:54:05.234+0000] {logging_mixin.py:188} INFO - [2026-01-01T23:54:05.234+0000] {dagbag.py:545} INFO - Filling up the DagBag from /home/airflow/.local/lib/python3.12/site-packages/airflow/example_dags/example_setup_teardown.py
[2026-01-01T23:54:05.238+0000] {processor.py:840} INFO - DAG(s) 'example_setup_teardown' retrieved from /home/airflow/.local/lib/python3.12/site-packages/airflow/example_dags/example_setup_teardown.py
[2026-01-01T23:54:05.254+0000] {logging_mixin.py:188} INFO - [2026-01-01T23:54:05.254+0000] {dag.py:3089} INFO - Sync 1 DAGs
[2026-01-01T23:54:05.269+0000] {logging_mixin.py:188} INFO - [2026-01-01T23:54:05.269+0000] {dag.py:3947} INFO - Setting next_dagrun for example_setup_teardown to 2025-12-31 00:00:00+00:00, run_after=2026-01-01 00:00:00+00:00
[2026-01-01T23:54:05.283+0000] {processor.py:183} INFO - Processing /home/airflow/.local/lib/python3.12/site-packages/airflow/example_dags/example_setup_teardown.py took 0.055 seconds
