[2026-01-01T01:03:23.159+0000] {processor.py:161} INFO - Started process (PID=51839) to work on /home/airflow/.local/lib/python3.12/site-packages/airflow/example_dags/example_python_decorator.py
[2026-01-01T01:03:23.160+0000] {processor.py:830} INFO - Processing file /home/airflow/.local/lib/python3.12/site-packages/airflow/example_dags/example_python_decorator.py for tasks to queue
[2026-01-01T01:03:23.160+0000] {logging_mixin.py:188} INFO - [2026-01-01T01:03:23.160+0000] {dagbag.py:545} INFO - Filling up the DagBag from /home/airflow/.local/lib/python3.12/site-packages/airflow/example_dags/example_python_decorator.py
[2026-01-01T01:03:23.168+0000] {processor.py:840} INFO - DAG(s) 'example_python_decorator' retrieved from /home/airflow/.local/lib/python3.12/site-packages/airflow/example_dags/example_python_decorator.py
[2026-01-01T01:03:23.181+0000] {logging_mixin.py:188} INFO - [2026-01-01T01:03:23.181+0000] {dag.py:3089} INFO - Sync 1 DAGs
[2026-01-01T01:03:23.189+0000] {logging_mixin.py:188} INFO - [2026-01-01T01:03:23.189+0000] {dag.py:3947} INFO - Setting next_dagrun for example_python_decorator to None, run_after=None
[2026-01-01T01:03:23.203+0000] {processor.py:183} INFO - Processing /home/airflow/.local/lib/python3.12/site-packages/airflow/example_dags/example_python_decorator.py took 0.048 seconds
[2026-01-01T02:01:02.308+0000] {processor.py:161} INFO - Started process (PID=51898) to work on /home/airflow/.local/lib/python3.12/site-packages/airflow/example_dags/example_python_decorator.py
[2026-01-01T02:01:02.309+0000] {processor.py:830} INFO - Processing file /home/airflow/.local/lib/python3.12/site-packages/airflow/example_dags/example_python_decorator.py for tasks to queue
[2026-01-01T02:01:02.309+0000] {logging_mixin.py:188} INFO - [2026-01-01T02:01:02.309+0000] {dagbag.py:545} INFO - Filling up the DagBag from /home/airflow/.local/lib/python3.12/site-packages/airflow/example_dags/example_python_decorator.py
[2026-01-01T02:01:02.315+0000] {processor.py:840} INFO - DAG(s) 'example_python_decorator' retrieved from /home/airflow/.local/lib/python3.12/site-packages/airflow/example_dags/example_python_decorator.py
[2026-01-01T02:01:02.325+0000] {logging_mixin.py:188} INFO - [2026-01-01T02:01:02.325+0000] {dag.py:3089} INFO - Sync 1 DAGs
[2026-01-01T02:01:02.330+0000] {logging_mixin.py:188} INFO - [2026-01-01T02:01:02.330+0000] {dag.py:3947} INFO - Setting next_dagrun for example_python_decorator to None, run_after=None
[2026-01-01T02:01:02.337+0000] {processor.py:183} INFO - Processing /home/airflow/.local/lib/python3.12/site-packages/airflow/example_dags/example_python_decorator.py took 0.031 seconds
[2026-01-01T03:35:53.660+0000] {processor.py:161} INFO - Started process (PID=51957) to work on /home/airflow/.local/lib/python3.12/site-packages/airflow/example_dags/example_python_decorator.py
[2026-01-01T03:35:53.663+0000] {processor.py:830} INFO - Processing file /home/airflow/.local/lib/python3.12/site-packages/airflow/example_dags/example_python_decorator.py for tasks to queue
[2026-01-01T03:35:53.664+0000] {logging_mixin.py:188} INFO - [2026-01-01T03:35:53.663+0000] {dagbag.py:545} INFO - Filling up the DagBag from /home/airflow/.local/lib/python3.12/site-packages/airflow/example_dags/example_python_decorator.py
[2026-01-01T03:35:53.669+0000] {processor.py:840} INFO - DAG(s) 'example_python_decorator' retrieved from /home/airflow/.local/lib/python3.12/site-packages/airflow/example_dags/example_python_decorator.py
[2026-01-01T03:35:53.679+0000] {logging_mixin.py:188} INFO - [2026-01-01T03:35:53.679+0000] {dag.py:3089} INFO - Sync 1 DAGs
[2026-01-01T03:35:53.684+0000] {logging_mixin.py:188} INFO - [2026-01-01T03:35:53.684+0000] {dag.py:3947} INFO - Setting next_dagrun for example_python_decorator to None, run_after=None
[2026-01-01T03:35:53.692+0000] {processor.py:183} INFO - Processing /home/airflow/.local/lib/python3.12/site-packages/airflow/example_dags/example_python_decorator.py took 0.035 seconds
[2026-01-01T04:55:53.673+0000] {processor.py:161} INFO - Started process (PID=52017) to work on /home/airflow/.local/lib/python3.12/site-packages/airflow/example_dags/example_python_decorator.py
[2026-01-01T04:55:53.673+0000] {processor.py:830} INFO - Processing file /home/airflow/.local/lib/python3.12/site-packages/airflow/example_dags/example_python_decorator.py for tasks to queue
[2026-01-01T04:55:53.674+0000] {logging_mixin.py:188} INFO - [2026-01-01T04:55:53.674+0000] {dagbag.py:545} INFO - Filling up the DagBag from /home/airflow/.local/lib/python3.12/site-packages/airflow/example_dags/example_python_decorator.py
[2026-01-01T04:55:53.680+0000] {processor.py:840} INFO - DAG(s) 'example_python_decorator' retrieved from /home/airflow/.local/lib/python3.12/site-packages/airflow/example_dags/example_python_decorator.py
[2026-01-01T04:55:53.695+0000] {logging_mixin.py:188} INFO - [2026-01-01T04:55:53.694+0000] {dag.py:3089} INFO - Sync 1 DAGs
[2026-01-01T04:55:53.700+0000] {logging_mixin.py:188} INFO - [2026-01-01T04:55:53.700+0000] {dag.py:3947} INFO - Setting next_dagrun for example_python_decorator to None, run_after=None
[2026-01-01T04:55:53.711+0000] {processor.py:183} INFO - Processing /home/airflow/.local/lib/python3.12/site-packages/airflow/example_dags/example_python_decorator.py took 0.042 seconds
[2026-01-01T06:07:22.019+0000] {processor.py:161} INFO - Started process (PID=52076) to work on /home/airflow/.local/lib/python3.12/site-packages/airflow/example_dags/example_python_decorator.py
[2026-01-01T06:07:22.020+0000] {processor.py:830} INFO - Processing file /home/airflow/.local/lib/python3.12/site-packages/airflow/example_dags/example_python_decorator.py for tasks to queue
[2026-01-01T06:07:22.020+0000] {logging_mixin.py:188} INFO - [2026-01-01T06:07:22.020+0000] {dagbag.py:545} INFO - Filling up the DagBag from /home/airflow/.local/lib/python3.12/site-packages/airflow/example_dags/example_python_decorator.py
[2026-01-01T06:07:22.025+0000] {processor.py:840} INFO - DAG(s) 'example_python_decorator' retrieved from /home/airflow/.local/lib/python3.12/site-packages/airflow/example_dags/example_python_decorator.py
[2026-01-01T06:07:22.034+0000] {logging_mixin.py:188} INFO - [2026-01-01T06:07:22.034+0000] {dag.py:3089} INFO - Sync 1 DAGs
[2026-01-01T06:07:22.039+0000] {logging_mixin.py:188} INFO - [2026-01-01T06:07:22.039+0000] {dag.py:3947} INFO - Setting next_dagrun for example_python_decorator to None, run_after=None
[2026-01-01T06:07:22.045+0000] {processor.py:183} INFO - Processing /home/airflow/.local/lib/python3.12/site-packages/airflow/example_dags/example_python_decorator.py took 0.028 seconds
[2026-01-01T07:40:36.174+0000] {processor.py:161} INFO - Started process (PID=52135) to work on /home/airflow/.local/lib/python3.12/site-packages/airflow/example_dags/example_python_decorator.py
[2026-01-01T07:40:36.175+0000] {processor.py:830} INFO - Processing file /home/airflow/.local/lib/python3.12/site-packages/airflow/example_dags/example_python_decorator.py for tasks to queue
[2026-01-01T07:40:36.175+0000] {logging_mixin.py:188} INFO - [2026-01-01T07:40:36.175+0000] {dagbag.py:545} INFO - Filling up the DagBag from /home/airflow/.local/lib/python3.12/site-packages/airflow/example_dags/example_python_decorator.py
[2026-01-01T07:40:36.182+0000] {processor.py:840} INFO - DAG(s) 'example_python_decorator' retrieved from /home/airflow/.local/lib/python3.12/site-packages/airflow/example_dags/example_python_decorator.py
[2026-01-01T07:40:36.195+0000] {logging_mixin.py:188} INFO - [2026-01-01T07:40:36.194+0000] {dag.py:3089} INFO - Sync 1 DAGs
[2026-01-01T07:40:36.203+0000] {logging_mixin.py:188} INFO - [2026-01-01T07:40:36.203+0000] {dag.py:3947} INFO - Setting next_dagrun for example_python_decorator to None, run_after=None
[2026-01-01T07:40:36.212+0000] {processor.py:183} INFO - Processing /home/airflow/.local/lib/python3.12/site-packages/airflow/example_dags/example_python_decorator.py took 0.041 seconds
[2026-01-01T08:44:36.104+0000] {processor.py:161} INFO - Started process (PID=52194) to work on /home/airflow/.local/lib/python3.12/site-packages/airflow/example_dags/example_python_decorator.py
[2026-01-01T08:44:36.105+0000] {processor.py:830} INFO - Processing file /home/airflow/.local/lib/python3.12/site-packages/airflow/example_dags/example_python_decorator.py for tasks to queue
[2026-01-01T08:44:36.105+0000] {logging_mixin.py:188} INFO - [2026-01-01T08:44:36.105+0000] {dagbag.py:545} INFO - Filling up the DagBag from /home/airflow/.local/lib/python3.12/site-packages/airflow/example_dags/example_python_decorator.py
[2026-01-01T08:44:36.110+0000] {processor.py:840} INFO - DAG(s) 'example_python_decorator' retrieved from /home/airflow/.local/lib/python3.12/site-packages/airflow/example_dags/example_python_decorator.py
[2026-01-01T08:44:36.119+0000] {logging_mixin.py:188} INFO - [2026-01-01T08:44:36.119+0000] {dag.py:3089} INFO - Sync 1 DAGs
[2026-01-01T08:44:36.124+0000] {logging_mixin.py:188} INFO - [2026-01-01T08:44:36.124+0000] {dag.py:3947} INFO - Setting next_dagrun for example_python_decorator to None, run_after=None
[2026-01-01T08:44:36.130+0000] {processor.py:183} INFO - Processing /home/airflow/.local/lib/python3.12/site-packages/airflow/example_dags/example_python_decorator.py took 0.029 seconds
[2026-01-01T09:57:57.255+0000] {processor.py:161} INFO - Started process (PID=52253) to work on /home/airflow/.local/lib/python3.12/site-packages/airflow/example_dags/example_python_decorator.py
[2026-01-01T09:57:57.259+0000] {processor.py:830} INFO - Processing file /home/airflow/.local/lib/python3.12/site-packages/airflow/example_dags/example_python_decorator.py for tasks to queue
[2026-01-01T09:57:57.259+0000] {logging_mixin.py:188} INFO - [2026-01-01T09:57:57.259+0000] {dagbag.py:545} INFO - Filling up the DagBag from /home/airflow/.local/lib/python3.12/site-packages/airflow/example_dags/example_python_decorator.py
[2026-01-01T09:57:57.265+0000] {processor.py:840} INFO - DAG(s) 'example_python_decorator' retrieved from /home/airflow/.local/lib/python3.12/site-packages/airflow/example_dags/example_python_decorator.py
[2026-01-01T09:57:57.279+0000] {logging_mixin.py:188} INFO - [2026-01-01T09:57:57.279+0000] {dag.py:3089} INFO - Sync 1 DAGs
[2026-01-01T09:57:57.285+0000] {logging_mixin.py:188} INFO - [2026-01-01T09:57:57.285+0000] {dag.py:3947} INFO - Setting next_dagrun for example_python_decorator to None, run_after=None
[2026-01-01T09:57:57.298+0000] {processor.py:183} INFO - Processing /home/airflow/.local/lib/python3.12/site-packages/airflow/example_dags/example_python_decorator.py took 0.045 seconds
[2026-01-01T11:12:22.309+0000] {processor.py:161} INFO - Started process (PID=52312) to work on /home/airflow/.local/lib/python3.12/site-packages/airflow/example_dags/example_python_decorator.py
[2026-01-01T11:12:22.310+0000] {processor.py:830} INFO - Processing file /home/airflow/.local/lib/python3.12/site-packages/airflow/example_dags/example_python_decorator.py for tasks to queue
[2026-01-01T11:12:22.310+0000] {logging_mixin.py:188} INFO - [2026-01-01T11:12:22.310+0000] {dagbag.py:545} INFO - Filling up the DagBag from /home/airflow/.local/lib/python3.12/site-packages/airflow/example_dags/example_python_decorator.py
[2026-01-01T11:12:22.317+0000] {processor.py:840} INFO - DAG(s) 'example_python_decorator' retrieved from /home/airflow/.local/lib/python3.12/site-packages/airflow/example_dags/example_python_decorator.py
[2026-01-01T11:12:22.334+0000] {logging_mixin.py:188} INFO - [2026-01-01T11:12:22.334+0000] {dag.py:3089} INFO - Sync 1 DAGs
[2026-01-01T11:12:22.341+0000] {logging_mixin.py:188} INFO - [2026-01-01T11:12:22.341+0000] {dag.py:3947} INFO - Setting next_dagrun for example_python_decorator to None, run_after=None
[2026-01-01T11:12:22.351+0000] {processor.py:183} INFO - Processing /home/airflow/.local/lib/python3.12/site-packages/airflow/example_dags/example_python_decorator.py took 0.044 seconds
[2026-01-01T12:13:29.126+0000] {processor.py:161} INFO - Started process (PID=52371) to work on /home/airflow/.local/lib/python3.12/site-packages/airflow/example_dags/example_python_decorator.py
[2026-01-01T12:13:29.127+0000] {processor.py:830} INFO - Processing file /home/airflow/.local/lib/python3.12/site-packages/airflow/example_dags/example_python_decorator.py for tasks to queue
[2026-01-01T12:13:29.127+0000] {logging_mixin.py:188} INFO - [2026-01-01T12:13:29.127+0000] {dagbag.py:545} INFO - Filling up the DagBag from /home/airflow/.local/lib/python3.12/site-packages/airflow/example_dags/example_python_decorator.py
[2026-01-01T12:13:29.134+0000] {processor.py:840} INFO - DAG(s) 'example_python_decorator' retrieved from /home/airflow/.local/lib/python3.12/site-packages/airflow/example_dags/example_python_decorator.py
[2026-01-01T12:13:29.145+0000] {logging_mixin.py:188} INFO - [2026-01-01T12:13:29.145+0000] {dag.py:3089} INFO - Sync 1 DAGs
[2026-01-01T12:13:29.155+0000] {logging_mixin.py:188} INFO - [2026-01-01T12:13:29.155+0000] {dag.py:3947} INFO - Setting next_dagrun for example_python_decorator to None, run_after=None
[2026-01-01T12:13:29.163+0000] {processor.py:183} INFO - Processing /home/airflow/.local/lib/python3.12/site-packages/airflow/example_dags/example_python_decorator.py took 0.040 seconds
[2026-01-01T13:31:41.430+0000] {processor.py:161} INFO - Started process (PID=52430) to work on /home/airflow/.local/lib/python3.12/site-packages/airflow/example_dags/example_python_decorator.py
[2026-01-01T13:31:41.432+0000] {processor.py:830} INFO - Processing file /home/airflow/.local/lib/python3.12/site-packages/airflow/example_dags/example_python_decorator.py for tasks to queue
[2026-01-01T13:31:41.433+0000] {logging_mixin.py:188} INFO - [2026-01-01T13:31:41.433+0000] {dagbag.py:545} INFO - Filling up the DagBag from /home/airflow/.local/lib/python3.12/site-packages/airflow/example_dags/example_python_decorator.py
[2026-01-01T13:31:41.439+0000] {processor.py:840} INFO - DAG(s) 'example_python_decorator' retrieved from /home/airflow/.local/lib/python3.12/site-packages/airflow/example_dags/example_python_decorator.py
[2026-01-01T13:31:41.451+0000] {logging_mixin.py:188} INFO - [2026-01-01T13:31:41.451+0000] {dag.py:3089} INFO - Sync 1 DAGs
[2026-01-01T13:31:41.456+0000] {logging_mixin.py:188} INFO - [2026-01-01T13:31:41.456+0000] {dag.py:3947} INFO - Setting next_dagrun for example_python_decorator to None, run_after=None
[2026-01-01T13:31:41.466+0000] {processor.py:183} INFO - Processing /home/airflow/.local/lib/python3.12/site-packages/airflow/example_dags/example_python_decorator.py took 0.041 seconds
[2026-01-01T15:05:24.190+0000] {processor.py:161} INFO - Started process (PID=52489) to work on /home/airflow/.local/lib/python3.12/site-packages/airflow/example_dags/example_python_decorator.py
[2026-01-01T15:05:24.193+0000] {processor.py:830} INFO - Processing file /home/airflow/.local/lib/python3.12/site-packages/airflow/example_dags/example_python_decorator.py for tasks to queue
[2026-01-01T15:05:24.193+0000] {logging_mixin.py:188} INFO - [2026-01-01T15:05:24.193+0000] {dagbag.py:545} INFO - Filling up the DagBag from /home/airflow/.local/lib/python3.12/site-packages/airflow/example_dags/example_python_decorator.py
[2026-01-01T15:05:24.199+0000] {processor.py:840} INFO - DAG(s) 'example_python_decorator' retrieved from /home/airflow/.local/lib/python3.12/site-packages/airflow/example_dags/example_python_decorator.py
[2026-01-01T15:05:24.209+0000] {logging_mixin.py:188} INFO - [2026-01-01T15:05:24.209+0000] {dag.py:3089} INFO - Sync 1 DAGs
[2026-01-01T15:05:24.215+0000] {logging_mixin.py:188} INFO - [2026-01-01T15:05:24.215+0000] {dag.py:3947} INFO - Setting next_dagrun for example_python_decorator to None, run_after=None
[2026-01-01T15:05:24.222+0000] {processor.py:183} INFO - Processing /home/airflow/.local/lib/python3.12/site-packages/airflow/example_dags/example_python_decorator.py took 0.034 seconds
[2026-01-01T16:17:20.059+0000] {processor.py:161} INFO - Started process (PID=52548) to work on /home/airflow/.local/lib/python3.12/site-packages/airflow/example_dags/example_python_decorator.py
[2026-01-01T16:17:20.061+0000] {processor.py:830} INFO - Processing file /home/airflow/.local/lib/python3.12/site-packages/airflow/example_dags/example_python_decorator.py for tasks to queue
[2026-01-01T16:17:20.062+0000] {logging_mixin.py:188} INFO - [2026-01-01T16:17:20.061+0000] {dagbag.py:545} INFO - Filling up the DagBag from /home/airflow/.local/lib/python3.12/site-packages/airflow/example_dags/example_python_decorator.py
[2026-01-01T16:17:20.069+0000] {processor.py:840} INFO - DAG(s) 'example_python_decorator' retrieved from /home/airflow/.local/lib/python3.12/site-packages/airflow/example_dags/example_python_decorator.py
[2026-01-01T16:17:20.088+0000] {logging_mixin.py:188} INFO - [2026-01-01T16:17:20.088+0000] {dag.py:3089} INFO - Sync 1 DAGs
[2026-01-01T16:17:20.094+0000] {logging_mixin.py:188} INFO - [2026-01-01T16:17:20.094+0000] {dag.py:3947} INFO - Setting next_dagrun for example_python_decorator to None, run_after=None
[2026-01-01T16:17:20.105+0000] {processor.py:183} INFO - Processing /home/airflow/.local/lib/python3.12/site-packages/airflow/example_dags/example_python_decorator.py took 0.050 seconds
[2026-01-01T17:14:38.996+0000] {processor.py:161} INFO - Started process (PID=52607) to work on /home/airflow/.local/lib/python3.12/site-packages/airflow/example_dags/example_python_decorator.py
[2026-01-01T17:14:38.997+0000] {processor.py:830} INFO - Processing file /home/airflow/.local/lib/python3.12/site-packages/airflow/example_dags/example_python_decorator.py for tasks to queue
[2026-01-01T17:14:38.997+0000] {logging_mixin.py:188} INFO - [2026-01-01T17:14:38.997+0000] {dagbag.py:545} INFO - Filling up the DagBag from /home/airflow/.local/lib/python3.12/site-packages/airflow/example_dags/example_python_decorator.py
[2026-01-01T17:14:39.003+0000] {processor.py:840} INFO - DAG(s) 'example_python_decorator' retrieved from /home/airflow/.local/lib/python3.12/site-packages/airflow/example_dags/example_python_decorator.py
[2026-01-01T17:14:39.011+0000] {logging_mixin.py:188} INFO - [2026-01-01T17:14:39.011+0000] {dag.py:3089} INFO - Sync 1 DAGs
[2026-01-01T17:14:39.017+0000] {logging_mixin.py:188} INFO - [2026-01-01T17:14:39.016+0000] {dag.py:3947} INFO - Setting next_dagrun for example_python_decorator to None, run_after=None
[2026-01-01T17:14:39.023+0000] {processor.py:183} INFO - Processing /home/airflow/.local/lib/python3.12/site-packages/airflow/example_dags/example_python_decorator.py took 0.029 seconds
[2026-01-01T18:19:23.537+0000] {processor.py:161} INFO - Started process (PID=52666) to work on /home/airflow/.local/lib/python3.12/site-packages/airflow/example_dags/example_python_decorator.py
[2026-01-01T18:19:23.537+0000] {processor.py:830} INFO - Processing file /home/airflow/.local/lib/python3.12/site-packages/airflow/example_dags/example_python_decorator.py for tasks to queue
[2026-01-01T18:19:23.538+0000] {logging_mixin.py:188} INFO - [2026-01-01T18:19:23.538+0000] {dagbag.py:545} INFO - Filling up the DagBag from /home/airflow/.local/lib/python3.12/site-packages/airflow/example_dags/example_python_decorator.py
[2026-01-01T18:19:23.546+0000] {processor.py:840} INFO - DAG(s) 'example_python_decorator' retrieved from /home/airflow/.local/lib/python3.12/site-packages/airflow/example_dags/example_python_decorator.py
[2026-01-01T18:19:23.557+0000] {logging_mixin.py:188} INFO - [2026-01-01T18:19:23.557+0000] {dag.py:3089} INFO - Sync 1 DAGs
[2026-01-01T18:19:23.563+0000] {logging_mixin.py:188} INFO - [2026-01-01T18:19:23.563+0000] {dag.py:3947} INFO - Setting next_dagrun for example_python_decorator to None, run_after=None
[2026-01-01T18:19:23.573+0000] {processor.py:183} INFO - Processing /home/airflow/.local/lib/python3.12/site-packages/airflow/example_dags/example_python_decorator.py took 0.039 seconds
[2026-01-01T19:35:31.505+0000] {processor.py:161} INFO - Started process (PID=52725) to work on /home/airflow/.local/lib/python3.12/site-packages/airflow/example_dags/example_python_decorator.py
[2026-01-01T19:35:31.506+0000] {processor.py:830} INFO - Processing file /home/airflow/.local/lib/python3.12/site-packages/airflow/example_dags/example_python_decorator.py for tasks to queue
[2026-01-01T19:35:31.506+0000] {logging_mixin.py:188} INFO - [2026-01-01T19:35:31.506+0000] {dagbag.py:545} INFO - Filling up the DagBag from /home/airflow/.local/lib/python3.12/site-packages/airflow/example_dags/example_python_decorator.py
[2026-01-01T19:35:31.516+0000] {processor.py:840} INFO - DAG(s) 'example_python_decorator' retrieved from /home/airflow/.local/lib/python3.12/site-packages/airflow/example_dags/example_python_decorator.py
[2026-01-01T19:35:31.534+0000] {logging_mixin.py:188} INFO - [2026-01-01T19:35:31.534+0000] {dag.py:3089} INFO - Sync 1 DAGs
[2026-01-01T19:35:31.540+0000] {logging_mixin.py:188} INFO - [2026-01-01T19:35:31.540+0000] {dag.py:3947} INFO - Setting next_dagrun for example_python_decorator to None, run_after=None
[2026-01-01T19:35:31.547+0000] {processor.py:183} INFO - Processing /home/airflow/.local/lib/python3.12/site-packages/airflow/example_dags/example_python_decorator.py took 0.045 seconds
[2026-01-01T20:54:40.358+0000] {processor.py:161} INFO - Started process (PID=52784) to work on /home/airflow/.local/lib/python3.12/site-packages/airflow/example_dags/example_python_decorator.py
[2026-01-01T20:54:40.358+0000] {processor.py:830} INFO - Processing file /home/airflow/.local/lib/python3.12/site-packages/airflow/example_dags/example_python_decorator.py for tasks to queue
[2026-01-01T20:54:40.359+0000] {logging_mixin.py:188} INFO - [2026-01-01T20:54:40.359+0000] {dagbag.py:545} INFO - Filling up the DagBag from /home/airflow/.local/lib/python3.12/site-packages/airflow/example_dags/example_python_decorator.py
[2026-01-01T20:54:40.365+0000] {processor.py:840} INFO - DAG(s) 'example_python_decorator' retrieved from /home/airflow/.local/lib/python3.12/site-packages/airflow/example_dags/example_python_decorator.py
[2026-01-01T20:54:40.377+0000] {logging_mixin.py:188} INFO - [2026-01-01T20:54:40.377+0000] {dag.py:3089} INFO - Sync 1 DAGs
[2026-01-01T20:54:40.383+0000] {logging_mixin.py:188} INFO - [2026-01-01T20:54:40.383+0000] {dag.py:3947} INFO - Setting next_dagrun for example_python_decorator to None, run_after=None
[2026-01-01T20:54:40.393+0000] {processor.py:183} INFO - Processing /home/airflow/.local/lib/python3.12/site-packages/airflow/example_dags/example_python_decorator.py took 0.038 seconds
[2026-01-01T22:37:22.361+0000] {processor.py:161} INFO - Started process (PID=52843) to work on /home/airflow/.local/lib/python3.12/site-packages/airflow/example_dags/example_python_decorator.py
[2026-01-01T22:37:22.361+0000] {processor.py:830} INFO - Processing file /home/airflow/.local/lib/python3.12/site-packages/airflow/example_dags/example_python_decorator.py for tasks to queue
[2026-01-01T22:37:22.362+0000] {logging_mixin.py:188} INFO - [2026-01-01T22:37:22.361+0000] {dagbag.py:545} INFO - Filling up the DagBag from /home/airflow/.local/lib/python3.12/site-packages/airflow/example_dags/example_python_decorator.py
[2026-01-01T22:37:22.367+0000] {processor.py:840} INFO - DAG(s) 'example_python_decorator' retrieved from /home/airflow/.local/lib/python3.12/site-packages/airflow/example_dags/example_python_decorator.py
[2026-01-01T22:37:22.382+0000] {logging_mixin.py:188} INFO - [2026-01-01T22:37:22.382+0000] {dag.py:3089} INFO - Sync 1 DAGs
[2026-01-01T22:37:22.390+0000] {logging_mixin.py:188} INFO - [2026-01-01T22:37:22.390+0000] {dag.py:3947} INFO - Setting next_dagrun for example_python_decorator to None, run_after=None
[2026-01-01T22:37:22.400+0000] {processor.py:183} INFO - Processing /home/airflow/.local/lib/python3.12/site-packages/airflow/example_dags/example_python_decorator.py took 0.043 seconds
[2026-01-01T23:54:04.276+0000] {processor.py:161} INFO - Started process (PID=52902) to work on /home/airflow/.local/lib/python3.12/site-packages/airflow/example_dags/example_python_decorator.py
[2026-01-01T23:54:04.277+0000] {processor.py:830} INFO - Processing file /home/airflow/.local/lib/python3.12/site-packages/airflow/example_dags/example_python_decorator.py for tasks to queue
[2026-01-01T23:54:04.278+0000] {logging_mixin.py:188} INFO - [2026-01-01T23:54:04.278+0000] {dagbag.py:545} INFO - Filling up the DagBag from /home/airflow/.local/lib/python3.12/site-packages/airflow/example_dags/example_python_decorator.py
[2026-01-01T23:54:04.287+0000] {processor.py:840} INFO - DAG(s) 'example_python_decorator' retrieved from /home/airflow/.local/lib/python3.12/site-packages/airflow/example_dags/example_python_decorator.py
[2026-01-01T23:54:04.300+0000] {logging_mixin.py:188} INFO - [2026-01-01T23:54:04.300+0000] {dag.py:3089} INFO - Sync 1 DAGs
[2026-01-01T23:54:04.307+0000] {logging_mixin.py:188} INFO - [2026-01-01T23:54:04.307+0000] {dag.py:3947} INFO - Setting next_dagrun for example_python_decorator to None, run_after=None
[2026-01-01T23:54:04.322+0000] {processor.py:183} INFO - Processing /home/airflow/.local/lib/python3.12/site-packages/airflow/example_dags/example_python_decorator.py took 0.049 seconds
