[2026-01-01T01:03:22.927+0000] {processor.py:161} INFO - Started process (PID=51831) to work on /home/airflow/.local/lib/python3.12/site-packages/airflow/example_dags/example_sensors.py
[2026-01-01T01:03:22.928+0000] {processor.py:830} INFO - Processing file /home/airflow/.local/lib/python3.12/site-packages/airflow/example_dags/example_sensors.py for tasks to queue
[2026-01-01T01:03:22.929+0000] {logging_mixin.py:188} INFO - [2026-01-01T01:03:22.929+0000] {dagbag.py:545} INFO - Filling up the DagBag from /home/airflow/.local/lib/python3.12/site-packages/airflow/example_dags/example_sensors.py
[2026-01-01T01:03:22.935+0000] {processor.py:840} INFO - DAG(s) 'example_sensors' retrieved from /home/airflow/.local/lib/python3.12/site-packages/airflow/example_dags/example_sensors.py
[2026-01-01T01:03:22.947+0000] {logging_mixin.py:188} INFO - [2026-01-01T01:03:22.947+0000] {dag.py:3089} INFO - Sync 1 DAGs
[2026-01-01T01:03:22.955+0000] {logging_mixin.py:188} INFO - [2026-01-01T01:03:22.955+0000] {dag.py:3947} INFO - Setting next_dagrun for example_sensors to None, run_after=None
[2026-01-01T01:03:22.962+0000] {processor.py:183} INFO - Processing /home/airflow/.local/lib/python3.12/site-packages/airflow/example_dags/example_sensors.py took 0.038 seconds
[2026-01-01T02:01:02.062+0000] {processor.py:161} INFO - Started process (PID=51890) to work on /home/airflow/.local/lib/python3.12/site-packages/airflow/example_dags/example_sensors.py
[2026-01-01T02:01:02.064+0000] {processor.py:830} INFO - Processing file /home/airflow/.local/lib/python3.12/site-packages/airflow/example_dags/example_sensors.py for tasks to queue
[2026-01-01T02:01:02.065+0000] {logging_mixin.py:188} INFO - [2026-01-01T02:01:02.064+0000] {dagbag.py:545} INFO - Filling up the DagBag from /home/airflow/.local/lib/python3.12/site-packages/airflow/example_dags/example_sensors.py
[2026-01-01T02:01:02.073+0000] {processor.py:840} INFO - DAG(s) 'example_sensors' retrieved from /home/airflow/.local/lib/python3.12/site-packages/airflow/example_dags/example_sensors.py
[2026-01-01T02:01:02.088+0000] {logging_mixin.py:188} INFO - [2026-01-01T02:01:02.088+0000] {dag.py:3089} INFO - Sync 1 DAGs
[2026-01-01T02:01:02.093+0000] {logging_mixin.py:188} INFO - [2026-01-01T02:01:02.093+0000] {dag.py:3947} INFO - Setting next_dagrun for example_sensors to None, run_after=None
[2026-01-01T02:01:02.105+0000] {processor.py:183} INFO - Processing /home/airflow/.local/lib/python3.12/site-packages/airflow/example_dags/example_sensors.py took 0.045 seconds
[2026-01-01T03:35:53.462+0000] {processor.py:161} INFO - Started process (PID=51949) to work on /home/airflow/.local/lib/python3.12/site-packages/airflow/example_dags/example_sensors.py
[2026-01-01T03:35:53.465+0000] {processor.py:830} INFO - Processing file /home/airflow/.local/lib/python3.12/site-packages/airflow/example_dags/example_sensors.py for tasks to queue
[2026-01-01T03:35:53.465+0000] {logging_mixin.py:188} INFO - [2026-01-01T03:35:53.465+0000] {dagbag.py:545} INFO - Filling up the DagBag from /home/airflow/.local/lib/python3.12/site-packages/airflow/example_dags/example_sensors.py
[2026-01-01T03:35:53.471+0000] {processor.py:840} INFO - DAG(s) 'example_sensors' retrieved from /home/airflow/.local/lib/python3.12/site-packages/airflow/example_dags/example_sensors.py
[2026-01-01T03:35:53.487+0000] {logging_mixin.py:188} INFO - [2026-01-01T03:35:53.487+0000] {dag.py:3089} INFO - Sync 1 DAGs
[2026-01-01T03:35:53.494+0000] {logging_mixin.py:188} INFO - [2026-01-01T03:35:53.494+0000] {dag.py:3947} INFO - Setting next_dagrun for example_sensors to None, run_after=None
[2026-01-01T03:35:53.501+0000] {processor.py:183} INFO - Processing /home/airflow/.local/lib/python3.12/site-packages/airflow/example_dags/example_sensors.py took 0.042 seconds
[2026-01-01T04:55:53.443+0000] {processor.py:161} INFO - Started process (PID=52009) to work on /home/airflow/.local/lib/python3.12/site-packages/airflow/example_dags/example_sensors.py
[2026-01-01T04:55:53.444+0000] {processor.py:830} INFO - Processing file /home/airflow/.local/lib/python3.12/site-packages/airflow/example_dags/example_sensors.py for tasks to queue
[2026-01-01T04:55:53.445+0000] {logging_mixin.py:188} INFO - [2026-01-01T04:55:53.444+0000] {dagbag.py:545} INFO - Filling up the DagBag from /home/airflow/.local/lib/python3.12/site-packages/airflow/example_dags/example_sensors.py
[2026-01-01T04:55:53.450+0000] {processor.py:840} INFO - DAG(s) 'example_sensors' retrieved from /home/airflow/.local/lib/python3.12/site-packages/airflow/example_dags/example_sensors.py
[2026-01-01T04:55:53.460+0000] {logging_mixin.py:188} INFO - [2026-01-01T04:55:53.460+0000] {dag.py:3089} INFO - Sync 1 DAGs
[2026-01-01T04:55:53.465+0000] {logging_mixin.py:188} INFO - [2026-01-01T04:55:53.465+0000] {dag.py:3947} INFO - Setting next_dagrun for example_sensors to None, run_after=None
[2026-01-01T04:55:53.473+0000] {processor.py:183} INFO - Processing /home/airflow/.local/lib/python3.12/site-packages/airflow/example_dags/example_sensors.py took 0.043 seconds
[2026-01-01T06:07:21.787+0000] {processor.py:161} INFO - Started process (PID=52068) to work on /home/airflow/.local/lib/python3.12/site-packages/airflow/example_dags/example_sensors.py
[2026-01-01T06:07:21.788+0000] {processor.py:830} INFO - Processing file /home/airflow/.local/lib/python3.12/site-packages/airflow/example_dags/example_sensors.py for tasks to queue
[2026-01-01T06:07:21.788+0000] {logging_mixin.py:188} INFO - [2026-01-01T06:07:21.788+0000] {dagbag.py:545} INFO - Filling up the DagBag from /home/airflow/.local/lib/python3.12/site-packages/airflow/example_dags/example_sensors.py
[2026-01-01T06:07:21.793+0000] {processor.py:840} INFO - DAG(s) 'example_sensors' retrieved from /home/airflow/.local/lib/python3.12/site-packages/airflow/example_dags/example_sensors.py
[2026-01-01T06:07:21.814+0000] {logging_mixin.py:188} INFO - [2026-01-01T06:07:21.814+0000] {dag.py:3089} INFO - Sync 1 DAGs
[2026-01-01T06:07:21.820+0000] {logging_mixin.py:188} INFO - [2026-01-01T06:07:21.820+0000] {dag.py:3947} INFO - Setting next_dagrun for example_sensors to None, run_after=None
[2026-01-01T06:07:21.827+0000] {processor.py:183} INFO - Processing /home/airflow/.local/lib/python3.12/site-packages/airflow/example_dags/example_sensors.py took 0.043 seconds
[2026-01-01T07:40:35.919+0000] {processor.py:161} INFO - Started process (PID=52127) to work on /home/airflow/.local/lib/python3.12/site-packages/airflow/example_dags/example_sensors.py
[2026-01-01T07:40:35.919+0000] {processor.py:830} INFO - Processing file /home/airflow/.local/lib/python3.12/site-packages/airflow/example_dags/example_sensors.py for tasks to queue
[2026-01-01T07:40:35.920+0000] {logging_mixin.py:188} INFO - [2026-01-01T07:40:35.920+0000] {dagbag.py:545} INFO - Filling up the DagBag from /home/airflow/.local/lib/python3.12/site-packages/airflow/example_dags/example_sensors.py
[2026-01-01T07:40:35.924+0000] {processor.py:840} INFO - DAG(s) 'example_sensors' retrieved from /home/airflow/.local/lib/python3.12/site-packages/airflow/example_dags/example_sensors.py
[2026-01-01T07:40:35.942+0000] {logging_mixin.py:188} INFO - [2026-01-01T07:40:35.941+0000] {dag.py:3089} INFO - Sync 1 DAGs
[2026-01-01T07:40:35.950+0000] {logging_mixin.py:188} INFO - [2026-01-01T07:40:35.949+0000] {dag.py:3947} INFO - Setting next_dagrun for example_sensors to None, run_after=None
[2026-01-01T07:40:35.962+0000] {processor.py:183} INFO - Processing /home/airflow/.local/lib/python3.12/site-packages/airflow/example_dags/example_sensors.py took 0.046 seconds
[2026-01-01T08:44:35.915+0000] {processor.py:161} INFO - Started process (PID=52186) to work on /home/airflow/.local/lib/python3.12/site-packages/airflow/example_dags/example_sensors.py
[2026-01-01T08:44:35.915+0000] {processor.py:830} INFO - Processing file /home/airflow/.local/lib/python3.12/site-packages/airflow/example_dags/example_sensors.py for tasks to queue
[2026-01-01T08:44:35.915+0000] {logging_mixin.py:188} INFO - [2026-01-01T08:44:35.915+0000] {dagbag.py:545} INFO - Filling up the DagBag from /home/airflow/.local/lib/python3.12/site-packages/airflow/example_dags/example_sensors.py
[2026-01-01T08:44:35.920+0000] {processor.py:840} INFO - DAG(s) 'example_sensors' retrieved from /home/airflow/.local/lib/python3.12/site-packages/airflow/example_dags/example_sensors.py
[2026-01-01T08:44:35.933+0000] {logging_mixin.py:188} INFO - [2026-01-01T08:44:35.933+0000] {dag.py:3089} INFO - Sync 1 DAGs
[2026-01-01T08:44:35.941+0000] {logging_mixin.py:188} INFO - [2026-01-01T08:44:35.941+0000] {dag.py:3947} INFO - Setting next_dagrun for example_sensors to None, run_after=None
[2026-01-01T08:44:35.949+0000] {processor.py:183} INFO - Processing /home/airflow/.local/lib/python3.12/site-packages/airflow/example_dags/example_sensors.py took 0.037 seconds
[2026-01-01T09:57:57.068+0000] {processor.py:161} INFO - Started process (PID=52245) to work on /home/airflow/.local/lib/python3.12/site-packages/airflow/example_dags/example_sensors.py
[2026-01-01T09:57:57.069+0000] {processor.py:830} INFO - Processing file /home/airflow/.local/lib/python3.12/site-packages/airflow/example_dags/example_sensors.py for tasks to queue
[2026-01-01T09:57:57.069+0000] {logging_mixin.py:188} INFO - [2026-01-01T09:57:57.069+0000] {dagbag.py:545} INFO - Filling up the DagBag from /home/airflow/.local/lib/python3.12/site-packages/airflow/example_dags/example_sensors.py
[2026-01-01T09:57:57.074+0000] {processor.py:840} INFO - DAG(s) 'example_sensors' retrieved from /home/airflow/.local/lib/python3.12/site-packages/airflow/example_dags/example_sensors.py
[2026-01-01T09:57:57.087+0000] {logging_mixin.py:188} INFO - [2026-01-01T09:57:57.087+0000] {dag.py:3089} INFO - Sync 1 DAGs
[2026-01-01T09:57:57.094+0000] {logging_mixin.py:188} INFO - [2026-01-01T09:57:57.093+0000] {dag.py:3947} INFO - Setting next_dagrun for example_sensors to None, run_after=None
[2026-01-01T09:57:57.101+0000] {processor.py:183} INFO - Processing /home/airflow/.local/lib/python3.12/site-packages/airflow/example_dags/example_sensors.py took 0.036 seconds
[2026-01-01T11:12:22.112+0000] {processor.py:161} INFO - Started process (PID=52304) to work on /home/airflow/.local/lib/python3.12/site-packages/airflow/example_dags/example_sensors.py
[2026-01-01T11:12:22.112+0000] {processor.py:830} INFO - Processing file /home/airflow/.local/lib/python3.12/site-packages/airflow/example_dags/example_sensors.py for tasks to queue
[2026-01-01T11:12:22.113+0000] {logging_mixin.py:188} INFO - [2026-01-01T11:12:22.112+0000] {dagbag.py:545} INFO - Filling up the DagBag from /home/airflow/.local/lib/python3.12/site-packages/airflow/example_dags/example_sensors.py
[2026-01-01T11:12:22.117+0000] {processor.py:840} INFO - DAG(s) 'example_sensors' retrieved from /home/airflow/.local/lib/python3.12/site-packages/airflow/example_dags/example_sensors.py
[2026-01-01T11:12:22.127+0000] {logging_mixin.py:188} INFO - [2026-01-01T11:12:22.127+0000] {dag.py:3089} INFO - Sync 1 DAGs
[2026-01-01T11:12:22.132+0000] {logging_mixin.py:188} INFO - [2026-01-01T11:12:22.132+0000] {dag.py:3947} INFO - Setting next_dagrun for example_sensors to None, run_after=None
[2026-01-01T11:12:22.144+0000] {processor.py:183} INFO - Processing /home/airflow/.local/lib/python3.12/site-packages/airflow/example_dags/example_sensors.py took 0.035 seconds
[2026-01-01T12:13:28.914+0000] {processor.py:161} INFO - Started process (PID=52363) to work on /home/airflow/.local/lib/python3.12/site-packages/airflow/example_dags/example_sensors.py
[2026-01-01T12:13:28.915+0000] {processor.py:830} INFO - Processing file /home/airflow/.local/lib/python3.12/site-packages/airflow/example_dags/example_sensors.py for tasks to queue
[2026-01-01T12:13:28.915+0000] {logging_mixin.py:188} INFO - [2026-01-01T12:13:28.915+0000] {dagbag.py:545} INFO - Filling up the DagBag from /home/airflow/.local/lib/python3.12/site-packages/airflow/example_dags/example_sensors.py
[2026-01-01T12:13:28.922+0000] {processor.py:840} INFO - DAG(s) 'example_sensors' retrieved from /home/airflow/.local/lib/python3.12/site-packages/airflow/example_dags/example_sensors.py
[2026-01-01T12:13:28.944+0000] {logging_mixin.py:188} INFO - [2026-01-01T12:13:28.944+0000] {dag.py:3089} INFO - Sync 1 DAGs
[2026-01-01T12:13:28.949+0000] {logging_mixin.py:188} INFO - [2026-01-01T12:13:28.949+0000] {dag.py:3947} INFO - Setting next_dagrun for example_sensors to None, run_after=None
[2026-01-01T12:13:28.959+0000] {processor.py:183} INFO - Processing /home/airflow/.local/lib/python3.12/site-packages/airflow/example_dags/example_sensors.py took 0.048 seconds
[2026-01-01T13:31:41.221+0000] {processor.py:161} INFO - Started process (PID=52422) to work on /home/airflow/.local/lib/python3.12/site-packages/airflow/example_dags/example_sensors.py
[2026-01-01T13:31:41.222+0000] {processor.py:830} INFO - Processing file /home/airflow/.local/lib/python3.12/site-packages/airflow/example_dags/example_sensors.py for tasks to queue
[2026-01-01T13:31:41.222+0000] {logging_mixin.py:188} INFO - [2026-01-01T13:31:41.222+0000] {dagbag.py:545} INFO - Filling up the DagBag from /home/airflow/.local/lib/python3.12/site-packages/airflow/example_dags/example_sensors.py
[2026-01-01T13:31:41.227+0000] {processor.py:840} INFO - DAG(s) 'example_sensors' retrieved from /home/airflow/.local/lib/python3.12/site-packages/airflow/example_dags/example_sensors.py
[2026-01-01T13:31:41.244+0000] {logging_mixin.py:188} INFO - [2026-01-01T13:31:41.244+0000] {dag.py:3089} INFO - Sync 1 DAGs
[2026-01-01T13:31:41.250+0000] {logging_mixin.py:188} INFO - [2026-01-01T13:31:41.250+0000] {dag.py:3947} INFO - Setting next_dagrun for example_sensors to None, run_after=None
[2026-01-01T13:31:41.259+0000] {processor.py:183} INFO - Processing /home/airflow/.local/lib/python3.12/site-packages/airflow/example_dags/example_sensors.py took 0.041 seconds
[2026-01-01T15:05:23.977+0000] {processor.py:161} INFO - Started process (PID=52481) to work on /home/airflow/.local/lib/python3.12/site-packages/airflow/example_dags/example_sensors.py
[2026-01-01T15:05:23.978+0000] {processor.py:830} INFO - Processing file /home/airflow/.local/lib/python3.12/site-packages/airflow/example_dags/example_sensors.py for tasks to queue
[2026-01-01T15:05:23.978+0000] {logging_mixin.py:188} INFO - [2026-01-01T15:05:23.978+0000] {dagbag.py:545} INFO - Filling up the DagBag from /home/airflow/.local/lib/python3.12/site-packages/airflow/example_dags/example_sensors.py
[2026-01-01T15:05:23.982+0000] {processor.py:840} INFO - DAG(s) 'example_sensors' retrieved from /home/airflow/.local/lib/python3.12/site-packages/airflow/example_dags/example_sensors.py
[2026-01-01T15:05:23.993+0000] {logging_mixin.py:188} INFO - [2026-01-01T15:05:23.992+0000] {dag.py:3089} INFO - Sync 1 DAGs
[2026-01-01T15:05:23.997+0000] {logging_mixin.py:188} INFO - [2026-01-01T15:05:23.997+0000] {dag.py:3947} INFO - Setting next_dagrun for example_sensors to None, run_after=None
[2026-01-01T15:05:24.004+0000] {processor.py:183} INFO - Processing /home/airflow/.local/lib/python3.12/site-packages/airflow/example_dags/example_sensors.py took 0.029 seconds
[2026-01-01T16:17:19.824+0000] {processor.py:161} INFO - Started process (PID=52540) to work on /home/airflow/.local/lib/python3.12/site-packages/airflow/example_dags/example_sensors.py
[2026-01-01T16:17:19.824+0000] {processor.py:830} INFO - Processing file /home/airflow/.local/lib/python3.12/site-packages/airflow/example_dags/example_sensors.py for tasks to queue
[2026-01-01T16:17:19.824+0000] {logging_mixin.py:188} INFO - [2026-01-01T16:17:19.824+0000] {dagbag.py:545} INFO - Filling up the DagBag from /home/airflow/.local/lib/python3.12/site-packages/airflow/example_dags/example_sensors.py
[2026-01-01T16:17:19.829+0000] {processor.py:840} INFO - DAG(s) 'example_sensors' retrieved from /home/airflow/.local/lib/python3.12/site-packages/airflow/example_dags/example_sensors.py
[2026-01-01T16:17:19.840+0000] {logging_mixin.py:188} INFO - [2026-01-01T16:17:19.840+0000] {dag.py:3089} INFO - Sync 1 DAGs
[2026-01-01T16:17:19.844+0000] {logging_mixin.py:188} INFO - [2026-01-01T16:17:19.844+0000] {dag.py:3947} INFO - Setting next_dagrun for example_sensors to None, run_after=None
[2026-01-01T16:17:19.851+0000] {processor.py:183} INFO - Processing /home/airflow/.local/lib/python3.12/site-packages/airflow/example_dags/example_sensors.py took 0.030 seconds
[2026-01-01T17:14:38.609+0000] {processor.py:161} INFO - Started process (PID=52599) to work on /home/airflow/.local/lib/python3.12/site-packages/airflow/example_dags/example_sensors.py
[2026-01-01T17:14:38.610+0000] {processor.py:830} INFO - Processing file /home/airflow/.local/lib/python3.12/site-packages/airflow/example_dags/example_sensors.py for tasks to queue
[2026-01-01T17:14:38.610+0000] {logging_mixin.py:188} INFO - [2026-01-01T17:14:38.610+0000] {dagbag.py:545} INFO - Filling up the DagBag from /home/airflow/.local/lib/python3.12/site-packages/airflow/example_dags/example_sensors.py
[2026-01-01T17:14:38.615+0000] {processor.py:840} INFO - DAG(s) 'example_sensors' retrieved from /home/airflow/.local/lib/python3.12/site-packages/airflow/example_dags/example_sensors.py
[2026-01-01T17:14:38.630+0000] {logging_mixin.py:188} INFO - [2026-01-01T17:14:38.630+0000] {dag.py:3089} INFO - Sync 1 DAGs
[2026-01-01T17:14:38.636+0000] {logging_mixin.py:188} INFO - [2026-01-01T17:14:38.636+0000] {dag.py:3947} INFO - Setting next_dagrun for example_sensors to None, run_after=None
[2026-01-01T17:14:38.647+0000] {processor.py:183} INFO - Processing /home/airflow/.local/lib/python3.12/site-packages/airflow/example_dags/example_sensors.py took 0.040 seconds
[2026-01-01T18:19:23.332+0000] {processor.py:161} INFO - Started process (PID=52658) to work on /home/airflow/.local/lib/python3.12/site-packages/airflow/example_dags/example_sensors.py
[2026-01-01T18:19:23.334+0000] {processor.py:830} INFO - Processing file /home/airflow/.local/lib/python3.12/site-packages/airflow/example_dags/example_sensors.py for tasks to queue
[2026-01-01T18:19:23.334+0000] {logging_mixin.py:188} INFO - [2026-01-01T18:19:23.334+0000] {dagbag.py:545} INFO - Filling up the DagBag from /home/airflow/.local/lib/python3.12/site-packages/airflow/example_dags/example_sensors.py
[2026-01-01T18:19:23.340+0000] {processor.py:840} INFO - DAG(s) 'example_sensors' retrieved from /home/airflow/.local/lib/python3.12/site-packages/airflow/example_dags/example_sensors.py
[2026-01-01T18:19:23.354+0000] {logging_mixin.py:188} INFO - [2026-01-01T18:19:23.354+0000] {dag.py:3089} INFO - Sync 1 DAGs
[2026-01-01T18:19:23.360+0000] {logging_mixin.py:188} INFO - [2026-01-01T18:19:23.360+0000] {dag.py:3947} INFO - Setting next_dagrun for example_sensors to None, run_after=None
[2026-01-01T18:19:23.370+0000] {processor.py:183} INFO - Processing /home/airflow/.local/lib/python3.12/site-packages/airflow/example_dags/example_sensors.py took 0.042 seconds
[2026-01-01T19:35:31.306+0000] {processor.py:161} INFO - Started process (PID=52717) to work on /home/airflow/.local/lib/python3.12/site-packages/airflow/example_dags/example_sensors.py
[2026-01-01T19:35:31.308+0000] {processor.py:830} INFO - Processing file /home/airflow/.local/lib/python3.12/site-packages/airflow/example_dags/example_sensors.py for tasks to queue
[2026-01-01T19:35:31.309+0000] {logging_mixin.py:188} INFO - [2026-01-01T19:35:31.309+0000] {dagbag.py:545} INFO - Filling up the DagBag from /home/airflow/.local/lib/python3.12/site-packages/airflow/example_dags/example_sensors.py
[2026-01-01T19:35:31.316+0000] {processor.py:840} INFO - DAG(s) 'example_sensors' retrieved from /home/airflow/.local/lib/python3.12/site-packages/airflow/example_dags/example_sensors.py
[2026-01-01T19:35:31.328+0000] {logging_mixin.py:188} INFO - [2026-01-01T19:35:31.328+0000] {dag.py:3089} INFO - Sync 1 DAGs
[2026-01-01T19:35:31.333+0000] {logging_mixin.py:188} INFO - [2026-01-01T19:35:31.333+0000] {dag.py:3947} INFO - Setting next_dagrun for example_sensors to None, run_after=None
[2026-01-01T19:35:31.340+0000] {processor.py:183} INFO - Processing /home/airflow/.local/lib/python3.12/site-packages/airflow/example_dags/example_sensors.py took 0.037 seconds
[2026-01-01T20:54:40.163+0000] {processor.py:161} INFO - Started process (PID=52776) to work on /home/airflow/.local/lib/python3.12/site-packages/airflow/example_dags/example_sensors.py
[2026-01-01T20:54:40.166+0000] {processor.py:830} INFO - Processing file /home/airflow/.local/lib/python3.12/site-packages/airflow/example_dags/example_sensors.py for tasks to queue
[2026-01-01T20:54:40.168+0000] {logging_mixin.py:188} INFO - [2026-01-01T20:54:40.168+0000] {dagbag.py:545} INFO - Filling up the DagBag from /home/airflow/.local/lib/python3.12/site-packages/airflow/example_dags/example_sensors.py
[2026-01-01T20:54:40.173+0000] {processor.py:840} INFO - DAG(s) 'example_sensors' retrieved from /home/airflow/.local/lib/python3.12/site-packages/airflow/example_dags/example_sensors.py
[2026-01-01T20:54:40.184+0000] {logging_mixin.py:188} INFO - [2026-01-01T20:54:40.184+0000] {dag.py:3089} INFO - Sync 1 DAGs
[2026-01-01T20:54:40.189+0000] {logging_mixin.py:188} INFO - [2026-01-01T20:54:40.189+0000] {dag.py:3947} INFO - Setting next_dagrun for example_sensors to None, run_after=None
[2026-01-01T20:54:40.198+0000] {processor.py:183} INFO - Processing /home/airflow/.local/lib/python3.12/site-packages/airflow/example_dags/example_sensors.py took 0.040 seconds
[2026-01-01T22:37:22.168+0000] {processor.py:161} INFO - Started process (PID=52835) to work on /home/airflow/.local/lib/python3.12/site-packages/airflow/example_dags/example_sensors.py
[2026-01-01T22:37:22.168+0000] {processor.py:830} INFO - Processing file /home/airflow/.local/lib/python3.12/site-packages/airflow/example_dags/example_sensors.py for tasks to queue
[2026-01-01T22:37:22.169+0000] {logging_mixin.py:188} INFO - [2026-01-01T22:37:22.168+0000] {dagbag.py:545} INFO - Filling up the DagBag from /home/airflow/.local/lib/python3.12/site-packages/airflow/example_dags/example_sensors.py
[2026-01-01T22:37:22.172+0000] {processor.py:840} INFO - DAG(s) 'example_sensors' retrieved from /home/airflow/.local/lib/python3.12/site-packages/airflow/example_dags/example_sensors.py
[2026-01-01T22:37:22.184+0000] {logging_mixin.py:188} INFO - [2026-01-01T22:37:22.184+0000] {dag.py:3089} INFO - Sync 1 DAGs
[2026-01-01T22:37:22.190+0000] {logging_mixin.py:188} INFO - [2026-01-01T22:37:22.190+0000] {dag.py:3947} INFO - Setting next_dagrun for example_sensors to None, run_after=None
[2026-01-01T22:37:22.203+0000] {processor.py:183} INFO - Processing /home/airflow/.local/lib/python3.12/site-packages/airflow/example_dags/example_sensors.py took 0.038 seconds
[2026-01-01T23:54:04.038+0000] {processor.py:161} INFO - Started process (PID=52894) to work on /home/airflow/.local/lib/python3.12/site-packages/airflow/example_dags/example_sensors.py
[2026-01-01T23:54:04.039+0000] {processor.py:830} INFO - Processing file /home/airflow/.local/lib/python3.12/site-packages/airflow/example_dags/example_sensors.py for tasks to queue
[2026-01-01T23:54:04.039+0000] {logging_mixin.py:188} INFO - [2026-01-01T23:54:04.039+0000] {dagbag.py:545} INFO - Filling up the DagBag from /home/airflow/.local/lib/python3.12/site-packages/airflow/example_dags/example_sensors.py
[2026-01-01T23:54:04.046+0000] {processor.py:840} INFO - DAG(s) 'example_sensors' retrieved from /home/airflow/.local/lib/python3.12/site-packages/airflow/example_dags/example_sensors.py
[2026-01-01T23:54:04.060+0000] {logging_mixin.py:188} INFO - [2026-01-01T23:54:04.060+0000] {dag.py:3089} INFO - Sync 1 DAGs
[2026-01-01T23:54:04.066+0000] {logging_mixin.py:188} INFO - [2026-01-01T23:54:04.066+0000] {dag.py:3947} INFO - Setting next_dagrun for example_sensors to None, run_after=None
[2026-01-01T23:54:04.083+0000] {processor.py:183} INFO - Processing /home/airflow/.local/lib/python3.12/site-packages/airflow/example_dags/example_sensors.py took 0.049 seconds
