[2026-01-01T01:03:23.930+0000] {processor.py:161} INFO - Started process (PID=51863) to work on /home/airflow/.local/lib/python3.12/site-packages/airflow/example_dags/example_branch_operator.py
[2026-01-01T01:03:23.933+0000] {processor.py:830} INFO - Processing file /home/airflow/.local/lib/python3.12/site-packages/airflow/example_dags/example_branch_operator.py for tasks to queue
[2026-01-01T01:03:23.933+0000] {logging_mixin.py:188} INFO - [2026-01-01T01:03:23.933+0000] {dagbag.py:545} INFO - Filling up the DagBag from /home/airflow/.local/lib/python3.12/site-packages/airflow/example_dags/example_branch_operator.py
[2026-01-01T01:03:23.944+0000] {processor.py:840} INFO - DAG(s) 'example_branch_operator' retrieved from /home/airflow/.local/lib/python3.12/site-packages/airflow/example_dags/example_branch_operator.py
[2026-01-01T01:03:23.959+0000] {logging_mixin.py:188} INFO - [2026-01-01T01:03:23.959+0000] {dag.py:3089} INFO - Sync 1 DAGs
[2026-01-01T01:03:23.972+0000] {logging_mixin.py:188} INFO - [2026-01-01T01:03:23.972+0000] {dag.py:3947} INFO - Setting next_dagrun for example_branch_operator to 2025-12-31 00:00:00+00:00, run_after=2026-01-01 00:00:00+00:00
[2026-01-01T01:03:23.985+0000] {processor.py:183} INFO - Processing /home/airflow/.local/lib/python3.12/site-packages/airflow/example_dags/example_branch_operator.py took 0.059 seconds
[2026-01-01T02:01:03.064+0000] {processor.py:161} INFO - Started process (PID=51922) to work on /home/airflow/.local/lib/python3.12/site-packages/airflow/example_dags/example_branch_operator.py
[2026-01-01T02:01:03.065+0000] {processor.py:830} INFO - Processing file /home/airflow/.local/lib/python3.12/site-packages/airflow/example_dags/example_branch_operator.py for tasks to queue
[2026-01-01T02:01:03.065+0000] {logging_mixin.py:188} INFO - [2026-01-01T02:01:03.065+0000] {dagbag.py:545} INFO - Filling up the DagBag from /home/airflow/.local/lib/python3.12/site-packages/airflow/example_dags/example_branch_operator.py
[2026-01-01T02:01:03.072+0000] {processor.py:840} INFO - DAG(s) 'example_branch_operator' retrieved from /home/airflow/.local/lib/python3.12/site-packages/airflow/example_dags/example_branch_operator.py
[2026-01-01T02:01:03.087+0000] {logging_mixin.py:188} INFO - [2026-01-01T02:01:03.087+0000] {dag.py:3089} INFO - Sync 1 DAGs
[2026-01-01T02:01:03.100+0000] {logging_mixin.py:188} INFO - [2026-01-01T02:01:03.099+0000] {dag.py:3947} INFO - Setting next_dagrun for example_branch_operator to 2025-12-31 00:00:00+00:00, run_after=2026-01-01 00:00:00+00:00
[2026-01-01T02:01:03.112+0000] {processor.py:183} INFO - Processing /home/airflow/.local/lib/python3.12/site-packages/airflow/example_dags/example_branch_operator.py took 0.050 seconds
[2026-01-01T03:35:54.421+0000] {processor.py:161} INFO - Started process (PID=51981) to work on /home/airflow/.local/lib/python3.12/site-packages/airflow/example_dags/example_branch_operator.py
[2026-01-01T03:35:54.422+0000] {processor.py:830} INFO - Processing file /home/airflow/.local/lib/python3.12/site-packages/airflow/example_dags/example_branch_operator.py for tasks to queue
[2026-01-01T03:35:54.422+0000] {logging_mixin.py:188} INFO - [2026-01-01T03:35:54.422+0000] {dagbag.py:545} INFO - Filling up the DagBag from /home/airflow/.local/lib/python3.12/site-packages/airflow/example_dags/example_branch_operator.py
[2026-01-01T03:35:54.429+0000] {processor.py:840} INFO - DAG(s) 'example_branch_operator' retrieved from /home/airflow/.local/lib/python3.12/site-packages/airflow/example_dags/example_branch_operator.py
[2026-01-01T03:35:54.440+0000] {logging_mixin.py:188} INFO - [2026-01-01T03:35:54.440+0000] {dag.py:3089} INFO - Sync 1 DAGs
[2026-01-01T03:35:54.448+0000] {logging_mixin.py:188} INFO - [2026-01-01T03:35:54.448+0000] {dag.py:3947} INFO - Setting next_dagrun for example_branch_operator to 2025-12-31 00:00:00+00:00, run_after=2026-01-01 00:00:00+00:00
[2026-01-01T03:35:54.455+0000] {processor.py:183} INFO - Processing /home/airflow/.local/lib/python3.12/site-packages/airflow/example_dags/example_branch_operator.py took 0.036 seconds
[2026-01-01T04:55:54.567+0000] {processor.py:161} INFO - Started process (PID=52041) to work on /home/airflow/.local/lib/python3.12/site-packages/airflow/example_dags/example_branch_operator.py
[2026-01-01T04:55:54.571+0000] {processor.py:830} INFO - Processing file /home/airflow/.local/lib/python3.12/site-packages/airflow/example_dags/example_branch_operator.py for tasks to queue
[2026-01-01T04:55:54.572+0000] {logging_mixin.py:188} INFO - [2026-01-01T04:55:54.571+0000] {dagbag.py:545} INFO - Filling up the DagBag from /home/airflow/.local/lib/python3.12/site-packages/airflow/example_dags/example_branch_operator.py
[2026-01-01T04:55:54.579+0000] {processor.py:840} INFO - DAG(s) 'example_branch_operator' retrieved from /home/airflow/.local/lib/python3.12/site-packages/airflow/example_dags/example_branch_operator.py
[2026-01-01T04:55:54.596+0000] {logging_mixin.py:188} INFO - [2026-01-01T04:55:54.595+0000] {dag.py:3089} INFO - Sync 1 DAGs
[2026-01-01T04:55:54.606+0000] {logging_mixin.py:188} INFO - [2026-01-01T04:55:54.606+0000] {dag.py:3947} INFO - Setting next_dagrun for example_branch_operator to 2025-12-31 00:00:00+00:00, run_after=2026-01-01 00:00:00+00:00
[2026-01-01T04:55:54.615+0000] {processor.py:183} INFO - Processing /home/airflow/.local/lib/python3.12/site-packages/airflow/example_dags/example_branch_operator.py took 0.051 seconds
[2026-01-01T06:07:22.860+0000] {processor.py:161} INFO - Started process (PID=52100) to work on /home/airflow/.local/lib/python3.12/site-packages/airflow/example_dags/example_branch_operator.py
[2026-01-01T06:07:22.861+0000] {processor.py:830} INFO - Processing file /home/airflow/.local/lib/python3.12/site-packages/airflow/example_dags/example_branch_operator.py for tasks to queue
[2026-01-01T06:07:22.861+0000] {logging_mixin.py:188} INFO - [2026-01-01T06:07:22.861+0000] {dagbag.py:545} INFO - Filling up the DagBag from /home/airflow/.local/lib/python3.12/site-packages/airflow/example_dags/example_branch_operator.py
[2026-01-01T06:07:22.870+0000] {processor.py:840} INFO - DAG(s) 'example_branch_operator' retrieved from /home/airflow/.local/lib/python3.12/site-packages/airflow/example_dags/example_branch_operator.py
[2026-01-01T06:07:22.885+0000] {logging_mixin.py:188} INFO - [2026-01-01T06:07:22.885+0000] {dag.py:3089} INFO - Sync 1 DAGs
[2026-01-01T06:07:22.896+0000] {logging_mixin.py:188} INFO - [2026-01-01T06:07:22.896+0000] {dag.py:3947} INFO - Setting next_dagrun for example_branch_operator to 2025-12-31 00:00:00+00:00, run_after=2026-01-01 00:00:00+00:00
[2026-01-01T06:07:22.904+0000] {processor.py:183} INFO - Processing /home/airflow/.local/lib/python3.12/site-packages/airflow/example_dags/example_branch_operator.py took 0.047 seconds
[2026-01-01T07:40:36.922+0000] {processor.py:161} INFO - Started process (PID=52159) to work on /home/airflow/.local/lib/python3.12/site-packages/airflow/example_dags/example_branch_operator.py
[2026-01-01T07:40:36.923+0000] {processor.py:830} INFO - Processing file /home/airflow/.local/lib/python3.12/site-packages/airflow/example_dags/example_branch_operator.py for tasks to queue
[2026-01-01T07:40:36.924+0000] {logging_mixin.py:188} INFO - [2026-01-01T07:40:36.924+0000] {dagbag.py:545} INFO - Filling up the DagBag from /home/airflow/.local/lib/python3.12/site-packages/airflow/example_dags/example_branch_operator.py
[2026-01-01T07:40:36.932+0000] {processor.py:840} INFO - DAG(s) 'example_branch_operator' retrieved from /home/airflow/.local/lib/python3.12/site-packages/airflow/example_dags/example_branch_operator.py
[2026-01-01T07:40:36.952+0000] {logging_mixin.py:188} INFO - [2026-01-01T07:40:36.952+0000] {dag.py:3089} INFO - Sync 1 DAGs
[2026-01-01T07:40:36.961+0000] {logging_mixin.py:188} INFO - [2026-01-01T07:40:36.961+0000] {dag.py:3947} INFO - Setting next_dagrun for example_branch_operator to 2025-12-31 00:00:00+00:00, run_after=2026-01-01 00:00:00+00:00
[2026-01-01T07:40:36.968+0000] {processor.py:183} INFO - Processing /home/airflow/.local/lib/python3.12/site-packages/airflow/example_dags/example_branch_operator.py took 0.049 seconds
[2026-01-01T08:44:36.761+0000] {processor.py:161} INFO - Started process (PID=52218) to work on /home/airflow/.local/lib/python3.12/site-packages/airflow/example_dags/example_branch_operator.py
[2026-01-01T08:44:36.762+0000] {processor.py:830} INFO - Processing file /home/airflow/.local/lib/python3.12/site-packages/airflow/example_dags/example_branch_operator.py for tasks to queue
[2026-01-01T08:44:36.762+0000] {logging_mixin.py:188} INFO - [2026-01-01T08:44:36.762+0000] {dagbag.py:545} INFO - Filling up the DagBag from /home/airflow/.local/lib/python3.12/site-packages/airflow/example_dags/example_branch_operator.py
[2026-01-01T08:44:36.770+0000] {processor.py:840} INFO - DAG(s) 'example_branch_operator' retrieved from /home/airflow/.local/lib/python3.12/site-packages/airflow/example_dags/example_branch_operator.py
[2026-01-01T08:44:36.784+0000] {logging_mixin.py:188} INFO - [2026-01-01T08:44:36.784+0000] {dag.py:3089} INFO - Sync 1 DAGs
[2026-01-01T08:44:36.798+0000] {logging_mixin.py:188} INFO - [2026-01-01T08:44:36.798+0000] {dag.py:3947} INFO - Setting next_dagrun for example_branch_operator to 2025-12-31 00:00:00+00:00, run_after=2026-01-01 00:00:00+00:00
[2026-01-01T08:44:36.810+0000] {processor.py:183} INFO - Processing /home/airflow/.local/lib/python3.12/site-packages/airflow/example_dags/example_branch_operator.py took 0.052 seconds
[2026-01-01T09:57:58.004+0000] {processor.py:161} INFO - Started process (PID=52277) to work on /home/airflow/.local/lib/python3.12/site-packages/airflow/example_dags/example_branch_operator.py
[2026-01-01T09:57:58.005+0000] {processor.py:830} INFO - Processing file /home/airflow/.local/lib/python3.12/site-packages/airflow/example_dags/example_branch_operator.py for tasks to queue
[2026-01-01T09:57:58.006+0000] {logging_mixin.py:188} INFO - [2026-01-01T09:57:58.006+0000] {dagbag.py:545} INFO - Filling up the DagBag from /home/airflow/.local/lib/python3.12/site-packages/airflow/example_dags/example_branch_operator.py
[2026-01-01T09:57:58.015+0000] {processor.py:840} INFO - DAG(s) 'example_branch_operator' retrieved from /home/airflow/.local/lib/python3.12/site-packages/airflow/example_dags/example_branch_operator.py
[2026-01-01T09:57:58.028+0000] {logging_mixin.py:188} INFO - [2026-01-01T09:57:58.028+0000] {dag.py:3089} INFO - Sync 1 DAGs
[2026-01-01T09:57:58.037+0000] {logging_mixin.py:188} INFO - [2026-01-01T09:57:58.037+0000] {dag.py:3947} INFO - Setting next_dagrun for example_branch_operator to 2025-12-31 00:00:00+00:00, run_after=2026-01-01 00:00:00+00:00
[2026-01-01T09:57:58.047+0000] {processor.py:183} INFO - Processing /home/airflow/.local/lib/python3.12/site-packages/airflow/example_dags/example_branch_operator.py took 0.046 seconds
[2026-01-01T11:12:23.245+0000] {processor.py:161} INFO - Started process (PID=52336) to work on /home/airflow/.local/lib/python3.12/site-packages/airflow/example_dags/example_branch_operator.py
[2026-01-01T11:12:23.248+0000] {processor.py:830} INFO - Processing file /home/airflow/.local/lib/python3.12/site-packages/airflow/example_dags/example_branch_operator.py for tasks to queue
[2026-01-01T11:12:23.250+0000] {logging_mixin.py:188} INFO - [2026-01-01T11:12:23.249+0000] {dagbag.py:545} INFO - Filling up the DagBag from /home/airflow/.local/lib/python3.12/site-packages/airflow/example_dags/example_branch_operator.py
[2026-01-01T11:12:23.266+0000] {processor.py:840} INFO - DAG(s) 'example_branch_operator' retrieved from /home/airflow/.local/lib/python3.12/site-packages/airflow/example_dags/example_branch_operator.py
[2026-01-01T11:12:23.286+0000] {logging_mixin.py:188} INFO - [2026-01-01T11:12:23.285+0000] {dag.py:3089} INFO - Sync 1 DAGs
[2026-01-01T11:12:23.296+0000] {logging_mixin.py:188} INFO - [2026-01-01T11:12:23.296+0000] {dag.py:3947} INFO - Setting next_dagrun for example_branch_operator to 2025-12-31 00:00:00+00:00, run_after=2026-01-01 00:00:00+00:00
[2026-01-01T11:12:23.311+0000] {processor.py:183} INFO - Processing /home/airflow/.local/lib/python3.12/site-packages/airflow/example_dags/example_branch_operator.py took 0.069 seconds
[2026-01-01T12:13:29.881+0000] {processor.py:161} INFO - Started process (PID=52395) to work on /home/airflow/.local/lib/python3.12/site-packages/airflow/example_dags/example_branch_operator.py
[2026-01-01T12:13:29.882+0000] {processor.py:830} INFO - Processing file /home/airflow/.local/lib/python3.12/site-packages/airflow/example_dags/example_branch_operator.py for tasks to queue
[2026-01-01T12:13:29.882+0000] {logging_mixin.py:188} INFO - [2026-01-01T12:13:29.882+0000] {dagbag.py:545} INFO - Filling up the DagBag from /home/airflow/.local/lib/python3.12/site-packages/airflow/example_dags/example_branch_operator.py
[2026-01-01T12:13:29.890+0000] {processor.py:840} INFO - DAG(s) 'example_branch_operator' retrieved from /home/airflow/.local/lib/python3.12/site-packages/airflow/example_dags/example_branch_operator.py
[2026-01-01T12:13:29.908+0000] {logging_mixin.py:188} INFO - [2026-01-01T12:13:29.908+0000] {dag.py:3089} INFO - Sync 1 DAGs
[2026-01-01T12:13:29.919+0000] {logging_mixin.py:188} INFO - [2026-01-01T12:13:29.918+0000] {dag.py:3947} INFO - Setting next_dagrun for example_branch_operator to 2025-12-31 00:00:00+00:00, run_after=2026-01-01 00:00:00+00:00
[2026-01-01T12:13:29.932+0000] {processor.py:183} INFO - Processing /home/airflow/.local/lib/python3.12/site-packages/airflow/example_dags/example_branch_operator.py took 0.055 seconds
[2026-01-01T13:31:42.185+0000] {processor.py:161} INFO - Started process (PID=52454) to work on /home/airflow/.local/lib/python3.12/site-packages/airflow/example_dags/example_branch_operator.py
[2026-01-01T13:31:42.186+0000] {processor.py:830} INFO - Processing file /home/airflow/.local/lib/python3.12/site-packages/airflow/example_dags/example_branch_operator.py for tasks to queue
[2026-01-01T13:31:42.186+0000] {logging_mixin.py:188} INFO - [2026-01-01T13:31:42.186+0000] {dagbag.py:545} INFO - Filling up the DagBag from /home/airflow/.local/lib/python3.12/site-packages/airflow/example_dags/example_branch_operator.py
[2026-01-01T13:31:42.193+0000] {processor.py:840} INFO - DAG(s) 'example_branch_operator' retrieved from /home/airflow/.local/lib/python3.12/site-packages/airflow/example_dags/example_branch_operator.py
[2026-01-01T13:31:42.204+0000] {logging_mixin.py:188} INFO - [2026-01-01T13:31:42.204+0000] {dag.py:3089} INFO - Sync 1 DAGs
[2026-01-01T13:31:42.213+0000] {logging_mixin.py:188} INFO - [2026-01-01T13:31:42.213+0000] {dag.py:3947} INFO - Setting next_dagrun for example_branch_operator to 2025-12-31 00:00:00+00:00, run_after=2026-01-01 00:00:00+00:00
[2026-01-01T13:31:42.219+0000] {processor.py:183} INFO - Processing /home/airflow/.local/lib/python3.12/site-packages/airflow/example_dags/example_branch_operator.py took 0.036 seconds
[2026-01-01T15:05:24.886+0000] {processor.py:161} INFO - Started process (PID=52513) to work on /home/airflow/.local/lib/python3.12/site-packages/airflow/example_dags/example_branch_operator.py
[2026-01-01T15:05:24.887+0000] {processor.py:830} INFO - Processing file /home/airflow/.local/lib/python3.12/site-packages/airflow/example_dags/example_branch_operator.py for tasks to queue
[2026-01-01T15:05:24.888+0000] {logging_mixin.py:188} INFO - [2026-01-01T15:05:24.887+0000] {dagbag.py:545} INFO - Filling up the DagBag from /home/airflow/.local/lib/python3.12/site-packages/airflow/example_dags/example_branch_operator.py
[2026-01-01T15:05:24.896+0000] {processor.py:840} INFO - DAG(s) 'example_branch_operator' retrieved from /home/airflow/.local/lib/python3.12/site-packages/airflow/example_dags/example_branch_operator.py
[2026-01-01T15:05:24.914+0000] {logging_mixin.py:188} INFO - [2026-01-01T15:05:24.914+0000] {dag.py:3089} INFO - Sync 1 DAGs
[2026-01-01T15:05:24.923+0000] {logging_mixin.py:188} INFO - [2026-01-01T15:05:24.923+0000] {dag.py:3947} INFO - Setting next_dagrun for example_branch_operator to 2025-12-31 00:00:00+00:00, run_after=2026-01-01 00:00:00+00:00
[2026-01-01T15:05:24.933+0000] {processor.py:183} INFO - Processing /home/airflow/.local/lib/python3.12/site-packages/airflow/example_dags/example_branch_operator.py took 0.050 seconds
[2026-01-01T16:17:20.810+0000] {processor.py:161} INFO - Started process (PID=52572) to work on /home/airflow/.local/lib/python3.12/site-packages/airflow/example_dags/example_branch_operator.py
[2026-01-01T16:17:20.811+0000] {processor.py:830} INFO - Processing file /home/airflow/.local/lib/python3.12/site-packages/airflow/example_dags/example_branch_operator.py for tasks to queue
[2026-01-01T16:17:20.812+0000] {logging_mixin.py:188} INFO - [2026-01-01T16:17:20.812+0000] {dagbag.py:545} INFO - Filling up the DagBag from /home/airflow/.local/lib/python3.12/site-packages/airflow/example_dags/example_branch_operator.py
[2026-01-01T16:17:20.820+0000] {processor.py:840} INFO - DAG(s) 'example_branch_operator' retrieved from /home/airflow/.local/lib/python3.12/site-packages/airflow/example_dags/example_branch_operator.py
[2026-01-01T16:17:20.836+0000] {logging_mixin.py:188} INFO - [2026-01-01T16:17:20.836+0000] {dag.py:3089} INFO - Sync 1 DAGs
[2026-01-01T16:17:20.847+0000] {logging_mixin.py:188} INFO - [2026-01-01T16:17:20.847+0000] {dag.py:3947} INFO - Setting next_dagrun for example_branch_operator to 2025-12-31 00:00:00+00:00, run_after=2026-01-01 00:00:00+00:00
[2026-01-01T16:17:20.859+0000] {processor.py:183} INFO - Processing /home/airflow/.local/lib/python3.12/site-packages/airflow/example_dags/example_branch_operator.py took 0.051 seconds
[2026-01-01T17:14:39.745+0000] {processor.py:161} INFO - Started process (PID=52631) to work on /home/airflow/.local/lib/python3.12/site-packages/airflow/example_dags/example_branch_operator.py
[2026-01-01T17:14:39.748+0000] {processor.py:830} INFO - Processing file /home/airflow/.local/lib/python3.12/site-packages/airflow/example_dags/example_branch_operator.py for tasks to queue
[2026-01-01T17:14:39.748+0000] {logging_mixin.py:188} INFO - [2026-01-01T17:14:39.748+0000] {dagbag.py:545} INFO - Filling up the DagBag from /home/airflow/.local/lib/python3.12/site-packages/airflow/example_dags/example_branch_operator.py
[2026-01-01T17:14:39.755+0000] {processor.py:840} INFO - DAG(s) 'example_branch_operator' retrieved from /home/airflow/.local/lib/python3.12/site-packages/airflow/example_dags/example_branch_operator.py
[2026-01-01T17:14:39.772+0000] {logging_mixin.py:188} INFO - [2026-01-01T17:14:39.772+0000] {dag.py:3089} INFO - Sync 1 DAGs
[2026-01-01T17:14:39.782+0000] {logging_mixin.py:188} INFO - [2026-01-01T17:14:39.782+0000] {dag.py:3947} INFO - Setting next_dagrun for example_branch_operator to 2025-12-31 00:00:00+00:00, run_after=2026-01-01 00:00:00+00:00
[2026-01-01T17:14:39.794+0000] {processor.py:183} INFO - Processing /home/airflow/.local/lib/python3.12/site-packages/airflow/example_dags/example_branch_operator.py took 0.052 seconds
[2026-01-01T18:19:24.275+0000] {processor.py:161} INFO - Started process (PID=52690) to work on /home/airflow/.local/lib/python3.12/site-packages/airflow/example_dags/example_branch_operator.py
[2026-01-01T18:19:24.275+0000] {processor.py:830} INFO - Processing file /home/airflow/.local/lib/python3.12/site-packages/airflow/example_dags/example_branch_operator.py for tasks to queue
[2026-01-01T18:19:24.276+0000] {logging_mixin.py:188} INFO - [2026-01-01T18:19:24.276+0000] {dagbag.py:545} INFO - Filling up the DagBag from /home/airflow/.local/lib/python3.12/site-packages/airflow/example_dags/example_branch_operator.py
[2026-01-01T18:19:24.283+0000] {processor.py:840} INFO - DAG(s) 'example_branch_operator' retrieved from /home/airflow/.local/lib/python3.12/site-packages/airflow/example_dags/example_branch_operator.py
[2026-01-01T18:19:24.297+0000] {logging_mixin.py:188} INFO - [2026-01-01T18:19:24.297+0000] {dag.py:3089} INFO - Sync 1 DAGs
[2026-01-01T18:19:24.305+0000] {logging_mixin.py:188} INFO - [2026-01-01T18:19:24.305+0000] {dag.py:3947} INFO - Setting next_dagrun for example_branch_operator to 2025-12-31 00:00:00+00:00, run_after=2026-01-01 00:00:00+00:00
[2026-01-01T18:19:24.314+0000] {processor.py:183} INFO - Processing /home/airflow/.local/lib/python3.12/site-packages/airflow/example_dags/example_branch_operator.py took 0.042 seconds
[2026-01-01T19:35:32.249+0000] {processor.py:161} INFO - Started process (PID=52749) to work on /home/airflow/.local/lib/python3.12/site-packages/airflow/example_dags/example_branch_operator.py
[2026-01-01T19:35:32.250+0000] {processor.py:830} INFO - Processing file /home/airflow/.local/lib/python3.12/site-packages/airflow/example_dags/example_branch_operator.py for tasks to queue
[2026-01-01T19:35:32.250+0000] {logging_mixin.py:188} INFO - [2026-01-01T19:35:32.250+0000] {dagbag.py:545} INFO - Filling up the DagBag from /home/airflow/.local/lib/python3.12/site-packages/airflow/example_dags/example_branch_operator.py
[2026-01-01T19:35:32.257+0000] {processor.py:840} INFO - DAG(s) 'example_branch_operator' retrieved from /home/airflow/.local/lib/python3.12/site-packages/airflow/example_dags/example_branch_operator.py
[2026-01-01T19:35:32.271+0000] {logging_mixin.py:188} INFO - [2026-01-01T19:35:32.271+0000] {dag.py:3089} INFO - Sync 1 DAGs
[2026-01-01T19:35:32.281+0000] {logging_mixin.py:188} INFO - [2026-01-01T19:35:32.281+0000] {dag.py:3947} INFO - Setting next_dagrun for example_branch_operator to 2025-12-31 00:00:00+00:00, run_after=2026-01-01 00:00:00+00:00
[2026-01-01T19:35:32.292+0000] {processor.py:183} INFO - Processing /home/airflow/.local/lib/python3.12/site-packages/airflow/example_dags/example_branch_operator.py took 0.045 seconds
[2026-01-01T20:54:41.417+0000] {processor.py:161} INFO - Started process (PID=52808) to work on /home/airflow/.local/lib/python3.12/site-packages/airflow/example_dags/example_branch_operator.py
[2026-01-01T20:54:41.420+0000] {processor.py:830} INFO - Processing file /home/airflow/.local/lib/python3.12/site-packages/airflow/example_dags/example_branch_operator.py for tasks to queue
[2026-01-01T20:54:41.421+0000] {logging_mixin.py:188} INFO - [2026-01-01T20:54:41.421+0000] {dagbag.py:545} INFO - Filling up the DagBag from /home/airflow/.local/lib/python3.12/site-packages/airflow/example_dags/example_branch_operator.py
[2026-01-01T20:54:41.428+0000] {processor.py:840} INFO - DAG(s) 'example_branch_operator' retrieved from /home/airflow/.local/lib/python3.12/site-packages/airflow/example_dags/example_branch_operator.py
[2026-01-01T20:54:41.443+0000] {logging_mixin.py:188} INFO - [2026-01-01T20:54:41.443+0000] {dag.py:3089} INFO - Sync 1 DAGs
[2026-01-01T20:54:41.453+0000] {logging_mixin.py:188} INFO - [2026-01-01T20:54:41.453+0000] {dag.py:3947} INFO - Setting next_dagrun for example_branch_operator to 2025-12-31 00:00:00+00:00, run_after=2026-01-01 00:00:00+00:00
[2026-01-01T20:54:41.460+0000] {processor.py:183} INFO - Processing /home/airflow/.local/lib/python3.12/site-packages/airflow/example_dags/example_branch_operator.py took 0.045 seconds
[2026-01-01T22:37:23.063+0000] {processor.py:161} INFO - Started process (PID=52867) to work on /home/airflow/.local/lib/python3.12/site-packages/airflow/example_dags/example_branch_operator.py
[2026-01-01T22:37:23.064+0000] {processor.py:830} INFO - Processing file /home/airflow/.local/lib/python3.12/site-packages/airflow/example_dags/example_branch_operator.py for tasks to queue
[2026-01-01T22:37:23.065+0000] {logging_mixin.py:188} INFO - [2026-01-01T22:37:23.065+0000] {dagbag.py:545} INFO - Filling up the DagBag from /home/airflow/.local/lib/python3.12/site-packages/airflow/example_dags/example_branch_operator.py
[2026-01-01T22:37:23.071+0000] {processor.py:840} INFO - DAG(s) 'example_branch_operator' retrieved from /home/airflow/.local/lib/python3.12/site-packages/airflow/example_dags/example_branch_operator.py
[2026-01-01T22:37:23.086+0000] {logging_mixin.py:188} INFO - [2026-01-01T22:37:23.085+0000] {dag.py:3089} INFO - Sync 1 DAGs
[2026-01-01T22:37:23.095+0000] {logging_mixin.py:188} INFO - [2026-01-01T22:37:23.095+0000] {dag.py:3947} INFO - Setting next_dagrun for example_branch_operator to 2025-12-31 00:00:00+00:00, run_after=2026-01-01 00:00:00+00:00
[2026-01-01T22:37:23.106+0000] {processor.py:183} INFO - Processing /home/airflow/.local/lib/python3.12/site-packages/airflow/example_dags/example_branch_operator.py took 0.045 seconds
[2026-01-01T23:54:05.554+0000] {processor.py:161} INFO - Started process (PID=52926) to work on /home/airflow/.local/lib/python3.12/site-packages/airflow/example_dags/example_branch_operator.py
[2026-01-01T23:54:05.558+0000] {processor.py:830} INFO - Processing file /home/airflow/.local/lib/python3.12/site-packages/airflow/example_dags/example_branch_operator.py for tasks to queue
[2026-01-01T23:54:05.558+0000] {logging_mixin.py:188} INFO - [2026-01-01T23:54:05.558+0000] {dagbag.py:545} INFO - Filling up the DagBag from /home/airflow/.local/lib/python3.12/site-packages/airflow/example_dags/example_branch_operator.py
[2026-01-01T23:54:05.567+0000] {processor.py:840} INFO - DAG(s) 'example_branch_operator' retrieved from /home/airflow/.local/lib/python3.12/site-packages/airflow/example_dags/example_branch_operator.py
[2026-01-01T23:54:05.587+0000] {logging_mixin.py:188} INFO - [2026-01-01T23:54:05.587+0000] {dag.py:3089} INFO - Sync 1 DAGs
[2026-01-01T23:54:05.596+0000] {logging_mixin.py:188} INFO - [2026-01-01T23:54:05.596+0000] {dag.py:3947} INFO - Setting next_dagrun for example_branch_operator to 2025-12-31 00:00:00+00:00, run_after=2026-01-01 00:00:00+00:00
[2026-01-01T23:54:05.604+0000] {processor.py:183} INFO - Processing /home/airflow/.local/lib/python3.12/site-packages/airflow/example_dags/example_branch_operator.py took 0.054 seconds
