[2026-01-01T01:03:23.863+0000] {processor.py:161} INFO - Started process (PID=51861) to work on /home/airflow/.local/lib/python3.12/site-packages/airflow/example_dags/example_sensor_decorator.py
[2026-01-01T01:03:23.864+0000] {processor.py:830} INFO - Processing file /home/airflow/.local/lib/python3.12/site-packages/airflow/example_dags/example_sensor_decorator.py for tasks to queue
[2026-01-01T01:03:23.864+0000] {logging_mixin.py:188} INFO - [2026-01-01T01:03:23.864+0000] {dagbag.py:545} INFO - Filling up the DagBag from /home/airflow/.local/lib/python3.12/site-packages/airflow/example_dags/example_sensor_decorator.py
[2026-01-01T01:03:23.872+0000] {processor.py:840} INFO - DAG(s) 'example_sensor_decorator' retrieved from /home/airflow/.local/lib/python3.12/site-packages/airflow/example_dags/example_sensor_decorator.py
[2026-01-01T01:03:23.889+0000] {logging_mixin.py:188} INFO - [2026-01-01T01:03:23.889+0000] {dag.py:3089} INFO - Sync 1 DAGs
[2026-01-01T01:03:23.896+0000] {logging_mixin.py:188} INFO - [2026-01-01T01:03:23.896+0000] {dag.py:3947} INFO - Setting next_dagrun for example_sensor_decorator to None, run_after=None
[2026-01-01T01:03:23.910+0000] {processor.py:183} INFO - Processing /home/airflow/.local/lib/python3.12/site-packages/airflow/example_dags/example_sensor_decorator.py took 0.050 seconds
[2026-01-01T02:01:03.024+0000] {processor.py:161} INFO - Started process (PID=51920) to work on /home/airflow/.local/lib/python3.12/site-packages/airflow/example_dags/example_sensor_decorator.py
[2026-01-01T02:01:03.024+0000] {processor.py:830} INFO - Processing file /home/airflow/.local/lib/python3.12/site-packages/airflow/example_dags/example_sensor_decorator.py for tasks to queue
[2026-01-01T02:01:03.024+0000] {logging_mixin.py:188} INFO - [2026-01-01T02:01:03.024+0000] {dagbag.py:545} INFO - Filling up the DagBag from /home/airflow/.local/lib/python3.12/site-packages/airflow/example_dags/example_sensor_decorator.py
[2026-01-01T02:01:03.027+0000] {processor.py:840} INFO - DAG(s) 'example_sensor_decorator' retrieved from /home/airflow/.local/lib/python3.12/site-packages/airflow/example_dags/example_sensor_decorator.py
[2026-01-01T02:01:03.039+0000] {logging_mixin.py:188} INFO - [2026-01-01T02:01:03.039+0000] {dag.py:3089} INFO - Sync 1 DAGs
[2026-01-01T02:01:03.044+0000] {logging_mixin.py:188} INFO - [2026-01-01T02:01:03.044+0000] {dag.py:3947} INFO - Setting next_dagrun for example_sensor_decorator to None, run_after=None
[2026-01-01T02:01:03.052+0000] {processor.py:183} INFO - Processing /home/airflow/.local/lib/python3.12/site-packages/airflow/example_dags/example_sensor_decorator.py took 0.032 seconds
[2026-01-01T03:35:54.375+0000] {processor.py:161} INFO - Started process (PID=51979) to work on /home/airflow/.local/lib/python3.12/site-packages/airflow/example_dags/example_sensor_decorator.py
[2026-01-01T03:35:54.378+0000] {processor.py:830} INFO - Processing file /home/airflow/.local/lib/python3.12/site-packages/airflow/example_dags/example_sensor_decorator.py for tasks to queue
[2026-01-01T03:35:54.379+0000] {logging_mixin.py:188} INFO - [2026-01-01T03:35:54.379+0000] {dagbag.py:545} INFO - Filling up the DagBag from /home/airflow/.local/lib/python3.12/site-packages/airflow/example_dags/example_sensor_decorator.py
[2026-01-01T03:35:54.382+0000] {processor.py:840} INFO - DAG(s) 'example_sensor_decorator' retrieved from /home/airflow/.local/lib/python3.12/site-packages/airflow/example_dags/example_sensor_decorator.py
[2026-01-01T03:35:54.393+0000] {logging_mixin.py:188} INFO - [2026-01-01T03:35:54.393+0000] {dag.py:3089} INFO - Sync 1 DAGs
[2026-01-01T03:35:54.403+0000] {logging_mixin.py:188} INFO - [2026-01-01T03:35:54.403+0000] {dag.py:3947} INFO - Setting next_dagrun for example_sensor_decorator to None, run_after=None
[2026-01-01T03:35:54.414+0000] {processor.py:183} INFO - Processing /home/airflow/.local/lib/python3.12/site-packages/airflow/example_dags/example_sensor_decorator.py took 0.048 seconds
[2026-01-01T04:55:54.522+0000] {processor.py:161} INFO - Started process (PID=52039) to work on /home/airflow/.local/lib/python3.12/site-packages/airflow/example_dags/example_sensor_decorator.py
[2026-01-01T04:55:54.523+0000] {processor.py:830} INFO - Processing file /home/airflow/.local/lib/python3.12/site-packages/airflow/example_dags/example_sensor_decorator.py for tasks to queue
[2026-01-01T04:55:54.525+0000] {logging_mixin.py:188} INFO - [2026-01-01T04:55:54.525+0000] {dagbag.py:545} INFO - Filling up the DagBag from /home/airflow/.local/lib/python3.12/site-packages/airflow/example_dags/example_sensor_decorator.py
[2026-01-01T04:55:54.528+0000] {processor.py:840} INFO - DAG(s) 'example_sensor_decorator' retrieved from /home/airflow/.local/lib/python3.12/site-packages/airflow/example_dags/example_sensor_decorator.py
[2026-01-01T04:55:54.540+0000] {logging_mixin.py:188} INFO - [2026-01-01T04:55:54.540+0000] {dag.py:3089} INFO - Sync 1 DAGs
[2026-01-01T04:55:54.547+0000] {logging_mixin.py:188} INFO - [2026-01-01T04:55:54.547+0000] {dag.py:3947} INFO - Setting next_dagrun for example_sensor_decorator to None, run_after=None
[2026-01-01T04:55:54.555+0000] {processor.py:183} INFO - Processing /home/airflow/.local/lib/python3.12/site-packages/airflow/example_dags/example_sensor_decorator.py took 0.036 seconds
[2026-01-01T06:07:22.809+0000] {processor.py:161} INFO - Started process (PID=52098) to work on /home/airflow/.local/lib/python3.12/site-packages/airflow/example_dags/example_sensor_decorator.py
[2026-01-01T06:07:22.811+0000] {processor.py:830} INFO - Processing file /home/airflow/.local/lib/python3.12/site-packages/airflow/example_dags/example_sensor_decorator.py for tasks to queue
[2026-01-01T06:07:22.812+0000] {logging_mixin.py:188} INFO - [2026-01-01T06:07:22.812+0000] {dagbag.py:545} INFO - Filling up the DagBag from /home/airflow/.local/lib/python3.12/site-packages/airflow/example_dags/example_sensor_decorator.py
[2026-01-01T06:07:22.815+0000] {processor.py:840} INFO - DAG(s) 'example_sensor_decorator' retrieved from /home/airflow/.local/lib/python3.12/site-packages/airflow/example_dags/example_sensor_decorator.py
[2026-01-01T06:07:22.833+0000] {logging_mixin.py:188} INFO - [2026-01-01T06:07:22.833+0000] {dag.py:3089} INFO - Sync 1 DAGs
[2026-01-01T06:07:22.841+0000] {logging_mixin.py:188} INFO - [2026-01-01T06:07:22.841+0000] {dag.py:3947} INFO - Setting next_dagrun for example_sensor_decorator to None, run_after=None
[2026-01-01T06:07:22.849+0000] {processor.py:183} INFO - Processing /home/airflow/.local/lib/python3.12/site-packages/airflow/example_dags/example_sensor_decorator.py took 0.043 seconds
[2026-01-01T07:40:36.874+0000] {processor.py:161} INFO - Started process (PID=52157) to work on /home/airflow/.local/lib/python3.12/site-packages/airflow/example_dags/example_sensor_decorator.py
[2026-01-01T07:40:36.876+0000] {processor.py:830} INFO - Processing file /home/airflow/.local/lib/python3.12/site-packages/airflow/example_dags/example_sensor_decorator.py for tasks to queue
[2026-01-01T07:40:36.877+0000] {logging_mixin.py:188} INFO - [2026-01-01T07:40:36.877+0000] {dagbag.py:545} INFO - Filling up the DagBag from /home/airflow/.local/lib/python3.12/site-packages/airflow/example_dags/example_sensor_decorator.py
[2026-01-01T07:40:36.880+0000] {processor.py:840} INFO - DAG(s) 'example_sensor_decorator' retrieved from /home/airflow/.local/lib/python3.12/site-packages/airflow/example_dags/example_sensor_decorator.py
[2026-01-01T07:40:36.891+0000] {logging_mixin.py:188} INFO - [2026-01-01T07:40:36.891+0000] {dag.py:3089} INFO - Sync 1 DAGs
[2026-01-01T07:40:36.898+0000] {logging_mixin.py:188} INFO - [2026-01-01T07:40:36.897+0000] {dag.py:3947} INFO - Setting next_dagrun for example_sensor_decorator to None, run_after=None
[2026-01-01T07:40:36.906+0000] {processor.py:183} INFO - Processing /home/airflow/.local/lib/python3.12/site-packages/airflow/example_dags/example_sensor_decorator.py took 0.035 seconds
[2026-01-01T08:44:36.715+0000] {processor.py:161} INFO - Started process (PID=52216) to work on /home/airflow/.local/lib/python3.12/site-packages/airflow/example_dags/example_sensor_decorator.py
[2026-01-01T08:44:36.716+0000] {processor.py:830} INFO - Processing file /home/airflow/.local/lib/python3.12/site-packages/airflow/example_dags/example_sensor_decorator.py for tasks to queue
[2026-01-01T08:44:36.717+0000] {logging_mixin.py:188} INFO - [2026-01-01T08:44:36.717+0000] {dagbag.py:545} INFO - Filling up the DagBag from /home/airflow/.local/lib/python3.12/site-packages/airflow/example_dags/example_sensor_decorator.py
[2026-01-01T08:44:36.720+0000] {processor.py:840} INFO - DAG(s) 'example_sensor_decorator' retrieved from /home/airflow/.local/lib/python3.12/site-packages/airflow/example_dags/example_sensor_decorator.py
[2026-01-01T08:44:36.730+0000] {logging_mixin.py:188} INFO - [2026-01-01T08:44:36.730+0000] {dag.py:3089} INFO - Sync 1 DAGs
[2026-01-01T08:44:36.736+0000] {logging_mixin.py:188} INFO - [2026-01-01T08:44:36.736+0000] {dag.py:3947} INFO - Setting next_dagrun for example_sensor_decorator to None, run_after=None
[2026-01-01T08:44:36.747+0000] {processor.py:183} INFO - Processing /home/airflow/.local/lib/python3.12/site-packages/airflow/example_dags/example_sensor_decorator.py took 0.034 seconds
[2026-01-01T09:57:57.929+0000] {processor.py:161} INFO - Started process (PID=52275) to work on /home/airflow/.local/lib/python3.12/site-packages/airflow/example_dags/example_sensor_decorator.py
[2026-01-01T09:57:57.930+0000] {processor.py:830} INFO - Processing file /home/airflow/.local/lib/python3.12/site-packages/airflow/example_dags/example_sensor_decorator.py for tasks to queue
[2026-01-01T09:57:57.931+0000] {logging_mixin.py:188} INFO - [2026-01-01T09:57:57.930+0000] {dagbag.py:545} INFO - Filling up the DagBag from /home/airflow/.local/lib/python3.12/site-packages/airflow/example_dags/example_sensor_decorator.py
[2026-01-01T09:57:57.933+0000] {processor.py:840} INFO - DAG(s) 'example_sensor_decorator' retrieved from /home/airflow/.local/lib/python3.12/site-packages/airflow/example_dags/example_sensor_decorator.py
[2026-01-01T09:57:57.944+0000] {logging_mixin.py:188} INFO - [2026-01-01T09:57:57.944+0000] {dag.py:3089} INFO - Sync 1 DAGs
[2026-01-01T09:57:57.950+0000] {logging_mixin.py:188} INFO - [2026-01-01T09:57:57.950+0000] {dag.py:3947} INFO - Setting next_dagrun for example_sensor_decorator to None, run_after=None
[2026-01-01T09:57:57.957+0000] {processor.py:183} INFO - Processing /home/airflow/.local/lib/python3.12/site-packages/airflow/example_dags/example_sensor_decorator.py took 0.030 seconds
[2026-01-01T11:12:23.209+0000] {processor.py:161} INFO - Started process (PID=52334) to work on /home/airflow/.local/lib/python3.12/site-packages/airflow/example_dags/example_sensor_decorator.py
[2026-01-01T11:12:23.210+0000] {processor.py:830} INFO - Processing file /home/airflow/.local/lib/python3.12/site-packages/airflow/example_dags/example_sensor_decorator.py for tasks to queue
[2026-01-01T11:12:23.210+0000] {logging_mixin.py:188} INFO - [2026-01-01T11:12:23.210+0000] {dagbag.py:545} INFO - Filling up the DagBag from /home/airflow/.local/lib/python3.12/site-packages/airflow/example_dags/example_sensor_decorator.py
[2026-01-01T11:12:23.212+0000] {processor.py:840} INFO - DAG(s) 'example_sensor_decorator' retrieved from /home/airflow/.local/lib/python3.12/site-packages/airflow/example_dags/example_sensor_decorator.py
[2026-01-01T11:12:23.221+0000] {logging_mixin.py:188} INFO - [2026-01-01T11:12:23.220+0000] {dag.py:3089} INFO - Sync 1 DAGs
[2026-01-01T11:12:23.226+0000] {logging_mixin.py:188} INFO - [2026-01-01T11:12:23.226+0000] {dag.py:3947} INFO - Setting next_dagrun for example_sensor_decorator to None, run_after=None
[2026-01-01T11:12:23.232+0000] {processor.py:183} INFO - Processing /home/airflow/.local/lib/python3.12/site-packages/airflow/example_dags/example_sensor_decorator.py took 0.025 seconds
[2026-01-01T12:13:29.833+0000] {processor.py:161} INFO - Started process (PID=52393) to work on /home/airflow/.local/lib/python3.12/site-packages/airflow/example_dags/example_sensor_decorator.py
[2026-01-01T12:13:29.833+0000] {processor.py:830} INFO - Processing file /home/airflow/.local/lib/python3.12/site-packages/airflow/example_dags/example_sensor_decorator.py for tasks to queue
[2026-01-01T12:13:29.834+0000] {logging_mixin.py:188} INFO - [2026-01-01T12:13:29.833+0000] {dagbag.py:545} INFO - Filling up the DagBag from /home/airflow/.local/lib/python3.12/site-packages/airflow/example_dags/example_sensor_decorator.py
[2026-01-01T12:13:29.836+0000] {processor.py:840} INFO - DAG(s) 'example_sensor_decorator' retrieved from /home/airflow/.local/lib/python3.12/site-packages/airflow/example_dags/example_sensor_decorator.py
[2026-01-01T12:13:29.848+0000] {logging_mixin.py:188} INFO - [2026-01-01T12:13:29.848+0000] {dag.py:3089} INFO - Sync 1 DAGs
[2026-01-01T12:13:29.854+0000] {logging_mixin.py:188} INFO - [2026-01-01T12:13:29.854+0000] {dag.py:3947} INFO - Setting next_dagrun for example_sensor_decorator to None, run_after=None
[2026-01-01T12:13:29.867+0000] {processor.py:183} INFO - Processing /home/airflow/.local/lib/python3.12/site-packages/airflow/example_dags/example_sensor_decorator.py took 0.036 seconds
[2026-01-01T13:31:42.142+0000] {processor.py:161} INFO - Started process (PID=52452) to work on /home/airflow/.local/lib/python3.12/site-packages/airflow/example_dags/example_sensor_decorator.py
[2026-01-01T13:31:42.142+0000] {processor.py:830} INFO - Processing file /home/airflow/.local/lib/python3.12/site-packages/airflow/example_dags/example_sensor_decorator.py for tasks to queue
[2026-01-01T13:31:42.143+0000] {logging_mixin.py:188} INFO - [2026-01-01T13:31:42.143+0000] {dagbag.py:545} INFO - Filling up the DagBag from /home/airflow/.local/lib/python3.12/site-packages/airflow/example_dags/example_sensor_decorator.py
[2026-01-01T13:31:42.145+0000] {processor.py:840} INFO - DAG(s) 'example_sensor_decorator' retrieved from /home/airflow/.local/lib/python3.12/site-packages/airflow/example_dags/example_sensor_decorator.py
[2026-01-01T13:31:42.158+0000] {logging_mixin.py:188} INFO - [2026-01-01T13:31:42.158+0000] {dag.py:3089} INFO - Sync 1 DAGs
[2026-01-01T13:31:42.164+0000] {logging_mixin.py:188} INFO - [2026-01-01T13:31:42.164+0000] {dag.py:3947} INFO - Setting next_dagrun for example_sensor_decorator to None, run_after=None
[2026-01-01T13:31:42.175+0000] {processor.py:183} INFO - Processing /home/airflow/.local/lib/python3.12/site-packages/airflow/example_dags/example_sensor_decorator.py took 0.036 seconds
[2026-01-01T15:05:24.839+0000] {processor.py:161} INFO - Started process (PID=52511) to work on /home/airflow/.local/lib/python3.12/site-packages/airflow/example_dags/example_sensor_decorator.py
[2026-01-01T15:05:24.839+0000] {processor.py:830} INFO - Processing file /home/airflow/.local/lib/python3.12/site-packages/airflow/example_dags/example_sensor_decorator.py for tasks to queue
[2026-01-01T15:05:24.840+0000] {logging_mixin.py:188} INFO - [2026-01-01T15:05:24.839+0000] {dagbag.py:545} INFO - Filling up the DagBag from /home/airflow/.local/lib/python3.12/site-packages/airflow/example_dags/example_sensor_decorator.py
[2026-01-01T15:05:24.842+0000] {processor.py:840} INFO - DAG(s) 'example_sensor_decorator' retrieved from /home/airflow/.local/lib/python3.12/site-packages/airflow/example_dags/example_sensor_decorator.py
[2026-01-01T15:05:24.854+0000] {logging_mixin.py:188} INFO - [2026-01-01T15:05:24.854+0000] {dag.py:3089} INFO - Sync 1 DAGs
[2026-01-01T15:05:24.859+0000] {logging_mixin.py:188} INFO - [2026-01-01T15:05:24.859+0000] {dag.py:3947} INFO - Setting next_dagrun for example_sensor_decorator to None, run_after=None
[2026-01-01T15:05:24.872+0000] {processor.py:183} INFO - Processing /home/airflow/.local/lib/python3.12/site-packages/airflow/example_dags/example_sensor_decorator.py took 0.037 seconds
[2026-01-01T16:17:20.769+0000] {processor.py:161} INFO - Started process (PID=52570) to work on /home/airflow/.local/lib/python3.12/site-packages/airflow/example_dags/example_sensor_decorator.py
[2026-01-01T16:17:20.769+0000] {processor.py:830} INFO - Processing file /home/airflow/.local/lib/python3.12/site-packages/airflow/example_dags/example_sensor_decorator.py for tasks to queue
[2026-01-01T16:17:20.769+0000] {logging_mixin.py:188} INFO - [2026-01-01T16:17:20.769+0000] {dagbag.py:545} INFO - Filling up the DagBag from /home/airflow/.local/lib/python3.12/site-packages/airflow/example_dags/example_sensor_decorator.py
[2026-01-01T16:17:20.772+0000] {processor.py:840} INFO - DAG(s) 'example_sensor_decorator' retrieved from /home/airflow/.local/lib/python3.12/site-packages/airflow/example_dags/example_sensor_decorator.py
[2026-01-01T16:17:20.782+0000] {logging_mixin.py:188} INFO - [2026-01-01T16:17:20.782+0000] {dag.py:3089} INFO - Sync 1 DAGs
[2026-01-01T16:17:20.788+0000] {logging_mixin.py:188} INFO - [2026-01-01T16:17:20.788+0000] {dag.py:3947} INFO - Setting next_dagrun for example_sensor_decorator to None, run_after=None
[2026-01-01T16:17:20.795+0000] {processor.py:183} INFO - Processing /home/airflow/.local/lib/python3.12/site-packages/airflow/example_dags/example_sensor_decorator.py took 0.030 seconds
[2026-01-01T17:14:39.696+0000] {processor.py:161} INFO - Started process (PID=52629) to work on /home/airflow/.local/lib/python3.12/site-packages/airflow/example_dags/example_sensor_decorator.py
[2026-01-01T17:14:39.699+0000] {processor.py:830} INFO - Processing file /home/airflow/.local/lib/python3.12/site-packages/airflow/example_dags/example_sensor_decorator.py for tasks to queue
[2026-01-01T17:14:39.699+0000] {logging_mixin.py:188} INFO - [2026-01-01T17:14:39.699+0000] {dagbag.py:545} INFO - Filling up the DagBag from /home/airflow/.local/lib/python3.12/site-packages/airflow/example_dags/example_sensor_decorator.py
[2026-01-01T17:14:39.705+0000] {processor.py:840} INFO - DAG(s) 'example_sensor_decorator' retrieved from /home/airflow/.local/lib/python3.12/site-packages/airflow/example_dags/example_sensor_decorator.py
[2026-01-01T17:14:39.718+0000] {logging_mixin.py:188} INFO - [2026-01-01T17:14:39.718+0000] {dag.py:3089} INFO - Sync 1 DAGs
[2026-01-01T17:14:39.724+0000] {logging_mixin.py:188} INFO - [2026-01-01T17:14:39.723+0000] {dag.py:3947} INFO - Setting next_dagrun for example_sensor_decorator to None, run_after=None
[2026-01-01T17:14:39.730+0000] {processor.py:183} INFO - Processing /home/airflow/.local/lib/python3.12/site-packages/airflow/example_dags/example_sensor_decorator.py took 0.037 seconds
[2026-01-01T18:19:24.191+0000] {processor.py:161} INFO - Started process (PID=52688) to work on /home/airflow/.local/lib/python3.12/site-packages/airflow/example_dags/example_sensor_decorator.py
[2026-01-01T18:19:24.194+0000] {processor.py:830} INFO - Processing file /home/airflow/.local/lib/python3.12/site-packages/airflow/example_dags/example_sensor_decorator.py for tasks to queue
[2026-01-01T18:19:24.195+0000] {logging_mixin.py:188} INFO - [2026-01-01T18:19:24.194+0000] {dagbag.py:545} INFO - Filling up the DagBag from /home/airflow/.local/lib/python3.12/site-packages/airflow/example_dags/example_sensor_decorator.py
[2026-01-01T18:19:24.198+0000] {processor.py:840} INFO - DAG(s) 'example_sensor_decorator' retrieved from /home/airflow/.local/lib/python3.12/site-packages/airflow/example_dags/example_sensor_decorator.py
[2026-01-01T18:19:24.213+0000] {logging_mixin.py:188} INFO - [2026-01-01T18:19:24.212+0000] {dag.py:3089} INFO - Sync 1 DAGs
[2026-01-01T18:19:24.219+0000] {logging_mixin.py:188} INFO - [2026-01-01T18:19:24.218+0000] {dag.py:3947} INFO - Setting next_dagrun for example_sensor_decorator to None, run_after=None
[2026-01-01T18:19:24.228+0000] {processor.py:183} INFO - Processing /home/airflow/.local/lib/python3.12/site-packages/airflow/example_dags/example_sensor_decorator.py took 0.040 seconds
[2026-01-01T19:35:32.170+0000] {processor.py:161} INFO - Started process (PID=52747) to work on /home/airflow/.local/lib/python3.12/site-packages/airflow/example_dags/example_sensor_decorator.py
[2026-01-01T19:35:32.170+0000] {processor.py:830} INFO - Processing file /home/airflow/.local/lib/python3.12/site-packages/airflow/example_dags/example_sensor_decorator.py for tasks to queue
[2026-01-01T19:35:32.171+0000] {logging_mixin.py:188} INFO - [2026-01-01T19:35:32.171+0000] {dagbag.py:545} INFO - Filling up the DagBag from /home/airflow/.local/lib/python3.12/site-packages/airflow/example_dags/example_sensor_decorator.py
[2026-01-01T19:35:32.174+0000] {processor.py:840} INFO - DAG(s) 'example_sensor_decorator' retrieved from /home/airflow/.local/lib/python3.12/site-packages/airflow/example_dags/example_sensor_decorator.py
[2026-01-01T19:35:32.186+0000] {logging_mixin.py:188} INFO - [2026-01-01T19:35:32.186+0000] {dag.py:3089} INFO - Sync 1 DAGs
[2026-01-01T19:35:32.193+0000] {logging_mixin.py:188} INFO - [2026-01-01T19:35:32.192+0000] {dag.py:3947} INFO - Setting next_dagrun for example_sensor_decorator to None, run_after=None
[2026-01-01T19:35:32.203+0000] {processor.py:183} INFO - Processing /home/airflow/.local/lib/python3.12/site-packages/airflow/example_dags/example_sensor_decorator.py took 0.035 seconds
[2026-01-01T20:54:41.372+0000] {processor.py:161} INFO - Started process (PID=52806) to work on /home/airflow/.local/lib/python3.12/site-packages/airflow/example_dags/example_sensor_decorator.py
[2026-01-01T20:54:41.373+0000] {processor.py:830} INFO - Processing file /home/airflow/.local/lib/python3.12/site-packages/airflow/example_dags/example_sensor_decorator.py for tasks to queue
[2026-01-01T20:54:41.373+0000] {logging_mixin.py:188} INFO - [2026-01-01T20:54:41.373+0000] {dagbag.py:545} INFO - Filling up the DagBag from /home/airflow/.local/lib/python3.12/site-packages/airflow/example_dags/example_sensor_decorator.py
[2026-01-01T20:54:41.378+0000] {processor.py:840} INFO - DAG(s) 'example_sensor_decorator' retrieved from /home/airflow/.local/lib/python3.12/site-packages/airflow/example_dags/example_sensor_decorator.py
[2026-01-01T20:54:41.390+0000] {logging_mixin.py:188} INFO - [2026-01-01T20:54:41.390+0000] {dag.py:3089} INFO - Sync 1 DAGs
[2026-01-01T20:54:41.396+0000] {logging_mixin.py:188} INFO - [2026-01-01T20:54:41.396+0000] {dag.py:3947} INFO - Setting next_dagrun for example_sensor_decorator to None, run_after=None
[2026-01-01T20:54:41.404+0000] {processor.py:183} INFO - Processing /home/airflow/.local/lib/python3.12/site-packages/airflow/example_dags/example_sensor_decorator.py took 0.035 seconds
[2026-01-01T22:37:23.014+0000] {processor.py:161} INFO - Started process (PID=52865) to work on /home/airflow/.local/lib/python3.12/site-packages/airflow/example_dags/example_sensor_decorator.py
[2026-01-01T22:37:23.015+0000] {processor.py:830} INFO - Processing file /home/airflow/.local/lib/python3.12/site-packages/airflow/example_dags/example_sensor_decorator.py for tasks to queue
[2026-01-01T22:37:23.015+0000] {logging_mixin.py:188} INFO - [2026-01-01T22:37:23.015+0000] {dagbag.py:545} INFO - Filling up the DagBag from /home/airflow/.local/lib/python3.12/site-packages/airflow/example_dags/example_sensor_decorator.py
[2026-01-01T22:37:23.019+0000] {processor.py:840} INFO - DAG(s) 'example_sensor_decorator' retrieved from /home/airflow/.local/lib/python3.12/site-packages/airflow/example_dags/example_sensor_decorator.py
[2026-01-01T22:37:23.030+0000] {logging_mixin.py:188} INFO - [2026-01-01T22:37:23.030+0000] {dag.py:3089} INFO - Sync 1 DAGs
[2026-01-01T22:37:23.034+0000] {logging_mixin.py:188} INFO - [2026-01-01T22:37:23.034+0000] {dag.py:3947} INFO - Setting next_dagrun for example_sensor_decorator to None, run_after=None
[2026-01-01T22:37:23.046+0000] {processor.py:183} INFO - Processing /home/airflow/.local/lib/python3.12/site-packages/airflow/example_dags/example_sensor_decorator.py took 0.034 seconds
[2026-01-01T23:54:05.504+0000] {processor.py:161} INFO - Started process (PID=52924) to work on /home/airflow/.local/lib/python3.12/site-packages/airflow/example_dags/example_sensor_decorator.py
[2026-01-01T23:54:05.504+0000] {processor.py:830} INFO - Processing file /home/airflow/.local/lib/python3.12/site-packages/airflow/example_dags/example_sensor_decorator.py for tasks to queue
[2026-01-01T23:54:05.505+0000] {logging_mixin.py:188} INFO - [2026-01-01T23:54:05.505+0000] {dagbag.py:545} INFO - Filling up the DagBag from /home/airflow/.local/lib/python3.12/site-packages/airflow/example_dags/example_sensor_decorator.py
[2026-01-01T23:54:05.508+0000] {processor.py:840} INFO - DAG(s) 'example_sensor_decorator' retrieved from /home/airflow/.local/lib/python3.12/site-packages/airflow/example_dags/example_sensor_decorator.py
[2026-01-01T23:54:05.522+0000] {logging_mixin.py:188} INFO - [2026-01-01T23:54:05.522+0000] {dag.py:3089} INFO - Sync 1 DAGs
[2026-01-01T23:54:05.530+0000] {logging_mixin.py:188} INFO - [2026-01-01T23:54:05.529+0000] {dag.py:3947} INFO - Setting next_dagrun for example_sensor_decorator to None, run_after=None
[2026-01-01T23:54:05.538+0000] {processor.py:183} INFO - Processing /home/airflow/.local/lib/python3.12/site-packages/airflow/example_dags/example_sensor_decorator.py took 0.039 seconds
