[2026-01-01T01:03:22.766+0000] {processor.py:161} INFO - Started process (PID=51827) to work on /home/airflow/.local/lib/python3.12/site-packages/airflow/example_dags/example_short_circuit_decorator.py
[2026-01-01T01:03:22.767+0000] {processor.py:830} INFO - Processing file /home/airflow/.local/lib/python3.12/site-packages/airflow/example_dags/example_short_circuit_decorator.py for tasks to queue
[2026-01-01T01:03:22.768+0000] {logging_mixin.py:188} INFO - [2026-01-01T01:03:22.768+0000] {dagbag.py:545} INFO - Filling up the DagBag from /home/airflow/.local/lib/python3.12/site-packages/airflow/example_dags/example_short_circuit_decorator.py
[2026-01-01T01:03:22.778+0000] {processor.py:840} INFO - DAG(s) 'example_short_circuit_decorator' retrieved from /home/airflow/.local/lib/python3.12/site-packages/airflow/example_dags/example_short_circuit_decorator.py
[2026-01-01T01:03:22.793+0000] {logging_mixin.py:188} INFO - [2026-01-01T01:03:22.793+0000] {dag.py:3089} INFO - Sync 1 DAGs
[2026-01-01T01:03:22.805+0000] {logging_mixin.py:188} INFO - [2026-01-01T01:03:22.805+0000] {dag.py:3947} INFO - Setting next_dagrun for example_short_circuit_decorator to 2025-12-31 00:00:00+00:00, run_after=2026-01-01 00:00:00+00:00
[2026-01-01T01:03:22.824+0000] {processor.py:183} INFO - Processing /home/airflow/.local/lib/python3.12/site-packages/airflow/example_dags/example_short_circuit_decorator.py took 0.061 seconds
[2026-01-01T02:01:01.939+0000] {processor.py:161} INFO - Started process (PID=51886) to work on /home/airflow/.local/lib/python3.12/site-packages/airflow/example_dags/example_short_circuit_decorator.py
[2026-01-01T02:01:01.939+0000] {processor.py:830} INFO - Processing file /home/airflow/.local/lib/python3.12/site-packages/airflow/example_dags/example_short_circuit_decorator.py for tasks to queue
[2026-01-01T02:01:01.939+0000] {logging_mixin.py:188} INFO - [2026-01-01T02:01:01.939+0000] {dagbag.py:545} INFO - Filling up the DagBag from /home/airflow/.local/lib/python3.12/site-packages/airflow/example_dags/example_short_circuit_decorator.py
[2026-01-01T02:01:01.945+0000] {processor.py:840} INFO - DAG(s) 'example_short_circuit_decorator' retrieved from /home/airflow/.local/lib/python3.12/site-packages/airflow/example_dags/example_short_circuit_decorator.py
[2026-01-01T02:01:01.958+0000] {logging_mixin.py:188} INFO - [2026-01-01T02:01:01.958+0000] {dag.py:3089} INFO - Sync 1 DAGs
[2026-01-01T02:01:01.969+0000] {logging_mixin.py:188} INFO - [2026-01-01T02:01:01.969+0000] {dag.py:3947} INFO - Setting next_dagrun for example_short_circuit_decorator to 2025-12-31 00:00:00+00:00, run_after=2026-01-01 00:00:00+00:00
[2026-01-01T02:01:01.981+0000] {processor.py:183} INFO - Processing /home/airflow/.local/lib/python3.12/site-packages/airflow/example_dags/example_short_circuit_decorator.py took 0.045 seconds
[2026-01-01T03:35:53.364+0000] {processor.py:161} INFO - Started process (PID=51945) to work on /home/airflow/.local/lib/python3.12/site-packages/airflow/example_dags/example_short_circuit_decorator.py
[2026-01-01T03:35:53.365+0000] {processor.py:830} INFO - Processing file /home/airflow/.local/lib/python3.12/site-packages/airflow/example_dags/example_short_circuit_decorator.py for tasks to queue
[2026-01-01T03:35:53.366+0000] {logging_mixin.py:188} INFO - [2026-01-01T03:35:53.366+0000] {dagbag.py:545} INFO - Filling up the DagBag from /home/airflow/.local/lib/python3.12/site-packages/airflow/example_dags/example_short_circuit_decorator.py
[2026-01-01T03:35:53.370+0000] {processor.py:840} INFO - DAG(s) 'example_short_circuit_decorator' retrieved from /home/airflow/.local/lib/python3.12/site-packages/airflow/example_dags/example_short_circuit_decorator.py
[2026-01-01T03:35:53.380+0000] {logging_mixin.py:188} INFO - [2026-01-01T03:35:53.380+0000] {dag.py:3089} INFO - Sync 1 DAGs
[2026-01-01T03:35:53.390+0000] {logging_mixin.py:188} INFO - [2026-01-01T03:35:53.390+0000] {dag.py:3947} INFO - Setting next_dagrun for example_short_circuit_decorator to 2025-12-31 00:00:00+00:00, run_after=2026-01-01 00:00:00+00:00
[2026-01-01T03:35:53.398+0000] {processor.py:183} INFO - Processing /home/airflow/.local/lib/python3.12/site-packages/airflow/example_dags/example_short_circuit_decorator.py took 0.037 seconds
[2026-01-01T04:55:53.291+0000] {processor.py:161} INFO - Started process (PID=52005) to work on /home/airflow/.local/lib/python3.12/site-packages/airflow/example_dags/example_short_circuit_decorator.py
[2026-01-01T04:55:53.292+0000] {processor.py:830} INFO - Processing file /home/airflow/.local/lib/python3.12/site-packages/airflow/example_dags/example_short_circuit_decorator.py for tasks to queue
[2026-01-01T04:55:53.292+0000] {logging_mixin.py:188} INFO - [2026-01-01T04:55:53.292+0000] {dagbag.py:545} INFO - Filling up the DagBag from /home/airflow/.local/lib/python3.12/site-packages/airflow/example_dags/example_short_circuit_decorator.py
[2026-01-01T04:55:53.296+0000] {processor.py:840} INFO - DAG(s) 'example_short_circuit_decorator' retrieved from /home/airflow/.local/lib/python3.12/site-packages/airflow/example_dags/example_short_circuit_decorator.py
[2026-01-01T04:55:53.304+0000] {logging_mixin.py:188} INFO - [2026-01-01T04:55:53.304+0000] {dag.py:3089} INFO - Sync 1 DAGs
[2026-01-01T04:55:53.315+0000] {logging_mixin.py:188} INFO - [2026-01-01T04:55:53.315+0000] {dag.py:3947} INFO - Setting next_dagrun for example_short_circuit_decorator to 2025-12-31 00:00:00+00:00, run_after=2026-01-01 00:00:00+00:00
[2026-01-01T04:55:53.323+0000] {processor.py:183} INFO - Processing /home/airflow/.local/lib/python3.12/site-packages/airflow/example_dags/example_short_circuit_decorator.py took 0.034 seconds
[2026-01-01T06:07:21.683+0000] {processor.py:161} INFO - Started process (PID=52064) to work on /home/airflow/.local/lib/python3.12/site-packages/airflow/example_dags/example_short_circuit_decorator.py
[2026-01-01T06:07:21.683+0000] {processor.py:830} INFO - Processing file /home/airflow/.local/lib/python3.12/site-packages/airflow/example_dags/example_short_circuit_decorator.py for tasks to queue
[2026-01-01T06:07:21.683+0000] {logging_mixin.py:188} INFO - [2026-01-01T06:07:21.683+0000] {dagbag.py:545} INFO - Filling up the DagBag from /home/airflow/.local/lib/python3.12/site-packages/airflow/example_dags/example_short_circuit_decorator.py
[2026-01-01T06:07:21.687+0000] {processor.py:840} INFO - DAG(s) 'example_short_circuit_decorator' retrieved from /home/airflow/.local/lib/python3.12/site-packages/airflow/example_dags/example_short_circuit_decorator.py
[2026-01-01T06:07:21.696+0000] {logging_mixin.py:188} INFO - [2026-01-01T06:07:21.696+0000] {dag.py:3089} INFO - Sync 1 DAGs
[2026-01-01T06:07:21.704+0000] {logging_mixin.py:188} INFO - [2026-01-01T06:07:21.704+0000] {dag.py:3947} INFO - Setting next_dagrun for example_short_circuit_decorator to 2025-12-31 00:00:00+00:00, run_after=2026-01-01 00:00:00+00:00
[2026-01-01T06:07:21.710+0000] {processor.py:183} INFO - Processing /home/airflow/.local/lib/python3.12/site-packages/airflow/example_dags/example_short_circuit_decorator.py took 0.030 seconds
[2026-01-01T07:40:35.777+0000] {processor.py:161} INFO - Started process (PID=52123) to work on /home/airflow/.local/lib/python3.12/site-packages/airflow/example_dags/example_short_circuit_decorator.py
[2026-01-01T07:40:35.778+0000] {processor.py:830} INFO - Processing file /home/airflow/.local/lib/python3.12/site-packages/airflow/example_dags/example_short_circuit_decorator.py for tasks to queue
[2026-01-01T07:40:35.778+0000] {logging_mixin.py:188} INFO - [2026-01-01T07:40:35.778+0000] {dagbag.py:545} INFO - Filling up the DagBag from /home/airflow/.local/lib/python3.12/site-packages/airflow/example_dags/example_short_circuit_decorator.py
[2026-01-01T07:40:35.782+0000] {processor.py:840} INFO - DAG(s) 'example_short_circuit_decorator' retrieved from /home/airflow/.local/lib/python3.12/site-packages/airflow/example_dags/example_short_circuit_decorator.py
[2026-01-01T07:40:35.793+0000] {logging_mixin.py:188} INFO - [2026-01-01T07:40:35.793+0000] {dag.py:3089} INFO - Sync 1 DAGs
[2026-01-01T07:40:35.802+0000] {logging_mixin.py:188} INFO - [2026-01-01T07:40:35.802+0000] {dag.py:3947} INFO - Setting next_dagrun for example_short_circuit_decorator to 2025-12-31 00:00:00+00:00, run_after=2026-01-01 00:00:00+00:00
[2026-01-01T07:40:35.810+0000] {processor.py:183} INFO - Processing /home/airflow/.local/lib/python3.12/site-packages/airflow/example_dags/example_short_circuit_decorator.py took 0.036 seconds
[2026-01-01T08:44:35.803+0000] {processor.py:161} INFO - Started process (PID=52182) to work on /home/airflow/.local/lib/python3.12/site-packages/airflow/example_dags/example_short_circuit_decorator.py
[2026-01-01T08:44:35.804+0000] {processor.py:830} INFO - Processing file /home/airflow/.local/lib/python3.12/site-packages/airflow/example_dags/example_short_circuit_decorator.py for tasks to queue
[2026-01-01T08:44:35.805+0000] {logging_mixin.py:188} INFO - [2026-01-01T08:44:35.805+0000] {dagbag.py:545} INFO - Filling up the DagBag from /home/airflow/.local/lib/python3.12/site-packages/airflow/example_dags/example_short_circuit_decorator.py
[2026-01-01T08:44:35.811+0000] {processor.py:840} INFO - DAG(s) 'example_short_circuit_decorator' retrieved from /home/airflow/.local/lib/python3.12/site-packages/airflow/example_dags/example_short_circuit_decorator.py
[2026-01-01T08:44:35.821+0000] {logging_mixin.py:188} INFO - [2026-01-01T08:44:35.821+0000] {dag.py:3089} INFO - Sync 1 DAGs
[2026-01-01T08:44:35.830+0000] {logging_mixin.py:188} INFO - [2026-01-01T08:44:35.830+0000] {dag.py:3947} INFO - Setting next_dagrun for example_short_circuit_decorator to 2025-12-31 00:00:00+00:00, run_after=2026-01-01 00:00:00+00:00
[2026-01-01T08:44:35.841+0000] {processor.py:183} INFO - Processing /home/airflow/.local/lib/python3.12/site-packages/airflow/example_dags/example_short_circuit_decorator.py took 0.041 seconds
[2026-01-01T09:57:56.965+0000] {processor.py:161} INFO - Started process (PID=52241) to work on /home/airflow/.local/lib/python3.12/site-packages/airflow/example_dags/example_short_circuit_decorator.py
[2026-01-01T09:57:56.966+0000] {processor.py:830} INFO - Processing file /home/airflow/.local/lib/python3.12/site-packages/airflow/example_dags/example_short_circuit_decorator.py for tasks to queue
[2026-01-01T09:57:56.966+0000] {logging_mixin.py:188} INFO - [2026-01-01T09:57:56.966+0000] {dagbag.py:545} INFO - Filling up the DagBag from /home/airflow/.local/lib/python3.12/site-packages/airflow/example_dags/example_short_circuit_decorator.py
[2026-01-01T09:57:56.974+0000] {processor.py:840} INFO - DAG(s) 'example_short_circuit_decorator' retrieved from /home/airflow/.local/lib/python3.12/site-packages/airflow/example_dags/example_short_circuit_decorator.py
[2026-01-01T09:57:56.984+0000] {logging_mixin.py:188} INFO - [2026-01-01T09:57:56.984+0000] {dag.py:3089} INFO - Sync 1 DAGs
[2026-01-01T09:57:56.993+0000] {logging_mixin.py:188} INFO - [2026-01-01T09:57:56.993+0000] {dag.py:3947} INFO - Setting next_dagrun for example_short_circuit_decorator to 2025-12-31 00:00:00+00:00, run_after=2026-01-01 00:00:00+00:00
[2026-01-01T09:57:57.002+0000] {processor.py:183} INFO - Processing /home/airflow/.local/lib/python3.12/site-packages/airflow/example_dags/example_short_circuit_decorator.py took 0.040 seconds
[2026-01-01T11:12:21.999+0000] {processor.py:161} INFO - Started process (PID=52300) to work on /home/airflow/.local/lib/python3.12/site-packages/airflow/example_dags/example_short_circuit_decorator.py
[2026-01-01T11:12:22.000+0000] {processor.py:830} INFO - Processing file /home/airflow/.local/lib/python3.12/site-packages/airflow/example_dags/example_short_circuit_decorator.py for tasks to queue
[2026-01-01T11:12:22.000+0000] {logging_mixin.py:188} INFO - [2026-01-01T11:12:22.000+0000] {dagbag.py:545} INFO - Filling up the DagBag from /home/airflow/.local/lib/python3.12/site-packages/airflow/example_dags/example_short_circuit_decorator.py
[2026-01-01T11:12:22.005+0000] {processor.py:840} INFO - DAG(s) 'example_short_circuit_decorator' retrieved from /home/airflow/.local/lib/python3.12/site-packages/airflow/example_dags/example_short_circuit_decorator.py
[2026-01-01T11:12:22.015+0000] {logging_mixin.py:188} INFO - [2026-01-01T11:12:22.015+0000] {dag.py:3089} INFO - Sync 1 DAGs
[2026-01-01T11:12:22.026+0000] {logging_mixin.py:188} INFO - [2026-01-01T11:12:22.026+0000] {dag.py:3947} INFO - Setting next_dagrun for example_short_circuit_decorator to 2025-12-31 00:00:00+00:00, run_after=2026-01-01 00:00:00+00:00
[2026-01-01T11:12:22.038+0000] {processor.py:183} INFO - Processing /home/airflow/.local/lib/python3.12/site-packages/airflow/example_dags/example_short_circuit_decorator.py took 0.042 seconds
[2026-01-01T12:13:28.748+0000] {processor.py:161} INFO - Started process (PID=52359) to work on /home/airflow/.local/lib/python3.12/site-packages/airflow/example_dags/example_short_circuit_decorator.py
[2026-01-01T12:13:28.749+0000] {processor.py:830} INFO - Processing file /home/airflow/.local/lib/python3.12/site-packages/airflow/example_dags/example_short_circuit_decorator.py for tasks to queue
[2026-01-01T12:13:28.750+0000] {logging_mixin.py:188} INFO - [2026-01-01T12:13:28.750+0000] {dagbag.py:545} INFO - Filling up the DagBag from /home/airflow/.local/lib/python3.12/site-packages/airflow/example_dags/example_short_circuit_decorator.py
[2026-01-01T12:13:28.759+0000] {processor.py:840} INFO - DAG(s) 'example_short_circuit_decorator' retrieved from /home/airflow/.local/lib/python3.12/site-packages/airflow/example_dags/example_short_circuit_decorator.py
[2026-01-01T12:13:28.781+0000] {logging_mixin.py:188} INFO - [2026-01-01T12:13:28.781+0000] {dag.py:3089} INFO - Sync 1 DAGs
[2026-01-01T12:13:28.795+0000] {logging_mixin.py:188} INFO - [2026-01-01T12:13:28.794+0000] {dag.py:3947} INFO - Setting next_dagrun for example_short_circuit_decorator to 2025-12-31 00:00:00+00:00, run_after=2026-01-01 00:00:00+00:00
[2026-01-01T12:13:28.806+0000] {processor.py:183} INFO - Processing /home/airflow/.local/lib/python3.12/site-packages/airflow/example_dags/example_short_circuit_decorator.py took 0.064 seconds
[2026-01-01T13:31:41.074+0000] {processor.py:161} INFO - Started process (PID=52418) to work on /home/airflow/.local/lib/python3.12/site-packages/airflow/example_dags/example_short_circuit_decorator.py
[2026-01-01T13:31:41.079+0000] {processor.py:830} INFO - Processing file /home/airflow/.local/lib/python3.12/site-packages/airflow/example_dags/example_short_circuit_decorator.py for tasks to queue
[2026-01-01T13:31:41.081+0000] {logging_mixin.py:188} INFO - [2026-01-01T13:31:41.080+0000] {dagbag.py:545} INFO - Filling up the DagBag from /home/airflow/.local/lib/python3.12/site-packages/airflow/example_dags/example_short_circuit_decorator.py
[2026-01-01T13:31:41.087+0000] {processor.py:840} INFO - DAG(s) 'example_short_circuit_decorator' retrieved from /home/airflow/.local/lib/python3.12/site-packages/airflow/example_dags/example_short_circuit_decorator.py
[2026-01-01T13:31:41.109+0000] {logging_mixin.py:188} INFO - [2026-01-01T13:31:41.109+0000] {dag.py:3089} INFO - Sync 1 DAGs
[2026-01-01T13:31:41.119+0000] {logging_mixin.py:188} INFO - [2026-01-01T13:31:41.118+0000] {dag.py:3947} INFO - Setting next_dagrun for example_short_circuit_decorator to 2025-12-31 00:00:00+00:00, run_after=2026-01-01 00:00:00+00:00
[2026-01-01T13:31:41.135+0000] {processor.py:183} INFO - Processing /home/airflow/.local/lib/python3.12/site-packages/airflow/example_dags/example_short_circuit_decorator.py took 0.065 seconds
[2026-01-01T15:05:23.865+0000] {processor.py:161} INFO - Started process (PID=52477) to work on /home/airflow/.local/lib/python3.12/site-packages/airflow/example_dags/example_short_circuit_decorator.py
[2026-01-01T15:05:23.866+0000] {processor.py:830} INFO - Processing file /home/airflow/.local/lib/python3.12/site-packages/airflow/example_dags/example_short_circuit_decorator.py for tasks to queue
[2026-01-01T15:05:23.866+0000] {logging_mixin.py:188} INFO - [2026-01-01T15:05:23.866+0000] {dagbag.py:545} INFO - Filling up the DagBag from /home/airflow/.local/lib/python3.12/site-packages/airflow/example_dags/example_short_circuit_decorator.py
[2026-01-01T15:05:23.871+0000] {processor.py:840} INFO - DAG(s) 'example_short_circuit_decorator' retrieved from /home/airflow/.local/lib/python3.12/site-packages/airflow/example_dags/example_short_circuit_decorator.py
[2026-01-01T15:05:23.885+0000] {logging_mixin.py:188} INFO - [2026-01-01T15:05:23.885+0000] {dag.py:3089} INFO - Sync 1 DAGs
[2026-01-01T15:05:23.893+0000] {logging_mixin.py:188} INFO - [2026-01-01T15:05:23.893+0000] {dag.py:3947} INFO - Setting next_dagrun for example_short_circuit_decorator to 2025-12-31 00:00:00+00:00, run_after=2026-01-01 00:00:00+00:00
[2026-01-01T15:05:23.908+0000] {processor.py:183} INFO - Processing /home/airflow/.local/lib/python3.12/site-packages/airflow/example_dags/example_short_circuit_decorator.py took 0.046 seconds
[2026-01-01T16:17:19.712+0000] {processor.py:161} INFO - Started process (PID=52536) to work on /home/airflow/.local/lib/python3.12/site-packages/airflow/example_dags/example_short_circuit_decorator.py
[2026-01-01T16:17:19.712+0000] {processor.py:830} INFO - Processing file /home/airflow/.local/lib/python3.12/site-packages/airflow/example_dags/example_short_circuit_decorator.py for tasks to queue
[2026-01-01T16:17:19.713+0000] {logging_mixin.py:188} INFO - [2026-01-01T16:17:19.713+0000] {dagbag.py:545} INFO - Filling up the DagBag from /home/airflow/.local/lib/python3.12/site-packages/airflow/example_dags/example_short_circuit_decorator.py
[2026-01-01T16:17:19.718+0000] {processor.py:840} INFO - DAG(s) 'example_short_circuit_decorator' retrieved from /home/airflow/.local/lib/python3.12/site-packages/airflow/example_dags/example_short_circuit_decorator.py
[2026-01-01T16:17:19.727+0000] {logging_mixin.py:188} INFO - [2026-01-01T16:17:19.727+0000] {dag.py:3089} INFO - Sync 1 DAGs
[2026-01-01T16:17:19.741+0000] {logging_mixin.py:188} INFO - [2026-01-01T16:17:19.740+0000] {dag.py:3947} INFO - Setting next_dagrun for example_short_circuit_decorator to 2025-12-31 00:00:00+00:00, run_after=2026-01-01 00:00:00+00:00
[2026-01-01T16:17:19.750+0000] {processor.py:183} INFO - Processing /home/airflow/.local/lib/python3.12/site-packages/airflow/example_dags/example_short_circuit_decorator.py took 0.042 seconds
[2026-01-01T17:14:38.499+0000] {processor.py:161} INFO - Started process (PID=52595) to work on /home/airflow/.local/lib/python3.12/site-packages/airflow/example_dags/example_short_circuit_decorator.py
[2026-01-01T17:14:38.500+0000] {processor.py:830} INFO - Processing file /home/airflow/.local/lib/python3.12/site-packages/airflow/example_dags/example_short_circuit_decorator.py for tasks to queue
[2026-01-01T17:14:38.501+0000] {logging_mixin.py:188} INFO - [2026-01-01T17:14:38.501+0000] {dagbag.py:545} INFO - Filling up the DagBag from /home/airflow/.local/lib/python3.12/site-packages/airflow/example_dags/example_short_circuit_decorator.py
[2026-01-01T17:14:38.506+0000] {processor.py:840} INFO - DAG(s) 'example_short_circuit_decorator' retrieved from /home/airflow/.local/lib/python3.12/site-packages/airflow/example_dags/example_short_circuit_decorator.py
[2026-01-01T17:14:38.522+0000] {logging_mixin.py:188} INFO - [2026-01-01T17:14:38.522+0000] {dag.py:3089} INFO - Sync 1 DAGs
[2026-01-01T17:14:38.532+0000] {logging_mixin.py:188} INFO - [2026-01-01T17:14:38.531+0000] {dag.py:3947} INFO - Setting next_dagrun for example_short_circuit_decorator to 2025-12-31 00:00:00+00:00, run_after=2026-01-01 00:00:00+00:00
[2026-01-01T17:14:38.539+0000] {processor.py:183} INFO - Processing /home/airflow/.local/lib/python3.12/site-packages/airflow/example_dags/example_short_circuit_decorator.py took 0.043 seconds
[2026-01-01T18:19:23.215+0000] {processor.py:161} INFO - Started process (PID=52654) to work on /home/airflow/.local/lib/python3.12/site-packages/airflow/example_dags/example_short_circuit_decorator.py
[2026-01-01T18:19:23.216+0000] {processor.py:830} INFO - Processing file /home/airflow/.local/lib/python3.12/site-packages/airflow/example_dags/example_short_circuit_decorator.py for tasks to queue
[2026-01-01T18:19:23.216+0000] {logging_mixin.py:188} INFO - [2026-01-01T18:19:23.216+0000] {dagbag.py:545} INFO - Filling up the DagBag from /home/airflow/.local/lib/python3.12/site-packages/airflow/example_dags/example_short_circuit_decorator.py
[2026-01-01T18:19:23.221+0000] {processor.py:840} INFO - DAG(s) 'example_short_circuit_decorator' retrieved from /home/airflow/.local/lib/python3.12/site-packages/airflow/example_dags/example_short_circuit_decorator.py
[2026-01-01T18:19:23.233+0000] {logging_mixin.py:188} INFO - [2026-01-01T18:19:23.233+0000] {dag.py:3089} INFO - Sync 1 DAGs
[2026-01-01T18:19:23.243+0000] {logging_mixin.py:188} INFO - [2026-01-01T18:19:23.243+0000] {dag.py:3947} INFO - Setting next_dagrun for example_short_circuit_decorator to 2025-12-31 00:00:00+00:00, run_after=2026-01-01 00:00:00+00:00
[2026-01-01T18:19:23.252+0000] {processor.py:183} INFO - Processing /home/airflow/.local/lib/python3.12/site-packages/airflow/example_dags/example_short_circuit_decorator.py took 0.040 seconds
[2026-01-01T19:35:31.200+0000] {processor.py:161} INFO - Started process (PID=52713) to work on /home/airflow/.local/lib/python3.12/site-packages/airflow/example_dags/example_short_circuit_decorator.py
[2026-01-01T19:35:31.203+0000] {processor.py:830} INFO - Processing file /home/airflow/.local/lib/python3.12/site-packages/airflow/example_dags/example_short_circuit_decorator.py for tasks to queue
[2026-01-01T19:35:31.203+0000] {logging_mixin.py:188} INFO - [2026-01-01T19:35:31.203+0000] {dagbag.py:545} INFO - Filling up the DagBag from /home/airflow/.local/lib/python3.12/site-packages/airflow/example_dags/example_short_circuit_decorator.py
[2026-01-01T19:35:31.208+0000] {processor.py:840} INFO - DAG(s) 'example_short_circuit_decorator' retrieved from /home/airflow/.local/lib/python3.12/site-packages/airflow/example_dags/example_short_circuit_decorator.py
[2026-01-01T19:35:31.219+0000] {logging_mixin.py:188} INFO - [2026-01-01T19:35:31.219+0000] {dag.py:3089} INFO - Sync 1 DAGs
[2026-01-01T19:35:31.229+0000] {logging_mixin.py:188} INFO - [2026-01-01T19:35:31.229+0000] {dag.py:3947} INFO - Setting next_dagrun for example_short_circuit_decorator to 2025-12-31 00:00:00+00:00, run_after=2026-01-01 00:00:00+00:00
[2026-01-01T19:35:31.236+0000] {processor.py:183} INFO - Processing /home/airflow/.local/lib/python3.12/site-packages/airflow/example_dags/example_short_circuit_decorator.py took 0.039 seconds
[2026-01-01T20:54:40.049+0000] {processor.py:161} INFO - Started process (PID=52772) to work on /home/airflow/.local/lib/python3.12/site-packages/airflow/example_dags/example_short_circuit_decorator.py
[2026-01-01T20:54:40.049+0000] {processor.py:830} INFO - Processing file /home/airflow/.local/lib/python3.12/site-packages/airflow/example_dags/example_short_circuit_decorator.py for tasks to queue
[2026-01-01T20:54:40.050+0000] {logging_mixin.py:188} INFO - [2026-01-01T20:54:40.050+0000] {dagbag.py:545} INFO - Filling up the DagBag from /home/airflow/.local/lib/python3.12/site-packages/airflow/example_dags/example_short_circuit_decorator.py
[2026-01-01T20:54:40.055+0000] {processor.py:840} INFO - DAG(s) 'example_short_circuit_decorator' retrieved from /home/airflow/.local/lib/python3.12/site-packages/airflow/example_dags/example_short_circuit_decorator.py
[2026-01-01T20:54:40.071+0000] {logging_mixin.py:188} INFO - [2026-01-01T20:54:40.071+0000] {dag.py:3089} INFO - Sync 1 DAGs
[2026-01-01T20:54:40.080+0000] {logging_mixin.py:188} INFO - [2026-01-01T20:54:40.080+0000] {dag.py:3947} INFO - Setting next_dagrun for example_short_circuit_decorator to 2025-12-31 00:00:00+00:00, run_after=2026-01-01 00:00:00+00:00
[2026-01-01T20:54:40.087+0000] {processor.py:183} INFO - Processing /home/airflow/.local/lib/python3.12/site-packages/airflow/example_dags/example_short_circuit_decorator.py took 0.042 seconds
[2026-01-01T22:37:22.050+0000] {processor.py:161} INFO - Started process (PID=52831) to work on /home/airflow/.local/lib/python3.12/site-packages/airflow/example_dags/example_short_circuit_decorator.py
[2026-01-01T22:37:22.053+0000] {processor.py:830} INFO - Processing file /home/airflow/.local/lib/python3.12/site-packages/airflow/example_dags/example_short_circuit_decorator.py for tasks to queue
[2026-01-01T22:37:22.054+0000] {logging_mixin.py:188} INFO - [2026-01-01T22:37:22.054+0000] {dagbag.py:545} INFO - Filling up the DagBag from /home/airflow/.local/lib/python3.12/site-packages/airflow/example_dags/example_short_circuit_decorator.py
[2026-01-01T22:37:22.059+0000] {processor.py:840} INFO - DAG(s) 'example_short_circuit_decorator' retrieved from /home/airflow/.local/lib/python3.12/site-packages/airflow/example_dags/example_short_circuit_decorator.py
[2026-01-01T22:37:22.073+0000] {logging_mixin.py:188} INFO - [2026-01-01T22:37:22.073+0000] {dag.py:3089} INFO - Sync 1 DAGs
[2026-01-01T22:37:22.086+0000] {logging_mixin.py:188} INFO - [2026-01-01T22:37:22.086+0000] {dag.py:3947} INFO - Setting next_dagrun for example_short_circuit_decorator to 2025-12-31 00:00:00+00:00, run_after=2026-01-01 00:00:00+00:00
[2026-01-01T22:37:22.099+0000] {processor.py:183} INFO - Processing /home/airflow/.local/lib/python3.12/site-packages/airflow/example_dags/example_short_circuit_decorator.py took 0.052 seconds
[2026-01-01T23:54:03.906+0000] {processor.py:161} INFO - Started process (PID=52890) to work on /home/airflow/.local/lib/python3.12/site-packages/airflow/example_dags/example_short_circuit_decorator.py
[2026-01-01T23:54:03.908+0000] {processor.py:830} INFO - Processing file /home/airflow/.local/lib/python3.12/site-packages/airflow/example_dags/example_short_circuit_decorator.py for tasks to queue
[2026-01-01T23:54:03.908+0000] {logging_mixin.py:188} INFO - [2026-01-01T23:54:03.908+0000] {dagbag.py:545} INFO - Filling up the DagBag from /home/airflow/.local/lib/python3.12/site-packages/airflow/example_dags/example_short_circuit_decorator.py
[2026-01-01T23:54:03.914+0000] {processor.py:840} INFO - DAG(s) 'example_short_circuit_decorator' retrieved from /home/airflow/.local/lib/python3.12/site-packages/airflow/example_dags/example_short_circuit_decorator.py
[2026-01-01T23:54:03.926+0000] {logging_mixin.py:188} INFO - [2026-01-01T23:54:03.926+0000] {dag.py:3089} INFO - Sync 1 DAGs
[2026-01-01T23:54:03.939+0000] {logging_mixin.py:188} INFO - [2026-01-01T23:54:03.939+0000] {dag.py:3947} INFO - Setting next_dagrun for example_short_circuit_decorator to 2025-12-31 00:00:00+00:00, run_after=2026-01-01 00:00:00+00:00
[2026-01-01T23:54:03.950+0000] {processor.py:183} INFO - Processing /home/airflow/.local/lib/python3.12/site-packages/airflow/example_dags/example_short_circuit_decorator.py took 0.049 seconds
