[2026-01-01T01:03:22.706+0000] {processor.py:161} INFO - Started process (PID=51826) to work on /home/airflow/.local/lib/python3.12/site-packages/airflow/example_dags/example_bash_decorator.py
[2026-01-01T01:03:22.708+0000] {processor.py:830} INFO - Processing file /home/airflow/.local/lib/python3.12/site-packages/airflow/example_dags/example_bash_decorator.py for tasks to queue
[2026-01-01T01:03:22.710+0000] {logging_mixin.py:188} INFO - [2026-01-01T01:03:22.710+0000] {dagbag.py:545} INFO - Filling up the DagBag from /home/airflow/.local/lib/python3.12/site-packages/airflow/example_dags/example_bash_decorator.py
[2026-01-01T01:03:22.721+0000] {processor.py:840} INFO - DAG(s) 'example_bash_decorator' retrieved from /home/airflow/.local/lib/python3.12/site-packages/airflow/example_dags/example_bash_decorator.py
[2026-01-01T01:03:22.748+0000] {logging_mixin.py:188} INFO - [2026-01-01T01:03:22.748+0000] {dag.py:3089} INFO - Sync 1 DAGs
[2026-01-01T01:03:22.756+0000] {logging_mixin.py:188} INFO - [2026-01-01T01:03:22.756+0000] {dag.py:3947} INFO - Setting next_dagrun for example_bash_decorator to None, run_after=None
[2026-01-01T01:03:22.770+0000] {processor.py:183} INFO - Processing /home/airflow/.local/lib/python3.12/site-packages/airflow/example_dags/example_bash_decorator.py took 0.070 seconds
[2026-01-01T02:01:01.906+0000] {processor.py:161} INFO - Started process (PID=51885) to work on /home/airflow/.local/lib/python3.12/site-packages/airflow/example_dags/example_bash_decorator.py
[2026-01-01T02:01:01.907+0000] {processor.py:830} INFO - Processing file /home/airflow/.local/lib/python3.12/site-packages/airflow/example_dags/example_bash_decorator.py for tasks to queue
[2026-01-01T02:01:01.908+0000] {logging_mixin.py:188} INFO - [2026-01-01T02:01:01.908+0000] {dagbag.py:545} INFO - Filling up the DagBag from /home/airflow/.local/lib/python3.12/site-packages/airflow/example_dags/example_bash_decorator.py
[2026-01-01T02:01:01.915+0000] {processor.py:840} INFO - DAG(s) 'example_bash_decorator' retrieved from /home/airflow/.local/lib/python3.12/site-packages/airflow/example_dags/example_bash_decorator.py
[2026-01-01T02:01:01.927+0000] {logging_mixin.py:188} INFO - [2026-01-01T02:01:01.927+0000] {dag.py:3089} INFO - Sync 1 DAGs
[2026-01-01T02:01:01.935+0000] {logging_mixin.py:188} INFO - [2026-01-01T02:01:01.935+0000] {dag.py:3947} INFO - Setting next_dagrun for example_bash_decorator to None, run_after=None
[2026-01-01T02:01:01.948+0000] {processor.py:183} INFO - Processing /home/airflow/.local/lib/python3.12/site-packages/airflow/example_dags/example_bash_decorator.py took 0.046 seconds
[2026-01-01T03:35:53.338+0000] {processor.py:161} INFO - Started process (PID=51944) to work on /home/airflow/.local/lib/python3.12/site-packages/airflow/example_dags/example_bash_decorator.py
[2026-01-01T03:35:53.339+0000] {processor.py:830} INFO - Processing file /home/airflow/.local/lib/python3.12/site-packages/airflow/example_dags/example_bash_decorator.py for tasks to queue
[2026-01-01T03:35:53.339+0000] {logging_mixin.py:188} INFO - [2026-01-01T03:35:53.339+0000] {dagbag.py:545} INFO - Filling up the DagBag from /home/airflow/.local/lib/python3.12/site-packages/airflow/example_dags/example_bash_decorator.py
[2026-01-01T03:35:53.347+0000] {processor.py:840} INFO - DAG(s) 'example_bash_decorator' retrieved from /home/airflow/.local/lib/python3.12/site-packages/airflow/example_dags/example_bash_decorator.py
[2026-01-01T03:35:53.362+0000] {logging_mixin.py:188} INFO - [2026-01-01T03:35:53.361+0000] {dag.py:3089} INFO - Sync 1 DAGs
[2026-01-01T03:35:53.367+0000] {logging_mixin.py:188} INFO - [2026-01-01T03:35:53.367+0000] {dag.py:3947} INFO - Setting next_dagrun for example_bash_decorator to None, run_after=None
[2026-01-01T03:35:53.385+0000] {processor.py:183} INFO - Processing /home/airflow/.local/lib/python3.12/site-packages/airflow/example_dags/example_bash_decorator.py took 0.052 seconds
[2026-01-01T04:55:53.247+0000] {processor.py:161} INFO - Started process (PID=52004) to work on /home/airflow/.local/lib/python3.12/site-packages/airflow/example_dags/example_bash_decorator.py
[2026-01-01T04:55:53.247+0000] {processor.py:830} INFO - Processing file /home/airflow/.local/lib/python3.12/site-packages/airflow/example_dags/example_bash_decorator.py for tasks to queue
[2026-01-01T04:55:53.250+0000] {logging_mixin.py:188} INFO - [2026-01-01T04:55:53.250+0000] {dagbag.py:545} INFO - Filling up the DagBag from /home/airflow/.local/lib/python3.12/site-packages/airflow/example_dags/example_bash_decorator.py
[2026-01-01T04:55:53.256+0000] {processor.py:840} INFO - DAG(s) 'example_bash_decorator' retrieved from /home/airflow/.local/lib/python3.12/site-packages/airflow/example_dags/example_bash_decorator.py
[2026-01-01T04:55:53.265+0000] {logging_mixin.py:188} INFO - [2026-01-01T04:55:53.265+0000] {dag.py:3089} INFO - Sync 1 DAGs
[2026-01-01T04:55:53.272+0000] {logging_mixin.py:188} INFO - [2026-01-01T04:55:53.272+0000] {dag.py:3947} INFO - Setting next_dagrun for example_bash_decorator to None, run_after=None
[2026-01-01T04:55:53.283+0000] {processor.py:183} INFO - Processing /home/airflow/.local/lib/python3.12/site-packages/airflow/example_dags/example_bash_decorator.py took 0.040 seconds
[2026-01-01T06:07:21.630+0000] {processor.py:161} INFO - Started process (PID=52063) to work on /home/airflow/.local/lib/python3.12/site-packages/airflow/example_dags/example_bash_decorator.py
[2026-01-01T06:07:21.633+0000] {processor.py:830} INFO - Processing file /home/airflow/.local/lib/python3.12/site-packages/airflow/example_dags/example_bash_decorator.py for tasks to queue
[2026-01-01T06:07:21.633+0000] {logging_mixin.py:188} INFO - [2026-01-01T06:07:21.633+0000] {dagbag.py:545} INFO - Filling up the DagBag from /home/airflow/.local/lib/python3.12/site-packages/airflow/example_dags/example_bash_decorator.py
[2026-01-01T06:07:21.641+0000] {processor.py:840} INFO - DAG(s) 'example_bash_decorator' retrieved from /home/airflow/.local/lib/python3.12/site-packages/airflow/example_dags/example_bash_decorator.py
[2026-01-01T06:07:21.657+0000] {logging_mixin.py:188} INFO - [2026-01-01T06:07:21.656+0000] {dag.py:3089} INFO - Sync 1 DAGs
[2026-01-01T06:07:21.662+0000] {logging_mixin.py:188} INFO - [2026-01-01T06:07:21.661+0000] {dag.py:3947} INFO - Setting next_dagrun for example_bash_decorator to None, run_after=None
[2026-01-01T06:07:21.672+0000] {processor.py:183} INFO - Processing /home/airflow/.local/lib/python3.12/site-packages/airflow/example_dags/example_bash_decorator.py took 0.045 seconds
[2026-01-01T07:40:35.761+0000] {processor.py:161} INFO - Started process (PID=52122) to work on /home/airflow/.local/lib/python3.12/site-packages/airflow/example_dags/example_bash_decorator.py
[2026-01-01T07:40:35.762+0000] {processor.py:830} INFO - Processing file /home/airflow/.local/lib/python3.12/site-packages/airflow/example_dags/example_bash_decorator.py for tasks to queue
[2026-01-01T07:40:35.764+0000] {logging_mixin.py:188} INFO - [2026-01-01T07:40:35.763+0000] {dagbag.py:545} INFO - Filling up the DagBag from /home/airflow/.local/lib/python3.12/site-packages/airflow/example_dags/example_bash_decorator.py
[2026-01-01T07:40:35.772+0000] {processor.py:840} INFO - DAG(s) 'example_bash_decorator' retrieved from /home/airflow/.local/lib/python3.12/site-packages/airflow/example_dags/example_bash_decorator.py
[2026-01-01T07:40:35.784+0000] {logging_mixin.py:188} INFO - [2026-01-01T07:40:35.784+0000] {dag.py:3089} INFO - Sync 1 DAGs
[2026-01-01T07:40:35.790+0000] {logging_mixin.py:188} INFO - [2026-01-01T07:40:35.790+0000] {dag.py:3947} INFO - Setting next_dagrun for example_bash_decorator to None, run_after=None
[2026-01-01T07:40:35.797+0000] {processor.py:183} INFO - Processing /home/airflow/.local/lib/python3.12/site-packages/airflow/example_dags/example_bash_decorator.py took 0.041 seconds
[2026-01-01T08:44:35.772+0000] {processor.py:161} INFO - Started process (PID=52181) to work on /home/airflow/.local/lib/python3.12/site-packages/airflow/example_dags/example_bash_decorator.py
[2026-01-01T08:44:35.773+0000] {processor.py:830} INFO - Processing file /home/airflow/.local/lib/python3.12/site-packages/airflow/example_dags/example_bash_decorator.py for tasks to queue
[2026-01-01T08:44:35.773+0000] {logging_mixin.py:188} INFO - [2026-01-01T08:44:35.773+0000] {dagbag.py:545} INFO - Filling up the DagBag from /home/airflow/.local/lib/python3.12/site-packages/airflow/example_dags/example_bash_decorator.py
[2026-01-01T08:44:35.779+0000] {processor.py:840} INFO - DAG(s) 'example_bash_decorator' retrieved from /home/airflow/.local/lib/python3.12/site-packages/airflow/example_dags/example_bash_decorator.py
[2026-01-01T08:44:35.790+0000] {logging_mixin.py:188} INFO - [2026-01-01T08:44:35.790+0000] {dag.py:3089} INFO - Sync 1 DAGs
[2026-01-01T08:44:35.796+0000] {logging_mixin.py:188} INFO - [2026-01-01T08:44:35.796+0000] {dag.py:3947} INFO - Setting next_dagrun for example_bash_decorator to None, run_after=None
[2026-01-01T08:44:35.804+0000] {processor.py:183} INFO - Processing /home/airflow/.local/lib/python3.12/site-packages/airflow/example_dags/example_bash_decorator.py took 0.035 seconds
[2026-01-01T09:57:56.935+0000] {processor.py:161} INFO - Started process (PID=52240) to work on /home/airflow/.local/lib/python3.12/site-packages/airflow/example_dags/example_bash_decorator.py
[2026-01-01T09:57:56.936+0000] {processor.py:830} INFO - Processing file /home/airflow/.local/lib/python3.12/site-packages/airflow/example_dags/example_bash_decorator.py for tasks to queue
[2026-01-01T09:57:56.936+0000] {logging_mixin.py:188} INFO - [2026-01-01T09:57:56.936+0000] {dagbag.py:545} INFO - Filling up the DagBag from /home/airflow/.local/lib/python3.12/site-packages/airflow/example_dags/example_bash_decorator.py
[2026-01-01T09:57:56.942+0000] {processor.py:840} INFO - DAG(s) 'example_bash_decorator' retrieved from /home/airflow/.local/lib/python3.12/site-packages/airflow/example_dags/example_bash_decorator.py
[2026-01-01T09:57:56.955+0000] {logging_mixin.py:188} INFO - [2026-01-01T09:57:56.955+0000] {dag.py:3089} INFO - Sync 1 DAGs
[2026-01-01T09:57:56.961+0000] {logging_mixin.py:188} INFO - [2026-01-01T09:57:56.961+0000] {dag.py:3947} INFO - Setting next_dagrun for example_bash_decorator to None, run_after=None
[2026-01-01T09:57:56.972+0000] {processor.py:183} INFO - Processing /home/airflow/.local/lib/python3.12/site-packages/airflow/example_dags/example_bash_decorator.py took 0.040 seconds
[2026-01-01T11:12:21.962+0000] {processor.py:161} INFO - Started process (PID=52299) to work on /home/airflow/.local/lib/python3.12/site-packages/airflow/example_dags/example_bash_decorator.py
[2026-01-01T11:12:21.964+0000] {processor.py:830} INFO - Processing file /home/airflow/.local/lib/python3.12/site-packages/airflow/example_dags/example_bash_decorator.py for tasks to queue
[2026-01-01T11:12:21.964+0000] {logging_mixin.py:188} INFO - [2026-01-01T11:12:21.964+0000] {dagbag.py:545} INFO - Filling up the DagBag from /home/airflow/.local/lib/python3.12/site-packages/airflow/example_dags/example_bash_decorator.py
[2026-01-01T11:12:21.970+0000] {processor.py:840} INFO - DAG(s) 'example_bash_decorator' retrieved from /home/airflow/.local/lib/python3.12/site-packages/airflow/example_dags/example_bash_decorator.py
[2026-01-01T11:12:21.983+0000] {logging_mixin.py:188} INFO - [2026-01-01T11:12:21.983+0000] {dag.py:3089} INFO - Sync 1 DAGs
[2026-01-01T11:12:21.989+0000] {logging_mixin.py:188} INFO - [2026-01-01T11:12:21.988+0000] {dag.py:3947} INFO - Setting next_dagrun for example_bash_decorator to None, run_after=None
[2026-01-01T11:12:21.996+0000] {processor.py:183} INFO - Processing /home/airflow/.local/lib/python3.12/site-packages/airflow/example_dags/example_bash_decorator.py took 0.037 seconds
[2026-01-01T12:13:28.537+0000] {processor.py:161} INFO - Started process (PID=52358) to work on /home/airflow/.local/lib/python3.12/site-packages/airflow/example_dags/example_bash_decorator.py
[2026-01-01T12:13:28.539+0000] {processor.py:830} INFO - Processing file /home/airflow/.local/lib/python3.12/site-packages/airflow/example_dags/example_bash_decorator.py for tasks to queue
[2026-01-01T12:13:28.540+0000] {logging_mixin.py:188} INFO - [2026-01-01T12:13:28.540+0000] {dagbag.py:545} INFO - Filling up the DagBag from /home/airflow/.local/lib/python3.12/site-packages/airflow/example_dags/example_bash_decorator.py
[2026-01-01T12:13:28.546+0000] {processor.py:840} INFO - DAG(s) 'example_bash_decorator' retrieved from /home/airflow/.local/lib/python3.12/site-packages/airflow/example_dags/example_bash_decorator.py
[2026-01-01T12:13:28.692+0000] {logging_mixin.py:188} INFO - [2026-01-01T12:13:28.691+0000] {dag.py:3089} INFO - Sync 1 DAGs
[2026-01-01T12:13:28.734+0000] {logging_mixin.py:188} INFO - [2026-01-01T12:13:28.734+0000] {dag.py:3947} INFO - Setting next_dagrun for example_bash_decorator to None, run_after=None
[2026-01-01T12:13:28.750+0000] {processor.py:183} INFO - Processing /home/airflow/.local/lib/python3.12/site-packages/airflow/example_dags/example_bash_decorator.py took 0.216 seconds
[2026-01-01T13:31:41.039+0000] {processor.py:161} INFO - Started process (PID=52417) to work on /home/airflow/.local/lib/python3.12/site-packages/airflow/example_dags/example_bash_decorator.py
[2026-01-01T13:31:41.041+0000] {processor.py:830} INFO - Processing file /home/airflow/.local/lib/python3.12/site-packages/airflow/example_dags/example_bash_decorator.py for tasks to queue
[2026-01-01T13:31:41.042+0000] {logging_mixin.py:188} INFO - [2026-01-01T13:31:41.042+0000] {dagbag.py:545} INFO - Filling up the DagBag from /home/airflow/.local/lib/python3.12/site-packages/airflow/example_dags/example_bash_decorator.py
[2026-01-01T13:31:41.052+0000] {processor.py:840} INFO - DAG(s) 'example_bash_decorator' retrieved from /home/airflow/.local/lib/python3.12/site-packages/airflow/example_dags/example_bash_decorator.py
[2026-01-01T13:31:41.073+0000] {logging_mixin.py:188} INFO - [2026-01-01T13:31:41.073+0000] {dag.py:3089} INFO - Sync 1 DAGs
[2026-01-01T13:31:41.082+0000] {logging_mixin.py:188} INFO - [2026-01-01T13:31:41.082+0000] {dag.py:3947} INFO - Setting next_dagrun for example_bash_decorator to None, run_after=None
[2026-01-01T13:31:41.106+0000] {processor.py:183} INFO - Processing /home/airflow/.local/lib/python3.12/site-packages/airflow/example_dags/example_bash_decorator.py took 0.070 seconds
[2026-01-01T15:05:23.824+0000] {processor.py:161} INFO - Started process (PID=52476) to work on /home/airflow/.local/lib/python3.12/site-packages/airflow/example_dags/example_bash_decorator.py
[2026-01-01T15:05:23.827+0000] {processor.py:830} INFO - Processing file /home/airflow/.local/lib/python3.12/site-packages/airflow/example_dags/example_bash_decorator.py for tasks to queue
[2026-01-01T15:05:23.828+0000] {logging_mixin.py:188} INFO - [2026-01-01T15:05:23.828+0000] {dagbag.py:545} INFO - Filling up the DagBag from /home/airflow/.local/lib/python3.12/site-packages/airflow/example_dags/example_bash_decorator.py
[2026-01-01T15:05:23.834+0000] {processor.py:840} INFO - DAG(s) 'example_bash_decorator' retrieved from /home/airflow/.local/lib/python3.12/site-packages/airflow/example_dags/example_bash_decorator.py
[2026-01-01T15:05:23.848+0000] {logging_mixin.py:188} INFO - [2026-01-01T15:05:23.848+0000] {dag.py:3089} INFO - Sync 1 DAGs
[2026-01-01T15:05:23.853+0000] {logging_mixin.py:188} INFO - [2026-01-01T15:05:23.853+0000] {dag.py:3947} INFO - Setting next_dagrun for example_bash_decorator to None, run_after=None
[2026-01-01T15:05:23.861+0000] {processor.py:183} INFO - Processing /home/airflow/.local/lib/python3.12/site-packages/airflow/example_dags/example_bash_decorator.py took 0.040 seconds
[2026-01-01T16:17:19.672+0000] {processor.py:161} INFO - Started process (PID=52535) to work on /home/airflow/.local/lib/python3.12/site-packages/airflow/example_dags/example_bash_decorator.py
[2026-01-01T16:17:19.673+0000] {processor.py:830} INFO - Processing file /home/airflow/.local/lib/python3.12/site-packages/airflow/example_dags/example_bash_decorator.py for tasks to queue
[2026-01-01T16:17:19.673+0000] {logging_mixin.py:188} INFO - [2026-01-01T16:17:19.673+0000] {dagbag.py:545} INFO - Filling up the DagBag from /home/airflow/.local/lib/python3.12/site-packages/airflow/example_dags/example_bash_decorator.py
[2026-01-01T16:17:19.681+0000] {processor.py:840} INFO - DAG(s) 'example_bash_decorator' retrieved from /home/airflow/.local/lib/python3.12/site-packages/airflow/example_dags/example_bash_decorator.py
[2026-01-01T16:17:19.696+0000] {logging_mixin.py:188} INFO - [2026-01-01T16:17:19.696+0000] {dag.py:3089} INFO - Sync 1 DAGs
[2026-01-01T16:17:19.701+0000] {logging_mixin.py:188} INFO - [2026-01-01T16:17:19.701+0000] {dag.py:3947} INFO - Setting next_dagrun for example_bash_decorator to None, run_after=None
[2026-01-01T16:17:19.709+0000] {processor.py:183} INFO - Processing /home/airflow/.local/lib/python3.12/site-packages/airflow/example_dags/example_bash_decorator.py took 0.040 seconds
[2026-01-01T17:14:38.490+0000] {processor.py:161} INFO - Started process (PID=52594) to work on /home/airflow/.local/lib/python3.12/site-packages/airflow/example_dags/example_bash_decorator.py
[2026-01-01T17:14:38.491+0000] {processor.py:830} INFO - Processing file /home/airflow/.local/lib/python3.12/site-packages/airflow/example_dags/example_bash_decorator.py for tasks to queue
[2026-01-01T17:14:38.491+0000] {logging_mixin.py:188} INFO - [2026-01-01T17:14:38.491+0000] {dagbag.py:545} INFO - Filling up the DagBag from /home/airflow/.local/lib/python3.12/site-packages/airflow/example_dags/example_bash_decorator.py
[2026-01-01T17:14:38.499+0000] {processor.py:840} INFO - DAG(s) 'example_bash_decorator' retrieved from /home/airflow/.local/lib/python3.12/site-packages/airflow/example_dags/example_bash_decorator.py
[2026-01-01T17:14:38.511+0000] {logging_mixin.py:188} INFO - [2026-01-01T17:14:38.511+0000] {dag.py:3089} INFO - Sync 1 DAGs
[2026-01-01T17:14:38.517+0000] {logging_mixin.py:188} INFO - [2026-01-01T17:14:38.517+0000] {dag.py:3947} INFO - Setting next_dagrun for example_bash_decorator to None, run_after=None
[2026-01-01T17:14:38.533+0000] {processor.py:183} INFO - Processing /home/airflow/.local/lib/python3.12/site-packages/airflow/example_dags/example_bash_decorator.py took 0.046 seconds
[2026-01-01T18:19:23.202+0000] {processor.py:161} INFO - Started process (PID=52653) to work on /home/airflow/.local/lib/python3.12/site-packages/airflow/example_dags/example_bash_decorator.py
[2026-01-01T18:19:23.203+0000] {processor.py:830} INFO - Processing file /home/airflow/.local/lib/python3.12/site-packages/airflow/example_dags/example_bash_decorator.py for tasks to queue
[2026-01-01T18:19:23.204+0000] {logging_mixin.py:188} INFO - [2026-01-01T18:19:23.204+0000] {dagbag.py:545} INFO - Filling up the DagBag from /home/airflow/.local/lib/python3.12/site-packages/airflow/example_dags/example_bash_decorator.py
[2026-01-01T18:19:23.212+0000] {processor.py:840} INFO - DAG(s) 'example_bash_decorator' retrieved from /home/airflow/.local/lib/python3.12/site-packages/airflow/example_dags/example_bash_decorator.py
[2026-01-01T18:19:23.224+0000] {logging_mixin.py:188} INFO - [2026-01-01T18:19:23.224+0000] {dag.py:3089} INFO - Sync 1 DAGs
[2026-01-01T18:19:23.230+0000] {logging_mixin.py:188} INFO - [2026-01-01T18:19:23.230+0000] {dag.py:3947} INFO - Setting next_dagrun for example_bash_decorator to None, run_after=None
[2026-01-01T18:19:23.237+0000] {processor.py:183} INFO - Processing /home/airflow/.local/lib/python3.12/site-packages/airflow/example_dags/example_bash_decorator.py took 0.038 seconds
[2026-01-01T19:35:31.181+0000] {processor.py:161} INFO - Started process (PID=52712) to work on /home/airflow/.local/lib/python3.12/site-packages/airflow/example_dags/example_bash_decorator.py
[2026-01-01T19:35:31.181+0000] {processor.py:830} INFO - Processing file /home/airflow/.local/lib/python3.12/site-packages/airflow/example_dags/example_bash_decorator.py for tasks to queue
[2026-01-01T19:35:31.182+0000] {logging_mixin.py:188} INFO - [2026-01-01T19:35:31.182+0000] {dagbag.py:545} INFO - Filling up the DagBag from /home/airflow/.local/lib/python3.12/site-packages/airflow/example_dags/example_bash_decorator.py
[2026-01-01T19:35:31.189+0000] {processor.py:840} INFO - DAG(s) 'example_bash_decorator' retrieved from /home/airflow/.local/lib/python3.12/site-packages/airflow/example_dags/example_bash_decorator.py
[2026-01-01T19:35:31.199+0000] {logging_mixin.py:188} INFO - [2026-01-01T19:35:31.199+0000] {dag.py:3089} INFO - Sync 1 DAGs
[2026-01-01T19:35:31.207+0000] {logging_mixin.py:188} INFO - [2026-01-01T19:35:31.206+0000] {dag.py:3947} INFO - Setting next_dagrun for example_bash_decorator to None, run_after=None
[2026-01-01T19:35:31.219+0000] {processor.py:183} INFO - Processing /home/airflow/.local/lib/python3.12/site-packages/airflow/example_dags/example_bash_decorator.py took 0.041 seconds
[2026-01-01T20:54:40.037+0000] {processor.py:161} INFO - Started process (PID=52771) to work on /home/airflow/.local/lib/python3.12/site-packages/airflow/example_dags/example_bash_decorator.py
[2026-01-01T20:54:40.037+0000] {processor.py:830} INFO - Processing file /home/airflow/.local/lib/python3.12/site-packages/airflow/example_dags/example_bash_decorator.py for tasks to queue
[2026-01-01T20:54:40.037+0000] {logging_mixin.py:188} INFO - [2026-01-01T20:54:40.037+0000] {dagbag.py:545} INFO - Filling up the DagBag from /home/airflow/.local/lib/python3.12/site-packages/airflow/example_dags/example_bash_decorator.py
[2026-01-01T20:54:40.044+0000] {processor.py:840} INFO - DAG(s) 'example_bash_decorator' retrieved from /home/airflow/.local/lib/python3.12/site-packages/airflow/example_dags/example_bash_decorator.py
[2026-01-01T20:54:40.057+0000] {logging_mixin.py:188} INFO - [2026-01-01T20:54:40.057+0000] {dag.py:3089} INFO - Sync 1 DAGs
[2026-01-01T20:54:40.064+0000] {logging_mixin.py:188} INFO - [2026-01-01T20:54:40.064+0000] {dag.py:3947} INFO - Setting next_dagrun for example_bash_decorator to None, run_after=None
[2026-01-01T20:54:40.076+0000] {processor.py:183} INFO - Processing /home/airflow/.local/lib/python3.12/site-packages/airflow/example_dags/example_bash_decorator.py took 0.043 seconds
[2026-01-01T22:37:21.998+0000] {processor.py:161} INFO - Started process (PID=52830) to work on /home/airflow/.local/lib/python3.12/site-packages/airflow/example_dags/example_bash_decorator.py
[2026-01-01T22:37:21.998+0000] {processor.py:830} INFO - Processing file /home/airflow/.local/lib/python3.12/site-packages/airflow/example_dags/example_bash_decorator.py for tasks to queue
[2026-01-01T22:37:21.998+0000] {logging_mixin.py:188} INFO - [2026-01-01T22:37:21.998+0000] {dagbag.py:545} INFO - Filling up the DagBag from /home/airflow/.local/lib/python3.12/site-packages/airflow/example_dags/example_bash_decorator.py
[2026-01-01T22:37:22.005+0000] {processor.py:840} INFO - DAG(s) 'example_bash_decorator' retrieved from /home/airflow/.local/lib/python3.12/site-packages/airflow/example_dags/example_bash_decorator.py
[2026-01-01T22:37:22.019+0000] {logging_mixin.py:188} INFO - [2026-01-01T22:37:22.019+0000] {dag.py:3089} INFO - Sync 1 DAGs
[2026-01-01T22:37:22.024+0000] {logging_mixin.py:188} INFO - [2026-01-01T22:37:22.024+0000] {dag.py:3947} INFO - Setting next_dagrun for example_bash_decorator to None, run_after=None
[2026-01-01T22:37:22.038+0000] {processor.py:183} INFO - Processing /home/airflow/.local/lib/python3.12/site-packages/airflow/example_dags/example_bash_decorator.py took 0.043 seconds
[2026-01-01T23:54:03.852+0000] {processor.py:161} INFO - Started process (PID=52889) to work on /home/airflow/.local/lib/python3.12/site-packages/airflow/example_dags/example_bash_decorator.py
[2026-01-01T23:54:03.857+0000] {processor.py:830} INFO - Processing file /home/airflow/.local/lib/python3.12/site-packages/airflow/example_dags/example_bash_decorator.py for tasks to queue
[2026-01-01T23:54:03.858+0000] {logging_mixin.py:188} INFO - [2026-01-01T23:54:03.858+0000] {dagbag.py:545} INFO - Filling up the DagBag from /home/airflow/.local/lib/python3.12/site-packages/airflow/example_dags/example_bash_decorator.py
[2026-01-01T23:54:03.866+0000] {processor.py:840} INFO - DAG(s) 'example_bash_decorator' retrieved from /home/airflow/.local/lib/python3.12/site-packages/airflow/example_dags/example_bash_decorator.py
[2026-01-01T23:54:03.885+0000] {logging_mixin.py:188} INFO - [2026-01-01T23:54:03.885+0000] {dag.py:3089} INFO - Sync 1 DAGs
[2026-01-01T23:54:03.893+0000] {logging_mixin.py:188} INFO - [2026-01-01T23:54:03.893+0000] {dag.py:3947} INFO - Setting next_dagrun for example_bash_decorator to None, run_after=None
[2026-01-01T23:54:03.904+0000] {processor.py:183} INFO - Processing /home/airflow/.local/lib/python3.12/site-packages/airflow/example_dags/example_bash_decorator.py took 0.056 seconds
