[2026-01-01T01:03:23.710+0000] {processor.py:161} INFO - Started process (PID=51856) to work on /home/airflow/.local/lib/python3.12/site-packages/airflow/example_dags/example_params_trigger_ui.py
[2026-01-01T01:03:23.711+0000] {processor.py:830} INFO - Processing file /home/airflow/.local/lib/python3.12/site-packages/airflow/example_dags/example_params_trigger_ui.py for tasks to queue
[2026-01-01T01:03:23.711+0000] {logging_mixin.py:188} INFO - [2026-01-01T01:03:23.711+0000] {dagbag.py:545} INFO - Filling up the DagBag from /home/airflow/.local/lib/python3.12/site-packages/airflow/example_dags/example_params_trigger_ui.py
[2026-01-01T01:03:23.716+0000] {processor.py:840} INFO - DAG(s) 'example_params_trigger_ui' retrieved from /home/airflow/.local/lib/python3.12/site-packages/airflow/example_dags/example_params_trigger_ui.py
[2026-01-01T01:03:23.734+0000] {logging_mixin.py:188} INFO - [2026-01-01T01:03:23.734+0000] {dag.py:3089} INFO - Sync 1 DAGs
[2026-01-01T01:03:23.740+0000] {logging_mixin.py:188} INFO - [2026-01-01T01:03:23.740+0000] {dag.py:3947} INFO - Setting next_dagrun for example_params_trigger_ui to None, run_after=None
[2026-01-01T01:03:23.747+0000] {processor.py:183} INFO - Processing /home/airflow/.local/lib/python3.12/site-packages/airflow/example_dags/example_params_trigger_ui.py took 0.040 seconds
[2026-01-01T02:01:02.836+0000] {processor.py:161} INFO - Started process (PID=51915) to work on /home/airflow/.local/lib/python3.12/site-packages/airflow/example_dags/example_params_trigger_ui.py
[2026-01-01T02:01:02.836+0000] {processor.py:830} INFO - Processing file /home/airflow/.local/lib/python3.12/site-packages/airflow/example_dags/example_params_trigger_ui.py for tasks to queue
[2026-01-01T02:01:02.837+0000] {logging_mixin.py:188} INFO - [2026-01-01T02:01:02.837+0000] {dagbag.py:545} INFO - Filling up the DagBag from /home/airflow/.local/lib/python3.12/site-packages/airflow/example_dags/example_params_trigger_ui.py
[2026-01-01T02:01:02.842+0000] {processor.py:840} INFO - DAG(s) 'example_params_trigger_ui' retrieved from /home/airflow/.local/lib/python3.12/site-packages/airflow/example_dags/example_params_trigger_ui.py
[2026-01-01T02:01:02.862+0000] {logging_mixin.py:188} INFO - [2026-01-01T02:01:02.862+0000] {dag.py:3089} INFO - Sync 1 DAGs
[2026-01-01T02:01:02.868+0000] {logging_mixin.py:188} INFO - [2026-01-01T02:01:02.868+0000] {dag.py:3947} INFO - Setting next_dagrun for example_params_trigger_ui to None, run_after=None
[2026-01-01T02:01:02.878+0000] {processor.py:183} INFO - Processing /home/airflow/.local/lib/python3.12/site-packages/airflow/example_dags/example_params_trigger_ui.py took 0.045 seconds
[2026-01-01T03:35:54.189+0000] {processor.py:161} INFO - Started process (PID=51974) to work on /home/airflow/.local/lib/python3.12/site-packages/airflow/example_dags/example_params_trigger_ui.py
[2026-01-01T03:35:54.189+0000] {processor.py:830} INFO - Processing file /home/airflow/.local/lib/python3.12/site-packages/airflow/example_dags/example_params_trigger_ui.py for tasks to queue
[2026-01-01T03:35:54.190+0000] {logging_mixin.py:188} INFO - [2026-01-01T03:35:54.190+0000] {dagbag.py:545} INFO - Filling up the DagBag from /home/airflow/.local/lib/python3.12/site-packages/airflow/example_dags/example_params_trigger_ui.py
[2026-01-01T03:35:54.195+0000] {processor.py:840} INFO - DAG(s) 'example_params_trigger_ui' retrieved from /home/airflow/.local/lib/python3.12/site-packages/airflow/example_dags/example_params_trigger_ui.py
[2026-01-01T03:35:54.211+0000] {logging_mixin.py:188} INFO - [2026-01-01T03:35:54.211+0000] {dag.py:3089} INFO - Sync 1 DAGs
[2026-01-01T03:35:54.216+0000] {logging_mixin.py:188} INFO - [2026-01-01T03:35:54.216+0000] {dag.py:3947} INFO - Setting next_dagrun for example_params_trigger_ui to None, run_after=None
[2026-01-01T03:35:54.226+0000] {processor.py:183} INFO - Processing /home/airflow/.local/lib/python3.12/site-packages/airflow/example_dags/example_params_trigger_ui.py took 0.040 seconds
[2026-01-01T04:55:54.381+0000] {processor.py:161} INFO - Started process (PID=52034) to work on /home/airflow/.local/lib/python3.12/site-packages/airflow/example_dags/example_params_trigger_ui.py
[2026-01-01T04:55:54.384+0000] {processor.py:830} INFO - Processing file /home/airflow/.local/lib/python3.12/site-packages/airflow/example_dags/example_params_trigger_ui.py for tasks to queue
[2026-01-01T04:55:54.384+0000] {logging_mixin.py:188} INFO - [2026-01-01T04:55:54.384+0000] {dagbag.py:545} INFO - Filling up the DagBag from /home/airflow/.local/lib/python3.12/site-packages/airflow/example_dags/example_params_trigger_ui.py
[2026-01-01T04:55:54.391+0000] {processor.py:840} INFO - DAG(s) 'example_params_trigger_ui' retrieved from /home/airflow/.local/lib/python3.12/site-packages/airflow/example_dags/example_params_trigger_ui.py
[2026-01-01T04:55:54.410+0000] {logging_mixin.py:188} INFO - [2026-01-01T04:55:54.410+0000] {dag.py:3089} INFO - Sync 1 DAGs
[2026-01-01T04:55:54.415+0000] {logging_mixin.py:188} INFO - [2026-01-01T04:55:54.415+0000] {dag.py:3947} INFO - Setting next_dagrun for example_params_trigger_ui to None, run_after=None
[2026-01-01T04:55:54.430+0000] {processor.py:183} INFO - Processing /home/airflow/.local/lib/python3.12/site-packages/airflow/example_dags/example_params_trigger_ui.py took 0.052 seconds
[2026-01-01T06:07:22.490+0000] {processor.py:161} INFO - Started process (PID=52093) to work on /home/airflow/.local/lib/python3.12/site-packages/airflow/example_dags/example_params_trigger_ui.py
[2026-01-01T06:07:22.492+0000] {processor.py:830} INFO - Processing file /home/airflow/.local/lib/python3.12/site-packages/airflow/example_dags/example_params_trigger_ui.py for tasks to queue
[2026-01-01T06:07:22.492+0000] {logging_mixin.py:188} INFO - [2026-01-01T06:07:22.492+0000] {dagbag.py:545} INFO - Filling up the DagBag from /home/airflow/.local/lib/python3.12/site-packages/airflow/example_dags/example_params_trigger_ui.py
[2026-01-01T06:07:22.498+0000] {processor.py:840} INFO - DAG(s) 'example_params_trigger_ui' retrieved from /home/airflow/.local/lib/python3.12/site-packages/airflow/example_dags/example_params_trigger_ui.py
[2026-01-01T06:07:22.519+0000] {logging_mixin.py:188} INFO - [2026-01-01T06:07:22.519+0000] {dag.py:3089} INFO - Sync 1 DAGs
[2026-01-01T06:07:22.524+0000] {logging_mixin.py:188} INFO - [2026-01-01T06:07:22.524+0000] {dag.py:3947} INFO - Setting next_dagrun for example_params_trigger_ui to None, run_after=None
[2026-01-01T06:07:22.532+0000] {processor.py:183} INFO - Processing /home/airflow/.local/lib/python3.12/site-packages/airflow/example_dags/example_params_trigger_ui.py took 0.045 seconds
[2026-01-01T07:40:36.746+0000] {processor.py:161} INFO - Started process (PID=52152) to work on /home/airflow/.local/lib/python3.12/site-packages/airflow/example_dags/example_params_trigger_ui.py
[2026-01-01T07:40:36.748+0000] {processor.py:830} INFO - Processing file /home/airflow/.local/lib/python3.12/site-packages/airflow/example_dags/example_params_trigger_ui.py for tasks to queue
[2026-01-01T07:40:36.749+0000] {logging_mixin.py:188} INFO - [2026-01-01T07:40:36.748+0000] {dagbag.py:545} INFO - Filling up the DagBag from /home/airflow/.local/lib/python3.12/site-packages/airflow/example_dags/example_params_trigger_ui.py
[2026-01-01T07:40:36.754+0000] {processor.py:840} INFO - DAG(s) 'example_params_trigger_ui' retrieved from /home/airflow/.local/lib/python3.12/site-packages/airflow/example_dags/example_params_trigger_ui.py
[2026-01-01T07:40:36.773+0000] {logging_mixin.py:188} INFO - [2026-01-01T07:40:36.773+0000] {dag.py:3089} INFO - Sync 1 DAGs
[2026-01-01T07:40:36.783+0000] {logging_mixin.py:188} INFO - [2026-01-01T07:40:36.783+0000] {dag.py:3947} INFO - Setting next_dagrun for example_params_trigger_ui to None, run_after=None
[2026-01-01T07:40:36.793+0000] {processor.py:183} INFO - Processing /home/airflow/.local/lib/python3.12/site-packages/airflow/example_dags/example_params_trigger_ui.py took 0.050 seconds
[2026-01-01T08:44:36.568+0000] {processor.py:161} INFO - Started process (PID=52211) to work on /home/airflow/.local/lib/python3.12/site-packages/airflow/example_dags/example_params_trigger_ui.py
[2026-01-01T08:44:36.569+0000] {processor.py:830} INFO - Processing file /home/airflow/.local/lib/python3.12/site-packages/airflow/example_dags/example_params_trigger_ui.py for tasks to queue
[2026-01-01T08:44:36.569+0000] {logging_mixin.py:188} INFO - [2026-01-01T08:44:36.569+0000] {dagbag.py:545} INFO - Filling up the DagBag from /home/airflow/.local/lib/python3.12/site-packages/airflow/example_dags/example_params_trigger_ui.py
[2026-01-01T08:44:36.574+0000] {processor.py:840} INFO - DAG(s) 'example_params_trigger_ui' retrieved from /home/airflow/.local/lib/python3.12/site-packages/airflow/example_dags/example_params_trigger_ui.py
[2026-01-01T08:44:36.594+0000] {logging_mixin.py:188} INFO - [2026-01-01T08:44:36.594+0000] {dag.py:3089} INFO - Sync 1 DAGs
[2026-01-01T08:44:36.600+0000] {logging_mixin.py:188} INFO - [2026-01-01T08:44:36.600+0000] {dag.py:3947} INFO - Setting next_dagrun for example_params_trigger_ui to None, run_after=None
[2026-01-01T08:44:36.608+0000] {processor.py:183} INFO - Processing /home/airflow/.local/lib/python3.12/site-packages/airflow/example_dags/example_params_trigger_ui.py took 0.043 seconds
[2026-01-01T09:57:57.790+0000] {processor.py:161} INFO - Started process (PID=52270) to work on /home/airflow/.local/lib/python3.12/site-packages/airflow/example_dags/example_params_trigger_ui.py
[2026-01-01T09:57:57.791+0000] {processor.py:830} INFO - Processing file /home/airflow/.local/lib/python3.12/site-packages/airflow/example_dags/example_params_trigger_ui.py for tasks to queue
[2026-01-01T09:57:57.793+0000] {logging_mixin.py:188} INFO - [2026-01-01T09:57:57.793+0000] {dagbag.py:545} INFO - Filling up the DagBag from /home/airflow/.local/lib/python3.12/site-packages/airflow/example_dags/example_params_trigger_ui.py
[2026-01-01T09:57:57.798+0000] {processor.py:840} INFO - DAG(s) 'example_params_trigger_ui' retrieved from /home/airflow/.local/lib/python3.12/site-packages/airflow/example_dags/example_params_trigger_ui.py
[2026-01-01T09:57:57.815+0000] {logging_mixin.py:188} INFO - [2026-01-01T09:57:57.815+0000] {dag.py:3089} INFO - Sync 1 DAGs
[2026-01-01T09:57:57.822+0000] {logging_mixin.py:188} INFO - [2026-01-01T09:57:57.822+0000] {dag.py:3947} INFO - Setting next_dagrun for example_params_trigger_ui to None, run_after=None
[2026-01-01T09:57:57.833+0000] {processor.py:183} INFO - Processing /home/airflow/.local/lib/python3.12/site-packages/airflow/example_dags/example_params_trigger_ui.py took 0.046 seconds
[2026-01-01T11:12:23.060+0000] {processor.py:161} INFO - Started process (PID=52329) to work on /home/airflow/.local/lib/python3.12/site-packages/airflow/example_dags/example_params_trigger_ui.py
[2026-01-01T11:12:23.061+0000] {processor.py:830} INFO - Processing file /home/airflow/.local/lib/python3.12/site-packages/airflow/example_dags/example_params_trigger_ui.py for tasks to queue
[2026-01-01T11:12:23.061+0000] {logging_mixin.py:188} INFO - [2026-01-01T11:12:23.061+0000] {dagbag.py:545} INFO - Filling up the DagBag from /home/airflow/.local/lib/python3.12/site-packages/airflow/example_dags/example_params_trigger_ui.py
[2026-01-01T11:12:23.065+0000] {processor.py:840} INFO - DAG(s) 'example_params_trigger_ui' retrieved from /home/airflow/.local/lib/python3.12/site-packages/airflow/example_dags/example_params_trigger_ui.py
[2026-01-01T11:12:23.081+0000] {logging_mixin.py:188} INFO - [2026-01-01T11:12:23.081+0000] {dag.py:3089} INFO - Sync 1 DAGs
[2026-01-01T11:12:23.086+0000] {logging_mixin.py:188} INFO - [2026-01-01T11:12:23.086+0000] {dag.py:3947} INFO - Setting next_dagrun for example_params_trigger_ui to None, run_after=None
[2026-01-01T11:12:23.092+0000] {processor.py:183} INFO - Processing /home/airflow/.local/lib/python3.12/site-packages/airflow/example_dags/example_params_trigger_ui.py took 0.034 seconds
[2026-01-01T12:13:29.674+0000] {processor.py:161} INFO - Started process (PID=52388) to work on /home/airflow/.local/lib/python3.12/site-packages/airflow/example_dags/example_params_trigger_ui.py
[2026-01-01T12:13:29.674+0000] {processor.py:830} INFO - Processing file /home/airflow/.local/lib/python3.12/site-packages/airflow/example_dags/example_params_trigger_ui.py for tasks to queue
[2026-01-01T12:13:29.675+0000] {logging_mixin.py:188} INFO - [2026-01-01T12:13:29.675+0000] {dagbag.py:545} INFO - Filling up the DagBag from /home/airflow/.local/lib/python3.12/site-packages/airflow/example_dags/example_params_trigger_ui.py
[2026-01-01T12:13:29.680+0000] {processor.py:840} INFO - DAG(s) 'example_params_trigger_ui' retrieved from /home/airflow/.local/lib/python3.12/site-packages/airflow/example_dags/example_params_trigger_ui.py
[2026-01-01T12:13:29.699+0000] {logging_mixin.py:188} INFO - [2026-01-01T12:13:29.699+0000] {dag.py:3089} INFO - Sync 1 DAGs
[2026-01-01T12:13:29.705+0000] {logging_mixin.py:188} INFO - [2026-01-01T12:13:29.705+0000] {dag.py:3947} INFO - Setting next_dagrun for example_params_trigger_ui to None, run_after=None
[2026-01-01T12:13:29.715+0000] {processor.py:183} INFO - Processing /home/airflow/.local/lib/python3.12/site-packages/airflow/example_dags/example_params_trigger_ui.py took 0.043 seconds
[2026-01-01T13:31:41.985+0000] {processor.py:161} INFO - Started process (PID=52447) to work on /home/airflow/.local/lib/python3.12/site-packages/airflow/example_dags/example_params_trigger_ui.py
[2026-01-01T13:31:41.986+0000] {processor.py:830} INFO - Processing file /home/airflow/.local/lib/python3.12/site-packages/airflow/example_dags/example_params_trigger_ui.py for tasks to queue
[2026-01-01T13:31:41.986+0000] {logging_mixin.py:188} INFO - [2026-01-01T13:31:41.986+0000] {dagbag.py:545} INFO - Filling up the DagBag from /home/airflow/.local/lib/python3.12/site-packages/airflow/example_dags/example_params_trigger_ui.py
[2026-01-01T13:31:41.991+0000] {processor.py:840} INFO - DAG(s) 'example_params_trigger_ui' retrieved from /home/airflow/.local/lib/python3.12/site-packages/airflow/example_dags/example_params_trigger_ui.py
[2026-01-01T13:31:42.009+0000] {logging_mixin.py:188} INFO - [2026-01-01T13:31:42.009+0000] {dag.py:3089} INFO - Sync 1 DAGs
[2026-01-01T13:31:42.016+0000] {logging_mixin.py:188} INFO - [2026-01-01T13:31:42.016+0000] {dag.py:3947} INFO - Setting next_dagrun for example_params_trigger_ui to None, run_after=None
[2026-01-01T13:31:42.025+0000] {processor.py:183} INFO - Processing /home/airflow/.local/lib/python3.12/site-packages/airflow/example_dags/example_params_trigger_ui.py took 0.043 seconds
[2026-01-01T15:05:24.680+0000] {processor.py:161} INFO - Started process (PID=52506) to work on /home/airflow/.local/lib/python3.12/site-packages/airflow/example_dags/example_params_trigger_ui.py
[2026-01-01T15:05:24.684+0000] {processor.py:830} INFO - Processing file /home/airflow/.local/lib/python3.12/site-packages/airflow/example_dags/example_params_trigger_ui.py for tasks to queue
[2026-01-01T15:05:24.685+0000] {logging_mixin.py:188} INFO - [2026-01-01T15:05:24.685+0000] {dagbag.py:545} INFO - Filling up the DagBag from /home/airflow/.local/lib/python3.12/site-packages/airflow/example_dags/example_params_trigger_ui.py
[2026-01-01T15:05:24.690+0000] {processor.py:840} INFO - DAG(s) 'example_params_trigger_ui' retrieved from /home/airflow/.local/lib/python3.12/site-packages/airflow/example_dags/example_params_trigger_ui.py
[2026-01-01T15:05:24.713+0000] {logging_mixin.py:188} INFO - [2026-01-01T15:05:24.713+0000] {dag.py:3089} INFO - Sync 1 DAGs
[2026-01-01T15:05:24.719+0000] {logging_mixin.py:188} INFO - [2026-01-01T15:05:24.719+0000] {dag.py:3947} INFO - Setting next_dagrun for example_params_trigger_ui to None, run_after=None
[2026-01-01T15:05:24.729+0000] {processor.py:183} INFO - Processing /home/airflow/.local/lib/python3.12/site-packages/airflow/example_dags/example_params_trigger_ui.py took 0.052 seconds
[2026-01-01T16:17:20.595+0000] {processor.py:161} INFO - Started process (PID=52565) to work on /home/airflow/.local/lib/python3.12/site-packages/airflow/example_dags/example_params_trigger_ui.py
[2026-01-01T16:17:20.597+0000] {processor.py:830} INFO - Processing file /home/airflow/.local/lib/python3.12/site-packages/airflow/example_dags/example_params_trigger_ui.py for tasks to queue
[2026-01-01T16:17:20.598+0000] {logging_mixin.py:188} INFO - [2026-01-01T16:17:20.598+0000] {dagbag.py:545} INFO - Filling up the DagBag from /home/airflow/.local/lib/python3.12/site-packages/airflow/example_dags/example_params_trigger_ui.py
[2026-01-01T16:17:20.609+0000] {processor.py:840} INFO - DAG(s) 'example_params_trigger_ui' retrieved from /home/airflow/.local/lib/python3.12/site-packages/airflow/example_dags/example_params_trigger_ui.py
[2026-01-01T16:17:20.633+0000] {logging_mixin.py:188} INFO - [2026-01-01T16:17:20.633+0000] {dag.py:3089} INFO - Sync 1 DAGs
[2026-01-01T16:17:20.639+0000] {logging_mixin.py:188} INFO - [2026-01-01T16:17:20.639+0000] {dag.py:3947} INFO - Setting next_dagrun for example_params_trigger_ui to None, run_after=None
[2026-01-01T16:17:20.646+0000] {processor.py:183} INFO - Processing /home/airflow/.local/lib/python3.12/site-packages/airflow/example_dags/example_params_trigger_ui.py took 0.056 seconds
[2026-01-01T17:14:39.553+0000] {processor.py:161} INFO - Started process (PID=52624) to work on /home/airflow/.local/lib/python3.12/site-packages/airflow/example_dags/example_params_trigger_ui.py
[2026-01-01T17:14:39.554+0000] {processor.py:830} INFO - Processing file /home/airflow/.local/lib/python3.12/site-packages/airflow/example_dags/example_params_trigger_ui.py for tasks to queue
[2026-01-01T17:14:39.555+0000] {logging_mixin.py:188} INFO - [2026-01-01T17:14:39.554+0000] {dagbag.py:545} INFO - Filling up the DagBag from /home/airflow/.local/lib/python3.12/site-packages/airflow/example_dags/example_params_trigger_ui.py
[2026-01-01T17:14:39.561+0000] {processor.py:840} INFO - DAG(s) 'example_params_trigger_ui' retrieved from /home/airflow/.local/lib/python3.12/site-packages/airflow/example_dags/example_params_trigger_ui.py
[2026-01-01T17:14:39.581+0000] {logging_mixin.py:188} INFO - [2026-01-01T17:14:39.581+0000] {dag.py:3089} INFO - Sync 1 DAGs
[2026-01-01T17:14:39.589+0000] {logging_mixin.py:188} INFO - [2026-01-01T17:14:39.589+0000] {dag.py:3947} INFO - Setting next_dagrun for example_params_trigger_ui to None, run_after=None
[2026-01-01T17:14:39.603+0000] {processor.py:183} INFO - Processing /home/airflow/.local/lib/python3.12/site-packages/airflow/example_dags/example_params_trigger_ui.py took 0.053 seconds
[2026-01-01T18:19:24.052+0000] {processor.py:161} INFO - Started process (PID=52683) to work on /home/airflow/.local/lib/python3.12/site-packages/airflow/example_dags/example_params_trigger_ui.py
[2026-01-01T18:19:24.053+0000] {processor.py:830} INFO - Processing file /home/airflow/.local/lib/python3.12/site-packages/airflow/example_dags/example_params_trigger_ui.py for tasks to queue
[2026-01-01T18:19:24.053+0000] {logging_mixin.py:188} INFO - [2026-01-01T18:19:24.053+0000] {dagbag.py:545} INFO - Filling up the DagBag from /home/airflow/.local/lib/python3.12/site-packages/airflow/example_dags/example_params_trigger_ui.py
[2026-01-01T18:19:24.057+0000] {processor.py:840} INFO - DAG(s) 'example_params_trigger_ui' retrieved from /home/airflow/.local/lib/python3.12/site-packages/airflow/example_dags/example_params_trigger_ui.py
[2026-01-01T18:19:24.073+0000] {logging_mixin.py:188} INFO - [2026-01-01T18:19:24.073+0000] {dag.py:3089} INFO - Sync 1 DAGs
[2026-01-01T18:19:24.078+0000] {logging_mixin.py:188} INFO - [2026-01-01T18:19:24.078+0000] {dag.py:3947} INFO - Setting next_dagrun for example_params_trigger_ui to None, run_after=None
[2026-01-01T18:19:24.085+0000] {processor.py:183} INFO - Processing /home/airflow/.local/lib/python3.12/site-packages/airflow/example_dags/example_params_trigger_ui.py took 0.035 seconds
[2026-01-01T19:35:32.030+0000] {processor.py:161} INFO - Started process (PID=52742) to work on /home/airflow/.local/lib/python3.12/site-packages/airflow/example_dags/example_params_trigger_ui.py
[2026-01-01T19:35:32.030+0000] {processor.py:830} INFO - Processing file /home/airflow/.local/lib/python3.12/site-packages/airflow/example_dags/example_params_trigger_ui.py for tasks to queue
[2026-01-01T19:35:32.030+0000] {logging_mixin.py:188} INFO - [2026-01-01T19:35:32.030+0000] {dagbag.py:545} INFO - Filling up the DagBag from /home/airflow/.local/lib/python3.12/site-packages/airflow/example_dags/example_params_trigger_ui.py
[2026-01-01T19:35:32.038+0000] {processor.py:840} INFO - DAG(s) 'example_params_trigger_ui' retrieved from /home/airflow/.local/lib/python3.12/site-packages/airflow/example_dags/example_params_trigger_ui.py
[2026-01-01T19:35:32.053+0000] {logging_mixin.py:188} INFO - [2026-01-01T19:35:32.053+0000] {dag.py:3089} INFO - Sync 1 DAGs
[2026-01-01T19:35:32.058+0000] {logging_mixin.py:188} INFO - [2026-01-01T19:35:32.058+0000] {dag.py:3947} INFO - Setting next_dagrun for example_params_trigger_ui to None, run_after=None
[2026-01-01T19:35:32.066+0000] {processor.py:183} INFO - Processing /home/airflow/.local/lib/python3.12/site-packages/airflow/example_dags/example_params_trigger_ui.py took 0.039 seconds
[2026-01-01T20:54:41.251+0000] {processor.py:161} INFO - Started process (PID=52801) to work on /home/airflow/.local/lib/python3.12/site-packages/airflow/example_dags/example_params_trigger_ui.py
[2026-01-01T20:54:41.251+0000] {processor.py:830} INFO - Processing file /home/airflow/.local/lib/python3.12/site-packages/airflow/example_dags/example_params_trigger_ui.py for tasks to queue
[2026-01-01T20:54:41.252+0000] {logging_mixin.py:188} INFO - [2026-01-01T20:54:41.252+0000] {dagbag.py:545} INFO - Filling up the DagBag from /home/airflow/.local/lib/python3.12/site-packages/airflow/example_dags/example_params_trigger_ui.py
[2026-01-01T20:54:41.256+0000] {processor.py:840} INFO - DAG(s) 'example_params_trigger_ui' retrieved from /home/airflow/.local/lib/python3.12/site-packages/airflow/example_dags/example_params_trigger_ui.py
[2026-01-01T20:54:41.273+0000] {logging_mixin.py:188} INFO - [2026-01-01T20:54:41.273+0000] {dag.py:3089} INFO - Sync 1 DAGs
[2026-01-01T20:54:41.278+0000] {logging_mixin.py:188} INFO - [2026-01-01T20:54:41.278+0000] {dag.py:3947} INFO - Setting next_dagrun for example_params_trigger_ui to None, run_after=None
[2026-01-01T20:54:41.287+0000] {processor.py:183} INFO - Processing /home/airflow/.local/lib/python3.12/site-packages/airflow/example_dags/example_params_trigger_ui.py took 0.039 seconds
[2026-01-01T22:37:22.874+0000] {processor.py:161} INFO - Started process (PID=52860) to work on /home/airflow/.local/lib/python3.12/site-packages/airflow/example_dags/example_params_trigger_ui.py
[2026-01-01T22:37:22.877+0000] {processor.py:830} INFO - Processing file /home/airflow/.local/lib/python3.12/site-packages/airflow/example_dags/example_params_trigger_ui.py for tasks to queue
[2026-01-01T22:37:22.878+0000] {logging_mixin.py:188} INFO - [2026-01-01T22:37:22.878+0000] {dagbag.py:545} INFO - Filling up the DagBag from /home/airflow/.local/lib/python3.12/site-packages/airflow/example_dags/example_params_trigger_ui.py
[2026-01-01T22:37:22.883+0000] {processor.py:840} INFO - DAG(s) 'example_params_trigger_ui' retrieved from /home/airflow/.local/lib/python3.12/site-packages/airflow/example_dags/example_params_trigger_ui.py
[2026-01-01T22:37:22.905+0000] {logging_mixin.py:188} INFO - [2026-01-01T22:37:22.905+0000] {dag.py:3089} INFO - Sync 1 DAGs
[2026-01-01T22:37:22.910+0000] {logging_mixin.py:188} INFO - [2026-01-01T22:37:22.910+0000] {dag.py:3947} INFO - Setting next_dagrun for example_params_trigger_ui to None, run_after=None
[2026-01-01T22:37:22.920+0000] {processor.py:183} INFO - Processing /home/airflow/.local/lib/python3.12/site-packages/airflow/example_dags/example_params_trigger_ui.py took 0.049 seconds
[2026-01-01T23:54:05.314+0000] {processor.py:161} INFO - Started process (PID=52919) to work on /home/airflow/.local/lib/python3.12/site-packages/airflow/example_dags/example_params_trigger_ui.py
[2026-01-01T23:54:05.315+0000] {processor.py:830} INFO - Processing file /home/airflow/.local/lib/python3.12/site-packages/airflow/example_dags/example_params_trigger_ui.py for tasks to queue
[2026-01-01T23:54:05.317+0000] {logging_mixin.py:188} INFO - [2026-01-01T23:54:05.317+0000] {dagbag.py:545} INFO - Filling up the DagBag from /home/airflow/.local/lib/python3.12/site-packages/airflow/example_dags/example_params_trigger_ui.py
[2026-01-01T23:54:05.324+0000] {processor.py:840} INFO - DAG(s) 'example_params_trigger_ui' retrieved from /home/airflow/.local/lib/python3.12/site-packages/airflow/example_dags/example_params_trigger_ui.py
[2026-01-01T23:54:05.356+0000] {logging_mixin.py:188} INFO - [2026-01-01T23:54:05.356+0000] {dag.py:3089} INFO - Sync 1 DAGs
[2026-01-01T23:54:05.374+0000] {logging_mixin.py:188} INFO - [2026-01-01T23:54:05.373+0000] {dag.py:3947} INFO - Setting next_dagrun for example_params_trigger_ui to None, run_after=None
[2026-01-01T23:54:05.391+0000] {processor.py:183} INFO - Processing /home/airflow/.local/lib/python3.12/site-packages/airflow/example_dags/example_params_trigger_ui.py took 0.081 seconds
