[2026-01-01T01:03:22.503+0000] {processor.py:161} INFO - Started process (PID=51824) to work on /home/airflow/.local/lib/python3.12/site-packages/airflow/example_dags/example_external_task_marker_dag.py
[2026-01-01T01:03:22.503+0000] {processor.py:830} INFO - Processing file /home/airflow/.local/lib/python3.12/site-packages/airflow/example_dags/example_external_task_marker_dag.py for tasks to queue
[2026-01-01T01:03:22.504+0000] {logging_mixin.py:188} INFO - [2026-01-01T01:03:22.503+0000] {dagbag.py:545} INFO - Filling up the DagBag from /home/airflow/.local/lib/python3.12/site-packages/airflow/example_dags/example_external_task_marker_dag.py
[2026-01-01T01:03:22.507+0000] {processor.py:840} INFO - DAG(s) 'example_external_task_marker_child', 'example_external_task_marker_parent' retrieved from /home/airflow/.local/lib/python3.12/site-packages/airflow/example_dags/example_external_task_marker_dag.py
[2026-01-01T01:03:22.517+0000] {logging_mixin.py:188} INFO - [2026-01-01T01:03:22.517+0000] {dag.py:3089} INFO - Sync 2 DAGs
[2026-01-01T01:03:22.522+0000] {logging_mixin.py:188} INFO - [2026-01-01T01:03:22.522+0000] {dag.py:3947} INFO - Setting next_dagrun for example_external_task_marker_child to None, run_after=None
[2026-01-01T01:03:22.523+0000] {logging_mixin.py:188} INFO - [2026-01-01T01:03:22.523+0000] {dag.py:3947} INFO - Setting next_dagrun for example_external_task_marker_parent to None, run_after=None
[2026-01-01T01:03:22.529+0000] {processor.py:183} INFO - Processing /home/airflow/.local/lib/python3.12/site-packages/airflow/example_dags/example_external_task_marker_dag.py took 0.029 seconds
[2026-01-01T02:01:01.836+0000] {processor.py:161} INFO - Started process (PID=51883) to work on /home/airflow/.local/lib/python3.12/site-packages/airflow/example_dags/example_external_task_marker_dag.py
[2026-01-01T02:01:01.840+0000] {processor.py:830} INFO - Processing file /home/airflow/.local/lib/python3.12/site-packages/airflow/example_dags/example_external_task_marker_dag.py for tasks to queue
[2026-01-01T02:01:01.842+0000] {logging_mixin.py:188} INFO - [2026-01-01T02:01:01.842+0000] {dagbag.py:545} INFO - Filling up the DagBag from /home/airflow/.local/lib/python3.12/site-packages/airflow/example_dags/example_external_task_marker_dag.py
[2026-01-01T02:01:01.846+0000] {processor.py:840} INFO - DAG(s) 'example_external_task_marker_child', 'example_external_task_marker_parent' retrieved from /home/airflow/.local/lib/python3.12/site-packages/airflow/example_dags/example_external_task_marker_dag.py
[2026-01-01T02:01:01.864+0000] {logging_mixin.py:188} INFO - [2026-01-01T02:01:01.864+0000] {dag.py:3089} INFO - Sync 2 DAGs
[2026-01-01T02:01:01.870+0000] {logging_mixin.py:188} INFO - [2026-01-01T02:01:01.870+0000] {dag.py:3947} INFO - Setting next_dagrun for example_external_task_marker_child to None, run_after=None
[2026-01-01T02:01:01.875+0000] {logging_mixin.py:188} INFO - [2026-01-01T02:01:01.875+0000] {dag.py:3947} INFO - Setting next_dagrun for example_external_task_marker_parent to None, run_after=None
[2026-01-01T02:01:01.886+0000] {processor.py:183} INFO - Processing /home/airflow/.local/lib/python3.12/site-packages/airflow/example_dags/example_external_task_marker_dag.py took 0.053 seconds
[2026-01-01T03:35:53.284+0000] {processor.py:161} INFO - Started process (PID=51942) to work on /home/airflow/.local/lib/python3.12/site-packages/airflow/example_dags/example_external_task_marker_dag.py
[2026-01-01T03:35:53.285+0000] {processor.py:830} INFO - Processing file /home/airflow/.local/lib/python3.12/site-packages/airflow/example_dags/example_external_task_marker_dag.py for tasks to queue
[2026-01-01T03:35:53.285+0000] {logging_mixin.py:188} INFO - [2026-01-01T03:35:53.285+0000] {dagbag.py:545} INFO - Filling up the DagBag from /home/airflow/.local/lib/python3.12/site-packages/airflow/example_dags/example_external_task_marker_dag.py
[2026-01-01T03:35:53.288+0000] {processor.py:840} INFO - DAG(s) 'example_external_task_marker_child', 'example_external_task_marker_parent' retrieved from /home/airflow/.local/lib/python3.12/site-packages/airflow/example_dags/example_external_task_marker_dag.py
[2026-01-01T03:35:53.299+0000] {logging_mixin.py:188} INFO - [2026-01-01T03:35:53.298+0000] {dag.py:3089} INFO - Sync 2 DAGs
[2026-01-01T03:35:53.305+0000] {logging_mixin.py:188} INFO - [2026-01-01T03:35:53.305+0000] {dag.py:3947} INFO - Setting next_dagrun for example_external_task_marker_child to None, run_after=None
[2026-01-01T03:35:53.309+0000] {logging_mixin.py:188} INFO - [2026-01-01T03:35:53.309+0000] {dag.py:3947} INFO - Setting next_dagrun for example_external_task_marker_parent to None, run_after=None
[2026-01-01T03:35:53.320+0000] {processor.py:183} INFO - Processing /home/airflow/.local/lib/python3.12/site-packages/airflow/example_dags/example_external_task_marker_dag.py took 0.039 seconds
[2026-01-01T04:55:53.198+0000] {processor.py:161} INFO - Started process (PID=52002) to work on /home/airflow/.local/lib/python3.12/site-packages/airflow/example_dags/example_external_task_marker_dag.py
[2026-01-01T04:55:53.200+0000] {processor.py:830} INFO - Processing file /home/airflow/.local/lib/python3.12/site-packages/airflow/example_dags/example_external_task_marker_dag.py for tasks to queue
[2026-01-01T04:55:53.200+0000] {logging_mixin.py:188} INFO - [2026-01-01T04:55:53.200+0000] {dagbag.py:545} INFO - Filling up the DagBag from /home/airflow/.local/lib/python3.12/site-packages/airflow/example_dags/example_external_task_marker_dag.py
[2026-01-01T04:55:53.206+0000] {processor.py:840} INFO - DAG(s) 'example_external_task_marker_child', 'example_external_task_marker_parent' retrieved from /home/airflow/.local/lib/python3.12/site-packages/airflow/example_dags/example_external_task_marker_dag.py
[2026-01-01T04:55:53.220+0000] {logging_mixin.py:188} INFO - [2026-01-01T04:55:53.220+0000] {dag.py:3089} INFO - Sync 2 DAGs
[2026-01-01T04:55:53.226+0000] {logging_mixin.py:188} INFO - [2026-01-01T04:55:53.226+0000] {dag.py:3947} INFO - Setting next_dagrun for example_external_task_marker_child to None, run_after=None
[2026-01-01T04:55:53.227+0000] {logging_mixin.py:188} INFO - [2026-01-01T04:55:53.227+0000] {dag.py:3947} INFO - Setting next_dagrun for example_external_task_marker_parent to None, run_after=None
[2026-01-01T04:55:53.234+0000] {processor.py:183} INFO - Processing /home/airflow/.local/lib/python3.12/site-packages/airflow/example_dags/example_external_task_marker_dag.py took 0.039 seconds
[2026-01-01T06:07:21.591+0000] {processor.py:161} INFO - Started process (PID=52061) to work on /home/airflow/.local/lib/python3.12/site-packages/airflow/example_dags/example_external_task_marker_dag.py
[2026-01-01T06:07:21.591+0000] {processor.py:830} INFO - Processing file /home/airflow/.local/lib/python3.12/site-packages/airflow/example_dags/example_external_task_marker_dag.py for tasks to queue
[2026-01-01T06:07:21.592+0000] {logging_mixin.py:188} INFO - [2026-01-01T06:07:21.592+0000] {dagbag.py:545} INFO - Filling up the DagBag from /home/airflow/.local/lib/python3.12/site-packages/airflow/example_dags/example_external_task_marker_dag.py
[2026-01-01T06:07:21.595+0000] {processor.py:840} INFO - DAG(s) 'example_external_task_marker_child', 'example_external_task_marker_parent' retrieved from /home/airflow/.local/lib/python3.12/site-packages/airflow/example_dags/example_external_task_marker_dag.py
[2026-01-01T06:07:21.604+0000] {logging_mixin.py:188} INFO - [2026-01-01T06:07:21.604+0000] {dag.py:3089} INFO - Sync 2 DAGs
[2026-01-01T06:07:21.609+0000] {logging_mixin.py:188} INFO - [2026-01-01T06:07:21.609+0000] {dag.py:3947} INFO - Setting next_dagrun for example_external_task_marker_child to None, run_after=None
[2026-01-01T06:07:21.611+0000] {logging_mixin.py:188} INFO - [2026-01-01T06:07:21.611+0000] {dag.py:3947} INFO - Setting next_dagrun for example_external_task_marker_parent to None, run_after=None
[2026-01-01T06:07:21.616+0000] {processor.py:183} INFO - Processing /home/airflow/.local/lib/python3.12/site-packages/airflow/example_dags/example_external_task_marker_dag.py took 0.028 seconds
[2026-01-01T07:40:35.705+0000] {processor.py:161} INFO - Started process (PID=52120) to work on /home/airflow/.local/lib/python3.12/site-packages/airflow/example_dags/example_external_task_marker_dag.py
[2026-01-01T07:40:35.706+0000] {processor.py:830} INFO - Processing file /home/airflow/.local/lib/python3.12/site-packages/airflow/example_dags/example_external_task_marker_dag.py for tasks to queue
[2026-01-01T07:40:35.706+0000] {logging_mixin.py:188} INFO - [2026-01-01T07:40:35.706+0000] {dagbag.py:545} INFO - Filling up the DagBag from /home/airflow/.local/lib/python3.12/site-packages/airflow/example_dags/example_external_task_marker_dag.py
[2026-01-01T07:40:35.710+0000] {processor.py:840} INFO - DAG(s) 'example_external_task_marker_parent', 'example_external_task_marker_child' retrieved from /home/airflow/.local/lib/python3.12/site-packages/airflow/example_dags/example_external_task_marker_dag.py
[2026-01-01T07:40:35.724+0000] {logging_mixin.py:188} INFO - [2026-01-01T07:40:35.724+0000] {dag.py:3089} INFO - Sync 2 DAGs
[2026-01-01T07:40:35.729+0000] {logging_mixin.py:188} INFO - [2026-01-01T07:40:35.729+0000] {dag.py:3947} INFO - Setting next_dagrun for example_external_task_marker_child to None, run_after=None
[2026-01-01T07:40:35.731+0000] {logging_mixin.py:188} INFO - [2026-01-01T07:40:35.731+0000] {dag.py:3947} INFO - Setting next_dagrun for example_external_task_marker_parent to None, run_after=None
[2026-01-01T07:40:35.744+0000] {processor.py:183} INFO - Processing /home/airflow/.local/lib/python3.12/site-packages/airflow/example_dags/example_external_task_marker_dag.py took 0.046 seconds
[2026-01-01T08:44:35.727+0000] {processor.py:161} INFO - Started process (PID=52179) to work on /home/airflow/.local/lib/python3.12/site-packages/airflow/example_dags/example_external_task_marker_dag.py
[2026-01-01T08:44:35.728+0000] {processor.py:830} INFO - Processing file /home/airflow/.local/lib/python3.12/site-packages/airflow/example_dags/example_external_task_marker_dag.py for tasks to queue
[2026-01-01T08:44:35.728+0000] {logging_mixin.py:188} INFO - [2026-01-01T08:44:35.728+0000] {dagbag.py:545} INFO - Filling up the DagBag from /home/airflow/.local/lib/python3.12/site-packages/airflow/example_dags/example_external_task_marker_dag.py
[2026-01-01T08:44:35.731+0000] {processor.py:840} INFO - DAG(s) 'example_external_task_marker_child', 'example_external_task_marker_parent' retrieved from /home/airflow/.local/lib/python3.12/site-packages/airflow/example_dags/example_external_task_marker_dag.py
[2026-01-01T08:44:35.742+0000] {logging_mixin.py:188} INFO - [2026-01-01T08:44:35.742+0000] {dag.py:3089} INFO - Sync 2 DAGs
[2026-01-01T08:44:35.748+0000] {logging_mixin.py:188} INFO - [2026-01-01T08:44:35.748+0000] {dag.py:3947} INFO - Setting next_dagrun for example_external_task_marker_child to None, run_after=None
[2026-01-01T08:44:35.750+0000] {logging_mixin.py:188} INFO - [2026-01-01T08:44:35.750+0000] {dag.py:3947} INFO - Setting next_dagrun for example_external_task_marker_parent to None, run_after=None
[2026-01-01T08:44:35.759+0000] {processor.py:183} INFO - Processing /home/airflow/.local/lib/python3.12/site-packages/airflow/example_dags/example_external_task_marker_dag.py took 0.036 seconds
[2026-01-01T09:57:56.889+0000] {processor.py:161} INFO - Started process (PID=52238) to work on /home/airflow/.local/lib/python3.12/site-packages/airflow/example_dags/example_external_task_marker_dag.py
[2026-01-01T09:57:56.890+0000] {processor.py:830} INFO - Processing file /home/airflow/.local/lib/python3.12/site-packages/airflow/example_dags/example_external_task_marker_dag.py for tasks to queue
[2026-01-01T09:57:56.891+0000] {logging_mixin.py:188} INFO - [2026-01-01T09:57:56.891+0000] {dagbag.py:545} INFO - Filling up the DagBag from /home/airflow/.local/lib/python3.12/site-packages/airflow/example_dags/example_external_task_marker_dag.py
[2026-01-01T09:57:56.894+0000] {processor.py:840} INFO - DAG(s) 'example_external_task_marker_parent', 'example_external_task_marker_child' retrieved from /home/airflow/.local/lib/python3.12/site-packages/airflow/example_dags/example_external_task_marker_dag.py
[2026-01-01T09:57:56.905+0000] {logging_mixin.py:188} INFO - [2026-01-01T09:57:56.905+0000] {dag.py:3089} INFO - Sync 2 DAGs
[2026-01-01T09:57:56.910+0000] {logging_mixin.py:188} INFO - [2026-01-01T09:57:56.910+0000] {dag.py:3947} INFO - Setting next_dagrun for example_external_task_marker_child to None, run_after=None
[2026-01-01T09:57:56.912+0000] {logging_mixin.py:188} INFO - [2026-01-01T09:57:56.912+0000] {dag.py:3947} INFO - Setting next_dagrun for example_external_task_marker_parent to None, run_after=None
[2026-01-01T09:57:56.922+0000] {processor.py:183} INFO - Processing /home/airflow/.local/lib/python3.12/site-packages/airflow/example_dags/example_external_task_marker_dag.py took 0.035 seconds
[2026-01-01T11:12:21.916+0000] {processor.py:161} INFO - Started process (PID=52297) to work on /home/airflow/.local/lib/python3.12/site-packages/airflow/example_dags/example_external_task_marker_dag.py
[2026-01-01T11:12:21.917+0000] {processor.py:830} INFO - Processing file /home/airflow/.local/lib/python3.12/site-packages/airflow/example_dags/example_external_task_marker_dag.py for tasks to queue
[2026-01-01T11:12:21.917+0000] {logging_mixin.py:188} INFO - [2026-01-01T11:12:21.917+0000] {dagbag.py:545} INFO - Filling up the DagBag from /home/airflow/.local/lib/python3.12/site-packages/airflow/example_dags/example_external_task_marker_dag.py
[2026-01-01T11:12:21.920+0000] {processor.py:840} INFO - DAG(s) 'example_external_task_marker_child', 'example_external_task_marker_parent' retrieved from /home/airflow/.local/lib/python3.12/site-packages/airflow/example_dags/example_external_task_marker_dag.py
[2026-01-01T11:12:21.932+0000] {logging_mixin.py:188} INFO - [2026-01-01T11:12:21.932+0000] {dag.py:3089} INFO - Sync 2 DAGs
[2026-01-01T11:12:21.937+0000] {logging_mixin.py:188} INFO - [2026-01-01T11:12:21.937+0000] {dag.py:3947} INFO - Setting next_dagrun for example_external_task_marker_child to None, run_after=None
[2026-01-01T11:12:21.939+0000] {logging_mixin.py:188} INFO - [2026-01-01T11:12:21.939+0000] {dag.py:3947} INFO - Setting next_dagrun for example_external_task_marker_parent to None, run_after=None
[2026-01-01T11:12:21.949+0000] {processor.py:183} INFO - Processing /home/airflow/.local/lib/python3.12/site-packages/airflow/example_dags/example_external_task_marker_dag.py took 0.036 seconds
[2026-01-01T12:13:28.482+0000] {processor.py:161} INFO - Started process (PID=52356) to work on /home/airflow/.local/lib/python3.12/site-packages/airflow/example_dags/example_external_task_marker_dag.py
[2026-01-01T12:13:28.485+0000] {processor.py:830} INFO - Processing file /home/airflow/.local/lib/python3.12/site-packages/airflow/example_dags/example_external_task_marker_dag.py for tasks to queue
[2026-01-01T12:13:28.486+0000] {logging_mixin.py:188} INFO - [2026-01-01T12:13:28.486+0000] {dagbag.py:545} INFO - Filling up the DagBag from /home/airflow/.local/lib/python3.12/site-packages/airflow/example_dags/example_external_task_marker_dag.py
[2026-01-01T12:13:28.489+0000] {processor.py:840} INFO - DAG(s) 'example_external_task_marker_parent', 'example_external_task_marker_child' retrieved from /home/airflow/.local/lib/python3.12/site-packages/airflow/example_dags/example_external_task_marker_dag.py
[2026-01-01T12:13:28.503+0000] {logging_mixin.py:188} INFO - [2026-01-01T12:13:28.503+0000] {dag.py:3089} INFO - Sync 2 DAGs
[2026-01-01T12:13:28.509+0000] {logging_mixin.py:188} INFO - [2026-01-01T12:13:28.509+0000] {dag.py:3947} INFO - Setting next_dagrun for example_external_task_marker_child to None, run_after=None
[2026-01-01T12:13:28.511+0000] {logging_mixin.py:188} INFO - [2026-01-01T12:13:28.511+0000] {dag.py:3947} INFO - Setting next_dagrun for example_external_task_marker_parent to None, run_after=None
[2026-01-01T12:13:28.523+0000] {processor.py:183} INFO - Processing /home/airflow/.local/lib/python3.12/site-packages/airflow/example_dags/example_external_task_marker_dag.py took 0.045 seconds
[2026-01-01T13:31:40.954+0000] {processor.py:161} INFO - Started process (PID=52415) to work on /home/airflow/.local/lib/python3.12/site-packages/airflow/example_dags/example_external_task_marker_dag.py
[2026-01-01T13:31:40.956+0000] {processor.py:830} INFO - Processing file /home/airflow/.local/lib/python3.12/site-packages/airflow/example_dags/example_external_task_marker_dag.py for tasks to queue
[2026-01-01T13:31:40.957+0000] {logging_mixin.py:188} INFO - [2026-01-01T13:31:40.957+0000] {dagbag.py:545} INFO - Filling up the DagBag from /home/airflow/.local/lib/python3.12/site-packages/airflow/example_dags/example_external_task_marker_dag.py
[2026-01-01T13:31:40.966+0000] {processor.py:840} INFO - DAG(s) 'example_external_task_marker_parent', 'example_external_task_marker_child' retrieved from /home/airflow/.local/lib/python3.12/site-packages/airflow/example_dags/example_external_task_marker_dag.py
[2026-01-01T13:31:40.995+0000] {logging_mixin.py:188} INFO - [2026-01-01T13:31:40.995+0000] {dag.py:3089} INFO - Sync 2 DAGs
[2026-01-01T13:31:41.005+0000] {logging_mixin.py:188} INFO - [2026-01-01T13:31:41.005+0000] {dag.py:3947} INFO - Setting next_dagrun for example_external_task_marker_child to None, run_after=None
[2026-01-01T13:31:41.008+0000] {logging_mixin.py:188} INFO - [2026-01-01T13:31:41.008+0000] {dag.py:3947} INFO - Setting next_dagrun for example_external_task_marker_parent to None, run_after=None
[2026-01-01T13:31:41.019+0000] {processor.py:183} INFO - Processing /home/airflow/.local/lib/python3.12/site-packages/airflow/example_dags/example_external_task_marker_dag.py took 0.069 seconds
[2026-01-01T15:05:23.777+0000] {processor.py:161} INFO - Started process (PID=52474) to work on /home/airflow/.local/lib/python3.12/site-packages/airflow/example_dags/example_external_task_marker_dag.py
[2026-01-01T15:05:23.778+0000] {processor.py:830} INFO - Processing file /home/airflow/.local/lib/python3.12/site-packages/airflow/example_dags/example_external_task_marker_dag.py for tasks to queue
[2026-01-01T15:05:23.778+0000] {logging_mixin.py:188} INFO - [2026-01-01T15:05:23.778+0000] {dagbag.py:545} INFO - Filling up the DagBag from /home/airflow/.local/lib/python3.12/site-packages/airflow/example_dags/example_external_task_marker_dag.py
[2026-01-01T15:05:23.783+0000] {processor.py:840} INFO - DAG(s) 'example_external_task_marker_parent', 'example_external_task_marker_child' retrieved from /home/airflow/.local/lib/python3.12/site-packages/airflow/example_dags/example_external_task_marker_dag.py
[2026-01-01T15:05:23.796+0000] {logging_mixin.py:188} INFO - [2026-01-01T15:05:23.796+0000] {dag.py:3089} INFO - Sync 2 DAGs
[2026-01-01T15:05:23.803+0000] {logging_mixin.py:188} INFO - [2026-01-01T15:05:23.803+0000] {dag.py:3947} INFO - Setting next_dagrun for example_external_task_marker_child to None, run_after=None
[2026-01-01T15:05:23.805+0000] {logging_mixin.py:188} INFO - [2026-01-01T15:05:23.805+0000] {dag.py:3947} INFO - Setting next_dagrun for example_external_task_marker_parent to None, run_after=None
[2026-01-01T15:05:23.812+0000] {processor.py:183} INFO - Processing /home/airflow/.local/lib/python3.12/site-packages/airflow/example_dags/example_external_task_marker_dag.py took 0.039 seconds
[2026-01-01T16:17:19.621+0000] {processor.py:161} INFO - Started process (PID=52533) to work on /home/airflow/.local/lib/python3.12/site-packages/airflow/example_dags/example_external_task_marker_dag.py
[2026-01-01T16:17:19.622+0000] {processor.py:830} INFO - Processing file /home/airflow/.local/lib/python3.12/site-packages/airflow/example_dags/example_external_task_marker_dag.py for tasks to queue
[2026-01-01T16:17:19.622+0000] {logging_mixin.py:188} INFO - [2026-01-01T16:17:19.622+0000] {dagbag.py:545} INFO - Filling up the DagBag from /home/airflow/.local/lib/python3.12/site-packages/airflow/example_dags/example_external_task_marker_dag.py
[2026-01-01T16:17:19.626+0000] {processor.py:840} INFO - DAG(s) 'example_external_task_marker_parent', 'example_external_task_marker_child' retrieved from /home/airflow/.local/lib/python3.12/site-packages/airflow/example_dags/example_external_task_marker_dag.py
[2026-01-01T16:17:19.642+0000] {logging_mixin.py:188} INFO - [2026-01-01T16:17:19.642+0000] {dag.py:3089} INFO - Sync 2 DAGs
[2026-01-01T16:17:19.647+0000] {logging_mixin.py:188} INFO - [2026-01-01T16:17:19.647+0000] {dag.py:3947} INFO - Setting next_dagrun for example_external_task_marker_child to None, run_after=None
[2026-01-01T16:17:19.649+0000] {logging_mixin.py:188} INFO - [2026-01-01T16:17:19.649+0000] {dag.py:3947} INFO - Setting next_dagrun for example_external_task_marker_parent to None, run_after=None
[2026-01-01T16:17:19.659+0000] {processor.py:183} INFO - Processing /home/airflow/.local/lib/python3.12/site-packages/airflow/example_dags/example_external_task_marker_dag.py took 0.043 seconds
[2026-01-01T17:14:38.430+0000] {processor.py:161} INFO - Started process (PID=52592) to work on /home/airflow/.local/lib/python3.12/site-packages/airflow/example_dags/example_external_task_marker_dag.py
[2026-01-01T17:14:38.432+0000] {processor.py:830} INFO - Processing file /home/airflow/.local/lib/python3.12/site-packages/airflow/example_dags/example_external_task_marker_dag.py for tasks to queue
[2026-01-01T17:14:38.432+0000] {logging_mixin.py:188} INFO - [2026-01-01T17:14:38.432+0000] {dagbag.py:545} INFO - Filling up the DagBag from /home/airflow/.local/lib/python3.12/site-packages/airflow/example_dags/example_external_task_marker_dag.py
[2026-01-01T17:14:38.435+0000] {processor.py:840} INFO - DAG(s) 'example_external_task_marker_parent', 'example_external_task_marker_child' retrieved from /home/airflow/.local/lib/python3.12/site-packages/airflow/example_dags/example_external_task_marker_dag.py
[2026-01-01T17:14:38.449+0000] {logging_mixin.py:188} INFO - [2026-01-01T17:14:38.449+0000] {dag.py:3089} INFO - Sync 2 DAGs
[2026-01-01T17:14:38.457+0000] {logging_mixin.py:188} INFO - [2026-01-01T17:14:38.457+0000] {dag.py:3947} INFO - Setting next_dagrun for example_external_task_marker_child to None, run_after=None
[2026-01-01T17:14:38.460+0000] {logging_mixin.py:188} INFO - [2026-01-01T17:14:38.460+0000] {dag.py:3947} INFO - Setting next_dagrun for example_external_task_marker_parent to None, run_after=None
[2026-01-01T17:14:38.472+0000] {processor.py:183} INFO - Processing /home/airflow/.local/lib/python3.12/site-packages/airflow/example_dags/example_external_task_marker_dag.py took 0.045 seconds
[2026-01-01T18:19:23.107+0000] {processor.py:161} INFO - Started process (PID=52651) to work on /home/airflow/.local/lib/python3.12/site-packages/airflow/example_dags/example_external_task_marker_dag.py
[2026-01-01T18:19:23.107+0000] {processor.py:830} INFO - Processing file /home/airflow/.local/lib/python3.12/site-packages/airflow/example_dags/example_external_task_marker_dag.py for tasks to queue
[2026-01-01T18:19:23.108+0000] {logging_mixin.py:188} INFO - [2026-01-01T18:19:23.107+0000] {dagbag.py:545} INFO - Filling up the DagBag from /home/airflow/.local/lib/python3.12/site-packages/airflow/example_dags/example_external_task_marker_dag.py
[2026-01-01T18:19:23.112+0000] {processor.py:840} INFO - DAG(s) 'example_external_task_marker_child', 'example_external_task_marker_parent' retrieved from /home/airflow/.local/lib/python3.12/site-packages/airflow/example_dags/example_external_task_marker_dag.py
[2026-01-01T18:19:23.127+0000] {logging_mixin.py:188} INFO - [2026-01-01T18:19:23.127+0000] {dag.py:3089} INFO - Sync 2 DAGs
[2026-01-01T18:19:23.134+0000] {logging_mixin.py:188} INFO - [2026-01-01T18:19:23.134+0000] {dag.py:3947} INFO - Setting next_dagrun for example_external_task_marker_child to None, run_after=None
[2026-01-01T18:19:23.136+0000] {logging_mixin.py:188} INFO - [2026-01-01T18:19:23.136+0000] {dag.py:3947} INFO - Setting next_dagrun for example_external_task_marker_parent to None, run_after=None
[2026-01-01T18:19:23.143+0000] {processor.py:183} INFO - Processing /home/airflow/.local/lib/python3.12/site-packages/airflow/example_dags/example_external_task_marker_dag.py took 0.040 seconds
[2026-01-01T19:35:31.070+0000] {processor.py:161} INFO - Started process (PID=52710) to work on /home/airflow/.local/lib/python3.12/site-packages/airflow/example_dags/example_external_task_marker_dag.py
[2026-01-01T19:35:31.071+0000] {processor.py:830} INFO - Processing file /home/airflow/.local/lib/python3.12/site-packages/airflow/example_dags/example_external_task_marker_dag.py for tasks to queue
[2026-01-01T19:35:31.072+0000] {logging_mixin.py:188} INFO - [2026-01-01T19:35:31.071+0000] {dagbag.py:545} INFO - Filling up the DagBag from /home/airflow/.local/lib/python3.12/site-packages/airflow/example_dags/example_external_task_marker_dag.py
[2026-01-01T19:35:31.076+0000] {processor.py:840} INFO - DAG(s) 'example_external_task_marker_parent', 'example_external_task_marker_child' retrieved from /home/airflow/.local/lib/python3.12/site-packages/airflow/example_dags/example_external_task_marker_dag.py
[2026-01-01T19:35:31.093+0000] {logging_mixin.py:188} INFO - [2026-01-01T19:35:31.093+0000] {dag.py:3089} INFO - Sync 2 DAGs
[2026-01-01T19:35:31.101+0000] {logging_mixin.py:188} INFO - [2026-01-01T19:35:31.101+0000] {dag.py:3947} INFO - Setting next_dagrun for example_external_task_marker_child to None, run_after=None
[2026-01-01T19:35:31.103+0000] {logging_mixin.py:188} INFO - [2026-01-01T19:35:31.103+0000] {dag.py:3947} INFO - Setting next_dagrun for example_external_task_marker_parent to None, run_after=None
[2026-01-01T19:35:31.111+0000] {processor.py:183} INFO - Processing /home/airflow/.local/lib/python3.12/site-packages/airflow/example_dags/example_external_task_marker_dag.py took 0.045 seconds
[2026-01-01T20:54:39.904+0000] {processor.py:161} INFO - Started process (PID=52769) to work on /home/airflow/.local/lib/python3.12/site-packages/airflow/example_dags/example_external_task_marker_dag.py
[2026-01-01T20:54:39.904+0000] {processor.py:830} INFO - Processing file /home/airflow/.local/lib/python3.12/site-packages/airflow/example_dags/example_external_task_marker_dag.py for tasks to queue
[2026-01-01T20:54:39.905+0000] {logging_mixin.py:188} INFO - [2026-01-01T20:54:39.905+0000] {dagbag.py:545} INFO - Filling up the DagBag from /home/airflow/.local/lib/python3.12/site-packages/airflow/example_dags/example_external_task_marker_dag.py
[2026-01-01T20:54:39.909+0000] {processor.py:840} INFO - DAG(s) 'example_external_task_marker_parent', 'example_external_task_marker_child' retrieved from /home/airflow/.local/lib/python3.12/site-packages/airflow/example_dags/example_external_task_marker_dag.py
[2026-01-01T20:54:39.924+0000] {logging_mixin.py:188} INFO - [2026-01-01T20:54:39.924+0000] {dag.py:3089} INFO - Sync 2 DAGs
[2026-01-01T20:54:39.932+0000] {logging_mixin.py:188} INFO - [2026-01-01T20:54:39.932+0000] {dag.py:3947} INFO - Setting next_dagrun for example_external_task_marker_child to None, run_after=None
[2026-01-01T20:54:39.934+0000] {logging_mixin.py:188} INFO - [2026-01-01T20:54:39.934+0000] {dag.py:3947} INFO - Setting next_dagrun for example_external_task_marker_parent to None, run_after=None
[2026-01-01T20:54:39.942+0000] {processor.py:183} INFO - Processing /home/airflow/.local/lib/python3.12/site-packages/airflow/example_dags/example_external_task_marker_dag.py took 0.042 seconds
[2026-01-01T22:37:21.897+0000] {processor.py:161} INFO - Started process (PID=52828) to work on /home/airflow/.local/lib/python3.12/site-packages/airflow/example_dags/example_external_task_marker_dag.py
[2026-01-01T22:37:21.898+0000] {processor.py:830} INFO - Processing file /home/airflow/.local/lib/python3.12/site-packages/airflow/example_dags/example_external_task_marker_dag.py for tasks to queue
[2026-01-01T22:37:21.898+0000] {logging_mixin.py:188} INFO - [2026-01-01T22:37:21.898+0000] {dagbag.py:545} INFO - Filling up the DagBag from /home/airflow/.local/lib/python3.12/site-packages/airflow/example_dags/example_external_task_marker_dag.py
[2026-01-01T22:37:21.902+0000] {processor.py:840} INFO - DAG(s) 'example_external_task_marker_parent', 'example_external_task_marker_child' retrieved from /home/airflow/.local/lib/python3.12/site-packages/airflow/example_dags/example_external_task_marker_dag.py
[2026-01-01T22:37:21.914+0000] {logging_mixin.py:188} INFO - [2026-01-01T22:37:21.914+0000] {dag.py:3089} INFO - Sync 2 DAGs
[2026-01-01T22:37:21.920+0000] {logging_mixin.py:188} INFO - [2026-01-01T22:37:21.920+0000] {dag.py:3947} INFO - Setting next_dagrun for example_external_task_marker_child to None, run_after=None
[2026-01-01T22:37:21.922+0000] {logging_mixin.py:188} INFO - [2026-01-01T22:37:21.922+0000] {dag.py:3947} INFO - Setting next_dagrun for example_external_task_marker_parent to None, run_after=None
[2026-01-01T22:37:21.930+0000] {processor.py:183} INFO - Processing /home/airflow/.local/lib/python3.12/site-packages/airflow/example_dags/example_external_task_marker_dag.py took 0.036 seconds
[2026-01-01T23:54:03.758+0000] {processor.py:161} INFO - Started process (PID=52887) to work on /home/airflow/.local/lib/python3.12/site-packages/airflow/example_dags/example_external_task_marker_dag.py
[2026-01-01T23:54:03.759+0000] {processor.py:830} INFO - Processing file /home/airflow/.local/lib/python3.12/site-packages/airflow/example_dags/example_external_task_marker_dag.py for tasks to queue
[2026-01-01T23:54:03.759+0000] {logging_mixin.py:188} INFO - [2026-01-01T23:54:03.759+0000] {dagbag.py:545} INFO - Filling up the DagBag from /home/airflow/.local/lib/python3.12/site-packages/airflow/example_dags/example_external_task_marker_dag.py
[2026-01-01T23:54:03.763+0000] {processor.py:840} INFO - DAG(s) 'example_external_task_marker_child', 'example_external_task_marker_parent' retrieved from /home/airflow/.local/lib/python3.12/site-packages/airflow/example_dags/example_external_task_marker_dag.py
[2026-01-01T23:54:03.783+0000] {logging_mixin.py:188} INFO - [2026-01-01T23:54:03.783+0000] {dag.py:3089} INFO - Sync 2 DAGs
[2026-01-01T23:54:03.791+0000] {logging_mixin.py:188} INFO - [2026-01-01T23:54:03.791+0000] {dag.py:3947} INFO - Setting next_dagrun for example_external_task_marker_child to None, run_after=None
[2026-01-01T23:54:03.794+0000] {logging_mixin.py:188} INFO - [2026-01-01T23:54:03.794+0000] {dag.py:3947} INFO - Setting next_dagrun for example_external_task_marker_parent to None, run_after=None
[2026-01-01T23:54:03.807+0000] {processor.py:183} INFO - Processing /home/airflow/.local/lib/python3.12/site-packages/airflow/example_dags/example_external_task_marker_dag.py took 0.053 seconds
