[2026-01-01T01:03:23.547+0000] {processor.py:161} INFO - Started process (PID=51851) to work on /home/airflow/.local/lib/python3.12/site-packages/airflow/example_dags/example_datasets.py
[2026-01-01T01:03:23.547+0000] {processor.py:830} INFO - Processing file /home/airflow/.local/lib/python3.12/site-packages/airflow/example_dags/example_datasets.py for tasks to queue
[2026-01-01T01:03:23.547+0000] {logging_mixin.py:188} INFO - [2026-01-01T01:03:23.547+0000] {dagbag.py:545} INFO - Filling up the DagBag from /home/airflow/.local/lib/python3.12/site-packages/airflow/example_dags/example_datasets.py
[2026-01-01T01:03:23.554+0000] {processor.py:840} INFO - DAG(s) 'dataset_produces_1', 'dataset_produces_2', 'consume_1_or_both_2_and_3_with_dataset_expressions', 'dataset_consumes_1_never_scheduled', 'dataset_consumes_1', 'consume_1_or_2_with_dataset_expressions', 'consume_1_and_2_with_dataset_expressions', 'conditional_dataset_and_time_based_timetable', 'dataset_consumes_unknown_never_scheduled', 'dataset_consumes_1_and_2' retrieved from /home/airflow/.local/lib/python3.12/site-packages/airflow/example_dags/example_datasets.py
[2026-01-01T01:03:23.570+0000] {logging_mixin.py:188} INFO - [2026-01-01T01:03:23.570+0000] {dag.py:3089} INFO - Sync 10 DAGs
[2026-01-01T01:03:23.580+0000] {logging_mixin.py:188} INFO - [2026-01-01T01:03:23.580+0000] {dag.py:3947} INFO - Setting next_dagrun for conditional_dataset_and_time_based_timetable to 2025-12-31 01:00:00+00:00, run_after=2025-12-31 01:00:00+00:00
[2026-01-01T01:03:23.581+0000] {logging_mixin.py:188} INFO - [2026-01-01T01:03:23.581+0000] {dag.py:3947} INFO - Setting next_dagrun for consume_1_and_2_with_dataset_expressions to None, run_after=None
[2026-01-01T01:03:23.582+0000] {logging_mixin.py:188} INFO - [2026-01-01T01:03:23.582+0000] {dag.py:3947} INFO - Setting next_dagrun for consume_1_or_2_with_dataset_expressions to None, run_after=None
[2026-01-01T01:03:23.582+0000] {logging_mixin.py:188} INFO - [2026-01-01T01:03:23.582+0000] {dag.py:3947} INFO - Setting next_dagrun for consume_1_or_both_2_and_3_with_dataset_expressions to None, run_after=None
[2026-01-01T01:03:23.583+0000] {logging_mixin.py:188} INFO - [2026-01-01T01:03:23.582+0000] {dag.py:3947} INFO - Setting next_dagrun for dataset_consumes_1 to None, run_after=None
[2026-01-01T01:03:23.583+0000] {logging_mixin.py:188} INFO - [2026-01-01T01:03:23.583+0000] {dag.py:3947} INFO - Setting next_dagrun for dataset_consumes_1_and_2 to None, run_after=None
[2026-01-01T01:03:23.583+0000] {logging_mixin.py:188} INFO - [2026-01-01T01:03:23.583+0000] {dag.py:3947} INFO - Setting next_dagrun for dataset_consumes_1_never_scheduled to None, run_after=None
[2026-01-01T01:03:23.584+0000] {logging_mixin.py:188} INFO - [2026-01-01T01:03:23.584+0000] {dag.py:3947} INFO - Setting next_dagrun for dataset_consumes_unknown_never_scheduled to None, run_after=None
[2026-01-01T01:03:23.585+0000] {logging_mixin.py:188} INFO - [2026-01-01T01:03:23.584+0000] {dag.py:3947} INFO - Setting next_dagrun for dataset_produces_1 to 2025-12-31 00:00:00+00:00, run_after=2026-01-01 00:00:00+00:00
[2026-01-01T01:03:23.585+0000] {logging_mixin.py:188} INFO - [2026-01-01T01:03:23.585+0000] {dag.py:3947} INFO - Setting next_dagrun for dataset_produces_2 to None, run_after=None
[2026-01-01T01:03:23.599+0000] {processor.py:183} INFO - Processing /home/airflow/.local/lib/python3.12/site-packages/airflow/example_dags/example_datasets.py took 0.055 seconds
[2026-01-01T02:01:02.686+0000] {processor.py:161} INFO - Started process (PID=51910) to work on /home/airflow/.local/lib/python3.12/site-packages/airflow/example_dags/example_datasets.py
[2026-01-01T02:01:02.686+0000] {processor.py:830} INFO - Processing file /home/airflow/.local/lib/python3.12/site-packages/airflow/example_dags/example_datasets.py for tasks to queue
[2026-01-01T02:01:02.686+0000] {logging_mixin.py:188} INFO - [2026-01-01T02:01:02.686+0000] {dagbag.py:545} INFO - Filling up the DagBag from /home/airflow/.local/lib/python3.12/site-packages/airflow/example_dags/example_datasets.py
[2026-01-01T02:01:02.694+0000] {processor.py:840} INFO - DAG(s) 'dataset_consumes_1_and_2', 'dataset_produces_1', 'consume_1_or_both_2_and_3_with_dataset_expressions', 'conditional_dataset_and_time_based_timetable', 'consume_1_or_2_with_dataset_expressions', 'consume_1_and_2_with_dataset_expressions', 'dataset_produces_2', 'dataset_consumes_1', 'dataset_consumes_1_never_scheduled', 'dataset_consumes_unknown_never_scheduled' retrieved from /home/airflow/.local/lib/python3.12/site-packages/airflow/example_dags/example_datasets.py
[2026-01-01T02:01:02.710+0000] {logging_mixin.py:188} INFO - [2026-01-01T02:01:02.710+0000] {dag.py:3089} INFO - Sync 10 DAGs
[2026-01-01T02:01:02.719+0000] {logging_mixin.py:188} INFO - [2026-01-01T02:01:02.719+0000] {dag.py:3947} INFO - Setting next_dagrun for conditional_dataset_and_time_based_timetable to 2025-12-31 01:00:00+00:00, run_after=2025-12-31 01:00:00+00:00
[2026-01-01T02:01:02.721+0000] {logging_mixin.py:188} INFO - [2026-01-01T02:01:02.721+0000] {dag.py:3947} INFO - Setting next_dagrun for consume_1_and_2_with_dataset_expressions to None, run_after=None
[2026-01-01T02:01:02.721+0000] {logging_mixin.py:188} INFO - [2026-01-01T02:01:02.721+0000] {dag.py:3947} INFO - Setting next_dagrun for consume_1_or_2_with_dataset_expressions to None, run_after=None
[2026-01-01T02:01:02.722+0000] {logging_mixin.py:188} INFO - [2026-01-01T02:01:02.722+0000] {dag.py:3947} INFO - Setting next_dagrun for consume_1_or_both_2_and_3_with_dataset_expressions to None, run_after=None
[2026-01-01T02:01:02.722+0000] {logging_mixin.py:188} INFO - [2026-01-01T02:01:02.722+0000] {dag.py:3947} INFO - Setting next_dagrun for dataset_consumes_1 to None, run_after=None
[2026-01-01T02:01:02.723+0000] {logging_mixin.py:188} INFO - [2026-01-01T02:01:02.723+0000] {dag.py:3947} INFO - Setting next_dagrun for dataset_consumes_1_and_2 to None, run_after=None
[2026-01-01T02:01:02.723+0000] {logging_mixin.py:188} INFO - [2026-01-01T02:01:02.723+0000] {dag.py:3947} INFO - Setting next_dagrun for dataset_consumes_1_never_scheduled to None, run_after=None
[2026-01-01T02:01:02.723+0000] {logging_mixin.py:188} INFO - [2026-01-01T02:01:02.723+0000] {dag.py:3947} INFO - Setting next_dagrun for dataset_consumes_unknown_never_scheduled to None, run_after=None
[2026-01-01T02:01:02.724+0000] {logging_mixin.py:188} INFO - [2026-01-01T02:01:02.724+0000] {dag.py:3947} INFO - Setting next_dagrun for dataset_produces_1 to 2025-12-31 00:00:00+00:00, run_after=2026-01-01 00:00:00+00:00
[2026-01-01T02:01:02.725+0000] {logging_mixin.py:188} INFO - [2026-01-01T02:01:02.725+0000] {dag.py:3947} INFO - Setting next_dagrun for dataset_produces_2 to None, run_after=None
[2026-01-01T02:01:02.736+0000] {processor.py:183} INFO - Processing /home/airflow/.local/lib/python3.12/site-packages/airflow/example_dags/example_datasets.py took 0.053 seconds
[2026-01-01T03:35:54.045+0000] {processor.py:161} INFO - Started process (PID=51969) to work on /home/airflow/.local/lib/python3.12/site-packages/airflow/example_dags/example_datasets.py
[2026-01-01T03:35:54.045+0000] {processor.py:830} INFO - Processing file /home/airflow/.local/lib/python3.12/site-packages/airflow/example_dags/example_datasets.py for tasks to queue
[2026-01-01T03:35:54.045+0000] {logging_mixin.py:188} INFO - [2026-01-01T03:35:54.045+0000] {dagbag.py:545} INFO - Filling up the DagBag from /home/airflow/.local/lib/python3.12/site-packages/airflow/example_dags/example_datasets.py
[2026-01-01T03:35:54.052+0000] {processor.py:840} INFO - DAG(s) 'consume_1_or_2_with_dataset_expressions', 'conditional_dataset_and_time_based_timetable', 'consume_1_and_2_with_dataset_expressions', 'consume_1_or_both_2_and_3_with_dataset_expressions', 'dataset_consumes_1_never_scheduled', 'dataset_produces_1', 'dataset_consumes_1', 'dataset_produces_2', 'dataset_consumes_unknown_never_scheduled', 'dataset_consumes_1_and_2' retrieved from /home/airflow/.local/lib/python3.12/site-packages/airflow/example_dags/example_datasets.py
[2026-01-01T03:35:54.069+0000] {logging_mixin.py:188} INFO - [2026-01-01T03:35:54.068+0000] {dag.py:3089} INFO - Sync 10 DAGs
[2026-01-01T03:35:54.077+0000] {logging_mixin.py:188} INFO - [2026-01-01T03:35:54.077+0000] {dag.py:3947} INFO - Setting next_dagrun for conditional_dataset_and_time_based_timetable to 2025-12-31 01:00:00+00:00, run_after=2025-12-31 01:00:00+00:00
[2026-01-01T03:35:54.079+0000] {logging_mixin.py:188} INFO - [2026-01-01T03:35:54.078+0000] {dag.py:3947} INFO - Setting next_dagrun for consume_1_and_2_with_dataset_expressions to None, run_after=None
[2026-01-01T03:35:54.079+0000] {logging_mixin.py:188} INFO - [2026-01-01T03:35:54.079+0000] {dag.py:3947} INFO - Setting next_dagrun for consume_1_or_2_with_dataset_expressions to None, run_after=None
[2026-01-01T03:35:54.079+0000] {logging_mixin.py:188} INFO - [2026-01-01T03:35:54.079+0000] {dag.py:3947} INFO - Setting next_dagrun for consume_1_or_both_2_and_3_with_dataset_expressions to None, run_after=None
[2026-01-01T03:35:54.080+0000] {logging_mixin.py:188} INFO - [2026-01-01T03:35:54.080+0000] {dag.py:3947} INFO - Setting next_dagrun for dataset_consumes_1 to None, run_after=None
[2026-01-01T03:35:54.080+0000] {logging_mixin.py:188} INFO - [2026-01-01T03:35:54.080+0000] {dag.py:3947} INFO - Setting next_dagrun for dataset_consumes_1_and_2 to None, run_after=None
[2026-01-01T03:35:54.081+0000] {logging_mixin.py:188} INFO - [2026-01-01T03:35:54.081+0000] {dag.py:3947} INFO - Setting next_dagrun for dataset_consumes_1_never_scheduled to None, run_after=None
[2026-01-01T03:35:54.081+0000] {logging_mixin.py:188} INFO - [2026-01-01T03:35:54.081+0000] {dag.py:3947} INFO - Setting next_dagrun for dataset_consumes_unknown_never_scheduled to None, run_after=None
[2026-01-01T03:35:54.082+0000] {logging_mixin.py:188} INFO - [2026-01-01T03:35:54.082+0000] {dag.py:3947} INFO - Setting next_dagrun for dataset_produces_1 to 2025-12-31 00:00:00+00:00, run_after=2026-01-01 00:00:00+00:00
[2026-01-01T03:35:54.082+0000] {logging_mixin.py:188} INFO - [2026-01-01T03:35:54.082+0000] {dag.py:3947} INFO - Setting next_dagrun for dataset_produces_2 to None, run_after=None
[2026-01-01T03:35:54.093+0000] {processor.py:183} INFO - Processing /home/airflow/.local/lib/python3.12/site-packages/airflow/example_dags/example_datasets.py took 0.051 seconds
[2026-01-01T04:55:54.228+0000] {processor.py:161} INFO - Started process (PID=52029) to work on /home/airflow/.local/lib/python3.12/site-packages/airflow/example_dags/example_datasets.py
[2026-01-01T04:55:54.231+0000] {processor.py:830} INFO - Processing file /home/airflow/.local/lib/python3.12/site-packages/airflow/example_dags/example_datasets.py for tasks to queue
[2026-01-01T04:55:54.232+0000] {logging_mixin.py:188} INFO - [2026-01-01T04:55:54.232+0000] {dagbag.py:545} INFO - Filling up the DagBag from /home/airflow/.local/lib/python3.12/site-packages/airflow/example_dags/example_datasets.py
[2026-01-01T04:55:54.239+0000] {processor.py:840} INFO - DAG(s) 'consume_1_and_2_with_dataset_expressions', 'dataset_produces_2', 'dataset_consumes_1_and_2', 'dataset_consumes_1_never_scheduled', 'dataset_consumes_unknown_never_scheduled', 'conditional_dataset_and_time_based_timetable', 'dataset_consumes_1', 'consume_1_or_2_with_dataset_expressions', 'consume_1_or_both_2_and_3_with_dataset_expressions', 'dataset_produces_1' retrieved from /home/airflow/.local/lib/python3.12/site-packages/airflow/example_dags/example_datasets.py
[2026-01-01T04:55:54.265+0000] {logging_mixin.py:188} INFO - [2026-01-01T04:55:54.265+0000] {dag.py:3089} INFO - Sync 10 DAGs
[2026-01-01T04:55:54.275+0000] {logging_mixin.py:188} INFO - [2026-01-01T04:55:54.275+0000] {dag.py:3947} INFO - Setting next_dagrun for conditional_dataset_and_time_based_timetable to 2025-12-31 01:00:00+00:00, run_after=2025-12-31 01:00:00+00:00
[2026-01-01T04:55:54.277+0000] {logging_mixin.py:188} INFO - [2026-01-01T04:55:54.277+0000] {dag.py:3947} INFO - Setting next_dagrun for consume_1_and_2_with_dataset_expressions to None, run_after=None
[2026-01-01T04:55:54.277+0000] {logging_mixin.py:188} INFO - [2026-01-01T04:55:54.277+0000] {dag.py:3947} INFO - Setting next_dagrun for consume_1_or_2_with_dataset_expressions to None, run_after=None
[2026-01-01T04:55:54.278+0000] {logging_mixin.py:188} INFO - [2026-01-01T04:55:54.278+0000] {dag.py:3947} INFO - Setting next_dagrun for consume_1_or_both_2_and_3_with_dataset_expressions to None, run_after=None
[2026-01-01T04:55:54.278+0000] {logging_mixin.py:188} INFO - [2026-01-01T04:55:54.278+0000] {dag.py:3947} INFO - Setting next_dagrun for dataset_consumes_1 to None, run_after=None
[2026-01-01T04:55:54.279+0000] {logging_mixin.py:188} INFO - [2026-01-01T04:55:54.279+0000] {dag.py:3947} INFO - Setting next_dagrun for dataset_consumes_1_and_2 to None, run_after=None
[2026-01-01T04:55:54.279+0000] {logging_mixin.py:188} INFO - [2026-01-01T04:55:54.279+0000] {dag.py:3947} INFO - Setting next_dagrun for dataset_consumes_1_never_scheduled to None, run_after=None
[2026-01-01T04:55:54.280+0000] {logging_mixin.py:188} INFO - [2026-01-01T04:55:54.280+0000] {dag.py:3947} INFO - Setting next_dagrun for dataset_consumes_unknown_never_scheduled to None, run_after=None
[2026-01-01T04:55:54.281+0000] {logging_mixin.py:188} INFO - [2026-01-01T04:55:54.281+0000] {dag.py:3947} INFO - Setting next_dagrun for dataset_produces_1 to 2025-12-31 00:00:00+00:00, run_after=2026-01-01 00:00:00+00:00
[2026-01-01T04:55:54.281+0000] {logging_mixin.py:188} INFO - [2026-01-01T04:55:54.281+0000] {dag.py:3947} INFO - Setting next_dagrun for dataset_produces_2 to None, run_after=None
[2026-01-01T04:55:54.306+0000] {processor.py:183} INFO - Processing /home/airflow/.local/lib/python3.12/site-packages/airflow/example_dags/example_datasets.py took 0.081 seconds
[2026-01-01T06:07:22.368+0000] {processor.py:161} INFO - Started process (PID=52088) to work on /home/airflow/.local/lib/python3.12/site-packages/airflow/example_dags/example_datasets.py
[2026-01-01T06:07:22.369+0000] {processor.py:830} INFO - Processing file /home/airflow/.local/lib/python3.12/site-packages/airflow/example_dags/example_datasets.py for tasks to queue
[2026-01-01T06:07:22.369+0000] {logging_mixin.py:188} INFO - [2026-01-01T06:07:22.369+0000] {dagbag.py:545} INFO - Filling up the DagBag from /home/airflow/.local/lib/python3.12/site-packages/airflow/example_dags/example_datasets.py
[2026-01-01T06:07:22.376+0000] {processor.py:840} INFO - DAG(s) 'dataset_produces_1', 'consume_1_or_2_with_dataset_expressions', 'consume_1_or_both_2_and_3_with_dataset_expressions', 'dataset_consumes_1_never_scheduled', 'dataset_consumes_unknown_never_scheduled', 'conditional_dataset_and_time_based_timetable', 'dataset_consumes_1_and_2', 'dataset_produces_2', 'consume_1_and_2_with_dataset_expressions', 'dataset_consumes_1' retrieved from /home/airflow/.local/lib/python3.12/site-packages/airflow/example_dags/example_datasets.py
[2026-01-01T06:07:22.400+0000] {logging_mixin.py:188} INFO - [2026-01-01T06:07:22.400+0000] {dag.py:3089} INFO - Sync 10 DAGs
[2026-01-01T06:07:22.411+0000] {logging_mixin.py:188} INFO - [2026-01-01T06:07:22.411+0000] {dag.py:3947} INFO - Setting next_dagrun for conditional_dataset_and_time_based_timetable to 2025-12-31 01:00:00+00:00, run_after=2025-12-31 01:00:00+00:00
[2026-01-01T06:07:22.412+0000] {logging_mixin.py:188} INFO - [2026-01-01T06:07:22.412+0000] {dag.py:3947} INFO - Setting next_dagrun for consume_1_and_2_with_dataset_expressions to None, run_after=None
[2026-01-01T06:07:22.413+0000] {logging_mixin.py:188} INFO - [2026-01-01T06:07:22.413+0000] {dag.py:3947} INFO - Setting next_dagrun for consume_1_or_2_with_dataset_expressions to None, run_after=None
[2026-01-01T06:07:22.414+0000] {logging_mixin.py:188} INFO - [2026-01-01T06:07:22.414+0000] {dag.py:3947} INFO - Setting next_dagrun for consume_1_or_both_2_and_3_with_dataset_expressions to None, run_after=None
[2026-01-01T06:07:22.414+0000] {logging_mixin.py:188} INFO - [2026-01-01T06:07:22.414+0000] {dag.py:3947} INFO - Setting next_dagrun for dataset_consumes_1 to None, run_after=None
[2026-01-01T06:07:22.415+0000] {logging_mixin.py:188} INFO - [2026-01-01T06:07:22.415+0000] {dag.py:3947} INFO - Setting next_dagrun for dataset_consumes_1_and_2 to None, run_after=None
[2026-01-01T06:07:22.416+0000] {logging_mixin.py:188} INFO - [2026-01-01T06:07:22.416+0000] {dag.py:3947} INFO - Setting next_dagrun for dataset_consumes_1_never_scheduled to None, run_after=None
[2026-01-01T06:07:22.417+0000] {logging_mixin.py:188} INFO - [2026-01-01T06:07:22.417+0000] {dag.py:3947} INFO - Setting next_dagrun for dataset_consumes_unknown_never_scheduled to None, run_after=None
[2026-01-01T06:07:22.418+0000] {logging_mixin.py:188} INFO - [2026-01-01T06:07:22.418+0000] {dag.py:3947} INFO - Setting next_dagrun for dataset_produces_1 to 2025-12-31 00:00:00+00:00, run_after=2026-01-01 00:00:00+00:00
[2026-01-01T06:07:22.419+0000] {logging_mixin.py:188} INFO - [2026-01-01T06:07:22.419+0000] {dag.py:3947} INFO - Setting next_dagrun for dataset_produces_2 to None, run_after=None
[2026-01-01T06:07:22.433+0000] {processor.py:183} INFO - Processing /home/airflow/.local/lib/python3.12/site-packages/airflow/example_dags/example_datasets.py took 0.068 seconds
[2026-01-01T07:40:36.586+0000] {processor.py:161} INFO - Started process (PID=52147) to work on /home/airflow/.local/lib/python3.12/site-packages/airflow/example_dags/example_datasets.py
[2026-01-01T07:40:36.586+0000] {processor.py:830} INFO - Processing file /home/airflow/.local/lib/python3.12/site-packages/airflow/example_dags/example_datasets.py for tasks to queue
[2026-01-01T07:40:36.587+0000] {logging_mixin.py:188} INFO - [2026-01-01T07:40:36.587+0000] {dagbag.py:545} INFO - Filling up the DagBag from /home/airflow/.local/lib/python3.12/site-packages/airflow/example_dags/example_datasets.py
[2026-01-01T07:40:36.595+0000] {processor.py:840} INFO - DAG(s) 'conditional_dataset_and_time_based_timetable', 'dataset_produces_2', 'dataset_consumes_1_never_scheduled', 'dataset_consumes_unknown_never_scheduled', 'consume_1_or_both_2_and_3_with_dataset_expressions', 'dataset_consumes_1_and_2', 'dataset_produces_1', 'consume_1_and_2_with_dataset_expressions', 'dataset_consumes_1', 'consume_1_or_2_with_dataset_expressions' retrieved from /home/airflow/.local/lib/python3.12/site-packages/airflow/example_dags/example_datasets.py
[2026-01-01T07:40:36.624+0000] {logging_mixin.py:188} INFO - [2026-01-01T07:40:36.624+0000] {dag.py:3089} INFO - Sync 10 DAGs
[2026-01-01T07:40:36.635+0000] {logging_mixin.py:188} INFO - [2026-01-01T07:40:36.635+0000] {dag.py:3947} INFO - Setting next_dagrun for conditional_dataset_and_time_based_timetable to 2025-12-31 01:00:00+00:00, run_after=2025-12-31 01:00:00+00:00
[2026-01-01T07:40:36.636+0000] {logging_mixin.py:188} INFO - [2026-01-01T07:40:36.636+0000] {dag.py:3947} INFO - Setting next_dagrun for consume_1_and_2_with_dataset_expressions to None, run_after=None
[2026-01-01T07:40:36.637+0000] {logging_mixin.py:188} INFO - [2026-01-01T07:40:36.637+0000] {dag.py:3947} INFO - Setting next_dagrun for consume_1_or_2_with_dataset_expressions to None, run_after=None
[2026-01-01T07:40:36.637+0000] {logging_mixin.py:188} INFO - [2026-01-01T07:40:36.637+0000] {dag.py:3947} INFO - Setting next_dagrun for consume_1_or_both_2_and_3_with_dataset_expressions to None, run_after=None
[2026-01-01T07:40:36.638+0000] {logging_mixin.py:188} INFO - [2026-01-01T07:40:36.637+0000] {dag.py:3947} INFO - Setting next_dagrun for dataset_consumes_1 to None, run_after=None
[2026-01-01T07:40:36.638+0000] {logging_mixin.py:188} INFO - [2026-01-01T07:40:36.638+0000] {dag.py:3947} INFO - Setting next_dagrun for dataset_consumes_1_and_2 to None, run_after=None
[2026-01-01T07:40:36.638+0000] {logging_mixin.py:188} INFO - [2026-01-01T07:40:36.638+0000] {dag.py:3947} INFO - Setting next_dagrun for dataset_consumes_1_never_scheduled to None, run_after=None
[2026-01-01T07:40:36.639+0000] {logging_mixin.py:188} INFO - [2026-01-01T07:40:36.639+0000] {dag.py:3947} INFO - Setting next_dagrun for dataset_consumes_unknown_never_scheduled to None, run_after=None
[2026-01-01T07:40:36.640+0000] {logging_mixin.py:188} INFO - [2026-01-01T07:40:36.640+0000] {dag.py:3947} INFO - Setting next_dagrun for dataset_produces_1 to 2025-12-31 00:00:00+00:00, run_after=2026-01-01 00:00:00+00:00
[2026-01-01T07:40:36.640+0000] {logging_mixin.py:188} INFO - [2026-01-01T07:40:36.640+0000] {dag.py:3947} INFO - Setting next_dagrun for dataset_produces_2 to None, run_after=None
[2026-01-01T07:40:36.653+0000] {processor.py:183} INFO - Processing /home/airflow/.local/lib/python3.12/site-packages/airflow/example_dags/example_datasets.py took 0.070 seconds
[2026-01-01T08:44:36.440+0000] {processor.py:161} INFO - Started process (PID=52206) to work on /home/airflow/.local/lib/python3.12/site-packages/airflow/example_dags/example_datasets.py
[2026-01-01T08:44:36.441+0000] {processor.py:830} INFO - Processing file /home/airflow/.local/lib/python3.12/site-packages/airflow/example_dags/example_datasets.py for tasks to queue
[2026-01-01T08:44:36.442+0000] {logging_mixin.py:188} INFO - [2026-01-01T08:44:36.442+0000] {dagbag.py:545} INFO - Filling up the DagBag from /home/airflow/.local/lib/python3.12/site-packages/airflow/example_dags/example_datasets.py
[2026-01-01T08:44:36.449+0000] {processor.py:840} INFO - DAG(s) 'dataset_produces_2', 'consume_1_and_2_with_dataset_expressions', 'consume_1_or_2_with_dataset_expressions', 'consume_1_or_both_2_and_3_with_dataset_expressions', 'dataset_consumes_1_and_2', 'dataset_consumes_unknown_never_scheduled', 'dataset_consumes_1_never_scheduled', 'conditional_dataset_and_time_based_timetable', 'dataset_consumes_1', 'dataset_produces_1' retrieved from /home/airflow/.local/lib/python3.12/site-packages/airflow/example_dags/example_datasets.py
[2026-01-01T08:44:36.467+0000] {logging_mixin.py:188} INFO - [2026-01-01T08:44:36.467+0000] {dag.py:3089} INFO - Sync 10 DAGs
[2026-01-01T08:44:36.480+0000] {logging_mixin.py:188} INFO - [2026-01-01T08:44:36.480+0000] {dag.py:3947} INFO - Setting next_dagrun for conditional_dataset_and_time_based_timetable to 2025-12-31 01:00:00+00:00, run_after=2025-12-31 01:00:00+00:00
[2026-01-01T08:44:36.481+0000] {logging_mixin.py:188} INFO - [2026-01-01T08:44:36.481+0000] {dag.py:3947} INFO - Setting next_dagrun for consume_1_and_2_with_dataset_expressions to None, run_after=None
[2026-01-01T08:44:36.482+0000] {logging_mixin.py:188} INFO - [2026-01-01T08:44:36.482+0000] {dag.py:3947} INFO - Setting next_dagrun for consume_1_or_2_with_dataset_expressions to None, run_after=None
[2026-01-01T08:44:36.483+0000] {logging_mixin.py:188} INFO - [2026-01-01T08:44:36.483+0000] {dag.py:3947} INFO - Setting next_dagrun for consume_1_or_both_2_and_3_with_dataset_expressions to None, run_after=None
[2026-01-01T08:44:36.484+0000] {logging_mixin.py:188} INFO - [2026-01-01T08:44:36.484+0000] {dag.py:3947} INFO - Setting next_dagrun for dataset_consumes_1 to None, run_after=None
[2026-01-01T08:44:36.485+0000] {logging_mixin.py:188} INFO - [2026-01-01T08:44:36.485+0000] {dag.py:3947} INFO - Setting next_dagrun for dataset_consumes_1_and_2 to None, run_after=None
[2026-01-01T08:44:36.485+0000] {logging_mixin.py:188} INFO - [2026-01-01T08:44:36.485+0000] {dag.py:3947} INFO - Setting next_dagrun for dataset_consumes_1_never_scheduled to None, run_after=None
[2026-01-01T08:44:36.487+0000] {logging_mixin.py:188} INFO - [2026-01-01T08:44:36.487+0000] {dag.py:3947} INFO - Setting next_dagrun for dataset_consumes_unknown_never_scheduled to None, run_after=None
[2026-01-01T08:44:36.489+0000] {logging_mixin.py:188} INFO - [2026-01-01T08:44:36.489+0000] {dag.py:3947} INFO - Setting next_dagrun for dataset_produces_1 to 2025-12-31 00:00:00+00:00, run_after=2026-01-01 00:00:00+00:00
[2026-01-01T08:44:36.489+0000] {logging_mixin.py:188} INFO - [2026-01-01T08:44:36.489+0000] {dag.py:3947} INFO - Setting next_dagrun for dataset_produces_2 to None, run_after=None
[2026-01-01T08:44:36.503+0000] {processor.py:183} INFO - Processing /home/airflow/.local/lib/python3.12/site-packages/airflow/example_dags/example_datasets.py took 0.065 seconds
[2026-01-01T09:57:57.664+0000] {processor.py:161} INFO - Started process (PID=52265) to work on /home/airflow/.local/lib/python3.12/site-packages/airflow/example_dags/example_datasets.py
[2026-01-01T09:57:57.665+0000] {processor.py:830} INFO - Processing file /home/airflow/.local/lib/python3.12/site-packages/airflow/example_dags/example_datasets.py for tasks to queue
[2026-01-01T09:57:57.665+0000] {logging_mixin.py:188} INFO - [2026-01-01T09:57:57.665+0000] {dagbag.py:545} INFO - Filling up the DagBag from /home/airflow/.local/lib/python3.12/site-packages/airflow/example_dags/example_datasets.py
[2026-01-01T09:57:57.673+0000] {processor.py:840} INFO - DAG(s) 'dataset_consumes_1_and_2', 'dataset_produces_2', 'consume_1_or_both_2_and_3_with_dataset_expressions', 'conditional_dataset_and_time_based_timetable', 'dataset_consumes_1_never_scheduled', 'consume_1_and_2_with_dataset_expressions', 'dataset_produces_1', 'consume_1_or_2_with_dataset_expressions', 'dataset_consumes_1', 'dataset_consumes_unknown_never_scheduled' retrieved from /home/airflow/.local/lib/python3.12/site-packages/airflow/example_dags/example_datasets.py
[2026-01-01T09:57:57.695+0000] {logging_mixin.py:188} INFO - [2026-01-01T09:57:57.695+0000] {dag.py:3089} INFO - Sync 10 DAGs
[2026-01-01T09:57:57.704+0000] {logging_mixin.py:188} INFO - [2026-01-01T09:57:57.704+0000] {dag.py:3947} INFO - Setting next_dagrun for conditional_dataset_and_time_based_timetable to 2025-12-31 01:00:00+00:00, run_after=2025-12-31 01:00:00+00:00
[2026-01-01T09:57:57.705+0000] {logging_mixin.py:188} INFO - [2026-01-01T09:57:57.705+0000] {dag.py:3947} INFO - Setting next_dagrun for consume_1_and_2_with_dataset_expressions to None, run_after=None
[2026-01-01T09:57:57.706+0000] {logging_mixin.py:188} INFO - [2026-01-01T09:57:57.706+0000] {dag.py:3947} INFO - Setting next_dagrun for consume_1_or_2_with_dataset_expressions to None, run_after=None
[2026-01-01T09:57:57.706+0000] {logging_mixin.py:188} INFO - [2026-01-01T09:57:57.706+0000] {dag.py:3947} INFO - Setting next_dagrun for consume_1_or_both_2_and_3_with_dataset_expressions to None, run_after=None
[2026-01-01T09:57:57.708+0000] {logging_mixin.py:188} INFO - [2026-01-01T09:57:57.708+0000] {dag.py:3947} INFO - Setting next_dagrun for dataset_consumes_1 to None, run_after=None
[2026-01-01T09:57:57.708+0000] {logging_mixin.py:188} INFO - [2026-01-01T09:57:57.708+0000] {dag.py:3947} INFO - Setting next_dagrun for dataset_consumes_1_and_2 to None, run_after=None
[2026-01-01T09:57:57.709+0000] {logging_mixin.py:188} INFO - [2026-01-01T09:57:57.709+0000] {dag.py:3947} INFO - Setting next_dagrun for dataset_consumes_1_never_scheduled to None, run_after=None
[2026-01-01T09:57:57.710+0000] {logging_mixin.py:188} INFO - [2026-01-01T09:57:57.710+0000] {dag.py:3947} INFO - Setting next_dagrun for dataset_consumes_unknown_never_scheduled to None, run_after=None
[2026-01-01T09:57:57.711+0000] {logging_mixin.py:188} INFO - [2026-01-01T09:57:57.711+0000] {dag.py:3947} INFO - Setting next_dagrun for dataset_produces_1 to 2025-12-31 00:00:00+00:00, run_after=2026-01-01 00:00:00+00:00
[2026-01-01T09:57:57.711+0000] {logging_mixin.py:188} INFO - [2026-01-01T09:57:57.711+0000] {dag.py:3947} INFO - Setting next_dagrun for dataset_produces_2 to None, run_after=None
[2026-01-01T09:57:57.725+0000] {processor.py:183} INFO - Processing /home/airflow/.local/lib/python3.12/site-packages/airflow/example_dags/example_datasets.py took 0.063 seconds
[2026-01-01T11:12:22.897+0000] {processor.py:161} INFO - Started process (PID=52324) to work on /home/airflow/.local/lib/python3.12/site-packages/airflow/example_dags/example_datasets.py
[2026-01-01T11:12:22.898+0000] {processor.py:830} INFO - Processing file /home/airflow/.local/lib/python3.12/site-packages/airflow/example_dags/example_datasets.py for tasks to queue
[2026-01-01T11:12:22.899+0000] {logging_mixin.py:188} INFO - [2026-01-01T11:12:22.899+0000] {dagbag.py:545} INFO - Filling up the DagBag from /home/airflow/.local/lib/python3.12/site-packages/airflow/example_dags/example_datasets.py
[2026-01-01T11:12:22.908+0000] {processor.py:840} INFO - DAG(s) 'dataset_consumes_1_never_scheduled', 'dataset_consumes_1_and_2', 'consume_1_and_2_with_dataset_expressions', 'consume_1_or_both_2_and_3_with_dataset_expressions', 'conditional_dataset_and_time_based_timetable', 'dataset_produces_1', 'dataset_consumes_unknown_never_scheduled', 'dataset_consumes_1', 'dataset_produces_2', 'consume_1_or_2_with_dataset_expressions' retrieved from /home/airflow/.local/lib/python3.12/site-packages/airflow/example_dags/example_datasets.py
[2026-01-01T11:12:22.929+0000] {logging_mixin.py:188} INFO - [2026-01-01T11:12:22.929+0000] {dag.py:3089} INFO - Sync 10 DAGs
[2026-01-01T11:12:22.940+0000] {logging_mixin.py:188} INFO - [2026-01-01T11:12:22.939+0000] {dag.py:3947} INFO - Setting next_dagrun for conditional_dataset_and_time_based_timetable to 2025-12-31 01:00:00+00:00, run_after=2025-12-31 01:00:00+00:00
[2026-01-01T11:12:22.941+0000] {logging_mixin.py:188} INFO - [2026-01-01T11:12:22.941+0000] {dag.py:3947} INFO - Setting next_dagrun for consume_1_and_2_with_dataset_expressions to None, run_after=None
[2026-01-01T11:12:22.942+0000] {logging_mixin.py:188} INFO - [2026-01-01T11:12:22.941+0000] {dag.py:3947} INFO - Setting next_dagrun for consume_1_or_2_with_dataset_expressions to None, run_after=None
[2026-01-01T11:12:22.943+0000] {logging_mixin.py:188} INFO - [2026-01-01T11:12:22.943+0000] {dag.py:3947} INFO - Setting next_dagrun for consume_1_or_both_2_and_3_with_dataset_expressions to None, run_after=None
[2026-01-01T11:12:22.944+0000] {logging_mixin.py:188} INFO - [2026-01-01T11:12:22.944+0000] {dag.py:3947} INFO - Setting next_dagrun for dataset_consumes_1 to None, run_after=None
[2026-01-01T11:12:22.946+0000] {logging_mixin.py:188} INFO - [2026-01-01T11:12:22.945+0000] {dag.py:3947} INFO - Setting next_dagrun for dataset_consumes_1_and_2 to None, run_after=None
[2026-01-01T11:12:22.946+0000] {logging_mixin.py:188} INFO - [2026-01-01T11:12:22.946+0000] {dag.py:3947} INFO - Setting next_dagrun for dataset_consumes_1_never_scheduled to None, run_after=None
[2026-01-01T11:12:22.947+0000] {logging_mixin.py:188} INFO - [2026-01-01T11:12:22.947+0000] {dag.py:3947} INFO - Setting next_dagrun for dataset_consumes_unknown_never_scheduled to None, run_after=None
[2026-01-01T11:12:22.947+0000] {logging_mixin.py:188} INFO - [2026-01-01T11:12:22.947+0000] {dag.py:3947} INFO - Setting next_dagrun for dataset_produces_1 to 2025-12-31 00:00:00+00:00, run_after=2026-01-01 00:00:00+00:00
[2026-01-01T11:12:22.948+0000] {logging_mixin.py:188} INFO - [2026-01-01T11:12:22.948+0000] {dag.py:3947} INFO - Setting next_dagrun for dataset_produces_2 to None, run_after=None
[2026-01-01T11:12:22.964+0000] {processor.py:183} INFO - Processing /home/airflow/.local/lib/python3.12/site-packages/airflow/example_dags/example_datasets.py took 0.070 seconds
[2026-01-01T12:13:29.520+0000] {processor.py:161} INFO - Started process (PID=52383) to work on /home/airflow/.local/lib/python3.12/site-packages/airflow/example_dags/example_datasets.py
[2026-01-01T12:13:29.520+0000] {processor.py:830} INFO - Processing file /home/airflow/.local/lib/python3.12/site-packages/airflow/example_dags/example_datasets.py for tasks to queue
[2026-01-01T12:13:29.520+0000] {logging_mixin.py:188} INFO - [2026-01-01T12:13:29.520+0000] {dagbag.py:545} INFO - Filling up the DagBag from /home/airflow/.local/lib/python3.12/site-packages/airflow/example_dags/example_datasets.py
[2026-01-01T12:13:29.527+0000] {processor.py:840} INFO - DAG(s) 'dataset_consumes_1_never_scheduled', 'dataset_produces_1', 'conditional_dataset_and_time_based_timetable', 'consume_1_and_2_with_dataset_expressions', 'dataset_consumes_1', 'dataset_consumes_unknown_never_scheduled', 'consume_1_or_2_with_dataset_expressions', 'consume_1_or_both_2_and_3_with_dataset_expressions', 'dataset_produces_2', 'dataset_consumes_1_and_2' retrieved from /home/airflow/.local/lib/python3.12/site-packages/airflow/example_dags/example_datasets.py
[2026-01-01T12:13:29.546+0000] {logging_mixin.py:188} INFO - [2026-01-01T12:13:29.546+0000] {dag.py:3089} INFO - Sync 10 DAGs
[2026-01-01T12:13:29.556+0000] {logging_mixin.py:188} INFO - [2026-01-01T12:13:29.556+0000] {dag.py:3947} INFO - Setting next_dagrun for conditional_dataset_and_time_based_timetable to 2025-12-31 01:00:00+00:00, run_after=2025-12-31 01:00:00+00:00
[2026-01-01T12:13:29.557+0000] {logging_mixin.py:188} INFO - [2026-01-01T12:13:29.557+0000] {dag.py:3947} INFO - Setting next_dagrun for consume_1_and_2_with_dataset_expressions to None, run_after=None
[2026-01-01T12:13:29.558+0000] {logging_mixin.py:188} INFO - [2026-01-01T12:13:29.557+0000] {dag.py:3947} INFO - Setting next_dagrun for consume_1_or_2_with_dataset_expressions to None, run_after=None
[2026-01-01T12:13:29.558+0000] {logging_mixin.py:188} INFO - [2026-01-01T12:13:29.558+0000] {dag.py:3947} INFO - Setting next_dagrun for consume_1_or_both_2_and_3_with_dataset_expressions to None, run_after=None
[2026-01-01T12:13:29.558+0000] {logging_mixin.py:188} INFO - [2026-01-01T12:13:29.558+0000] {dag.py:3947} INFO - Setting next_dagrun for dataset_consumes_1 to None, run_after=None
[2026-01-01T12:13:29.559+0000] {logging_mixin.py:188} INFO - [2026-01-01T12:13:29.559+0000] {dag.py:3947} INFO - Setting next_dagrun for dataset_consumes_1_and_2 to None, run_after=None
[2026-01-01T12:13:29.559+0000] {logging_mixin.py:188} INFO - [2026-01-01T12:13:29.559+0000] {dag.py:3947} INFO - Setting next_dagrun for dataset_consumes_1_never_scheduled to None, run_after=None
[2026-01-01T12:13:29.560+0000] {logging_mixin.py:188} INFO - [2026-01-01T12:13:29.560+0000] {dag.py:3947} INFO - Setting next_dagrun for dataset_consumes_unknown_never_scheduled to None, run_after=None
[2026-01-01T12:13:29.560+0000] {logging_mixin.py:188} INFO - [2026-01-01T12:13:29.560+0000] {dag.py:3947} INFO - Setting next_dagrun for dataset_produces_1 to 2025-12-31 00:00:00+00:00, run_after=2026-01-01 00:00:00+00:00
[2026-01-01T12:13:29.561+0000] {logging_mixin.py:188} INFO - [2026-01-01T12:13:29.561+0000] {dag.py:3947} INFO - Setting next_dagrun for dataset_produces_2 to None, run_after=None
[2026-01-01T12:13:29.573+0000] {processor.py:183} INFO - Processing /home/airflow/.local/lib/python3.12/site-packages/airflow/example_dags/example_datasets.py took 0.056 seconds
[2026-01-01T13:31:41.836+0000] {processor.py:161} INFO - Started process (PID=52442) to work on /home/airflow/.local/lib/python3.12/site-packages/airflow/example_dags/example_datasets.py
[2026-01-01T13:31:41.837+0000] {processor.py:830} INFO - Processing file /home/airflow/.local/lib/python3.12/site-packages/airflow/example_dags/example_datasets.py for tasks to queue
[2026-01-01T13:31:41.841+0000] {logging_mixin.py:188} INFO - [2026-01-01T13:31:41.841+0000] {dagbag.py:545} INFO - Filling up the DagBag from /home/airflow/.local/lib/python3.12/site-packages/airflow/example_dags/example_datasets.py
[2026-01-01T13:31:41.848+0000] {processor.py:840} INFO - DAG(s) 'consume_1_and_2_with_dataset_expressions', 'dataset_consumes_1', 'dataset_produces_2', 'conditional_dataset_and_time_based_timetable', 'dataset_consumes_1_and_2', 'consume_1_or_2_with_dataset_expressions', 'consume_1_or_both_2_and_3_with_dataset_expressions', 'dataset_consumes_1_never_scheduled', 'dataset_consumes_unknown_never_scheduled', 'dataset_produces_1' retrieved from /home/airflow/.local/lib/python3.12/site-packages/airflow/example_dags/example_datasets.py
[2026-01-01T13:31:41.874+0000] {logging_mixin.py:188} INFO - [2026-01-01T13:31:41.873+0000] {dag.py:3089} INFO - Sync 10 DAGs
[2026-01-01T13:31:41.884+0000] {logging_mixin.py:188} INFO - [2026-01-01T13:31:41.884+0000] {dag.py:3947} INFO - Setting next_dagrun for conditional_dataset_and_time_based_timetable to 2025-12-31 01:00:00+00:00, run_after=2025-12-31 01:00:00+00:00
[2026-01-01T13:31:41.889+0000] {logging_mixin.py:188} INFO - [2026-01-01T13:31:41.889+0000] {dag.py:3947} INFO - Setting next_dagrun for consume_1_and_2_with_dataset_expressions to None, run_after=None
[2026-01-01T13:31:41.890+0000] {logging_mixin.py:188} INFO - [2026-01-01T13:31:41.890+0000] {dag.py:3947} INFO - Setting next_dagrun for consume_1_or_2_with_dataset_expressions to None, run_after=None
[2026-01-01T13:31:41.891+0000] {logging_mixin.py:188} INFO - [2026-01-01T13:31:41.891+0000] {dag.py:3947} INFO - Setting next_dagrun for consume_1_or_both_2_and_3_with_dataset_expressions to None, run_after=None
[2026-01-01T13:31:41.893+0000] {logging_mixin.py:188} INFO - [2026-01-01T13:31:41.893+0000] {dag.py:3947} INFO - Setting next_dagrun for dataset_consumes_1 to None, run_after=None
[2026-01-01T13:31:41.894+0000] {logging_mixin.py:188} INFO - [2026-01-01T13:31:41.894+0000] {dag.py:3947} INFO - Setting next_dagrun for dataset_consumes_1_and_2 to None, run_after=None
[2026-01-01T13:31:41.894+0000] {logging_mixin.py:188} INFO - [2026-01-01T13:31:41.894+0000] {dag.py:3947} INFO - Setting next_dagrun for dataset_consumes_1_never_scheduled to None, run_after=None
[2026-01-01T13:31:41.895+0000] {logging_mixin.py:188} INFO - [2026-01-01T13:31:41.895+0000] {dag.py:3947} INFO - Setting next_dagrun for dataset_consumes_unknown_never_scheduled to None, run_after=None
[2026-01-01T13:31:41.896+0000] {logging_mixin.py:188} INFO - [2026-01-01T13:31:41.896+0000] {dag.py:3947} INFO - Setting next_dagrun for dataset_produces_1 to 2025-12-31 00:00:00+00:00, run_after=2026-01-01 00:00:00+00:00
[2026-01-01T13:31:41.897+0000] {logging_mixin.py:188} INFO - [2026-01-01T13:31:41.897+0000] {dag.py:3947} INFO - Setting next_dagrun for dataset_produces_2 to None, run_after=None
[2026-01-01T13:31:41.919+0000] {processor.py:183} INFO - Processing /home/airflow/.local/lib/python3.12/site-packages/airflow/example_dags/example_datasets.py took 0.086 seconds
[2026-01-01T15:05:24.529+0000] {processor.py:161} INFO - Started process (PID=52501) to work on /home/airflow/.local/lib/python3.12/site-packages/airflow/example_dags/example_datasets.py
[2026-01-01T15:05:24.532+0000] {processor.py:830} INFO - Processing file /home/airflow/.local/lib/python3.12/site-packages/airflow/example_dags/example_datasets.py for tasks to queue
[2026-01-01T15:05:24.533+0000] {logging_mixin.py:188} INFO - [2026-01-01T15:05:24.532+0000] {dagbag.py:545} INFO - Filling up the DagBag from /home/airflow/.local/lib/python3.12/site-packages/airflow/example_dags/example_datasets.py
[2026-01-01T15:05:24.539+0000] {processor.py:840} INFO - DAG(s) 'conditional_dataset_and_time_based_timetable', 'dataset_consumes_1_and_2', 'dataset_consumes_unknown_never_scheduled', 'dataset_produces_2', 'consume_1_or_both_2_and_3_with_dataset_expressions', 'dataset_consumes_1', 'dataset_consumes_1_never_scheduled', 'consume_1_or_2_with_dataset_expressions', 'dataset_produces_1', 'consume_1_and_2_with_dataset_expressions' retrieved from /home/airflow/.local/lib/python3.12/site-packages/airflow/example_dags/example_datasets.py
[2026-01-01T15:05:24.564+0000] {logging_mixin.py:188} INFO - [2026-01-01T15:05:24.564+0000] {dag.py:3089} INFO - Sync 10 DAGs
[2026-01-01T15:05:24.575+0000] {logging_mixin.py:188} INFO - [2026-01-01T15:05:24.575+0000] {dag.py:3947} INFO - Setting next_dagrun for conditional_dataset_and_time_based_timetable to 2025-12-31 01:00:00+00:00, run_after=2025-12-31 01:00:00+00:00
[2026-01-01T15:05:24.577+0000] {logging_mixin.py:188} INFO - [2026-01-01T15:05:24.577+0000] {dag.py:3947} INFO - Setting next_dagrun for consume_1_and_2_with_dataset_expressions to None, run_after=None
[2026-01-01T15:05:24.577+0000] {logging_mixin.py:188} INFO - [2026-01-01T15:05:24.577+0000] {dag.py:3947} INFO - Setting next_dagrun for consume_1_or_2_with_dataset_expressions to None, run_after=None
[2026-01-01T15:05:24.578+0000] {logging_mixin.py:188} INFO - [2026-01-01T15:05:24.578+0000] {dag.py:3947} INFO - Setting next_dagrun for consume_1_or_both_2_and_3_with_dataset_expressions to None, run_after=None
[2026-01-01T15:05:24.578+0000] {logging_mixin.py:188} INFO - [2026-01-01T15:05:24.578+0000] {dag.py:3947} INFO - Setting next_dagrun for dataset_consumes_1 to None, run_after=None
[2026-01-01T15:05:24.579+0000] {logging_mixin.py:188} INFO - [2026-01-01T15:05:24.579+0000] {dag.py:3947} INFO - Setting next_dagrun for dataset_consumes_1_and_2 to None, run_after=None
[2026-01-01T15:05:24.580+0000] {logging_mixin.py:188} INFO - [2026-01-01T15:05:24.580+0000] {dag.py:3947} INFO - Setting next_dagrun for dataset_consumes_1_never_scheduled to None, run_after=None
[2026-01-01T15:05:24.580+0000] {logging_mixin.py:188} INFO - [2026-01-01T15:05:24.580+0000] {dag.py:3947} INFO - Setting next_dagrun for dataset_consumes_unknown_never_scheduled to None, run_after=None
[2026-01-01T15:05:24.581+0000] {logging_mixin.py:188} INFO - [2026-01-01T15:05:24.581+0000] {dag.py:3947} INFO - Setting next_dagrun for dataset_produces_1 to 2025-12-31 00:00:00+00:00, run_after=2026-01-01 00:00:00+00:00
[2026-01-01T15:05:24.581+0000] {logging_mixin.py:188} INFO - [2026-01-01T15:05:24.581+0000] {dag.py:3947} INFO - Setting next_dagrun for dataset_produces_2 to None, run_after=None
[2026-01-01T15:05:24.602+0000] {processor.py:183} INFO - Processing /home/airflow/.local/lib/python3.12/site-packages/airflow/example_dags/example_datasets.py took 0.076 seconds
[2026-01-01T16:17:20.434+0000] {processor.py:161} INFO - Started process (PID=52560) to work on /home/airflow/.local/lib/python3.12/site-packages/airflow/example_dags/example_datasets.py
[2026-01-01T16:17:20.435+0000] {processor.py:830} INFO - Processing file /home/airflow/.local/lib/python3.12/site-packages/airflow/example_dags/example_datasets.py for tasks to queue
[2026-01-01T16:17:20.436+0000] {logging_mixin.py:188} INFO - [2026-01-01T16:17:20.436+0000] {dagbag.py:545} INFO - Filling up the DagBag from /home/airflow/.local/lib/python3.12/site-packages/airflow/example_dags/example_datasets.py
[2026-01-01T16:17:20.448+0000] {processor.py:840} INFO - DAG(s) 'dataset_consumes_1_and_2', 'dataset_produces_1', 'consume_1_or_2_with_dataset_expressions', 'consume_1_and_2_with_dataset_expressions', 'dataset_produces_2', 'dataset_consumes_1', 'dataset_consumes_1_never_scheduled', 'dataset_consumes_unknown_never_scheduled', 'consume_1_or_both_2_and_3_with_dataset_expressions', 'conditional_dataset_and_time_based_timetable' retrieved from /home/airflow/.local/lib/python3.12/site-packages/airflow/example_dags/example_datasets.py
[2026-01-01T16:17:20.471+0000] {logging_mixin.py:188} INFO - [2026-01-01T16:17:20.471+0000] {dag.py:3089} INFO - Sync 10 DAGs
[2026-01-01T16:17:20.488+0000] {logging_mixin.py:188} INFO - [2026-01-01T16:17:20.488+0000] {dag.py:3947} INFO - Setting next_dagrun for conditional_dataset_and_time_based_timetable to 2025-12-31 01:00:00+00:00, run_after=2025-12-31 01:00:00+00:00
[2026-01-01T16:17:20.495+0000] {logging_mixin.py:188} INFO - [2026-01-01T16:17:20.495+0000] {dag.py:3947} INFO - Setting next_dagrun for consume_1_and_2_with_dataset_expressions to None, run_after=None
[2026-01-01T16:17:20.496+0000] {logging_mixin.py:188} INFO - [2026-01-01T16:17:20.496+0000] {dag.py:3947} INFO - Setting next_dagrun for consume_1_or_2_with_dataset_expressions to None, run_after=None
[2026-01-01T16:17:20.498+0000] {logging_mixin.py:188} INFO - [2026-01-01T16:17:20.498+0000] {dag.py:3947} INFO - Setting next_dagrun for consume_1_or_both_2_and_3_with_dataset_expressions to None, run_after=None
[2026-01-01T16:17:20.499+0000] {logging_mixin.py:188} INFO - [2026-01-01T16:17:20.499+0000] {dag.py:3947} INFO - Setting next_dagrun for dataset_consumes_1 to None, run_after=None
[2026-01-01T16:17:20.500+0000] {logging_mixin.py:188} INFO - [2026-01-01T16:17:20.500+0000] {dag.py:3947} INFO - Setting next_dagrun for dataset_consumes_1_and_2 to None, run_after=None
[2026-01-01T16:17:20.500+0000] {logging_mixin.py:188} INFO - [2026-01-01T16:17:20.500+0000] {dag.py:3947} INFO - Setting next_dagrun for dataset_consumes_1_never_scheduled to None, run_after=None
[2026-01-01T16:17:20.501+0000] {logging_mixin.py:188} INFO - [2026-01-01T16:17:20.501+0000] {dag.py:3947} INFO - Setting next_dagrun for dataset_consumes_unknown_never_scheduled to None, run_after=None
[2026-01-01T16:17:20.502+0000] {logging_mixin.py:188} INFO - [2026-01-01T16:17:20.502+0000] {dag.py:3947} INFO - Setting next_dagrun for dataset_produces_1 to 2025-12-31 00:00:00+00:00, run_after=2026-01-01 00:00:00+00:00
[2026-01-01T16:17:20.504+0000] {logging_mixin.py:188} INFO - [2026-01-01T16:17:20.503+0000] {dag.py:3947} INFO - Setting next_dagrun for dataset_produces_2 to None, run_after=None
[2026-01-01T16:17:20.521+0000] {processor.py:183} INFO - Processing /home/airflow/.local/lib/python3.12/site-packages/airflow/example_dags/example_datasets.py took 0.089 seconds
[2026-01-01T17:14:39.367+0000] {processor.py:161} INFO - Started process (PID=52619) to work on /home/airflow/.local/lib/python3.12/site-packages/airflow/example_dags/example_datasets.py
[2026-01-01T17:14:39.368+0000] {processor.py:830} INFO - Processing file /home/airflow/.local/lib/python3.12/site-packages/airflow/example_dags/example_datasets.py for tasks to queue
[2026-01-01T17:14:39.368+0000] {logging_mixin.py:188} INFO - [2026-01-01T17:14:39.368+0000] {dagbag.py:545} INFO - Filling up the DagBag from /home/airflow/.local/lib/python3.12/site-packages/airflow/example_dags/example_datasets.py
[2026-01-01T17:14:39.375+0000] {processor.py:840} INFO - DAG(s) 'dataset_produces_1', 'consume_1_or_2_with_dataset_expressions', 'dataset_consumes_1_and_2', 'dataset_consumes_1_never_scheduled', 'dataset_consumes_unknown_never_scheduled', 'consume_1_or_both_2_and_3_with_dataset_expressions', 'dataset_produces_2', 'consume_1_and_2_with_dataset_expressions', 'conditional_dataset_and_time_based_timetable', 'dataset_consumes_1' retrieved from /home/airflow/.local/lib/python3.12/site-packages/airflow/example_dags/example_datasets.py
[2026-01-01T17:14:39.392+0000] {logging_mixin.py:188} INFO - [2026-01-01T17:14:39.391+0000] {dag.py:3089} INFO - Sync 10 DAGs
[2026-01-01T17:14:39.400+0000] {logging_mixin.py:188} INFO - [2026-01-01T17:14:39.400+0000] {dag.py:3947} INFO - Setting next_dagrun for conditional_dataset_and_time_based_timetable to 2025-12-31 01:00:00+00:00, run_after=2025-12-31 01:00:00+00:00
[2026-01-01T17:14:39.402+0000] {logging_mixin.py:188} INFO - [2026-01-01T17:14:39.401+0000] {dag.py:3947} INFO - Setting next_dagrun for consume_1_and_2_with_dataset_expressions to None, run_after=None
[2026-01-01T17:14:39.402+0000] {logging_mixin.py:188} INFO - [2026-01-01T17:14:39.402+0000] {dag.py:3947} INFO - Setting next_dagrun for consume_1_or_2_with_dataset_expressions to None, run_after=None
[2026-01-01T17:14:39.402+0000] {logging_mixin.py:188} INFO - [2026-01-01T17:14:39.402+0000] {dag.py:3947} INFO - Setting next_dagrun for consume_1_or_both_2_and_3_with_dataset_expressions to None, run_after=None
[2026-01-01T17:14:39.403+0000] {logging_mixin.py:188} INFO - [2026-01-01T17:14:39.403+0000] {dag.py:3947} INFO - Setting next_dagrun for dataset_consumes_1 to None, run_after=None
[2026-01-01T17:14:39.403+0000] {logging_mixin.py:188} INFO - [2026-01-01T17:14:39.403+0000] {dag.py:3947} INFO - Setting next_dagrun for dataset_consumes_1_and_2 to None, run_after=None
[2026-01-01T17:14:39.404+0000] {logging_mixin.py:188} INFO - [2026-01-01T17:14:39.404+0000] {dag.py:3947} INFO - Setting next_dagrun for dataset_consumes_1_never_scheduled to None, run_after=None
[2026-01-01T17:14:39.404+0000] {logging_mixin.py:188} INFO - [2026-01-01T17:14:39.404+0000] {dag.py:3947} INFO - Setting next_dagrun for dataset_consumes_unknown_never_scheduled to None, run_after=None
[2026-01-01T17:14:39.405+0000] {logging_mixin.py:188} INFO - [2026-01-01T17:14:39.405+0000] {dag.py:3947} INFO - Setting next_dagrun for dataset_produces_1 to 2025-12-31 00:00:00+00:00, run_after=2026-01-01 00:00:00+00:00
[2026-01-01T17:14:39.405+0000] {logging_mixin.py:188} INFO - [2026-01-01T17:14:39.405+0000] {dag.py:3947} INFO - Setting next_dagrun for dataset_produces_2 to None, run_after=None
[2026-01-01T17:14:39.417+0000] {processor.py:183} INFO - Processing /home/airflow/.local/lib/python3.12/site-packages/airflow/example_dags/example_datasets.py took 0.052 seconds
[2026-01-01T18:19:23.880+0000] {processor.py:161} INFO - Started process (PID=52678) to work on /home/airflow/.local/lib/python3.12/site-packages/airflow/example_dags/example_datasets.py
[2026-01-01T18:19:23.881+0000] {processor.py:830} INFO - Processing file /home/airflow/.local/lib/python3.12/site-packages/airflow/example_dags/example_datasets.py for tasks to queue
[2026-01-01T18:19:23.883+0000] {logging_mixin.py:188} INFO - [2026-01-01T18:19:23.883+0000] {dagbag.py:545} INFO - Filling up the DagBag from /home/airflow/.local/lib/python3.12/site-packages/airflow/example_dags/example_datasets.py
[2026-01-01T18:19:23.892+0000] {processor.py:840} INFO - DAG(s) 'dataset_consumes_1_and_2', 'dataset_consumes_1', 'dataset_consumes_1_never_scheduled', 'consume_1_or_2_with_dataset_expressions', 'consume_1_and_2_with_dataset_expressions', 'consume_1_or_both_2_and_3_with_dataset_expressions', 'dataset_produces_2', 'dataset_consumes_unknown_never_scheduled', 'dataset_produces_1', 'conditional_dataset_and_time_based_timetable' retrieved from /home/airflow/.local/lib/python3.12/site-packages/airflow/example_dags/example_datasets.py
[2026-01-01T18:19:23.915+0000] {logging_mixin.py:188} INFO - [2026-01-01T18:19:23.915+0000] {dag.py:3089} INFO - Sync 10 DAGs
[2026-01-01T18:19:23.925+0000] {logging_mixin.py:188} INFO - [2026-01-01T18:19:23.925+0000] {dag.py:3947} INFO - Setting next_dagrun for conditional_dataset_and_time_based_timetable to 2025-12-31 01:00:00+00:00, run_after=2025-12-31 01:00:00+00:00
[2026-01-01T18:19:23.927+0000] {logging_mixin.py:188} INFO - [2026-01-01T18:19:23.927+0000] {dag.py:3947} INFO - Setting next_dagrun for consume_1_and_2_with_dataset_expressions to None, run_after=None
[2026-01-01T18:19:23.928+0000] {logging_mixin.py:188} INFO - [2026-01-01T18:19:23.928+0000] {dag.py:3947} INFO - Setting next_dagrun for consume_1_or_2_with_dataset_expressions to None, run_after=None
[2026-01-01T18:19:23.929+0000] {logging_mixin.py:188} INFO - [2026-01-01T18:19:23.929+0000] {dag.py:3947} INFO - Setting next_dagrun for consume_1_or_both_2_and_3_with_dataset_expressions to None, run_after=None
[2026-01-01T18:19:23.929+0000] {logging_mixin.py:188} INFO - [2026-01-01T18:19:23.929+0000] {dag.py:3947} INFO - Setting next_dagrun for dataset_consumes_1 to None, run_after=None
[2026-01-01T18:19:23.930+0000] {logging_mixin.py:188} INFO - [2026-01-01T18:19:23.930+0000] {dag.py:3947} INFO - Setting next_dagrun for dataset_consumes_1_and_2 to None, run_after=None
[2026-01-01T18:19:23.930+0000] {logging_mixin.py:188} INFO - [2026-01-01T18:19:23.930+0000] {dag.py:3947} INFO - Setting next_dagrun for dataset_consumes_1_never_scheduled to None, run_after=None
[2026-01-01T18:19:23.931+0000] {logging_mixin.py:188} INFO - [2026-01-01T18:19:23.931+0000] {dag.py:3947} INFO - Setting next_dagrun for dataset_consumes_unknown_never_scheduled to None, run_after=None
[2026-01-01T18:19:23.933+0000] {logging_mixin.py:188} INFO - [2026-01-01T18:19:23.932+0000] {dag.py:3947} INFO - Setting next_dagrun for dataset_produces_1 to 2025-12-31 00:00:00+00:00, run_after=2026-01-01 00:00:00+00:00
[2026-01-01T18:19:23.933+0000] {logging_mixin.py:188} INFO - [2026-01-01T18:19:23.933+0000] {dag.py:3947} INFO - Setting next_dagrun for dataset_produces_2 to None, run_after=None
[2026-01-01T18:19:23.954+0000] {processor.py:183} INFO - Processing /home/airflow/.local/lib/python3.12/site-packages/airflow/example_dags/example_datasets.py took 0.077 seconds
[2026-01-01T19:35:31.891+0000] {processor.py:161} INFO - Started process (PID=52737) to work on /home/airflow/.local/lib/python3.12/site-packages/airflow/example_dags/example_datasets.py
[2026-01-01T19:35:31.895+0000] {processor.py:830} INFO - Processing file /home/airflow/.local/lib/python3.12/site-packages/airflow/example_dags/example_datasets.py for tasks to queue
[2026-01-01T19:35:31.895+0000] {logging_mixin.py:188} INFO - [2026-01-01T19:35:31.895+0000] {dagbag.py:545} INFO - Filling up the DagBag from /home/airflow/.local/lib/python3.12/site-packages/airflow/example_dags/example_datasets.py
[2026-01-01T19:35:31.903+0000] {processor.py:840} INFO - DAG(s) 'conditional_dataset_and_time_based_timetable', 'dataset_produces_1', 'dataset_consumes_1_never_scheduled', 'dataset_consumes_1', 'dataset_produces_2', 'consume_1_or_2_with_dataset_expressions', 'consume_1_or_both_2_and_3_with_dataset_expressions', 'consume_1_and_2_with_dataset_expressions', 'dataset_consumes_1_and_2', 'dataset_consumes_unknown_never_scheduled' retrieved from /home/airflow/.local/lib/python3.12/site-packages/airflow/example_dags/example_datasets.py
[2026-01-01T19:35:31.926+0000] {logging_mixin.py:188} INFO - [2026-01-01T19:35:31.926+0000] {dag.py:3089} INFO - Sync 10 DAGs
[2026-01-01T19:35:31.936+0000] {logging_mixin.py:188} INFO - [2026-01-01T19:35:31.936+0000] {dag.py:3947} INFO - Setting next_dagrun for conditional_dataset_and_time_based_timetable to 2025-12-31 01:00:00+00:00, run_after=2025-12-31 01:00:00+00:00
[2026-01-01T19:35:31.939+0000] {logging_mixin.py:188} INFO - [2026-01-01T19:35:31.939+0000] {dag.py:3947} INFO - Setting next_dagrun for consume_1_and_2_with_dataset_expressions to None, run_after=None
[2026-01-01T19:35:31.939+0000] {logging_mixin.py:188} INFO - [2026-01-01T19:35:31.939+0000] {dag.py:3947} INFO - Setting next_dagrun for consume_1_or_2_with_dataset_expressions to None, run_after=None
[2026-01-01T19:35:31.940+0000] {logging_mixin.py:188} INFO - [2026-01-01T19:35:31.940+0000] {dag.py:3947} INFO - Setting next_dagrun for consume_1_or_both_2_and_3_with_dataset_expressions to None, run_after=None
[2026-01-01T19:35:31.940+0000] {logging_mixin.py:188} INFO - [2026-01-01T19:35:31.940+0000] {dag.py:3947} INFO - Setting next_dagrun for dataset_consumes_1 to None, run_after=None
[2026-01-01T19:35:31.941+0000] {logging_mixin.py:188} INFO - [2026-01-01T19:35:31.941+0000] {dag.py:3947} INFO - Setting next_dagrun for dataset_consumes_1_and_2 to None, run_after=None
[2026-01-01T19:35:31.941+0000] {logging_mixin.py:188} INFO - [2026-01-01T19:35:31.941+0000] {dag.py:3947} INFO - Setting next_dagrun for dataset_consumes_1_never_scheduled to None, run_after=None
[2026-01-01T19:35:31.942+0000] {logging_mixin.py:188} INFO - [2026-01-01T19:35:31.942+0000] {dag.py:3947} INFO - Setting next_dagrun for dataset_consumes_unknown_never_scheduled to None, run_after=None
[2026-01-01T19:35:31.943+0000] {logging_mixin.py:188} INFO - [2026-01-01T19:35:31.943+0000] {dag.py:3947} INFO - Setting next_dagrun for dataset_produces_1 to 2025-12-31 00:00:00+00:00, run_after=2026-01-01 00:00:00+00:00
[2026-01-01T19:35:31.944+0000] {logging_mixin.py:188} INFO - [2026-01-01T19:35:31.944+0000] {dag.py:3947} INFO - Setting next_dagrun for dataset_produces_2 to None, run_after=None
[2026-01-01T19:35:31.963+0000] {processor.py:183} INFO - Processing /home/airflow/.local/lib/python3.12/site-packages/airflow/example_dags/example_datasets.py took 0.075 seconds
[2026-01-01T20:54:41.073+0000] {processor.py:161} INFO - Started process (PID=52796) to work on /home/airflow/.local/lib/python3.12/site-packages/airflow/example_dags/example_datasets.py
[2026-01-01T20:54:41.074+0000] {processor.py:830} INFO - Processing file /home/airflow/.local/lib/python3.12/site-packages/airflow/example_dags/example_datasets.py for tasks to queue
[2026-01-01T20:54:41.075+0000] {logging_mixin.py:188} INFO - [2026-01-01T20:54:41.075+0000] {dagbag.py:545} INFO - Filling up the DagBag from /home/airflow/.local/lib/python3.12/site-packages/airflow/example_dags/example_datasets.py
[2026-01-01T20:54:41.090+0000] {processor.py:840} INFO - DAG(s) 'consume_1_or_2_with_dataset_expressions', 'dataset_produces_1', 'dataset_consumes_unknown_never_scheduled', 'consume_1_and_2_with_dataset_expressions', 'consume_1_or_both_2_and_3_with_dataset_expressions', 'dataset_produces_2', 'conditional_dataset_and_time_based_timetable', 'dataset_consumes_1_and_2', 'dataset_consumes_1_never_scheduled', 'dataset_consumes_1' retrieved from /home/airflow/.local/lib/python3.12/site-packages/airflow/example_dags/example_datasets.py
[2026-01-01T20:54:41.132+0000] {logging_mixin.py:188} INFO - [2026-01-01T20:54:41.131+0000] {dag.py:3089} INFO - Sync 10 DAGs
[2026-01-01T20:54:41.154+0000] {logging_mixin.py:188} INFO - [2026-01-01T20:54:41.153+0000] {dag.py:3947} INFO - Setting next_dagrun for conditional_dataset_and_time_based_timetable to 2025-12-31 01:00:00+00:00, run_after=2025-12-31 01:00:00+00:00
[2026-01-01T20:54:41.156+0000] {logging_mixin.py:188} INFO - [2026-01-01T20:54:41.156+0000] {dag.py:3947} INFO - Setting next_dagrun for consume_1_and_2_with_dataset_expressions to None, run_after=None
[2026-01-01T20:54:41.156+0000] {logging_mixin.py:188} INFO - [2026-01-01T20:54:41.156+0000] {dag.py:3947} INFO - Setting next_dagrun for consume_1_or_2_with_dataset_expressions to None, run_after=None
[2026-01-01T20:54:41.157+0000] {logging_mixin.py:188} INFO - [2026-01-01T20:54:41.157+0000] {dag.py:3947} INFO - Setting next_dagrun for consume_1_or_both_2_and_3_with_dataset_expressions to None, run_after=None
[2026-01-01T20:54:41.158+0000] {logging_mixin.py:188} INFO - [2026-01-01T20:54:41.158+0000] {dag.py:3947} INFO - Setting next_dagrun for dataset_consumes_1 to None, run_after=None
[2026-01-01T20:54:41.159+0000] {logging_mixin.py:188} INFO - [2026-01-01T20:54:41.159+0000] {dag.py:3947} INFO - Setting next_dagrun for dataset_consumes_1_and_2 to None, run_after=None
[2026-01-01T20:54:41.159+0000] {logging_mixin.py:188} INFO - [2026-01-01T20:54:41.159+0000] {dag.py:3947} INFO - Setting next_dagrun for dataset_consumes_1_never_scheduled to None, run_after=None
[2026-01-01T20:54:41.160+0000] {logging_mixin.py:188} INFO - [2026-01-01T20:54:41.160+0000] {dag.py:3947} INFO - Setting next_dagrun for dataset_consumes_unknown_never_scheduled to None, run_after=None
[2026-01-01T20:54:41.163+0000] {logging_mixin.py:188} INFO - [2026-01-01T20:54:41.163+0000] {dag.py:3947} INFO - Setting next_dagrun for dataset_produces_1 to 2025-12-31 00:00:00+00:00, run_after=2026-01-01 00:00:00+00:00
[2026-01-01T20:54:41.163+0000] {logging_mixin.py:188} INFO - [2026-01-01T20:54:41.163+0000] {dag.py:3947} INFO - Setting next_dagrun for dataset_produces_2 to None, run_after=None
[2026-01-01T20:54:41.182+0000] {processor.py:183} INFO - Processing /home/airflow/.local/lib/python3.12/site-packages/airflow/example_dags/example_datasets.py took 0.112 seconds
[2026-01-01T22:37:22.727+0000] {processor.py:161} INFO - Started process (PID=52855) to work on /home/airflow/.local/lib/python3.12/site-packages/airflow/example_dags/example_datasets.py
[2026-01-01T22:37:22.727+0000] {processor.py:830} INFO - Processing file /home/airflow/.local/lib/python3.12/site-packages/airflow/example_dags/example_datasets.py for tasks to queue
[2026-01-01T22:37:22.727+0000] {logging_mixin.py:188} INFO - [2026-01-01T22:37:22.727+0000] {dagbag.py:545} INFO - Filling up the DagBag from /home/airflow/.local/lib/python3.12/site-packages/airflow/example_dags/example_datasets.py
[2026-01-01T22:37:22.736+0000] {processor.py:840} INFO - DAG(s) 'dataset_consumes_1_and_2', 'dataset_consumes_1', 'consume_1_and_2_with_dataset_expressions', 'dataset_consumes_1_never_scheduled', 'dataset_produces_1', 'dataset_produces_2', 'conditional_dataset_and_time_based_timetable', 'consume_1_or_both_2_and_3_with_dataset_expressions', 'consume_1_or_2_with_dataset_expressions', 'dataset_consumes_unknown_never_scheduled' retrieved from /home/airflow/.local/lib/python3.12/site-packages/airflow/example_dags/example_datasets.py
[2026-01-01T22:37:22.770+0000] {logging_mixin.py:188} INFO - [2026-01-01T22:37:22.770+0000] {dag.py:3089} INFO - Sync 10 DAGs
[2026-01-01T22:37:22.781+0000] {logging_mixin.py:188} INFO - [2026-01-01T22:37:22.781+0000] {dag.py:3947} INFO - Setting next_dagrun for conditional_dataset_and_time_based_timetable to 2025-12-31 01:00:00+00:00, run_after=2025-12-31 01:00:00+00:00
[2026-01-01T22:37:22.784+0000] {logging_mixin.py:188} INFO - [2026-01-01T22:37:22.784+0000] {dag.py:3947} INFO - Setting next_dagrun for consume_1_and_2_with_dataset_expressions to None, run_after=None
[2026-01-01T22:37:22.785+0000] {logging_mixin.py:188} INFO - [2026-01-01T22:37:22.785+0000] {dag.py:3947} INFO - Setting next_dagrun for consume_1_or_2_with_dataset_expressions to None, run_after=None
[2026-01-01T22:37:22.785+0000] {logging_mixin.py:188} INFO - [2026-01-01T22:37:22.785+0000] {dag.py:3947} INFO - Setting next_dagrun for consume_1_or_both_2_and_3_with_dataset_expressions to None, run_after=None
[2026-01-01T22:37:22.786+0000] {logging_mixin.py:188} INFO - [2026-01-01T22:37:22.786+0000] {dag.py:3947} INFO - Setting next_dagrun for dataset_consumes_1 to None, run_after=None
[2026-01-01T22:37:22.786+0000] {logging_mixin.py:188} INFO - [2026-01-01T22:37:22.786+0000] {dag.py:3947} INFO - Setting next_dagrun for dataset_consumes_1_and_2 to None, run_after=None
[2026-01-01T22:37:22.788+0000] {logging_mixin.py:188} INFO - [2026-01-01T22:37:22.788+0000] {dag.py:3947} INFO - Setting next_dagrun for dataset_consumes_1_never_scheduled to None, run_after=None
[2026-01-01T22:37:22.789+0000] {logging_mixin.py:188} INFO - [2026-01-01T22:37:22.789+0000] {dag.py:3947} INFO - Setting next_dagrun for dataset_consumes_unknown_never_scheduled to None, run_after=None
[2026-01-01T22:37:22.790+0000] {logging_mixin.py:188} INFO - [2026-01-01T22:37:22.790+0000] {dag.py:3947} INFO - Setting next_dagrun for dataset_produces_1 to 2025-12-31 00:00:00+00:00, run_after=2026-01-01 00:00:00+00:00
[2026-01-01T22:37:22.790+0000] {logging_mixin.py:188} INFO - [2026-01-01T22:37:22.790+0000] {dag.py:3947} INFO - Setting next_dagrun for dataset_produces_2 to None, run_after=None
[2026-01-01T22:37:22.803+0000] {processor.py:183} INFO - Processing /home/airflow/.local/lib/python3.12/site-packages/airflow/example_dags/example_datasets.py took 0.079 seconds
[2026-01-01T23:54:05.050+0000] {processor.py:161} INFO - Started process (PID=52914) to work on /home/airflow/.local/lib/python3.12/site-packages/airflow/example_dags/example_datasets.py
[2026-01-01T23:54:05.051+0000] {processor.py:830} INFO - Processing file /home/airflow/.local/lib/python3.12/site-packages/airflow/example_dags/example_datasets.py for tasks to queue
[2026-01-01T23:54:05.051+0000] {logging_mixin.py:188} INFO - [2026-01-01T23:54:05.051+0000] {dagbag.py:545} INFO - Filling up the DagBag from /home/airflow/.local/lib/python3.12/site-packages/airflow/example_dags/example_datasets.py
[2026-01-01T23:54:05.060+0000] {processor.py:840} INFO - DAG(s) 'consume_1_and_2_with_dataset_expressions', 'dataset_consumes_1', 'dataset_consumes_1_and_2', 'dataset_produces_2', 'consume_1_or_both_2_and_3_with_dataset_expressions', 'conditional_dataset_and_time_based_timetable', 'dataset_produces_1', 'dataset_consumes_1_never_scheduled', 'consume_1_or_2_with_dataset_expressions', 'dataset_consumes_unknown_never_scheduled' retrieved from /home/airflow/.local/lib/python3.12/site-packages/airflow/example_dags/example_datasets.py
[2026-01-01T23:54:05.134+0000] {logging_mixin.py:188} INFO - [2026-01-01T23:54:05.133+0000] {dag.py:3089} INFO - Sync 10 DAGs
[2026-01-01T23:54:05.163+0000] {logging_mixin.py:188} INFO - [2026-01-01T23:54:05.163+0000] {dag.py:3947} INFO - Setting next_dagrun for conditional_dataset_and_time_based_timetable to 2025-12-31 01:00:00+00:00, run_after=2025-12-31 01:00:00+00:00
[2026-01-01T23:54:05.167+0000] {logging_mixin.py:188} INFO - [2026-01-01T23:54:05.167+0000] {dag.py:3947} INFO - Setting next_dagrun for consume_1_and_2_with_dataset_expressions to None, run_after=None
[2026-01-01T23:54:05.168+0000] {logging_mixin.py:188} INFO - [2026-01-01T23:54:05.168+0000] {dag.py:3947} INFO - Setting next_dagrun for consume_1_or_2_with_dataset_expressions to None, run_after=None
[2026-01-01T23:54:05.170+0000] {logging_mixin.py:188} INFO - [2026-01-01T23:54:05.170+0000] {dag.py:3947} INFO - Setting next_dagrun for consume_1_or_both_2_and_3_with_dataset_expressions to None, run_after=None
[2026-01-01T23:54:05.171+0000] {logging_mixin.py:188} INFO - [2026-01-01T23:54:05.171+0000] {dag.py:3947} INFO - Setting next_dagrun for dataset_consumes_1 to None, run_after=None
[2026-01-01T23:54:05.172+0000] {logging_mixin.py:188} INFO - [2026-01-01T23:54:05.172+0000] {dag.py:3947} INFO - Setting next_dagrun for dataset_consumes_1_and_2 to None, run_after=None
[2026-01-01T23:54:05.174+0000] {logging_mixin.py:188} INFO - [2026-01-01T23:54:05.174+0000] {dag.py:3947} INFO - Setting next_dagrun for dataset_consumes_1_never_scheduled to None, run_after=None
[2026-01-01T23:54:05.176+0000] {logging_mixin.py:188} INFO - [2026-01-01T23:54:05.176+0000] {dag.py:3947} INFO - Setting next_dagrun for dataset_consumes_unknown_never_scheduled to None, run_after=None
[2026-01-01T23:54:05.179+0000] {logging_mixin.py:188} INFO - [2026-01-01T23:54:05.179+0000] {dag.py:3947} INFO - Setting next_dagrun for dataset_produces_1 to 2025-12-31 00:00:00+00:00, run_after=2026-01-01 00:00:00+00:00
[2026-01-01T23:54:05.182+0000] {logging_mixin.py:188} INFO - [2026-01-01T23:54:05.182+0000] {dag.py:3947} INFO - Setting next_dagrun for dataset_produces_2 to None, run_after=None
[2026-01-01T23:54:05.211+0000] {processor.py:183} INFO - Processing /home/airflow/.local/lib/python3.12/site-packages/airflow/example_dags/example_datasets.py took 0.165 seconds
