[2026-01-01T01:03:22.344+0000] {processor.py:161} INFO - Started process (PID=51821) to work on /home/airflow/.local/lib/python3.12/site-packages/airflow/example_dags/example_short_circuit_operator.py
[2026-01-01T01:03:22.345+0000] {processor.py:830} INFO - Processing file /home/airflow/.local/lib/python3.12/site-packages/airflow/example_dags/example_short_circuit_operator.py for tasks to queue
[2026-01-01T01:03:22.345+0000] {logging_mixin.py:188} INFO - [2026-01-01T01:03:22.345+0000] {dagbag.py:545} INFO - Filling up the DagBag from /home/airflow/.local/lib/python3.12/site-packages/airflow/example_dags/example_short_circuit_operator.py
[2026-01-01T01:03:22.354+0000] {processor.py:840} INFO - DAG(s) 'example_short_circuit_operator' retrieved from /home/airflow/.local/lib/python3.12/site-packages/airflow/example_dags/example_short_circuit_operator.py
[2026-01-01T01:03:22.369+0000] {logging_mixin.py:188} INFO - [2026-01-01T01:03:22.369+0000] {dag.py:3089} INFO - Sync 1 DAGs
[2026-01-01T01:03:22.381+0000] {logging_mixin.py:188} INFO - [2026-01-01T01:03:22.381+0000] {dag.py:3947} INFO - Setting next_dagrun for example_short_circuit_operator to 2025-12-31 00:00:00+00:00, run_after=2026-01-01 00:00:00+00:00
[2026-01-01T01:03:22.391+0000] {processor.py:183} INFO - Processing /home/airflow/.local/lib/python3.12/site-packages/airflow/example_dags/example_short_circuit_operator.py took 0.049 seconds
[2026-01-01T02:01:01.560+0000] {processor.py:161} INFO - Started process (PID=51880) to work on /home/airflow/.local/lib/python3.12/site-packages/airflow/example_dags/example_short_circuit_operator.py
[2026-01-01T02:01:01.561+0000] {processor.py:830} INFO - Processing file /home/airflow/.local/lib/python3.12/site-packages/airflow/example_dags/example_short_circuit_operator.py for tasks to queue
[2026-01-01T02:01:01.562+0000] {logging_mixin.py:188} INFO - [2026-01-01T02:01:01.562+0000] {dagbag.py:545} INFO - Filling up the DagBag from /home/airflow/.local/lib/python3.12/site-packages/airflow/example_dags/example_short_circuit_operator.py
[2026-01-01T02:01:01.569+0000] {processor.py:840} INFO - DAG(s) 'example_short_circuit_operator' retrieved from /home/airflow/.local/lib/python3.12/site-packages/airflow/example_dags/example_short_circuit_operator.py
[2026-01-01T02:01:01.589+0000] {logging_mixin.py:188} INFO - [2026-01-01T02:01:01.588+0000] {dag.py:3089} INFO - Sync 1 DAGs
[2026-01-01T02:01:01.616+0000] {logging_mixin.py:188} INFO - [2026-01-01T02:01:01.616+0000] {dag.py:3947} INFO - Setting next_dagrun for example_short_circuit_operator to 2025-12-31 00:00:00+00:00, run_after=2026-01-01 00:00:00+00:00
[2026-01-01T02:01:01.645+0000] {processor.py:183} INFO - Processing /home/airflow/.local/lib/python3.12/site-packages/airflow/example_dags/example_short_circuit_operator.py took 0.089 seconds
[2026-01-01T03:35:53.068+0000] {processor.py:161} INFO - Started process (PID=51939) to work on /home/airflow/.local/lib/python3.12/site-packages/airflow/example_dags/example_short_circuit_operator.py
[2026-01-01T03:35:53.069+0000] {processor.py:830} INFO - Processing file /home/airflow/.local/lib/python3.12/site-packages/airflow/example_dags/example_short_circuit_operator.py for tasks to queue
[2026-01-01T03:35:53.071+0000] {logging_mixin.py:188} INFO - [2026-01-01T03:35:53.071+0000] {dagbag.py:545} INFO - Filling up the DagBag from /home/airflow/.local/lib/python3.12/site-packages/airflow/example_dags/example_short_circuit_operator.py
[2026-01-01T03:35:53.086+0000] {processor.py:840} INFO - DAG(s) 'example_short_circuit_operator' retrieved from /home/airflow/.local/lib/python3.12/site-packages/airflow/example_dags/example_short_circuit_operator.py
[2026-01-01T03:35:53.114+0000] {logging_mixin.py:188} INFO - [2026-01-01T03:35:53.114+0000] {dag.py:3089} INFO - Sync 1 DAGs
[2026-01-01T03:35:53.139+0000] {logging_mixin.py:188} INFO - [2026-01-01T03:35:53.139+0000] {dag.py:3947} INFO - Setting next_dagrun for example_short_circuit_operator to 2025-12-31 00:00:00+00:00, run_after=2026-01-01 00:00:00+00:00
[2026-01-01T03:35:53.156+0000] {processor.py:183} INFO - Processing /home/airflow/.local/lib/python3.12/site-packages/airflow/example_dags/example_short_circuit_operator.py took 0.102 seconds
[2026-01-01T04:55:52.994+0000] {processor.py:161} INFO - Started process (PID=51999) to work on /home/airflow/.local/lib/python3.12/site-packages/airflow/example_dags/example_short_circuit_operator.py
[2026-01-01T04:55:52.995+0000] {processor.py:830} INFO - Processing file /home/airflow/.local/lib/python3.12/site-packages/airflow/example_dags/example_short_circuit_operator.py for tasks to queue
[2026-01-01T04:55:52.996+0000] {logging_mixin.py:188} INFO - [2026-01-01T04:55:52.995+0000] {dagbag.py:545} INFO - Filling up the DagBag from /home/airflow/.local/lib/python3.12/site-packages/airflow/example_dags/example_short_circuit_operator.py
[2026-01-01T04:55:53.016+0000] {processor.py:840} INFO - DAG(s) 'example_short_circuit_operator' retrieved from /home/airflow/.local/lib/python3.12/site-packages/airflow/example_dags/example_short_circuit_operator.py
[2026-01-01T04:55:53.042+0000] {logging_mixin.py:188} INFO - [2026-01-01T04:55:53.041+0000] {dag.py:3089} INFO - Sync 1 DAGs
[2026-01-01T04:55:53.061+0000] {logging_mixin.py:188} INFO - [2026-01-01T04:55:53.061+0000] {dag.py:3947} INFO - Setting next_dagrun for example_short_circuit_operator to 2025-12-31 00:00:00+00:00, run_after=2026-01-01 00:00:00+00:00
[2026-01-01T04:55:53.084+0000] {processor.py:183} INFO - Processing /home/airflow/.local/lib/python3.12/site-packages/airflow/example_dags/example_short_circuit_operator.py took 0.101 seconds
[2026-01-01T06:07:21.431+0000] {processor.py:161} INFO - Started process (PID=52058) to work on /home/airflow/.local/lib/python3.12/site-packages/airflow/example_dags/example_short_circuit_operator.py
[2026-01-01T06:07:21.432+0000] {processor.py:830} INFO - Processing file /home/airflow/.local/lib/python3.12/site-packages/airflow/example_dags/example_short_circuit_operator.py for tasks to queue
[2026-01-01T06:07:21.433+0000] {logging_mixin.py:188} INFO - [2026-01-01T06:07:21.433+0000] {dagbag.py:545} INFO - Filling up the DagBag from /home/airflow/.local/lib/python3.12/site-packages/airflow/example_dags/example_short_circuit_operator.py
[2026-01-01T06:07:21.444+0000] {processor.py:840} INFO - DAG(s) 'example_short_circuit_operator' retrieved from /home/airflow/.local/lib/python3.12/site-packages/airflow/example_dags/example_short_circuit_operator.py
[2026-01-01T06:07:21.460+0000] {logging_mixin.py:188} INFO - [2026-01-01T06:07:21.460+0000] {dag.py:3089} INFO - Sync 1 DAGs
[2026-01-01T06:07:21.474+0000] {logging_mixin.py:188} INFO - [2026-01-01T06:07:21.473+0000] {dag.py:3947} INFO - Setting next_dagrun for example_short_circuit_operator to 2025-12-31 00:00:00+00:00, run_after=2026-01-01 00:00:00+00:00
[2026-01-01T06:07:21.486+0000] {processor.py:183} INFO - Processing /home/airflow/.local/lib/python3.12/site-packages/airflow/example_dags/example_short_circuit_operator.py took 0.060 seconds
[2026-01-01T07:40:35.460+0000] {processor.py:161} INFO - Started process (PID=52117) to work on /home/airflow/.local/lib/python3.12/site-packages/airflow/example_dags/example_short_circuit_operator.py
[2026-01-01T07:40:35.461+0000] {processor.py:830} INFO - Processing file /home/airflow/.local/lib/python3.12/site-packages/airflow/example_dags/example_short_circuit_operator.py for tasks to queue
[2026-01-01T07:40:35.463+0000] {logging_mixin.py:188} INFO - [2026-01-01T07:40:35.463+0000] {dagbag.py:545} INFO - Filling up the DagBag from /home/airflow/.local/lib/python3.12/site-packages/airflow/example_dags/example_short_circuit_operator.py
[2026-01-01T07:40:35.481+0000] {processor.py:840} INFO - DAG(s) 'example_short_circuit_operator' retrieved from /home/airflow/.local/lib/python3.12/site-packages/airflow/example_dags/example_short_circuit_operator.py
[2026-01-01T07:40:35.518+0000] {logging_mixin.py:188} INFO - [2026-01-01T07:40:35.518+0000] {dag.py:3089} INFO - Sync 1 DAGs
[2026-01-01T07:40:35.541+0000] {logging_mixin.py:188} INFO - [2026-01-01T07:40:35.541+0000] {dag.py:3947} INFO - Setting next_dagrun for example_short_circuit_operator to 2025-12-31 00:00:00+00:00, run_after=2026-01-01 00:00:00+00:00
[2026-01-01T07:40:35.558+0000] {processor.py:183} INFO - Processing /home/airflow/.local/lib/python3.12/site-packages/airflow/example_dags/example_short_circuit_operator.py took 0.105 seconds
[2026-01-01T08:44:35.566+0000] {processor.py:161} INFO - Started process (PID=52176) to work on /home/airflow/.local/lib/python3.12/site-packages/airflow/example_dags/example_short_circuit_operator.py
[2026-01-01T08:44:35.567+0000] {processor.py:830} INFO - Processing file /home/airflow/.local/lib/python3.12/site-packages/airflow/example_dags/example_short_circuit_operator.py for tasks to queue
[2026-01-01T08:44:35.568+0000] {logging_mixin.py:188} INFO - [2026-01-01T08:44:35.568+0000] {dagbag.py:545} INFO - Filling up the DagBag from /home/airflow/.local/lib/python3.12/site-packages/airflow/example_dags/example_short_circuit_operator.py
[2026-01-01T08:44:35.577+0000] {processor.py:840} INFO - DAG(s) 'example_short_circuit_operator' retrieved from /home/airflow/.local/lib/python3.12/site-packages/airflow/example_dags/example_short_circuit_operator.py
[2026-01-01T08:44:35.596+0000] {logging_mixin.py:188} INFO - [2026-01-01T08:44:35.596+0000] {dag.py:3089} INFO - Sync 1 DAGs
[2026-01-01T08:44:35.610+0000] {logging_mixin.py:188} INFO - [2026-01-01T08:44:35.610+0000] {dag.py:3947} INFO - Setting next_dagrun for example_short_circuit_operator to 2025-12-31 00:00:00+00:00, run_after=2026-01-01 00:00:00+00:00
[2026-01-01T08:44:35.621+0000] {processor.py:183} INFO - Processing /home/airflow/.local/lib/python3.12/site-packages/airflow/example_dags/example_short_circuit_operator.py took 0.060 seconds
[2026-01-01T09:57:56.754+0000] {processor.py:161} INFO - Started process (PID=52235) to work on /home/airflow/.local/lib/python3.12/site-packages/airflow/example_dags/example_short_circuit_operator.py
[2026-01-01T09:57:56.754+0000] {processor.py:830} INFO - Processing file /home/airflow/.local/lib/python3.12/site-packages/airflow/example_dags/example_short_circuit_operator.py for tasks to queue
[2026-01-01T09:57:56.755+0000] {logging_mixin.py:188} INFO - [2026-01-01T09:57:56.755+0000] {dagbag.py:545} INFO - Filling up the DagBag from /home/airflow/.local/lib/python3.12/site-packages/airflow/example_dags/example_short_circuit_operator.py
[2026-01-01T09:57:56.765+0000] {processor.py:840} INFO - DAG(s) 'example_short_circuit_operator' retrieved from /home/airflow/.local/lib/python3.12/site-packages/airflow/example_dags/example_short_circuit_operator.py
[2026-01-01T09:57:56.779+0000] {logging_mixin.py:188} INFO - [2026-01-01T09:57:56.778+0000] {dag.py:3089} INFO - Sync 1 DAGs
[2026-01-01T09:57:56.790+0000] {logging_mixin.py:188} INFO - [2026-01-01T09:57:56.790+0000] {dag.py:3947} INFO - Setting next_dagrun for example_short_circuit_operator to 2025-12-31 00:00:00+00:00, run_after=2026-01-01 00:00:00+00:00
[2026-01-01T09:57:56.805+0000] {processor.py:183} INFO - Processing /home/airflow/.local/lib/python3.12/site-packages/airflow/example_dags/example_short_circuit_operator.py took 0.055 seconds
[2026-01-01T11:12:21.756+0000] {processor.py:161} INFO - Started process (PID=52294) to work on /home/airflow/.local/lib/python3.12/site-packages/airflow/example_dags/example_short_circuit_operator.py
[2026-01-01T11:12:21.757+0000] {processor.py:830} INFO - Processing file /home/airflow/.local/lib/python3.12/site-packages/airflow/example_dags/example_short_circuit_operator.py for tasks to queue
[2026-01-01T11:12:21.758+0000] {logging_mixin.py:188} INFO - [2026-01-01T11:12:21.758+0000] {dagbag.py:545} INFO - Filling up the DagBag from /home/airflow/.local/lib/python3.12/site-packages/airflow/example_dags/example_short_circuit_operator.py
[2026-01-01T11:12:21.770+0000] {processor.py:840} INFO - DAG(s) 'example_short_circuit_operator' retrieved from /home/airflow/.local/lib/python3.12/site-packages/airflow/example_dags/example_short_circuit_operator.py
[2026-01-01T11:12:21.794+0000] {logging_mixin.py:188} INFO - [2026-01-01T11:12:21.793+0000] {dag.py:3089} INFO - Sync 1 DAGs
[2026-01-01T11:12:21.806+0000] {logging_mixin.py:188} INFO - [2026-01-01T11:12:21.805+0000] {dag.py:3947} INFO - Setting next_dagrun for example_short_circuit_operator to 2025-12-31 00:00:00+00:00, run_after=2026-01-01 00:00:00+00:00
[2026-01-01T11:12:21.819+0000] {processor.py:183} INFO - Processing /home/airflow/.local/lib/python3.12/site-packages/airflow/example_dags/example_short_circuit_operator.py took 0.067 seconds
[2026-01-01T12:13:28.293+0000] {processor.py:161} INFO - Started process (PID=52353) to work on /home/airflow/.local/lib/python3.12/site-packages/airflow/example_dags/example_short_circuit_operator.py
[2026-01-01T12:13:28.293+0000] {processor.py:830} INFO - Processing file /home/airflow/.local/lib/python3.12/site-packages/airflow/example_dags/example_short_circuit_operator.py for tasks to queue
[2026-01-01T12:13:28.295+0000] {logging_mixin.py:188} INFO - [2026-01-01T12:13:28.294+0000] {dagbag.py:545} INFO - Filling up the DagBag from /home/airflow/.local/lib/python3.12/site-packages/airflow/example_dags/example_short_circuit_operator.py
[2026-01-01T12:13:28.307+0000] {processor.py:840} INFO - DAG(s) 'example_short_circuit_operator' retrieved from /home/airflow/.local/lib/python3.12/site-packages/airflow/example_dags/example_short_circuit_operator.py
[2026-01-01T12:13:28.329+0000] {logging_mixin.py:188} INFO - [2026-01-01T12:13:28.329+0000] {dag.py:3089} INFO - Sync 1 DAGs
[2026-01-01T12:13:28.356+0000] {logging_mixin.py:188} INFO - [2026-01-01T12:13:28.356+0000] {dag.py:3947} INFO - Setting next_dagrun for example_short_circuit_operator to 2025-12-31 00:00:00+00:00, run_after=2026-01-01 00:00:00+00:00
[2026-01-01T12:13:28.372+0000] {processor.py:183} INFO - Processing /home/airflow/.local/lib/python3.12/site-packages/airflow/example_dags/example_short_circuit_operator.py took 0.085 seconds
[2026-01-01T13:31:40.587+0000] {processor.py:161} INFO - Started process (PID=52412) to work on /home/airflow/.local/lib/python3.12/site-packages/airflow/example_dags/example_short_circuit_operator.py
[2026-01-01T13:31:40.588+0000] {processor.py:830} INFO - Processing file /home/airflow/.local/lib/python3.12/site-packages/airflow/example_dags/example_short_circuit_operator.py for tasks to queue
[2026-01-01T13:31:40.589+0000] {logging_mixin.py:188} INFO - [2026-01-01T13:31:40.589+0000] {dagbag.py:545} INFO - Filling up the DagBag from /home/airflow/.local/lib/python3.12/site-packages/airflow/example_dags/example_short_circuit_operator.py
[2026-01-01T13:31:40.602+0000] {processor.py:840} INFO - DAG(s) 'example_short_circuit_operator' retrieved from /home/airflow/.local/lib/python3.12/site-packages/airflow/example_dags/example_short_circuit_operator.py
[2026-01-01T13:31:40.626+0000] {logging_mixin.py:188} INFO - [2026-01-01T13:31:40.626+0000] {dag.py:3089} INFO - Sync 1 DAGs
[2026-01-01T13:31:40.644+0000] {logging_mixin.py:188} INFO - [2026-01-01T13:31:40.643+0000] {dag.py:3947} INFO - Setting next_dagrun for example_short_circuit_operator to 2025-12-31 00:00:00+00:00, run_after=2026-01-01 00:00:00+00:00
[2026-01-01T13:31:40.654+0000] {processor.py:183} INFO - Processing /home/airflow/.local/lib/python3.12/site-packages/airflow/example_dags/example_short_circuit_operator.py took 0.073 seconds
[2026-01-01T15:05:23.623+0000] {processor.py:161} INFO - Started process (PID=52471) to work on /home/airflow/.local/lib/python3.12/site-packages/airflow/example_dags/example_short_circuit_operator.py
[2026-01-01T15:05:23.624+0000] {processor.py:830} INFO - Processing file /home/airflow/.local/lib/python3.12/site-packages/airflow/example_dags/example_short_circuit_operator.py for tasks to queue
[2026-01-01T15:05:23.625+0000] {logging_mixin.py:188} INFO - [2026-01-01T15:05:23.625+0000] {dagbag.py:545} INFO - Filling up the DagBag from /home/airflow/.local/lib/python3.12/site-packages/airflow/example_dags/example_short_circuit_operator.py
[2026-01-01T15:05:23.632+0000] {processor.py:840} INFO - DAG(s) 'example_short_circuit_operator' retrieved from /home/airflow/.local/lib/python3.12/site-packages/airflow/example_dags/example_short_circuit_operator.py
[2026-01-01T15:05:23.650+0000] {logging_mixin.py:188} INFO - [2026-01-01T15:05:23.650+0000] {dag.py:3089} INFO - Sync 1 DAGs
[2026-01-01T15:05:23.663+0000] {logging_mixin.py:188} INFO - [2026-01-01T15:05:23.663+0000] {dag.py:3947} INFO - Setting next_dagrun for example_short_circuit_operator to 2025-12-31 00:00:00+00:00, run_after=2026-01-01 00:00:00+00:00
[2026-01-01T15:05:23.673+0000] {processor.py:183} INFO - Processing /home/airflow/.local/lib/python3.12/site-packages/airflow/example_dags/example_short_circuit_operator.py took 0.054 seconds
[2026-01-01T16:17:19.443+0000] {processor.py:161} INFO - Started process (PID=52530) to work on /home/airflow/.local/lib/python3.12/site-packages/airflow/example_dags/example_short_circuit_operator.py
[2026-01-01T16:17:19.443+0000] {processor.py:830} INFO - Processing file /home/airflow/.local/lib/python3.12/site-packages/airflow/example_dags/example_short_circuit_operator.py for tasks to queue
[2026-01-01T16:17:19.445+0000] {logging_mixin.py:188} INFO - [2026-01-01T16:17:19.444+0000] {dagbag.py:545} INFO - Filling up the DagBag from /home/airflow/.local/lib/python3.12/site-packages/airflow/example_dags/example_short_circuit_operator.py
[2026-01-01T16:17:19.464+0000] {processor.py:840} INFO - DAG(s) 'example_short_circuit_operator' retrieved from /home/airflow/.local/lib/python3.12/site-packages/airflow/example_dags/example_short_circuit_operator.py
[2026-01-01T16:17:19.484+0000] {logging_mixin.py:188} INFO - [2026-01-01T16:17:19.484+0000] {dag.py:3089} INFO - Sync 1 DAGs
[2026-01-01T16:17:19.504+0000] {logging_mixin.py:188} INFO - [2026-01-01T16:17:19.504+0000] {dag.py:3947} INFO - Setting next_dagrun for example_short_circuit_operator to 2025-12-31 00:00:00+00:00, run_after=2026-01-01 00:00:00+00:00
[2026-01-01T16:17:19.517+0000] {processor.py:183} INFO - Processing /home/airflow/.local/lib/python3.12/site-packages/airflow/example_dags/example_short_circuit_operator.py took 0.079 seconds
[2026-01-01T17:14:38.268+0000] {processor.py:161} INFO - Started process (PID=52589) to work on /home/airflow/.local/lib/python3.12/site-packages/airflow/example_dags/example_short_circuit_operator.py
[2026-01-01T17:14:38.269+0000] {processor.py:830} INFO - Processing file /home/airflow/.local/lib/python3.12/site-packages/airflow/example_dags/example_short_circuit_operator.py for tasks to queue
[2026-01-01T17:14:38.270+0000] {logging_mixin.py:188} INFO - [2026-01-01T17:14:38.270+0000] {dagbag.py:545} INFO - Filling up the DagBag from /home/airflow/.local/lib/python3.12/site-packages/airflow/example_dags/example_short_circuit_operator.py
[2026-01-01T17:14:38.280+0000] {processor.py:840} INFO - DAG(s) 'example_short_circuit_operator' retrieved from /home/airflow/.local/lib/python3.12/site-packages/airflow/example_dags/example_short_circuit_operator.py
[2026-01-01T17:14:38.303+0000] {logging_mixin.py:188} INFO - [2026-01-01T17:14:38.303+0000] {dag.py:3089} INFO - Sync 1 DAGs
[2026-01-01T17:14:38.319+0000] {logging_mixin.py:188} INFO - [2026-01-01T17:14:38.319+0000] {dag.py:3947} INFO - Setting next_dagrun for example_short_circuit_operator to 2025-12-31 00:00:00+00:00, run_after=2026-01-01 00:00:00+00:00
[2026-01-01T17:14:38.329+0000] {processor.py:183} INFO - Processing /home/airflow/.local/lib/python3.12/site-packages/airflow/example_dags/example_short_circuit_operator.py took 0.065 seconds
[2026-01-01T18:19:22.909+0000] {processor.py:161} INFO - Started process (PID=52648) to work on /home/airflow/.local/lib/python3.12/site-packages/airflow/example_dags/example_short_circuit_operator.py
[2026-01-01T18:19:22.910+0000] {processor.py:830} INFO - Processing file /home/airflow/.local/lib/python3.12/site-packages/airflow/example_dags/example_short_circuit_operator.py for tasks to queue
[2026-01-01T18:19:22.911+0000] {logging_mixin.py:188} INFO - [2026-01-01T18:19:22.911+0000] {dagbag.py:545} INFO - Filling up the DagBag from /home/airflow/.local/lib/python3.12/site-packages/airflow/example_dags/example_short_circuit_operator.py
[2026-01-01T18:19:22.921+0000] {processor.py:840} INFO - DAG(s) 'example_short_circuit_operator' retrieved from /home/airflow/.local/lib/python3.12/site-packages/airflow/example_dags/example_short_circuit_operator.py
[2026-01-01T18:19:22.945+0000] {logging_mixin.py:188} INFO - [2026-01-01T18:19:22.945+0000] {dag.py:3089} INFO - Sync 1 DAGs
[2026-01-01T18:19:22.959+0000] {logging_mixin.py:188} INFO - [2026-01-01T18:19:22.959+0000] {dag.py:3947} INFO - Setting next_dagrun for example_short_circuit_operator to 2025-12-31 00:00:00+00:00, run_after=2026-01-01 00:00:00+00:00
[2026-01-01T18:19:22.969+0000] {processor.py:183} INFO - Processing /home/airflow/.local/lib/python3.12/site-packages/airflow/example_dags/example_short_circuit_operator.py took 0.067 seconds
[2026-01-01T19:35:30.890+0000] {processor.py:161} INFO - Started process (PID=52707) to work on /home/airflow/.local/lib/python3.12/site-packages/airflow/example_dags/example_short_circuit_operator.py
[2026-01-01T19:35:30.891+0000] {processor.py:830} INFO - Processing file /home/airflow/.local/lib/python3.12/site-packages/airflow/example_dags/example_short_circuit_operator.py for tasks to queue
[2026-01-01T19:35:30.892+0000] {logging_mixin.py:188} INFO - [2026-01-01T19:35:30.892+0000] {dagbag.py:545} INFO - Filling up the DagBag from /home/airflow/.local/lib/python3.12/site-packages/airflow/example_dags/example_short_circuit_operator.py
[2026-01-01T19:35:30.902+0000] {processor.py:840} INFO - DAG(s) 'example_short_circuit_operator' retrieved from /home/airflow/.local/lib/python3.12/site-packages/airflow/example_dags/example_short_circuit_operator.py
[2026-01-01T19:35:30.923+0000] {logging_mixin.py:188} INFO - [2026-01-01T19:35:30.923+0000] {dag.py:3089} INFO - Sync 1 DAGs
[2026-01-01T19:35:30.939+0000] {logging_mixin.py:188} INFO - [2026-01-01T19:35:30.938+0000] {dag.py:3947} INFO - Setting next_dagrun for example_short_circuit_operator to 2025-12-31 00:00:00+00:00, run_after=2026-01-01 00:00:00+00:00
[2026-01-01T19:35:30.948+0000] {processor.py:183} INFO - Processing /home/airflow/.local/lib/python3.12/site-packages/airflow/example_dags/example_short_circuit_operator.py took 0.062 seconds
[2026-01-01T20:54:39.729+0000] {processor.py:161} INFO - Started process (PID=52766) to work on /home/airflow/.local/lib/python3.12/site-packages/airflow/example_dags/example_short_circuit_operator.py
[2026-01-01T20:54:39.729+0000] {processor.py:830} INFO - Processing file /home/airflow/.local/lib/python3.12/site-packages/airflow/example_dags/example_short_circuit_operator.py for tasks to queue
[2026-01-01T20:54:39.731+0000] {logging_mixin.py:188} INFO - [2026-01-01T20:54:39.731+0000] {dagbag.py:545} INFO - Filling up the DagBag from /home/airflow/.local/lib/python3.12/site-packages/airflow/example_dags/example_short_circuit_operator.py
[2026-01-01T20:54:39.744+0000] {processor.py:840} INFO - DAG(s) 'example_short_circuit_operator' retrieved from /home/airflow/.local/lib/python3.12/site-packages/airflow/example_dags/example_short_circuit_operator.py
[2026-01-01T20:54:39.764+0000] {logging_mixin.py:188} INFO - [2026-01-01T20:54:39.764+0000] {dag.py:3089} INFO - Sync 1 DAGs
[2026-01-01T20:54:39.779+0000] {logging_mixin.py:188} INFO - [2026-01-01T20:54:39.779+0000] {dag.py:3947} INFO - Setting next_dagrun for example_short_circuit_operator to 2025-12-31 00:00:00+00:00, run_after=2026-01-01 00:00:00+00:00
[2026-01-01T20:54:39.790+0000] {processor.py:183} INFO - Processing /home/airflow/.local/lib/python3.12/site-packages/airflow/example_dags/example_short_circuit_operator.py took 0.066 seconds
[2026-01-01T22:37:21.738+0000] {processor.py:161} INFO - Started process (PID=52825) to work on /home/airflow/.local/lib/python3.12/site-packages/airflow/example_dags/example_short_circuit_operator.py
[2026-01-01T22:37:21.739+0000] {processor.py:830} INFO - Processing file /home/airflow/.local/lib/python3.12/site-packages/airflow/example_dags/example_short_circuit_operator.py for tasks to queue
[2026-01-01T22:37:21.740+0000] {logging_mixin.py:188} INFO - [2026-01-01T22:37:21.739+0000] {dagbag.py:545} INFO - Filling up the DagBag from /home/airflow/.local/lib/python3.12/site-packages/airflow/example_dags/example_short_circuit_operator.py
[2026-01-01T22:37:21.748+0000] {processor.py:840} INFO - DAG(s) 'example_short_circuit_operator' retrieved from /home/airflow/.local/lib/python3.12/site-packages/airflow/example_dags/example_short_circuit_operator.py
[2026-01-01T22:37:21.772+0000] {logging_mixin.py:188} INFO - [2026-01-01T22:37:21.771+0000] {dag.py:3089} INFO - Sync 1 DAGs
[2026-01-01T22:37:21.783+0000] {logging_mixin.py:188} INFO - [2026-01-01T22:37:21.783+0000] {dag.py:3947} INFO - Setting next_dagrun for example_short_circuit_operator to 2025-12-31 00:00:00+00:00, run_after=2026-01-01 00:00:00+00:00
[2026-01-01T22:37:21.794+0000] {processor.py:183} INFO - Processing /home/airflow/.local/lib/python3.12/site-packages/airflow/example_dags/example_short_circuit_operator.py took 0.064 seconds
[2026-01-01T23:54:03.499+0000] {processor.py:161} INFO - Started process (PID=52884) to work on /home/airflow/.local/lib/python3.12/site-packages/airflow/example_dags/example_short_circuit_operator.py
[2026-01-01T23:54:03.500+0000] {processor.py:830} INFO - Processing file /home/airflow/.local/lib/python3.12/site-packages/airflow/example_dags/example_short_circuit_operator.py for tasks to queue
[2026-01-01T23:54:03.500+0000] {logging_mixin.py:188} INFO - [2026-01-01T23:54:03.500+0000] {dagbag.py:545} INFO - Filling up the DagBag from /home/airflow/.local/lib/python3.12/site-packages/airflow/example_dags/example_short_circuit_operator.py
[2026-01-01T23:54:03.513+0000] {processor.py:840} INFO - DAG(s) 'example_short_circuit_operator' retrieved from /home/airflow/.local/lib/python3.12/site-packages/airflow/example_dags/example_short_circuit_operator.py
[2026-01-01T23:54:03.541+0000] {logging_mixin.py:188} INFO - [2026-01-01T23:54:03.541+0000] {dag.py:3089} INFO - Sync 1 DAGs
[2026-01-01T23:54:03.565+0000] {logging_mixin.py:188} INFO - [2026-01-01T23:54:03.564+0000] {dag.py:3947} INFO - Setting next_dagrun for example_short_circuit_operator to 2025-12-31 00:00:00+00:00, run_after=2026-01-01 00:00:00+00:00
[2026-01-01T23:54:03.576+0000] {processor.py:183} INFO - Processing /home/airflow/.local/lib/python3.12/site-packages/airflow/example_dags/example_short_circuit_operator.py took 0.083 seconds
