[2026-01-01T01:03:23.183+0000] {processor.py:161} INFO - Started process (PID=51840) to work on /home/airflow/.local/lib/python3.12/site-packages/airflow/example_dags/tutorial_dag.py
[2026-01-01T01:03:23.185+0000] {processor.py:830} INFO - Processing file /home/airflow/.local/lib/python3.12/site-packages/airflow/example_dags/tutorial_dag.py for tasks to queue
[2026-01-01T01:03:23.186+0000] {logging_mixin.py:188} INFO - [2026-01-01T01:03:23.186+0000] {dagbag.py:545} INFO - Filling up the DagBag from /home/airflow/.local/lib/python3.12/site-packages/airflow/example_dags/tutorial_dag.py
[2026-01-01T01:03:23.190+0000] {processor.py:840} INFO - DAG(s) 'tutorial_dag' retrieved from /home/airflow/.local/lib/python3.12/site-packages/airflow/example_dags/tutorial_dag.py
[2026-01-01T01:03:23.205+0000] {logging_mixin.py:188} INFO - [2026-01-01T01:03:23.205+0000] {dag.py:3089} INFO - Sync 1 DAGs
[2026-01-01T01:03:23.213+0000] {logging_mixin.py:188} INFO - [2026-01-01T01:03:23.213+0000] {dag.py:3947} INFO - Setting next_dagrun for tutorial_dag to None, run_after=None
[2026-01-01T01:03:23.221+0000] {processor.py:183} INFO - Processing /home/airflow/.local/lib/python3.12/site-packages/airflow/example_dags/tutorial_dag.py took 0.042 seconds
[2026-01-01T02:01:02.349+0000] {processor.py:161} INFO - Started process (PID=51899) to work on /home/airflow/.local/lib/python3.12/site-packages/airflow/example_dags/tutorial_dag.py
[2026-01-01T02:01:02.349+0000] {processor.py:830} INFO - Processing file /home/airflow/.local/lib/python3.12/site-packages/airflow/example_dags/tutorial_dag.py for tasks to queue
[2026-01-01T02:01:02.350+0000] {logging_mixin.py:188} INFO - [2026-01-01T02:01:02.350+0000] {dagbag.py:545} INFO - Filling up the DagBag from /home/airflow/.local/lib/python3.12/site-packages/airflow/example_dags/tutorial_dag.py
[2026-01-01T02:01:02.352+0000] {processor.py:840} INFO - DAG(s) 'tutorial_dag' retrieved from /home/airflow/.local/lib/python3.12/site-packages/airflow/example_dags/tutorial_dag.py
[2026-01-01T02:01:02.362+0000] {logging_mixin.py:188} INFO - [2026-01-01T02:01:02.362+0000] {dag.py:3089} INFO - Sync 1 DAGs
[2026-01-01T02:01:02.368+0000] {logging_mixin.py:188} INFO - [2026-01-01T02:01:02.368+0000] {dag.py:3947} INFO - Setting next_dagrun for tutorial_dag to None, run_after=None
[2026-01-01T02:01:02.379+0000] {processor.py:183} INFO - Processing /home/airflow/.local/lib/python3.12/site-packages/airflow/example_dags/tutorial_dag.py took 0.034 seconds
[2026-01-01T03:35:53.711+0000] {processor.py:161} INFO - Started process (PID=51958) to work on /home/airflow/.local/lib/python3.12/site-packages/airflow/example_dags/tutorial_dag.py
[2026-01-01T03:35:53.711+0000] {processor.py:830} INFO - Processing file /home/airflow/.local/lib/python3.12/site-packages/airflow/example_dags/tutorial_dag.py for tasks to queue
[2026-01-01T03:35:53.712+0000] {logging_mixin.py:188} INFO - [2026-01-01T03:35:53.711+0000] {dagbag.py:545} INFO - Filling up the DagBag from /home/airflow/.local/lib/python3.12/site-packages/airflow/example_dags/tutorial_dag.py
[2026-01-01T03:35:53.714+0000] {processor.py:840} INFO - DAG(s) 'tutorial_dag' retrieved from /home/airflow/.local/lib/python3.12/site-packages/airflow/example_dags/tutorial_dag.py
[2026-01-01T03:35:53.723+0000] {logging_mixin.py:188} INFO - [2026-01-01T03:35:53.723+0000] {dag.py:3089} INFO - Sync 1 DAGs
[2026-01-01T03:35:53.729+0000] {logging_mixin.py:188} INFO - [2026-01-01T03:35:53.729+0000] {dag.py:3947} INFO - Setting next_dagrun for tutorial_dag to None, run_after=None
[2026-01-01T03:35:53.749+0000] {processor.py:183} INFO - Processing /home/airflow/.local/lib/python3.12/site-packages/airflow/example_dags/tutorial_dag.py took 0.053 seconds
[2026-01-01T04:55:53.681+0000] {processor.py:161} INFO - Started process (PID=52018) to work on /home/airflow/.local/lib/python3.12/site-packages/airflow/example_dags/tutorial_dag.py
[2026-01-01T04:55:53.682+0000] {processor.py:830} INFO - Processing file /home/airflow/.local/lib/python3.12/site-packages/airflow/example_dags/tutorial_dag.py for tasks to queue
[2026-01-01T04:55:53.683+0000] {logging_mixin.py:188} INFO - [2026-01-01T04:55:53.682+0000] {dagbag.py:545} INFO - Filling up the DagBag from /home/airflow/.local/lib/python3.12/site-packages/airflow/example_dags/tutorial_dag.py
[2026-01-01T04:55:53.685+0000] {processor.py:840} INFO - DAG(s) 'tutorial_dag' retrieved from /home/airflow/.local/lib/python3.12/site-packages/airflow/example_dags/tutorial_dag.py
[2026-01-01T04:55:53.699+0000] {logging_mixin.py:188} INFO - [2026-01-01T04:55:53.699+0000] {dag.py:3089} INFO - Sync 1 DAGs
[2026-01-01T04:55:53.706+0000] {logging_mixin.py:188} INFO - [2026-01-01T04:55:53.706+0000] {dag.py:3947} INFO - Setting next_dagrun for tutorial_dag to None, run_after=None
[2026-01-01T04:55:53.716+0000] {processor.py:183} INFO - Processing /home/airflow/.local/lib/python3.12/site-packages/airflow/example_dags/tutorial_dag.py took 0.039 seconds
[2026-01-01T06:07:22.055+0000] {processor.py:161} INFO - Started process (PID=52077) to work on /home/airflow/.local/lib/python3.12/site-packages/airflow/example_dags/tutorial_dag.py
[2026-01-01T06:07:22.058+0000] {processor.py:830} INFO - Processing file /home/airflow/.local/lib/python3.12/site-packages/airflow/example_dags/tutorial_dag.py for tasks to queue
[2026-01-01T06:07:22.059+0000] {logging_mixin.py:188} INFO - [2026-01-01T06:07:22.059+0000] {dagbag.py:545} INFO - Filling up the DagBag from /home/airflow/.local/lib/python3.12/site-packages/airflow/example_dags/tutorial_dag.py
[2026-01-01T06:07:22.063+0000] {processor.py:840} INFO - DAG(s) 'tutorial_dag' retrieved from /home/airflow/.local/lib/python3.12/site-packages/airflow/example_dags/tutorial_dag.py
[2026-01-01T06:07:22.075+0000] {logging_mixin.py:188} INFO - [2026-01-01T06:07:22.075+0000] {dag.py:3089} INFO - Sync 1 DAGs
[2026-01-01T06:07:22.082+0000] {logging_mixin.py:188} INFO - [2026-01-01T06:07:22.082+0000] {dag.py:3947} INFO - Setting next_dagrun for tutorial_dag to None, run_after=None
[2026-01-01T06:07:22.095+0000] {processor.py:183} INFO - Processing /home/airflow/.local/lib/python3.12/site-packages/airflow/example_dags/tutorial_dag.py took 0.043 seconds
[2026-01-01T07:40:36.178+0000] {processor.py:161} INFO - Started process (PID=52136) to work on /home/airflow/.local/lib/python3.12/site-packages/airflow/example_dags/tutorial_dag.py
[2026-01-01T07:40:36.179+0000] {processor.py:830} INFO - Processing file /home/airflow/.local/lib/python3.12/site-packages/airflow/example_dags/tutorial_dag.py for tasks to queue
[2026-01-01T07:40:36.181+0000] {logging_mixin.py:188} INFO - [2026-01-01T07:40:36.181+0000] {dagbag.py:545} INFO - Filling up the DagBag from /home/airflow/.local/lib/python3.12/site-packages/airflow/example_dags/tutorial_dag.py
[2026-01-01T07:40:36.185+0000] {processor.py:840} INFO - DAG(s) 'tutorial_dag' retrieved from /home/airflow/.local/lib/python3.12/site-packages/airflow/example_dags/tutorial_dag.py
[2026-01-01T07:40:36.199+0000] {logging_mixin.py:188} INFO - [2026-01-01T07:40:36.199+0000] {dag.py:3089} INFO - Sync 1 DAGs
[2026-01-01T07:40:36.205+0000] {logging_mixin.py:188} INFO - [2026-01-01T07:40:36.205+0000] {dag.py:3947} INFO - Setting next_dagrun for tutorial_dag to None, run_after=None
[2026-01-01T07:40:36.216+0000] {processor.py:183} INFO - Processing /home/airflow/.local/lib/python3.12/site-packages/airflow/example_dags/tutorial_dag.py took 0.041 seconds
[2026-01-01T08:44:36.140+0000] {processor.py:161} INFO - Started process (PID=52195) to work on /home/airflow/.local/lib/python3.12/site-packages/airflow/example_dags/tutorial_dag.py
[2026-01-01T08:44:36.141+0000] {processor.py:830} INFO - Processing file /home/airflow/.local/lib/python3.12/site-packages/airflow/example_dags/tutorial_dag.py for tasks to queue
[2026-01-01T08:44:36.141+0000] {logging_mixin.py:188} INFO - [2026-01-01T08:44:36.141+0000] {dagbag.py:545} INFO - Filling up the DagBag from /home/airflow/.local/lib/python3.12/site-packages/airflow/example_dags/tutorial_dag.py
[2026-01-01T08:44:36.144+0000] {processor.py:840} INFO - DAG(s) 'tutorial_dag' retrieved from /home/airflow/.local/lib/python3.12/site-packages/airflow/example_dags/tutorial_dag.py
[2026-01-01T08:44:36.153+0000] {logging_mixin.py:188} INFO - [2026-01-01T08:44:36.153+0000] {dag.py:3089} INFO - Sync 1 DAGs
[2026-01-01T08:44:36.158+0000] {logging_mixin.py:188} INFO - [2026-01-01T08:44:36.158+0000] {dag.py:3947} INFO - Setting next_dagrun for tutorial_dag to None, run_after=None
[2026-01-01T08:44:36.166+0000] {processor.py:183} INFO - Processing /home/airflow/.local/lib/python3.12/site-packages/airflow/example_dags/tutorial_dag.py took 0.028 seconds
[2026-01-01T09:57:57.282+0000] {processor.py:161} INFO - Started process (PID=52254) to work on /home/airflow/.local/lib/python3.12/site-packages/airflow/example_dags/tutorial_dag.py
[2026-01-01T09:57:57.283+0000] {processor.py:830} INFO - Processing file /home/airflow/.local/lib/python3.12/site-packages/airflow/example_dags/tutorial_dag.py for tasks to queue
[2026-01-01T09:57:57.283+0000] {logging_mixin.py:188} INFO - [2026-01-01T09:57:57.283+0000] {dagbag.py:545} INFO - Filling up the DagBag from /home/airflow/.local/lib/python3.12/site-packages/airflow/example_dags/tutorial_dag.py
[2026-01-01T09:57:57.286+0000] {processor.py:840} INFO - DAG(s) 'tutorial_dag' retrieved from /home/airflow/.local/lib/python3.12/site-packages/airflow/example_dags/tutorial_dag.py
[2026-01-01T09:57:57.297+0000] {logging_mixin.py:188} INFO - [2026-01-01T09:57:57.297+0000] {dag.py:3089} INFO - Sync 1 DAGs
[2026-01-01T09:57:57.304+0000] {logging_mixin.py:188} INFO - [2026-01-01T09:57:57.303+0000] {dag.py:3947} INFO - Setting next_dagrun for tutorial_dag to None, run_after=None
[2026-01-01T09:57:57.310+0000] {processor.py:183} INFO - Processing /home/airflow/.local/lib/python3.12/site-packages/airflow/example_dags/tutorial_dag.py took 0.031 seconds
[2026-01-01T11:12:22.314+0000] {processor.py:161} INFO - Started process (PID=52313) to work on /home/airflow/.local/lib/python3.12/site-packages/airflow/example_dags/tutorial_dag.py
[2026-01-01T11:12:22.314+0000] {processor.py:830} INFO - Processing file /home/airflow/.local/lib/python3.12/site-packages/airflow/example_dags/tutorial_dag.py for tasks to queue
[2026-01-01T11:12:22.317+0000] {logging_mixin.py:188} INFO - [2026-01-01T11:12:22.317+0000] {dagbag.py:545} INFO - Filling up the DagBag from /home/airflow/.local/lib/python3.12/site-packages/airflow/example_dags/tutorial_dag.py
[2026-01-01T11:12:22.322+0000] {processor.py:840} INFO - DAG(s) 'tutorial_dag' retrieved from /home/airflow/.local/lib/python3.12/site-packages/airflow/example_dags/tutorial_dag.py
[2026-01-01T11:12:22.334+0000] {logging_mixin.py:188} INFO - [2026-01-01T11:12:22.334+0000] {dag.py:3089} INFO - Sync 1 DAGs
[2026-01-01T11:12:22.339+0000] {logging_mixin.py:188} INFO - [2026-01-01T11:12:22.339+0000] {dag.py:3947} INFO - Setting next_dagrun for tutorial_dag to None, run_after=None
[2026-01-01T11:12:22.351+0000] {processor.py:183} INFO - Processing /home/airflow/.local/lib/python3.12/site-packages/airflow/example_dags/tutorial_dag.py took 0.040 seconds
[2026-01-01T12:13:29.162+0000] {processor.py:161} INFO - Started process (PID=52372) to work on /home/airflow/.local/lib/python3.12/site-packages/airflow/example_dags/tutorial_dag.py
[2026-01-01T12:13:29.163+0000] {processor.py:830} INFO - Processing file /home/airflow/.local/lib/python3.12/site-packages/airflow/example_dags/tutorial_dag.py for tasks to queue
[2026-01-01T12:13:29.164+0000] {logging_mixin.py:188} INFO - [2026-01-01T12:13:29.164+0000] {dagbag.py:545} INFO - Filling up the DagBag from /home/airflow/.local/lib/python3.12/site-packages/airflow/example_dags/tutorial_dag.py
[2026-01-01T12:13:29.168+0000] {processor.py:840} INFO - DAG(s) 'tutorial_dag' retrieved from /home/airflow/.local/lib/python3.12/site-packages/airflow/example_dags/tutorial_dag.py
[2026-01-01T12:13:29.181+0000] {logging_mixin.py:188} INFO - [2026-01-01T12:13:29.180+0000] {dag.py:3089} INFO - Sync 1 DAGs
[2026-01-01T12:13:29.189+0000] {logging_mixin.py:188} INFO - [2026-01-01T12:13:29.189+0000] {dag.py:3947} INFO - Setting next_dagrun for tutorial_dag to None, run_after=None
[2026-01-01T12:13:29.201+0000] {processor.py:183} INFO - Processing /home/airflow/.local/lib/python3.12/site-packages/airflow/example_dags/tutorial_dag.py took 0.042 seconds
[2026-01-01T13:31:41.474+0000] {processor.py:161} INFO - Started process (PID=52431) to work on /home/airflow/.local/lib/python3.12/site-packages/airflow/example_dags/tutorial_dag.py
[2026-01-01T13:31:41.474+0000] {processor.py:830} INFO - Processing file /home/airflow/.local/lib/python3.12/site-packages/airflow/example_dags/tutorial_dag.py for tasks to queue
[2026-01-01T13:31:41.474+0000] {logging_mixin.py:188} INFO - [2026-01-01T13:31:41.474+0000] {dagbag.py:545} INFO - Filling up the DagBag from /home/airflow/.local/lib/python3.12/site-packages/airflow/example_dags/tutorial_dag.py
[2026-01-01T13:31:41.477+0000] {processor.py:840} INFO - DAG(s) 'tutorial_dag' retrieved from /home/airflow/.local/lib/python3.12/site-packages/airflow/example_dags/tutorial_dag.py
[2026-01-01T13:31:41.487+0000] {logging_mixin.py:188} INFO - [2026-01-01T13:31:41.487+0000] {dag.py:3089} INFO - Sync 1 DAGs
[2026-01-01T13:31:41.492+0000] {logging_mixin.py:188} INFO - [2026-01-01T13:31:41.492+0000] {dag.py:3947} INFO - Setting next_dagrun for tutorial_dag to None, run_after=None
[2026-01-01T13:31:41.499+0000] {processor.py:183} INFO - Processing /home/airflow/.local/lib/python3.12/site-packages/airflow/example_dags/tutorial_dag.py took 0.028 seconds
[2026-01-01T15:05:24.225+0000] {processor.py:161} INFO - Started process (PID=52490) to work on /home/airflow/.local/lib/python3.12/site-packages/airflow/example_dags/tutorial_dag.py
[2026-01-01T15:05:24.225+0000] {processor.py:830} INFO - Processing file /home/airflow/.local/lib/python3.12/site-packages/airflow/example_dags/tutorial_dag.py for tasks to queue
[2026-01-01T15:05:24.226+0000] {logging_mixin.py:188} INFO - [2026-01-01T15:05:24.225+0000] {dagbag.py:545} INFO - Filling up the DagBag from /home/airflow/.local/lib/python3.12/site-packages/airflow/example_dags/tutorial_dag.py
[2026-01-01T15:05:24.228+0000] {processor.py:840} INFO - DAG(s) 'tutorial_dag' retrieved from /home/airflow/.local/lib/python3.12/site-packages/airflow/example_dags/tutorial_dag.py
[2026-01-01T15:05:24.238+0000] {logging_mixin.py:188} INFO - [2026-01-01T15:05:24.238+0000] {dag.py:3089} INFO - Sync 1 DAGs
[2026-01-01T15:05:24.244+0000] {logging_mixin.py:188} INFO - [2026-01-01T15:05:24.244+0000] {dag.py:3947} INFO - Setting next_dagrun for tutorial_dag to None, run_after=None
[2026-01-01T15:05:24.258+0000] {processor.py:183} INFO - Processing /home/airflow/.local/lib/python3.12/site-packages/airflow/example_dags/tutorial_dag.py took 0.036 seconds
[2026-01-01T16:17:20.060+0000] {processor.py:161} INFO - Started process (PID=52549) to work on /home/airflow/.local/lib/python3.12/site-packages/airflow/example_dags/tutorial_dag.py
[2026-01-01T16:17:20.061+0000] {processor.py:830} INFO - Processing file /home/airflow/.local/lib/python3.12/site-packages/airflow/example_dags/tutorial_dag.py for tasks to queue
[2026-01-01T16:17:20.062+0000] {logging_mixin.py:188} INFO - [2026-01-01T16:17:20.062+0000] {dagbag.py:545} INFO - Filling up the DagBag from /home/airflow/.local/lib/python3.12/site-packages/airflow/example_dags/tutorial_dag.py
[2026-01-01T16:17:20.064+0000] {processor.py:840} INFO - DAG(s) 'tutorial_dag' retrieved from /home/airflow/.local/lib/python3.12/site-packages/airflow/example_dags/tutorial_dag.py
[2026-01-01T16:17:20.075+0000] {logging_mixin.py:188} INFO - [2026-01-01T16:17:20.075+0000] {dag.py:3089} INFO - Sync 1 DAGs
[2026-01-01T16:17:20.081+0000] {logging_mixin.py:188} INFO - [2026-01-01T16:17:20.081+0000] {dag.py:3947} INFO - Setting next_dagrun for tutorial_dag to None, run_after=None
[2026-01-01T16:17:20.096+0000] {processor.py:183} INFO - Processing /home/airflow/.local/lib/python3.12/site-packages/airflow/example_dags/tutorial_dag.py took 0.038 seconds
[2026-01-01T17:14:39.034+0000] {processor.py:161} INFO - Started process (PID=52608) to work on /home/airflow/.local/lib/python3.12/site-packages/airflow/example_dags/tutorial_dag.py
[2026-01-01T17:14:39.036+0000] {processor.py:830} INFO - Processing file /home/airflow/.local/lib/python3.12/site-packages/airflow/example_dags/tutorial_dag.py for tasks to queue
[2026-01-01T17:14:39.037+0000] {logging_mixin.py:188} INFO - [2026-01-01T17:14:39.037+0000] {dagbag.py:545} INFO - Filling up the DagBag from /home/airflow/.local/lib/python3.12/site-packages/airflow/example_dags/tutorial_dag.py
[2026-01-01T17:14:39.039+0000] {processor.py:840} INFO - DAG(s) 'tutorial_dag' retrieved from /home/airflow/.local/lib/python3.12/site-packages/airflow/example_dags/tutorial_dag.py
[2026-01-01T17:14:39.050+0000] {logging_mixin.py:188} INFO - [2026-01-01T17:14:39.050+0000] {dag.py:3089} INFO - Sync 1 DAGs
[2026-01-01T17:14:39.056+0000] {logging_mixin.py:188} INFO - [2026-01-01T17:14:39.056+0000] {dag.py:3947} INFO - Setting next_dagrun for tutorial_dag to None, run_after=None
[2026-01-01T17:14:39.071+0000] {processor.py:183} INFO - Processing /home/airflow/.local/lib/python3.12/site-packages/airflow/example_dags/tutorial_dag.py took 0.040 seconds
[2026-01-01T18:19:23.579+0000] {processor.py:161} INFO - Started process (PID=52667) to work on /home/airflow/.local/lib/python3.12/site-packages/airflow/example_dags/tutorial_dag.py
[2026-01-01T18:19:23.580+0000] {processor.py:830} INFO - Processing file /home/airflow/.local/lib/python3.12/site-packages/airflow/example_dags/tutorial_dag.py for tasks to queue
[2026-01-01T18:19:23.580+0000] {logging_mixin.py:188} INFO - [2026-01-01T18:19:23.580+0000] {dagbag.py:545} INFO - Filling up the DagBag from /home/airflow/.local/lib/python3.12/site-packages/airflow/example_dags/tutorial_dag.py
[2026-01-01T18:19:23.582+0000] {processor.py:840} INFO - DAG(s) 'tutorial_dag' retrieved from /home/airflow/.local/lib/python3.12/site-packages/airflow/example_dags/tutorial_dag.py
[2026-01-01T18:19:23.592+0000] {logging_mixin.py:188} INFO - [2026-01-01T18:19:23.592+0000] {dag.py:3089} INFO - Sync 1 DAGs
[2026-01-01T18:19:23.598+0000] {logging_mixin.py:188} INFO - [2026-01-01T18:19:23.598+0000] {dag.py:3947} INFO - Setting next_dagrun for tutorial_dag to None, run_after=None
[2026-01-01T18:19:23.611+0000] {processor.py:183} INFO - Processing /home/airflow/.local/lib/python3.12/site-packages/airflow/example_dags/tutorial_dag.py took 0.035 seconds
[2026-01-01T19:35:31.553+0000] {processor.py:161} INFO - Started process (PID=52726) to work on /home/airflow/.local/lib/python3.12/site-packages/airflow/example_dags/tutorial_dag.py
[2026-01-01T19:35:31.554+0000] {processor.py:830} INFO - Processing file /home/airflow/.local/lib/python3.12/site-packages/airflow/example_dags/tutorial_dag.py for tasks to queue
[2026-01-01T19:35:31.554+0000] {logging_mixin.py:188} INFO - [2026-01-01T19:35:31.554+0000] {dagbag.py:545} INFO - Filling up the DagBag from /home/airflow/.local/lib/python3.12/site-packages/airflow/example_dags/tutorial_dag.py
[2026-01-01T19:35:31.556+0000] {processor.py:840} INFO - DAG(s) 'tutorial_dag' retrieved from /home/airflow/.local/lib/python3.12/site-packages/airflow/example_dags/tutorial_dag.py
[2026-01-01T19:35:31.566+0000] {logging_mixin.py:188} INFO - [2026-01-01T19:35:31.566+0000] {dag.py:3089} INFO - Sync 1 DAGs
[2026-01-01T19:35:31.572+0000] {logging_mixin.py:188} INFO - [2026-01-01T19:35:31.572+0000] {dag.py:3947} INFO - Setting next_dagrun for tutorial_dag to None, run_after=None
[2026-01-01T19:35:31.586+0000] {processor.py:183} INFO - Processing /home/airflow/.local/lib/python3.12/site-packages/airflow/example_dags/tutorial_dag.py took 0.035 seconds
[2026-01-01T20:54:40.404+0000] {processor.py:161} INFO - Started process (PID=52785) to work on /home/airflow/.local/lib/python3.12/site-packages/airflow/example_dags/tutorial_dag.py
[2026-01-01T20:54:40.404+0000] {processor.py:830} INFO - Processing file /home/airflow/.local/lib/python3.12/site-packages/airflow/example_dags/tutorial_dag.py for tasks to queue
[2026-01-01T20:54:40.405+0000] {logging_mixin.py:188} INFO - [2026-01-01T20:54:40.405+0000] {dagbag.py:545} INFO - Filling up the DagBag from /home/airflow/.local/lib/python3.12/site-packages/airflow/example_dags/tutorial_dag.py
[2026-01-01T20:54:40.407+0000] {processor.py:840} INFO - DAG(s) 'tutorial_dag' retrieved from /home/airflow/.local/lib/python3.12/site-packages/airflow/example_dags/tutorial_dag.py
[2026-01-01T20:54:40.416+0000] {logging_mixin.py:188} INFO - [2026-01-01T20:54:40.415+0000] {dag.py:3089} INFO - Sync 1 DAGs
[2026-01-01T20:54:40.420+0000] {logging_mixin.py:188} INFO - [2026-01-01T20:54:40.420+0000] {dag.py:3947} INFO - Setting next_dagrun for tutorial_dag to None, run_after=None
[2026-01-01T20:54:40.427+0000] {processor.py:183} INFO - Processing /home/airflow/.local/lib/python3.12/site-packages/airflow/example_dags/tutorial_dag.py took 0.025 seconds
[2026-01-01T22:37:22.410+0000] {processor.py:161} INFO - Started process (PID=52844) to work on /home/airflow/.local/lib/python3.12/site-packages/airflow/example_dags/tutorial_dag.py
[2026-01-01T22:37:22.411+0000] {processor.py:830} INFO - Processing file /home/airflow/.local/lib/python3.12/site-packages/airflow/example_dags/tutorial_dag.py for tasks to queue
[2026-01-01T22:37:22.411+0000] {logging_mixin.py:188} INFO - [2026-01-01T22:37:22.411+0000] {dagbag.py:545} INFO - Filling up the DagBag from /home/airflow/.local/lib/python3.12/site-packages/airflow/example_dags/tutorial_dag.py
[2026-01-01T22:37:22.413+0000] {processor.py:840} INFO - DAG(s) 'tutorial_dag' retrieved from /home/airflow/.local/lib/python3.12/site-packages/airflow/example_dags/tutorial_dag.py
[2026-01-01T22:37:22.422+0000] {logging_mixin.py:188} INFO - [2026-01-01T22:37:22.422+0000] {dag.py:3089} INFO - Sync 1 DAGs
[2026-01-01T22:37:22.427+0000] {logging_mixin.py:188} INFO - [2026-01-01T22:37:22.427+0000] {dag.py:3947} INFO - Setting next_dagrun for tutorial_dag to None, run_after=None
[2026-01-01T22:37:22.435+0000] {processor.py:183} INFO - Processing /home/airflow/.local/lib/python3.12/site-packages/airflow/example_dags/tutorial_dag.py took 0.027 seconds
[2026-01-01T23:54:04.302+0000] {processor.py:161} INFO - Started process (PID=52903) to work on /home/airflow/.local/lib/python3.12/site-packages/airflow/example_dags/tutorial_dag.py
[2026-01-01T23:54:04.304+0000] {processor.py:830} INFO - Processing file /home/airflow/.local/lib/python3.12/site-packages/airflow/example_dags/tutorial_dag.py for tasks to queue
[2026-01-01T23:54:04.305+0000] {logging_mixin.py:188} INFO - [2026-01-01T23:54:04.305+0000] {dagbag.py:545} INFO - Filling up the DagBag from /home/airflow/.local/lib/python3.12/site-packages/airflow/example_dags/tutorial_dag.py
[2026-01-01T23:54:04.308+0000] {processor.py:840} INFO - DAG(s) 'tutorial_dag' retrieved from /home/airflow/.local/lib/python3.12/site-packages/airflow/example_dags/tutorial_dag.py
[2026-01-01T23:54:04.323+0000] {logging_mixin.py:188} INFO - [2026-01-01T23:54:04.323+0000] {dag.py:3089} INFO - Sync 1 DAGs
[2026-01-01T23:54:04.329+0000] {logging_mixin.py:188} INFO - [2026-01-01T23:54:04.329+0000] {dag.py:3947} INFO - Setting next_dagrun for tutorial_dag to None, run_after=None
[2026-01-01T23:54:04.343+0000] {processor.py:183} INFO - Processing /home/airflow/.local/lib/python3.12/site-packages/airflow/example_dags/tutorial_dag.py took 0.044 seconds
