[2026-01-01T01:03:23.281+0000] {processor.py:161} INFO - Started process (PID=51843) to work on /home/airflow/.local/lib/python3.12/site-packages/airflow/example_dags/tutorial_objectstorage.py
[2026-01-01T01:03:23.282+0000] {processor.py:830} INFO - Processing file /home/airflow/.local/lib/python3.12/site-packages/airflow/example_dags/tutorial_objectstorage.py for tasks to queue
[2026-01-01T01:03:23.282+0000] {logging_mixin.py:188} INFO - [2026-01-01T01:03:23.282+0000] {dagbag.py:545} INFO - Filling up the DagBag from /home/airflow/.local/lib/python3.12/site-packages/airflow/example_dags/tutorial_objectstorage.py
[2026-01-01T01:03:23.286+0000] {processor.py:840} INFO - DAG(s) 'tutorial_objectstorage' retrieved from /home/airflow/.local/lib/python3.12/site-packages/airflow/example_dags/tutorial_objectstorage.py
[2026-01-01T01:03:23.294+0000] {logging_mixin.py:188} INFO - [2026-01-01T01:03:23.294+0000] {dag.py:3089} INFO - Sync 1 DAGs
[2026-01-01T01:03:23.299+0000] {logging_mixin.py:188} INFO - [2026-01-01T01:03:23.299+0000] {dag.py:3947} INFO - Setting next_dagrun for tutorial_objectstorage to None, run_after=None
[2026-01-01T01:03:23.305+0000] {processor.py:183} INFO - Processing /home/airflow/.local/lib/python3.12/site-packages/airflow/example_dags/tutorial_objectstorage.py took 0.027 seconds
[2026-01-01T02:01:02.406+0000] {processor.py:161} INFO - Started process (PID=51902) to work on /home/airflow/.local/lib/python3.12/site-packages/airflow/example_dags/tutorial_objectstorage.py
[2026-01-01T02:01:02.408+0000] {processor.py:830} INFO - Processing file /home/airflow/.local/lib/python3.12/site-packages/airflow/example_dags/tutorial_objectstorage.py for tasks to queue
[2026-01-01T02:01:02.409+0000] {logging_mixin.py:188} INFO - [2026-01-01T02:01:02.409+0000] {dagbag.py:545} INFO - Filling up the DagBag from /home/airflow/.local/lib/python3.12/site-packages/airflow/example_dags/tutorial_objectstorage.py
[2026-01-01T02:01:02.414+0000] {processor.py:840} INFO - DAG(s) 'tutorial_objectstorage' retrieved from /home/airflow/.local/lib/python3.12/site-packages/airflow/example_dags/tutorial_objectstorage.py
[2026-01-01T02:01:02.426+0000] {logging_mixin.py:188} INFO - [2026-01-01T02:01:02.426+0000] {dag.py:3089} INFO - Sync 1 DAGs
[2026-01-01T02:01:02.431+0000] {logging_mixin.py:188} INFO - [2026-01-01T02:01:02.431+0000] {dag.py:3947} INFO - Setting next_dagrun for tutorial_objectstorage to None, run_after=None
[2026-01-01T02:01:02.439+0000] {processor.py:183} INFO - Processing /home/airflow/.local/lib/python3.12/site-packages/airflow/example_dags/tutorial_objectstorage.py took 0.036 seconds
[2026-01-01T03:35:53.775+0000] {processor.py:161} INFO - Started process (PID=51961) to work on /home/airflow/.local/lib/python3.12/site-packages/airflow/example_dags/tutorial_objectstorage.py
[2026-01-01T03:35:53.775+0000] {processor.py:830} INFO - Processing file /home/airflow/.local/lib/python3.12/site-packages/airflow/example_dags/tutorial_objectstorage.py for tasks to queue
[2026-01-01T03:35:53.776+0000] {logging_mixin.py:188} INFO - [2026-01-01T03:35:53.776+0000] {dagbag.py:545} INFO - Filling up the DagBag from /home/airflow/.local/lib/python3.12/site-packages/airflow/example_dags/tutorial_objectstorage.py
[2026-01-01T03:35:53.781+0000] {processor.py:840} INFO - DAG(s) 'tutorial_objectstorage' retrieved from /home/airflow/.local/lib/python3.12/site-packages/airflow/example_dags/tutorial_objectstorage.py
[2026-01-01T03:35:53.794+0000] {logging_mixin.py:188} INFO - [2026-01-01T03:35:53.794+0000] {dag.py:3089} INFO - Sync 1 DAGs
[2026-01-01T03:35:53.800+0000] {logging_mixin.py:188} INFO - [2026-01-01T03:35:53.800+0000] {dag.py:3947} INFO - Setting next_dagrun for tutorial_objectstorage to None, run_after=None
[2026-01-01T03:35:53.810+0000] {processor.py:183} INFO - Processing /home/airflow/.local/lib/python3.12/site-packages/airflow/example_dags/tutorial_objectstorage.py took 0.038 seconds
[2026-01-01T04:55:53.966+0000] {processor.py:161} INFO - Started process (PID=52021) to work on /home/airflow/.local/lib/python3.12/site-packages/airflow/example_dags/tutorial_objectstorage.py
[2026-01-01T04:55:53.967+0000] {processor.py:830} INFO - Processing file /home/airflow/.local/lib/python3.12/site-packages/airflow/example_dags/tutorial_objectstorage.py for tasks to queue
[2026-01-01T04:55:53.968+0000] {logging_mixin.py:188} INFO - [2026-01-01T04:55:53.967+0000] {dagbag.py:545} INFO - Filling up the DagBag from /home/airflow/.local/lib/python3.12/site-packages/airflow/example_dags/tutorial_objectstorage.py
[2026-01-01T04:55:53.972+0000] {processor.py:840} INFO - DAG(s) 'tutorial_objectstorage' retrieved from /home/airflow/.local/lib/python3.12/site-packages/airflow/example_dags/tutorial_objectstorage.py
[2026-01-01T04:55:53.984+0000] {logging_mixin.py:188} INFO - [2026-01-01T04:55:53.984+0000] {dag.py:3089} INFO - Sync 1 DAGs
[2026-01-01T04:55:53.997+0000] {logging_mixin.py:188} INFO - [2026-01-01T04:55:53.997+0000] {dag.py:3947} INFO - Setting next_dagrun for tutorial_objectstorage to None, run_after=None
[2026-01-01T04:55:54.005+0000] {processor.py:183} INFO - Processing /home/airflow/.local/lib/python3.12/site-packages/airflow/example_dags/tutorial_objectstorage.py took 0.042 seconds
[2026-01-01T06:07:22.116+0000] {processor.py:161} INFO - Started process (PID=52080) to work on /home/airflow/.local/lib/python3.12/site-packages/airflow/example_dags/tutorial_objectstorage.py
[2026-01-01T06:07:22.117+0000] {processor.py:830} INFO - Processing file /home/airflow/.local/lib/python3.12/site-packages/airflow/example_dags/tutorial_objectstorage.py for tasks to queue
[2026-01-01T06:07:22.117+0000] {logging_mixin.py:188} INFO - [2026-01-01T06:07:22.117+0000] {dagbag.py:545} INFO - Filling up the DagBag from /home/airflow/.local/lib/python3.12/site-packages/airflow/example_dags/tutorial_objectstorage.py
[2026-01-01T06:07:22.123+0000] {processor.py:840} INFO - DAG(s) 'tutorial_objectstorage' retrieved from /home/airflow/.local/lib/python3.12/site-packages/airflow/example_dags/tutorial_objectstorage.py
[2026-01-01T06:07:22.137+0000] {logging_mixin.py:188} INFO - [2026-01-01T06:07:22.136+0000] {dag.py:3089} INFO - Sync 1 DAGs
[2026-01-01T06:07:22.142+0000] {logging_mixin.py:188} INFO - [2026-01-01T06:07:22.142+0000] {dag.py:3947} INFO - Setting next_dagrun for tutorial_objectstorage to None, run_after=None
[2026-01-01T06:07:22.150+0000] {processor.py:183} INFO - Processing /home/airflow/.local/lib/python3.12/site-packages/airflow/example_dags/tutorial_objectstorage.py took 0.037 seconds
[2026-01-01T07:40:36.275+0000] {processor.py:161} INFO - Started process (PID=52139) to work on /home/airflow/.local/lib/python3.12/site-packages/airflow/example_dags/tutorial_objectstorage.py
[2026-01-01T07:40:36.275+0000] {processor.py:830} INFO - Processing file /home/airflow/.local/lib/python3.12/site-packages/airflow/example_dags/tutorial_objectstorage.py for tasks to queue
[2026-01-01T07:40:36.276+0000] {logging_mixin.py:188} INFO - [2026-01-01T07:40:36.276+0000] {dagbag.py:545} INFO - Filling up the DagBag from /home/airflow/.local/lib/python3.12/site-packages/airflow/example_dags/tutorial_objectstorage.py
[2026-01-01T07:40:36.281+0000] {processor.py:840} INFO - DAG(s) 'tutorial_objectstorage' retrieved from /home/airflow/.local/lib/python3.12/site-packages/airflow/example_dags/tutorial_objectstorage.py
[2026-01-01T07:40:36.292+0000] {logging_mixin.py:188} INFO - [2026-01-01T07:40:36.292+0000] {dag.py:3089} INFO - Sync 1 DAGs
[2026-01-01T07:40:36.297+0000] {logging_mixin.py:188} INFO - [2026-01-01T07:40:36.297+0000] {dag.py:3947} INFO - Setting next_dagrun for tutorial_objectstorage to None, run_after=None
[2026-01-01T07:40:36.307+0000] {processor.py:183} INFO - Processing /home/airflow/.local/lib/python3.12/site-packages/airflow/example_dags/tutorial_objectstorage.py took 0.035 seconds
[2026-01-01T08:44:36.194+0000] {processor.py:161} INFO - Started process (PID=52198) to work on /home/airflow/.local/lib/python3.12/site-packages/airflow/example_dags/tutorial_objectstorage.py
[2026-01-01T08:44:36.195+0000] {processor.py:830} INFO - Processing file /home/airflow/.local/lib/python3.12/site-packages/airflow/example_dags/tutorial_objectstorage.py for tasks to queue
[2026-01-01T08:44:36.195+0000] {logging_mixin.py:188} INFO - [2026-01-01T08:44:36.195+0000] {dagbag.py:545} INFO - Filling up the DagBag from /home/airflow/.local/lib/python3.12/site-packages/airflow/example_dags/tutorial_objectstorage.py
[2026-01-01T08:44:36.202+0000] {processor.py:840} INFO - DAG(s) 'tutorial_objectstorage' retrieved from /home/airflow/.local/lib/python3.12/site-packages/airflow/example_dags/tutorial_objectstorage.py
[2026-01-01T08:44:36.210+0000] {logging_mixin.py:188} INFO - [2026-01-01T08:44:36.210+0000] {dag.py:3089} INFO - Sync 1 DAGs
[2026-01-01T08:44:36.215+0000] {logging_mixin.py:188} INFO - [2026-01-01T08:44:36.215+0000] {dag.py:3947} INFO - Setting next_dagrun for tutorial_objectstorage to None, run_after=None
[2026-01-01T08:44:36.222+0000] {processor.py:183} INFO - Processing /home/airflow/.local/lib/python3.12/site-packages/airflow/example_dags/tutorial_objectstorage.py took 0.031 seconds
[2026-01-01T09:57:57.360+0000] {processor.py:161} INFO - Started process (PID=52257) to work on /home/airflow/.local/lib/python3.12/site-packages/airflow/example_dags/tutorial_objectstorage.py
[2026-01-01T09:57:57.361+0000] {processor.py:830} INFO - Processing file /home/airflow/.local/lib/python3.12/site-packages/airflow/example_dags/tutorial_objectstorage.py for tasks to queue
[2026-01-01T09:57:57.361+0000] {logging_mixin.py:188} INFO - [2026-01-01T09:57:57.361+0000] {dagbag.py:545} INFO - Filling up the DagBag from /home/airflow/.local/lib/python3.12/site-packages/airflow/example_dags/tutorial_objectstorage.py
[2026-01-01T09:57:57.364+0000] {processor.py:840} INFO - DAG(s) 'tutorial_objectstorage' retrieved from /home/airflow/.local/lib/python3.12/site-packages/airflow/example_dags/tutorial_objectstorage.py
[2026-01-01T09:57:57.372+0000] {logging_mixin.py:188} INFO - [2026-01-01T09:57:57.372+0000] {dag.py:3089} INFO - Sync 1 DAGs
[2026-01-01T09:57:57.377+0000] {logging_mixin.py:188} INFO - [2026-01-01T09:57:57.377+0000] {dag.py:3947} INFO - Setting next_dagrun for tutorial_objectstorage to None, run_after=None
[2026-01-01T09:57:57.383+0000] {processor.py:183} INFO - Processing /home/airflow/.local/lib/python3.12/site-packages/airflow/example_dags/tutorial_objectstorage.py took 0.025 seconds
[2026-01-01T11:12:22.409+0000] {processor.py:161} INFO - Started process (PID=52316) to work on /home/airflow/.local/lib/python3.12/site-packages/airflow/example_dags/tutorial_objectstorage.py
[2026-01-01T11:12:22.410+0000] {processor.py:830} INFO - Processing file /home/airflow/.local/lib/python3.12/site-packages/airflow/example_dags/tutorial_objectstorage.py for tasks to queue
[2026-01-01T11:12:22.411+0000] {logging_mixin.py:188} INFO - [2026-01-01T11:12:22.411+0000] {dagbag.py:545} INFO - Filling up the DagBag from /home/airflow/.local/lib/python3.12/site-packages/airflow/example_dags/tutorial_objectstorage.py
[2026-01-01T11:12:22.415+0000] {processor.py:840} INFO - DAG(s) 'tutorial_objectstorage' retrieved from /home/airflow/.local/lib/python3.12/site-packages/airflow/example_dags/tutorial_objectstorage.py
[2026-01-01T11:12:22.428+0000] {logging_mixin.py:188} INFO - [2026-01-01T11:12:22.427+0000] {dag.py:3089} INFO - Sync 1 DAGs
[2026-01-01T11:12:22.433+0000] {logging_mixin.py:188} INFO - [2026-01-01T11:12:22.433+0000] {dag.py:3947} INFO - Setting next_dagrun for tutorial_objectstorage to None, run_after=None
[2026-01-01T11:12:22.446+0000] {processor.py:183} INFO - Processing /home/airflow/.local/lib/python3.12/site-packages/airflow/example_dags/tutorial_objectstorage.py took 0.040 seconds
[2026-01-01T12:13:29.246+0000] {processor.py:161} INFO - Started process (PID=52375) to work on /home/airflow/.local/lib/python3.12/site-packages/airflow/example_dags/tutorial_objectstorage.py
[2026-01-01T12:13:29.247+0000] {processor.py:830} INFO - Processing file /home/airflow/.local/lib/python3.12/site-packages/airflow/example_dags/tutorial_objectstorage.py for tasks to queue
[2026-01-01T12:13:29.247+0000] {logging_mixin.py:188} INFO - [2026-01-01T12:13:29.247+0000] {dagbag.py:545} INFO - Filling up the DagBag from /home/airflow/.local/lib/python3.12/site-packages/airflow/example_dags/tutorial_objectstorage.py
[2026-01-01T12:13:29.251+0000] {processor.py:840} INFO - DAG(s) 'tutorial_objectstorage' retrieved from /home/airflow/.local/lib/python3.12/site-packages/airflow/example_dags/tutorial_objectstorage.py
[2026-01-01T12:13:29.262+0000] {logging_mixin.py:188} INFO - [2026-01-01T12:13:29.262+0000] {dag.py:3089} INFO - Sync 1 DAGs
[2026-01-01T12:13:29.267+0000] {logging_mixin.py:188} INFO - [2026-01-01T12:13:29.267+0000] {dag.py:3947} INFO - Setting next_dagrun for tutorial_objectstorage to None, run_after=None
[2026-01-01T12:13:29.276+0000] {processor.py:183} INFO - Processing /home/airflow/.local/lib/python3.12/site-packages/airflow/example_dags/tutorial_objectstorage.py took 0.033 seconds
[2026-01-01T13:31:41.574+0000] {processor.py:161} INFO - Started process (PID=52434) to work on /home/airflow/.local/lib/python3.12/site-packages/airflow/example_dags/tutorial_objectstorage.py
[2026-01-01T13:31:41.574+0000] {processor.py:830} INFO - Processing file /home/airflow/.local/lib/python3.12/site-packages/airflow/example_dags/tutorial_objectstorage.py for tasks to queue
[2026-01-01T13:31:41.575+0000] {logging_mixin.py:188} INFO - [2026-01-01T13:31:41.574+0000] {dagbag.py:545} INFO - Filling up the DagBag from /home/airflow/.local/lib/python3.12/site-packages/airflow/example_dags/tutorial_objectstorage.py
[2026-01-01T13:31:41.578+0000] {processor.py:840} INFO - DAG(s) 'tutorial_objectstorage' retrieved from /home/airflow/.local/lib/python3.12/site-packages/airflow/example_dags/tutorial_objectstorage.py
[2026-01-01T13:31:41.587+0000] {logging_mixin.py:188} INFO - [2026-01-01T13:31:41.586+0000] {dag.py:3089} INFO - Sync 1 DAGs
[2026-01-01T13:31:41.592+0000] {logging_mixin.py:188} INFO - [2026-01-01T13:31:41.592+0000] {dag.py:3947} INFO - Setting next_dagrun for tutorial_objectstorage to None, run_after=None
[2026-01-01T13:31:41.601+0000] {processor.py:183} INFO - Processing /home/airflow/.local/lib/python3.12/site-packages/airflow/example_dags/tutorial_objectstorage.py took 0.032 seconds
[2026-01-01T15:05:24.291+0000] {processor.py:161} INFO - Started process (PID=52493) to work on /home/airflow/.local/lib/python3.12/site-packages/airflow/example_dags/tutorial_objectstorage.py
[2026-01-01T15:05:24.291+0000] {processor.py:830} INFO - Processing file /home/airflow/.local/lib/python3.12/site-packages/airflow/example_dags/tutorial_objectstorage.py for tasks to queue
[2026-01-01T15:05:24.292+0000] {logging_mixin.py:188} INFO - [2026-01-01T15:05:24.292+0000] {dagbag.py:545} INFO - Filling up the DagBag from /home/airflow/.local/lib/python3.12/site-packages/airflow/example_dags/tutorial_objectstorage.py
[2026-01-01T15:05:24.296+0000] {processor.py:840} INFO - DAG(s) 'tutorial_objectstorage' retrieved from /home/airflow/.local/lib/python3.12/site-packages/airflow/example_dags/tutorial_objectstorage.py
[2026-01-01T15:05:24.307+0000] {logging_mixin.py:188} INFO - [2026-01-01T15:05:24.307+0000] {dag.py:3089} INFO - Sync 1 DAGs
[2026-01-01T15:05:24.312+0000] {logging_mixin.py:188} INFO - [2026-01-01T15:05:24.312+0000] {dag.py:3947} INFO - Setting next_dagrun for tutorial_objectstorage to None, run_after=None
[2026-01-01T15:05:24.324+0000] {processor.py:183} INFO - Processing /home/airflow/.local/lib/python3.12/site-packages/airflow/example_dags/tutorial_objectstorage.py took 0.035 seconds
[2026-01-01T16:17:20.169+0000] {processor.py:161} INFO - Started process (PID=52552) to work on /home/airflow/.local/lib/python3.12/site-packages/airflow/example_dags/tutorial_objectstorage.py
[2026-01-01T16:17:20.169+0000] {processor.py:830} INFO - Processing file /home/airflow/.local/lib/python3.12/site-packages/airflow/example_dags/tutorial_objectstorage.py for tasks to queue
[2026-01-01T16:17:20.169+0000] {logging_mixin.py:188} INFO - [2026-01-01T16:17:20.169+0000] {dagbag.py:545} INFO - Filling up the DagBag from /home/airflow/.local/lib/python3.12/site-packages/airflow/example_dags/tutorial_objectstorage.py
[2026-01-01T16:17:20.174+0000] {processor.py:840} INFO - DAG(s) 'tutorial_objectstorage' retrieved from /home/airflow/.local/lib/python3.12/site-packages/airflow/example_dags/tutorial_objectstorage.py
[2026-01-01T16:17:20.191+0000] {logging_mixin.py:188} INFO - [2026-01-01T16:17:20.191+0000] {dag.py:3089} INFO - Sync 1 DAGs
[2026-01-01T16:17:20.198+0000] {logging_mixin.py:188} INFO - [2026-01-01T16:17:20.198+0000] {dag.py:3947} INFO - Setting next_dagrun for tutorial_objectstorage to None, run_after=None
[2026-01-01T16:17:20.211+0000] {processor.py:183} INFO - Processing /home/airflow/.local/lib/python3.12/site-packages/airflow/example_dags/tutorial_objectstorage.py took 0.046 seconds
[2026-01-01T17:14:39.089+0000] {processor.py:161} INFO - Started process (PID=52611) to work on /home/airflow/.local/lib/python3.12/site-packages/airflow/example_dags/tutorial_objectstorage.py
[2026-01-01T17:14:39.090+0000] {processor.py:830} INFO - Processing file /home/airflow/.local/lib/python3.12/site-packages/airflow/example_dags/tutorial_objectstorage.py for tasks to queue
[2026-01-01T17:14:39.091+0000] {logging_mixin.py:188} INFO - [2026-01-01T17:14:39.091+0000] {dagbag.py:545} INFO - Filling up the DagBag from /home/airflow/.local/lib/python3.12/site-packages/airflow/example_dags/tutorial_objectstorage.py
[2026-01-01T17:14:39.096+0000] {processor.py:840} INFO - DAG(s) 'tutorial_objectstorage' retrieved from /home/airflow/.local/lib/python3.12/site-packages/airflow/example_dags/tutorial_objectstorage.py
[2026-01-01T17:14:39.106+0000] {logging_mixin.py:188} INFO - [2026-01-01T17:14:39.106+0000] {dag.py:3089} INFO - Sync 1 DAGs
[2026-01-01T17:14:39.112+0000] {logging_mixin.py:188} INFO - [2026-01-01T17:14:39.112+0000] {dag.py:3947} INFO - Setting next_dagrun for tutorial_objectstorage to None, run_after=None
[2026-01-01T17:14:39.123+0000] {processor.py:183} INFO - Processing /home/airflow/.local/lib/python3.12/site-packages/airflow/example_dags/tutorial_objectstorage.py took 0.037 seconds
[2026-01-01T18:19:23.639+0000] {processor.py:161} INFO - Started process (PID=52670) to work on /home/airflow/.local/lib/python3.12/site-packages/airflow/example_dags/tutorial_objectstorage.py
[2026-01-01T18:19:23.642+0000] {processor.py:830} INFO - Processing file /home/airflow/.local/lib/python3.12/site-packages/airflow/example_dags/tutorial_objectstorage.py for tasks to queue
[2026-01-01T18:19:23.643+0000] {logging_mixin.py:188} INFO - [2026-01-01T18:19:23.643+0000] {dagbag.py:545} INFO - Filling up the DagBag from /home/airflow/.local/lib/python3.12/site-packages/airflow/example_dags/tutorial_objectstorage.py
[2026-01-01T18:19:23.647+0000] {processor.py:840} INFO - DAG(s) 'tutorial_objectstorage' retrieved from /home/airflow/.local/lib/python3.12/site-packages/airflow/example_dags/tutorial_objectstorage.py
[2026-01-01T18:19:23.656+0000] {logging_mixin.py:188} INFO - [2026-01-01T18:19:23.656+0000] {dag.py:3089} INFO - Sync 1 DAGs
[2026-01-01T18:19:23.663+0000] {logging_mixin.py:188} INFO - [2026-01-01T18:19:23.663+0000] {dag.py:3947} INFO - Setting next_dagrun for tutorial_objectstorage to None, run_after=None
[2026-01-01T18:19:23.672+0000] {processor.py:183} INFO - Processing /home/airflow/.local/lib/python3.12/site-packages/airflow/example_dags/tutorial_objectstorage.py took 0.036 seconds
[2026-01-01T19:35:31.617+0000] {processor.py:161} INFO - Started process (PID=52729) to work on /home/airflow/.local/lib/python3.12/site-packages/airflow/example_dags/tutorial_objectstorage.py
[2026-01-01T19:35:31.618+0000] {processor.py:830} INFO - Processing file /home/airflow/.local/lib/python3.12/site-packages/airflow/example_dags/tutorial_objectstorage.py for tasks to queue
[2026-01-01T19:35:31.618+0000] {logging_mixin.py:188} INFO - [2026-01-01T19:35:31.618+0000] {dagbag.py:545} INFO - Filling up the DagBag from /home/airflow/.local/lib/python3.12/site-packages/airflow/example_dags/tutorial_objectstorage.py
[2026-01-01T19:35:31.626+0000] {processor.py:840} INFO - DAG(s) 'tutorial_objectstorage' retrieved from /home/airflow/.local/lib/python3.12/site-packages/airflow/example_dags/tutorial_objectstorage.py
[2026-01-01T19:35:31.637+0000] {logging_mixin.py:188} INFO - [2026-01-01T19:35:31.637+0000] {dag.py:3089} INFO - Sync 1 DAGs
[2026-01-01T19:35:31.643+0000] {logging_mixin.py:188} INFO - [2026-01-01T19:35:31.643+0000] {dag.py:3947} INFO - Setting next_dagrun for tutorial_objectstorage to None, run_after=None
[2026-01-01T19:35:31.650+0000] {processor.py:183} INFO - Processing /home/airflow/.local/lib/python3.12/site-packages/airflow/example_dags/tutorial_objectstorage.py took 0.035 seconds
[2026-01-01T20:54:40.490+0000] {processor.py:161} INFO - Started process (PID=52788) to work on /home/airflow/.local/lib/python3.12/site-packages/airflow/example_dags/tutorial_objectstorage.py
[2026-01-01T20:54:40.490+0000] {processor.py:830} INFO - Processing file /home/airflow/.local/lib/python3.12/site-packages/airflow/example_dags/tutorial_objectstorage.py for tasks to queue
[2026-01-01T20:54:40.491+0000] {logging_mixin.py:188} INFO - [2026-01-01T20:54:40.491+0000] {dagbag.py:545} INFO - Filling up the DagBag from /home/airflow/.local/lib/python3.12/site-packages/airflow/example_dags/tutorial_objectstorage.py
[2026-01-01T20:54:40.496+0000] {processor.py:840} INFO - DAG(s) 'tutorial_objectstorage' retrieved from /home/airflow/.local/lib/python3.12/site-packages/airflow/example_dags/tutorial_objectstorage.py
[2026-01-01T20:54:40.505+0000] {logging_mixin.py:188} INFO - [2026-01-01T20:54:40.505+0000] {dag.py:3089} INFO - Sync 1 DAGs
[2026-01-01T20:54:40.510+0000] {logging_mixin.py:188} INFO - [2026-01-01T20:54:40.510+0000] {dag.py:3947} INFO - Setting next_dagrun for tutorial_objectstorage to None, run_after=None
[2026-01-01T20:54:40.517+0000] {processor.py:183} INFO - Processing /home/airflow/.local/lib/python3.12/site-packages/airflow/example_dags/tutorial_objectstorage.py took 0.030 seconds
[2026-01-01T22:37:22.501+0000] {processor.py:161} INFO - Started process (PID=52847) to work on /home/airflow/.local/lib/python3.12/site-packages/airflow/example_dags/tutorial_objectstorage.py
[2026-01-01T22:37:22.501+0000] {processor.py:830} INFO - Processing file /home/airflow/.local/lib/python3.12/site-packages/airflow/example_dags/tutorial_objectstorage.py for tasks to queue
[2026-01-01T22:37:22.501+0000] {logging_mixin.py:188} INFO - [2026-01-01T22:37:22.501+0000] {dagbag.py:545} INFO - Filling up the DagBag from /home/airflow/.local/lib/python3.12/site-packages/airflow/example_dags/tutorial_objectstorage.py
[2026-01-01T22:37:22.505+0000] {processor.py:840} INFO - DAG(s) 'tutorial_objectstorage' retrieved from /home/airflow/.local/lib/python3.12/site-packages/airflow/example_dags/tutorial_objectstorage.py
[2026-01-01T22:37:22.513+0000] {logging_mixin.py:188} INFO - [2026-01-01T22:37:22.513+0000] {dag.py:3089} INFO - Sync 1 DAGs
[2026-01-01T22:37:22.518+0000] {logging_mixin.py:188} INFO - [2026-01-01T22:37:22.518+0000] {dag.py:3947} INFO - Setting next_dagrun for tutorial_objectstorage to None, run_after=None
[2026-01-01T22:37:22.524+0000] {processor.py:183} INFO - Processing /home/airflow/.local/lib/python3.12/site-packages/airflow/example_dags/tutorial_objectstorage.py took 0.026 seconds
[2026-01-01T23:54:04.411+0000] {processor.py:161} INFO - Started process (PID=52906) to work on /home/airflow/.local/lib/python3.12/site-packages/airflow/example_dags/tutorial_objectstorage.py
[2026-01-01T23:54:04.412+0000] {processor.py:830} INFO - Processing file /home/airflow/.local/lib/python3.12/site-packages/airflow/example_dags/tutorial_objectstorage.py for tasks to queue
[2026-01-01T23:54:04.412+0000] {logging_mixin.py:188} INFO - [2026-01-01T23:54:04.412+0000] {dagbag.py:545} INFO - Filling up the DagBag from /home/airflow/.local/lib/python3.12/site-packages/airflow/example_dags/tutorial_objectstorage.py
[2026-01-01T23:54:04.418+0000] {processor.py:840} INFO - DAG(s) 'tutorial_objectstorage' retrieved from /home/airflow/.local/lib/python3.12/site-packages/airflow/example_dags/tutorial_objectstorage.py
[2026-01-01T23:54:04.430+0000] {logging_mixin.py:188} INFO - [2026-01-01T23:54:04.429+0000] {dag.py:3089} INFO - Sync 1 DAGs
[2026-01-01T23:54:04.439+0000] {logging_mixin.py:188} INFO - [2026-01-01T23:54:04.439+0000] {dag.py:3947} INFO - Setting next_dagrun for tutorial_objectstorage to None, run_after=None
[2026-01-01T23:54:04.451+0000] {processor.py:183} INFO - Processing /home/airflow/.local/lib/python3.12/site-packages/airflow/example_dags/tutorial_objectstorage.py took 0.043 seconds
