[2026-01-01T01:03:22.974+0000] {processor.py:161} INFO - Started process (PID=51833) to work on /home/airflow/.local/lib/python3.12/site-packages/airflow/example_dags/tutorial.py
[2026-01-01T01:03:22.976+0000] {processor.py:830} INFO - Processing file /home/airflow/.local/lib/python3.12/site-packages/airflow/example_dags/tutorial.py for tasks to queue
[2026-01-01T01:03:22.977+0000] {logging_mixin.py:188} INFO - [2026-01-01T01:03:22.976+0000] {dagbag.py:545} INFO - Filling up the DagBag from /home/airflow/.local/lib/python3.12/site-packages/airflow/example_dags/tutorial.py
[2026-01-01T01:03:22.981+0000] {processor.py:840} INFO - DAG(s) 'tutorial' retrieved from /home/airflow/.local/lib/python3.12/site-packages/airflow/example_dags/tutorial.py
[2026-01-01T01:03:22.994+0000] {logging_mixin.py:188} INFO - [2026-01-01T01:03:22.993+0000] {dag.py:3089} INFO - Sync 1 DAGs
[2026-01-01T01:03:23.004+0000] {logging_mixin.py:188} INFO - [2026-01-01T01:03:23.004+0000] {dag.py:3947} INFO - Setting next_dagrun for tutorial to 2025-12-31 00:00:00+00:00, run_after=2026-01-01 00:00:00+00:00
[2026-01-01T01:03:23.015+0000] {processor.py:183} INFO - Processing /home/airflow/.local/lib/python3.12/site-packages/airflow/example_dags/tutorial.py took 0.043 seconds
[2026-01-01T02:01:02.115+0000] {processor.py:161} INFO - Started process (PID=51892) to work on /home/airflow/.local/lib/python3.12/site-packages/airflow/example_dags/tutorial.py
[2026-01-01T02:01:02.115+0000] {processor.py:830} INFO - Processing file /home/airflow/.local/lib/python3.12/site-packages/airflow/example_dags/tutorial.py for tasks to queue
[2026-01-01T02:01:02.116+0000] {logging_mixin.py:188} INFO - [2026-01-01T02:01:02.115+0000] {dagbag.py:545} INFO - Filling up the DagBag from /home/airflow/.local/lib/python3.12/site-packages/airflow/example_dags/tutorial.py
[2026-01-01T02:01:02.120+0000] {processor.py:840} INFO - DAG(s) 'tutorial' retrieved from /home/airflow/.local/lib/python3.12/site-packages/airflow/example_dags/tutorial.py
[2026-01-01T02:01:02.128+0000] {logging_mixin.py:188} INFO - [2026-01-01T02:01:02.128+0000] {dag.py:3089} INFO - Sync 1 DAGs
[2026-01-01T02:01:02.138+0000] {logging_mixin.py:188} INFO - [2026-01-01T02:01:02.138+0000] {dag.py:3947} INFO - Setting next_dagrun for tutorial to 2025-12-31 00:00:00+00:00, run_after=2026-01-01 00:00:00+00:00
[2026-01-01T02:01:02.144+0000] {processor.py:183} INFO - Processing /home/airflow/.local/lib/python3.12/site-packages/airflow/example_dags/tutorial.py took 0.032 seconds
[2026-01-01T03:35:53.513+0000] {processor.py:161} INFO - Started process (PID=51951) to work on /home/airflow/.local/lib/python3.12/site-packages/airflow/example_dags/tutorial.py
[2026-01-01T03:35:53.516+0000] {processor.py:830} INFO - Processing file /home/airflow/.local/lib/python3.12/site-packages/airflow/example_dags/tutorial.py for tasks to queue
[2026-01-01T03:35:53.516+0000] {logging_mixin.py:188} INFO - [2026-01-01T03:35:53.516+0000] {dagbag.py:545} INFO - Filling up the DagBag from /home/airflow/.local/lib/python3.12/site-packages/airflow/example_dags/tutorial.py
[2026-01-01T03:35:53.520+0000] {processor.py:840} INFO - DAG(s) 'tutorial' retrieved from /home/airflow/.local/lib/python3.12/site-packages/airflow/example_dags/tutorial.py
[2026-01-01T03:35:53.531+0000] {logging_mixin.py:188} INFO - [2026-01-01T03:35:53.531+0000] {dag.py:3089} INFO - Sync 1 DAGs
[2026-01-01T03:35:53.539+0000] {logging_mixin.py:188} INFO - [2026-01-01T03:35:53.539+0000] {dag.py:3947} INFO - Setting next_dagrun for tutorial to 2025-12-31 00:00:00+00:00, run_after=2026-01-01 00:00:00+00:00
[2026-01-01T03:35:53.546+0000] {processor.py:183} INFO - Processing /home/airflow/.local/lib/python3.12/site-packages/airflow/example_dags/tutorial.py took 0.035 seconds
[2026-01-01T04:55:53.479+0000] {processor.py:161} INFO - Started process (PID=52011) to work on /home/airflow/.local/lib/python3.12/site-packages/airflow/example_dags/tutorial.py
[2026-01-01T04:55:53.480+0000] {processor.py:830} INFO - Processing file /home/airflow/.local/lib/python3.12/site-packages/airflow/example_dags/tutorial.py for tasks to queue
[2026-01-01T04:55:53.481+0000] {logging_mixin.py:188} INFO - [2026-01-01T04:55:53.480+0000] {dagbag.py:545} INFO - Filling up the DagBag from /home/airflow/.local/lib/python3.12/site-packages/airflow/example_dags/tutorial.py
[2026-01-01T04:55:53.484+0000] {processor.py:840} INFO - DAG(s) 'tutorial' retrieved from /home/airflow/.local/lib/python3.12/site-packages/airflow/example_dags/tutorial.py
[2026-01-01T04:55:53.497+0000] {logging_mixin.py:188} INFO - [2026-01-01T04:55:53.497+0000] {dag.py:3089} INFO - Sync 1 DAGs
[2026-01-01T04:55:53.509+0000] {logging_mixin.py:188} INFO - [2026-01-01T04:55:53.509+0000] {dag.py:3947} INFO - Setting next_dagrun for tutorial to 2025-12-31 00:00:00+00:00, run_after=2026-01-01 00:00:00+00:00
[2026-01-01T04:55:53.519+0000] {processor.py:183} INFO - Processing /home/airflow/.local/lib/python3.12/site-packages/airflow/example_dags/tutorial.py took 0.043 seconds
[2026-01-01T06:07:21.841+0000] {processor.py:161} INFO - Started process (PID=52070) to work on /home/airflow/.local/lib/python3.12/site-packages/airflow/example_dags/tutorial.py
[2026-01-01T06:07:21.841+0000] {processor.py:830} INFO - Processing file /home/airflow/.local/lib/python3.12/site-packages/airflow/example_dags/tutorial.py for tasks to queue
[2026-01-01T06:07:21.842+0000] {logging_mixin.py:188} INFO - [2026-01-01T06:07:21.842+0000] {dagbag.py:545} INFO - Filling up the DagBag from /home/airflow/.local/lib/python3.12/site-packages/airflow/example_dags/tutorial.py
[2026-01-01T06:07:21.845+0000] {processor.py:840} INFO - DAG(s) 'tutorial' retrieved from /home/airflow/.local/lib/python3.12/site-packages/airflow/example_dags/tutorial.py
[2026-01-01T06:07:21.859+0000] {logging_mixin.py:188} INFO - [2026-01-01T06:07:21.859+0000] {dag.py:3089} INFO - Sync 1 DAGs
[2026-01-01T06:07:21.868+0000] {logging_mixin.py:188} INFO - [2026-01-01T06:07:21.868+0000] {dag.py:3947} INFO - Setting next_dagrun for tutorial to 2025-12-31 00:00:00+00:00, run_after=2026-01-01 00:00:00+00:00
[2026-01-01T06:07:21.876+0000] {processor.py:183} INFO - Processing /home/airflow/.local/lib/python3.12/site-packages/airflow/example_dags/tutorial.py took 0.038 seconds
[2026-01-01T07:40:35.969+0000] {processor.py:161} INFO - Started process (PID=52129) to work on /home/airflow/.local/lib/python3.12/site-packages/airflow/example_dags/tutorial.py
[2026-01-01T07:40:35.969+0000] {processor.py:830} INFO - Processing file /home/airflow/.local/lib/python3.12/site-packages/airflow/example_dags/tutorial.py for tasks to queue
[2026-01-01T07:40:35.970+0000] {logging_mixin.py:188} INFO - [2026-01-01T07:40:35.969+0000] {dagbag.py:545} INFO - Filling up the DagBag from /home/airflow/.local/lib/python3.12/site-packages/airflow/example_dags/tutorial.py
[2026-01-01T07:40:35.973+0000] {processor.py:840} INFO - DAG(s) 'tutorial' retrieved from /home/airflow/.local/lib/python3.12/site-packages/airflow/example_dags/tutorial.py
[2026-01-01T07:40:35.993+0000] {logging_mixin.py:188} INFO - [2026-01-01T07:40:35.992+0000] {dag.py:3089} INFO - Sync 1 DAGs
[2026-01-01T07:40:36.007+0000] {logging_mixin.py:188} INFO - [2026-01-01T07:40:36.007+0000] {dag.py:3947} INFO - Setting next_dagrun for tutorial to 2025-12-31 00:00:00+00:00, run_after=2026-01-01 00:00:00+00:00
[2026-01-01T07:40:36.019+0000] {processor.py:183} INFO - Processing /home/airflow/.local/lib/python3.12/site-packages/airflow/example_dags/tutorial.py took 0.053 seconds
[2026-01-01T08:44:35.960+0000] {processor.py:161} INFO - Started process (PID=52188) to work on /home/airflow/.local/lib/python3.12/site-packages/airflow/example_dags/tutorial.py
[2026-01-01T08:44:35.960+0000] {processor.py:830} INFO - Processing file /home/airflow/.local/lib/python3.12/site-packages/airflow/example_dags/tutorial.py for tasks to queue
[2026-01-01T08:44:35.961+0000] {logging_mixin.py:188} INFO - [2026-01-01T08:44:35.960+0000] {dagbag.py:545} INFO - Filling up the DagBag from /home/airflow/.local/lib/python3.12/site-packages/airflow/example_dags/tutorial.py
[2026-01-01T08:44:35.963+0000] {processor.py:840} INFO - DAG(s) 'tutorial' retrieved from /home/airflow/.local/lib/python3.12/site-packages/airflow/example_dags/tutorial.py
[2026-01-01T08:44:35.973+0000] {logging_mixin.py:188} INFO - [2026-01-01T08:44:35.972+0000] {dag.py:3089} INFO - Sync 1 DAGs
[2026-01-01T08:44:35.982+0000] {logging_mixin.py:188} INFO - [2026-01-01T08:44:35.982+0000] {dag.py:3947} INFO - Setting next_dagrun for tutorial to 2025-12-31 00:00:00+00:00, run_after=2026-01-01 00:00:00+00:00
[2026-01-01T08:44:35.991+0000] {processor.py:183} INFO - Processing /home/airflow/.local/lib/python3.12/site-packages/airflow/example_dags/tutorial.py took 0.034 seconds
[2026-01-01T09:57:57.114+0000] {processor.py:161} INFO - Started process (PID=52247) to work on /home/airflow/.local/lib/python3.12/site-packages/airflow/example_dags/tutorial.py
[2026-01-01T09:57:57.114+0000] {processor.py:830} INFO - Processing file /home/airflow/.local/lib/python3.12/site-packages/airflow/example_dags/tutorial.py for tasks to queue
[2026-01-01T09:57:57.114+0000] {logging_mixin.py:188} INFO - [2026-01-01T09:57:57.114+0000] {dagbag.py:545} INFO - Filling up the DagBag from /home/airflow/.local/lib/python3.12/site-packages/airflow/example_dags/tutorial.py
[2026-01-01T09:57:57.117+0000] {processor.py:840} INFO - DAG(s) 'tutorial' retrieved from /home/airflow/.local/lib/python3.12/site-packages/airflow/example_dags/tutorial.py
[2026-01-01T09:57:57.130+0000] {logging_mixin.py:188} INFO - [2026-01-01T09:57:57.129+0000] {dag.py:3089} INFO - Sync 1 DAGs
[2026-01-01T09:57:57.139+0000] {logging_mixin.py:188} INFO - [2026-01-01T09:57:57.139+0000] {dag.py:3947} INFO - Setting next_dagrun for tutorial to 2025-12-31 00:00:00+00:00, run_after=2026-01-01 00:00:00+00:00
[2026-01-01T09:57:57.147+0000] {processor.py:183} INFO - Processing /home/airflow/.local/lib/python3.12/site-packages/airflow/example_dags/tutorial.py took 0.036 seconds
[2026-01-01T11:12:22.154+0000] {processor.py:161} INFO - Started process (PID=52306) to work on /home/airflow/.local/lib/python3.12/site-packages/airflow/example_dags/tutorial.py
[2026-01-01T11:12:22.155+0000] {processor.py:830} INFO - Processing file /home/airflow/.local/lib/python3.12/site-packages/airflow/example_dags/tutorial.py for tasks to queue
[2026-01-01T11:12:22.155+0000] {logging_mixin.py:188} INFO - [2026-01-01T11:12:22.155+0000] {dagbag.py:545} INFO - Filling up the DagBag from /home/airflow/.local/lib/python3.12/site-packages/airflow/example_dags/tutorial.py
[2026-01-01T11:12:22.158+0000] {processor.py:840} INFO - DAG(s) 'tutorial' retrieved from /home/airflow/.local/lib/python3.12/site-packages/airflow/example_dags/tutorial.py
[2026-01-01T11:12:22.169+0000] {logging_mixin.py:188} INFO - [2026-01-01T11:12:22.169+0000] {dag.py:3089} INFO - Sync 1 DAGs
[2026-01-01T11:12:22.180+0000] {logging_mixin.py:188} INFO - [2026-01-01T11:12:22.180+0000] {dag.py:3947} INFO - Setting next_dagrun for tutorial to 2025-12-31 00:00:00+00:00, run_after=2026-01-01 00:00:00+00:00
[2026-01-01T11:12:22.192+0000] {processor.py:183} INFO - Processing /home/airflow/.local/lib/python3.12/site-packages/airflow/example_dags/tutorial.py took 0.040 seconds
[2026-01-01T12:13:28.972+0000] {processor.py:161} INFO - Started process (PID=52365) to work on /home/airflow/.local/lib/python3.12/site-packages/airflow/example_dags/tutorial.py
[2026-01-01T12:13:28.974+0000] {processor.py:830} INFO - Processing file /home/airflow/.local/lib/python3.12/site-packages/airflow/example_dags/tutorial.py for tasks to queue
[2026-01-01T12:13:28.974+0000] {logging_mixin.py:188} INFO - [2026-01-01T12:13:28.974+0000] {dagbag.py:545} INFO - Filling up the DagBag from /home/airflow/.local/lib/python3.12/site-packages/airflow/example_dags/tutorial.py
[2026-01-01T12:13:28.979+0000] {processor.py:840} INFO - DAG(s) 'tutorial' retrieved from /home/airflow/.local/lib/python3.12/site-packages/airflow/example_dags/tutorial.py
[2026-01-01T12:13:28.993+0000] {logging_mixin.py:188} INFO - [2026-01-01T12:13:28.993+0000] {dag.py:3089} INFO - Sync 1 DAGs
[2026-01-01T12:13:29.004+0000] {logging_mixin.py:188} INFO - [2026-01-01T12:13:29.004+0000] {dag.py:3947} INFO - Setting next_dagrun for tutorial to 2025-12-31 00:00:00+00:00, run_after=2026-01-01 00:00:00+00:00
[2026-01-01T12:13:29.013+0000] {processor.py:183} INFO - Processing /home/airflow/.local/lib/python3.12/site-packages/airflow/example_dags/tutorial.py took 0.045 seconds
[2026-01-01T13:31:41.275+0000] {processor.py:161} INFO - Started process (PID=52424) to work on /home/airflow/.local/lib/python3.12/site-packages/airflow/example_dags/tutorial.py
[2026-01-01T13:31:41.275+0000] {processor.py:830} INFO - Processing file /home/airflow/.local/lib/python3.12/site-packages/airflow/example_dags/tutorial.py for tasks to queue
[2026-01-01T13:31:41.276+0000] {logging_mixin.py:188} INFO - [2026-01-01T13:31:41.275+0000] {dagbag.py:545} INFO - Filling up the DagBag from /home/airflow/.local/lib/python3.12/site-packages/airflow/example_dags/tutorial.py
[2026-01-01T13:31:41.279+0000] {processor.py:840} INFO - DAG(s) 'tutorial' retrieved from /home/airflow/.local/lib/python3.12/site-packages/airflow/example_dags/tutorial.py
[2026-01-01T13:31:41.287+0000] {logging_mixin.py:188} INFO - [2026-01-01T13:31:41.287+0000] {dag.py:3089} INFO - Sync 1 DAGs
[2026-01-01T13:31:41.296+0000] {logging_mixin.py:188} INFO - [2026-01-01T13:31:41.296+0000] {dag.py:3947} INFO - Setting next_dagrun for tutorial to 2025-12-31 00:00:00+00:00, run_after=2026-01-01 00:00:00+00:00
[2026-01-01T13:31:41.302+0000] {processor.py:183} INFO - Processing /home/airflow/.local/lib/python3.12/site-packages/airflow/example_dags/tutorial.py took 0.031 seconds
[2026-01-01T15:05:24.016+0000] {processor.py:161} INFO - Started process (PID=52483) to work on /home/airflow/.local/lib/python3.12/site-packages/airflow/example_dags/tutorial.py
[2026-01-01T15:05:24.018+0000] {processor.py:830} INFO - Processing file /home/airflow/.local/lib/python3.12/site-packages/airflow/example_dags/tutorial.py for tasks to queue
[2026-01-01T15:05:24.020+0000] {logging_mixin.py:188} INFO - [2026-01-01T15:05:24.019+0000] {dagbag.py:545} INFO - Filling up the DagBag from /home/airflow/.local/lib/python3.12/site-packages/airflow/example_dags/tutorial.py
[2026-01-01T15:05:24.023+0000] {processor.py:840} INFO - DAG(s) 'tutorial' retrieved from /home/airflow/.local/lib/python3.12/site-packages/airflow/example_dags/tutorial.py
[2026-01-01T15:05:24.038+0000] {logging_mixin.py:188} INFO - [2026-01-01T15:05:24.038+0000] {dag.py:3089} INFO - Sync 1 DAGs
[2026-01-01T15:05:24.048+0000] {logging_mixin.py:188} INFO - [2026-01-01T15:05:24.048+0000] {dag.py:3947} INFO - Setting next_dagrun for tutorial to 2025-12-31 00:00:00+00:00, run_after=2026-01-01 00:00:00+00:00
[2026-01-01T15:05:24.058+0000] {processor.py:183} INFO - Processing /home/airflow/.local/lib/python3.12/site-packages/airflow/example_dags/tutorial.py took 0.045 seconds
[2026-01-01T16:17:19.866+0000] {processor.py:161} INFO - Started process (PID=52542) to work on /home/airflow/.local/lib/python3.12/site-packages/airflow/example_dags/tutorial.py
[2026-01-01T16:17:19.867+0000] {processor.py:830} INFO - Processing file /home/airflow/.local/lib/python3.12/site-packages/airflow/example_dags/tutorial.py for tasks to queue
[2026-01-01T16:17:19.868+0000] {logging_mixin.py:188} INFO - [2026-01-01T16:17:19.867+0000] {dagbag.py:545} INFO - Filling up the DagBag from /home/airflow/.local/lib/python3.12/site-packages/airflow/example_dags/tutorial.py
[2026-01-01T16:17:19.870+0000] {processor.py:840} INFO - DAG(s) 'tutorial' retrieved from /home/airflow/.local/lib/python3.12/site-packages/airflow/example_dags/tutorial.py
[2026-01-01T16:17:19.886+0000] {logging_mixin.py:188} INFO - [2026-01-01T16:17:19.886+0000] {dag.py:3089} INFO - Sync 1 DAGs
[2026-01-01T16:17:19.896+0000] {logging_mixin.py:188} INFO - [2026-01-01T16:17:19.895+0000] {dag.py:3947} INFO - Setting next_dagrun for tutorial to 2025-12-31 00:00:00+00:00, run_after=2026-01-01 00:00:00+00:00
[2026-01-01T16:17:19.904+0000] {processor.py:183} INFO - Processing /home/airflow/.local/lib/python3.12/site-packages/airflow/example_dags/tutorial.py took 0.041 seconds
[2026-01-01T17:14:38.660+0000] {processor.py:161} INFO - Started process (PID=52601) to work on /home/airflow/.local/lib/python3.12/site-packages/airflow/example_dags/tutorial.py
[2026-01-01T17:14:38.661+0000] {processor.py:830} INFO - Processing file /home/airflow/.local/lib/python3.12/site-packages/airflow/example_dags/tutorial.py for tasks to queue
[2026-01-01T17:14:38.662+0000] {logging_mixin.py:188} INFO - [2026-01-01T17:14:38.661+0000] {dagbag.py:545} INFO - Filling up the DagBag from /home/airflow/.local/lib/python3.12/site-packages/airflow/example_dags/tutorial.py
[2026-01-01T17:14:38.666+0000] {processor.py:840} INFO - DAG(s) 'tutorial' retrieved from /home/airflow/.local/lib/python3.12/site-packages/airflow/example_dags/tutorial.py
[2026-01-01T17:14:38.681+0000] {logging_mixin.py:188} INFO - [2026-01-01T17:14:38.681+0000] {dag.py:3089} INFO - Sync 1 DAGs
[2026-01-01T17:14:38.693+0000] {logging_mixin.py:188} INFO - [2026-01-01T17:14:38.693+0000] {dag.py:3947} INFO - Setting next_dagrun for tutorial to 2025-12-31 00:00:00+00:00, run_after=2026-01-01 00:00:00+00:00
[2026-01-01T17:14:38.702+0000] {processor.py:183} INFO - Processing /home/airflow/.local/lib/python3.12/site-packages/airflow/example_dags/tutorial.py took 0.044 seconds
[2026-01-01T18:19:23.385+0000] {processor.py:161} INFO - Started process (PID=52660) to work on /home/airflow/.local/lib/python3.12/site-packages/airflow/example_dags/tutorial.py
[2026-01-01T18:19:23.386+0000] {processor.py:830} INFO - Processing file /home/airflow/.local/lib/python3.12/site-packages/airflow/example_dags/tutorial.py for tasks to queue
[2026-01-01T18:19:23.386+0000] {logging_mixin.py:188} INFO - [2026-01-01T18:19:23.386+0000] {dagbag.py:545} INFO - Filling up the DagBag from /home/airflow/.local/lib/python3.12/site-packages/airflow/example_dags/tutorial.py
[2026-01-01T18:19:23.390+0000] {processor.py:840} INFO - DAG(s) 'tutorial' retrieved from /home/airflow/.local/lib/python3.12/site-packages/airflow/example_dags/tutorial.py
[2026-01-01T18:19:23.403+0000] {logging_mixin.py:188} INFO - [2026-01-01T18:19:23.403+0000] {dag.py:3089} INFO - Sync 1 DAGs
[2026-01-01T18:19:23.413+0000] {logging_mixin.py:188} INFO - [2026-01-01T18:19:23.413+0000] {dag.py:3947} INFO - Setting next_dagrun for tutorial to 2025-12-31 00:00:00+00:00, run_after=2026-01-01 00:00:00+00:00
[2026-01-01T18:19:23.423+0000] {processor.py:183} INFO - Processing /home/airflow/.local/lib/python3.12/site-packages/airflow/example_dags/tutorial.py took 0.042 seconds
[2026-01-01T19:35:31.351+0000] {processor.py:161} INFO - Started process (PID=52719) to work on /home/airflow/.local/lib/python3.12/site-packages/airflow/example_dags/tutorial.py
[2026-01-01T19:35:31.352+0000] {processor.py:830} INFO - Processing file /home/airflow/.local/lib/python3.12/site-packages/airflow/example_dags/tutorial.py for tasks to queue
[2026-01-01T19:35:31.353+0000] {logging_mixin.py:188} INFO - [2026-01-01T19:35:31.353+0000] {dagbag.py:545} INFO - Filling up the DagBag from /home/airflow/.local/lib/python3.12/site-packages/airflow/example_dags/tutorial.py
[2026-01-01T19:35:31.357+0000] {processor.py:840} INFO - DAG(s) 'tutorial' retrieved from /home/airflow/.local/lib/python3.12/site-packages/airflow/example_dags/tutorial.py
[2026-01-01T19:35:31.369+0000] {logging_mixin.py:188} INFO - [2026-01-01T19:35:31.369+0000] {dag.py:3089} INFO - Sync 1 DAGs
[2026-01-01T19:35:31.378+0000] {logging_mixin.py:188} INFO - [2026-01-01T19:35:31.378+0000] {dag.py:3947} INFO - Setting next_dagrun for tutorial to 2025-12-31 00:00:00+00:00, run_after=2026-01-01 00:00:00+00:00
[2026-01-01T19:35:31.384+0000] {processor.py:183} INFO - Processing /home/airflow/.local/lib/python3.12/site-packages/airflow/example_dags/tutorial.py took 0.036 seconds
[2026-01-01T20:54:40.209+0000] {processor.py:161} INFO - Started process (PID=52778) to work on /home/airflow/.local/lib/python3.12/site-packages/airflow/example_dags/tutorial.py
[2026-01-01T20:54:40.210+0000] {processor.py:830} INFO - Processing file /home/airflow/.local/lib/python3.12/site-packages/airflow/example_dags/tutorial.py for tasks to queue
[2026-01-01T20:54:40.211+0000] {logging_mixin.py:188} INFO - [2026-01-01T20:54:40.211+0000] {dagbag.py:545} INFO - Filling up the DagBag from /home/airflow/.local/lib/python3.12/site-packages/airflow/example_dags/tutorial.py
[2026-01-01T20:54:40.214+0000] {processor.py:840} INFO - DAG(s) 'tutorial' retrieved from /home/airflow/.local/lib/python3.12/site-packages/airflow/example_dags/tutorial.py
[2026-01-01T20:54:40.229+0000] {logging_mixin.py:188} INFO - [2026-01-01T20:54:40.229+0000] {dag.py:3089} INFO - Sync 1 DAGs
[2026-01-01T20:54:40.238+0000] {logging_mixin.py:188} INFO - [2026-01-01T20:54:40.238+0000] {dag.py:3947} INFO - Setting next_dagrun for tutorial to 2025-12-31 00:00:00+00:00, run_after=2026-01-01 00:00:00+00:00
[2026-01-01T20:54:40.245+0000] {processor.py:183} INFO - Processing /home/airflow/.local/lib/python3.12/site-packages/airflow/example_dags/tutorial.py took 0.039 seconds
[2026-01-01T22:37:22.215+0000] {processor.py:161} INFO - Started process (PID=52837) to work on /home/airflow/.local/lib/python3.12/site-packages/airflow/example_dags/tutorial.py
[2026-01-01T22:37:22.216+0000] {processor.py:830} INFO - Processing file /home/airflow/.local/lib/python3.12/site-packages/airflow/example_dags/tutorial.py for tasks to queue
[2026-01-01T22:37:22.216+0000] {logging_mixin.py:188} INFO - [2026-01-01T22:37:22.216+0000] {dagbag.py:545} INFO - Filling up the DagBag from /home/airflow/.local/lib/python3.12/site-packages/airflow/example_dags/tutorial.py
[2026-01-01T22:37:22.219+0000] {processor.py:840} INFO - DAG(s) 'tutorial' retrieved from /home/airflow/.local/lib/python3.12/site-packages/airflow/example_dags/tutorial.py
[2026-01-01T22:37:22.227+0000] {logging_mixin.py:188} INFO - [2026-01-01T22:37:22.227+0000] {dag.py:3089} INFO - Sync 1 DAGs
[2026-01-01T22:37:22.236+0000] {logging_mixin.py:188} INFO - [2026-01-01T22:37:22.236+0000] {dag.py:3947} INFO - Setting next_dagrun for tutorial to 2025-12-31 00:00:00+00:00, run_after=2026-01-01 00:00:00+00:00
[2026-01-01T22:37:22.249+0000] {processor.py:183} INFO - Processing /home/airflow/.local/lib/python3.12/site-packages/airflow/example_dags/tutorial.py took 0.037 seconds
[2026-01-01T23:54:04.097+0000] {processor.py:161} INFO - Started process (PID=52896) to work on /home/airflow/.local/lib/python3.12/site-packages/airflow/example_dags/tutorial.py
[2026-01-01T23:54:04.099+0000] {processor.py:830} INFO - Processing file /home/airflow/.local/lib/python3.12/site-packages/airflow/example_dags/tutorial.py for tasks to queue
[2026-01-01T23:54:04.100+0000] {logging_mixin.py:188} INFO - [2026-01-01T23:54:04.100+0000] {dagbag.py:545} INFO - Filling up the DagBag from /home/airflow/.local/lib/python3.12/site-packages/airflow/example_dags/tutorial.py
[2026-01-01T23:54:04.104+0000] {processor.py:840} INFO - DAG(s) 'tutorial' retrieved from /home/airflow/.local/lib/python3.12/site-packages/airflow/example_dags/tutorial.py
[2026-01-01T23:54:04.115+0000] {logging_mixin.py:188} INFO - [2026-01-01T23:54:04.115+0000] {dag.py:3089} INFO - Sync 1 DAGs
[2026-01-01T23:54:04.127+0000] {logging_mixin.py:188} INFO - [2026-01-01T23:54:04.127+0000] {dag.py:3947} INFO - Setting next_dagrun for tutorial to 2025-12-31 00:00:00+00:00, run_after=2026-01-01 00:00:00+00:00
[2026-01-01T23:54:04.137+0000] {processor.py:183} INFO - Processing /home/airflow/.local/lib/python3.12/site-packages/airflow/example_dags/tutorial.py took 0.044 seconds
