[2026-01-01T01:03:23.999+0000] {processor.py:161} INFO - Started process (PID=51865) to work on /home/airflow/.local/lib/python3.12/site-packages/airflow/example_dags/tutorial_taskflow_api.py
[2026-01-01T01:03:24.001+0000] {processor.py:830} INFO - Processing file /home/airflow/.local/lib/python3.12/site-packages/airflow/example_dags/tutorial_taskflow_api.py for tasks to queue
[2026-01-01T01:03:24.001+0000] {logging_mixin.py:188} INFO - [2026-01-01T01:03:24.001+0000] {dagbag.py:545} INFO - Filling up the DagBag from /home/airflow/.local/lib/python3.12/site-packages/airflow/example_dags/tutorial_taskflow_api.py
[2026-01-01T01:03:24.005+0000] {processor.py:840} INFO - DAG(s) 'tutorial_taskflow_api' retrieved from /home/airflow/.local/lib/python3.12/site-packages/airflow/example_dags/tutorial_taskflow_api.py
[2026-01-01T01:03:24.018+0000] {logging_mixin.py:188} INFO - [2026-01-01T01:03:24.018+0000] {dag.py:3089} INFO - Sync 1 DAGs
[2026-01-01T01:03:24.024+0000] {logging_mixin.py:188} INFO - [2026-01-01T01:03:24.024+0000] {dag.py:3947} INFO - Setting next_dagrun for tutorial_taskflow_api to None, run_after=None
[2026-01-01T01:03:24.032+0000] {processor.py:183} INFO - Processing /home/airflow/.local/lib/python3.12/site-packages/airflow/example_dags/tutorial_taskflow_api.py took 0.036 seconds
[2026-01-01T02:01:03.124+0000] {processor.py:161} INFO - Started process (PID=51924) to work on /home/airflow/.local/lib/python3.12/site-packages/airflow/example_dags/tutorial_taskflow_api.py
[2026-01-01T02:01:03.125+0000] {processor.py:830} INFO - Processing file /home/airflow/.local/lib/python3.12/site-packages/airflow/example_dags/tutorial_taskflow_api.py for tasks to queue
[2026-01-01T02:01:03.125+0000] {logging_mixin.py:188} INFO - [2026-01-01T02:01:03.125+0000] {dagbag.py:545} INFO - Filling up the DagBag from /home/airflow/.local/lib/python3.12/site-packages/airflow/example_dags/tutorial_taskflow_api.py
[2026-01-01T02:01:03.128+0000] {processor.py:840} INFO - DAG(s) 'tutorial_taskflow_api' retrieved from /home/airflow/.local/lib/python3.12/site-packages/airflow/example_dags/tutorial_taskflow_api.py
[2026-01-01T02:01:03.141+0000] {logging_mixin.py:188} INFO - [2026-01-01T02:01:03.141+0000] {dag.py:3089} INFO - Sync 1 DAGs
[2026-01-01T02:01:03.149+0000] {logging_mixin.py:188} INFO - [2026-01-01T02:01:03.149+0000] {dag.py:3947} INFO - Setting next_dagrun for tutorial_taskflow_api to None, run_after=None
[2026-01-01T02:01:03.162+0000] {processor.py:183} INFO - Processing /home/airflow/.local/lib/python3.12/site-packages/airflow/example_dags/tutorial_taskflow_api.py took 0.040 seconds
[2026-01-01T03:35:54.466+0000] {processor.py:161} INFO - Started process (PID=51983) to work on /home/airflow/.local/lib/python3.12/site-packages/airflow/example_dags/tutorial_taskflow_api.py
[2026-01-01T03:35:54.467+0000] {processor.py:830} INFO - Processing file /home/airflow/.local/lib/python3.12/site-packages/airflow/example_dags/tutorial_taskflow_api.py for tasks to queue
[2026-01-01T03:35:54.467+0000] {logging_mixin.py:188} INFO - [2026-01-01T03:35:54.467+0000] {dagbag.py:545} INFO - Filling up the DagBag from /home/airflow/.local/lib/python3.12/site-packages/airflow/example_dags/tutorial_taskflow_api.py
[2026-01-01T03:35:54.470+0000] {processor.py:840} INFO - DAG(s) 'tutorial_taskflow_api' retrieved from /home/airflow/.local/lib/python3.12/site-packages/airflow/example_dags/tutorial_taskflow_api.py
[2026-01-01T03:35:54.480+0000] {logging_mixin.py:188} INFO - [2026-01-01T03:35:54.480+0000] {dag.py:3089} INFO - Sync 1 DAGs
[2026-01-01T03:35:54.485+0000] {logging_mixin.py:188} INFO - [2026-01-01T03:35:54.485+0000] {dag.py:3947} INFO - Setting next_dagrun for tutorial_taskflow_api to None, run_after=None
[2026-01-01T03:35:54.499+0000] {processor.py:183} INFO - Processing /home/airflow/.local/lib/python3.12/site-packages/airflow/example_dags/tutorial_taskflow_api.py took 0.036 seconds
[2026-01-01T04:55:54.640+0000] {processor.py:161} INFO - Started process (PID=52043) to work on /home/airflow/.local/lib/python3.12/site-packages/airflow/example_dags/tutorial_taskflow_api.py
[2026-01-01T04:55:54.641+0000] {processor.py:830} INFO - Processing file /home/airflow/.local/lib/python3.12/site-packages/airflow/example_dags/tutorial_taskflow_api.py for tasks to queue
[2026-01-01T04:55:54.642+0000] {logging_mixin.py:188} INFO - [2026-01-01T04:55:54.641+0000] {dagbag.py:545} INFO - Filling up the DagBag from /home/airflow/.local/lib/python3.12/site-packages/airflow/example_dags/tutorial_taskflow_api.py
[2026-01-01T04:55:54.645+0000] {processor.py:840} INFO - DAG(s) 'tutorial_taskflow_api' retrieved from /home/airflow/.local/lib/python3.12/site-packages/airflow/example_dags/tutorial_taskflow_api.py
[2026-01-01T04:55:54.659+0000] {logging_mixin.py:188} INFO - [2026-01-01T04:55:54.659+0000] {dag.py:3089} INFO - Sync 1 DAGs
[2026-01-01T04:55:54.664+0000] {logging_mixin.py:188} INFO - [2026-01-01T04:55:54.664+0000] {dag.py:3947} INFO - Setting next_dagrun for tutorial_taskflow_api to None, run_after=None
[2026-01-01T04:55:54.672+0000] {processor.py:183} INFO - Processing /home/airflow/.local/lib/python3.12/site-packages/airflow/example_dags/tutorial_taskflow_api.py took 0.035 seconds
[2026-01-01T06:07:22.917+0000] {processor.py:161} INFO - Started process (PID=52102) to work on /home/airflow/.local/lib/python3.12/site-packages/airflow/example_dags/tutorial_taskflow_api.py
[2026-01-01T06:07:22.918+0000] {processor.py:830} INFO - Processing file /home/airflow/.local/lib/python3.12/site-packages/airflow/example_dags/tutorial_taskflow_api.py for tasks to queue
[2026-01-01T06:07:22.922+0000] {logging_mixin.py:188} INFO - [2026-01-01T06:07:22.922+0000] {dagbag.py:545} INFO - Filling up the DagBag from /home/airflow/.local/lib/python3.12/site-packages/airflow/example_dags/tutorial_taskflow_api.py
[2026-01-01T06:07:22.925+0000] {processor.py:840} INFO - DAG(s) 'tutorial_taskflow_api' retrieved from /home/airflow/.local/lib/python3.12/site-packages/airflow/example_dags/tutorial_taskflow_api.py
[2026-01-01T06:07:22.936+0000] {logging_mixin.py:188} INFO - [2026-01-01T06:07:22.936+0000] {dag.py:3089} INFO - Sync 1 DAGs
[2026-01-01T06:07:22.941+0000] {logging_mixin.py:188} INFO - [2026-01-01T06:07:22.941+0000] {dag.py:3947} INFO - Setting next_dagrun for tutorial_taskflow_api to None, run_after=None
[2026-01-01T06:07:22.952+0000] {processor.py:183} INFO - Processing /home/airflow/.local/lib/python3.12/site-packages/airflow/example_dags/tutorial_taskflow_api.py took 0.037 seconds
[2026-01-01T07:40:36.982+0000] {processor.py:161} INFO - Started process (PID=52161) to work on /home/airflow/.local/lib/python3.12/site-packages/airflow/example_dags/tutorial_taskflow_api.py
[2026-01-01T07:40:36.982+0000] {processor.py:830} INFO - Processing file /home/airflow/.local/lib/python3.12/site-packages/airflow/example_dags/tutorial_taskflow_api.py for tasks to queue
[2026-01-01T07:40:36.983+0000] {logging_mixin.py:188} INFO - [2026-01-01T07:40:36.983+0000] {dagbag.py:545} INFO - Filling up the DagBag from /home/airflow/.local/lib/python3.12/site-packages/airflow/example_dags/tutorial_taskflow_api.py
[2026-01-01T07:40:36.986+0000] {processor.py:840} INFO - DAG(s) 'tutorial_taskflow_api' retrieved from /home/airflow/.local/lib/python3.12/site-packages/airflow/example_dags/tutorial_taskflow_api.py
[2026-01-01T07:40:36.997+0000] {logging_mixin.py:188} INFO - [2026-01-01T07:40:36.997+0000] {dag.py:3089} INFO - Sync 1 DAGs
[2026-01-01T07:40:37.002+0000] {logging_mixin.py:188} INFO - [2026-01-01T07:40:37.002+0000] {dag.py:3947} INFO - Setting next_dagrun for tutorial_taskflow_api to None, run_after=None
[2026-01-01T07:40:37.012+0000] {processor.py:183} INFO - Processing /home/airflow/.local/lib/python3.12/site-packages/airflow/example_dags/tutorial_taskflow_api.py took 0.033 seconds
[2026-01-01T08:44:36.823+0000] {processor.py:161} INFO - Started process (PID=52220) to work on /home/airflow/.local/lib/python3.12/site-packages/airflow/example_dags/tutorial_taskflow_api.py
[2026-01-01T08:44:36.823+0000] {processor.py:830} INFO - Processing file /home/airflow/.local/lib/python3.12/site-packages/airflow/example_dags/tutorial_taskflow_api.py for tasks to queue
[2026-01-01T08:44:36.824+0000] {logging_mixin.py:188} INFO - [2026-01-01T08:44:36.824+0000] {dagbag.py:545} INFO - Filling up the DagBag from /home/airflow/.local/lib/python3.12/site-packages/airflow/example_dags/tutorial_taskflow_api.py
[2026-01-01T08:44:36.827+0000] {processor.py:840} INFO - DAG(s) 'tutorial_taskflow_api' retrieved from /home/airflow/.local/lib/python3.12/site-packages/airflow/example_dags/tutorial_taskflow_api.py
[2026-01-01T08:44:36.842+0000] {logging_mixin.py:188} INFO - [2026-01-01T08:44:36.842+0000] {dag.py:3089} INFO - Sync 1 DAGs
[2026-01-01T08:44:36.849+0000] {logging_mixin.py:188} INFO - [2026-01-01T08:44:36.849+0000] {dag.py:3947} INFO - Setting next_dagrun for tutorial_taskflow_api to None, run_after=None
[2026-01-01T08:44:36.862+0000] {processor.py:183} INFO - Processing /home/airflow/.local/lib/python3.12/site-packages/airflow/example_dags/tutorial_taskflow_api.py took 0.043 seconds
[2026-01-01T09:57:58.054+0000] {processor.py:161} INFO - Started process (PID=52279) to work on /home/airflow/.local/lib/python3.12/site-packages/airflow/example_dags/tutorial_taskflow_api.py
[2026-01-01T09:57:58.055+0000] {processor.py:830} INFO - Processing file /home/airflow/.local/lib/python3.12/site-packages/airflow/example_dags/tutorial_taskflow_api.py for tasks to queue
[2026-01-01T09:57:58.055+0000] {logging_mixin.py:188} INFO - [2026-01-01T09:57:58.055+0000] {dagbag.py:545} INFO - Filling up the DagBag from /home/airflow/.local/lib/python3.12/site-packages/airflow/example_dags/tutorial_taskflow_api.py
[2026-01-01T09:57:58.058+0000] {processor.py:840} INFO - DAG(s) 'tutorial_taskflow_api' retrieved from /home/airflow/.local/lib/python3.12/site-packages/airflow/example_dags/tutorial_taskflow_api.py
[2026-01-01T09:57:58.071+0000] {logging_mixin.py:188} INFO - [2026-01-01T09:57:58.071+0000] {dag.py:3089} INFO - Sync 1 DAGs
[2026-01-01T09:57:58.078+0000] {logging_mixin.py:188} INFO - [2026-01-01T09:57:58.078+0000] {dag.py:3947} INFO - Setting next_dagrun for tutorial_taskflow_api to None, run_after=None
[2026-01-01T09:57:58.087+0000] {processor.py:183} INFO - Processing /home/airflow/.local/lib/python3.12/site-packages/airflow/example_dags/tutorial_taskflow_api.py took 0.036 seconds
[2026-01-01T11:12:23.330+0000] {processor.py:161} INFO - Started process (PID=52338) to work on /home/airflow/.local/lib/python3.12/site-packages/airflow/example_dags/tutorial_taskflow_api.py
[2026-01-01T11:12:23.332+0000] {processor.py:830} INFO - Processing file /home/airflow/.local/lib/python3.12/site-packages/airflow/example_dags/tutorial_taskflow_api.py for tasks to queue
[2026-01-01T11:12:23.333+0000] {logging_mixin.py:188} INFO - [2026-01-01T11:12:23.333+0000] {dagbag.py:545} INFO - Filling up the DagBag from /home/airflow/.local/lib/python3.12/site-packages/airflow/example_dags/tutorial_taskflow_api.py
[2026-01-01T11:12:23.337+0000] {processor.py:840} INFO - DAG(s) 'tutorial_taskflow_api' retrieved from /home/airflow/.local/lib/python3.12/site-packages/airflow/example_dags/tutorial_taskflow_api.py
[2026-01-01T11:12:23.352+0000] {logging_mixin.py:188} INFO - [2026-01-01T11:12:23.352+0000] {dag.py:3089} INFO - Sync 1 DAGs
[2026-01-01T11:12:23.358+0000] {logging_mixin.py:188} INFO - [2026-01-01T11:12:23.358+0000] {dag.py:3947} INFO - Setting next_dagrun for tutorial_taskflow_api to None, run_after=None
[2026-01-01T11:12:23.368+0000] {processor.py:183} INFO - Processing /home/airflow/.local/lib/python3.12/site-packages/airflow/example_dags/tutorial_taskflow_api.py took 0.041 seconds
[2026-01-01T12:13:29.944+0000] {processor.py:161} INFO - Started process (PID=52397) to work on /home/airflow/.local/lib/python3.12/site-packages/airflow/example_dags/tutorial_taskflow_api.py
[2026-01-01T12:13:29.944+0000] {processor.py:830} INFO - Processing file /home/airflow/.local/lib/python3.12/site-packages/airflow/example_dags/tutorial_taskflow_api.py for tasks to queue
[2026-01-01T12:13:29.944+0000] {logging_mixin.py:188} INFO - [2026-01-01T12:13:29.944+0000] {dagbag.py:545} INFO - Filling up the DagBag from /home/airflow/.local/lib/python3.12/site-packages/airflow/example_dags/tutorial_taskflow_api.py
[2026-01-01T12:13:29.947+0000] {processor.py:840} INFO - DAG(s) 'tutorial_taskflow_api' retrieved from /home/airflow/.local/lib/python3.12/site-packages/airflow/example_dags/tutorial_taskflow_api.py
[2026-01-01T12:13:29.955+0000] {logging_mixin.py:188} INFO - [2026-01-01T12:13:29.955+0000] {dag.py:3089} INFO - Sync 1 DAGs
[2026-01-01T12:13:29.960+0000] {logging_mixin.py:188} INFO - [2026-01-01T12:13:29.960+0000] {dag.py:3947} INFO - Setting next_dagrun for tutorial_taskflow_api to None, run_after=None
[2026-01-01T12:13:29.966+0000] {processor.py:183} INFO - Processing /home/airflow/.local/lib/python3.12/site-packages/airflow/example_dags/tutorial_taskflow_api.py took 0.025 seconds
[2026-01-01T13:31:42.233+0000] {processor.py:161} INFO - Started process (PID=52456) to work on /home/airflow/.local/lib/python3.12/site-packages/airflow/example_dags/tutorial_taskflow_api.py
[2026-01-01T13:31:42.234+0000] {processor.py:830} INFO - Processing file /home/airflow/.local/lib/python3.12/site-packages/airflow/example_dags/tutorial_taskflow_api.py for tasks to queue
[2026-01-01T13:31:42.234+0000] {logging_mixin.py:188} INFO - [2026-01-01T13:31:42.234+0000] {dagbag.py:545} INFO - Filling up the DagBag from /home/airflow/.local/lib/python3.12/site-packages/airflow/example_dags/tutorial_taskflow_api.py
[2026-01-01T13:31:42.237+0000] {processor.py:840} INFO - DAG(s) 'tutorial_taskflow_api' retrieved from /home/airflow/.local/lib/python3.12/site-packages/airflow/example_dags/tutorial_taskflow_api.py
[2026-01-01T13:31:42.249+0000] {logging_mixin.py:188} INFO - [2026-01-01T13:31:42.249+0000] {dag.py:3089} INFO - Sync 1 DAGs
[2026-01-01T13:31:42.256+0000] {logging_mixin.py:188} INFO - [2026-01-01T13:31:42.256+0000] {dag.py:3947} INFO - Setting next_dagrun for tutorial_taskflow_api to None, run_after=None
[2026-01-01T13:31:42.267+0000] {processor.py:183} INFO - Processing /home/airflow/.local/lib/python3.12/site-packages/airflow/example_dags/tutorial_taskflow_api.py took 0.037 seconds
[2026-01-01T15:05:24.940+0000] {processor.py:161} INFO - Started process (PID=52515) to work on /home/airflow/.local/lib/python3.12/site-packages/airflow/example_dags/tutorial_taskflow_api.py
[2026-01-01T15:05:24.941+0000] {processor.py:830} INFO - Processing file /home/airflow/.local/lib/python3.12/site-packages/airflow/example_dags/tutorial_taskflow_api.py for tasks to queue
[2026-01-01T15:05:24.941+0000] {logging_mixin.py:188} INFO - [2026-01-01T15:05:24.941+0000] {dagbag.py:545} INFO - Filling up the DagBag from /home/airflow/.local/lib/python3.12/site-packages/airflow/example_dags/tutorial_taskflow_api.py
[2026-01-01T15:05:24.944+0000] {processor.py:840} INFO - DAG(s) 'tutorial_taskflow_api' retrieved from /home/airflow/.local/lib/python3.12/site-packages/airflow/example_dags/tutorial_taskflow_api.py
[2026-01-01T15:05:24.957+0000] {logging_mixin.py:188} INFO - [2026-01-01T15:05:24.956+0000] {dag.py:3089} INFO - Sync 1 DAGs
[2026-01-01T15:05:24.962+0000] {logging_mixin.py:188} INFO - [2026-01-01T15:05:24.962+0000] {dag.py:3947} INFO - Setting next_dagrun for tutorial_taskflow_api to None, run_after=None
[2026-01-01T15:05:24.972+0000] {processor.py:183} INFO - Processing /home/airflow/.local/lib/python3.12/site-packages/airflow/example_dags/tutorial_taskflow_api.py took 0.034 seconds
[2026-01-01T16:17:20.911+0000] {processor.py:161} INFO - Started process (PID=52574) to work on /home/airflow/.local/lib/python3.12/site-packages/airflow/example_dags/tutorial_taskflow_api.py
[2026-01-01T16:17:20.914+0000] {processor.py:830} INFO - Processing file /home/airflow/.local/lib/python3.12/site-packages/airflow/example_dags/tutorial_taskflow_api.py for tasks to queue
[2026-01-01T16:17:20.914+0000] {logging_mixin.py:188} INFO - [2026-01-01T16:17:20.914+0000] {dagbag.py:545} INFO - Filling up the DagBag from /home/airflow/.local/lib/python3.12/site-packages/airflow/example_dags/tutorial_taskflow_api.py
[2026-01-01T16:17:20.918+0000] {processor.py:840} INFO - DAG(s) 'tutorial_taskflow_api' retrieved from /home/airflow/.local/lib/python3.12/site-packages/airflow/example_dags/tutorial_taskflow_api.py
[2026-01-01T16:17:20.930+0000] {logging_mixin.py:188} INFO - [2026-01-01T16:17:20.930+0000] {dag.py:3089} INFO - Sync 1 DAGs
[2026-01-01T16:17:20.939+0000] {logging_mixin.py:188} INFO - [2026-01-01T16:17:20.938+0000] {dag.py:3947} INFO - Setting next_dagrun for tutorial_taskflow_api to None, run_after=None
[2026-01-01T16:17:20.951+0000] {processor.py:183} INFO - Processing /home/airflow/.local/lib/python3.12/site-packages/airflow/example_dags/tutorial_taskflow_api.py took 0.043 seconds
[2026-01-01T17:14:39.809+0000] {processor.py:161} INFO - Started process (PID=52633) to work on /home/airflow/.local/lib/python3.12/site-packages/airflow/example_dags/tutorial_taskflow_api.py
[2026-01-01T17:14:39.810+0000] {processor.py:830} INFO - Processing file /home/airflow/.local/lib/python3.12/site-packages/airflow/example_dags/tutorial_taskflow_api.py for tasks to queue
[2026-01-01T17:14:39.811+0000] {logging_mixin.py:188} INFO - [2026-01-01T17:14:39.811+0000] {dagbag.py:545} INFO - Filling up the DagBag from /home/airflow/.local/lib/python3.12/site-packages/airflow/example_dags/tutorial_taskflow_api.py
[2026-01-01T17:14:39.814+0000] {processor.py:840} INFO - DAG(s) 'tutorial_taskflow_api' retrieved from /home/airflow/.local/lib/python3.12/site-packages/airflow/example_dags/tutorial_taskflow_api.py
[2026-01-01T17:14:39.824+0000] {logging_mixin.py:188} INFO - [2026-01-01T17:14:39.824+0000] {dag.py:3089} INFO - Sync 1 DAGs
[2026-01-01T17:14:39.830+0000] {logging_mixin.py:188} INFO - [2026-01-01T17:14:39.830+0000] {dag.py:3947} INFO - Setting next_dagrun for tutorial_taskflow_api to None, run_after=None
[2026-01-01T17:14:39.841+0000] {processor.py:183} INFO - Processing /home/airflow/.local/lib/python3.12/site-packages/airflow/example_dags/tutorial_taskflow_api.py took 0.035 seconds
[2026-01-01T18:19:24.326+0000] {processor.py:161} INFO - Started process (PID=52692) to work on /home/airflow/.local/lib/python3.12/site-packages/airflow/example_dags/tutorial_taskflow_api.py
[2026-01-01T18:19:24.327+0000] {processor.py:830} INFO - Processing file /home/airflow/.local/lib/python3.12/site-packages/airflow/example_dags/tutorial_taskflow_api.py for tasks to queue
[2026-01-01T18:19:24.327+0000] {logging_mixin.py:188} INFO - [2026-01-01T18:19:24.327+0000] {dagbag.py:545} INFO - Filling up the DagBag from /home/airflow/.local/lib/python3.12/site-packages/airflow/example_dags/tutorial_taskflow_api.py
[2026-01-01T18:19:24.331+0000] {processor.py:840} INFO - DAG(s) 'tutorial_taskflow_api' retrieved from /home/airflow/.local/lib/python3.12/site-packages/airflow/example_dags/tutorial_taskflow_api.py
[2026-01-01T18:19:24.339+0000] {logging_mixin.py:188} INFO - [2026-01-01T18:19:24.339+0000] {dag.py:3089} INFO - Sync 1 DAGs
[2026-01-01T18:19:24.344+0000] {logging_mixin.py:188} INFO - [2026-01-01T18:19:24.344+0000] {dag.py:3947} INFO - Setting next_dagrun for tutorial_taskflow_api to None, run_after=None
[2026-01-01T18:19:24.350+0000] {processor.py:183} INFO - Processing /home/airflow/.local/lib/python3.12/site-packages/airflow/example_dags/tutorial_taskflow_api.py took 0.028 seconds
[2026-01-01T19:35:32.299+0000] {processor.py:161} INFO - Started process (PID=52751) to work on /home/airflow/.local/lib/python3.12/site-packages/airflow/example_dags/tutorial_taskflow_api.py
[2026-01-01T19:35:32.299+0000] {processor.py:830} INFO - Processing file /home/airflow/.local/lib/python3.12/site-packages/airflow/example_dags/tutorial_taskflow_api.py for tasks to queue
[2026-01-01T19:35:32.300+0000] {logging_mixin.py:188} INFO - [2026-01-01T19:35:32.300+0000] {dagbag.py:545} INFO - Filling up the DagBag from /home/airflow/.local/lib/python3.12/site-packages/airflow/example_dags/tutorial_taskflow_api.py
[2026-01-01T19:35:32.302+0000] {processor.py:840} INFO - DAG(s) 'tutorial_taskflow_api' retrieved from /home/airflow/.local/lib/python3.12/site-packages/airflow/example_dags/tutorial_taskflow_api.py
[2026-01-01T19:35:32.312+0000] {logging_mixin.py:188} INFO - [2026-01-01T19:35:32.312+0000] {dag.py:3089} INFO - Sync 1 DAGs
[2026-01-01T19:35:32.318+0000] {logging_mixin.py:188} INFO - [2026-01-01T19:35:32.318+0000] {dag.py:3947} INFO - Setting next_dagrun for tutorial_taskflow_api to None, run_after=None
[2026-01-01T19:35:32.329+0000] {processor.py:183} INFO - Processing /home/airflow/.local/lib/python3.12/site-packages/airflow/example_dags/tutorial_taskflow_api.py took 0.033 seconds
[2026-01-01T20:54:41.473+0000] {processor.py:161} INFO - Started process (PID=52810) to work on /home/airflow/.local/lib/python3.12/site-packages/airflow/example_dags/tutorial_taskflow_api.py
[2026-01-01T20:54:41.477+0000] {processor.py:830} INFO - Processing file /home/airflow/.local/lib/python3.12/site-packages/airflow/example_dags/tutorial_taskflow_api.py for tasks to queue
[2026-01-01T20:54:41.477+0000] {logging_mixin.py:188} INFO - [2026-01-01T20:54:41.477+0000] {dagbag.py:545} INFO - Filling up the DagBag from /home/airflow/.local/lib/python3.12/site-packages/airflow/example_dags/tutorial_taskflow_api.py
[2026-01-01T20:54:41.480+0000] {processor.py:840} INFO - DAG(s) 'tutorial_taskflow_api' retrieved from /home/airflow/.local/lib/python3.12/site-packages/airflow/example_dags/tutorial_taskflow_api.py
[2026-01-01T20:54:41.489+0000] {logging_mixin.py:188} INFO - [2026-01-01T20:54:41.489+0000] {dag.py:3089} INFO - Sync 1 DAGs
[2026-01-01T20:54:41.493+0000] {logging_mixin.py:188} INFO - [2026-01-01T20:54:41.493+0000] {dag.py:3947} INFO - Setting next_dagrun for tutorial_taskflow_api to None, run_after=None
[2026-01-01T20:54:41.505+0000] {processor.py:183} INFO - Processing /home/airflow/.local/lib/python3.12/site-packages/airflow/example_dags/tutorial_taskflow_api.py took 0.035 seconds
[2026-01-01T22:37:23.116+0000] {processor.py:161} INFO - Started process (PID=52869) to work on /home/airflow/.local/lib/python3.12/site-packages/airflow/example_dags/tutorial_taskflow_api.py
[2026-01-01T22:37:23.117+0000] {processor.py:830} INFO - Processing file /home/airflow/.local/lib/python3.12/site-packages/airflow/example_dags/tutorial_taskflow_api.py for tasks to queue
[2026-01-01T22:37:23.117+0000] {logging_mixin.py:188} INFO - [2026-01-01T22:37:23.117+0000] {dagbag.py:545} INFO - Filling up the DagBag from /home/airflow/.local/lib/python3.12/site-packages/airflow/example_dags/tutorial_taskflow_api.py
[2026-01-01T22:37:23.120+0000] {processor.py:840} INFO - DAG(s) 'tutorial_taskflow_api' retrieved from /home/airflow/.local/lib/python3.12/site-packages/airflow/example_dags/tutorial_taskflow_api.py
[2026-01-01T22:37:23.130+0000] {logging_mixin.py:188} INFO - [2026-01-01T22:37:23.130+0000] {dag.py:3089} INFO - Sync 1 DAGs
[2026-01-01T22:37:23.135+0000] {logging_mixin.py:188} INFO - [2026-01-01T22:37:23.135+0000] {dag.py:3947} INFO - Setting next_dagrun for tutorial_taskflow_api to None, run_after=None
[2026-01-01T22:37:23.147+0000] {processor.py:183} INFO - Processing /home/airflow/.local/lib/python3.12/site-packages/airflow/example_dags/tutorial_taskflow_api.py took 0.033 seconds
[2026-01-01T23:54:05.615+0000] {processor.py:161} INFO - Started process (PID=52928) to work on /home/airflow/.local/lib/python3.12/site-packages/airflow/example_dags/tutorial_taskflow_api.py
[2026-01-01T23:54:05.618+0000] {processor.py:830} INFO - Processing file /home/airflow/.local/lib/python3.12/site-packages/airflow/example_dags/tutorial_taskflow_api.py for tasks to queue
[2026-01-01T23:54:05.619+0000] {logging_mixin.py:188} INFO - [2026-01-01T23:54:05.619+0000] {dagbag.py:545} INFO - Filling up the DagBag from /home/airflow/.local/lib/python3.12/site-packages/airflow/example_dags/tutorial_taskflow_api.py
[2026-01-01T23:54:05.622+0000] {processor.py:840} INFO - DAG(s) 'tutorial_taskflow_api' retrieved from /home/airflow/.local/lib/python3.12/site-packages/airflow/example_dags/tutorial_taskflow_api.py
[2026-01-01T23:54:05.634+0000] {logging_mixin.py:188} INFO - [2026-01-01T23:54:05.634+0000] {dag.py:3089} INFO - Sync 1 DAGs
[2026-01-01T23:54:05.641+0000] {logging_mixin.py:188} INFO - [2026-01-01T23:54:05.641+0000] {dag.py:3947} INFO - Setting next_dagrun for tutorial_taskflow_api to None, run_after=None
[2026-01-01T23:54:05.648+0000] {processor.py:183} INFO - Processing /home/airflow/.local/lib/python3.12/site-packages/airflow/example_dags/tutorial_taskflow_api.py took 0.035 seconds
