[2025-12-19T01:08:01.785+0000] {processor.py:161} INFO - Started process (PID=57713) to work on /home/airflow/.local/lib/python3.12/site-packages/airflow/example_dags/example_latest_only.py
[2025-12-19T01:08:01.804+0000] {processor.py:830} INFO - Processing file /home/airflow/.local/lib/python3.12/site-packages/airflow/example_dags/example_latest_only.py for tasks to queue
[2025-12-19T01:08:01.805+0000] {logging_mixin.py:188} INFO - [2025-12-19T01:08:01.805+0000] {dagbag.py:545} INFO - Filling up the DagBag from /home/airflow/.local/lib/python3.12/site-packages/airflow/example_dags/example_latest_only.py
[2025-12-19T01:08:01.810+0000] {processor.py:840} INFO - DAG(s) 'latest_only' retrieved from /home/airflow/.local/lib/python3.12/site-packages/airflow/example_dags/example_latest_only.py
[2025-12-19T01:08:01.833+0000] {logging_mixin.py:188} INFO - [2025-12-19T01:08:01.833+0000] {dag.py:3089} INFO - Sync 1 DAGs
[2025-12-19T01:08:01.849+0000] {logging_mixin.py:188} INFO - [2025-12-19T01:08:01.849+0000] {dag.py:3947} INFO - Setting next_dagrun for latest_only to 2025-12-18 20:00:00+00:00, run_after=2025-12-19 00:00:00+00:00
[2025-12-19T01:08:01.867+0000] {processor.py:183} INFO - Processing /home/airflow/.local/lib/python3.12/site-packages/airflow/example_dags/example_latest_only.py took 0.084 seconds
[2025-12-19T02:16:04.979+0000] {processor.py:161} INFO - Started process (PID=57772) to work on /home/airflow/.local/lib/python3.12/site-packages/airflow/example_dags/example_latest_only.py
[2025-12-19T02:16:04.979+0000] {processor.py:830} INFO - Processing file /home/airflow/.local/lib/python3.12/site-packages/airflow/example_dags/example_latest_only.py for tasks to queue
[2025-12-19T02:16:04.980+0000] {logging_mixin.py:188} INFO - [2025-12-19T02:16:04.980+0000] {dagbag.py:545} INFO - Filling up the DagBag from /home/airflow/.local/lib/python3.12/site-packages/airflow/example_dags/example_latest_only.py
[2025-12-19T02:16:04.983+0000] {processor.py:840} INFO - DAG(s) 'latest_only' retrieved from /home/airflow/.local/lib/python3.12/site-packages/airflow/example_dags/example_latest_only.py
[2025-12-19T02:16:04.993+0000] {logging_mixin.py:188} INFO - [2025-12-19T02:16:04.993+0000] {dag.py:3089} INFO - Sync 1 DAGs
[2025-12-19T02:16:05.003+0000] {logging_mixin.py:188} INFO - [2025-12-19T02:16:05.003+0000] {dag.py:3947} INFO - Setting next_dagrun for latest_only to 2025-12-18 20:00:00+00:00, run_after=2025-12-19 00:00:00+00:00
[2025-12-19T02:16:05.018+0000] {processor.py:183} INFO - Processing /home/airflow/.local/lib/python3.12/site-packages/airflow/example_dags/example_latest_only.py took 0.043 seconds
[2025-12-19T03:53:39.421+0000] {processor.py:161} INFO - Started process (PID=57831) to work on /home/airflow/.local/lib/python3.12/site-packages/airflow/example_dags/example_latest_only.py
[2025-12-19T03:53:39.422+0000] {processor.py:830} INFO - Processing file /home/airflow/.local/lib/python3.12/site-packages/airflow/example_dags/example_latest_only.py for tasks to queue
[2025-12-19T03:53:39.422+0000] {logging_mixin.py:188} INFO - [2025-12-19T03:53:39.422+0000] {dagbag.py:545} INFO - Filling up the DagBag from /home/airflow/.local/lib/python3.12/site-packages/airflow/example_dags/example_latest_only.py
[2025-12-19T03:53:39.425+0000] {processor.py:840} INFO - DAG(s) 'latest_only' retrieved from /home/airflow/.local/lib/python3.12/site-packages/airflow/example_dags/example_latest_only.py
[2025-12-19T03:53:39.437+0000] {logging_mixin.py:188} INFO - [2025-12-19T03:53:39.437+0000] {dag.py:3089} INFO - Sync 1 DAGs
[2025-12-19T03:53:39.448+0000] {logging_mixin.py:188} INFO - [2025-12-19T03:53:39.448+0000] {dag.py:3947} INFO - Setting next_dagrun for latest_only to 2025-12-18 20:00:00+00:00, run_after=2025-12-19 00:00:00+00:00
[2025-12-19T03:53:39.457+0000] {processor.py:183} INFO - Processing /home/airflow/.local/lib/python3.12/site-packages/airflow/example_dags/example_latest_only.py took 0.039 seconds
[2025-12-19T05:18:12.936+0000] {processor.py:161} INFO - Started process (PID=57890) to work on /home/airflow/.local/lib/python3.12/site-packages/airflow/example_dags/example_latest_only.py
[2025-12-19T05:18:12.936+0000] {processor.py:830} INFO - Processing file /home/airflow/.local/lib/python3.12/site-packages/airflow/example_dags/example_latest_only.py for tasks to queue
[2025-12-19T05:18:12.936+0000] {logging_mixin.py:188} INFO - [2025-12-19T05:18:12.936+0000] {dagbag.py:545} INFO - Filling up the DagBag from /home/airflow/.local/lib/python3.12/site-packages/airflow/example_dags/example_latest_only.py
[2025-12-19T05:18:12.939+0000] {processor.py:840} INFO - DAG(s) 'latest_only' retrieved from /home/airflow/.local/lib/python3.12/site-packages/airflow/example_dags/example_latest_only.py
[2025-12-19T05:18:12.950+0000] {logging_mixin.py:188} INFO - [2025-12-19T05:18:12.950+0000] {dag.py:3089} INFO - Sync 1 DAGs
[2025-12-19T05:18:12.960+0000] {logging_mixin.py:188} INFO - [2025-12-19T05:18:12.960+0000] {dag.py:3947} INFO - Setting next_dagrun for latest_only to 2025-12-19 00:00:00+00:00, run_after=2025-12-19 04:00:00+00:00
[2025-12-19T05:18:12.972+0000] {processor.py:183} INFO - Processing /home/airflow/.local/lib/python3.12/site-packages/airflow/example_dags/example_latest_only.py took 0.039 seconds
[2025-12-19T06:58:37.402+0000] {processor.py:161} INFO - Started process (PID=57949) to work on /home/airflow/.local/lib/python3.12/site-packages/airflow/example_dags/example_latest_only.py
[2025-12-19T06:58:37.402+0000] {processor.py:830} INFO - Processing file /home/airflow/.local/lib/python3.12/site-packages/airflow/example_dags/example_latest_only.py for tasks to queue
[2025-12-19T06:58:37.403+0000] {logging_mixin.py:188} INFO - [2025-12-19T06:58:37.403+0000] {dagbag.py:545} INFO - Filling up the DagBag from /home/airflow/.local/lib/python3.12/site-packages/airflow/example_dags/example_latest_only.py
[2025-12-19T06:58:37.406+0000] {processor.py:840} INFO - DAG(s) 'latest_only' retrieved from /home/airflow/.local/lib/python3.12/site-packages/airflow/example_dags/example_latest_only.py
[2025-12-19T06:58:37.416+0000] {logging_mixin.py:188} INFO - [2025-12-19T06:58:37.415+0000] {dag.py:3089} INFO - Sync 1 DAGs
[2025-12-19T06:58:37.425+0000] {logging_mixin.py:188} INFO - [2025-12-19T06:58:37.425+0000] {dag.py:3947} INFO - Setting next_dagrun for latest_only to 2025-12-19 00:00:00+00:00, run_after=2025-12-19 04:00:00+00:00
[2025-12-19T06:58:37.437+0000] {processor.py:183} INFO - Processing /home/airflow/.local/lib/python3.12/site-packages/airflow/example_dags/example_latest_only.py took 0.038 seconds
[2025-12-19T08:03:03.394+0000] {processor.py:161} INFO - Started process (PID=58008) to work on /home/airflow/.local/lib/python3.12/site-packages/airflow/example_dags/example_latest_only.py
[2025-12-19T08:03:03.395+0000] {processor.py:830} INFO - Processing file /home/airflow/.local/lib/python3.12/site-packages/airflow/example_dags/example_latest_only.py for tasks to queue
[2025-12-19T08:03:03.396+0000] {logging_mixin.py:188} INFO - [2025-12-19T08:03:03.396+0000] {dagbag.py:545} INFO - Filling up the DagBag from /home/airflow/.local/lib/python3.12/site-packages/airflow/example_dags/example_latest_only.py
[2025-12-19T08:03:03.400+0000] {processor.py:840} INFO - DAG(s) 'latest_only' retrieved from /home/airflow/.local/lib/python3.12/site-packages/airflow/example_dags/example_latest_only.py
[2025-12-19T08:03:03.412+0000] {logging_mixin.py:188} INFO - [2025-12-19T08:03:03.412+0000] {dag.py:3089} INFO - Sync 1 DAGs
[2025-12-19T08:03:03.429+0000] {logging_mixin.py:188} INFO - [2025-12-19T08:03:03.429+0000] {dag.py:3947} INFO - Setting next_dagrun for latest_only to 2025-12-19 04:00:00+00:00, run_after=2025-12-19 08:00:00+00:00
[2025-12-19T08:03:03.444+0000] {processor.py:183} INFO - Processing /home/airflow/.local/lib/python3.12/site-packages/airflow/example_dags/example_latest_only.py took 0.054 seconds
[2025-12-19T09:19:30.034+0000] {processor.py:161} INFO - Started process (PID=58067) to work on /home/airflow/.local/lib/python3.12/site-packages/airflow/example_dags/example_latest_only.py
[2025-12-19T09:19:30.039+0000] {processor.py:830} INFO - Processing file /home/airflow/.local/lib/python3.12/site-packages/airflow/example_dags/example_latest_only.py for tasks to queue
[2025-12-19T09:19:30.041+0000] {logging_mixin.py:188} INFO - [2025-12-19T09:19:30.041+0000] {dagbag.py:545} INFO - Filling up the DagBag from /home/airflow/.local/lib/python3.12/site-packages/airflow/example_dags/example_latest_only.py
[2025-12-19T09:19:30.044+0000] {processor.py:840} INFO - DAG(s) 'latest_only' retrieved from /home/airflow/.local/lib/python3.12/site-packages/airflow/example_dags/example_latest_only.py
[2025-12-19T09:19:30.060+0000] {logging_mixin.py:188} INFO - [2025-12-19T09:19:30.060+0000] {dag.py:3089} INFO - Sync 1 DAGs
[2025-12-19T09:19:30.076+0000] {logging_mixin.py:188} INFO - [2025-12-19T09:19:30.075+0000] {dag.py:3947} INFO - Setting next_dagrun for latest_only to 2025-12-19 04:00:00+00:00, run_after=2025-12-19 08:00:00+00:00
[2025-12-19T09:19:30.092+0000] {processor.py:183} INFO - Processing /home/airflow/.local/lib/python3.12/site-packages/airflow/example_dags/example_latest_only.py took 0.061 seconds
[2025-12-19T09:57:40.182+0000] {processor.py:161} INFO - Started process (PID=58126) to work on /home/airflow/.local/lib/python3.12/site-packages/airflow/example_dags/example_latest_only.py
[2025-12-19T09:57:40.184+0000] {processor.py:830} INFO - Processing file /home/airflow/.local/lib/python3.12/site-packages/airflow/example_dags/example_latest_only.py for tasks to queue
[2025-12-19T09:57:40.185+0000] {logging_mixin.py:188} INFO - [2025-12-19T09:57:40.185+0000] {dagbag.py:545} INFO - Filling up the DagBag from /home/airflow/.local/lib/python3.12/site-packages/airflow/example_dags/example_latest_only.py
[2025-12-19T09:57:40.191+0000] {processor.py:840} INFO - DAG(s) 'latest_only' retrieved from /home/airflow/.local/lib/python3.12/site-packages/airflow/example_dags/example_latest_only.py
[2025-12-19T09:57:40.219+0000] {logging_mixin.py:188} INFO - [2025-12-19T09:57:40.219+0000] {dag.py:3089} INFO - Sync 1 DAGs
[2025-12-19T09:57:40.249+0000] {logging_mixin.py:188} INFO - [2025-12-19T09:57:40.248+0000] {dag.py:3947} INFO - Setting next_dagrun for latest_only to 2025-12-19 04:00:00+00:00, run_after=2025-12-19 08:00:00+00:00
[2025-12-19T09:57:40.276+0000] {processor.py:183} INFO - Processing /home/airflow/.local/lib/python3.12/site-packages/airflow/example_dags/example_latest_only.py took 0.101 seconds
[2025-12-19T10:46:50.958+0000] {processor.py:161} INFO - Started process (PID=58185) to work on /home/airflow/.local/lib/python3.12/site-packages/airflow/example_dags/example_latest_only.py
[2025-12-19T10:46:50.960+0000] {processor.py:830} INFO - Processing file /home/airflow/.local/lib/python3.12/site-packages/airflow/example_dags/example_latest_only.py for tasks to queue
[2025-12-19T10:46:50.963+0000] {logging_mixin.py:188} INFO - [2025-12-19T10:46:50.960+0000] {dagbag.py:545} INFO - Filling up the DagBag from /home/airflow/.local/lib/python3.12/site-packages/airflow/example_dags/example_latest_only.py
[2025-12-19T10:46:50.977+0000] {processor.py:840} INFO - DAG(s) 'latest_only' retrieved from /home/airflow/.local/lib/python3.12/site-packages/airflow/example_dags/example_latest_only.py
[2025-12-19T10:46:51.013+0000] {logging_mixin.py:188} INFO - [2025-12-19T10:46:51.012+0000] {dag.py:3089} INFO - Sync 1 DAGs
[2025-12-19T10:46:51.042+0000] {logging_mixin.py:188} INFO - [2025-12-19T10:46:51.042+0000] {dag.py:3947} INFO - Setting next_dagrun for latest_only to 2025-12-19 04:00:00+00:00, run_after=2025-12-19 08:00:00+00:00
[2025-12-19T10:46:51.062+0000] {processor.py:183} INFO - Processing /home/airflow/.local/lib/python3.12/site-packages/airflow/example_dags/example_latest_only.py took 0.116 seconds
[2025-12-19T11:37:10.390+0000] {processor.py:161} INFO - Started process (PID=58244) to work on /home/airflow/.local/lib/python3.12/site-packages/airflow/example_dags/example_latest_only.py
[2025-12-19T11:37:10.394+0000] {processor.py:830} INFO - Processing file /home/airflow/.local/lib/python3.12/site-packages/airflow/example_dags/example_latest_only.py for tasks to queue
[2025-12-19T11:37:10.397+0000] {logging_mixin.py:188} INFO - [2025-12-19T11:37:10.397+0000] {dagbag.py:545} INFO - Filling up the DagBag from /home/airflow/.local/lib/python3.12/site-packages/airflow/example_dags/example_latest_only.py
[2025-12-19T11:37:10.401+0000] {processor.py:840} INFO - DAG(s) 'latest_only' retrieved from /home/airflow/.local/lib/python3.12/site-packages/airflow/example_dags/example_latest_only.py
[2025-12-19T11:37:10.419+0000] {logging_mixin.py:188} INFO - [2025-12-19T11:37:10.419+0000] {dag.py:3089} INFO - Sync 1 DAGs
[2025-12-19T11:37:10.438+0000] {logging_mixin.py:188} INFO - [2025-12-19T11:37:10.438+0000] {dag.py:3947} INFO - Setting next_dagrun for latest_only to 2025-12-19 04:00:00+00:00, run_after=2025-12-19 08:00:00+00:00
[2025-12-19T11:37:10.455+0000] {processor.py:183} INFO - Processing /home/airflow/.local/lib/python3.12/site-packages/airflow/example_dags/example_latest_only.py took 0.071 seconds
[2025-12-19T12:40:31.494+0000] {processor.py:161} INFO - Started process (PID=58303) to work on /home/airflow/.local/lib/python3.12/site-packages/airflow/example_dags/example_latest_only.py
[2025-12-19T12:40:31.495+0000] {processor.py:830} INFO - Processing file /home/airflow/.local/lib/python3.12/site-packages/airflow/example_dags/example_latest_only.py for tasks to queue
[2025-12-19T12:40:31.496+0000] {logging_mixin.py:188} INFO - [2025-12-19T12:40:31.496+0000] {dagbag.py:545} INFO - Filling up the DagBag from /home/airflow/.local/lib/python3.12/site-packages/airflow/example_dags/example_latest_only.py
[2025-12-19T12:40:31.503+0000] {processor.py:840} INFO - DAG(s) 'latest_only' retrieved from /home/airflow/.local/lib/python3.12/site-packages/airflow/example_dags/example_latest_only.py
[2025-12-19T12:40:31.536+0000] {logging_mixin.py:188} INFO - [2025-12-19T12:40:31.535+0000] {dag.py:3089} INFO - Sync 1 DAGs
[2025-12-19T12:40:31.571+0000] {logging_mixin.py:188} INFO - [2025-12-19T12:40:31.571+0000] {dag.py:3947} INFO - Setting next_dagrun for latest_only to 2025-12-19 08:00:00+00:00, run_after=2025-12-19 12:00:00+00:00
[2025-12-19T12:40:31.600+0000] {processor.py:183} INFO - Processing /home/airflow/.local/lib/python3.12/site-packages/airflow/example_dags/example_latest_only.py took 0.115 seconds
[2025-12-19T13:57:45.957+0000] {processor.py:161} INFO - Started process (PID=58362) to work on /home/airflow/.local/lib/python3.12/site-packages/airflow/example_dags/example_latest_only.py
[2025-12-19T13:57:45.958+0000] {processor.py:830} INFO - Processing file /home/airflow/.local/lib/python3.12/site-packages/airflow/example_dags/example_latest_only.py for tasks to queue
[2025-12-19T13:57:45.959+0000] {logging_mixin.py:188} INFO - [2025-12-19T13:57:45.959+0000] {dagbag.py:545} INFO - Filling up the DagBag from /home/airflow/.local/lib/python3.12/site-packages/airflow/example_dags/example_latest_only.py
[2025-12-19T13:57:45.964+0000] {processor.py:840} INFO - DAG(s) 'latest_only' retrieved from /home/airflow/.local/lib/python3.12/site-packages/airflow/example_dags/example_latest_only.py
[2025-12-19T13:57:45.978+0000] {logging_mixin.py:188} INFO - [2025-12-19T13:57:45.977+0000] {dag.py:3089} INFO - Sync 1 DAGs
[2025-12-19T13:57:45.992+0000] {logging_mixin.py:188} INFO - [2025-12-19T13:57:45.992+0000] {dag.py:3947} INFO - Setting next_dagrun for latest_only to 2025-12-19 08:00:00+00:00, run_after=2025-12-19 12:00:00+00:00
[2025-12-19T13:57:46.012+0000] {processor.py:183} INFO - Processing /home/airflow/.local/lib/python3.12/site-packages/airflow/example_dags/example_latest_only.py took 0.058 seconds
[2025-12-19T14:41:24.412+0000] {processor.py:161} INFO - Started process (PID=58427) to work on /home/airflow/.local/lib/python3.12/site-packages/airflow/example_dags/example_latest_only.py
[2025-12-19T14:41:24.414+0000] {processor.py:830} INFO - Processing file /home/airflow/.local/lib/python3.12/site-packages/airflow/example_dags/example_latest_only.py for tasks to queue
[2025-12-19T14:41:24.415+0000] {logging_mixin.py:188} INFO - [2025-12-19T14:41:24.415+0000] {dagbag.py:545} INFO - Filling up the DagBag from /home/airflow/.local/lib/python3.12/site-packages/airflow/example_dags/example_latest_only.py
[2025-12-19T14:41:24.419+0000] {processor.py:840} INFO - DAG(s) 'latest_only' retrieved from /home/airflow/.local/lib/python3.12/site-packages/airflow/example_dags/example_latest_only.py
[2025-12-19T14:41:24.436+0000] {logging_mixin.py:188} INFO - [2025-12-19T14:41:24.436+0000] {dag.py:3089} INFO - Sync 1 DAGs
[2025-12-19T14:41:24.455+0000] {logging_mixin.py:188} INFO - [2025-12-19T14:41:24.454+0000] {dag.py:3947} INFO - Setting next_dagrun for latest_only to 2025-12-19 08:00:00+00:00, run_after=2025-12-19 12:00:00+00:00
[2025-12-19T14:41:24.475+0000] {processor.py:183} INFO - Processing /home/airflow/.local/lib/python3.12/site-packages/airflow/example_dags/example_latest_only.py took 0.067 seconds
[2025-12-19T14:41:55.066+0000] {processor.py:161} INFO - Started process (PID=58486) to work on /home/airflow/.local/lib/python3.12/site-packages/airflow/example_dags/example_latest_only.py
[2025-12-19T14:41:55.068+0000] {processor.py:830} INFO - Processing file /home/airflow/.local/lib/python3.12/site-packages/airflow/example_dags/example_latest_only.py for tasks to queue
[2025-12-19T14:41:55.069+0000] {logging_mixin.py:188} INFO - [2025-12-19T14:41:55.068+0000] {dagbag.py:545} INFO - Filling up the DagBag from /home/airflow/.local/lib/python3.12/site-packages/airflow/example_dags/example_latest_only.py
[2025-12-19T14:41:55.072+0000] {processor.py:840} INFO - DAG(s) 'latest_only' retrieved from /home/airflow/.local/lib/python3.12/site-packages/airflow/example_dags/example_latest_only.py
[2025-12-19T14:41:55.094+0000] {logging_mixin.py:188} INFO - [2025-12-19T14:41:55.094+0000] {dag.py:3089} INFO - Sync 1 DAGs
[2025-12-19T14:41:55.112+0000] {logging_mixin.py:188} INFO - [2025-12-19T14:41:55.112+0000] {dag.py:3947} INFO - Setting next_dagrun for latest_only to 2025-12-19 08:00:00+00:00, run_after=2025-12-19 12:00:00+00:00
[2025-12-19T14:41:55.124+0000] {processor.py:183} INFO - Processing /home/airflow/.local/lib/python3.12/site-packages/airflow/example_dags/example_latest_only.py took 0.062 seconds
