[2025-12-19T01:08:01.163+0000] {processor.py:161} INFO - Started process (PID=57701) to work on /home/airflow/.local/lib/python3.12/site-packages/airflow/example_dags/example_kubernetes_executor.py
[2025-12-19T01:08:01.165+0000] {processor.py:830} INFO - Processing file /home/airflow/.local/lib/python3.12/site-packages/airflow/example_dags/example_kubernetes_executor.py for tasks to queue
[2025-12-19T01:08:01.166+0000] {logging_mixin.py:188} INFO - [2025-12-19T01:08:01.166+0000] {dagbag.py:545} INFO - Filling up the DagBag from /home/airflow/.local/lib/python3.12/site-packages/airflow/example_dags/example_kubernetes_executor.py
[2025-12-19T01:08:01.175+0000] {processor.py:840} INFO - DAG(s) 'example_kubernetes_executor' retrieved from /home/airflow/.local/lib/python3.12/site-packages/airflow/example_dags/example_kubernetes_executor.py
[2025-12-19T01:08:01.207+0000] {logging_mixin.py:188} INFO - [2025-12-19T01:08:01.207+0000] {dag.py:3089} INFO - Sync 1 DAGs
[2025-12-19T01:08:01.221+0000] {logging_mixin.py:188} INFO - [2025-12-19T01:08:01.220+0000] {dag.py:3947} INFO - Setting next_dagrun for example_kubernetes_executor to None, run_after=None
[2025-12-19T01:08:01.236+0000] {processor.py:183} INFO - Processing /home/airflow/.local/lib/python3.12/site-packages/airflow/example_dags/example_kubernetes_executor.py took 0.078 seconds
[2025-12-19T02:16:04.549+0000] {processor.py:161} INFO - Started process (PID=57760) to work on /home/airflow/.local/lib/python3.12/site-packages/airflow/example_dags/example_kubernetes_executor.py
[2025-12-19T02:16:04.550+0000] {processor.py:830} INFO - Processing file /home/airflow/.local/lib/python3.12/site-packages/airflow/example_dags/example_kubernetes_executor.py for tasks to queue
[2025-12-19T02:16:04.551+0000] {logging_mixin.py:188} INFO - [2025-12-19T02:16:04.551+0000] {dagbag.py:545} INFO - Filling up the DagBag from /home/airflow/.local/lib/python3.12/site-packages/airflow/example_dags/example_kubernetes_executor.py
[2025-12-19T02:16:04.566+0000] {processor.py:840} INFO - DAG(s) 'example_kubernetes_executor' retrieved from /home/airflow/.local/lib/python3.12/site-packages/airflow/example_dags/example_kubernetes_executor.py
[2025-12-19T02:16:04.590+0000] {logging_mixin.py:188} INFO - [2025-12-19T02:16:04.590+0000] {dag.py:3089} INFO - Sync 1 DAGs
[2025-12-19T02:16:04.596+0000] {logging_mixin.py:188} INFO - [2025-12-19T02:16:04.596+0000] {dag.py:3947} INFO - Setting next_dagrun for example_kubernetes_executor to None, run_after=None
[2025-12-19T02:16:04.603+0000] {processor.py:183} INFO - Processing /home/airflow/.local/lib/python3.12/site-packages/airflow/example_dags/example_kubernetes_executor.py took 0.057 seconds
[2025-12-19T03:53:39.028+0000] {processor.py:161} INFO - Started process (PID=57819) to work on /home/airflow/.local/lib/python3.12/site-packages/airflow/example_dags/example_kubernetes_executor.py
[2025-12-19T03:53:39.028+0000] {processor.py:830} INFO - Processing file /home/airflow/.local/lib/python3.12/site-packages/airflow/example_dags/example_kubernetes_executor.py for tasks to queue
[2025-12-19T03:53:39.029+0000] {logging_mixin.py:188} INFO - [2025-12-19T03:53:39.029+0000] {dagbag.py:545} INFO - Filling up the DagBag from /home/airflow/.local/lib/python3.12/site-packages/airflow/example_dags/example_kubernetes_executor.py
[2025-12-19T03:53:39.035+0000] {processor.py:840} INFO - DAG(s) 'example_kubernetes_executor' retrieved from /home/airflow/.local/lib/python3.12/site-packages/airflow/example_dags/example_kubernetes_executor.py
[2025-12-19T03:53:39.055+0000] {logging_mixin.py:188} INFO - [2025-12-19T03:53:39.055+0000] {dag.py:3089} INFO - Sync 1 DAGs
[2025-12-19T03:53:39.063+0000] {logging_mixin.py:188} INFO - [2025-12-19T03:53:39.063+0000] {dag.py:3947} INFO - Setting next_dagrun for example_kubernetes_executor to None, run_after=None
[2025-12-19T03:53:39.072+0000] {processor.py:183} INFO - Processing /home/airflow/.local/lib/python3.12/site-packages/airflow/example_dags/example_kubernetes_executor.py took 0.047 seconds
[2025-12-19T05:18:12.541+0000] {processor.py:161} INFO - Started process (PID=57878) to work on /home/airflow/.local/lib/python3.12/site-packages/airflow/example_dags/example_kubernetes_executor.py
[2025-12-19T05:18:12.542+0000] {processor.py:830} INFO - Processing file /home/airflow/.local/lib/python3.12/site-packages/airflow/example_dags/example_kubernetes_executor.py for tasks to queue
[2025-12-19T05:18:12.542+0000] {logging_mixin.py:188} INFO - [2025-12-19T05:18:12.542+0000] {dagbag.py:545} INFO - Filling up the DagBag from /home/airflow/.local/lib/python3.12/site-packages/airflow/example_dags/example_kubernetes_executor.py
[2025-12-19T05:18:12.548+0000] {processor.py:840} INFO - DAG(s) 'example_kubernetes_executor' retrieved from /home/airflow/.local/lib/python3.12/site-packages/airflow/example_dags/example_kubernetes_executor.py
[2025-12-19T05:18:12.567+0000] {logging_mixin.py:188} INFO - [2025-12-19T05:18:12.567+0000] {dag.py:3089} INFO - Sync 1 DAGs
[2025-12-19T05:18:12.573+0000] {logging_mixin.py:188} INFO - [2025-12-19T05:18:12.573+0000] {dag.py:3947} INFO - Setting next_dagrun for example_kubernetes_executor to None, run_after=None
[2025-12-19T05:18:12.580+0000] {processor.py:183} INFO - Processing /home/airflow/.local/lib/python3.12/site-packages/airflow/example_dags/example_kubernetes_executor.py took 0.042 seconds
[2025-12-19T06:58:36.998+0000] {processor.py:161} INFO - Started process (PID=57937) to work on /home/airflow/.local/lib/python3.12/site-packages/airflow/example_dags/example_kubernetes_executor.py
[2025-12-19T06:58:37.001+0000] {processor.py:830} INFO - Processing file /home/airflow/.local/lib/python3.12/site-packages/airflow/example_dags/example_kubernetes_executor.py for tasks to queue
[2025-12-19T06:58:37.001+0000] {logging_mixin.py:188} INFO - [2025-12-19T06:58:37.001+0000] {dagbag.py:545} INFO - Filling up the DagBag from /home/airflow/.local/lib/python3.12/site-packages/airflow/example_dags/example_kubernetes_executor.py
[2025-12-19T06:58:37.008+0000] {processor.py:840} INFO - DAG(s) 'example_kubernetes_executor' retrieved from /home/airflow/.local/lib/python3.12/site-packages/airflow/example_dags/example_kubernetes_executor.py
[2025-12-19T06:58:37.032+0000] {logging_mixin.py:188} INFO - [2025-12-19T06:58:37.032+0000] {dag.py:3089} INFO - Sync 1 DAGs
[2025-12-19T06:58:37.038+0000] {logging_mixin.py:188} INFO - [2025-12-19T06:58:37.038+0000] {dag.py:3947} INFO - Setting next_dagrun for example_kubernetes_executor to None, run_after=None
[2025-12-19T06:58:37.046+0000] {processor.py:183} INFO - Processing /home/airflow/.local/lib/python3.12/site-packages/airflow/example_dags/example_kubernetes_executor.py took 0.051 seconds
[2025-12-19T08:03:02.858+0000] {processor.py:161} INFO - Started process (PID=57996) to work on /home/airflow/.local/lib/python3.12/site-packages/airflow/example_dags/example_kubernetes_executor.py
[2025-12-19T08:03:02.859+0000] {processor.py:830} INFO - Processing file /home/airflow/.local/lib/python3.12/site-packages/airflow/example_dags/example_kubernetes_executor.py for tasks to queue
[2025-12-19T08:03:02.860+0000] {logging_mixin.py:188} INFO - [2025-12-19T08:03:02.860+0000] {dagbag.py:545} INFO - Filling up the DagBag from /home/airflow/.local/lib/python3.12/site-packages/airflow/example_dags/example_kubernetes_executor.py
[2025-12-19T08:03:02.870+0000] {processor.py:840} INFO - DAG(s) 'example_kubernetes_executor' retrieved from /home/airflow/.local/lib/python3.12/site-packages/airflow/example_dags/example_kubernetes_executor.py
[2025-12-19T08:03:02.898+0000] {logging_mixin.py:188} INFO - [2025-12-19T08:03:02.898+0000] {dag.py:3089} INFO - Sync 1 DAGs
[2025-12-19T08:03:02.906+0000] {logging_mixin.py:188} INFO - [2025-12-19T08:03:02.906+0000] {dag.py:3947} INFO - Setting next_dagrun for example_kubernetes_executor to None, run_after=None
[2025-12-19T08:03:02.920+0000] {processor.py:183} INFO - Processing /home/airflow/.local/lib/python3.12/site-packages/airflow/example_dags/example_kubernetes_executor.py took 0.066 seconds
[2025-12-19T09:19:29.362+0000] {processor.py:161} INFO - Started process (PID=58055) to work on /home/airflow/.local/lib/python3.12/site-packages/airflow/example_dags/example_kubernetes_executor.py
[2025-12-19T09:19:29.364+0000] {processor.py:830} INFO - Processing file /home/airflow/.local/lib/python3.12/site-packages/airflow/example_dags/example_kubernetes_executor.py for tasks to queue
[2025-12-19T09:19:29.365+0000] {logging_mixin.py:188} INFO - [2025-12-19T09:19:29.365+0000] {dagbag.py:545} INFO - Filling up the DagBag from /home/airflow/.local/lib/python3.12/site-packages/airflow/example_dags/example_kubernetes_executor.py
[2025-12-19T09:19:29.376+0000] {processor.py:840} INFO - DAG(s) 'example_kubernetes_executor' retrieved from /home/airflow/.local/lib/python3.12/site-packages/airflow/example_dags/example_kubernetes_executor.py
[2025-12-19T09:19:29.414+0000] {logging_mixin.py:188} INFO - [2025-12-19T09:19:29.414+0000] {dag.py:3089} INFO - Sync 1 DAGs
[2025-12-19T09:19:29.423+0000] {logging_mixin.py:188} INFO - [2025-12-19T09:19:29.423+0000] {dag.py:3947} INFO - Setting next_dagrun for example_kubernetes_executor to None, run_after=None
[2025-12-19T09:19:29.436+0000] {processor.py:183} INFO - Processing /home/airflow/.local/lib/python3.12/site-packages/airflow/example_dags/example_kubernetes_executor.py took 0.078 seconds
[2025-12-19T09:57:39.290+0000] {processor.py:161} INFO - Started process (PID=58114) to work on /home/airflow/.local/lib/python3.12/site-packages/airflow/example_dags/example_kubernetes_executor.py
[2025-12-19T09:57:39.291+0000] {processor.py:830} INFO - Processing file /home/airflow/.local/lib/python3.12/site-packages/airflow/example_dags/example_kubernetes_executor.py for tasks to queue
[2025-12-19T09:57:39.292+0000] {logging_mixin.py:188} INFO - [2025-12-19T09:57:39.291+0000] {dagbag.py:545} INFO - Filling up the DagBag from /home/airflow/.local/lib/python3.12/site-packages/airflow/example_dags/example_kubernetes_executor.py
[2025-12-19T09:57:39.301+0000] {processor.py:840} INFO - DAG(s) 'example_kubernetes_executor' retrieved from /home/airflow/.local/lib/python3.12/site-packages/airflow/example_dags/example_kubernetes_executor.py
[2025-12-19T09:57:39.328+0000] {logging_mixin.py:188} INFO - [2025-12-19T09:57:39.328+0000] {dag.py:3089} INFO - Sync 1 DAGs
[2025-12-19T09:57:39.337+0000] {logging_mixin.py:188} INFO - [2025-12-19T09:57:39.337+0000] {dag.py:3947} INFO - Setting next_dagrun for example_kubernetes_executor to None, run_after=None
[2025-12-19T09:57:39.350+0000] {processor.py:183} INFO - Processing /home/airflow/.local/lib/python3.12/site-packages/airflow/example_dags/example_kubernetes_executor.py took 0.065 seconds
[2025-12-19T10:46:48.702+0000] {processor.py:161} INFO - Started process (PID=58173) to work on /home/airflow/.local/lib/python3.12/site-packages/airflow/example_dags/example_kubernetes_executor.py
[2025-12-19T10:46:48.708+0000] {processor.py:830} INFO - Processing file /home/airflow/.local/lib/python3.12/site-packages/airflow/example_dags/example_kubernetes_executor.py for tasks to queue
[2025-12-19T10:46:48.709+0000] {logging_mixin.py:188} INFO - [2025-12-19T10:46:48.708+0000] {dagbag.py:545} INFO - Filling up the DagBag from /home/airflow/.local/lib/python3.12/site-packages/airflow/example_dags/example_kubernetes_executor.py
[2025-12-19T10:46:48.735+0000] {processor.py:840} INFO - DAG(s) 'example_kubernetes_executor' retrieved from /home/airflow/.local/lib/python3.12/site-packages/airflow/example_dags/example_kubernetes_executor.py
[2025-12-19T10:46:48.800+0000] {logging_mixin.py:188} INFO - [2025-12-19T10:46:48.800+0000] {dag.py:3089} INFO - Sync 1 DAGs
[2025-12-19T10:46:48.819+0000] {logging_mixin.py:188} INFO - [2025-12-19T10:46:48.819+0000] {dag.py:3947} INFO - Setting next_dagrun for example_kubernetes_executor to None, run_after=None
[2025-12-19T10:46:48.847+0000] {processor.py:183} INFO - Processing /home/airflow/.local/lib/python3.12/site-packages/airflow/example_dags/example_kubernetes_executor.py took 0.164 seconds
[2025-12-19T11:37:08.988+0000] {processor.py:161} INFO - Started process (PID=58232) to work on /home/airflow/.local/lib/python3.12/site-packages/airflow/example_dags/example_kubernetes_executor.py
[2025-12-19T11:37:08.989+0000] {processor.py:830} INFO - Processing file /home/airflow/.local/lib/python3.12/site-packages/airflow/example_dags/example_kubernetes_executor.py for tasks to queue
[2025-12-19T11:37:08.990+0000] {logging_mixin.py:188} INFO - [2025-12-19T11:37:08.989+0000] {dagbag.py:545} INFO - Filling up the DagBag from /home/airflow/.local/lib/python3.12/site-packages/airflow/example_dags/example_kubernetes_executor.py
[2025-12-19T11:37:09.002+0000] {processor.py:840} INFO - DAG(s) 'example_kubernetes_executor' retrieved from /home/airflow/.local/lib/python3.12/site-packages/airflow/example_dags/example_kubernetes_executor.py
[2025-12-19T11:37:09.044+0000] {logging_mixin.py:188} INFO - [2025-12-19T11:37:09.044+0000] {dag.py:3089} INFO - Sync 1 DAGs
[2025-12-19T11:37:09.075+0000] {logging_mixin.py:188} INFO - [2025-12-19T11:37:09.074+0000] {dag.py:3947} INFO - Setting next_dagrun for example_kubernetes_executor to None, run_after=None
[2025-12-19T11:37:09.115+0000] {processor.py:183} INFO - Processing /home/airflow/.local/lib/python3.12/site-packages/airflow/example_dags/example_kubernetes_executor.py took 0.134 seconds
[2025-12-19T12:40:30.686+0000] {processor.py:161} INFO - Started process (PID=58291) to work on /home/airflow/.local/lib/python3.12/site-packages/airflow/example_dags/example_kubernetes_executor.py
[2025-12-19T12:40:30.689+0000] {processor.py:830} INFO - Processing file /home/airflow/.local/lib/python3.12/site-packages/airflow/example_dags/example_kubernetes_executor.py for tasks to queue
[2025-12-19T12:40:30.690+0000] {logging_mixin.py:188} INFO - [2025-12-19T12:40:30.690+0000] {dagbag.py:545} INFO - Filling up the DagBag from /home/airflow/.local/lib/python3.12/site-packages/airflow/example_dags/example_kubernetes_executor.py
[2025-12-19T12:40:30.701+0000] {processor.py:840} INFO - DAG(s) 'example_kubernetes_executor' retrieved from /home/airflow/.local/lib/python3.12/site-packages/airflow/example_dags/example_kubernetes_executor.py
[2025-12-19T12:40:30.735+0000] {logging_mixin.py:188} INFO - [2025-12-19T12:40:30.735+0000] {dag.py:3089} INFO - Sync 1 DAGs
[2025-12-19T12:40:30.746+0000] {logging_mixin.py:188} INFO - [2025-12-19T12:40:30.746+0000] {dag.py:3947} INFO - Setting next_dagrun for example_kubernetes_executor to None, run_after=None
[2025-12-19T12:40:30.768+0000] {processor.py:183} INFO - Processing /home/airflow/.local/lib/python3.12/site-packages/airflow/example_dags/example_kubernetes_executor.py took 0.087 seconds
[2025-12-19T13:57:45.349+0000] {processor.py:161} INFO - Started process (PID=58350) to work on /home/airflow/.local/lib/python3.12/site-packages/airflow/example_dags/example_kubernetes_executor.py
[2025-12-19T13:57:45.350+0000] {processor.py:830} INFO - Processing file /home/airflow/.local/lib/python3.12/site-packages/airflow/example_dags/example_kubernetes_executor.py for tasks to queue
[2025-12-19T13:57:45.351+0000] {logging_mixin.py:188} INFO - [2025-12-19T13:57:45.351+0000] {dagbag.py:545} INFO - Filling up the DagBag from /home/airflow/.local/lib/python3.12/site-packages/airflow/example_dags/example_kubernetes_executor.py
[2025-12-19T13:57:45.368+0000] {processor.py:840} INFO - DAG(s) 'example_kubernetes_executor' retrieved from /home/airflow/.local/lib/python3.12/site-packages/airflow/example_dags/example_kubernetes_executor.py
[2025-12-19T13:57:45.405+0000] {logging_mixin.py:188} INFO - [2025-12-19T13:57:45.404+0000] {dag.py:3089} INFO - Sync 1 DAGs
[2025-12-19T13:57:45.415+0000] {logging_mixin.py:188} INFO - [2025-12-19T13:57:45.415+0000] {dag.py:3947} INFO - Setting next_dagrun for example_kubernetes_executor to None, run_after=None
[2025-12-19T13:57:45.437+0000] {processor.py:183} INFO - Processing /home/airflow/.local/lib/python3.12/site-packages/airflow/example_dags/example_kubernetes_executor.py took 0.096 seconds
[2025-12-19T14:41:23.656+0000] {processor.py:161} INFO - Started process (PID=58415) to work on /home/airflow/.local/lib/python3.12/site-packages/airflow/example_dags/example_kubernetes_executor.py
[2025-12-19T14:41:23.663+0000] {processor.py:830} INFO - Processing file /home/airflow/.local/lib/python3.12/site-packages/airflow/example_dags/example_kubernetes_executor.py for tasks to queue
[2025-12-19T14:41:23.664+0000] {logging_mixin.py:188} INFO - [2025-12-19T14:41:23.663+0000] {dagbag.py:545} INFO - Filling up the DagBag from /home/airflow/.local/lib/python3.12/site-packages/airflow/example_dags/example_kubernetes_executor.py
[2025-12-19T14:41:23.680+0000] {processor.py:840} INFO - DAG(s) 'example_kubernetes_executor' retrieved from /home/airflow/.local/lib/python3.12/site-packages/airflow/example_dags/example_kubernetes_executor.py
[2025-12-19T14:41:23.721+0000] {logging_mixin.py:188} INFO - [2025-12-19T14:41:23.720+0000] {dag.py:3089} INFO - Sync 1 DAGs
[2025-12-19T14:41:23.732+0000] {logging_mixin.py:188} INFO - [2025-12-19T14:41:23.732+0000] {dag.py:3947} INFO - Setting next_dagrun for example_kubernetes_executor to None, run_after=None
[2025-12-19T14:41:23.761+0000] {processor.py:183} INFO - Processing /home/airflow/.local/lib/python3.12/site-packages/airflow/example_dags/example_kubernetes_executor.py took 0.111 seconds
[2025-12-19T14:41:54.392+0000] {processor.py:161} INFO - Started process (PID=58474) to work on /home/airflow/.local/lib/python3.12/site-packages/airflow/example_dags/example_kubernetes_executor.py
[2025-12-19T14:41:54.393+0000] {processor.py:830} INFO - Processing file /home/airflow/.local/lib/python3.12/site-packages/airflow/example_dags/example_kubernetes_executor.py for tasks to queue
[2025-12-19T14:41:54.394+0000] {logging_mixin.py:188} INFO - [2025-12-19T14:41:54.394+0000] {dagbag.py:545} INFO - Filling up the DagBag from /home/airflow/.local/lib/python3.12/site-packages/airflow/example_dags/example_kubernetes_executor.py
[2025-12-19T14:41:54.403+0000] {processor.py:840} INFO - DAG(s) 'example_kubernetes_executor' retrieved from /home/airflow/.local/lib/python3.12/site-packages/airflow/example_dags/example_kubernetes_executor.py
[2025-12-19T14:41:54.439+0000] {logging_mixin.py:188} INFO - [2025-12-19T14:41:54.439+0000] {dag.py:3089} INFO - Sync 1 DAGs
[2025-12-19T14:41:54.455+0000] {logging_mixin.py:188} INFO - [2025-12-19T14:41:54.455+0000] {dag.py:3947} INFO - Setting next_dagrun for example_kubernetes_executor to None, run_after=None
[2025-12-19T14:41:54.476+0000] {processor.py:183} INFO - Processing /home/airflow/.local/lib/python3.12/site-packages/airflow/example_dags/example_kubernetes_executor.py took 0.089 seconds
