[2025-12-19T01:08:00.685+0000] {processor.py:161} INFO - Started process (PID=57689) to work on /home/airflow/.local/lib/python3.12/site-packages/airflow/example_dags/example_params_ui_tutorial.py
[2025-12-19T01:08:00.685+0000] {processor.py:830} INFO - Processing file /home/airflow/.local/lib/python3.12/site-packages/airflow/example_dags/example_params_ui_tutorial.py for tasks to queue
[2025-12-19T01:08:00.686+0000] {logging_mixin.py:188} INFO - [2025-12-19T01:08:00.685+0000] {dagbag.py:545} INFO - Filling up the DagBag from /home/airflow/.local/lib/python3.12/site-packages/airflow/example_dags/example_params_ui_tutorial.py
[2025-12-19T01:08:00.689+0000] {processor.py:840} INFO - DAG(s) 'example_params_ui_tutorial' retrieved from /home/airflow/.local/lib/python3.12/site-packages/airflow/example_dags/example_params_ui_tutorial.py
[2025-12-19T01:08:00.766+0000] {logging_mixin.py:188} INFO - [2025-12-19T01:08:00.766+0000] {dag.py:3089} INFO - Sync 1 DAGs
[2025-12-19T01:08:00.774+0000] {logging_mixin.py:188} INFO - [2025-12-19T01:08:00.774+0000] {dag.py:3947} INFO - Setting next_dagrun for example_params_ui_tutorial to None, run_after=None
[2025-12-19T01:08:00.788+0000] {processor.py:183} INFO - Processing /home/airflow/.local/lib/python3.12/site-packages/airflow/example_dags/example_params_ui_tutorial.py took 0.106 seconds
[2025-12-19T02:16:04.227+0000] {processor.py:161} INFO - Started process (PID=57748) to work on /home/airflow/.local/lib/python3.12/site-packages/airflow/example_dags/example_params_ui_tutorial.py
[2025-12-19T02:16:04.227+0000] {processor.py:830} INFO - Processing file /home/airflow/.local/lib/python3.12/site-packages/airflow/example_dags/example_params_ui_tutorial.py for tasks to queue
[2025-12-19T02:16:04.228+0000] {logging_mixin.py:188} INFO - [2025-12-19T02:16:04.227+0000] {dagbag.py:545} INFO - Filling up the DagBag from /home/airflow/.local/lib/python3.12/site-packages/airflow/example_dags/example_params_ui_tutorial.py
[2025-12-19T02:16:04.231+0000] {processor.py:840} INFO - DAG(s) 'example_params_ui_tutorial' retrieved from /home/airflow/.local/lib/python3.12/site-packages/airflow/example_dags/example_params_ui_tutorial.py
[2025-12-19T02:16:04.250+0000] {logging_mixin.py:188} INFO - [2025-12-19T02:16:04.250+0000] {dag.py:3089} INFO - Sync 1 DAGs
[2025-12-19T02:16:04.254+0000] {logging_mixin.py:188} INFO - [2025-12-19T02:16:04.254+0000] {dag.py:3947} INFO - Setting next_dagrun for example_params_ui_tutorial to None, run_after=None
[2025-12-19T02:16:04.261+0000] {processor.py:183} INFO - Processing /home/airflow/.local/lib/python3.12/site-packages/airflow/example_dags/example_params_ui_tutorial.py took 0.038 seconds
[2025-12-19T03:53:38.654+0000] {processor.py:161} INFO - Started process (PID=57807) to work on /home/airflow/.local/lib/python3.12/site-packages/airflow/example_dags/example_params_ui_tutorial.py
[2025-12-19T03:53:38.654+0000] {processor.py:830} INFO - Processing file /home/airflow/.local/lib/python3.12/site-packages/airflow/example_dags/example_params_ui_tutorial.py for tasks to queue
[2025-12-19T03:53:38.655+0000] {logging_mixin.py:188} INFO - [2025-12-19T03:53:38.655+0000] {dagbag.py:545} INFO - Filling up the DagBag from /home/airflow/.local/lib/python3.12/site-packages/airflow/example_dags/example_params_ui_tutorial.py
[2025-12-19T03:53:38.662+0000] {processor.py:840} INFO - DAG(s) 'example_params_ui_tutorial' retrieved from /home/airflow/.local/lib/python3.12/site-packages/airflow/example_dags/example_params_ui_tutorial.py
[2025-12-19T03:53:38.691+0000] {logging_mixin.py:188} INFO - [2025-12-19T03:53:38.691+0000] {dag.py:3089} INFO - Sync 1 DAGs
[2025-12-19T03:53:38.697+0000] {logging_mixin.py:188} INFO - [2025-12-19T03:53:38.697+0000] {dag.py:3947} INFO - Setting next_dagrun for example_params_ui_tutorial to None, run_after=None
[2025-12-19T03:53:38.705+0000] {processor.py:183} INFO - Processing /home/airflow/.local/lib/python3.12/site-packages/airflow/example_dags/example_params_ui_tutorial.py took 0.055 seconds
[2025-12-19T05:18:12.196+0000] {processor.py:161} INFO - Started process (PID=57866) to work on /home/airflow/.local/lib/python3.12/site-packages/airflow/example_dags/example_params_ui_tutorial.py
[2025-12-19T05:18:12.197+0000] {processor.py:830} INFO - Processing file /home/airflow/.local/lib/python3.12/site-packages/airflow/example_dags/example_params_ui_tutorial.py for tasks to queue
[2025-12-19T05:18:12.197+0000] {logging_mixin.py:188} INFO - [2025-12-19T05:18:12.197+0000] {dagbag.py:545} INFO - Filling up the DagBag from /home/airflow/.local/lib/python3.12/site-packages/airflow/example_dags/example_params_ui_tutorial.py
[2025-12-19T05:18:12.200+0000] {processor.py:840} INFO - DAG(s) 'example_params_ui_tutorial' retrieved from /home/airflow/.local/lib/python3.12/site-packages/airflow/example_dags/example_params_ui_tutorial.py
[2025-12-19T05:18:12.230+0000] {logging_mixin.py:188} INFO - [2025-12-19T05:18:12.230+0000] {dag.py:3089} INFO - Sync 1 DAGs
[2025-12-19T05:18:12.237+0000] {logging_mixin.py:188} INFO - [2025-12-19T05:18:12.237+0000] {dag.py:3947} INFO - Setting next_dagrun for example_params_ui_tutorial to None, run_after=None
[2025-12-19T05:18:12.247+0000] {processor.py:183} INFO - Processing /home/airflow/.local/lib/python3.12/site-packages/airflow/example_dags/example_params_ui_tutorial.py took 0.054 seconds
[2025-12-19T06:58:36.655+0000] {processor.py:161} INFO - Started process (PID=57925) to work on /home/airflow/.local/lib/python3.12/site-packages/airflow/example_dags/example_params_ui_tutorial.py
[2025-12-19T06:58:36.655+0000] {processor.py:830} INFO - Processing file /home/airflow/.local/lib/python3.12/site-packages/airflow/example_dags/example_params_ui_tutorial.py for tasks to queue
[2025-12-19T06:58:36.659+0000] {logging_mixin.py:188} INFO - [2025-12-19T06:58:36.659+0000] {dagbag.py:545} INFO - Filling up the DagBag from /home/airflow/.local/lib/python3.12/site-packages/airflow/example_dags/example_params_ui_tutorial.py
[2025-12-19T06:58:36.663+0000] {processor.py:840} INFO - DAG(s) 'example_params_ui_tutorial' retrieved from /home/airflow/.local/lib/python3.12/site-packages/airflow/example_dags/example_params_ui_tutorial.py
[2025-12-19T06:58:36.691+0000] {logging_mixin.py:188} INFO - [2025-12-19T06:58:36.691+0000] {dag.py:3089} INFO - Sync 1 DAGs
[2025-12-19T06:58:36.698+0000] {logging_mixin.py:188} INFO - [2025-12-19T06:58:36.698+0000] {dag.py:3947} INFO - Setting next_dagrun for example_params_ui_tutorial to None, run_after=None
[2025-12-19T06:58:36.710+0000] {processor.py:183} INFO - Processing /home/airflow/.local/lib/python3.12/site-packages/airflow/example_dags/example_params_ui_tutorial.py took 0.058 seconds
[2025-12-19T08:03:02.477+0000] {processor.py:161} INFO - Started process (PID=57984) to work on /home/airflow/.local/lib/python3.12/site-packages/airflow/example_dags/example_params_ui_tutorial.py
[2025-12-19T08:03:02.478+0000] {processor.py:830} INFO - Processing file /home/airflow/.local/lib/python3.12/site-packages/airflow/example_dags/example_params_ui_tutorial.py for tasks to queue
[2025-12-19T08:03:02.479+0000] {logging_mixin.py:188} INFO - [2025-12-19T08:03:02.479+0000] {dagbag.py:545} INFO - Filling up the DagBag from /home/airflow/.local/lib/python3.12/site-packages/airflow/example_dags/example_params_ui_tutorial.py
[2025-12-19T08:03:02.483+0000] {processor.py:840} INFO - DAG(s) 'example_params_ui_tutorial' retrieved from /home/airflow/.local/lib/python3.12/site-packages/airflow/example_dags/example_params_ui_tutorial.py
[2025-12-19T08:03:02.523+0000] {logging_mixin.py:188} INFO - [2025-12-19T08:03:02.523+0000] {dag.py:3089} INFO - Sync 1 DAGs
[2025-12-19T08:03:02.533+0000] {logging_mixin.py:188} INFO - [2025-12-19T08:03:02.533+0000] {dag.py:3947} INFO - Setting next_dagrun for example_params_ui_tutorial to None, run_after=None
[2025-12-19T08:03:02.543+0000] {processor.py:183} INFO - Processing /home/airflow/.local/lib/python3.12/site-packages/airflow/example_dags/example_params_ui_tutorial.py took 0.075 seconds
[2025-12-19T09:19:28.736+0000] {processor.py:161} INFO - Started process (PID=58043) to work on /home/airflow/.local/lib/python3.12/site-packages/airflow/example_dags/example_params_ui_tutorial.py
[2025-12-19T09:19:28.737+0000] {processor.py:830} INFO - Processing file /home/airflow/.local/lib/python3.12/site-packages/airflow/example_dags/example_params_ui_tutorial.py for tasks to queue
[2025-12-19T09:19:28.738+0000] {logging_mixin.py:188} INFO - [2025-12-19T09:19:28.738+0000] {dagbag.py:545} INFO - Filling up the DagBag from /home/airflow/.local/lib/python3.12/site-packages/airflow/example_dags/example_params_ui_tutorial.py
[2025-12-19T09:19:28.745+0000] {processor.py:840} INFO - DAG(s) 'example_params_ui_tutorial' retrieved from /home/airflow/.local/lib/python3.12/site-packages/airflow/example_dags/example_params_ui_tutorial.py
[2025-12-19T09:19:28.793+0000] {logging_mixin.py:188} INFO - [2025-12-19T09:19:28.793+0000] {dag.py:3089} INFO - Sync 1 DAGs
[2025-12-19T09:19:28.803+0000] {logging_mixin.py:188} INFO - [2025-12-19T09:19:28.802+0000] {dag.py:3947} INFO - Setting next_dagrun for example_params_ui_tutorial to None, run_after=None
[2025-12-19T09:19:28.818+0000] {processor.py:183} INFO - Processing /home/airflow/.local/lib/python3.12/site-packages/airflow/example_dags/example_params_ui_tutorial.py took 0.087 seconds
[2025-12-19T09:57:38.652+0000] {processor.py:161} INFO - Started process (PID=58102) to work on /home/airflow/.local/lib/python3.12/site-packages/airflow/example_dags/example_params_ui_tutorial.py
[2025-12-19T09:57:38.654+0000] {processor.py:830} INFO - Processing file /home/airflow/.local/lib/python3.12/site-packages/airflow/example_dags/example_params_ui_tutorial.py for tasks to queue
[2025-12-19T09:57:38.655+0000] {logging_mixin.py:188} INFO - [2025-12-19T09:57:38.655+0000] {dagbag.py:545} INFO - Filling up the DagBag from /home/airflow/.local/lib/python3.12/site-packages/airflow/example_dags/example_params_ui_tutorial.py
[2025-12-19T09:57:38.662+0000] {processor.py:840} INFO - DAG(s) 'example_params_ui_tutorial' retrieved from /home/airflow/.local/lib/python3.12/site-packages/airflow/example_dags/example_params_ui_tutorial.py
[2025-12-19T09:57:38.708+0000] {logging_mixin.py:188} INFO - [2025-12-19T09:57:38.708+0000] {dag.py:3089} INFO - Sync 1 DAGs
[2025-12-19T09:57:38.719+0000] {logging_mixin.py:188} INFO - [2025-12-19T09:57:38.719+0000] {dag.py:3947} INFO - Setting next_dagrun for example_params_ui_tutorial to None, run_after=None
[2025-12-19T09:57:38.744+0000] {processor.py:183} INFO - Processing /home/airflow/.local/lib/python3.12/site-packages/airflow/example_dags/example_params_ui_tutorial.py took 0.097 seconds
[2025-12-19T10:46:47.412+0000] {processor.py:161} INFO - Started process (PID=58161) to work on /home/airflow/.local/lib/python3.12/site-packages/airflow/example_dags/example_params_ui_tutorial.py
[2025-12-19T10:46:47.426+0000] {processor.py:830} INFO - Processing file /home/airflow/.local/lib/python3.12/site-packages/airflow/example_dags/example_params_ui_tutorial.py for tasks to queue
[2025-12-19T10:46:47.429+0000] {logging_mixin.py:188} INFO - [2025-12-19T10:46:47.429+0000] {dagbag.py:545} INFO - Filling up the DagBag from /home/airflow/.local/lib/python3.12/site-packages/airflow/example_dags/example_params_ui_tutorial.py
[2025-12-19T10:46:47.454+0000] {processor.py:840} INFO - DAG(s) 'example_params_ui_tutorial' retrieved from /home/airflow/.local/lib/python3.12/site-packages/airflow/example_dags/example_params_ui_tutorial.py
[2025-12-19T10:46:47.569+0000] {logging_mixin.py:188} INFO - [2025-12-19T10:46:47.569+0000] {dag.py:3089} INFO - Sync 1 DAGs
[2025-12-19T10:46:47.593+0000] {logging_mixin.py:188} INFO - [2025-12-19T10:46:47.592+0000] {dag.py:3947} INFO - Setting next_dagrun for example_params_ui_tutorial to None, run_after=None
[2025-12-19T10:46:47.635+0000] {processor.py:183} INFO - Processing /home/airflow/.local/lib/python3.12/site-packages/airflow/example_dags/example_params_ui_tutorial.py took 0.252 seconds
[2025-12-19T11:37:07.905+0000] {processor.py:161} INFO - Started process (PID=58220) to work on /home/airflow/.local/lib/python3.12/site-packages/airflow/example_dags/example_params_ui_tutorial.py
[2025-12-19T11:37:07.907+0000] {processor.py:830} INFO - Processing file /home/airflow/.local/lib/python3.12/site-packages/airflow/example_dags/example_params_ui_tutorial.py for tasks to queue
[2025-12-19T11:37:07.912+0000] {logging_mixin.py:188} INFO - [2025-12-19T11:37:07.912+0000] {dagbag.py:545} INFO - Filling up the DagBag from /home/airflow/.local/lib/python3.12/site-packages/airflow/example_dags/example_params_ui_tutorial.py
[2025-12-19T11:37:07.924+0000] {processor.py:840} INFO - DAG(s) 'example_params_ui_tutorial' retrieved from /home/airflow/.local/lib/python3.12/site-packages/airflow/example_dags/example_params_ui_tutorial.py
[2025-12-19T11:37:07.995+0000] {logging_mixin.py:188} INFO - [2025-12-19T11:37:07.995+0000] {dag.py:3089} INFO - Sync 1 DAGs
[2025-12-19T11:37:08.023+0000] {logging_mixin.py:188} INFO - [2025-12-19T11:37:08.023+0000] {dag.py:3947} INFO - Setting next_dagrun for example_params_ui_tutorial to None, run_after=None
[2025-12-19T11:37:08.062+0000] {processor.py:183} INFO - Processing /home/airflow/.local/lib/python3.12/site-packages/airflow/example_dags/example_params_ui_tutorial.py took 0.165 seconds
[2025-12-19T12:40:30.118+0000] {processor.py:161} INFO - Started process (PID=58279) to work on /home/airflow/.local/lib/python3.12/site-packages/airflow/example_dags/example_params_ui_tutorial.py
[2025-12-19T12:40:30.122+0000] {processor.py:830} INFO - Processing file /home/airflow/.local/lib/python3.12/site-packages/airflow/example_dags/example_params_ui_tutorial.py for tasks to queue
[2025-12-19T12:40:30.123+0000] {logging_mixin.py:188} INFO - [2025-12-19T12:40:30.123+0000] {dagbag.py:545} INFO - Filling up the DagBag from /home/airflow/.local/lib/python3.12/site-packages/airflow/example_dags/example_params_ui_tutorial.py
[2025-12-19T12:40:30.129+0000] {processor.py:840} INFO - DAG(s) 'example_params_ui_tutorial' retrieved from /home/airflow/.local/lib/python3.12/site-packages/airflow/example_dags/example_params_ui_tutorial.py
[2025-12-19T12:40:30.176+0000] {logging_mixin.py:188} INFO - [2025-12-19T12:40:30.176+0000] {dag.py:3089} INFO - Sync 1 DAGs
[2025-12-19T12:40:30.186+0000] {logging_mixin.py:188} INFO - [2025-12-19T12:40:30.186+0000] {dag.py:3947} INFO - Setting next_dagrun for example_params_ui_tutorial to None, run_after=None
[2025-12-19T12:40:30.203+0000] {processor.py:183} INFO - Processing /home/airflow/.local/lib/python3.12/site-packages/airflow/example_dags/example_params_ui_tutorial.py took 0.091 seconds
[2025-12-19T13:57:44.786+0000] {processor.py:161} INFO - Started process (PID=58338) to work on /home/airflow/.local/lib/python3.12/site-packages/airflow/example_dags/example_params_ui_tutorial.py
[2025-12-19T13:57:44.788+0000] {processor.py:830} INFO - Processing file /home/airflow/.local/lib/python3.12/site-packages/airflow/example_dags/example_params_ui_tutorial.py for tasks to queue
[2025-12-19T13:57:44.789+0000] {logging_mixin.py:188} INFO - [2025-12-19T13:57:44.789+0000] {dagbag.py:545} INFO - Filling up the DagBag from /home/airflow/.local/lib/python3.12/site-packages/airflow/example_dags/example_params_ui_tutorial.py
[2025-12-19T13:57:44.799+0000] {processor.py:840} INFO - DAG(s) 'example_params_ui_tutorial' retrieved from /home/airflow/.local/lib/python3.12/site-packages/airflow/example_dags/example_params_ui_tutorial.py
[2025-12-19T13:57:44.837+0000] {logging_mixin.py:188} INFO - [2025-12-19T13:57:44.837+0000] {dag.py:3089} INFO - Sync 1 DAGs
[2025-12-19T13:57:44.846+0000] {logging_mixin.py:188} INFO - [2025-12-19T13:57:44.846+0000] {dag.py:3947} INFO - Setting next_dagrun for example_params_ui_tutorial to None, run_after=None
[2025-12-19T13:57:44.859+0000] {processor.py:183} INFO - Processing /home/airflow/.local/lib/python3.12/site-packages/airflow/example_dags/example_params_ui_tutorial.py took 0.082 seconds
[2025-12-19T14:41:22.961+0000] {processor.py:161} INFO - Started process (PID=58403) to work on /home/airflow/.local/lib/python3.12/site-packages/airflow/example_dags/example_params_ui_tutorial.py
[2025-12-19T14:41:22.965+0000] {processor.py:830} INFO - Processing file /home/airflow/.local/lib/python3.12/site-packages/airflow/example_dags/example_params_ui_tutorial.py for tasks to queue
[2025-12-19T14:41:22.967+0000] {logging_mixin.py:188} INFO - [2025-12-19T14:41:22.966+0000] {dagbag.py:545} INFO - Filling up the DagBag from /home/airflow/.local/lib/python3.12/site-packages/airflow/example_dags/example_params_ui_tutorial.py
[2025-12-19T14:41:22.977+0000] {processor.py:840} INFO - DAG(s) 'example_params_ui_tutorial' retrieved from /home/airflow/.local/lib/python3.12/site-packages/airflow/example_dags/example_params_ui_tutorial.py
[2025-12-19T14:41:23.037+0000] {logging_mixin.py:188} INFO - [2025-12-19T14:41:23.037+0000] {dag.py:3089} INFO - Sync 1 DAGs
[2025-12-19T14:41:23.055+0000] {logging_mixin.py:188} INFO - [2025-12-19T14:41:23.055+0000] {dag.py:3947} INFO - Setting next_dagrun for example_params_ui_tutorial to None, run_after=None
[2025-12-19T14:41:23.074+0000] {processor.py:183} INFO - Processing /home/airflow/.local/lib/python3.12/site-packages/airflow/example_dags/example_params_ui_tutorial.py took 0.124 seconds
[2025-12-19T14:41:53.811+0000] {processor.py:161} INFO - Started process (PID=58462) to work on /home/airflow/.local/lib/python3.12/site-packages/airflow/example_dags/example_params_ui_tutorial.py
[2025-12-19T14:41:53.812+0000] {processor.py:830} INFO - Processing file /home/airflow/.local/lib/python3.12/site-packages/airflow/example_dags/example_params_ui_tutorial.py for tasks to queue
[2025-12-19T14:41:53.812+0000] {logging_mixin.py:188} INFO - [2025-12-19T14:41:53.812+0000] {dagbag.py:545} INFO - Filling up the DagBag from /home/airflow/.local/lib/python3.12/site-packages/airflow/example_dags/example_params_ui_tutorial.py
[2025-12-19T14:41:53.817+0000] {processor.py:840} INFO - DAG(s) 'example_params_ui_tutorial' retrieved from /home/airflow/.local/lib/python3.12/site-packages/airflow/example_dags/example_params_ui_tutorial.py
[2025-12-19T14:41:53.860+0000] {logging_mixin.py:188} INFO - [2025-12-19T14:41:53.860+0000] {dag.py:3089} INFO - Sync 1 DAGs
[2025-12-19T14:41:53.876+0000] {logging_mixin.py:188} INFO - [2025-12-19T14:41:53.876+0000] {dag.py:3947} INFO - Setting next_dagrun for example_params_ui_tutorial to None, run_after=None
[2025-12-19T14:41:53.899+0000] {processor.py:183} INFO - Processing /home/airflow/.local/lib/python3.12/site-packages/airflow/example_dags/example_params_ui_tutorial.py took 0.093 seconds
