[2025-12-19T01:08:00.854+0000] {processor.py:161} INFO - Started process (PID=57694) to work on /home/airflow/.local/lib/python3.12/site-packages/airflow/example_dags/example_branch_labels.py
[2025-12-19T01:08:00.855+0000] {processor.py:830} INFO - Processing file /home/airflow/.local/lib/python3.12/site-packages/airflow/example_dags/example_branch_labels.py for tasks to queue
[2025-12-19T01:08:00.856+0000] {logging_mixin.py:188} INFO - [2025-12-19T01:08:00.856+0000] {dagbag.py:545} INFO - Filling up the DagBag from /home/airflow/.local/lib/python3.12/site-packages/airflow/example_dags/example_branch_labels.py
[2025-12-19T01:08:00.863+0000] {processor.py:840} INFO - DAG(s) 'example_branch_labels' retrieved from /home/airflow/.local/lib/python3.12/site-packages/airflow/example_dags/example_branch_labels.py
[2025-12-19T01:08:00.879+0000] {logging_mixin.py:188} INFO - [2025-12-19T01:08:00.878+0000] {dag.py:3089} INFO - Sync 1 DAGs
[2025-12-19T01:08:00.894+0000] {logging_mixin.py:188} INFO - [2025-12-19T01:08:00.894+0000] {dag.py:3947} INFO - Setting next_dagrun for example_branch_labels to 2025-12-18 00:00:00+00:00, run_after=2025-12-19 00:00:00+00:00
[2025-12-19T01:08:00.914+0000] {processor.py:183} INFO - Processing /home/airflow/.local/lib/python3.12/site-packages/airflow/example_dags/example_branch_labels.py took 0.065 seconds
[2025-12-19T02:16:04.364+0000] {processor.py:161} INFO - Started process (PID=57753) to work on /home/airflow/.local/lib/python3.12/site-packages/airflow/example_dags/example_branch_labels.py
[2025-12-19T02:16:04.364+0000] {processor.py:830} INFO - Processing file /home/airflow/.local/lib/python3.12/site-packages/airflow/example_dags/example_branch_labels.py for tasks to queue
[2025-12-19T02:16:04.364+0000] {logging_mixin.py:188} INFO - [2025-12-19T02:16:04.364+0000] {dagbag.py:545} INFO - Filling up the DagBag from /home/airflow/.local/lib/python3.12/site-packages/airflow/example_dags/example_branch_labels.py
[2025-12-19T02:16:04.368+0000] {processor.py:840} INFO - DAG(s) 'example_branch_labels' retrieved from /home/airflow/.local/lib/python3.12/site-packages/airflow/example_dags/example_branch_labels.py
[2025-12-19T02:16:04.377+0000] {logging_mixin.py:188} INFO - [2025-12-19T02:16:04.377+0000] {dag.py:3089} INFO - Sync 1 DAGs
[2025-12-19T02:16:04.385+0000] {logging_mixin.py:188} INFO - [2025-12-19T02:16:04.385+0000] {dag.py:3947} INFO - Setting next_dagrun for example_branch_labels to 2025-12-18 00:00:00+00:00, run_after=2025-12-19 00:00:00+00:00
[2025-12-19T02:16:04.391+0000] {processor.py:183} INFO - Processing /home/airflow/.local/lib/python3.12/site-packages/airflow/example_dags/example_branch_labels.py took 0.030 seconds
[2025-12-19T03:53:38.824+0000] {processor.py:161} INFO - Started process (PID=57812) to work on /home/airflow/.local/lib/python3.12/site-packages/airflow/example_dags/example_branch_labels.py
[2025-12-19T03:53:38.825+0000] {processor.py:830} INFO - Processing file /home/airflow/.local/lib/python3.12/site-packages/airflow/example_dags/example_branch_labels.py for tasks to queue
[2025-12-19T03:53:38.825+0000] {logging_mixin.py:188} INFO - [2025-12-19T03:53:38.825+0000] {dagbag.py:545} INFO - Filling up the DagBag from /home/airflow/.local/lib/python3.12/site-packages/airflow/example_dags/example_branch_labels.py
[2025-12-19T03:53:38.829+0000] {processor.py:840} INFO - DAG(s) 'example_branch_labels' retrieved from /home/airflow/.local/lib/python3.12/site-packages/airflow/example_dags/example_branch_labels.py
[2025-12-19T03:53:38.839+0000] {logging_mixin.py:188} INFO - [2025-12-19T03:53:38.839+0000] {dag.py:3089} INFO - Sync 1 DAGs
[2025-12-19T03:53:38.851+0000] {logging_mixin.py:188} INFO - [2025-12-19T03:53:38.851+0000] {dag.py:3947} INFO - Setting next_dagrun for example_branch_labels to 2025-12-18 00:00:00+00:00, run_after=2025-12-19 00:00:00+00:00
[2025-12-19T03:53:38.867+0000] {processor.py:183} INFO - Processing /home/airflow/.local/lib/python3.12/site-packages/airflow/example_dags/example_branch_labels.py took 0.049 seconds
[2025-12-19T05:18:12.351+0000] {processor.py:161} INFO - Started process (PID=57871) to work on /home/airflow/.local/lib/python3.12/site-packages/airflow/example_dags/example_branch_labels.py
[2025-12-19T05:18:12.352+0000] {processor.py:830} INFO - Processing file /home/airflow/.local/lib/python3.12/site-packages/airflow/example_dags/example_branch_labels.py for tasks to queue
[2025-12-19T05:18:12.353+0000] {logging_mixin.py:188} INFO - [2025-12-19T05:18:12.353+0000] {dagbag.py:545} INFO - Filling up the DagBag from /home/airflow/.local/lib/python3.12/site-packages/airflow/example_dags/example_branch_labels.py
[2025-12-19T05:18:12.356+0000] {processor.py:840} INFO - DAG(s) 'example_branch_labels' retrieved from /home/airflow/.local/lib/python3.12/site-packages/airflow/example_dags/example_branch_labels.py
[2025-12-19T05:18:12.374+0000] {logging_mixin.py:188} INFO - [2025-12-19T05:18:12.373+0000] {dag.py:3089} INFO - Sync 1 DAGs
[2025-12-19T05:18:12.384+0000] {logging_mixin.py:188} INFO - [2025-12-19T05:18:12.384+0000] {dag.py:3947} INFO - Setting next_dagrun for example_branch_labels to 2025-12-18 00:00:00+00:00, run_after=2025-12-19 00:00:00+00:00
[2025-12-19T05:18:12.396+0000] {processor.py:183} INFO - Processing /home/airflow/.local/lib/python3.12/site-packages/airflow/example_dags/example_branch_labels.py took 0.054 seconds
[2025-12-19T06:58:36.807+0000] {processor.py:161} INFO - Started process (PID=57930) to work on /home/airflow/.local/lib/python3.12/site-packages/airflow/example_dags/example_branch_labels.py
[2025-12-19T06:58:36.808+0000] {processor.py:830} INFO - Processing file /home/airflow/.local/lib/python3.12/site-packages/airflow/example_dags/example_branch_labels.py for tasks to queue
[2025-12-19T06:58:36.809+0000] {logging_mixin.py:188} INFO - [2025-12-19T06:58:36.809+0000] {dagbag.py:545} INFO - Filling up the DagBag from /home/airflow/.local/lib/python3.12/site-packages/airflow/example_dags/example_branch_labels.py
[2025-12-19T06:58:36.813+0000] {processor.py:840} INFO - DAG(s) 'example_branch_labels' retrieved from /home/airflow/.local/lib/python3.12/site-packages/airflow/example_dags/example_branch_labels.py
[2025-12-19T06:58:36.825+0000] {logging_mixin.py:188} INFO - [2025-12-19T06:58:36.825+0000] {dag.py:3089} INFO - Sync 1 DAGs
[2025-12-19T06:58:36.838+0000] {logging_mixin.py:188} INFO - [2025-12-19T06:58:36.837+0000] {dag.py:3947} INFO - Setting next_dagrun for example_branch_labels to 2025-12-18 00:00:00+00:00, run_after=2025-12-19 00:00:00+00:00
[2025-12-19T06:58:36.847+0000] {processor.py:183} INFO - Processing /home/airflow/.local/lib/python3.12/site-packages/airflow/example_dags/example_branch_labels.py took 0.044 seconds
[2025-12-19T08:03:02.609+0000] {processor.py:161} INFO - Started process (PID=57989) to work on /home/airflow/.local/lib/python3.12/site-packages/airflow/example_dags/example_branch_labels.py
[2025-12-19T08:03:02.611+0000] {processor.py:830} INFO - Processing file /home/airflow/.local/lib/python3.12/site-packages/airflow/example_dags/example_branch_labels.py for tasks to queue
[2025-12-19T08:03:02.612+0000] {logging_mixin.py:188} INFO - [2025-12-19T08:03:02.612+0000] {dagbag.py:545} INFO - Filling up the DagBag from /home/airflow/.local/lib/python3.12/site-packages/airflow/example_dags/example_branch_labels.py
[2025-12-19T08:03:02.617+0000] {processor.py:840} INFO - DAG(s) 'example_branch_labels' retrieved from /home/airflow/.local/lib/python3.12/site-packages/airflow/example_dags/example_branch_labels.py
[2025-12-19T08:03:02.631+0000] {logging_mixin.py:188} INFO - [2025-12-19T08:03:02.631+0000] {dag.py:3089} INFO - Sync 1 DAGs
[2025-12-19T08:03:02.644+0000] {logging_mixin.py:188} INFO - [2025-12-19T08:03:02.644+0000] {dag.py:3947} INFO - Setting next_dagrun for example_branch_labels to 2025-12-18 00:00:00+00:00, run_after=2025-12-19 00:00:00+00:00
[2025-12-19T08:03:02.655+0000] {processor.py:183} INFO - Processing /home/airflow/.local/lib/python3.12/site-packages/airflow/example_dags/example_branch_labels.py took 0.049 seconds
[2025-12-19T09:19:29.052+0000] {processor.py:161} INFO - Started process (PID=58048) to work on /home/airflow/.local/lib/python3.12/site-packages/airflow/example_dags/example_branch_labels.py
[2025-12-19T09:19:29.053+0000] {processor.py:830} INFO - Processing file /home/airflow/.local/lib/python3.12/site-packages/airflow/example_dags/example_branch_labels.py for tasks to queue
[2025-12-19T09:19:29.054+0000] {logging_mixin.py:188} INFO - [2025-12-19T09:19:29.053+0000] {dagbag.py:545} INFO - Filling up the DagBag from /home/airflow/.local/lib/python3.12/site-packages/airflow/example_dags/example_branch_labels.py
[2025-12-19T09:19:29.059+0000] {processor.py:840} INFO - DAG(s) 'example_branch_labels' retrieved from /home/airflow/.local/lib/python3.12/site-packages/airflow/example_dags/example_branch_labels.py
[2025-12-19T09:19:29.080+0000] {logging_mixin.py:188} INFO - [2025-12-19T09:19:29.080+0000] {dag.py:3089} INFO - Sync 1 DAGs
[2025-12-19T09:19:29.100+0000] {logging_mixin.py:188} INFO - [2025-12-19T09:19:29.100+0000] {dag.py:3947} INFO - Setting next_dagrun for example_branch_labels to 2025-12-18 00:00:00+00:00, run_after=2025-12-19 00:00:00+00:00
[2025-12-19T09:19:29.116+0000] {processor.py:183} INFO - Processing /home/airflow/.local/lib/python3.12/site-packages/airflow/example_dags/example_branch_labels.py took 0.070 seconds
[2025-12-19T09:57:38.931+0000] {processor.py:161} INFO - Started process (PID=58107) to work on /home/airflow/.local/lib/python3.12/site-packages/airflow/example_dags/example_branch_labels.py
[2025-12-19T09:57:38.932+0000] {processor.py:830} INFO - Processing file /home/airflow/.local/lib/python3.12/site-packages/airflow/example_dags/example_branch_labels.py for tasks to queue
[2025-12-19T09:57:38.935+0000] {logging_mixin.py:188} INFO - [2025-12-19T09:57:38.934+0000] {dagbag.py:545} INFO - Filling up the DagBag from /home/airflow/.local/lib/python3.12/site-packages/airflow/example_dags/example_branch_labels.py
[2025-12-19T09:57:38.943+0000] {processor.py:840} INFO - DAG(s) 'example_branch_labels' retrieved from /home/airflow/.local/lib/python3.12/site-packages/airflow/example_dags/example_branch_labels.py
[2025-12-19T09:57:38.980+0000] {logging_mixin.py:188} INFO - [2025-12-19T09:57:38.980+0000] {dag.py:3089} INFO - Sync 1 DAGs
[2025-12-19T09:57:39.002+0000] {logging_mixin.py:188} INFO - [2025-12-19T09:57:39.002+0000] {dag.py:3947} INFO - Setting next_dagrun for example_branch_labels to 2025-12-18 00:00:00+00:00, run_after=2025-12-19 00:00:00+00:00
[2025-12-19T09:57:39.021+0000] {processor.py:183} INFO - Processing /home/airflow/.local/lib/python3.12/site-packages/airflow/example_dags/example_branch_labels.py took 0.095 seconds
[2025-12-19T10:46:48.079+0000] {processor.py:161} INFO - Started process (PID=58166) to work on /home/airflow/.local/lib/python3.12/site-packages/airflow/example_dags/example_branch_labels.py
[2025-12-19T10:46:48.081+0000] {processor.py:830} INFO - Processing file /home/airflow/.local/lib/python3.12/site-packages/airflow/example_dags/example_branch_labels.py for tasks to queue
[2025-12-19T10:46:48.083+0000] {logging_mixin.py:188} INFO - [2025-12-19T10:46:48.082+0000] {dagbag.py:545} INFO - Filling up the DagBag from /home/airflow/.local/lib/python3.12/site-packages/airflow/example_dags/example_branch_labels.py
[2025-12-19T10:46:48.095+0000] {processor.py:840} INFO - DAG(s) 'example_branch_labels' retrieved from /home/airflow/.local/lib/python3.12/site-packages/airflow/example_dags/example_branch_labels.py
[2025-12-19T10:46:48.130+0000] {logging_mixin.py:188} INFO - [2025-12-19T10:46:48.130+0000] {dag.py:3089} INFO - Sync 1 DAGs
[2025-12-19T10:46:48.187+0000] {logging_mixin.py:188} INFO - [2025-12-19T10:46:48.187+0000] {dag.py:3947} INFO - Setting next_dagrun for example_branch_labels to 2025-12-18 00:00:00+00:00, run_after=2025-12-19 00:00:00+00:00
[2025-12-19T10:46:48.237+0000] {processor.py:183} INFO - Processing /home/airflow/.local/lib/python3.12/site-packages/airflow/example_dags/example_branch_labels.py took 0.171 seconds
[2025-12-19T11:37:08.252+0000] {processor.py:161} INFO - Started process (PID=58225) to work on /home/airflow/.local/lib/python3.12/site-packages/airflow/example_dags/example_branch_labels.py
[2025-12-19T11:37:08.256+0000] {processor.py:830} INFO - Processing file /home/airflow/.local/lib/python3.12/site-packages/airflow/example_dags/example_branch_labels.py for tasks to queue
[2025-12-19T11:37:08.257+0000] {logging_mixin.py:188} INFO - [2025-12-19T11:37:08.257+0000] {dagbag.py:545} INFO - Filling up the DagBag from /home/airflow/.local/lib/python3.12/site-packages/airflow/example_dags/example_branch_labels.py
[2025-12-19T11:37:08.267+0000] {processor.py:840} INFO - DAG(s) 'example_branch_labels' retrieved from /home/airflow/.local/lib/python3.12/site-packages/airflow/example_dags/example_branch_labels.py
[2025-12-19T11:37:08.295+0000] {logging_mixin.py:188} INFO - [2025-12-19T11:37:08.295+0000] {dag.py:3089} INFO - Sync 1 DAGs
[2025-12-19T11:37:08.328+0000] {logging_mixin.py:188} INFO - [2025-12-19T11:37:08.328+0000] {dag.py:3947} INFO - Setting next_dagrun for example_branch_labels to 2025-12-18 00:00:00+00:00, run_after=2025-12-19 00:00:00+00:00
[2025-12-19T11:37:08.352+0000] {processor.py:183} INFO - Processing /home/airflow/.local/lib/python3.12/site-packages/airflow/example_dags/example_branch_labels.py took 0.108 seconds
[2025-12-19T12:40:30.354+0000] {processor.py:161} INFO - Started process (PID=58284) to work on /home/airflow/.local/lib/python3.12/site-packages/airflow/example_dags/example_branch_labels.py
[2025-12-19T12:40:30.356+0000] {processor.py:830} INFO - Processing file /home/airflow/.local/lib/python3.12/site-packages/airflow/example_dags/example_branch_labels.py for tasks to queue
[2025-12-19T12:40:30.357+0000] {logging_mixin.py:188} INFO - [2025-12-19T12:40:30.357+0000] {dagbag.py:545} INFO - Filling up the DagBag from /home/airflow/.local/lib/python3.12/site-packages/airflow/example_dags/example_branch_labels.py
[2025-12-19T12:40:30.364+0000] {processor.py:840} INFO - DAG(s) 'example_branch_labels' retrieved from /home/airflow/.local/lib/python3.12/site-packages/airflow/example_dags/example_branch_labels.py
[2025-12-19T12:40:30.385+0000] {logging_mixin.py:188} INFO - [2025-12-19T12:40:30.385+0000] {dag.py:3089} INFO - Sync 1 DAGs
[2025-12-19T12:40:30.405+0000] {logging_mixin.py:188} INFO - [2025-12-19T12:40:30.404+0000] {dag.py:3947} INFO - Setting next_dagrun for example_branch_labels to 2025-12-18 00:00:00+00:00, run_after=2025-12-19 00:00:00+00:00
[2025-12-19T12:40:30.426+0000] {processor.py:183} INFO - Processing /home/airflow/.local/lib/python3.12/site-packages/airflow/example_dags/example_branch_labels.py took 0.077 seconds
[2025-12-19T13:57:45.017+0000] {processor.py:161} INFO - Started process (PID=58343) to work on /home/airflow/.local/lib/python3.12/site-packages/airflow/example_dags/example_branch_labels.py
[2025-12-19T13:57:45.020+0000] {processor.py:830} INFO - Processing file /home/airflow/.local/lib/python3.12/site-packages/airflow/example_dags/example_branch_labels.py for tasks to queue
[2025-12-19T13:57:45.021+0000] {logging_mixin.py:188} INFO - [2025-12-19T13:57:45.020+0000] {dagbag.py:545} INFO - Filling up the DagBag from /home/airflow/.local/lib/python3.12/site-packages/airflow/example_dags/example_branch_labels.py
[2025-12-19T13:57:45.028+0000] {processor.py:840} INFO - DAG(s) 'example_branch_labels' retrieved from /home/airflow/.local/lib/python3.12/site-packages/airflow/example_dags/example_branch_labels.py
[2025-12-19T13:57:45.044+0000] {logging_mixin.py:188} INFO - [2025-12-19T13:57:45.044+0000] {dag.py:3089} INFO - Sync 1 DAGs
[2025-12-19T13:57:45.066+0000] {logging_mixin.py:188} INFO - [2025-12-19T13:57:45.066+0000] {dag.py:3947} INFO - Setting next_dagrun for example_branch_labels to 2025-12-18 00:00:00+00:00, run_after=2025-12-19 00:00:00+00:00
[2025-12-19T13:57:45.087+0000] {processor.py:183} INFO - Processing /home/airflow/.local/lib/python3.12/site-packages/airflow/example_dags/example_branch_labels.py took 0.075 seconds
[2025-12-19T14:41:23.278+0000] {processor.py:161} INFO - Started process (PID=58408) to work on /home/airflow/.local/lib/python3.12/site-packages/airflow/example_dags/example_branch_labels.py
[2025-12-19T14:41:23.279+0000] {processor.py:830} INFO - Processing file /home/airflow/.local/lib/python3.12/site-packages/airflow/example_dags/example_branch_labels.py for tasks to queue
[2025-12-19T14:41:23.279+0000] {logging_mixin.py:188} INFO - [2025-12-19T14:41:23.279+0000] {dagbag.py:545} INFO - Filling up the DagBag from /home/airflow/.local/lib/python3.12/site-packages/airflow/example_dags/example_branch_labels.py
[2025-12-19T14:41:23.286+0000] {processor.py:840} INFO - DAG(s) 'example_branch_labels' retrieved from /home/airflow/.local/lib/python3.12/site-packages/airflow/example_dags/example_branch_labels.py
[2025-12-19T14:41:23.311+0000] {logging_mixin.py:188} INFO - [2025-12-19T14:41:23.310+0000] {dag.py:3089} INFO - Sync 1 DAGs
[2025-12-19T14:41:23.342+0000] {logging_mixin.py:188} INFO - [2025-12-19T14:41:23.341+0000] {dag.py:3947} INFO - Setting next_dagrun for example_branch_labels to 2025-12-18 00:00:00+00:00, run_after=2025-12-19 00:00:00+00:00
[2025-12-19T14:41:23.359+0000] {processor.py:183} INFO - Processing /home/airflow/.local/lib/python3.12/site-packages/airflow/example_dags/example_branch_labels.py took 0.087 seconds
[2025-12-19T14:41:54.062+0000] {processor.py:161} INFO - Started process (PID=58467) to work on /home/airflow/.local/lib/python3.12/site-packages/airflow/example_dags/example_branch_labels.py
[2025-12-19T14:41:54.063+0000] {processor.py:830} INFO - Processing file /home/airflow/.local/lib/python3.12/site-packages/airflow/example_dags/example_branch_labels.py for tasks to queue
[2025-12-19T14:41:54.064+0000] {logging_mixin.py:188} INFO - [2025-12-19T14:41:54.063+0000] {dagbag.py:545} INFO - Filling up the DagBag from /home/airflow/.local/lib/python3.12/site-packages/airflow/example_dags/example_branch_labels.py
[2025-12-19T14:41:54.069+0000] {processor.py:840} INFO - DAG(s) 'example_branch_labels' retrieved from /home/airflow/.local/lib/python3.12/site-packages/airflow/example_dags/example_branch_labels.py
[2025-12-19T14:41:54.084+0000] {logging_mixin.py:188} INFO - [2025-12-19T14:41:54.084+0000] {dag.py:3089} INFO - Sync 1 DAGs
[2025-12-19T14:41:54.100+0000] {logging_mixin.py:188} INFO - [2025-12-19T14:41:54.100+0000] {dag.py:3947} INFO - Setting next_dagrun for example_branch_labels to 2025-12-18 00:00:00+00:00, run_after=2025-12-19 00:00:00+00:00
[2025-12-19T14:41:54.111+0000] {processor.py:183} INFO - Processing /home/airflow/.local/lib/python3.12/site-packages/airflow/example_dags/example_branch_labels.py took 0.053 seconds
