[2025-12-19T01:08:00.874+0000] {processor.py:161} INFO - Started process (PID=57695) to work on /home/airflow/.local/lib/python3.12/site-packages/airflow/example_dags/example_trigger_controller_dag.py
[2025-12-19T01:08:00.875+0000] {processor.py:830} INFO - Processing file /home/airflow/.local/lib/python3.12/site-packages/airflow/example_dags/example_trigger_controller_dag.py for tasks to queue
[2025-12-19T01:08:00.878+0000] {logging_mixin.py:188} INFO - [2025-12-19T01:08:00.878+0000] {dagbag.py:545} INFO - Filling up the DagBag from /home/airflow/.local/lib/python3.12/site-packages/airflow/example_dags/example_trigger_controller_dag.py
[2025-12-19T01:08:00.882+0000] {processor.py:840} INFO - DAG(s) 'example_trigger_controller_dag' retrieved from /home/airflow/.local/lib/python3.12/site-packages/airflow/example_dags/example_trigger_controller_dag.py
[2025-12-19T01:08:00.902+0000] {logging_mixin.py:188} INFO - [2025-12-19T01:08:00.902+0000] {dag.py:3089} INFO - Sync 1 DAGs
[2025-12-19T01:08:00.920+0000] {logging_mixin.py:188} INFO - [2025-12-19T01:08:00.920+0000] {dag.py:3947} INFO - Setting next_dagrun for example_trigger_controller_dag to 2021-01-01 00:00:00+00:00, run_after=2021-01-01 00:00:00+00:00
[2025-12-19T01:08:00.929+0000] {processor.py:183} INFO - Processing /home/airflow/.local/lib/python3.12/site-packages/airflow/example_dags/example_trigger_controller_dag.py took 0.062 seconds
[2025-12-19T02:16:04.402+0000] {processor.py:161} INFO - Started process (PID=57754) to work on /home/airflow/.local/lib/python3.12/site-packages/airflow/example_dags/example_trigger_controller_dag.py
[2025-12-19T02:16:04.402+0000] {processor.py:830} INFO - Processing file /home/airflow/.local/lib/python3.12/site-packages/airflow/example_dags/example_trigger_controller_dag.py for tasks to queue
[2025-12-19T02:16:04.403+0000] {logging_mixin.py:188} INFO - [2025-12-19T02:16:04.402+0000] {dagbag.py:545} INFO - Filling up the DagBag from /home/airflow/.local/lib/python3.12/site-packages/airflow/example_dags/example_trigger_controller_dag.py
[2025-12-19T02:16:04.405+0000] {processor.py:840} INFO - DAG(s) 'example_trigger_controller_dag' retrieved from /home/airflow/.local/lib/python3.12/site-packages/airflow/example_dags/example_trigger_controller_dag.py
[2025-12-19T02:16:04.417+0000] {logging_mixin.py:188} INFO - [2025-12-19T02:16:04.416+0000] {dag.py:3089} INFO - Sync 1 DAGs
[2025-12-19T02:16:04.426+0000] {logging_mixin.py:188} INFO - [2025-12-19T02:16:04.426+0000] {dag.py:3947} INFO - Setting next_dagrun for example_trigger_controller_dag to 2021-01-01 00:00:00+00:00, run_after=2021-01-01 00:00:00+00:00
[2025-12-19T02:16:04.439+0000] {processor.py:183} INFO - Processing /home/airflow/.local/lib/python3.12/site-packages/airflow/example_dags/example_trigger_controller_dag.py took 0.041 seconds
[2025-12-19T03:53:38.842+0000] {processor.py:161} INFO - Started process (PID=57813) to work on /home/airflow/.local/lib/python3.12/site-packages/airflow/example_dags/example_trigger_controller_dag.py
[2025-12-19T03:53:38.843+0000] {processor.py:830} INFO - Processing file /home/airflow/.local/lib/python3.12/site-packages/airflow/example_dags/example_trigger_controller_dag.py for tasks to queue
[2025-12-19T03:53:38.844+0000] {logging_mixin.py:188} INFO - [2025-12-19T03:53:38.843+0000] {dagbag.py:545} INFO - Filling up the DagBag from /home/airflow/.local/lib/python3.12/site-packages/airflow/example_dags/example_trigger_controller_dag.py
[2025-12-19T03:53:38.847+0000] {processor.py:840} INFO - DAG(s) 'example_trigger_controller_dag' retrieved from /home/airflow/.local/lib/python3.12/site-packages/airflow/example_dags/example_trigger_controller_dag.py
[2025-12-19T03:53:38.860+0000] {logging_mixin.py:188} INFO - [2025-12-19T03:53:38.860+0000] {dag.py:3089} INFO - Sync 1 DAGs
[2025-12-19T03:53:38.870+0000] {logging_mixin.py:188} INFO - [2025-12-19T03:53:38.870+0000] {dag.py:3947} INFO - Setting next_dagrun for example_trigger_controller_dag to 2021-01-01 00:00:00+00:00, run_after=2021-01-01 00:00:00+00:00
[2025-12-19T03:53:38.877+0000] {processor.py:183} INFO - Processing /home/airflow/.local/lib/python3.12/site-packages/airflow/example_dags/example_trigger_controller_dag.py took 0.038 seconds
[2025-12-19T05:18:12.379+0000] {processor.py:161} INFO - Started process (PID=57872) to work on /home/airflow/.local/lib/python3.12/site-packages/airflow/example_dags/example_trigger_controller_dag.py
[2025-12-19T05:18:12.381+0000] {processor.py:830} INFO - Processing file /home/airflow/.local/lib/python3.12/site-packages/airflow/example_dags/example_trigger_controller_dag.py for tasks to queue
[2025-12-19T05:18:12.382+0000] {logging_mixin.py:188} INFO - [2025-12-19T05:18:12.382+0000] {dagbag.py:545} INFO - Filling up the DagBag from /home/airflow/.local/lib/python3.12/site-packages/airflow/example_dags/example_trigger_controller_dag.py
[2025-12-19T05:18:12.384+0000] {processor.py:840} INFO - DAG(s) 'example_trigger_controller_dag' retrieved from /home/airflow/.local/lib/python3.12/site-packages/airflow/example_dags/example_trigger_controller_dag.py
[2025-12-19T05:18:12.400+0000] {logging_mixin.py:188} INFO - [2025-12-19T05:18:12.400+0000] {dag.py:3089} INFO - Sync 1 DAGs
[2025-12-19T05:18:12.409+0000] {logging_mixin.py:188} INFO - [2025-12-19T05:18:12.409+0000] {dag.py:3947} INFO - Setting next_dagrun for example_trigger_controller_dag to 2021-01-01 00:00:00+00:00, run_after=2021-01-01 00:00:00+00:00
[2025-12-19T05:18:12.420+0000] {processor.py:183} INFO - Processing /home/airflow/.local/lib/python3.12/site-packages/airflow/example_dags/example_trigger_controller_dag.py took 0.047 seconds
[2025-12-19T06:58:36.837+0000] {processor.py:161} INFO - Started process (PID=57931) to work on /home/airflow/.local/lib/python3.12/site-packages/airflow/example_dags/example_trigger_controller_dag.py
[2025-12-19T06:58:36.838+0000] {processor.py:830} INFO - Processing file /home/airflow/.local/lib/python3.12/site-packages/airflow/example_dags/example_trigger_controller_dag.py for tasks to queue
[2025-12-19T06:58:36.839+0000] {logging_mixin.py:188} INFO - [2025-12-19T06:58:36.839+0000] {dagbag.py:545} INFO - Filling up the DagBag from /home/airflow/.local/lib/python3.12/site-packages/airflow/example_dags/example_trigger_controller_dag.py
[2025-12-19T06:58:36.842+0000] {processor.py:840} INFO - DAG(s) 'example_trigger_controller_dag' retrieved from /home/airflow/.local/lib/python3.12/site-packages/airflow/example_dags/example_trigger_controller_dag.py
[2025-12-19T06:58:36.855+0000] {logging_mixin.py:188} INFO - [2025-12-19T06:58:36.855+0000] {dag.py:3089} INFO - Sync 1 DAGs
[2025-12-19T06:58:36.866+0000] {logging_mixin.py:188} INFO - [2025-12-19T06:58:36.866+0000] {dag.py:3947} INFO - Setting next_dagrun for example_trigger_controller_dag to 2021-01-01 00:00:00+00:00, run_after=2021-01-01 00:00:00+00:00
[2025-12-19T06:58:36.875+0000] {processor.py:183} INFO - Processing /home/airflow/.local/lib/python3.12/site-packages/airflow/example_dags/example_trigger_controller_dag.py took 0.042 seconds
[2025-12-19T08:03:02.655+0000] {processor.py:161} INFO - Started process (PID=57990) to work on /home/airflow/.local/lib/python3.12/site-packages/airflow/example_dags/example_trigger_controller_dag.py
[2025-12-19T08:03:02.659+0000] {processor.py:830} INFO - Processing file /home/airflow/.local/lib/python3.12/site-packages/airflow/example_dags/example_trigger_controller_dag.py for tasks to queue
[2025-12-19T08:03:02.659+0000] {logging_mixin.py:188} INFO - [2025-12-19T08:03:02.659+0000] {dagbag.py:545} INFO - Filling up the DagBag from /home/airflow/.local/lib/python3.12/site-packages/airflow/example_dags/example_trigger_controller_dag.py
[2025-12-19T08:03:02.662+0000] {processor.py:840} INFO - DAG(s) 'example_trigger_controller_dag' retrieved from /home/airflow/.local/lib/python3.12/site-packages/airflow/example_dags/example_trigger_controller_dag.py
[2025-12-19T08:03:02.673+0000] {logging_mixin.py:188} INFO - [2025-12-19T08:03:02.673+0000] {dag.py:3089} INFO - Sync 1 DAGs
[2025-12-19T08:03:02.692+0000] {logging_mixin.py:188} INFO - [2025-12-19T08:03:02.692+0000] {dag.py:3947} INFO - Setting next_dagrun for example_trigger_controller_dag to 2021-01-01 00:00:00+00:00, run_after=2021-01-01 00:00:00+00:00
[2025-12-19T08:03:02.706+0000] {processor.py:183} INFO - Processing /home/airflow/.local/lib/python3.12/site-packages/airflow/example_dags/example_trigger_controller_dag.py took 0.054 seconds
[2025-12-19T09:19:29.055+0000] {processor.py:161} INFO - Started process (PID=58049) to work on /home/airflow/.local/lib/python3.12/site-packages/airflow/example_dags/example_trigger_controller_dag.py
[2025-12-19T09:19:29.058+0000] {processor.py:830} INFO - Processing file /home/airflow/.local/lib/python3.12/site-packages/airflow/example_dags/example_trigger_controller_dag.py for tasks to queue
[2025-12-19T09:19:29.060+0000] {logging_mixin.py:188} INFO - [2025-12-19T09:19:29.059+0000] {dagbag.py:545} INFO - Filling up the DagBag from /home/airflow/.local/lib/python3.12/site-packages/airflow/example_dags/example_trigger_controller_dag.py
[2025-12-19T09:19:29.063+0000] {processor.py:840} INFO - DAG(s) 'example_trigger_controller_dag' retrieved from /home/airflow/.local/lib/python3.12/site-packages/airflow/example_dags/example_trigger_controller_dag.py
[2025-12-19T09:19:29.081+0000] {logging_mixin.py:188} INFO - [2025-12-19T09:19:29.080+0000] {dag.py:3089} INFO - Sync 1 DAGs
[2025-12-19T09:19:29.096+0000] {logging_mixin.py:188} INFO - [2025-12-19T09:19:29.096+0000] {dag.py:3947} INFO - Setting next_dagrun for example_trigger_controller_dag to 2021-01-01 00:00:00+00:00, run_after=2021-01-01 00:00:00+00:00
[2025-12-19T09:19:29.114+0000] {processor.py:183} INFO - Processing /home/airflow/.local/lib/python3.12/site-packages/airflow/example_dags/example_trigger_controller_dag.py took 0.064 seconds
[2025-12-19T09:57:38.943+0000] {processor.py:161} INFO - Started process (PID=58108) to work on /home/airflow/.local/lib/python3.12/site-packages/airflow/example_dags/example_trigger_controller_dag.py
[2025-12-19T09:57:38.944+0000] {processor.py:830} INFO - Processing file /home/airflow/.local/lib/python3.12/site-packages/airflow/example_dags/example_trigger_controller_dag.py for tasks to queue
[2025-12-19T09:57:38.947+0000] {logging_mixin.py:188} INFO - [2025-12-19T09:57:38.946+0000] {dagbag.py:545} INFO - Filling up the DagBag from /home/airflow/.local/lib/python3.12/site-packages/airflow/example_dags/example_trigger_controller_dag.py
[2025-12-19T09:57:38.952+0000] {processor.py:840} INFO - DAG(s) 'example_trigger_controller_dag' retrieved from /home/airflow/.local/lib/python3.12/site-packages/airflow/example_dags/example_trigger_controller_dag.py
[2025-12-19T09:57:38.985+0000] {logging_mixin.py:188} INFO - [2025-12-19T09:57:38.985+0000] {dag.py:3089} INFO - Sync 1 DAGs
[2025-12-19T09:57:39.004+0000] {logging_mixin.py:188} INFO - [2025-12-19T09:57:39.004+0000] {dag.py:3947} INFO - Setting next_dagrun for example_trigger_controller_dag to 2021-01-01 00:00:00+00:00, run_after=2021-01-01 00:00:00+00:00
[2025-12-19T09:57:39.024+0000] {processor.py:183} INFO - Processing /home/airflow/.local/lib/python3.12/site-packages/airflow/example_dags/example_trigger_controller_dag.py took 0.089 seconds
[2025-12-19T10:46:48.123+0000] {processor.py:161} INFO - Started process (PID=58167) to work on /home/airflow/.local/lib/python3.12/site-packages/airflow/example_dags/example_trigger_controller_dag.py
[2025-12-19T10:46:48.128+0000] {processor.py:830} INFO - Processing file /home/airflow/.local/lib/python3.12/site-packages/airflow/example_dags/example_trigger_controller_dag.py for tasks to queue
[2025-12-19T10:46:48.129+0000] {logging_mixin.py:188} INFO - [2025-12-19T10:46:48.129+0000] {dagbag.py:545} INFO - Filling up the DagBag from /home/airflow/.local/lib/python3.12/site-packages/airflow/example_dags/example_trigger_controller_dag.py
[2025-12-19T10:46:48.138+0000] {processor.py:840} INFO - DAG(s) 'example_trigger_controller_dag' retrieved from /home/airflow/.local/lib/python3.12/site-packages/airflow/example_dags/example_trigger_controller_dag.py
[2025-12-19T10:46:48.185+0000] {logging_mixin.py:188} INFO - [2025-12-19T10:46:48.184+0000] {dag.py:3089} INFO - Sync 1 DAGs
[2025-12-19T10:46:48.228+0000] {logging_mixin.py:188} INFO - [2025-12-19T10:46:48.227+0000] {dag.py:3947} INFO - Setting next_dagrun for example_trigger_controller_dag to 2021-01-01 00:00:00+00:00, run_after=2021-01-01 00:00:00+00:00
[2025-12-19T10:46:48.264+0000] {processor.py:183} INFO - Processing /home/airflow/.local/lib/python3.12/site-packages/airflow/example_dags/example_trigger_controller_dag.py took 0.159 seconds
[2025-12-19T11:37:08.371+0000] {processor.py:161} INFO - Started process (PID=58226) to work on /home/airflow/.local/lib/python3.12/site-packages/airflow/example_dags/example_trigger_controller_dag.py
[2025-12-19T11:37:08.372+0000] {processor.py:830} INFO - Processing file /home/airflow/.local/lib/python3.12/site-packages/airflow/example_dags/example_trigger_controller_dag.py for tasks to queue
[2025-12-19T11:37:08.374+0000] {logging_mixin.py:188} INFO - [2025-12-19T11:37:08.373+0000] {dagbag.py:545} INFO - Filling up the DagBag from /home/airflow/.local/lib/python3.12/site-packages/airflow/example_dags/example_trigger_controller_dag.py
[2025-12-19T11:37:08.379+0000] {processor.py:840} INFO - DAG(s) 'example_trigger_controller_dag' retrieved from /home/airflow/.local/lib/python3.12/site-packages/airflow/example_dags/example_trigger_controller_dag.py
[2025-12-19T11:37:08.405+0000] {logging_mixin.py:188} INFO - [2025-12-19T11:37:08.405+0000] {dag.py:3089} INFO - Sync 1 DAGs
[2025-12-19T11:37:08.433+0000] {logging_mixin.py:188} INFO - [2025-12-19T11:37:08.432+0000] {dag.py:3947} INFO - Setting next_dagrun for example_trigger_controller_dag to 2021-01-01 00:00:00+00:00, run_after=2021-01-01 00:00:00+00:00
[2025-12-19T11:37:08.461+0000] {processor.py:183} INFO - Processing /home/airflow/.local/lib/python3.12/site-packages/airflow/example_dags/example_trigger_controller_dag.py took 0.099 seconds
[2025-12-19T12:40:30.399+0000] {processor.py:161} INFO - Started process (PID=58285) to work on /home/airflow/.local/lib/python3.12/site-packages/airflow/example_dags/example_trigger_controller_dag.py
[2025-12-19T12:40:30.400+0000] {processor.py:830} INFO - Processing file /home/airflow/.local/lib/python3.12/site-packages/airflow/example_dags/example_trigger_controller_dag.py for tasks to queue
[2025-12-19T12:40:30.401+0000] {logging_mixin.py:188} INFO - [2025-12-19T12:40:30.401+0000] {dagbag.py:545} INFO - Filling up the DagBag from /home/airflow/.local/lib/python3.12/site-packages/airflow/example_dags/example_trigger_controller_dag.py
[2025-12-19T12:40:30.405+0000] {processor.py:840} INFO - DAG(s) 'example_trigger_controller_dag' retrieved from /home/airflow/.local/lib/python3.12/site-packages/airflow/example_dags/example_trigger_controller_dag.py
[2025-12-19T12:40:30.426+0000] {logging_mixin.py:188} INFO - [2025-12-19T12:40:30.425+0000] {dag.py:3089} INFO - Sync 1 DAGs
[2025-12-19T12:40:30.443+0000] {logging_mixin.py:188} INFO - [2025-12-19T12:40:30.443+0000] {dag.py:3947} INFO - Setting next_dagrun for example_trigger_controller_dag to 2021-01-01 00:00:00+00:00, run_after=2021-01-01 00:00:00+00:00
[2025-12-19T12:40:30.462+0000] {processor.py:183} INFO - Processing /home/airflow/.local/lib/python3.12/site-packages/airflow/example_dags/example_trigger_controller_dag.py took 0.067 seconds
[2025-12-19T13:57:45.040+0000] {processor.py:161} INFO - Started process (PID=58344) to work on /home/airflow/.local/lib/python3.12/site-packages/airflow/example_dags/example_trigger_controller_dag.py
[2025-12-19T13:57:45.041+0000] {processor.py:830} INFO - Processing file /home/airflow/.local/lib/python3.12/site-packages/airflow/example_dags/example_trigger_controller_dag.py for tasks to queue
[2025-12-19T13:57:45.044+0000] {logging_mixin.py:188} INFO - [2025-12-19T13:57:45.044+0000] {dagbag.py:545} INFO - Filling up the DagBag from /home/airflow/.local/lib/python3.12/site-packages/airflow/example_dags/example_trigger_controller_dag.py
[2025-12-19T13:57:45.047+0000] {processor.py:840} INFO - DAG(s) 'example_trigger_controller_dag' retrieved from /home/airflow/.local/lib/python3.12/site-packages/airflow/example_dags/example_trigger_controller_dag.py
[2025-12-19T13:57:45.068+0000] {logging_mixin.py:188} INFO - [2025-12-19T13:57:45.067+0000] {dag.py:3089} INFO - Sync 1 DAGs
[2025-12-19T13:57:45.088+0000] {logging_mixin.py:188} INFO - [2025-12-19T13:57:45.087+0000] {dag.py:3947} INFO - Setting next_dagrun for example_trigger_controller_dag to 2021-01-01 00:00:00+00:00, run_after=2021-01-01 00:00:00+00:00
[2025-12-19T13:57:45.109+0000] {processor.py:183} INFO - Processing /home/airflow/.local/lib/python3.12/site-packages/airflow/example_dags/example_trigger_controller_dag.py took 0.074 seconds
[2025-12-19T14:41:23.312+0000] {processor.py:161} INFO - Started process (PID=58409) to work on /home/airflow/.local/lib/python3.12/site-packages/airflow/example_dags/example_trigger_controller_dag.py
[2025-12-19T14:41:23.316+0000] {processor.py:830} INFO - Processing file /home/airflow/.local/lib/python3.12/site-packages/airflow/example_dags/example_trigger_controller_dag.py for tasks to queue
[2025-12-19T14:41:23.320+0000] {logging_mixin.py:188} INFO - [2025-12-19T14:41:23.320+0000] {dagbag.py:545} INFO - Filling up the DagBag from /home/airflow/.local/lib/python3.12/site-packages/airflow/example_dags/example_trigger_controller_dag.py
[2025-12-19T14:41:23.325+0000] {processor.py:840} INFO - DAG(s) 'example_trigger_controller_dag' retrieved from /home/airflow/.local/lib/python3.12/site-packages/airflow/example_dags/example_trigger_controller_dag.py
[2025-12-19T14:41:23.349+0000] {logging_mixin.py:188} INFO - [2025-12-19T14:41:23.348+0000] {dag.py:3089} INFO - Sync 1 DAGs
[2025-12-19T14:41:23.371+0000] {logging_mixin.py:188} INFO - [2025-12-19T14:41:23.371+0000] {dag.py:3947} INFO - Setting next_dagrun for example_trigger_controller_dag to 2021-01-01 00:00:00+00:00, run_after=2021-01-01 00:00:00+00:00
[2025-12-19T14:41:23.388+0000] {processor.py:183} INFO - Processing /home/airflow/.local/lib/python3.12/site-packages/airflow/example_dags/example_trigger_controller_dag.py took 0.082 seconds
[2025-12-19T14:41:54.127+0000] {processor.py:161} INFO - Started process (PID=58468) to work on /home/airflow/.local/lib/python3.12/site-packages/airflow/example_dags/example_trigger_controller_dag.py
[2025-12-19T14:41:54.128+0000] {processor.py:830} INFO - Processing file /home/airflow/.local/lib/python3.12/site-packages/airflow/example_dags/example_trigger_controller_dag.py for tasks to queue
[2025-12-19T14:41:54.128+0000] {logging_mixin.py:188} INFO - [2025-12-19T14:41:54.128+0000] {dagbag.py:545} INFO - Filling up the DagBag from /home/airflow/.local/lib/python3.12/site-packages/airflow/example_dags/example_trigger_controller_dag.py
[2025-12-19T14:41:54.132+0000] {processor.py:840} INFO - DAG(s) 'example_trigger_controller_dag' retrieved from /home/airflow/.local/lib/python3.12/site-packages/airflow/example_dags/example_trigger_controller_dag.py
[2025-12-19T14:41:54.149+0000] {logging_mixin.py:188} INFO - [2025-12-19T14:41:54.149+0000] {dag.py:3089} INFO - Sync 1 DAGs
[2025-12-19T14:41:54.167+0000] {logging_mixin.py:188} INFO - [2025-12-19T14:41:54.167+0000] {dag.py:3947} INFO - Setting next_dagrun for example_trigger_controller_dag to 2021-01-01 00:00:00+00:00, run_after=2021-01-01 00:00:00+00:00
[2025-12-19T14:41:54.188+0000] {processor.py:183} INFO - Processing /home/airflow/.local/lib/python3.12/site-packages/airflow/example_dags/example_trigger_controller_dag.py took 0.066 seconds
