[2025-12-19T01:08:00.513+0000] {processor.py:161} INFO - Started process (PID=57685) to work on /home/airflow/.local/lib/python3.12/site-packages/airflow/example_dags/example_branch_datetime_operator.py
[2025-12-19T01:08:00.515+0000] {processor.py:830} INFO - Processing file /home/airflow/.local/lib/python3.12/site-packages/airflow/example_dags/example_branch_datetime_operator.py for tasks to queue
[2025-12-19T01:08:00.516+0000] {logging_mixin.py:188} INFO - [2025-12-19T01:08:00.516+0000] {dagbag.py:545} INFO - Filling up the DagBag from /home/airflow/.local/lib/python3.12/site-packages/airflow/example_dags/example_branch_datetime_operator.py
[2025-12-19T01:08:00.525+0000] {processor.py:840} INFO - DAG(s) 'example_branch_datetime_operator_3', 'example_branch_datetime_operator_2', 'example_branch_datetime_operator' retrieved from /home/airflow/.local/lib/python3.12/site-packages/airflow/example_dags/example_branch_datetime_operator.py
[2025-12-19T01:08:00.540+0000] {logging_mixin.py:188} INFO - [2025-12-19T01:08:00.540+0000] {dag.py:3089} INFO - Sync 3 DAGs
[2025-12-19T01:08:00.552+0000] {logging_mixin.py:188} INFO - [2025-12-19T01:08:00.552+0000] {dag.py:3947} INFO - Setting next_dagrun for example_branch_datetime_operator to 2025-12-18 00:00:00+00:00, run_after=2025-12-19 00:00:00+00:00
[2025-12-19T01:08:00.554+0000] {logging_mixin.py:188} INFO - [2025-12-19T01:08:00.554+0000] {dag.py:3947} INFO - Setting next_dagrun for example_branch_datetime_operator_2 to 2025-12-18 00:00:00+00:00, run_after=2025-12-19 00:00:00+00:00
[2025-12-19T01:08:00.555+0000] {logging_mixin.py:188} INFO - [2025-12-19T01:08:00.555+0000] {dag.py:3947} INFO - Setting next_dagrun for example_branch_datetime_operator_3 to 2025-12-18 00:00:00+00:00, run_after=2025-12-19 00:00:00+00:00
[2025-12-19T01:08:00.561+0000] {processor.py:183} INFO - Processing /home/airflow/.local/lib/python3.12/site-packages/airflow/example_dags/example_branch_datetime_operator.py took 0.053 seconds
[2025-12-19T02:16:04.110+0000] {processor.py:161} INFO - Started process (PID=57744) to work on /home/airflow/.local/lib/python3.12/site-packages/airflow/example_dags/example_branch_datetime_operator.py
[2025-12-19T02:16:04.110+0000] {processor.py:830} INFO - Processing file /home/airflow/.local/lib/python3.12/site-packages/airflow/example_dags/example_branch_datetime_operator.py for tasks to queue
[2025-12-19T02:16:04.110+0000] {logging_mixin.py:188} INFO - [2025-12-19T02:16:04.110+0000] {dagbag.py:545} INFO - Filling up the DagBag from /home/airflow/.local/lib/python3.12/site-packages/airflow/example_dags/example_branch_datetime_operator.py
[2025-12-19T02:16:04.115+0000] {processor.py:840} INFO - DAG(s) 'example_branch_datetime_operator_3', 'example_branch_datetime_operator', 'example_branch_datetime_operator_2' retrieved from /home/airflow/.local/lib/python3.12/site-packages/airflow/example_dags/example_branch_datetime_operator.py
[2025-12-19T02:16:04.136+0000] {logging_mixin.py:188} INFO - [2025-12-19T02:16:04.136+0000] {dag.py:3089} INFO - Sync 3 DAGs
[2025-12-19T02:16:04.147+0000] {logging_mixin.py:188} INFO - [2025-12-19T02:16:04.147+0000] {dag.py:3947} INFO - Setting next_dagrun for example_branch_datetime_operator to 2025-12-18 00:00:00+00:00, run_after=2025-12-19 00:00:00+00:00
[2025-12-19T02:16:04.150+0000] {logging_mixin.py:188} INFO - [2025-12-19T02:16:04.150+0000] {dag.py:3947} INFO - Setting next_dagrun for example_branch_datetime_operator_2 to 2025-12-18 00:00:00+00:00, run_after=2025-12-19 00:00:00+00:00
[2025-12-19T02:16:04.151+0000] {logging_mixin.py:188} INFO - [2025-12-19T02:16:04.151+0000] {dag.py:3947} INFO - Setting next_dagrun for example_branch_datetime_operator_3 to 2025-12-18 00:00:00+00:00, run_after=2025-12-19 00:00:00+00:00
[2025-12-19T02:16:04.160+0000] {processor.py:183} INFO - Processing /home/airflow/.local/lib/python3.12/site-packages/airflow/example_dags/example_branch_datetime_operator.py took 0.054 seconds
[2025-12-19T03:53:38.526+0000] {processor.py:161} INFO - Started process (PID=57803) to work on /home/airflow/.local/lib/python3.12/site-packages/airflow/example_dags/example_branch_datetime_operator.py
[2025-12-19T03:53:38.530+0000] {processor.py:830} INFO - Processing file /home/airflow/.local/lib/python3.12/site-packages/airflow/example_dags/example_branch_datetime_operator.py for tasks to queue
[2025-12-19T03:53:38.530+0000] {logging_mixin.py:188} INFO - [2025-12-19T03:53:38.530+0000] {dagbag.py:545} INFO - Filling up the DagBag from /home/airflow/.local/lib/python3.12/site-packages/airflow/example_dags/example_branch_datetime_operator.py
[2025-12-19T03:53:38.535+0000] {processor.py:840} INFO - DAG(s) 'example_branch_datetime_operator', 'example_branch_datetime_operator_3', 'example_branch_datetime_operator_2' retrieved from /home/airflow/.local/lib/python3.12/site-packages/airflow/example_dags/example_branch_datetime_operator.py
[2025-12-19T03:53:38.551+0000] {logging_mixin.py:188} INFO - [2025-12-19T03:53:38.551+0000] {dag.py:3089} INFO - Sync 3 DAGs
[2025-12-19T03:53:38.561+0000] {logging_mixin.py:188} INFO - [2025-12-19T03:53:38.561+0000] {dag.py:3947} INFO - Setting next_dagrun for example_branch_datetime_operator to 2025-12-18 00:00:00+00:00, run_after=2025-12-19 00:00:00+00:00
[2025-12-19T03:53:38.565+0000] {logging_mixin.py:188} INFO - [2025-12-19T03:53:38.565+0000] {dag.py:3947} INFO - Setting next_dagrun for example_branch_datetime_operator_2 to 2025-12-18 00:00:00+00:00, run_after=2025-12-19 00:00:00+00:00
[2025-12-19T03:53:38.567+0000] {logging_mixin.py:188} INFO - [2025-12-19T03:53:38.567+0000] {dag.py:3947} INFO - Setting next_dagrun for example_branch_datetime_operator_3 to 2025-12-18 00:00:00+00:00, run_after=2025-12-19 00:00:00+00:00
[2025-12-19T03:53:38.580+0000] {processor.py:183} INFO - Processing /home/airflow/.local/lib/python3.12/site-packages/airflow/example_dags/example_branch_datetime_operator.py took 0.057 seconds
[2025-12-19T05:18:12.085+0000] {processor.py:161} INFO - Started process (PID=57862) to work on /home/airflow/.local/lib/python3.12/site-packages/airflow/example_dags/example_branch_datetime_operator.py
[2025-12-19T05:18:12.085+0000] {processor.py:830} INFO - Processing file /home/airflow/.local/lib/python3.12/site-packages/airflow/example_dags/example_branch_datetime_operator.py for tasks to queue
[2025-12-19T05:18:12.086+0000] {logging_mixin.py:188} INFO - [2025-12-19T05:18:12.086+0000] {dagbag.py:545} INFO - Filling up the DagBag from /home/airflow/.local/lib/python3.12/site-packages/airflow/example_dags/example_branch_datetime_operator.py
[2025-12-19T05:18:12.090+0000] {processor.py:840} INFO - DAG(s) 'example_branch_datetime_operator_2', 'example_branch_datetime_operator', 'example_branch_datetime_operator_3' retrieved from /home/airflow/.local/lib/python3.12/site-packages/airflow/example_dags/example_branch_datetime_operator.py
[2025-12-19T05:18:12.114+0000] {logging_mixin.py:188} INFO - [2025-12-19T05:18:12.114+0000] {dag.py:3089} INFO - Sync 3 DAGs
[2025-12-19T05:18:12.123+0000] {logging_mixin.py:188} INFO - [2025-12-19T05:18:12.123+0000] {dag.py:3947} INFO - Setting next_dagrun for example_branch_datetime_operator to 2025-12-18 00:00:00+00:00, run_after=2025-12-19 00:00:00+00:00
[2025-12-19T05:18:12.125+0000] {logging_mixin.py:188} INFO - [2025-12-19T05:18:12.125+0000] {dag.py:3947} INFO - Setting next_dagrun for example_branch_datetime_operator_2 to 2025-12-18 00:00:00+00:00, run_after=2025-12-19 00:00:00+00:00
[2025-12-19T05:18:12.126+0000] {logging_mixin.py:188} INFO - [2025-12-19T05:18:12.126+0000] {dag.py:3947} INFO - Setting next_dagrun for example_branch_datetime_operator_3 to 2025-12-18 00:00:00+00:00, run_after=2025-12-19 00:00:00+00:00
[2025-12-19T05:18:12.135+0000] {processor.py:183} INFO - Processing /home/airflow/.local/lib/python3.12/site-packages/airflow/example_dags/example_branch_datetime_operator.py took 0.053 seconds
[2025-12-19T06:58:36.516+0000] {processor.py:161} INFO - Started process (PID=57921) to work on /home/airflow/.local/lib/python3.12/site-packages/airflow/example_dags/example_branch_datetime_operator.py
[2025-12-19T06:58:36.516+0000] {processor.py:830} INFO - Processing file /home/airflow/.local/lib/python3.12/site-packages/airflow/example_dags/example_branch_datetime_operator.py for tasks to queue
[2025-12-19T06:58:36.517+0000] {logging_mixin.py:188} INFO - [2025-12-19T06:58:36.517+0000] {dagbag.py:545} INFO - Filling up the DagBag from /home/airflow/.local/lib/python3.12/site-packages/airflow/example_dags/example_branch_datetime_operator.py
[2025-12-19T06:58:36.522+0000] {processor.py:840} INFO - DAG(s) 'example_branch_datetime_operator_3', 'example_branch_datetime_operator', 'example_branch_datetime_operator_2' retrieved from /home/airflow/.local/lib/python3.12/site-packages/airflow/example_dags/example_branch_datetime_operator.py
[2025-12-19T06:58:36.542+0000] {logging_mixin.py:188} INFO - [2025-12-19T06:58:36.542+0000] {dag.py:3089} INFO - Sync 3 DAGs
[2025-12-19T06:58:36.556+0000] {logging_mixin.py:188} INFO - [2025-12-19T06:58:36.556+0000] {dag.py:3947} INFO - Setting next_dagrun for example_branch_datetime_operator to 2025-12-18 00:00:00+00:00, run_after=2025-12-19 00:00:00+00:00
[2025-12-19T06:58:36.563+0000] {logging_mixin.py:188} INFO - [2025-12-19T06:58:36.563+0000] {dag.py:3947} INFO - Setting next_dagrun for example_branch_datetime_operator_2 to 2025-12-18 00:00:00+00:00, run_after=2025-12-19 00:00:00+00:00
[2025-12-19T06:58:36.564+0000] {logging_mixin.py:188} INFO - [2025-12-19T06:58:36.564+0000] {dag.py:3947} INFO - Setting next_dagrun for example_branch_datetime_operator_3 to 2025-12-18 00:00:00+00:00, run_after=2025-12-19 00:00:00+00:00
[2025-12-19T06:58:36.577+0000] {processor.py:183} INFO - Processing /home/airflow/.local/lib/python3.12/site-packages/airflow/example_dags/example_branch_datetime_operator.py took 0.064 seconds
[2025-12-19T08:03:02.274+0000] {processor.py:161} INFO - Started process (PID=57980) to work on /home/airflow/.local/lib/python3.12/site-packages/airflow/example_dags/example_branch_datetime_operator.py
[2025-12-19T08:03:02.277+0000] {processor.py:830} INFO - Processing file /home/airflow/.local/lib/python3.12/site-packages/airflow/example_dags/example_branch_datetime_operator.py for tasks to queue
[2025-12-19T08:03:02.278+0000] {logging_mixin.py:188} INFO - [2025-12-19T08:03:02.278+0000] {dagbag.py:545} INFO - Filling up the DagBag from /home/airflow/.local/lib/python3.12/site-packages/airflow/example_dags/example_branch_datetime_operator.py
[2025-12-19T08:03:02.284+0000] {processor.py:840} INFO - DAG(s) 'example_branch_datetime_operator', 'example_branch_datetime_operator_2', 'example_branch_datetime_operator_3' retrieved from /home/airflow/.local/lib/python3.12/site-packages/airflow/example_dags/example_branch_datetime_operator.py
[2025-12-19T08:03:02.303+0000] {logging_mixin.py:188} INFO - [2025-12-19T08:03:02.303+0000] {dag.py:3089} INFO - Sync 3 DAGs
[2025-12-19T08:03:02.316+0000] {logging_mixin.py:188} INFO - [2025-12-19T08:03:02.316+0000] {dag.py:3947} INFO - Setting next_dagrun for example_branch_datetime_operator to 2025-12-18 00:00:00+00:00, run_after=2025-12-19 00:00:00+00:00
[2025-12-19T08:03:02.319+0000] {logging_mixin.py:188} INFO - [2025-12-19T08:03:02.318+0000] {dag.py:3947} INFO - Setting next_dagrun for example_branch_datetime_operator_2 to 2025-12-18 00:00:00+00:00, run_after=2025-12-19 00:00:00+00:00
[2025-12-19T08:03:02.320+0000] {logging_mixin.py:188} INFO - [2025-12-19T08:03:02.319+0000] {dag.py:3947} INFO - Setting next_dagrun for example_branch_datetime_operator_3 to 2025-12-18 00:00:00+00:00, run_after=2025-12-19 00:00:00+00:00
[2025-12-19T08:03:02.331+0000] {processor.py:183} INFO - Processing /home/airflow/.local/lib/python3.12/site-packages/airflow/example_dags/example_branch_datetime_operator.py took 0.060 seconds
[2025-12-19T09:19:28.530+0000] {processor.py:161} INFO - Started process (PID=58039) to work on /home/airflow/.local/lib/python3.12/site-packages/airflow/example_dags/example_branch_datetime_operator.py
[2025-12-19T09:19:28.532+0000] {processor.py:830} INFO - Processing file /home/airflow/.local/lib/python3.12/site-packages/airflow/example_dags/example_branch_datetime_operator.py for tasks to queue
[2025-12-19T09:19:28.533+0000] {logging_mixin.py:188} INFO - [2025-12-19T09:19:28.533+0000] {dagbag.py:545} INFO - Filling up the DagBag from /home/airflow/.local/lib/python3.12/site-packages/airflow/example_dags/example_branch_datetime_operator.py
[2025-12-19T09:19:28.544+0000] {processor.py:840} INFO - DAG(s) 'example_branch_datetime_operator', 'example_branch_datetime_operator_2', 'example_branch_datetime_operator_3' retrieved from /home/airflow/.local/lib/python3.12/site-packages/airflow/example_dags/example_branch_datetime_operator.py
[2025-12-19T09:19:28.581+0000] {logging_mixin.py:188} INFO - [2025-12-19T09:19:28.581+0000] {dag.py:3089} INFO - Sync 3 DAGs
[2025-12-19T09:19:28.599+0000] {logging_mixin.py:188} INFO - [2025-12-19T09:19:28.599+0000] {dag.py:3947} INFO - Setting next_dagrun for example_branch_datetime_operator to 2025-12-18 00:00:00+00:00, run_after=2025-12-19 00:00:00+00:00
[2025-12-19T09:19:28.603+0000] {logging_mixin.py:188} INFO - [2025-12-19T09:19:28.603+0000] {dag.py:3947} INFO - Setting next_dagrun for example_branch_datetime_operator_2 to 2025-12-18 00:00:00+00:00, run_after=2025-12-19 00:00:00+00:00
[2025-12-19T09:19:28.605+0000] {logging_mixin.py:188} INFO - [2025-12-19T09:19:28.605+0000] {dag.py:3947} INFO - Setting next_dagrun for example_branch_datetime_operator_3 to 2025-12-18 00:00:00+00:00, run_after=2025-12-19 00:00:00+00:00
[2025-12-19T09:19:28.621+0000] {processor.py:183} INFO - Processing /home/airflow/.local/lib/python3.12/site-packages/airflow/example_dags/example_branch_datetime_operator.py took 0.096 seconds
[2025-12-19T09:57:38.454+0000] {processor.py:161} INFO - Started process (PID=58098) to work on /home/airflow/.local/lib/python3.12/site-packages/airflow/example_dags/example_branch_datetime_operator.py
[2025-12-19T09:57:38.456+0000] {processor.py:830} INFO - Processing file /home/airflow/.local/lib/python3.12/site-packages/airflow/example_dags/example_branch_datetime_operator.py for tasks to queue
[2025-12-19T09:57:38.457+0000] {logging_mixin.py:188} INFO - [2025-12-19T09:57:38.457+0000] {dagbag.py:545} INFO - Filling up the DagBag from /home/airflow/.local/lib/python3.12/site-packages/airflow/example_dags/example_branch_datetime_operator.py
[2025-12-19T09:57:38.478+0000] {processor.py:840} INFO - DAG(s) 'example_branch_datetime_operator', 'example_branch_datetime_operator_3', 'example_branch_datetime_operator_2' retrieved from /home/airflow/.local/lib/python3.12/site-packages/airflow/example_dags/example_branch_datetime_operator.py
[2025-12-19T09:57:38.507+0000] {logging_mixin.py:188} INFO - [2025-12-19T09:57:38.507+0000] {dag.py:3089} INFO - Sync 3 DAGs
[2025-12-19T09:57:38.528+0000] {logging_mixin.py:188} INFO - [2025-12-19T09:57:38.527+0000] {dag.py:3947} INFO - Setting next_dagrun for example_branch_datetime_operator to 2025-12-18 00:00:00+00:00, run_after=2025-12-19 00:00:00+00:00
[2025-12-19T09:57:38.531+0000] {logging_mixin.py:188} INFO - [2025-12-19T09:57:38.531+0000] {dag.py:3947} INFO - Setting next_dagrun for example_branch_datetime_operator_2 to 2025-12-18 00:00:00+00:00, run_after=2025-12-19 00:00:00+00:00
[2025-12-19T09:57:38.533+0000] {logging_mixin.py:188} INFO - [2025-12-19T09:57:38.533+0000] {dag.py:3947} INFO - Setting next_dagrun for example_branch_datetime_operator_3 to 2025-12-18 00:00:00+00:00, run_after=2025-12-19 00:00:00+00:00
[2025-12-19T09:57:38.547+0000] {processor.py:183} INFO - Processing /home/airflow/.local/lib/python3.12/site-packages/airflow/example_dags/example_branch_datetime_operator.py took 0.098 seconds
[2025-12-19T10:46:47.019+0000] {processor.py:161} INFO - Started process (PID=58157) to work on /home/airflow/.local/lib/python3.12/site-packages/airflow/example_dags/example_branch_datetime_operator.py
[2025-12-19T10:46:47.020+0000] {processor.py:830} INFO - Processing file /home/airflow/.local/lib/python3.12/site-packages/airflow/example_dags/example_branch_datetime_operator.py for tasks to queue
[2025-12-19T10:46:47.021+0000] {logging_mixin.py:188} INFO - [2025-12-19T10:46:47.021+0000] {dagbag.py:545} INFO - Filling up the DagBag from /home/airflow/.local/lib/python3.12/site-packages/airflow/example_dags/example_branch_datetime_operator.py
[2025-12-19T10:46:47.033+0000] {processor.py:840} INFO - DAG(s) 'example_branch_datetime_operator_3', 'example_branch_datetime_operator', 'example_branch_datetime_operator_2' retrieved from /home/airflow/.local/lib/python3.12/site-packages/airflow/example_dags/example_branch_datetime_operator.py
[2025-12-19T10:46:47.085+0000] {logging_mixin.py:188} INFO - [2025-12-19T10:46:47.084+0000] {dag.py:3089} INFO - Sync 3 DAGs
[2025-12-19T10:46:47.123+0000] {logging_mixin.py:188} INFO - [2025-12-19T10:46:47.122+0000] {dag.py:3947} INFO - Setting next_dagrun for example_branch_datetime_operator to 2025-12-18 00:00:00+00:00, run_after=2025-12-19 00:00:00+00:00
[2025-12-19T10:46:47.128+0000] {logging_mixin.py:188} INFO - [2025-12-19T10:46:47.128+0000] {dag.py:3947} INFO - Setting next_dagrun for example_branch_datetime_operator_2 to 2025-12-18 00:00:00+00:00, run_after=2025-12-19 00:00:00+00:00
[2025-12-19T10:46:47.132+0000] {logging_mixin.py:188} INFO - [2025-12-19T10:46:47.132+0000] {dag.py:3947} INFO - Setting next_dagrun for example_branch_datetime_operator_3 to 2025-12-18 00:00:00+00:00, run_after=2025-12-19 00:00:00+00:00
[2025-12-19T10:46:47.156+0000] {processor.py:183} INFO - Processing /home/airflow/.local/lib/python3.12/site-packages/airflow/example_dags/example_branch_datetime_operator.py took 0.144 seconds
[2025-12-19T11:37:07.499+0000] {processor.py:161} INFO - Started process (PID=58216) to work on /home/airflow/.local/lib/python3.12/site-packages/airflow/example_dags/example_branch_datetime_operator.py
[2025-12-19T11:37:07.500+0000] {processor.py:830} INFO - Processing file /home/airflow/.local/lib/python3.12/site-packages/airflow/example_dags/example_branch_datetime_operator.py for tasks to queue
[2025-12-19T11:37:07.501+0000] {logging_mixin.py:188} INFO - [2025-12-19T11:37:07.501+0000] {dagbag.py:545} INFO - Filling up the DagBag from /home/airflow/.local/lib/python3.12/site-packages/airflow/example_dags/example_branch_datetime_operator.py
[2025-12-19T11:37:07.514+0000] {processor.py:840} INFO - DAG(s) 'example_branch_datetime_operator_2', 'example_branch_datetime_operator_3', 'example_branch_datetime_operator' retrieved from /home/airflow/.local/lib/python3.12/site-packages/airflow/example_dags/example_branch_datetime_operator.py
[2025-12-19T11:37:07.557+0000] {logging_mixin.py:188} INFO - [2025-12-19T11:37:07.557+0000] {dag.py:3089} INFO - Sync 3 DAGs
[2025-12-19T11:37:07.593+0000] {logging_mixin.py:188} INFO - [2025-12-19T11:37:07.592+0000] {dag.py:3947} INFO - Setting next_dagrun for example_branch_datetime_operator to 2025-12-18 00:00:00+00:00, run_after=2025-12-19 00:00:00+00:00
[2025-12-19T11:37:07.602+0000] {logging_mixin.py:188} INFO - [2025-12-19T11:37:07.602+0000] {dag.py:3947} INFO - Setting next_dagrun for example_branch_datetime_operator_2 to 2025-12-18 00:00:00+00:00, run_after=2025-12-19 00:00:00+00:00
[2025-12-19T11:37:07.606+0000] {logging_mixin.py:188} INFO - [2025-12-19T11:37:07.605+0000] {dag.py:3947} INFO - Setting next_dagrun for example_branch_datetime_operator_3 to 2025-12-18 00:00:00+00:00, run_after=2025-12-19 00:00:00+00:00
[2025-12-19T11:37:07.651+0000] {processor.py:183} INFO - Processing /home/airflow/.local/lib/python3.12/site-packages/airflow/example_dags/example_branch_datetime_operator.py took 0.159 seconds
[2025-12-19T12:40:29.910+0000] {processor.py:161} INFO - Started process (PID=58275) to work on /home/airflow/.local/lib/python3.12/site-packages/airflow/example_dags/example_branch_datetime_operator.py
[2025-12-19T12:40:29.911+0000] {processor.py:830} INFO - Processing file /home/airflow/.local/lib/python3.12/site-packages/airflow/example_dags/example_branch_datetime_operator.py for tasks to queue
[2025-12-19T12:40:29.912+0000] {logging_mixin.py:188} INFO - [2025-12-19T12:40:29.911+0000] {dagbag.py:545} INFO - Filling up the DagBag from /home/airflow/.local/lib/python3.12/site-packages/airflow/example_dags/example_branch_datetime_operator.py
[2025-12-19T12:40:29.920+0000] {processor.py:840} INFO - DAG(s) 'example_branch_datetime_operator_2', 'example_branch_datetime_operator', 'example_branch_datetime_operator_3' retrieved from /home/airflow/.local/lib/python3.12/site-packages/airflow/example_dags/example_branch_datetime_operator.py
[2025-12-19T12:40:29.961+0000] {logging_mixin.py:188} INFO - [2025-12-19T12:40:29.961+0000] {dag.py:3089} INFO - Sync 3 DAGs
[2025-12-19T12:40:29.983+0000] {logging_mixin.py:188} INFO - [2025-12-19T12:40:29.982+0000] {dag.py:3947} INFO - Setting next_dagrun for example_branch_datetime_operator to 2025-12-18 00:00:00+00:00, run_after=2025-12-19 00:00:00+00:00
[2025-12-19T12:40:29.987+0000] {logging_mixin.py:188} INFO - [2025-12-19T12:40:29.987+0000] {dag.py:3947} INFO - Setting next_dagrun for example_branch_datetime_operator_2 to 2025-12-18 00:00:00+00:00, run_after=2025-12-19 00:00:00+00:00
[2025-12-19T12:40:29.989+0000] {logging_mixin.py:188} INFO - [2025-12-19T12:40:29.989+0000] {dag.py:3947} INFO - Setting next_dagrun for example_branch_datetime_operator_3 to 2025-12-18 00:00:00+00:00, run_after=2025-12-19 00:00:00+00:00
[2025-12-19T12:40:30.000+0000] {processor.py:183} INFO - Processing /home/airflow/.local/lib/python3.12/site-packages/airflow/example_dags/example_branch_datetime_operator.py took 0.100 seconds
[2025-12-19T13:57:44.571+0000] {processor.py:161} INFO - Started process (PID=58334) to work on /home/airflow/.local/lib/python3.12/site-packages/airflow/example_dags/example_branch_datetime_operator.py
[2025-12-19T13:57:44.572+0000] {processor.py:830} INFO - Processing file /home/airflow/.local/lib/python3.12/site-packages/airflow/example_dags/example_branch_datetime_operator.py for tasks to queue
[2025-12-19T13:57:44.575+0000] {logging_mixin.py:188} INFO - [2025-12-19T13:57:44.575+0000] {dagbag.py:545} INFO - Filling up the DagBag from /home/airflow/.local/lib/python3.12/site-packages/airflow/example_dags/example_branch_datetime_operator.py
[2025-12-19T13:57:44.584+0000] {processor.py:840} INFO - DAG(s) 'example_branch_datetime_operator', 'example_branch_datetime_operator_3', 'example_branch_datetime_operator_2' retrieved from /home/airflow/.local/lib/python3.12/site-packages/airflow/example_dags/example_branch_datetime_operator.py
[2025-12-19T13:57:44.615+0000] {logging_mixin.py:188} INFO - [2025-12-19T13:57:44.615+0000] {dag.py:3089} INFO - Sync 3 DAGs
[2025-12-19T13:57:44.633+0000] {logging_mixin.py:188} INFO - [2025-12-19T13:57:44.633+0000] {dag.py:3947} INFO - Setting next_dagrun for example_branch_datetime_operator to 2025-12-18 00:00:00+00:00, run_after=2025-12-19 00:00:00+00:00
[2025-12-19T13:57:44.639+0000] {logging_mixin.py:188} INFO - [2025-12-19T13:57:44.639+0000] {dag.py:3947} INFO - Setting next_dagrun for example_branch_datetime_operator_2 to 2025-12-18 00:00:00+00:00, run_after=2025-12-19 00:00:00+00:00
[2025-12-19T13:57:44.641+0000] {logging_mixin.py:188} INFO - [2025-12-19T13:57:44.641+0000] {dag.py:3947} INFO - Setting next_dagrun for example_branch_datetime_operator_3 to 2025-12-18 00:00:00+00:00, run_after=2025-12-19 00:00:00+00:00
[2025-12-19T13:57:44.658+0000] {processor.py:183} INFO - Processing /home/airflow/.local/lib/python3.12/site-packages/airflow/example_dags/example_branch_datetime_operator.py took 0.095 seconds
[2025-12-19T14:41:22.632+0000] {processor.py:161} INFO - Started process (PID=58399) to work on /home/airflow/.local/lib/python3.12/site-packages/airflow/example_dags/example_branch_datetime_operator.py
[2025-12-19T14:41:22.634+0000] {processor.py:830} INFO - Processing file /home/airflow/.local/lib/python3.12/site-packages/airflow/example_dags/example_branch_datetime_operator.py for tasks to queue
[2025-12-19T14:41:22.636+0000] {logging_mixin.py:188} INFO - [2025-12-19T14:41:22.635+0000] {dagbag.py:545} INFO - Filling up the DagBag from /home/airflow/.local/lib/python3.12/site-packages/airflow/example_dags/example_branch_datetime_operator.py
[2025-12-19T14:41:22.653+0000] {processor.py:840} INFO - DAG(s) 'example_branch_datetime_operator_2', 'example_branch_datetime_operator', 'example_branch_datetime_operator_3' retrieved from /home/airflow/.local/lib/python3.12/site-packages/airflow/example_dags/example_branch_datetime_operator.py
[2025-12-19T14:41:22.705+0000] {logging_mixin.py:188} INFO - [2025-12-19T14:41:22.704+0000] {dag.py:3089} INFO - Sync 3 DAGs
[2025-12-19T14:41:22.759+0000] {logging_mixin.py:188} INFO - [2025-12-19T14:41:22.758+0000] {dag.py:3947} INFO - Setting next_dagrun for example_branch_datetime_operator to 2025-12-18 00:00:00+00:00, run_after=2025-12-19 00:00:00+00:00
[2025-12-19T14:41:22.765+0000] {logging_mixin.py:188} INFO - [2025-12-19T14:41:22.765+0000] {dag.py:3947} INFO - Setting next_dagrun for example_branch_datetime_operator_2 to 2025-12-18 00:00:00+00:00, run_after=2025-12-19 00:00:00+00:00
[2025-12-19T14:41:22.769+0000] {logging_mixin.py:188} INFO - [2025-12-19T14:41:22.769+0000] {dag.py:3947} INFO - Setting next_dagrun for example_branch_datetime_operator_3 to 2025-12-18 00:00:00+00:00, run_after=2025-12-19 00:00:00+00:00
[2025-12-19T14:41:22.803+0000] {processor.py:183} INFO - Processing /home/airflow/.local/lib/python3.12/site-packages/airflow/example_dags/example_branch_datetime_operator.py took 0.180 seconds
[2025-12-19T14:41:53.571+0000] {processor.py:161} INFO - Started process (PID=58458) to work on /home/airflow/.local/lib/python3.12/site-packages/airflow/example_dags/example_branch_datetime_operator.py
[2025-12-19T14:41:53.575+0000] {processor.py:830} INFO - Processing file /home/airflow/.local/lib/python3.12/site-packages/airflow/example_dags/example_branch_datetime_operator.py for tasks to queue
[2025-12-19T14:41:53.575+0000] {logging_mixin.py:188} INFO - [2025-12-19T14:41:53.575+0000] {dagbag.py:545} INFO - Filling up the DagBag from /home/airflow/.local/lib/python3.12/site-packages/airflow/example_dags/example_branch_datetime_operator.py
[2025-12-19T14:41:53.584+0000] {processor.py:840} INFO - DAG(s) 'example_branch_datetime_operator', 'example_branch_datetime_operator_2', 'example_branch_datetime_operator_3' retrieved from /home/airflow/.local/lib/python3.12/site-packages/airflow/example_dags/example_branch_datetime_operator.py
[2025-12-19T14:41:53.610+0000] {logging_mixin.py:188} INFO - [2025-12-19T14:41:53.610+0000] {dag.py:3089} INFO - Sync 3 DAGs
[2025-12-19T14:41:53.624+0000] {logging_mixin.py:188} INFO - [2025-12-19T14:41:53.624+0000] {dag.py:3947} INFO - Setting next_dagrun for example_branch_datetime_operator to 2025-12-18 00:00:00+00:00, run_after=2025-12-19 00:00:00+00:00
[2025-12-19T14:41:53.627+0000] {logging_mixin.py:188} INFO - [2025-12-19T14:41:53.627+0000] {dag.py:3947} INFO - Setting next_dagrun for example_branch_datetime_operator_2 to 2025-12-18 00:00:00+00:00, run_after=2025-12-19 00:00:00+00:00
[2025-12-19T14:41:53.629+0000] {logging_mixin.py:188} INFO - [2025-12-19T14:41:53.629+0000] {dag.py:3947} INFO - Setting next_dagrun for example_branch_datetime_operator_3 to 2025-12-18 00:00:00+00:00, run_after=2025-12-19 00:00:00+00:00
[2025-12-19T14:41:53.644+0000] {processor.py:183} INFO - Processing /home/airflow/.local/lib/python3.12/site-packages/airflow/example_dags/example_branch_datetime_operator.py took 0.076 seconds
