[2025-12-19T01:08:02.512+0000] {processor.py:161} INFO - Started process (PID=57726) to work on /home/airflow/.local/lib/python3.12/site-packages/airflow/example_dags/example_branch_day_of_week_operator.py
[2025-12-19T01:08:02.513+0000] {processor.py:830} INFO - Processing file /home/airflow/.local/lib/python3.12/site-packages/airflow/example_dags/example_branch_day_of_week_operator.py for tasks to queue
[2025-12-19T01:08:02.513+0000] {logging_mixin.py:188} INFO - [2025-12-19T01:08:02.513+0000] {dagbag.py:545} INFO - Filling up the DagBag from /home/airflow/.local/lib/python3.12/site-packages/airflow/example_dags/example_branch_day_of_week_operator.py
[2025-12-19T01:08:02.518+0000] {processor.py:840} INFO - DAG(s) 'example_weekday_branch_operator' retrieved from /home/airflow/.local/lib/python3.12/site-packages/airflow/example_dags/example_branch_day_of_week_operator.py
[2025-12-19T01:08:02.533+0000] {logging_mixin.py:188} INFO - [2025-12-19T01:08:02.533+0000] {dag.py:3089} INFO - Sync 1 DAGs
[2025-12-19T01:08:02.548+0000] {logging_mixin.py:188} INFO - [2025-12-19T01:08:02.547+0000] {dag.py:3947} INFO - Setting next_dagrun for example_weekday_branch_operator to 2025-12-18 00:00:00+00:00, run_after=2025-12-19 00:00:00+00:00
[2025-12-19T01:08:02.557+0000] {processor.py:183} INFO - Processing /home/airflow/.local/lib/python3.12/site-packages/airflow/example_dags/example_branch_day_of_week_operator.py took 0.049 seconds
[2025-12-19T02:16:05.343+0000] {processor.py:161} INFO - Started process (PID=57785) to work on /home/airflow/.local/lib/python3.12/site-packages/airflow/example_dags/example_branch_day_of_week_operator.py
[2025-12-19T02:16:05.344+0000] {processor.py:830} INFO - Processing file /home/airflow/.local/lib/python3.12/site-packages/airflow/example_dags/example_branch_day_of_week_operator.py for tasks to queue
[2025-12-19T02:16:05.345+0000] {logging_mixin.py:188} INFO - [2025-12-19T02:16:05.345+0000] {dagbag.py:545} INFO - Filling up the DagBag from /home/airflow/.local/lib/python3.12/site-packages/airflow/example_dags/example_branch_day_of_week_operator.py
[2025-12-19T02:16:05.349+0000] {processor.py:840} INFO - DAG(s) 'example_weekday_branch_operator' retrieved from /home/airflow/.local/lib/python3.12/site-packages/airflow/example_dags/example_branch_day_of_week_operator.py
[2025-12-19T02:16:05.370+0000] {logging_mixin.py:188} INFO - [2025-12-19T02:16:05.370+0000] {dag.py:3089} INFO - Sync 1 DAGs
[2025-12-19T02:16:05.379+0000] {logging_mixin.py:188} INFO - [2025-12-19T02:16:05.379+0000] {dag.py:3947} INFO - Setting next_dagrun for example_weekday_branch_operator to 2025-12-18 00:00:00+00:00, run_after=2025-12-19 00:00:00+00:00
[2025-12-19T02:16:05.386+0000] {processor.py:183} INFO - Processing /home/airflow/.local/lib/python3.12/site-packages/airflow/example_dags/example_branch_day_of_week_operator.py took 0.046 seconds
[2025-12-19T03:53:39.815+0000] {processor.py:161} INFO - Started process (PID=57844) to work on /home/airflow/.local/lib/python3.12/site-packages/airflow/example_dags/example_branch_day_of_week_operator.py
[2025-12-19T03:53:39.817+0000] {processor.py:830} INFO - Processing file /home/airflow/.local/lib/python3.12/site-packages/airflow/example_dags/example_branch_day_of_week_operator.py for tasks to queue
[2025-12-19T03:53:39.818+0000] {logging_mixin.py:188} INFO - [2025-12-19T03:53:39.818+0000] {dagbag.py:545} INFO - Filling up the DagBag from /home/airflow/.local/lib/python3.12/site-packages/airflow/example_dags/example_branch_day_of_week_operator.py
[2025-12-19T03:53:39.821+0000] {processor.py:840} INFO - DAG(s) 'example_weekday_branch_operator' retrieved from /home/airflow/.local/lib/python3.12/site-packages/airflow/example_dags/example_branch_day_of_week_operator.py
[2025-12-19T03:53:39.830+0000] {logging_mixin.py:188} INFO - [2025-12-19T03:53:39.830+0000] {dag.py:3089} INFO - Sync 1 DAGs
[2025-12-19T03:53:39.840+0000] {logging_mixin.py:188} INFO - [2025-12-19T03:53:39.840+0000] {dag.py:3947} INFO - Setting next_dagrun for example_weekday_branch_operator to 2025-12-18 00:00:00+00:00, run_after=2025-12-19 00:00:00+00:00
[2025-12-19T03:53:39.849+0000] {processor.py:183} INFO - Processing /home/airflow/.local/lib/python3.12/site-packages/airflow/example_dags/example_branch_day_of_week_operator.py took 0.037 seconds
[2025-12-19T05:18:13.307+0000] {processor.py:161} INFO - Started process (PID=57903) to work on /home/airflow/.local/lib/python3.12/site-packages/airflow/example_dags/example_branch_day_of_week_operator.py
[2025-12-19T05:18:13.308+0000] {processor.py:830} INFO - Processing file /home/airflow/.local/lib/python3.12/site-packages/airflow/example_dags/example_branch_day_of_week_operator.py for tasks to queue
[2025-12-19T05:18:13.310+0000] {logging_mixin.py:188} INFO - [2025-12-19T05:18:13.309+0000] {dagbag.py:545} INFO - Filling up the DagBag from /home/airflow/.local/lib/python3.12/site-packages/airflow/example_dags/example_branch_day_of_week_operator.py
[2025-12-19T05:18:13.314+0000] {processor.py:840} INFO - DAG(s) 'example_weekday_branch_operator' retrieved from /home/airflow/.local/lib/python3.12/site-packages/airflow/example_dags/example_branch_day_of_week_operator.py
[2025-12-19T05:18:13.325+0000] {logging_mixin.py:188} INFO - [2025-12-19T05:18:13.325+0000] {dag.py:3089} INFO - Sync 1 DAGs
[2025-12-19T05:18:13.333+0000] {logging_mixin.py:188} INFO - [2025-12-19T05:18:13.333+0000] {dag.py:3947} INFO - Setting next_dagrun for example_weekday_branch_operator to 2025-12-18 00:00:00+00:00, run_after=2025-12-19 00:00:00+00:00
[2025-12-19T05:18:13.341+0000] {processor.py:183} INFO - Processing /home/airflow/.local/lib/python3.12/site-packages/airflow/example_dags/example_branch_day_of_week_operator.py took 0.037 seconds
[2025-12-19T06:58:37.861+0000] {processor.py:161} INFO - Started process (PID=57962) to work on /home/airflow/.local/lib/python3.12/site-packages/airflow/example_dags/example_branch_day_of_week_operator.py
[2025-12-19T06:58:37.863+0000] {processor.py:830} INFO - Processing file /home/airflow/.local/lib/python3.12/site-packages/airflow/example_dags/example_branch_day_of_week_operator.py for tasks to queue
[2025-12-19T06:58:37.865+0000] {logging_mixin.py:188} INFO - [2025-12-19T06:58:37.864+0000] {dagbag.py:545} INFO - Filling up the DagBag from /home/airflow/.local/lib/python3.12/site-packages/airflow/example_dags/example_branch_day_of_week_operator.py
[2025-12-19T06:58:37.872+0000] {processor.py:840} INFO - DAG(s) 'example_weekday_branch_operator' retrieved from /home/airflow/.local/lib/python3.12/site-packages/airflow/example_dags/example_branch_day_of_week_operator.py
[2025-12-19T06:58:37.887+0000] {logging_mixin.py:188} INFO - [2025-12-19T06:58:37.887+0000] {dag.py:3089} INFO - Sync 1 DAGs
[2025-12-19T06:58:37.899+0000] {logging_mixin.py:188} INFO - [2025-12-19T06:58:37.899+0000] {dag.py:3947} INFO - Setting next_dagrun for example_weekday_branch_operator to 2025-12-18 00:00:00+00:00, run_after=2025-12-19 00:00:00+00:00
[2025-12-19T06:58:37.908+0000] {processor.py:183} INFO - Processing /home/airflow/.local/lib/python3.12/site-packages/airflow/example_dags/example_branch_day_of_week_operator.py took 0.053 seconds
[2025-12-19T08:03:03.929+0000] {processor.py:161} INFO - Started process (PID=58021) to work on /home/airflow/.local/lib/python3.12/site-packages/airflow/example_dags/example_branch_day_of_week_operator.py
[2025-12-19T08:03:03.930+0000] {processor.py:830} INFO - Processing file /home/airflow/.local/lib/python3.12/site-packages/airflow/example_dags/example_branch_day_of_week_operator.py for tasks to queue
[2025-12-19T08:03:03.931+0000] {logging_mixin.py:188} INFO - [2025-12-19T08:03:03.931+0000] {dagbag.py:545} INFO - Filling up the DagBag from /home/airflow/.local/lib/python3.12/site-packages/airflow/example_dags/example_branch_day_of_week_operator.py
[2025-12-19T08:03:03.939+0000] {processor.py:840} INFO - DAG(s) 'example_weekday_branch_operator' retrieved from /home/airflow/.local/lib/python3.12/site-packages/airflow/example_dags/example_branch_day_of_week_operator.py
[2025-12-19T08:03:03.967+0000] {logging_mixin.py:188} INFO - [2025-12-19T08:03:03.966+0000] {dag.py:3089} INFO - Sync 1 DAGs
[2025-12-19T08:03:03.986+0000] {logging_mixin.py:188} INFO - [2025-12-19T08:03:03.986+0000] {dag.py:3947} INFO - Setting next_dagrun for example_weekday_branch_operator to 2025-12-18 00:00:00+00:00, run_after=2025-12-19 00:00:00+00:00
[2025-12-19T08:03:04.008+0000] {processor.py:183} INFO - Processing /home/airflow/.local/lib/python3.12/site-packages/airflow/example_dags/example_branch_day_of_week_operator.py took 0.084 seconds
[2025-12-19T09:19:30.696+0000] {processor.py:161} INFO - Started process (PID=58080) to work on /home/airflow/.local/lib/python3.12/site-packages/airflow/example_dags/example_branch_day_of_week_operator.py
[2025-12-19T09:19:30.698+0000] {processor.py:830} INFO - Processing file /home/airflow/.local/lib/python3.12/site-packages/airflow/example_dags/example_branch_day_of_week_operator.py for tasks to queue
[2025-12-19T09:19:30.698+0000] {logging_mixin.py:188} INFO - [2025-12-19T09:19:30.698+0000] {dagbag.py:545} INFO - Filling up the DagBag from /home/airflow/.local/lib/python3.12/site-packages/airflow/example_dags/example_branch_day_of_week_operator.py
[2025-12-19T09:19:30.706+0000] {processor.py:840} INFO - DAG(s) 'example_weekday_branch_operator' retrieved from /home/airflow/.local/lib/python3.12/site-packages/airflow/example_dags/example_branch_day_of_week_operator.py
[2025-12-19T09:19:30.723+0000] {logging_mixin.py:188} INFO - [2025-12-19T09:19:30.723+0000] {dag.py:3089} INFO - Sync 1 DAGs
[2025-12-19T09:19:30.740+0000] {logging_mixin.py:188} INFO - [2025-12-19T09:19:30.740+0000] {dag.py:3947} INFO - Setting next_dagrun for example_weekday_branch_operator to 2025-12-18 00:00:00+00:00, run_after=2025-12-19 00:00:00+00:00
[2025-12-19T09:19:30.753+0000] {processor.py:183} INFO - Processing /home/airflow/.local/lib/python3.12/site-packages/airflow/example_dags/example_branch_day_of_week_operator.py took 0.062 seconds
[2025-12-19T09:57:42.342+0000] {processor.py:161} INFO - Started process (PID=58139) to work on /home/airflow/.local/lib/python3.12/site-packages/airflow/example_dags/example_branch_day_of_week_operator.py
[2025-12-19T09:57:42.344+0000] {processor.py:830} INFO - Processing file /home/airflow/.local/lib/python3.12/site-packages/airflow/example_dags/example_branch_day_of_week_operator.py for tasks to queue
[2025-12-19T09:57:42.346+0000] {logging_mixin.py:188} INFO - [2025-12-19T09:57:42.345+0000] {dagbag.py:545} INFO - Filling up the DagBag from /home/airflow/.local/lib/python3.12/site-packages/airflow/example_dags/example_branch_day_of_week_operator.py
[2025-12-19T09:57:42.357+0000] {processor.py:840} INFO - DAG(s) 'example_weekday_branch_operator' retrieved from /home/airflow/.local/lib/python3.12/site-packages/airflow/example_dags/example_branch_day_of_week_operator.py
[2025-12-19T09:57:42.399+0000] {logging_mixin.py:188} INFO - [2025-12-19T09:57:42.398+0000] {dag.py:3089} INFO - Sync 1 DAGs
[2025-12-19T09:57:42.448+0000] {logging_mixin.py:188} INFO - [2025-12-19T09:57:42.448+0000] {dag.py:3947} INFO - Setting next_dagrun for example_weekday_branch_operator to 2025-12-18 00:00:00+00:00, run_after=2025-12-19 00:00:00+00:00
[2025-12-19T09:57:42.471+0000] {processor.py:183} INFO - Processing /home/airflow/.local/lib/python3.12/site-packages/airflow/example_dags/example_branch_day_of_week_operator.py took 0.137 seconds
[2025-12-19T10:46:52.056+0000] {processor.py:161} INFO - Started process (PID=58198) to work on /home/airflow/.local/lib/python3.12/site-packages/airflow/example_dags/example_branch_day_of_week_operator.py
[2025-12-19T10:46:52.057+0000] {processor.py:830} INFO - Processing file /home/airflow/.local/lib/python3.12/site-packages/airflow/example_dags/example_branch_day_of_week_operator.py for tasks to queue
[2025-12-19T10:46:52.058+0000] {logging_mixin.py:188} INFO - [2025-12-19T10:46:52.058+0000] {dagbag.py:545} INFO - Filling up the DagBag from /home/airflow/.local/lib/python3.12/site-packages/airflow/example_dags/example_branch_day_of_week_operator.py
[2025-12-19T10:46:52.070+0000] {processor.py:840} INFO - DAG(s) 'example_weekday_branch_operator' retrieved from /home/airflow/.local/lib/python3.12/site-packages/airflow/example_dags/example_branch_day_of_week_operator.py
[2025-12-19T10:46:52.108+0000] {logging_mixin.py:188} INFO - [2025-12-19T10:46:52.108+0000] {dag.py:3089} INFO - Sync 1 DAGs
[2025-12-19T10:46:52.143+0000] {logging_mixin.py:188} INFO - [2025-12-19T10:46:52.143+0000] {dag.py:3947} INFO - Setting next_dagrun for example_weekday_branch_operator to 2025-12-18 00:00:00+00:00, run_after=2025-12-19 00:00:00+00:00
[2025-12-19T10:46:52.164+0000] {processor.py:183} INFO - Processing /home/airflow/.local/lib/python3.12/site-packages/airflow/example_dags/example_branch_day_of_week_operator.py took 0.115 seconds
[2025-12-19T11:37:11.148+0000] {processor.py:161} INFO - Started process (PID=58257) to work on /home/airflow/.local/lib/python3.12/site-packages/airflow/example_dags/example_branch_day_of_week_operator.py
[2025-12-19T11:37:11.149+0000] {processor.py:830} INFO - Processing file /home/airflow/.local/lib/python3.12/site-packages/airflow/example_dags/example_branch_day_of_week_operator.py for tasks to queue
[2025-12-19T11:37:11.151+0000] {logging_mixin.py:188} INFO - [2025-12-19T11:37:11.151+0000] {dagbag.py:545} INFO - Filling up the DagBag from /home/airflow/.local/lib/python3.12/site-packages/airflow/example_dags/example_branch_day_of_week_operator.py
[2025-12-19T11:37:11.157+0000] {processor.py:840} INFO - DAG(s) 'example_weekday_branch_operator' retrieved from /home/airflow/.local/lib/python3.12/site-packages/airflow/example_dags/example_branch_day_of_week_operator.py
[2025-12-19T11:37:11.179+0000] {logging_mixin.py:188} INFO - [2025-12-19T11:37:11.178+0000] {dag.py:3089} INFO - Sync 1 DAGs
[2025-12-19T11:37:11.214+0000] {logging_mixin.py:188} INFO - [2025-12-19T11:37:11.214+0000] {dag.py:3947} INFO - Setting next_dagrun for example_weekday_branch_operator to 2025-12-18 00:00:00+00:00, run_after=2025-12-19 00:00:00+00:00
[2025-12-19T11:37:11.231+0000] {processor.py:183} INFO - Processing /home/airflow/.local/lib/python3.12/site-packages/airflow/example_dags/example_branch_day_of_week_operator.py took 0.089 seconds
[2025-12-19T12:40:32.607+0000] {processor.py:161} INFO - Started process (PID=58316) to work on /home/airflow/.local/lib/python3.12/site-packages/airflow/example_dags/example_branch_day_of_week_operator.py
[2025-12-19T12:40:32.609+0000] {processor.py:830} INFO - Processing file /home/airflow/.local/lib/python3.12/site-packages/airflow/example_dags/example_branch_day_of_week_operator.py for tasks to queue
[2025-12-19T12:40:32.610+0000] {logging_mixin.py:188} INFO - [2025-12-19T12:40:32.609+0000] {dagbag.py:545} INFO - Filling up the DagBag from /home/airflow/.local/lib/python3.12/site-packages/airflow/example_dags/example_branch_day_of_week_operator.py
[2025-12-19T12:40:32.619+0000] {processor.py:840} INFO - DAG(s) 'example_weekday_branch_operator' retrieved from /home/airflow/.local/lib/python3.12/site-packages/airflow/example_dags/example_branch_day_of_week_operator.py
[2025-12-19T12:40:32.643+0000] {logging_mixin.py:188} INFO - [2025-12-19T12:40:32.643+0000] {dag.py:3089} INFO - Sync 1 DAGs
[2025-12-19T12:40:32.667+0000] {logging_mixin.py:188} INFO - [2025-12-19T12:40:32.667+0000] {dag.py:3947} INFO - Setting next_dagrun for example_weekday_branch_operator to 2025-12-18 00:00:00+00:00, run_after=2025-12-19 00:00:00+00:00
[2025-12-19T12:40:32.685+0000] {processor.py:183} INFO - Processing /home/airflow/.local/lib/python3.12/site-packages/airflow/example_dags/example_branch_day_of_week_operator.py took 0.084 seconds
[2025-12-19T13:57:46.685+0000] {processor.py:161} INFO - Started process (PID=58375) to work on /home/airflow/.local/lib/python3.12/site-packages/airflow/example_dags/example_branch_day_of_week_operator.py
[2025-12-19T13:57:46.686+0000] {processor.py:830} INFO - Processing file /home/airflow/.local/lib/python3.12/site-packages/airflow/example_dags/example_branch_day_of_week_operator.py for tasks to queue
[2025-12-19T13:57:46.687+0000] {logging_mixin.py:188} INFO - [2025-12-19T13:57:46.687+0000] {dagbag.py:545} INFO - Filling up the DagBag from /home/airflow/.local/lib/python3.12/site-packages/airflow/example_dags/example_branch_day_of_week_operator.py
[2025-12-19T13:57:46.693+0000] {processor.py:840} INFO - DAG(s) 'example_weekday_branch_operator' retrieved from /home/airflow/.local/lib/python3.12/site-packages/airflow/example_dags/example_branch_day_of_week_operator.py
[2025-12-19T13:57:46.724+0000] {logging_mixin.py:188} INFO - [2025-12-19T13:57:46.724+0000] {dag.py:3089} INFO - Sync 1 DAGs
[2025-12-19T13:57:46.740+0000] {logging_mixin.py:188} INFO - [2025-12-19T13:57:46.740+0000] {dag.py:3947} INFO - Setting next_dagrun for example_weekday_branch_operator to 2025-12-18 00:00:00+00:00, run_after=2025-12-19 00:00:00+00:00
[2025-12-19T13:57:46.768+0000] {processor.py:183} INFO - Processing /home/airflow/.local/lib/python3.12/site-packages/airflow/example_dags/example_branch_day_of_week_operator.py took 0.089 seconds
[2025-12-19T14:41:24.939+0000] {processor.py:161} INFO - Started process (PID=58440) to work on /home/airflow/.local/lib/python3.12/site-packages/airflow/example_dags/example_branch_day_of_week_operator.py
[2025-12-19T14:41:24.940+0000] {processor.py:830} INFO - Processing file /home/airflow/.local/lib/python3.12/site-packages/airflow/example_dags/example_branch_day_of_week_operator.py for tasks to queue
[2025-12-19T14:41:24.941+0000] {logging_mixin.py:188} INFO - [2025-12-19T14:41:24.941+0000] {dagbag.py:545} INFO - Filling up the DagBag from /home/airflow/.local/lib/python3.12/site-packages/airflow/example_dags/example_branch_day_of_week_operator.py
[2025-12-19T14:41:24.947+0000] {processor.py:840} INFO - DAG(s) 'example_weekday_branch_operator' retrieved from /home/airflow/.local/lib/python3.12/site-packages/airflow/example_dags/example_branch_day_of_week_operator.py
[2025-12-19T14:41:24.974+0000] {logging_mixin.py:188} INFO - [2025-12-19T14:41:24.974+0000] {dag.py:3089} INFO - Sync 1 DAGs
[2025-12-19T14:41:24.992+0000] {logging_mixin.py:188} INFO - [2025-12-19T14:41:24.991+0000] {dag.py:3947} INFO - Setting next_dagrun for example_weekday_branch_operator to 2025-12-18 00:00:00+00:00, run_after=2025-12-19 00:00:00+00:00
[2025-12-19T14:41:25.007+0000] {processor.py:183} INFO - Processing /home/airflow/.local/lib/python3.12/site-packages/airflow/example_dags/example_branch_day_of_week_operator.py took 0.073 seconds
[2025-12-19T14:41:55.596+0000] {processor.py:161} INFO - Started process (PID=58499) to work on /home/airflow/.local/lib/python3.12/site-packages/airflow/example_dags/example_branch_day_of_week_operator.py
[2025-12-19T14:41:55.602+0000] {processor.py:830} INFO - Processing file /home/airflow/.local/lib/python3.12/site-packages/airflow/example_dags/example_branch_day_of_week_operator.py for tasks to queue
[2025-12-19T14:41:55.602+0000] {logging_mixin.py:188} INFO - [2025-12-19T14:41:55.602+0000] {dagbag.py:545} INFO - Filling up the DagBag from /home/airflow/.local/lib/python3.12/site-packages/airflow/example_dags/example_branch_day_of_week_operator.py
[2025-12-19T14:41:55.609+0000] {processor.py:840} INFO - DAG(s) 'example_weekday_branch_operator' retrieved from /home/airflow/.local/lib/python3.12/site-packages/airflow/example_dags/example_branch_day_of_week_operator.py
[2025-12-19T14:41:55.633+0000] {logging_mixin.py:188} INFO - [2025-12-19T14:41:55.633+0000] {dag.py:3089} INFO - Sync 1 DAGs
[2025-12-19T14:41:55.652+0000] {logging_mixin.py:188} INFO - [2025-12-19T14:41:55.652+0000] {dag.py:3947} INFO - Setting next_dagrun for example_weekday_branch_operator to 2025-12-18 00:00:00+00:00, run_after=2025-12-19 00:00:00+00:00
[2025-12-19T14:41:55.664+0000] {processor.py:183} INFO - Processing /home/airflow/.local/lib/python3.12/site-packages/airflow/example_dags/example_branch_day_of_week_operator.py took 0.073 seconds
