[2025-12-19T01:08:02.046+0000] {processor.py:161} INFO - Started process (PID=57718) to work on /home/airflow/.local/lib/python3.12/site-packages/airflow/example_dags/example_setup_teardown_taskflow.py
[2025-12-19T01:08:02.047+0000] {processor.py:830} INFO - Processing file /home/airflow/.local/lib/python3.12/site-packages/airflow/example_dags/example_setup_teardown_taskflow.py for tasks to queue
[2025-12-19T01:08:02.048+0000] {logging_mixin.py:188} INFO - [2025-12-19T01:08:02.047+0000] {dagbag.py:545} INFO - Filling up the DagBag from /home/airflow/.local/lib/python3.12/site-packages/airflow/example_dags/example_setup_teardown_taskflow.py
[2025-12-19T01:08:02.056+0000] {processor.py:840} INFO - DAG(s) 'example_setup_teardown_taskflow' retrieved from /home/airflow/.local/lib/python3.12/site-packages/airflow/example_dags/example_setup_teardown_taskflow.py
[2025-12-19T01:08:02.076+0000] {logging_mixin.py:188} INFO - [2025-12-19T01:08:02.075+0000] {dag.py:3089} INFO - Sync 1 DAGs
[2025-12-19T01:08:02.119+0000] {logging_mixin.py:188} INFO - [2025-12-19T01:08:02.118+0000] {dag.py:3947} INFO - Setting next_dagrun for example_setup_teardown_taskflow to 2025-12-18 00:00:00+00:00, run_after=2025-12-19 00:00:00+00:00
[2025-12-19T01:08:02.148+0000] {processor.py:183} INFO - Processing /home/airflow/.local/lib/python3.12/site-packages/airflow/example_dags/example_setup_teardown_taskflow.py took 0.105 seconds
[2025-12-19T02:16:05.110+0000] {processor.py:161} INFO - Started process (PID=57777) to work on /home/airflow/.local/lib/python3.12/site-packages/airflow/example_dags/example_setup_teardown_taskflow.py
[2025-12-19T02:16:05.112+0000] {processor.py:830} INFO - Processing file /home/airflow/.local/lib/python3.12/site-packages/airflow/example_dags/example_setup_teardown_taskflow.py for tasks to queue
[2025-12-19T02:16:05.112+0000] {logging_mixin.py:188} INFO - [2025-12-19T02:16:05.112+0000] {dagbag.py:545} INFO - Filling up the DagBag from /home/airflow/.local/lib/python3.12/site-packages/airflow/example_dags/example_setup_teardown_taskflow.py
[2025-12-19T02:16:05.118+0000] {processor.py:840} INFO - DAG(s) 'example_setup_teardown_taskflow' retrieved from /home/airflow/.local/lib/python3.12/site-packages/airflow/example_dags/example_setup_teardown_taskflow.py
[2025-12-19T02:16:05.129+0000] {logging_mixin.py:188} INFO - [2025-12-19T02:16:05.128+0000] {dag.py:3089} INFO - Sync 1 DAGs
[2025-12-19T02:16:05.139+0000] {logging_mixin.py:188} INFO - [2025-12-19T02:16:05.139+0000] {dag.py:3947} INFO - Setting next_dagrun for example_setup_teardown_taskflow to 2025-12-18 00:00:00+00:00, run_after=2025-12-19 00:00:00+00:00
[2025-12-19T02:16:05.147+0000] {processor.py:183} INFO - Processing /home/airflow/.local/lib/python3.12/site-packages/airflow/example_dags/example_setup_teardown_taskflow.py took 0.040 seconds
[2025-12-19T03:53:39.536+0000] {processor.py:161} INFO - Started process (PID=57836) to work on /home/airflow/.local/lib/python3.12/site-packages/airflow/example_dags/example_setup_teardown_taskflow.py
[2025-12-19T03:53:39.537+0000] {processor.py:830} INFO - Processing file /home/airflow/.local/lib/python3.12/site-packages/airflow/example_dags/example_setup_teardown_taskflow.py for tasks to queue
[2025-12-19T03:53:39.537+0000] {logging_mixin.py:188} INFO - [2025-12-19T03:53:39.537+0000] {dagbag.py:545} INFO - Filling up the DagBag from /home/airflow/.local/lib/python3.12/site-packages/airflow/example_dags/example_setup_teardown_taskflow.py
[2025-12-19T03:53:39.542+0000] {processor.py:840} INFO - DAG(s) 'example_setup_teardown_taskflow' retrieved from /home/airflow/.local/lib/python3.12/site-packages/airflow/example_dags/example_setup_teardown_taskflow.py
[2025-12-19T03:53:39.554+0000] {logging_mixin.py:188} INFO - [2025-12-19T03:53:39.554+0000] {dag.py:3089} INFO - Sync 1 DAGs
[2025-12-19T03:53:39.574+0000] {logging_mixin.py:188} INFO - [2025-12-19T03:53:39.574+0000] {dag.py:3947} INFO - Setting next_dagrun for example_setup_teardown_taskflow to 2025-12-18 00:00:00+00:00, run_after=2025-12-19 00:00:00+00:00
[2025-12-19T03:53:39.587+0000] {processor.py:183} INFO - Processing /home/airflow/.local/lib/python3.12/site-packages/airflow/example_dags/example_setup_teardown_taskflow.py took 0.054 seconds
[2025-12-19T05:18:13.054+0000] {processor.py:161} INFO - Started process (PID=57895) to work on /home/airflow/.local/lib/python3.12/site-packages/airflow/example_dags/example_setup_teardown_taskflow.py
[2025-12-19T05:18:13.056+0000] {processor.py:830} INFO - Processing file /home/airflow/.local/lib/python3.12/site-packages/airflow/example_dags/example_setup_teardown_taskflow.py for tasks to queue
[2025-12-19T05:18:13.057+0000] {logging_mixin.py:188} INFO - [2025-12-19T05:18:13.057+0000] {dagbag.py:545} INFO - Filling up the DagBag from /home/airflow/.local/lib/python3.12/site-packages/airflow/example_dags/example_setup_teardown_taskflow.py
[2025-12-19T05:18:13.062+0000] {processor.py:840} INFO - DAG(s) 'example_setup_teardown_taskflow' retrieved from /home/airflow/.local/lib/python3.12/site-packages/airflow/example_dags/example_setup_teardown_taskflow.py
[2025-12-19T05:18:13.074+0000] {logging_mixin.py:188} INFO - [2025-12-19T05:18:13.074+0000] {dag.py:3089} INFO - Sync 1 DAGs
[2025-12-19T05:18:13.083+0000] {logging_mixin.py:188} INFO - [2025-12-19T05:18:13.083+0000] {dag.py:3947} INFO - Setting next_dagrun for example_setup_teardown_taskflow to 2025-12-18 00:00:00+00:00, run_after=2025-12-19 00:00:00+00:00
[2025-12-19T05:18:13.092+0000] {processor.py:183} INFO - Processing /home/airflow/.local/lib/python3.12/site-packages/airflow/example_dags/example_setup_teardown_taskflow.py took 0.040 seconds
[2025-12-19T06:58:37.542+0000] {processor.py:161} INFO - Started process (PID=57954) to work on /home/airflow/.local/lib/python3.12/site-packages/airflow/example_dags/example_setup_teardown_taskflow.py
[2025-12-19T06:58:37.543+0000] {processor.py:830} INFO - Processing file /home/airflow/.local/lib/python3.12/site-packages/airflow/example_dags/example_setup_teardown_taskflow.py for tasks to queue
[2025-12-19T06:58:37.543+0000] {logging_mixin.py:188} INFO - [2025-12-19T06:58:37.543+0000] {dagbag.py:545} INFO - Filling up the DagBag from /home/airflow/.local/lib/python3.12/site-packages/airflow/example_dags/example_setup_teardown_taskflow.py
[2025-12-19T06:58:37.548+0000] {processor.py:840} INFO - DAG(s) 'example_setup_teardown_taskflow' retrieved from /home/airflow/.local/lib/python3.12/site-packages/airflow/example_dags/example_setup_teardown_taskflow.py
[2025-12-19T06:58:37.596+0000] {logging_mixin.py:188} INFO - [2025-12-19T06:58:37.596+0000] {dag.py:3089} INFO - Sync 1 DAGs
[2025-12-19T06:58:37.618+0000] {logging_mixin.py:188} INFO - [2025-12-19T06:58:37.617+0000] {dag.py:3947} INFO - Setting next_dagrun for example_setup_teardown_taskflow to 2025-12-18 00:00:00+00:00, run_after=2025-12-19 00:00:00+00:00
[2025-12-19T06:58:37.634+0000] {processor.py:183} INFO - Processing /home/airflow/.local/lib/python3.12/site-packages/airflow/example_dags/example_setup_teardown_taskflow.py took 0.095 seconds
[2025-12-19T08:03:03.554+0000] {processor.py:161} INFO - Started process (PID=58013) to work on /home/airflow/.local/lib/python3.12/site-packages/airflow/example_dags/example_setup_teardown_taskflow.py
[2025-12-19T08:03:03.556+0000] {processor.py:830} INFO - Processing file /home/airflow/.local/lib/python3.12/site-packages/airflow/example_dags/example_setup_teardown_taskflow.py for tasks to queue
[2025-12-19T08:03:03.556+0000] {logging_mixin.py:188} INFO - [2025-12-19T08:03:03.556+0000] {dagbag.py:545} INFO - Filling up the DagBag from /home/airflow/.local/lib/python3.12/site-packages/airflow/example_dags/example_setup_teardown_taskflow.py
[2025-12-19T08:03:03.563+0000] {processor.py:840} INFO - DAG(s) 'example_setup_teardown_taskflow' retrieved from /home/airflow/.local/lib/python3.12/site-packages/airflow/example_dags/example_setup_teardown_taskflow.py
[2025-12-19T08:03:03.580+0000] {logging_mixin.py:188} INFO - [2025-12-19T08:03:03.580+0000] {dag.py:3089} INFO - Sync 1 DAGs
[2025-12-19T08:03:03.593+0000] {logging_mixin.py:188} INFO - [2025-12-19T08:03:03.593+0000] {dag.py:3947} INFO - Setting next_dagrun for example_setup_teardown_taskflow to 2025-12-18 00:00:00+00:00, run_after=2025-12-19 00:00:00+00:00
[2025-12-19T08:03:03.607+0000] {processor.py:183} INFO - Processing /home/airflow/.local/lib/python3.12/site-packages/airflow/example_dags/example_setup_teardown_taskflow.py took 0.057 seconds
[2025-12-19T09:19:30.271+0000] {processor.py:161} INFO - Started process (PID=58072) to work on /home/airflow/.local/lib/python3.12/site-packages/airflow/example_dags/example_setup_teardown_taskflow.py
[2025-12-19T09:19:30.272+0000] {processor.py:830} INFO - Processing file /home/airflow/.local/lib/python3.12/site-packages/airflow/example_dags/example_setup_teardown_taskflow.py for tasks to queue
[2025-12-19T09:19:30.273+0000] {logging_mixin.py:188} INFO - [2025-12-19T09:19:30.273+0000] {dagbag.py:545} INFO - Filling up the DagBag from /home/airflow/.local/lib/python3.12/site-packages/airflow/example_dags/example_setup_teardown_taskflow.py
[2025-12-19T09:19:30.283+0000] {processor.py:840} INFO - DAG(s) 'example_setup_teardown_taskflow' retrieved from /home/airflow/.local/lib/python3.12/site-packages/airflow/example_dags/example_setup_teardown_taskflow.py
[2025-12-19T09:19:30.312+0000] {logging_mixin.py:188} INFO - [2025-12-19T09:19:30.311+0000] {dag.py:3089} INFO - Sync 1 DAGs
[2025-12-19T09:19:30.333+0000] {logging_mixin.py:188} INFO - [2025-12-19T09:19:30.333+0000] {dag.py:3947} INFO - Setting next_dagrun for example_setup_teardown_taskflow to 2025-12-18 00:00:00+00:00, run_after=2025-12-19 00:00:00+00:00
[2025-12-19T09:19:30.350+0000] {processor.py:183} INFO - Processing /home/airflow/.local/lib/python3.12/site-packages/airflow/example_dags/example_setup_teardown_taskflow.py took 0.083 seconds
[2025-12-19T09:57:40.952+0000] {processor.py:161} INFO - Started process (PID=58131) to work on /home/airflow/.local/lib/python3.12/site-packages/airflow/example_dags/example_setup_teardown_taskflow.py
[2025-12-19T09:57:40.961+0000] {processor.py:830} INFO - Processing file /home/airflow/.local/lib/python3.12/site-packages/airflow/example_dags/example_setup_teardown_taskflow.py for tasks to queue
[2025-12-19T09:57:40.972+0000] {logging_mixin.py:188} INFO - [2025-12-19T09:57:40.962+0000] {dagbag.py:545} INFO - Filling up the DagBag from /home/airflow/.local/lib/python3.12/site-packages/airflow/example_dags/example_setup_teardown_taskflow.py
[2025-12-19T09:57:40.993+0000] {processor.py:840} INFO - DAG(s) 'example_setup_teardown_taskflow' retrieved from /home/airflow/.local/lib/python3.12/site-packages/airflow/example_dags/example_setup_teardown_taskflow.py
[2025-12-19T09:57:41.076+0000] {logging_mixin.py:188} INFO - [2025-12-19T09:57:41.075+0000] {dag.py:3089} INFO - Sync 1 DAGs
[2025-12-19T09:57:41.138+0000] {logging_mixin.py:188} INFO - [2025-12-19T09:57:41.138+0000] {dag.py:3947} INFO - Setting next_dagrun for example_setup_teardown_taskflow to 2025-12-18 00:00:00+00:00, run_after=2025-12-19 00:00:00+00:00
[2025-12-19T09:57:41.422+0000] {processor.py:183} INFO - Processing /home/airflow/.local/lib/python3.12/site-packages/airflow/example_dags/example_setup_teardown_taskflow.py took 0.480 seconds
[2025-12-19T10:46:51.405+0000] {processor.py:161} INFO - Started process (PID=58190) to work on /home/airflow/.local/lib/python3.12/site-packages/airflow/example_dags/example_setup_teardown_taskflow.py
[2025-12-19T10:46:51.408+0000] {processor.py:830} INFO - Processing file /home/airflow/.local/lib/python3.12/site-packages/airflow/example_dags/example_setup_teardown_taskflow.py for tasks to queue
[2025-12-19T10:46:51.409+0000] {logging_mixin.py:188} INFO - [2025-12-19T10:46:51.409+0000] {dagbag.py:545} INFO - Filling up the DagBag from /home/airflow/.local/lib/python3.12/site-packages/airflow/example_dags/example_setup_teardown_taskflow.py
[2025-12-19T10:46:51.421+0000] {processor.py:840} INFO - DAG(s) 'example_setup_teardown_taskflow' retrieved from /home/airflow/.local/lib/python3.12/site-packages/airflow/example_dags/example_setup_teardown_taskflow.py
[2025-12-19T10:46:51.462+0000] {logging_mixin.py:188} INFO - [2025-12-19T10:46:51.462+0000] {dag.py:3089} INFO - Sync 1 DAGs
[2025-12-19T10:46:51.492+0000] {logging_mixin.py:188} INFO - [2025-12-19T10:46:51.492+0000] {dag.py:3947} INFO - Setting next_dagrun for example_setup_teardown_taskflow to 2025-12-18 00:00:00+00:00, run_after=2025-12-19 00:00:00+00:00
[2025-12-19T10:46:51.517+0000] {processor.py:183} INFO - Processing /home/airflow/.local/lib/python3.12/site-packages/airflow/example_dags/example_setup_teardown_taskflow.py took 0.121 seconds
[2025-12-19T11:37:10.681+0000] {processor.py:161} INFO - Started process (PID=58249) to work on /home/airflow/.local/lib/python3.12/site-packages/airflow/example_dags/example_setup_teardown_taskflow.py
[2025-12-19T11:37:10.684+0000] {processor.py:830} INFO - Processing file /home/airflow/.local/lib/python3.12/site-packages/airflow/example_dags/example_setup_teardown_taskflow.py for tasks to queue
[2025-12-19T11:37:10.686+0000] {logging_mixin.py:188} INFO - [2025-12-19T11:37:10.686+0000] {dagbag.py:545} INFO - Filling up the DagBag from /home/airflow/.local/lib/python3.12/site-packages/airflow/example_dags/example_setup_teardown_taskflow.py
[2025-12-19T11:37:10.699+0000] {processor.py:840} INFO - DAG(s) 'example_setup_teardown_taskflow' retrieved from /home/airflow/.local/lib/python3.12/site-packages/airflow/example_dags/example_setup_teardown_taskflow.py
[2025-12-19T11:37:10.738+0000] {logging_mixin.py:188} INFO - [2025-12-19T11:37:10.738+0000] {dag.py:3089} INFO - Sync 1 DAGs
[2025-12-19T11:37:10.758+0000] {logging_mixin.py:188} INFO - [2025-12-19T11:37:10.758+0000] {dag.py:3947} INFO - Setting next_dagrun for example_setup_teardown_taskflow to 2025-12-18 00:00:00+00:00, run_after=2025-12-19 00:00:00+00:00
[2025-12-19T11:37:10.783+0000] {processor.py:183} INFO - Processing /home/airflow/.local/lib/python3.12/site-packages/airflow/example_dags/example_setup_teardown_taskflow.py took 0.110 seconds
[2025-12-19T12:40:31.861+0000] {processor.py:161} INFO - Started process (PID=58308) to work on /home/airflow/.local/lib/python3.12/site-packages/airflow/example_dags/example_setup_teardown_taskflow.py
[2025-12-19T12:40:31.863+0000] {processor.py:830} INFO - Processing file /home/airflow/.local/lib/python3.12/site-packages/airflow/example_dags/example_setup_teardown_taskflow.py for tasks to queue
[2025-12-19T12:40:31.868+0000] {logging_mixin.py:188} INFO - [2025-12-19T12:40:31.867+0000] {dagbag.py:545} INFO - Filling up the DagBag from /home/airflow/.local/lib/python3.12/site-packages/airflow/example_dags/example_setup_teardown_taskflow.py
[2025-12-19T12:40:31.886+0000] {processor.py:840} INFO - DAG(s) 'example_setup_teardown_taskflow' retrieved from /home/airflow/.local/lib/python3.12/site-packages/airflow/example_dags/example_setup_teardown_taskflow.py
[2025-12-19T12:40:31.930+0000] {logging_mixin.py:188} INFO - [2025-12-19T12:40:31.929+0000] {dag.py:3089} INFO - Sync 1 DAGs
[2025-12-19T12:40:31.984+0000] {logging_mixin.py:188} INFO - [2025-12-19T12:40:31.984+0000] {dag.py:3947} INFO - Setting next_dagrun for example_setup_teardown_taskflow to 2025-12-18 00:00:00+00:00, run_after=2025-12-19 00:00:00+00:00
[2025-12-19T12:40:32.018+0000] {processor.py:183} INFO - Processing /home/airflow/.local/lib/python3.12/site-packages/airflow/example_dags/example_setup_teardown_taskflow.py took 0.166 seconds
[2025-12-19T13:57:46.166+0000] {processor.py:161} INFO - Started process (PID=58367) to work on /home/airflow/.local/lib/python3.12/site-packages/airflow/example_dags/example_setup_teardown_taskflow.py
[2025-12-19T13:57:46.166+0000] {processor.py:830} INFO - Processing file /home/airflow/.local/lib/python3.12/site-packages/airflow/example_dags/example_setup_teardown_taskflow.py for tasks to queue
[2025-12-19T13:57:46.168+0000] {logging_mixin.py:188} INFO - [2025-12-19T13:57:46.168+0000] {dagbag.py:545} INFO - Filling up the DagBag from /home/airflow/.local/lib/python3.12/site-packages/airflow/example_dags/example_setup_teardown_taskflow.py
[2025-12-19T13:57:46.178+0000] {processor.py:840} INFO - DAG(s) 'example_setup_teardown_taskflow' retrieved from /home/airflow/.local/lib/python3.12/site-packages/airflow/example_dags/example_setup_teardown_taskflow.py
[2025-12-19T13:57:46.196+0000] {logging_mixin.py:188} INFO - [2025-12-19T13:57:46.196+0000] {dag.py:3089} INFO - Sync 1 DAGs
[2025-12-19T13:57:46.213+0000] {logging_mixin.py:188} INFO - [2025-12-19T13:57:46.213+0000] {dag.py:3947} INFO - Setting next_dagrun for example_setup_teardown_taskflow to 2025-12-18 00:00:00+00:00, run_after=2025-12-19 00:00:00+00:00
[2025-12-19T13:57:46.227+0000] {processor.py:183} INFO - Processing /home/airflow/.local/lib/python3.12/site-packages/airflow/example_dags/example_setup_teardown_taskflow.py took 0.065 seconds
[2025-12-19T14:41:24.607+0000] {processor.py:161} INFO - Started process (PID=58432) to work on /home/airflow/.local/lib/python3.12/site-packages/airflow/example_dags/example_setup_teardown_taskflow.py
[2025-12-19T14:41:24.609+0000] {processor.py:830} INFO - Processing file /home/airflow/.local/lib/python3.12/site-packages/airflow/example_dags/example_setup_teardown_taskflow.py for tasks to queue
[2025-12-19T14:41:24.610+0000] {logging_mixin.py:188} INFO - [2025-12-19T14:41:24.610+0000] {dagbag.py:545} INFO - Filling up the DagBag from /home/airflow/.local/lib/python3.12/site-packages/airflow/example_dags/example_setup_teardown_taskflow.py
[2025-12-19T14:41:24.617+0000] {processor.py:840} INFO - DAG(s) 'example_setup_teardown_taskflow' retrieved from /home/airflow/.local/lib/python3.12/site-packages/airflow/example_dags/example_setup_teardown_taskflow.py
[2025-12-19T14:41:24.636+0000] {logging_mixin.py:188} INFO - [2025-12-19T14:41:24.636+0000] {dag.py:3089} INFO - Sync 1 DAGs
[2025-12-19T14:41:24.655+0000] {logging_mixin.py:188} INFO - [2025-12-19T14:41:24.655+0000] {dag.py:3947} INFO - Setting next_dagrun for example_setup_teardown_taskflow to 2025-12-18 00:00:00+00:00, run_after=2025-12-19 00:00:00+00:00
[2025-12-19T14:41:24.667+0000] {processor.py:183} INFO - Processing /home/airflow/.local/lib/python3.12/site-packages/airflow/example_dags/example_setup_teardown_taskflow.py took 0.065 seconds
[2025-12-19T14:41:55.265+0000] {processor.py:161} INFO - Started process (PID=58491) to work on /home/airflow/.local/lib/python3.12/site-packages/airflow/example_dags/example_setup_teardown_taskflow.py
[2025-12-19T14:41:55.267+0000] {processor.py:830} INFO - Processing file /home/airflow/.local/lib/python3.12/site-packages/airflow/example_dags/example_setup_teardown_taskflow.py for tasks to queue
[2025-12-19T14:41:55.269+0000] {logging_mixin.py:188} INFO - [2025-12-19T14:41:55.269+0000] {dagbag.py:545} INFO - Filling up the DagBag from /home/airflow/.local/lib/python3.12/site-packages/airflow/example_dags/example_setup_teardown_taskflow.py
[2025-12-19T14:41:55.277+0000] {processor.py:840} INFO - DAG(s) 'example_setup_teardown_taskflow' retrieved from /home/airflow/.local/lib/python3.12/site-packages/airflow/example_dags/example_setup_teardown_taskflow.py
[2025-12-19T14:41:55.296+0000] {logging_mixin.py:188} INFO - [2025-12-19T14:41:55.296+0000] {dag.py:3089} INFO - Sync 1 DAGs
[2025-12-19T14:41:55.314+0000] {logging_mixin.py:188} INFO - [2025-12-19T14:41:55.314+0000] {dag.py:3947} INFO - Setting next_dagrun for example_setup_teardown_taskflow to 2025-12-18 00:00:00+00:00, run_after=2025-12-19 00:00:00+00:00
[2025-12-19T14:41:55.328+0000] {processor.py:183} INFO - Processing /home/airflow/.local/lib/python3.12/site-packages/airflow/example_dags/example_setup_teardown_taskflow.py took 0.067 seconds
