[2025-12-19T01:08:00.576+0000] {processor.py:161} INFO - Started process (PID=57686) to work on /home/airflow/.local/lib/python3.12/site-packages/airflow/example_dags/example_bash_decorator.py
[2025-12-19T01:08:00.577+0000] {processor.py:830} INFO - Processing file /home/airflow/.local/lib/python3.12/site-packages/airflow/example_dags/example_bash_decorator.py for tasks to queue
[2025-12-19T01:08:00.577+0000] {logging_mixin.py:188} INFO - [2025-12-19T01:08:00.577+0000] {dagbag.py:545} INFO - Filling up the DagBag from /home/airflow/.local/lib/python3.12/site-packages/airflow/example_dags/example_bash_decorator.py
[2025-12-19T01:08:00.584+0000] {processor.py:840} INFO - DAG(s) 'example_bash_decorator' retrieved from /home/airflow/.local/lib/python3.12/site-packages/airflow/example_dags/example_bash_decorator.py
[2025-12-19T01:08:00.602+0000] {logging_mixin.py:188} INFO - [2025-12-19T01:08:00.602+0000] {dag.py:3089} INFO - Sync 1 DAGs
[2025-12-19T01:08:00.613+0000] {logging_mixin.py:188} INFO - [2025-12-19T01:08:00.612+0000] {dag.py:3947} INFO - Setting next_dagrun for example_bash_decorator to None, run_after=None
[2025-12-19T01:08:00.624+0000] {processor.py:183} INFO - Processing /home/airflow/.local/lib/python3.12/site-packages/airflow/example_dags/example_bash_decorator.py took 0.064 seconds
[2025-12-19T02:16:04.114+0000] {processor.py:161} INFO - Started process (PID=57745) to work on /home/airflow/.local/lib/python3.12/site-packages/airflow/example_dags/example_bash_decorator.py
[2025-12-19T02:16:04.115+0000] {processor.py:830} INFO - Processing file /home/airflow/.local/lib/python3.12/site-packages/airflow/example_dags/example_bash_decorator.py for tasks to queue
[2025-12-19T02:16:04.116+0000] {logging_mixin.py:188} INFO - [2025-12-19T02:16:04.115+0000] {dagbag.py:545} INFO - Filling up the DagBag from /home/airflow/.local/lib/python3.12/site-packages/airflow/example_dags/example_bash_decorator.py
[2025-12-19T02:16:04.123+0000] {processor.py:840} INFO - DAG(s) 'example_bash_decorator' retrieved from /home/airflow/.local/lib/python3.12/site-packages/airflow/example_dags/example_bash_decorator.py
[2025-12-19T02:16:04.137+0000] {logging_mixin.py:188} INFO - [2025-12-19T02:16:04.137+0000] {dag.py:3089} INFO - Sync 1 DAGs
[2025-12-19T02:16:04.144+0000] {logging_mixin.py:188} INFO - [2025-12-19T02:16:04.144+0000] {dag.py:3947} INFO - Setting next_dagrun for example_bash_decorator to None, run_after=None
[2025-12-19T02:16:04.155+0000] {processor.py:183} INFO - Processing /home/airflow/.local/lib/python3.12/site-packages/airflow/example_dags/example_bash_decorator.py took 0.044 seconds
[2025-12-19T03:53:38.570+0000] {processor.py:161} INFO - Started process (PID=57804) to work on /home/airflow/.local/lib/python3.12/site-packages/airflow/example_dags/example_bash_decorator.py
[2025-12-19T03:53:38.571+0000] {processor.py:830} INFO - Processing file /home/airflow/.local/lib/python3.12/site-packages/airflow/example_dags/example_bash_decorator.py for tasks to queue
[2025-12-19T03:53:38.572+0000] {logging_mixin.py:188} INFO - [2025-12-19T03:53:38.572+0000] {dagbag.py:545} INFO - Filling up the DagBag from /home/airflow/.local/lib/python3.12/site-packages/airflow/example_dags/example_bash_decorator.py
[2025-12-19T03:53:38.580+0000] {processor.py:840} INFO - DAG(s) 'example_bash_decorator' retrieved from /home/airflow/.local/lib/python3.12/site-packages/airflow/example_dags/example_bash_decorator.py
[2025-12-19T03:53:38.593+0000] {logging_mixin.py:188} INFO - [2025-12-19T03:53:38.593+0000] {dag.py:3089} INFO - Sync 1 DAGs
[2025-12-19T03:53:38.598+0000] {logging_mixin.py:188} INFO - [2025-12-19T03:53:38.598+0000] {dag.py:3947} INFO - Setting next_dagrun for example_bash_decorator to None, run_after=None
[2025-12-19T03:53:38.614+0000] {processor.py:183} INFO - Processing /home/airflow/.local/lib/python3.12/site-packages/airflow/example_dags/example_bash_decorator.py took 0.047 seconds
[2025-12-19T05:18:12.089+0000] {processor.py:161} INFO - Started process (PID=57863) to work on /home/airflow/.local/lib/python3.12/site-packages/airflow/example_dags/example_bash_decorator.py
[2025-12-19T05:18:12.089+0000] {processor.py:830} INFO - Processing file /home/airflow/.local/lib/python3.12/site-packages/airflow/example_dags/example_bash_decorator.py for tasks to queue
[2025-12-19T05:18:12.090+0000] {logging_mixin.py:188} INFO - [2025-12-19T05:18:12.090+0000] {dagbag.py:545} INFO - Filling up the DagBag from /home/airflow/.local/lib/python3.12/site-packages/airflow/example_dags/example_bash_decorator.py
[2025-12-19T05:18:12.099+0000] {processor.py:840} INFO - DAG(s) 'example_bash_decorator' retrieved from /home/airflow/.local/lib/python3.12/site-packages/airflow/example_dags/example_bash_decorator.py
[2025-12-19T05:18:12.109+0000] {logging_mixin.py:188} INFO - [2025-12-19T05:18:12.109+0000] {dag.py:3089} INFO - Sync 1 DAGs
[2025-12-19T05:18:12.117+0000] {logging_mixin.py:188} INFO - [2025-12-19T05:18:12.117+0000] {dag.py:3947} INFO - Setting next_dagrun for example_bash_decorator to None, run_after=None
[2025-12-19T05:18:12.128+0000] {processor.py:183} INFO - Processing /home/airflow/.local/lib/python3.12/site-packages/airflow/example_dags/example_bash_decorator.py took 0.042 seconds
[2025-12-19T06:58:36.551+0000] {processor.py:161} INFO - Started process (PID=57922) to work on /home/airflow/.local/lib/python3.12/site-packages/airflow/example_dags/example_bash_decorator.py
[2025-12-19T06:58:36.552+0000] {processor.py:830} INFO - Processing file /home/airflow/.local/lib/python3.12/site-packages/airflow/example_dags/example_bash_decorator.py for tasks to queue
[2025-12-19T06:58:36.553+0000] {logging_mixin.py:188} INFO - [2025-12-19T06:58:36.552+0000] {dagbag.py:545} INFO - Filling up the DagBag from /home/airflow/.local/lib/python3.12/site-packages/airflow/example_dags/example_bash_decorator.py
[2025-12-19T06:58:36.560+0000] {processor.py:840} INFO - DAG(s) 'example_bash_decorator' retrieved from /home/airflow/.local/lib/python3.12/site-packages/airflow/example_dags/example_bash_decorator.py
[2025-12-19T06:58:36.580+0000] {logging_mixin.py:188} INFO - [2025-12-19T06:58:36.580+0000] {dag.py:3089} INFO - Sync 1 DAGs
[2025-12-19T06:58:36.587+0000] {logging_mixin.py:188} INFO - [2025-12-19T06:58:36.587+0000] {dag.py:3947} INFO - Setting next_dagrun for example_bash_decorator to None, run_after=None
[2025-12-19T06:58:36.597+0000] {processor.py:183} INFO - Processing /home/airflow/.local/lib/python3.12/site-packages/airflow/example_dags/example_bash_decorator.py took 0.053 seconds
[2025-12-19T08:03:02.343+0000] {processor.py:161} INFO - Started process (PID=57981) to work on /home/airflow/.local/lib/python3.12/site-packages/airflow/example_dags/example_bash_decorator.py
[2025-12-19T08:03:02.347+0000] {processor.py:830} INFO - Processing file /home/airflow/.local/lib/python3.12/site-packages/airflow/example_dags/example_bash_decorator.py for tasks to queue
[2025-12-19T08:03:02.347+0000] {logging_mixin.py:188} INFO - [2025-12-19T08:03:02.347+0000] {dagbag.py:545} INFO - Filling up the DagBag from /home/airflow/.local/lib/python3.12/site-packages/airflow/example_dags/example_bash_decorator.py
[2025-12-19T08:03:02.356+0000] {processor.py:840} INFO - DAG(s) 'example_bash_decorator' retrieved from /home/airflow/.local/lib/python3.12/site-packages/airflow/example_dags/example_bash_decorator.py
[2025-12-19T08:03:02.370+0000] {logging_mixin.py:188} INFO - [2025-12-19T08:03:02.370+0000] {dag.py:3089} INFO - Sync 1 DAGs
[2025-12-19T08:03:02.382+0000] {logging_mixin.py:188} INFO - [2025-12-19T08:03:02.382+0000] {dag.py:3947} INFO - Setting next_dagrun for example_bash_decorator to None, run_after=None
[2025-12-19T08:03:02.396+0000] {processor.py:183} INFO - Processing /home/airflow/.local/lib/python3.12/site-packages/airflow/example_dags/example_bash_decorator.py took 0.060 seconds
[2025-12-19T09:19:28.634+0000] {processor.py:161} INFO - Started process (PID=58040) to work on /home/airflow/.local/lib/python3.12/site-packages/airflow/example_dags/example_bash_decorator.py
[2025-12-19T09:19:28.637+0000] {processor.py:830} INFO - Processing file /home/airflow/.local/lib/python3.12/site-packages/airflow/example_dags/example_bash_decorator.py for tasks to queue
[2025-12-19T09:19:28.637+0000] {logging_mixin.py:188} INFO - [2025-12-19T09:19:28.637+0000] {dagbag.py:545} INFO - Filling up the DagBag from /home/airflow/.local/lib/python3.12/site-packages/airflow/example_dags/example_bash_decorator.py
[2025-12-19T09:19:28.649+0000] {processor.py:840} INFO - DAG(s) 'example_bash_decorator' retrieved from /home/airflow/.local/lib/python3.12/site-packages/airflow/example_dags/example_bash_decorator.py
[2025-12-19T09:19:28.675+0000] {logging_mixin.py:188} INFO - [2025-12-19T09:19:28.674+0000] {dag.py:3089} INFO - Sync 1 DAGs
[2025-12-19T09:19:28.684+0000] {logging_mixin.py:188} INFO - [2025-12-19T09:19:28.684+0000] {dag.py:3947} INFO - Setting next_dagrun for example_bash_decorator to None, run_after=None
[2025-12-19T09:19:28.705+0000] {processor.py:183} INFO - Processing /home/airflow/.local/lib/python3.12/site-packages/airflow/example_dags/example_bash_decorator.py took 0.076 seconds
[2025-12-19T09:57:38.458+0000] {processor.py:161} INFO - Started process (PID=58099) to work on /home/airflow/.local/lib/python3.12/site-packages/airflow/example_dags/example_bash_decorator.py
[2025-12-19T09:57:38.458+0000] {processor.py:830} INFO - Processing file /home/airflow/.local/lib/python3.12/site-packages/airflow/example_dags/example_bash_decorator.py for tasks to queue
[2025-12-19T09:57:38.459+0000] {logging_mixin.py:188} INFO - [2025-12-19T09:57:38.459+0000] {dagbag.py:545} INFO - Filling up the DagBag from /home/airflow/.local/lib/python3.12/site-packages/airflow/example_dags/example_bash_decorator.py
[2025-12-19T09:57:38.475+0000] {processor.py:840} INFO - DAG(s) 'example_bash_decorator' retrieved from /home/airflow/.local/lib/python3.12/site-packages/airflow/example_dags/example_bash_decorator.py
[2025-12-19T09:57:38.497+0000] {logging_mixin.py:188} INFO - [2025-12-19T09:57:38.496+0000] {dag.py:3089} INFO - Sync 1 DAGs
[2025-12-19T09:57:38.507+0000] {logging_mixin.py:188} INFO - [2025-12-19T09:57:38.507+0000] {dag.py:3947} INFO - Setting next_dagrun for example_bash_decorator to None, run_after=None
[2025-12-19T09:57:38.521+0000] {processor.py:183} INFO - Processing /home/airflow/.local/lib/python3.12/site-packages/airflow/example_dags/example_bash_decorator.py took 0.068 seconds
[2025-12-19T10:46:47.026+0000] {processor.py:161} INFO - Started process (PID=58158) to work on /home/airflow/.local/lib/python3.12/site-packages/airflow/example_dags/example_bash_decorator.py
[2025-12-19T10:46:47.030+0000] {processor.py:830} INFO - Processing file /home/airflow/.local/lib/python3.12/site-packages/airflow/example_dags/example_bash_decorator.py for tasks to queue
[2025-12-19T10:46:47.033+0000] {logging_mixin.py:188} INFO - [2025-12-19T10:46:47.033+0000] {dagbag.py:545} INFO - Filling up the DagBag from /home/airflow/.local/lib/python3.12/site-packages/airflow/example_dags/example_bash_decorator.py
[2025-12-19T10:46:47.050+0000] {processor.py:840} INFO - DAG(s) 'example_bash_decorator' retrieved from /home/airflow/.local/lib/python3.12/site-packages/airflow/example_dags/example_bash_decorator.py
[2025-12-19T10:46:47.088+0000] {logging_mixin.py:188} INFO - [2025-12-19T10:46:47.087+0000] {dag.py:3089} INFO - Sync 1 DAGs
[2025-12-19T10:46:47.105+0000] {logging_mixin.py:188} INFO - [2025-12-19T10:46:47.105+0000] {dag.py:3947} INFO - Setting next_dagrun for example_bash_decorator to None, run_after=None
[2025-12-19T10:46:47.140+0000] {processor.py:183} INFO - Processing /home/airflow/.local/lib/python3.12/site-packages/airflow/example_dags/example_bash_decorator.py took 0.122 seconds
[2025-12-19T11:37:07.618+0000] {processor.py:161} INFO - Started process (PID=58217) to work on /home/airflow/.local/lib/python3.12/site-packages/airflow/example_dags/example_bash_decorator.py
[2025-12-19T11:37:07.621+0000] {processor.py:830} INFO - Processing file /home/airflow/.local/lib/python3.12/site-packages/airflow/example_dags/example_bash_decorator.py for tasks to queue
[2025-12-19T11:37:07.623+0000] {logging_mixin.py:188} INFO - [2025-12-19T11:37:07.623+0000] {dagbag.py:545} INFO - Filling up the DagBag from /home/airflow/.local/lib/python3.12/site-packages/airflow/example_dags/example_bash_decorator.py
[2025-12-19T11:37:07.653+0000] {processor.py:840} INFO - DAG(s) 'example_bash_decorator' retrieved from /home/airflow/.local/lib/python3.12/site-packages/airflow/example_dags/example_bash_decorator.py
[2025-12-19T11:37:07.698+0000] {logging_mixin.py:188} INFO - [2025-12-19T11:37:07.698+0000] {dag.py:3089} INFO - Sync 1 DAGs
[2025-12-19T11:37:07.727+0000] {logging_mixin.py:188} INFO - [2025-12-19T11:37:07.723+0000] {dag.py:3947} INFO - Setting next_dagrun for example_bash_decorator to None, run_after=None
[2025-12-19T11:37:07.774+0000] {processor.py:183} INFO - Processing /home/airflow/.local/lib/python3.12/site-packages/airflow/example_dags/example_bash_decorator.py took 0.170 seconds
[2025-12-19T12:40:29.992+0000] {processor.py:161} INFO - Started process (PID=58276) to work on /home/airflow/.local/lib/python3.12/site-packages/airflow/example_dags/example_bash_decorator.py
[2025-12-19T12:40:29.993+0000] {processor.py:830} INFO - Processing file /home/airflow/.local/lib/python3.12/site-packages/airflow/example_dags/example_bash_decorator.py for tasks to queue
[2025-12-19T12:40:29.994+0000] {logging_mixin.py:188} INFO - [2025-12-19T12:40:29.994+0000] {dagbag.py:545} INFO - Filling up the DagBag from /home/airflow/.local/lib/python3.12/site-packages/airflow/example_dags/example_bash_decorator.py
[2025-12-19T12:40:30.004+0000] {processor.py:840} INFO - DAG(s) 'example_bash_decorator' retrieved from /home/airflow/.local/lib/python3.12/site-packages/airflow/example_dags/example_bash_decorator.py
[2025-12-19T12:40:30.023+0000] {logging_mixin.py:188} INFO - [2025-12-19T12:40:30.023+0000] {dag.py:3089} INFO - Sync 1 DAGs
[2025-12-19T12:40:30.034+0000] {logging_mixin.py:188} INFO - [2025-12-19T12:40:30.033+0000] {dag.py:3947} INFO - Setting next_dagrun for example_bash_decorator to None, run_after=None
[2025-12-19T12:40:30.052+0000] {processor.py:183} INFO - Processing /home/airflow/.local/lib/python3.12/site-packages/airflow/example_dags/example_bash_decorator.py took 0.068 seconds
[2025-12-19T13:57:44.623+0000] {processor.py:161} INFO - Started process (PID=58335) to work on /home/airflow/.local/lib/python3.12/site-packages/airflow/example_dags/example_bash_decorator.py
[2025-12-19T13:57:44.624+0000] {processor.py:830} INFO - Processing file /home/airflow/.local/lib/python3.12/site-packages/airflow/example_dags/example_bash_decorator.py for tasks to queue
[2025-12-19T13:57:44.625+0000] {logging_mixin.py:188} INFO - [2025-12-19T13:57:44.625+0000] {dagbag.py:545} INFO - Filling up the DagBag from /home/airflow/.local/lib/python3.12/site-packages/airflow/example_dags/example_bash_decorator.py
[2025-12-19T13:57:44.638+0000] {processor.py:840} INFO - DAG(s) 'example_bash_decorator' retrieved from /home/airflow/.local/lib/python3.12/site-packages/airflow/example_dags/example_bash_decorator.py
[2025-12-19T13:57:44.659+0000] {logging_mixin.py:188} INFO - [2025-12-19T13:57:44.659+0000] {dag.py:3089} INFO - Sync 1 DAGs
[2025-12-19T13:57:44.670+0000] {logging_mixin.py:188} INFO - [2025-12-19T13:57:44.670+0000] {dag.py:3947} INFO - Setting next_dagrun for example_bash_decorator to None, run_after=None
[2025-12-19T13:57:44.683+0000] {processor.py:183} INFO - Processing /home/airflow/.local/lib/python3.12/site-packages/airflow/example_dags/example_bash_decorator.py took 0.069 seconds
[2025-12-19T14:41:22.656+0000] {processor.py:161} INFO - Started process (PID=58400) to work on /home/airflow/.local/lib/python3.12/site-packages/airflow/example_dags/example_bash_decorator.py
[2025-12-19T14:41:22.658+0000] {processor.py:830} INFO - Processing file /home/airflow/.local/lib/python3.12/site-packages/airflow/example_dags/example_bash_decorator.py for tasks to queue
[2025-12-19T14:41:22.660+0000] {logging_mixin.py:188} INFO - [2025-12-19T14:41:22.660+0000] {dagbag.py:545} INFO - Filling up the DagBag from /home/airflow/.local/lib/python3.12/site-packages/airflow/example_dags/example_bash_decorator.py
[2025-12-19T14:41:22.686+0000] {processor.py:840} INFO - DAG(s) 'example_bash_decorator' retrieved from /home/airflow/.local/lib/python3.12/site-packages/airflow/example_dags/example_bash_decorator.py
[2025-12-19T14:41:22.735+0000] {logging_mixin.py:188} INFO - [2025-12-19T14:41:22.734+0000] {dag.py:3089} INFO - Sync 1 DAGs
[2025-12-19T14:41:22.754+0000] {logging_mixin.py:188} INFO - [2025-12-19T14:41:22.754+0000] {dag.py:3947} INFO - Setting next_dagrun for example_bash_decorator to None, run_after=None
[2025-12-19T14:41:22.793+0000] {processor.py:183} INFO - Processing /home/airflow/.local/lib/python3.12/site-packages/airflow/example_dags/example_bash_decorator.py took 0.153 seconds
[2025-12-19T14:41:53.655+0000] {processor.py:161} INFO - Started process (PID=58459) to work on /home/airflow/.local/lib/python3.12/site-packages/airflow/example_dags/example_bash_decorator.py
[2025-12-19T14:41:53.656+0000] {processor.py:830} INFO - Processing file /home/airflow/.local/lib/python3.12/site-packages/airflow/example_dags/example_bash_decorator.py for tasks to queue
[2025-12-19T14:41:53.657+0000] {logging_mixin.py:188} INFO - [2025-12-19T14:41:53.656+0000] {dagbag.py:545} INFO - Filling up the DagBag from /home/airflow/.local/lib/python3.12/site-packages/airflow/example_dags/example_bash_decorator.py
[2025-12-19T14:41:53.667+0000] {processor.py:840} INFO - DAG(s) 'example_bash_decorator' retrieved from /home/airflow/.local/lib/python3.12/site-packages/airflow/example_dags/example_bash_decorator.py
[2025-12-19T14:41:53.689+0000] {logging_mixin.py:188} INFO - [2025-12-19T14:41:53.689+0000] {dag.py:3089} INFO - Sync 1 DAGs
[2025-12-19T14:41:53.698+0000] {logging_mixin.py:188} INFO - [2025-12-19T14:41:53.698+0000] {dag.py:3947} INFO - Setting next_dagrun for example_bash_decorator to None, run_after=None
[2025-12-19T14:41:53.717+0000] {processor.py:183} INFO - Processing /home/airflow/.local/lib/python3.12/site-packages/airflow/example_dags/example_bash_decorator.py took 0.066 seconds
