[2025-12-19T01:08:01.496+0000] {processor.py:161} INFO - Started process (PID=57709) to work on /home/airflow/.local/lib/python3.12/site-packages/airflow/example_dags/example_bash_operator.py
[2025-12-19T01:08:01.498+0000] {processor.py:830} INFO - Processing file /home/airflow/.local/lib/python3.12/site-packages/airflow/example_dags/example_bash_operator.py for tasks to queue
[2025-12-19T01:08:01.499+0000] {logging_mixin.py:188} INFO - [2025-12-19T01:08:01.499+0000] {dagbag.py:545} INFO - Filling up the DagBag from /home/airflow/.local/lib/python3.12/site-packages/airflow/example_dags/example_bash_operator.py
[2025-12-19T01:08:01.506+0000] {processor.py:840} INFO - DAG(s) 'example_bash_operator' retrieved from /home/airflow/.local/lib/python3.12/site-packages/airflow/example_dags/example_bash_operator.py
[2025-12-19T01:08:01.524+0000] {logging_mixin.py:188} INFO - [2025-12-19T01:08:01.524+0000] {dag.py:3089} INFO - Sync 1 DAGs
[2025-12-19T01:08:01.539+0000] {logging_mixin.py:188} INFO - [2025-12-19T01:08:01.539+0000] {dag.py:3947} INFO - Setting next_dagrun for example_bash_operator to 2025-12-18 00:00:00+00:00, run_after=2025-12-19 00:00:00+00:00
[2025-12-19T01:08:01.551+0000] {processor.py:183} INFO - Processing /home/airflow/.local/lib/python3.12/site-packages/airflow/example_dags/example_bash_operator.py took 0.062 seconds
[2025-12-19T02:16:04.823+0000] {processor.py:161} INFO - Started process (PID=57768) to work on /home/airflow/.local/lib/python3.12/site-packages/airflow/example_dags/example_bash_operator.py
[2025-12-19T02:16:04.825+0000] {processor.py:830} INFO - Processing file /home/airflow/.local/lib/python3.12/site-packages/airflow/example_dags/example_bash_operator.py for tasks to queue
[2025-12-19T02:16:04.825+0000] {logging_mixin.py:188} INFO - [2025-12-19T02:16:04.825+0000] {dagbag.py:545} INFO - Filling up the DagBag from /home/airflow/.local/lib/python3.12/site-packages/airflow/example_dags/example_bash_operator.py
[2025-12-19T02:16:04.831+0000] {processor.py:840} INFO - DAG(s) 'example_bash_operator' retrieved from /home/airflow/.local/lib/python3.12/site-packages/airflow/example_dags/example_bash_operator.py
[2025-12-19T02:16:04.847+0000] {logging_mixin.py:188} INFO - [2025-12-19T02:16:04.847+0000] {dag.py:3089} INFO - Sync 1 DAGs
[2025-12-19T02:16:04.856+0000] {logging_mixin.py:188} INFO - [2025-12-19T02:16:04.856+0000] {dag.py:3947} INFO - Setting next_dagrun for example_bash_operator to 2025-12-18 00:00:00+00:00, run_after=2025-12-19 00:00:00+00:00
[2025-12-19T02:16:04.866+0000] {processor.py:183} INFO - Processing /home/airflow/.local/lib/python3.12/site-packages/airflow/example_dags/example_bash_operator.py took 0.046 seconds
[2025-12-19T03:53:39.268+0000] {processor.py:161} INFO - Started process (PID=57827) to work on /home/airflow/.local/lib/python3.12/site-packages/airflow/example_dags/example_bash_operator.py
[2025-12-19T03:53:39.270+0000] {processor.py:830} INFO - Processing file /home/airflow/.local/lib/python3.12/site-packages/airflow/example_dags/example_bash_operator.py for tasks to queue
[2025-12-19T03:53:39.270+0000] {logging_mixin.py:188} INFO - [2025-12-19T03:53:39.270+0000] {dagbag.py:545} INFO - Filling up the DagBag from /home/airflow/.local/lib/python3.12/site-packages/airflow/example_dags/example_bash_operator.py
[2025-12-19T03:53:39.276+0000] {processor.py:840} INFO - DAG(s) 'example_bash_operator' retrieved from /home/airflow/.local/lib/python3.12/site-packages/airflow/example_dags/example_bash_operator.py
[2025-12-19T03:53:39.294+0000] {logging_mixin.py:188} INFO - [2025-12-19T03:53:39.294+0000] {dag.py:3089} INFO - Sync 1 DAGs
[2025-12-19T03:53:39.305+0000] {logging_mixin.py:188} INFO - [2025-12-19T03:53:39.305+0000] {dag.py:3947} INFO - Setting next_dagrun for example_bash_operator to 2025-12-18 00:00:00+00:00, run_after=2025-12-19 00:00:00+00:00
[2025-12-19T03:53:39.312+0000] {processor.py:183} INFO - Processing /home/airflow/.local/lib/python3.12/site-packages/airflow/example_dags/example_bash_operator.py took 0.047 seconds
[2025-12-19T05:18:12.793+0000] {processor.py:161} INFO - Started process (PID=57886) to work on /home/airflow/.local/lib/python3.12/site-packages/airflow/example_dags/example_bash_operator.py
[2025-12-19T05:18:12.794+0000] {processor.py:830} INFO - Processing file /home/airflow/.local/lib/python3.12/site-packages/airflow/example_dags/example_bash_operator.py for tasks to queue
[2025-12-19T05:18:12.794+0000] {logging_mixin.py:188} INFO - [2025-12-19T05:18:12.794+0000] {dagbag.py:545} INFO - Filling up the DagBag from /home/airflow/.local/lib/python3.12/site-packages/airflow/example_dags/example_bash_operator.py
[2025-12-19T05:18:12.799+0000] {processor.py:840} INFO - DAG(s) 'example_bash_operator' retrieved from /home/airflow/.local/lib/python3.12/site-packages/airflow/example_dags/example_bash_operator.py
[2025-12-19T05:18:12.813+0000] {logging_mixin.py:188} INFO - [2025-12-19T05:18:12.813+0000] {dag.py:3089} INFO - Sync 1 DAGs
[2025-12-19T05:18:12.823+0000] {logging_mixin.py:188} INFO - [2025-12-19T05:18:12.823+0000] {dag.py:3947} INFO - Setting next_dagrun for example_bash_operator to 2025-12-18 00:00:00+00:00, run_after=2025-12-19 00:00:00+00:00
[2025-12-19T05:18:12.835+0000] {processor.py:183} INFO - Processing /home/airflow/.local/lib/python3.12/site-packages/airflow/example_dags/example_bash_operator.py took 0.045 seconds
[2025-12-19T06:58:37.269+0000] {processor.py:161} INFO - Started process (PID=57945) to work on /home/airflow/.local/lib/python3.12/site-packages/airflow/example_dags/example_bash_operator.py
[2025-12-19T06:58:37.270+0000] {processor.py:830} INFO - Processing file /home/airflow/.local/lib/python3.12/site-packages/airflow/example_dags/example_bash_operator.py for tasks to queue
[2025-12-19T06:58:37.271+0000] {logging_mixin.py:188} INFO - [2025-12-19T06:58:37.271+0000] {dagbag.py:545} INFO - Filling up the DagBag from /home/airflow/.local/lib/python3.12/site-packages/airflow/example_dags/example_bash_operator.py
[2025-12-19T06:58:37.277+0000] {processor.py:840} INFO - DAG(s) 'example_bash_operator' retrieved from /home/airflow/.local/lib/python3.12/site-packages/airflow/example_dags/example_bash_operator.py
[2025-12-19T06:58:37.293+0000] {logging_mixin.py:188} INFO - [2025-12-19T06:58:37.293+0000] {dag.py:3089} INFO - Sync 1 DAGs
[2025-12-19T06:58:37.306+0000] {logging_mixin.py:188} INFO - [2025-12-19T06:58:37.306+0000] {dag.py:3947} INFO - Setting next_dagrun for example_bash_operator to 2025-12-18 00:00:00+00:00, run_after=2025-12-19 00:00:00+00:00
[2025-12-19T06:58:37.318+0000] {processor.py:183} INFO - Processing /home/airflow/.local/lib/python3.12/site-packages/airflow/example_dags/example_bash_operator.py took 0.052 seconds
[2025-12-19T08:03:03.209+0000] {processor.py:161} INFO - Started process (PID=58004) to work on /home/airflow/.local/lib/python3.12/site-packages/airflow/example_dags/example_bash_operator.py
[2025-12-19T08:03:03.210+0000] {processor.py:830} INFO - Processing file /home/airflow/.local/lib/python3.12/site-packages/airflow/example_dags/example_bash_operator.py for tasks to queue
[2025-12-19T08:03:03.210+0000] {logging_mixin.py:188} INFO - [2025-12-19T08:03:03.210+0000] {dagbag.py:545} INFO - Filling up the DagBag from /home/airflow/.local/lib/python3.12/site-packages/airflow/example_dags/example_bash_operator.py
[2025-12-19T08:03:03.218+0000] {processor.py:840} INFO - DAG(s) 'example_bash_operator' retrieved from /home/airflow/.local/lib/python3.12/site-packages/airflow/example_dags/example_bash_operator.py
[2025-12-19T08:03:03.233+0000] {logging_mixin.py:188} INFO - [2025-12-19T08:03:03.233+0000] {dag.py:3089} INFO - Sync 1 DAGs
[2025-12-19T08:03:03.247+0000] {logging_mixin.py:188} INFO - [2025-12-19T08:03:03.247+0000] {dag.py:3947} INFO - Setting next_dagrun for example_bash_operator to 2025-12-18 00:00:00+00:00, run_after=2025-12-19 00:00:00+00:00
[2025-12-19T08:03:03.260+0000] {processor.py:183} INFO - Processing /home/airflow/.local/lib/python3.12/site-packages/airflow/example_dags/example_bash_operator.py took 0.055 seconds
[2025-12-19T09:19:29.833+0000] {processor.py:161} INFO - Started process (PID=58063) to work on /home/airflow/.local/lib/python3.12/site-packages/airflow/example_dags/example_bash_operator.py
[2025-12-19T09:19:29.835+0000] {processor.py:830} INFO - Processing file /home/airflow/.local/lib/python3.12/site-packages/airflow/example_dags/example_bash_operator.py for tasks to queue
[2025-12-19T09:19:29.835+0000] {logging_mixin.py:188} INFO - [2025-12-19T09:19:29.835+0000] {dagbag.py:545} INFO - Filling up the DagBag from /home/airflow/.local/lib/python3.12/site-packages/airflow/example_dags/example_bash_operator.py
[2025-12-19T09:19:29.843+0000] {processor.py:840} INFO - DAG(s) 'example_bash_operator' retrieved from /home/airflow/.local/lib/python3.12/site-packages/airflow/example_dags/example_bash_operator.py
[2025-12-19T09:19:29.871+0000] {logging_mixin.py:188} INFO - [2025-12-19T09:19:29.871+0000] {dag.py:3089} INFO - Sync 1 DAGs
[2025-12-19T09:19:29.887+0000] {logging_mixin.py:188} INFO - [2025-12-19T09:19:29.887+0000] {dag.py:3947} INFO - Setting next_dagrun for example_bash_operator to 2025-12-18 00:00:00+00:00, run_after=2025-12-19 00:00:00+00:00
[2025-12-19T09:19:29.904+0000] {processor.py:183} INFO - Processing /home/airflow/.local/lib/python3.12/site-packages/airflow/example_dags/example_bash_operator.py took 0.075 seconds
[2025-12-19T09:57:39.875+0000] {processor.py:161} INFO - Started process (PID=58122) to work on /home/airflow/.local/lib/python3.12/site-packages/airflow/example_dags/example_bash_operator.py
[2025-12-19T09:57:39.876+0000] {processor.py:830} INFO - Processing file /home/airflow/.local/lib/python3.12/site-packages/airflow/example_dags/example_bash_operator.py for tasks to queue
[2025-12-19T09:57:39.879+0000] {logging_mixin.py:188} INFO - [2025-12-19T09:57:39.879+0000] {dagbag.py:545} INFO - Filling up the DagBag from /home/airflow/.local/lib/python3.12/site-packages/airflow/example_dags/example_bash_operator.py
[2025-12-19T09:57:39.892+0000] {processor.py:840} INFO - DAG(s) 'example_bash_operator' retrieved from /home/airflow/.local/lib/python3.12/site-packages/airflow/example_dags/example_bash_operator.py
[2025-12-19T09:57:39.920+0000] {logging_mixin.py:188} INFO - [2025-12-19T09:57:39.920+0000] {dag.py:3089} INFO - Sync 1 DAGs
[2025-12-19T09:57:39.944+0000] {logging_mixin.py:188} INFO - [2025-12-19T09:57:39.944+0000] {dag.py:3947} INFO - Setting next_dagrun for example_bash_operator to 2025-12-18 00:00:00+00:00, run_after=2025-12-19 00:00:00+00:00
[2025-12-19T09:57:39.965+0000] {processor.py:183} INFO - Processing /home/airflow/.local/lib/python3.12/site-packages/airflow/example_dags/example_bash_operator.py took 0.096 seconds
[2025-12-19T10:46:49.940+0000] {processor.py:161} INFO - Started process (PID=58181) to work on /home/airflow/.local/lib/python3.12/site-packages/airflow/example_dags/example_bash_operator.py
[2025-12-19T10:46:49.945+0000] {processor.py:830} INFO - Processing file /home/airflow/.local/lib/python3.12/site-packages/airflow/example_dags/example_bash_operator.py for tasks to queue
[2025-12-19T10:46:49.946+0000] {logging_mixin.py:188} INFO - [2025-12-19T10:46:49.946+0000] {dagbag.py:545} INFO - Filling up the DagBag from /home/airflow/.local/lib/python3.12/site-packages/airflow/example_dags/example_bash_operator.py
[2025-12-19T10:46:50.014+0000] {processor.py:840} INFO - DAG(s) 'example_bash_operator' retrieved from /home/airflow/.local/lib/python3.12/site-packages/airflow/example_dags/example_bash_operator.py
[2025-12-19T10:46:50.244+0000] {logging_mixin.py:188} INFO - [2025-12-19T10:46:50.243+0000] {dag.py:3089} INFO - Sync 1 DAGs
[2025-12-19T10:46:50.331+0000] {logging_mixin.py:188} INFO - [2025-12-19T10:46:50.331+0000] {dag.py:3947} INFO - Setting next_dagrun for example_bash_operator to 2025-12-18 00:00:00+00:00, run_after=2025-12-19 00:00:00+00:00
[2025-12-19T10:46:50.409+0000] {processor.py:183} INFO - Processing /home/airflow/.local/lib/python3.12/site-packages/airflow/example_dags/example_bash_operator.py took 0.475 seconds
[2025-12-19T11:37:10.107+0000] {processor.py:161} INFO - Started process (PID=58240) to work on /home/airflow/.local/lib/python3.12/site-packages/airflow/example_dags/example_bash_operator.py
[2025-12-19T11:37:10.109+0000] {processor.py:830} INFO - Processing file /home/airflow/.local/lib/python3.12/site-packages/airflow/example_dags/example_bash_operator.py for tasks to queue
[2025-12-19T11:37:10.110+0000] {logging_mixin.py:188} INFO - [2025-12-19T11:37:10.109+0000] {dagbag.py:545} INFO - Filling up the DagBag from /home/airflow/.local/lib/python3.12/site-packages/airflow/example_dags/example_bash_operator.py
[2025-12-19T11:37:10.125+0000] {processor.py:840} INFO - DAG(s) 'example_bash_operator' retrieved from /home/airflow/.local/lib/python3.12/site-packages/airflow/example_dags/example_bash_operator.py
[2025-12-19T11:37:10.161+0000] {logging_mixin.py:188} INFO - [2025-12-19T11:37:10.161+0000] {dag.py:3089} INFO - Sync 1 DAGs
[2025-12-19T11:37:10.194+0000] {logging_mixin.py:188} INFO - [2025-12-19T11:37:10.194+0000] {dag.py:3947} INFO - Setting next_dagrun for example_bash_operator to 2025-12-18 00:00:00+00:00, run_after=2025-12-19 00:00:00+00:00
[2025-12-19T11:37:10.220+0000] {processor.py:183} INFO - Processing /home/airflow/.local/lib/python3.12/site-packages/airflow/example_dags/example_bash_operator.py took 0.121 seconds
[2025-12-19T12:40:31.156+0000] {processor.py:161} INFO - Started process (PID=58299) to work on /home/airflow/.local/lib/python3.12/site-packages/airflow/example_dags/example_bash_operator.py
[2025-12-19T12:40:31.159+0000] {processor.py:830} INFO - Processing file /home/airflow/.local/lib/python3.12/site-packages/airflow/example_dags/example_bash_operator.py for tasks to queue
[2025-12-19T12:40:31.161+0000] {logging_mixin.py:188} INFO - [2025-12-19T12:40:31.160+0000] {dagbag.py:545} INFO - Filling up the DagBag from /home/airflow/.local/lib/python3.12/site-packages/airflow/example_dags/example_bash_operator.py
[2025-12-19T12:40:31.178+0000] {processor.py:840} INFO - DAG(s) 'example_bash_operator' retrieved from /home/airflow/.local/lib/python3.12/site-packages/airflow/example_dags/example_bash_operator.py
[2025-12-19T12:40:31.211+0000] {logging_mixin.py:188} INFO - [2025-12-19T12:40:31.211+0000] {dag.py:3089} INFO - Sync 1 DAGs
[2025-12-19T12:40:31.241+0000] {logging_mixin.py:188} INFO - [2025-12-19T12:40:31.241+0000] {dag.py:3947} INFO - Setting next_dagrun for example_bash_operator to 2025-12-18 00:00:00+00:00, run_after=2025-12-19 00:00:00+00:00
[2025-12-19T12:40:31.260+0000] {processor.py:183} INFO - Processing /home/airflow/.local/lib/python3.12/site-packages/airflow/example_dags/example_bash_operator.py took 0.114 seconds
[2025-12-19T13:57:45.788+0000] {processor.py:161} INFO - Started process (PID=58358) to work on /home/airflow/.local/lib/python3.12/site-packages/airflow/example_dags/example_bash_operator.py
[2025-12-19T13:57:45.789+0000] {processor.py:830} INFO - Processing file /home/airflow/.local/lib/python3.12/site-packages/airflow/example_dags/example_bash_operator.py for tasks to queue
[2025-12-19T13:57:45.790+0000] {logging_mixin.py:188} INFO - [2025-12-19T13:57:45.790+0000] {dagbag.py:545} INFO - Filling up the DagBag from /home/airflow/.local/lib/python3.12/site-packages/airflow/example_dags/example_bash_operator.py
[2025-12-19T13:57:45.797+0000] {processor.py:840} INFO - DAG(s) 'example_bash_operator' retrieved from /home/airflow/.local/lib/python3.12/site-packages/airflow/example_dags/example_bash_operator.py
[2025-12-19T13:57:45.819+0000] {logging_mixin.py:188} INFO - [2025-12-19T13:57:45.819+0000] {dag.py:3089} INFO - Sync 1 DAGs
[2025-12-19T13:57:45.836+0000] {logging_mixin.py:188} INFO - [2025-12-19T13:57:45.835+0000] {dag.py:3947} INFO - Setting next_dagrun for example_bash_operator to 2025-12-18 00:00:00+00:00, run_after=2025-12-19 00:00:00+00:00
[2025-12-19T13:57:45.853+0000] {processor.py:183} INFO - Processing /home/airflow/.local/lib/python3.12/site-packages/airflow/example_dags/example_bash_operator.py took 0.069 seconds
[2025-12-19T14:41:24.138+0000] {processor.py:161} INFO - Started process (PID=58423) to work on /home/airflow/.local/lib/python3.12/site-packages/airflow/example_dags/example_bash_operator.py
[2025-12-19T14:41:24.140+0000] {processor.py:830} INFO - Processing file /home/airflow/.local/lib/python3.12/site-packages/airflow/example_dags/example_bash_operator.py for tasks to queue
[2025-12-19T14:41:24.140+0000] {logging_mixin.py:188} INFO - [2025-12-19T14:41:24.140+0000] {dagbag.py:545} INFO - Filling up the DagBag from /home/airflow/.local/lib/python3.12/site-packages/airflow/example_dags/example_bash_operator.py
[2025-12-19T14:41:24.150+0000] {processor.py:840} INFO - DAG(s) 'example_bash_operator' retrieved from /home/airflow/.local/lib/python3.12/site-packages/airflow/example_dags/example_bash_operator.py
[2025-12-19T14:41:24.173+0000] {logging_mixin.py:188} INFO - [2025-12-19T14:41:24.172+0000] {dag.py:3089} INFO - Sync 1 DAGs
[2025-12-19T14:41:24.203+0000] {logging_mixin.py:188} INFO - [2025-12-19T14:41:24.203+0000] {dag.py:3947} INFO - Setting next_dagrun for example_bash_operator to 2025-12-18 00:00:00+00:00, run_after=2025-12-19 00:00:00+00:00
[2025-12-19T14:41:24.230+0000] {processor.py:183} INFO - Processing /home/airflow/.local/lib/python3.12/site-packages/airflow/example_dags/example_bash_operator.py took 0.098 seconds
[2025-12-19T14:41:54.882+0000] {processor.py:161} INFO - Started process (PID=58482) to work on /home/airflow/.local/lib/python3.12/site-packages/airflow/example_dags/example_bash_operator.py
[2025-12-19T14:41:54.883+0000] {processor.py:830} INFO - Processing file /home/airflow/.local/lib/python3.12/site-packages/airflow/example_dags/example_bash_operator.py for tasks to queue
[2025-12-19T14:41:54.884+0000] {logging_mixin.py:188} INFO - [2025-12-19T14:41:54.884+0000] {dagbag.py:545} INFO - Filling up the DagBag from /home/airflow/.local/lib/python3.12/site-packages/airflow/example_dags/example_bash_operator.py
[2025-12-19T14:41:54.892+0000] {processor.py:840} INFO - DAG(s) 'example_bash_operator' retrieved from /home/airflow/.local/lib/python3.12/site-packages/airflow/example_dags/example_bash_operator.py
[2025-12-19T14:41:54.915+0000] {logging_mixin.py:188} INFO - [2025-12-19T14:41:54.915+0000] {dag.py:3089} INFO - Sync 1 DAGs
[2025-12-19T14:41:54.933+0000] {logging_mixin.py:188} INFO - [2025-12-19T14:41:54.933+0000] {dag.py:3947} INFO - Setting next_dagrun for example_bash_operator to 2025-12-18 00:00:00+00:00, run_after=2025-12-19 00:00:00+00:00
[2025-12-19T14:41:54.950+0000] {processor.py:183} INFO - Processing /home/airflow/.local/lib/python3.12/site-packages/airflow/example_dags/example_bash_operator.py took 0.073 seconds
