[2025-12-19T01:08:00.934+0000] {processor.py:161} INFO - Started process (PID=57696) to work on /home/airflow/.local/lib/python3.12/site-packages/airflow/example_dags/example_task_group.py
[2025-12-19T01:08:00.935+0000] {processor.py:830} INFO - Processing file /home/airflow/.local/lib/python3.12/site-packages/airflow/example_dags/example_task_group.py for tasks to queue
[2025-12-19T01:08:00.935+0000] {logging_mixin.py:188} INFO - [2025-12-19T01:08:00.935+0000] {dagbag.py:545} INFO - Filling up the DagBag from /home/airflow/.local/lib/python3.12/site-packages/airflow/example_dags/example_task_group.py
[2025-12-19T01:08:00.940+0000] {processor.py:840} INFO - DAG(s) 'example_task_group' retrieved from /home/airflow/.local/lib/python3.12/site-packages/airflow/example_dags/example_task_group.py
[2025-12-19T01:08:00.952+0000] {logging_mixin.py:188} INFO - [2025-12-19T01:08:00.952+0000] {dag.py:3089} INFO - Sync 1 DAGs
[2025-12-19T01:08:00.966+0000] {logging_mixin.py:188} INFO - [2025-12-19T01:08:00.966+0000] {dag.py:3947} INFO - Setting next_dagrun for example_task_group to 2025-12-18 00:00:00+00:00, run_after=2025-12-19 00:00:00+00:00
[2025-12-19T01:08:00.981+0000] {processor.py:183} INFO - Processing /home/airflow/.local/lib/python3.12/site-packages/airflow/example_dags/example_task_group.py took 0.053 seconds
[2025-12-19T02:16:04.404+0000] {processor.py:161} INFO - Started process (PID=57755) to work on /home/airflow/.local/lib/python3.12/site-packages/airflow/example_dags/example_task_group.py
[2025-12-19T02:16:04.405+0000] {processor.py:830} INFO - Processing file /home/airflow/.local/lib/python3.12/site-packages/airflow/example_dags/example_task_group.py for tasks to queue
[2025-12-19T02:16:04.407+0000] {logging_mixin.py:188} INFO - [2025-12-19T02:16:04.407+0000] {dagbag.py:545} INFO - Filling up the DagBag from /home/airflow/.local/lib/python3.12/site-packages/airflow/example_dags/example_task_group.py
[2025-12-19T02:16:04.410+0000] {processor.py:840} INFO - DAG(s) 'example_task_group' retrieved from /home/airflow/.local/lib/python3.12/site-packages/airflow/example_dags/example_task_group.py
[2025-12-19T02:16:04.426+0000] {logging_mixin.py:188} INFO - [2025-12-19T02:16:04.426+0000] {dag.py:3089} INFO - Sync 1 DAGs
[2025-12-19T02:16:04.436+0000] {logging_mixin.py:188} INFO - [2025-12-19T02:16:04.436+0000] {dag.py:3947} INFO - Setting next_dagrun for example_task_group to 2025-12-18 00:00:00+00:00, run_after=2025-12-19 00:00:00+00:00
[2025-12-19T02:16:04.445+0000] {processor.py:183} INFO - Processing /home/airflow/.local/lib/python3.12/site-packages/airflow/example_dags/example_task_group.py took 0.043 seconds
[2025-12-19T03:53:38.881+0000] {processor.py:161} INFO - Started process (PID=57814) to work on /home/airflow/.local/lib/python3.12/site-packages/airflow/example_dags/example_task_group.py
[2025-12-19T03:53:38.881+0000] {processor.py:830} INFO - Processing file /home/airflow/.local/lib/python3.12/site-packages/airflow/example_dags/example_task_group.py for tasks to queue
[2025-12-19T03:53:38.882+0000] {logging_mixin.py:188} INFO - [2025-12-19T03:53:38.882+0000] {dagbag.py:545} INFO - Filling up the DagBag from /home/airflow/.local/lib/python3.12/site-packages/airflow/example_dags/example_task_group.py
[2025-12-19T03:53:38.886+0000] {processor.py:840} INFO - DAG(s) 'example_task_group' retrieved from /home/airflow/.local/lib/python3.12/site-packages/airflow/example_dags/example_task_group.py
[2025-12-19T03:53:38.898+0000] {logging_mixin.py:188} INFO - [2025-12-19T03:53:38.898+0000] {dag.py:3089} INFO - Sync 1 DAGs
[2025-12-19T03:53:38.911+0000] {logging_mixin.py:188} INFO - [2025-12-19T03:53:38.911+0000] {dag.py:3947} INFO - Setting next_dagrun for example_task_group to 2025-12-18 00:00:00+00:00, run_after=2025-12-19 00:00:00+00:00
[2025-12-19T03:53:38.925+0000] {processor.py:183} INFO - Processing /home/airflow/.local/lib/python3.12/site-packages/airflow/example_dags/example_task_group.py took 0.048 seconds
[2025-12-19T05:18:12.414+0000] {processor.py:161} INFO - Started process (PID=57873) to work on /home/airflow/.local/lib/python3.12/site-packages/airflow/example_dags/example_task_group.py
[2025-12-19T05:18:12.415+0000] {processor.py:830} INFO - Processing file /home/airflow/.local/lib/python3.12/site-packages/airflow/example_dags/example_task_group.py for tasks to queue
[2025-12-19T05:18:12.415+0000] {logging_mixin.py:188} INFO - [2025-12-19T05:18:12.415+0000] {dagbag.py:545} INFO - Filling up the DagBag from /home/airflow/.local/lib/python3.12/site-packages/airflow/example_dags/example_task_group.py
[2025-12-19T05:18:12.421+0000] {processor.py:840} INFO - DAG(s) 'example_task_group' retrieved from /home/airflow/.local/lib/python3.12/site-packages/airflow/example_dags/example_task_group.py
[2025-12-19T05:18:12.430+0000] {logging_mixin.py:188} INFO - [2025-12-19T05:18:12.430+0000] {dag.py:3089} INFO - Sync 1 DAGs
[2025-12-19T05:18:12.440+0000] {logging_mixin.py:188} INFO - [2025-12-19T05:18:12.440+0000] {dag.py:3947} INFO - Setting next_dagrun for example_task_group to 2025-12-18 00:00:00+00:00, run_after=2025-12-19 00:00:00+00:00
[2025-12-19T05:18:12.448+0000] {processor.py:183} INFO - Processing /home/airflow/.local/lib/python3.12/site-packages/airflow/example_dags/example_task_group.py took 0.039 seconds
[2025-12-19T06:58:36.863+0000] {processor.py:161} INFO - Started process (PID=57932) to work on /home/airflow/.local/lib/python3.12/site-packages/airflow/example_dags/example_task_group.py
[2025-12-19T06:58:36.863+0000] {processor.py:830} INFO - Processing file /home/airflow/.local/lib/python3.12/site-packages/airflow/example_dags/example_task_group.py for tasks to queue
[2025-12-19T06:58:36.864+0000] {logging_mixin.py:188} INFO - [2025-12-19T06:58:36.864+0000] {dagbag.py:545} INFO - Filling up the DagBag from /home/airflow/.local/lib/python3.12/site-packages/airflow/example_dags/example_task_group.py
[2025-12-19T06:58:36.870+0000] {processor.py:840} INFO - DAG(s) 'example_task_group' retrieved from /home/airflow/.local/lib/python3.12/site-packages/airflow/example_dags/example_task_group.py
[2025-12-19T06:58:36.881+0000] {logging_mixin.py:188} INFO - [2025-12-19T06:58:36.881+0000] {dag.py:3089} INFO - Sync 1 DAGs
[2025-12-19T06:58:36.892+0000] {logging_mixin.py:188} INFO - [2025-12-19T06:58:36.892+0000] {dag.py:3947} INFO - Setting next_dagrun for example_task_group to 2025-12-18 00:00:00+00:00, run_after=2025-12-19 00:00:00+00:00
[2025-12-19T06:58:36.902+0000] {processor.py:183} INFO - Processing /home/airflow/.local/lib/python3.12/site-packages/airflow/example_dags/example_task_group.py took 0.042 seconds
[2025-12-19T08:03:02.669+0000] {processor.py:161} INFO - Started process (PID=57991) to work on /home/airflow/.local/lib/python3.12/site-packages/airflow/example_dags/example_task_group.py
[2025-12-19T08:03:02.672+0000] {processor.py:830} INFO - Processing file /home/airflow/.local/lib/python3.12/site-packages/airflow/example_dags/example_task_group.py for tasks to queue
[2025-12-19T08:03:02.673+0000] {logging_mixin.py:188} INFO - [2025-12-19T08:03:02.672+0000] {dagbag.py:545} INFO - Filling up the DagBag from /home/airflow/.local/lib/python3.12/site-packages/airflow/example_dags/example_task_group.py
[2025-12-19T08:03:02.677+0000] {processor.py:840} INFO - DAG(s) 'example_task_group' retrieved from /home/airflow/.local/lib/python3.12/site-packages/airflow/example_dags/example_task_group.py
[2025-12-19T08:03:02.688+0000] {logging_mixin.py:188} INFO - [2025-12-19T08:03:02.688+0000] {dag.py:3089} INFO - Sync 1 DAGs
[2025-12-19T08:03:02.700+0000] {logging_mixin.py:188} INFO - [2025-12-19T08:03:02.700+0000] {dag.py:3947} INFO - Setting next_dagrun for example_task_group to 2025-12-18 00:00:00+00:00, run_after=2025-12-19 00:00:00+00:00
[2025-12-19T08:03:02.712+0000] {processor.py:183} INFO - Processing /home/airflow/.local/lib/python3.12/site-packages/airflow/example_dags/example_task_group.py took 0.046 seconds
[2025-12-19T09:19:29.133+0000] {processor.py:161} INFO - Started process (PID=58050) to work on /home/airflow/.local/lib/python3.12/site-packages/airflow/example_dags/example_task_group.py
[2025-12-19T09:19:29.134+0000] {processor.py:830} INFO - Processing file /home/airflow/.local/lib/python3.12/site-packages/airflow/example_dags/example_task_group.py for tasks to queue
[2025-12-19T09:19:29.135+0000] {logging_mixin.py:188} INFO - [2025-12-19T09:19:29.135+0000] {dagbag.py:545} INFO - Filling up the DagBag from /home/airflow/.local/lib/python3.12/site-packages/airflow/example_dags/example_task_group.py
[2025-12-19T09:19:29.141+0000] {processor.py:840} INFO - DAG(s) 'example_task_group' retrieved from /home/airflow/.local/lib/python3.12/site-packages/airflow/example_dags/example_task_group.py
[2025-12-19T09:19:29.155+0000] {logging_mixin.py:188} INFO - [2025-12-19T09:19:29.155+0000] {dag.py:3089} INFO - Sync 1 DAGs
[2025-12-19T09:19:29.171+0000] {logging_mixin.py:188} INFO - [2025-12-19T09:19:29.171+0000] {dag.py:3947} INFO - Setting next_dagrun for example_task_group to 2025-12-18 00:00:00+00:00, run_after=2025-12-19 00:00:00+00:00
[2025-12-19T09:19:29.183+0000] {processor.py:183} INFO - Processing /home/airflow/.local/lib/python3.12/site-packages/airflow/example_dags/example_task_group.py took 0.055 seconds
[2025-12-19T09:57:39.041+0000] {processor.py:161} INFO - Started process (PID=58109) to work on /home/airflow/.local/lib/python3.12/site-packages/airflow/example_dags/example_task_group.py
[2025-12-19T09:57:39.042+0000] {processor.py:830} INFO - Processing file /home/airflow/.local/lib/python3.12/site-packages/airflow/example_dags/example_task_group.py for tasks to queue
[2025-12-19T09:57:39.043+0000] {logging_mixin.py:188} INFO - [2025-12-19T09:57:39.042+0000] {dagbag.py:545} INFO - Filling up the DagBag from /home/airflow/.local/lib/python3.12/site-packages/airflow/example_dags/example_task_group.py
[2025-12-19T09:57:39.048+0000] {processor.py:840} INFO - DAG(s) 'example_task_group' retrieved from /home/airflow/.local/lib/python3.12/site-packages/airflow/example_dags/example_task_group.py
[2025-12-19T09:57:39.064+0000] {logging_mixin.py:188} INFO - [2025-12-19T09:57:39.064+0000] {dag.py:3089} INFO - Sync 1 DAGs
[2025-12-19T09:57:39.080+0000] {logging_mixin.py:188} INFO - [2025-12-19T09:57:39.080+0000] {dag.py:3947} INFO - Setting next_dagrun for example_task_group to 2025-12-18 00:00:00+00:00, run_after=2025-12-19 00:00:00+00:00
[2025-12-19T09:57:39.093+0000] {processor.py:183} INFO - Processing /home/airflow/.local/lib/python3.12/site-packages/airflow/example_dags/example_task_group.py took 0.056 seconds
[2025-12-19T10:46:48.287+0000] {processor.py:161} INFO - Started process (PID=58168) to work on /home/airflow/.local/lib/python3.12/site-packages/airflow/example_dags/example_task_group.py
[2025-12-19T10:46:48.290+0000] {processor.py:830} INFO - Processing file /home/airflow/.local/lib/python3.12/site-packages/airflow/example_dags/example_task_group.py for tasks to queue
[2025-12-19T10:46:48.291+0000] {logging_mixin.py:188} INFO - [2025-12-19T10:46:48.291+0000] {dagbag.py:545} INFO - Filling up the DagBag from /home/airflow/.local/lib/python3.12/site-packages/airflow/example_dags/example_task_group.py
[2025-12-19T10:46:48.305+0000] {processor.py:840} INFO - DAG(s) 'example_task_group' retrieved from /home/airflow/.local/lib/python3.12/site-packages/airflow/example_dags/example_task_group.py
[2025-12-19T10:46:48.341+0000] {logging_mixin.py:188} INFO - [2025-12-19T10:46:48.341+0000] {dag.py:3089} INFO - Sync 1 DAGs
[2025-12-19T10:46:48.377+0000] {logging_mixin.py:188} INFO - [2025-12-19T10:46:48.377+0000] {dag.py:3947} INFO - Setting next_dagrun for example_task_group to 2025-12-18 00:00:00+00:00, run_after=2025-12-19 00:00:00+00:00
[2025-12-19T10:46:48.406+0000] {processor.py:183} INFO - Processing /home/airflow/.local/lib/python3.12/site-packages/airflow/example_dags/example_task_group.py took 0.127 seconds
[2025-12-19T11:37:08.387+0000] {processor.py:161} INFO - Started process (PID=58227) to work on /home/airflow/.local/lib/python3.12/site-packages/airflow/example_dags/example_task_group.py
[2025-12-19T11:37:08.388+0000] {processor.py:830} INFO - Processing file /home/airflow/.local/lib/python3.12/site-packages/airflow/example_dags/example_task_group.py for tasks to queue
[2025-12-19T11:37:08.390+0000] {logging_mixin.py:188} INFO - [2025-12-19T11:37:08.389+0000] {dagbag.py:545} INFO - Filling up the DagBag from /home/airflow/.local/lib/python3.12/site-packages/airflow/example_dags/example_task_group.py
[2025-12-19T11:37:08.401+0000] {processor.py:840} INFO - DAG(s) 'example_task_group' retrieved from /home/airflow/.local/lib/python3.12/site-packages/airflow/example_dags/example_task_group.py
[2025-12-19T11:37:08.437+0000] {logging_mixin.py:188} INFO - [2025-12-19T11:37:08.437+0000] {dag.py:3089} INFO - Sync 1 DAGs
[2025-12-19T11:37:08.464+0000] {logging_mixin.py:188} INFO - [2025-12-19T11:37:08.464+0000] {dag.py:3947} INFO - Setting next_dagrun for example_task_group to 2025-12-18 00:00:00+00:00, run_after=2025-12-19 00:00:00+00:00
[2025-12-19T11:37:08.490+0000] {processor.py:183} INFO - Processing /home/airflow/.local/lib/python3.12/site-packages/airflow/example_dags/example_task_group.py took 0.111 seconds
[2025-12-19T12:40:30.462+0000] {processor.py:161} INFO - Started process (PID=58286) to work on /home/airflow/.local/lib/python3.12/site-packages/airflow/example_dags/example_task_group.py
[2025-12-19T12:40:30.467+0000] {processor.py:830} INFO - Processing file /home/airflow/.local/lib/python3.12/site-packages/airflow/example_dags/example_task_group.py for tasks to queue
[2025-12-19T12:40:30.468+0000] {logging_mixin.py:188} INFO - [2025-12-19T12:40:30.468+0000] {dagbag.py:545} INFO - Filling up the DagBag from /home/airflow/.local/lib/python3.12/site-packages/airflow/example_dags/example_task_group.py
[2025-12-19T12:40:30.475+0000] {processor.py:840} INFO - DAG(s) 'example_task_group' retrieved from /home/airflow/.local/lib/python3.12/site-packages/airflow/example_dags/example_task_group.py
[2025-12-19T12:40:30.493+0000] {logging_mixin.py:188} INFO - [2025-12-19T12:40:30.493+0000] {dag.py:3089} INFO - Sync 1 DAGs
[2025-12-19T12:40:30.510+0000] {logging_mixin.py:188} INFO - [2025-12-19T12:40:30.510+0000] {dag.py:3947} INFO - Setting next_dagrun for example_task_group to 2025-12-18 00:00:00+00:00, run_after=2025-12-19 00:00:00+00:00
[2025-12-19T12:40:30.524+0000] {processor.py:183} INFO - Processing /home/airflow/.local/lib/python3.12/site-packages/airflow/example_dags/example_task_group.py took 0.081 seconds
[2025-12-19T13:57:45.116+0000] {processor.py:161} INFO - Started process (PID=58345) to work on /home/airflow/.local/lib/python3.12/site-packages/airflow/example_dags/example_task_group.py
[2025-12-19T13:57:45.117+0000] {processor.py:830} INFO - Processing file /home/airflow/.local/lib/python3.12/site-packages/airflow/example_dags/example_task_group.py for tasks to queue
[2025-12-19T13:57:45.118+0000] {logging_mixin.py:188} INFO - [2025-12-19T13:57:45.118+0000] {dagbag.py:545} INFO - Filling up the DagBag from /home/airflow/.local/lib/python3.12/site-packages/airflow/example_dags/example_task_group.py
[2025-12-19T13:57:45.129+0000] {processor.py:840} INFO - DAG(s) 'example_task_group' retrieved from /home/airflow/.local/lib/python3.12/site-packages/airflow/example_dags/example_task_group.py
[2025-12-19T13:57:45.153+0000] {logging_mixin.py:188} INFO - [2025-12-19T13:57:45.152+0000] {dag.py:3089} INFO - Sync 1 DAGs
[2025-12-19T13:57:45.172+0000] {logging_mixin.py:188} INFO - [2025-12-19T13:57:45.172+0000] {dag.py:3947} INFO - Setting next_dagrun for example_task_group to 2025-12-18 00:00:00+00:00, run_after=2025-12-19 00:00:00+00:00
[2025-12-19T13:57:45.194+0000] {processor.py:183} INFO - Processing /home/airflow/.local/lib/python3.12/site-packages/airflow/example_dags/example_task_group.py took 0.083 seconds
[2025-12-19T14:41:23.389+0000] {processor.py:161} INFO - Started process (PID=58410) to work on /home/airflow/.local/lib/python3.12/site-packages/airflow/example_dags/example_task_group.py
[2025-12-19T14:41:23.393+0000] {processor.py:830} INFO - Processing file /home/airflow/.local/lib/python3.12/site-packages/airflow/example_dags/example_task_group.py for tasks to queue
[2025-12-19T14:41:23.395+0000] {logging_mixin.py:188} INFO - [2025-12-19T14:41:23.395+0000] {dagbag.py:545} INFO - Filling up the DagBag from /home/airflow/.local/lib/python3.12/site-packages/airflow/example_dags/example_task_group.py
[2025-12-19T14:41:23.405+0000] {processor.py:840} INFO - DAG(s) 'example_task_group' retrieved from /home/airflow/.local/lib/python3.12/site-packages/airflow/example_dags/example_task_group.py
[2025-12-19T14:41:23.428+0000] {logging_mixin.py:188} INFO - [2025-12-19T14:41:23.428+0000] {dag.py:3089} INFO - Sync 1 DAGs
[2025-12-19T14:41:23.454+0000] {logging_mixin.py:188} INFO - [2025-12-19T14:41:23.453+0000] {dag.py:3947} INFO - Setting next_dagrun for example_task_group to 2025-12-18 00:00:00+00:00, run_after=2025-12-19 00:00:00+00:00
[2025-12-19T14:41:23.477+0000] {processor.py:183} INFO - Processing /home/airflow/.local/lib/python3.12/site-packages/airflow/example_dags/example_task_group.py took 0.097 seconds
[2025-12-19T14:41:54.132+0000] {processor.py:161} INFO - Started process (PID=58469) to work on /home/airflow/.local/lib/python3.12/site-packages/airflow/example_dags/example_task_group.py
[2025-12-19T14:41:54.134+0000] {processor.py:830} INFO - Processing file /home/airflow/.local/lib/python3.12/site-packages/airflow/example_dags/example_task_group.py for tasks to queue
[2025-12-19T14:41:54.135+0000] {logging_mixin.py:188} INFO - [2025-12-19T14:41:54.135+0000] {dagbag.py:545} INFO - Filling up the DagBag from /home/airflow/.local/lib/python3.12/site-packages/airflow/example_dags/example_task_group.py
[2025-12-19T14:41:54.145+0000] {processor.py:840} INFO - DAG(s) 'example_task_group' retrieved from /home/airflow/.local/lib/python3.12/site-packages/airflow/example_dags/example_task_group.py
[2025-12-19T14:41:54.176+0000] {logging_mixin.py:188} INFO - [2025-12-19T14:41:54.176+0000] {dag.py:3089} INFO - Sync 1 DAGs
[2025-12-19T14:41:54.196+0000] {logging_mixin.py:188} INFO - [2025-12-19T14:41:54.196+0000] {dag.py:3947} INFO - Setting next_dagrun for example_task_group to 2025-12-18 00:00:00+00:00, run_after=2025-12-19 00:00:00+00:00
[2025-12-19T14:41:54.211+0000] {processor.py:183} INFO - Processing /home/airflow/.local/lib/python3.12/site-packages/airflow/example_dags/example_task_group.py took 0.083 seconds
