[2025-12-19T01:08:01.323+0000] {processor.py:161} INFO - Started process (PID=57705) to work on /home/airflow/.local/lib/python3.12/site-packages/airflow/example_dags/example_time_delta_sensor_async.py
[2025-12-19T01:08:01.323+0000] {processor.py:830} INFO - Processing file /home/airflow/.local/lib/python3.12/site-packages/airflow/example_dags/example_time_delta_sensor_async.py for tasks to queue
[2025-12-19T01:08:01.324+0000] {logging_mixin.py:188} INFO - [2025-12-19T01:08:01.324+0000] {dagbag.py:545} INFO - Filling up the DagBag from /home/airflow/.local/lib/python3.12/site-packages/airflow/example_dags/example_time_delta_sensor_async.py
[2025-12-19T01:08:01.326+0000] {processor.py:840} INFO - DAG(s) 'example_time_delta_sensor_async' retrieved from /home/airflow/.local/lib/python3.12/site-packages/airflow/example_dags/example_time_delta_sensor_async.py
[2025-12-19T01:08:01.342+0000] {logging_mixin.py:188} INFO - [2025-12-19T01:08:01.341+0000] {dag.py:3089} INFO - Sync 1 DAGs
[2025-12-19T01:08:01.351+0000] {logging_mixin.py:188} INFO - [2025-12-19T01:08:01.350+0000] {dag.py:3947} INFO - Setting next_dagrun for example_time_delta_sensor_async to None, run_after=None
[2025-12-19T01:08:01.369+0000] {processor.py:183} INFO - Processing /home/airflow/.local/lib/python3.12/site-packages/airflow/example_dags/example_time_delta_sensor_async.py took 0.049 seconds
[2025-12-19T02:16:04.660+0000] {processor.py:161} INFO - Started process (PID=57764) to work on /home/airflow/.local/lib/python3.12/site-packages/airflow/example_dags/example_time_delta_sensor_async.py
[2025-12-19T02:16:04.661+0000] {processor.py:830} INFO - Processing file /home/airflow/.local/lib/python3.12/site-packages/airflow/example_dags/example_time_delta_sensor_async.py for tasks to queue
[2025-12-19T02:16:04.663+0000] {logging_mixin.py:188} INFO - [2025-12-19T02:16:04.663+0000] {dagbag.py:545} INFO - Filling up the DagBag from /home/airflow/.local/lib/python3.12/site-packages/airflow/example_dags/example_time_delta_sensor_async.py
[2025-12-19T02:16:04.665+0000] {processor.py:840} INFO - DAG(s) 'example_time_delta_sensor_async' retrieved from /home/airflow/.local/lib/python3.12/site-packages/airflow/example_dags/example_time_delta_sensor_async.py
[2025-12-19T02:16:04.681+0000] {logging_mixin.py:188} INFO - [2025-12-19T02:16:04.681+0000] {dag.py:3089} INFO - Sync 1 DAGs
[2025-12-19T02:16:04.686+0000] {logging_mixin.py:188} INFO - [2025-12-19T02:16:04.686+0000] {dag.py:3947} INFO - Setting next_dagrun for example_time_delta_sensor_async to None, run_after=None
[2025-12-19T02:16:04.694+0000] {processor.py:183} INFO - Processing /home/airflow/.local/lib/python3.12/site-packages/airflow/example_dags/example_time_delta_sensor_async.py took 0.037 seconds
[2025-12-19T03:53:39.118+0000] {processor.py:161} INFO - Started process (PID=57823) to work on /home/airflow/.local/lib/python3.12/site-packages/airflow/example_dags/example_time_delta_sensor_async.py
[2025-12-19T03:53:39.119+0000] {processor.py:830} INFO - Processing file /home/airflow/.local/lib/python3.12/site-packages/airflow/example_dags/example_time_delta_sensor_async.py for tasks to queue
[2025-12-19T03:53:39.119+0000] {logging_mixin.py:188} INFO - [2025-12-19T03:53:39.119+0000] {dagbag.py:545} INFO - Filling up the DagBag from /home/airflow/.local/lib/python3.12/site-packages/airflow/example_dags/example_time_delta_sensor_async.py
[2025-12-19T03:53:39.123+0000] {processor.py:840} INFO - DAG(s) 'example_time_delta_sensor_async' retrieved from /home/airflow/.local/lib/python3.12/site-packages/airflow/example_dags/example_time_delta_sensor_async.py
[2025-12-19T03:53:39.142+0000] {logging_mixin.py:188} INFO - [2025-12-19T03:53:39.142+0000] {dag.py:3089} INFO - Sync 1 DAGs
[2025-12-19T03:53:39.147+0000] {logging_mixin.py:188} INFO - [2025-12-19T03:53:39.147+0000] {dag.py:3947} INFO - Setting next_dagrun for example_time_delta_sensor_async to None, run_after=None
[2025-12-19T03:53:39.155+0000] {processor.py:183} INFO - Processing /home/airflow/.local/lib/python3.12/site-packages/airflow/example_dags/example_time_delta_sensor_async.py took 0.039 seconds
[2025-12-19T05:18:12.643+0000] {processor.py:161} INFO - Started process (PID=57882) to work on /home/airflow/.local/lib/python3.12/site-packages/airflow/example_dags/example_time_delta_sensor_async.py
[2025-12-19T05:18:12.647+0000] {processor.py:830} INFO - Processing file /home/airflow/.local/lib/python3.12/site-packages/airflow/example_dags/example_time_delta_sensor_async.py for tasks to queue
[2025-12-19T05:18:12.648+0000] {logging_mixin.py:188} INFO - [2025-12-19T05:18:12.648+0000] {dagbag.py:545} INFO - Filling up the DagBag from /home/airflow/.local/lib/python3.12/site-packages/airflow/example_dags/example_time_delta_sensor_async.py
[2025-12-19T05:18:12.651+0000] {processor.py:840} INFO - DAG(s) 'example_time_delta_sensor_async' retrieved from /home/airflow/.local/lib/python3.12/site-packages/airflow/example_dags/example_time_delta_sensor_async.py
[2025-12-19T05:18:12.667+0000] {logging_mixin.py:188} INFO - [2025-12-19T05:18:12.667+0000] {dag.py:3089} INFO - Sync 1 DAGs
[2025-12-19T05:18:12.672+0000] {logging_mixin.py:188} INFO - [2025-12-19T05:18:12.672+0000] {dag.py:3947} INFO - Setting next_dagrun for example_time_delta_sensor_async to None, run_after=None
[2025-12-19T05:18:12.680+0000] {processor.py:183} INFO - Processing /home/airflow/.local/lib/python3.12/site-packages/airflow/example_dags/example_time_delta_sensor_async.py took 0.039 seconds
[2025-12-19T06:58:37.107+0000] {processor.py:161} INFO - Started process (PID=57941) to work on /home/airflow/.local/lib/python3.12/site-packages/airflow/example_dags/example_time_delta_sensor_async.py
[2025-12-19T06:58:37.108+0000] {processor.py:830} INFO - Processing file /home/airflow/.local/lib/python3.12/site-packages/airflow/example_dags/example_time_delta_sensor_async.py for tasks to queue
[2025-12-19T06:58:37.108+0000] {logging_mixin.py:188} INFO - [2025-12-19T06:58:37.108+0000] {dagbag.py:545} INFO - Filling up the DagBag from /home/airflow/.local/lib/python3.12/site-packages/airflow/example_dags/example_time_delta_sensor_async.py
[2025-12-19T06:58:37.112+0000] {processor.py:840} INFO - DAG(s) 'example_time_delta_sensor_async' retrieved from /home/airflow/.local/lib/python3.12/site-packages/airflow/example_dags/example_time_delta_sensor_async.py
[2025-12-19T06:58:37.122+0000] {logging_mixin.py:188} INFO - [2025-12-19T06:58:37.122+0000] {dag.py:3089} INFO - Sync 1 DAGs
[2025-12-19T06:58:37.128+0000] {logging_mixin.py:188} INFO - [2025-12-19T06:58:37.128+0000] {dag.py:3947} INFO - Setting next_dagrun for example_time_delta_sensor_async to None, run_after=None
[2025-12-19T06:58:37.137+0000] {processor.py:183} INFO - Processing /home/airflow/.local/lib/python3.12/site-packages/airflow/example_dags/example_time_delta_sensor_async.py took 0.033 seconds
[2025-12-19T08:03:03.014+0000] {processor.py:161} INFO - Started process (PID=58000) to work on /home/airflow/.local/lib/python3.12/site-packages/airflow/example_dags/example_time_delta_sensor_async.py
[2025-12-19T08:03:03.015+0000] {processor.py:830} INFO - Processing file /home/airflow/.local/lib/python3.12/site-packages/airflow/example_dags/example_time_delta_sensor_async.py for tasks to queue
[2025-12-19T08:03:03.016+0000] {logging_mixin.py:188} INFO - [2025-12-19T08:03:03.015+0000] {dagbag.py:545} INFO - Filling up the DagBag from /home/airflow/.local/lib/python3.12/site-packages/airflow/example_dags/example_time_delta_sensor_async.py
[2025-12-19T08:03:03.019+0000] {processor.py:840} INFO - DAG(s) 'example_time_delta_sensor_async' retrieved from /home/airflow/.local/lib/python3.12/site-packages/airflow/example_dags/example_time_delta_sensor_async.py
[2025-12-19T08:03:03.035+0000] {logging_mixin.py:188} INFO - [2025-12-19T08:03:03.035+0000] {dag.py:3089} INFO - Sync 1 DAGs
[2025-12-19T08:03:03.043+0000] {logging_mixin.py:188} INFO - [2025-12-19T08:03:03.043+0000] {dag.py:3947} INFO - Setting next_dagrun for example_time_delta_sensor_async to None, run_after=None
[2025-12-19T08:03:03.060+0000] {processor.py:183} INFO - Processing /home/airflow/.local/lib/python3.12/site-packages/airflow/example_dags/example_time_delta_sensor_async.py took 0.050 seconds
[2025-12-19T09:19:29.547+0000] {processor.py:161} INFO - Started process (PID=58059) to work on /home/airflow/.local/lib/python3.12/site-packages/airflow/example_dags/example_time_delta_sensor_async.py
[2025-12-19T09:19:29.554+0000] {processor.py:830} INFO - Processing file /home/airflow/.local/lib/python3.12/site-packages/airflow/example_dags/example_time_delta_sensor_async.py for tasks to queue
[2025-12-19T09:19:29.555+0000] {logging_mixin.py:188} INFO - [2025-12-19T09:19:29.555+0000] {dagbag.py:545} INFO - Filling up the DagBag from /home/airflow/.local/lib/python3.12/site-packages/airflow/example_dags/example_time_delta_sensor_async.py
[2025-12-19T09:19:29.559+0000] {processor.py:840} INFO - DAG(s) 'example_time_delta_sensor_async' retrieved from /home/airflow/.local/lib/python3.12/site-packages/airflow/example_dags/example_time_delta_sensor_async.py
[2025-12-19T09:19:29.578+0000] {logging_mixin.py:188} INFO - [2025-12-19T09:19:29.578+0000] {dag.py:3089} INFO - Sync 1 DAGs
[2025-12-19T09:19:29.588+0000] {logging_mixin.py:188} INFO - [2025-12-19T09:19:29.588+0000] {dag.py:3947} INFO - Setting next_dagrun for example_time_delta_sensor_async to None, run_after=None
[2025-12-19T09:19:29.600+0000] {processor.py:183} INFO - Processing /home/airflow/.local/lib/python3.12/site-packages/airflow/example_dags/example_time_delta_sensor_async.py took 0.060 seconds
[2025-12-19T09:57:39.695+0000] {processor.py:161} INFO - Started process (PID=58118) to work on /home/airflow/.local/lib/python3.12/site-packages/airflow/example_dags/example_time_delta_sensor_async.py
[2025-12-19T09:57:39.696+0000] {processor.py:830} INFO - Processing file /home/airflow/.local/lib/python3.12/site-packages/airflow/example_dags/example_time_delta_sensor_async.py for tasks to queue
[2025-12-19T09:57:39.697+0000] {logging_mixin.py:188} INFO - [2025-12-19T09:57:39.697+0000] {dagbag.py:545} INFO - Filling up the DagBag from /home/airflow/.local/lib/python3.12/site-packages/airflow/example_dags/example_time_delta_sensor_async.py
[2025-12-19T09:57:39.702+0000] {processor.py:840} INFO - DAG(s) 'example_time_delta_sensor_async' retrieved from /home/airflow/.local/lib/python3.12/site-packages/airflow/example_dags/example_time_delta_sensor_async.py
[2025-12-19T09:57:39.723+0000] {logging_mixin.py:188} INFO - [2025-12-19T09:57:39.723+0000] {dag.py:3089} INFO - Sync 1 DAGs
[2025-12-19T09:57:39.737+0000] {logging_mixin.py:188} INFO - [2025-12-19T09:57:39.737+0000] {dag.py:3947} INFO - Setting next_dagrun for example_time_delta_sensor_async to None, run_after=None
[2025-12-19T09:57:39.756+0000] {processor.py:183} INFO - Processing /home/airflow/.local/lib/python3.12/site-packages/airflow/example_dags/example_time_delta_sensor_async.py took 0.067 seconds
[2025-12-19T10:46:49.082+0000] {processor.py:161} INFO - Started process (PID=58177) to work on /home/airflow/.local/lib/python3.12/site-packages/airflow/example_dags/example_time_delta_sensor_async.py
[2025-12-19T10:46:49.084+0000] {processor.py:830} INFO - Processing file /home/airflow/.local/lib/python3.12/site-packages/airflow/example_dags/example_time_delta_sensor_async.py for tasks to queue
[2025-12-19T10:46:49.085+0000] {logging_mixin.py:188} INFO - [2025-12-19T10:46:49.085+0000] {dagbag.py:545} INFO - Filling up the DagBag from /home/airflow/.local/lib/python3.12/site-packages/airflow/example_dags/example_time_delta_sensor_async.py
[2025-12-19T10:46:49.091+0000] {processor.py:840} INFO - DAG(s) 'example_time_delta_sensor_async' retrieved from /home/airflow/.local/lib/python3.12/site-packages/airflow/example_dags/example_time_delta_sensor_async.py
[2025-12-19T10:46:49.121+0000] {logging_mixin.py:188} INFO - [2025-12-19T10:46:49.121+0000] {dag.py:3089} INFO - Sync 1 DAGs
[2025-12-19T10:46:49.139+0000] {logging_mixin.py:188} INFO - [2025-12-19T10:46:49.138+0000] {dag.py:3947} INFO - Setting next_dagrun for example_time_delta_sensor_async to None, run_after=None
[2025-12-19T10:46:49.167+0000] {processor.py:183} INFO - Processing /home/airflow/.local/lib/python3.12/site-packages/airflow/example_dags/example_time_delta_sensor_async.py took 0.092 seconds
[2025-12-19T11:37:09.307+0000] {processor.py:161} INFO - Started process (PID=58236) to work on /home/airflow/.local/lib/python3.12/site-packages/airflow/example_dags/example_time_delta_sensor_async.py
[2025-12-19T11:37:09.315+0000] {processor.py:830} INFO - Processing file /home/airflow/.local/lib/python3.12/site-packages/airflow/example_dags/example_time_delta_sensor_async.py for tasks to queue
[2025-12-19T11:37:09.319+0000] {logging_mixin.py:188} INFO - [2025-12-19T11:37:09.318+0000] {dagbag.py:545} INFO - Filling up the DagBag from /home/airflow/.local/lib/python3.12/site-packages/airflow/example_dags/example_time_delta_sensor_async.py
[2025-12-19T11:37:09.340+0000] {processor.py:840} INFO - DAG(s) 'example_time_delta_sensor_async' retrieved from /home/airflow/.local/lib/python3.12/site-packages/airflow/example_dags/example_time_delta_sensor_async.py
[2025-12-19T11:37:09.391+0000] {logging_mixin.py:188} INFO - [2025-12-19T11:37:09.390+0000] {dag.py:3089} INFO - Sync 1 DAGs
[2025-12-19T11:37:09.412+0000] {logging_mixin.py:188} INFO - [2025-12-19T11:37:09.412+0000] {dag.py:3947} INFO - Setting next_dagrun for example_time_delta_sensor_async to None, run_after=None
[2025-12-19T11:37:09.440+0000] {processor.py:183} INFO - Processing /home/airflow/.local/lib/python3.12/site-packages/airflow/example_dags/example_time_delta_sensor_async.py took 0.144 seconds
[2025-12-19T12:40:30.868+0000] {processor.py:161} INFO - Started process (PID=58295) to work on /home/airflow/.local/lib/python3.12/site-packages/airflow/example_dags/example_time_delta_sensor_async.py
[2025-12-19T12:40:30.869+0000] {processor.py:830} INFO - Processing file /home/airflow/.local/lib/python3.12/site-packages/airflow/example_dags/example_time_delta_sensor_async.py for tasks to queue
[2025-12-19T12:40:30.870+0000] {logging_mixin.py:188} INFO - [2025-12-19T12:40:30.870+0000] {dagbag.py:545} INFO - Filling up the DagBag from /home/airflow/.local/lib/python3.12/site-packages/airflow/example_dags/example_time_delta_sensor_async.py
[2025-12-19T12:40:30.874+0000] {processor.py:840} INFO - DAG(s) 'example_time_delta_sensor_async' retrieved from /home/airflow/.local/lib/python3.12/site-packages/airflow/example_dags/example_time_delta_sensor_async.py
[2025-12-19T12:40:30.891+0000] {logging_mixin.py:188} INFO - [2025-12-19T12:40:30.891+0000] {dag.py:3089} INFO - Sync 1 DAGs
[2025-12-19T12:40:30.901+0000] {logging_mixin.py:188} INFO - [2025-12-19T12:40:30.900+0000] {dag.py:3947} INFO - Setting next_dagrun for example_time_delta_sensor_async to None, run_after=None
[2025-12-19T12:40:30.913+0000] {processor.py:183} INFO - Processing /home/airflow/.local/lib/python3.12/site-packages/airflow/example_dags/example_time_delta_sensor_async.py took 0.051 seconds
[2025-12-19T13:57:45.540+0000] {processor.py:161} INFO - Started process (PID=58354) to work on /home/airflow/.local/lib/python3.12/site-packages/airflow/example_dags/example_time_delta_sensor_async.py
[2025-12-19T13:57:45.541+0000] {processor.py:830} INFO - Processing file /home/airflow/.local/lib/python3.12/site-packages/airflow/example_dags/example_time_delta_sensor_async.py for tasks to queue
[2025-12-19T13:57:45.542+0000] {logging_mixin.py:188} INFO - [2025-12-19T13:57:45.542+0000] {dagbag.py:545} INFO - Filling up the DagBag from /home/airflow/.local/lib/python3.12/site-packages/airflow/example_dags/example_time_delta_sensor_async.py
[2025-12-19T13:57:45.546+0000] {processor.py:840} INFO - DAG(s) 'example_time_delta_sensor_async' retrieved from /home/airflow/.local/lib/python3.12/site-packages/airflow/example_dags/example_time_delta_sensor_async.py
[2025-12-19T13:57:45.562+0000] {logging_mixin.py:188} INFO - [2025-12-19T13:57:45.561+0000] {dag.py:3089} INFO - Sync 1 DAGs
[2025-12-19T13:57:45.569+0000] {logging_mixin.py:188} INFO - [2025-12-19T13:57:45.569+0000] {dag.py:3947} INFO - Setting next_dagrun for example_time_delta_sensor_async to None, run_after=None
[2025-12-19T13:57:45.581+0000] {processor.py:183} INFO - Processing /home/airflow/.local/lib/python3.12/site-packages/airflow/example_dags/example_time_delta_sensor_async.py took 0.045 seconds
[2025-12-19T14:41:23.892+0000] {processor.py:161} INFO - Started process (PID=58419) to work on /home/airflow/.local/lib/python3.12/site-packages/airflow/example_dags/example_time_delta_sensor_async.py
[2025-12-19T14:41:23.893+0000] {processor.py:830} INFO - Processing file /home/airflow/.local/lib/python3.12/site-packages/airflow/example_dags/example_time_delta_sensor_async.py for tasks to queue
[2025-12-19T14:41:23.894+0000] {logging_mixin.py:188} INFO - [2025-12-19T14:41:23.894+0000] {dagbag.py:545} INFO - Filling up the DagBag from /home/airflow/.local/lib/python3.12/site-packages/airflow/example_dags/example_time_delta_sensor_async.py
[2025-12-19T14:41:23.899+0000] {processor.py:840} INFO - DAG(s) 'example_time_delta_sensor_async' retrieved from /home/airflow/.local/lib/python3.12/site-packages/airflow/example_dags/example_time_delta_sensor_async.py
[2025-12-19T14:41:23.917+0000] {logging_mixin.py:188} INFO - [2025-12-19T14:41:23.917+0000] {dag.py:3089} INFO - Sync 1 DAGs
[2025-12-19T14:41:23.928+0000] {logging_mixin.py:188} INFO - [2025-12-19T14:41:23.927+0000] {dag.py:3947} INFO - Setting next_dagrun for example_time_delta_sensor_async to None, run_after=None
[2025-12-19T14:41:23.942+0000] {processor.py:183} INFO - Processing /home/airflow/.local/lib/python3.12/site-packages/airflow/example_dags/example_time_delta_sensor_async.py took 0.056 seconds
[2025-12-19T14:41:54.578+0000] {processor.py:161} INFO - Started process (PID=58478) to work on /home/airflow/.local/lib/python3.12/site-packages/airflow/example_dags/example_time_delta_sensor_async.py
[2025-12-19T14:41:54.579+0000] {processor.py:830} INFO - Processing file /home/airflow/.local/lib/python3.12/site-packages/airflow/example_dags/example_time_delta_sensor_async.py for tasks to queue
[2025-12-19T14:41:54.579+0000] {logging_mixin.py:188} INFO - [2025-12-19T14:41:54.579+0000] {dagbag.py:545} INFO - Filling up the DagBag from /home/airflow/.local/lib/python3.12/site-packages/airflow/example_dags/example_time_delta_sensor_async.py
[2025-12-19T14:41:54.584+0000] {processor.py:840} INFO - DAG(s) 'example_time_delta_sensor_async' retrieved from /home/airflow/.local/lib/python3.12/site-packages/airflow/example_dags/example_time_delta_sensor_async.py
[2025-12-19T14:41:54.605+0000] {logging_mixin.py:188} INFO - [2025-12-19T14:41:54.605+0000] {dag.py:3089} INFO - Sync 1 DAGs
[2025-12-19T14:41:54.615+0000] {logging_mixin.py:188} INFO - [2025-12-19T14:41:54.614+0000] {dag.py:3947} INFO - Setting next_dagrun for example_time_delta_sensor_async to None, run_after=None
[2025-12-19T14:41:54.631+0000] {processor.py:183} INFO - Processing /home/airflow/.local/lib/python3.12/site-packages/airflow/example_dags/example_time_delta_sensor_async.py took 0.058 seconds
