[2025-12-19T01:08:01.202+0000] {processor.py:161} INFO - Started process (PID=57702) to work on /home/airflow/.local/lib/python3.12/site-packages/airflow/example_dags/example_latest_only_with_trigger.py
[2025-12-19T01:08:01.206+0000] {processor.py:830} INFO - Processing file /home/airflow/.local/lib/python3.12/site-packages/airflow/example_dags/example_latest_only_with_trigger.py for tasks to queue
[2025-12-19T01:08:01.207+0000] {logging_mixin.py:188} INFO - [2025-12-19T01:08:01.206+0000] {dagbag.py:545} INFO - Filling up the DagBag from /home/airflow/.local/lib/python3.12/site-packages/airflow/example_dags/example_latest_only_with_trigger.py
[2025-12-19T01:08:01.210+0000] {processor.py:840} INFO - DAG(s) 'latest_only_with_trigger' retrieved from /home/airflow/.local/lib/python3.12/site-packages/airflow/example_dags/example_latest_only_with_trigger.py
[2025-12-19T01:08:01.223+0000] {logging_mixin.py:188} INFO - [2025-12-19T01:08:01.223+0000] {dag.py:3089} INFO - Sync 1 DAGs
[2025-12-19T01:08:01.232+0000] {logging_mixin.py:188} INFO - [2025-12-19T01:08:01.232+0000] {dag.py:3947} INFO - Setting next_dagrun for latest_only_with_trigger to 2025-12-18 20:00:00+00:00, run_after=2025-12-19 00:00:00+00:00
[2025-12-19T01:08:01.243+0000] {processor.py:183} INFO - Processing /home/airflow/.local/lib/python3.12/site-packages/airflow/example_dags/example_latest_only_with_trigger.py took 0.046 seconds
[2025-12-19T02:16:04.606+0000] {processor.py:161} INFO - Started process (PID=57761) to work on /home/airflow/.local/lib/python3.12/site-packages/airflow/example_dags/example_latest_only_with_trigger.py
[2025-12-19T02:16:04.606+0000] {processor.py:830} INFO - Processing file /home/airflow/.local/lib/python3.12/site-packages/airflow/example_dags/example_latest_only_with_trigger.py for tasks to queue
[2025-12-19T02:16:04.607+0000] {logging_mixin.py:188} INFO - [2025-12-19T02:16:04.607+0000] {dagbag.py:545} INFO - Filling up the DagBag from /home/airflow/.local/lib/python3.12/site-packages/airflow/example_dags/example_latest_only_with_trigger.py
[2025-12-19T02:16:04.610+0000] {processor.py:840} INFO - DAG(s) 'latest_only_with_trigger' retrieved from /home/airflow/.local/lib/python3.12/site-packages/airflow/example_dags/example_latest_only_with_trigger.py
[2025-12-19T02:16:04.618+0000] {logging_mixin.py:188} INFO - [2025-12-19T02:16:04.618+0000] {dag.py:3089} INFO - Sync 1 DAGs
[2025-12-19T02:16:04.628+0000] {logging_mixin.py:188} INFO - [2025-12-19T02:16:04.628+0000] {dag.py:3947} INFO - Setting next_dagrun for latest_only_with_trigger to 2025-12-18 20:00:00+00:00, run_after=2025-12-19 00:00:00+00:00
[2025-12-19T02:16:04.643+0000] {processor.py:183} INFO - Processing /home/airflow/.local/lib/python3.12/site-packages/airflow/example_dags/example_latest_only_with_trigger.py took 0.040 seconds
[2025-12-19T03:53:39.032+0000] {processor.py:161} INFO - Started process (PID=57820) to work on /home/airflow/.local/lib/python3.12/site-packages/airflow/example_dags/example_latest_only_with_trigger.py
[2025-12-19T03:53:39.033+0000] {processor.py:830} INFO - Processing file /home/airflow/.local/lib/python3.12/site-packages/airflow/example_dags/example_latest_only_with_trigger.py for tasks to queue
[2025-12-19T03:53:39.035+0000] {logging_mixin.py:188} INFO - [2025-12-19T03:53:39.035+0000] {dagbag.py:545} INFO - Filling up the DagBag from /home/airflow/.local/lib/python3.12/site-packages/airflow/example_dags/example_latest_only_with_trigger.py
[2025-12-19T03:53:39.038+0000] {processor.py:840} INFO - DAG(s) 'latest_only_with_trigger' retrieved from /home/airflow/.local/lib/python3.12/site-packages/airflow/example_dags/example_latest_only_with_trigger.py
[2025-12-19T03:53:39.051+0000] {logging_mixin.py:188} INFO - [2025-12-19T03:53:39.051+0000] {dag.py:3089} INFO - Sync 1 DAGs
[2025-12-19T03:53:39.062+0000] {logging_mixin.py:188} INFO - [2025-12-19T03:53:39.062+0000] {dag.py:3947} INFO - Setting next_dagrun for latest_only_with_trigger to 2025-12-18 20:00:00+00:00, run_after=2025-12-19 00:00:00+00:00
[2025-12-19T03:53:39.072+0000] {processor.py:183} INFO - Processing /home/airflow/.local/lib/python3.12/site-packages/airflow/example_dags/example_latest_only_with_trigger.py took 0.042 seconds
[2025-12-19T05:18:12.584+0000] {processor.py:161} INFO - Started process (PID=57879) to work on /home/airflow/.local/lib/python3.12/site-packages/airflow/example_dags/example_latest_only_with_trigger.py
[2025-12-19T05:18:12.584+0000] {processor.py:830} INFO - Processing file /home/airflow/.local/lib/python3.12/site-packages/airflow/example_dags/example_latest_only_with_trigger.py for tasks to queue
[2025-12-19T05:18:12.585+0000] {logging_mixin.py:188} INFO - [2025-12-19T05:18:12.584+0000] {dagbag.py:545} INFO - Filling up the DagBag from /home/airflow/.local/lib/python3.12/site-packages/airflow/example_dags/example_latest_only_with_trigger.py
[2025-12-19T05:18:12.587+0000] {processor.py:840} INFO - DAG(s) 'latest_only_with_trigger' retrieved from /home/airflow/.local/lib/python3.12/site-packages/airflow/example_dags/example_latest_only_with_trigger.py
[2025-12-19T05:18:12.596+0000] {logging_mixin.py:188} INFO - [2025-12-19T05:18:12.596+0000] {dag.py:3089} INFO - Sync 1 DAGs
[2025-12-19T05:18:12.605+0000] {logging_mixin.py:188} INFO - [2025-12-19T05:18:12.605+0000] {dag.py:3947} INFO - Setting next_dagrun for latest_only_with_trigger to 2025-12-19 00:00:00+00:00, run_after=2025-12-19 04:00:00+00:00
[2025-12-19T05:18:12.614+0000] {processor.py:183} INFO - Processing /home/airflow/.local/lib/python3.12/site-packages/airflow/example_dags/example_latest_only_with_trigger.py took 0.035 seconds
[2025-12-19T06:58:37.032+0000] {processor.py:161} INFO - Started process (PID=57938) to work on /home/airflow/.local/lib/python3.12/site-packages/airflow/example_dags/example_latest_only_with_trigger.py
[2025-12-19T06:58:37.033+0000] {processor.py:830} INFO - Processing file /home/airflow/.local/lib/python3.12/site-packages/airflow/example_dags/example_latest_only_with_trigger.py for tasks to queue
[2025-12-19T06:58:37.033+0000] {logging_mixin.py:188} INFO - [2025-12-19T06:58:37.033+0000] {dagbag.py:545} INFO - Filling up the DagBag from /home/airflow/.local/lib/python3.12/site-packages/airflow/example_dags/example_latest_only_with_trigger.py
[2025-12-19T06:58:37.036+0000] {processor.py:840} INFO - DAG(s) 'latest_only_with_trigger' retrieved from /home/airflow/.local/lib/python3.12/site-packages/airflow/example_dags/example_latest_only_with_trigger.py
[2025-12-19T06:58:37.046+0000] {logging_mixin.py:188} INFO - [2025-12-19T06:58:37.046+0000] {dag.py:3089} INFO - Sync 1 DAGs
[2025-12-19T06:58:37.059+0000] {logging_mixin.py:188} INFO - [2025-12-19T06:58:37.059+0000] {dag.py:3947} INFO - Setting next_dagrun for latest_only_with_trigger to 2025-12-19 00:00:00+00:00, run_after=2025-12-19 04:00:00+00:00
[2025-12-19T06:58:37.069+0000] {processor.py:183} INFO - Processing /home/airflow/.local/lib/python3.12/site-packages/airflow/example_dags/example_latest_only_with_trigger.py took 0.040 seconds
[2025-12-19T08:03:02.922+0000] {processor.py:161} INFO - Started process (PID=57997) to work on /home/airflow/.local/lib/python3.12/site-packages/airflow/example_dags/example_latest_only_with_trigger.py
[2025-12-19T08:03:02.925+0000] {processor.py:830} INFO - Processing file /home/airflow/.local/lib/python3.12/site-packages/airflow/example_dags/example_latest_only_with_trigger.py for tasks to queue
[2025-12-19T08:03:02.926+0000] {logging_mixin.py:188} INFO - [2025-12-19T08:03:02.926+0000] {dagbag.py:545} INFO - Filling up the DagBag from /home/airflow/.local/lib/python3.12/site-packages/airflow/example_dags/example_latest_only_with_trigger.py
[2025-12-19T08:03:02.932+0000] {processor.py:840} INFO - DAG(s) 'latest_only_with_trigger' retrieved from /home/airflow/.local/lib/python3.12/site-packages/airflow/example_dags/example_latest_only_with_trigger.py
[2025-12-19T08:03:02.952+0000] {logging_mixin.py:188} INFO - [2025-12-19T08:03:02.952+0000] {dag.py:3089} INFO - Sync 1 DAGs
[2025-12-19T08:03:02.970+0000] {logging_mixin.py:188} INFO - [2025-12-19T08:03:02.970+0000] {dag.py:3947} INFO - Setting next_dagrun for latest_only_with_trigger to 2025-12-19 04:00:00+00:00, run_after=2025-12-19 08:00:00+00:00
[2025-12-19T08:03:02.987+0000] {processor.py:183} INFO - Processing /home/airflow/.local/lib/python3.12/site-packages/airflow/example_dags/example_latest_only_with_trigger.py took 0.071 seconds
[2025-12-19T09:19:29.435+0000] {processor.py:161} INFO - Started process (PID=58056) to work on /home/airflow/.local/lib/python3.12/site-packages/airflow/example_dags/example_latest_only_with_trigger.py
[2025-12-19T09:19:29.436+0000] {processor.py:830} INFO - Processing file /home/airflow/.local/lib/python3.12/site-packages/airflow/example_dags/example_latest_only_with_trigger.py for tasks to queue
[2025-12-19T09:19:29.436+0000] {logging_mixin.py:188} INFO - [2025-12-19T09:19:29.436+0000] {dagbag.py:545} INFO - Filling up the DagBag from /home/airflow/.local/lib/python3.12/site-packages/airflow/example_dags/example_latest_only_with_trigger.py
[2025-12-19T09:19:29.456+0000] {processor.py:840} INFO - DAG(s) 'latest_only_with_trigger' retrieved from /home/airflow/.local/lib/python3.12/site-packages/airflow/example_dags/example_latest_only_with_trigger.py
[2025-12-19T09:19:29.472+0000] {logging_mixin.py:188} INFO - [2025-12-19T09:19:29.472+0000] {dag.py:3089} INFO - Sync 1 DAGs
[2025-12-19T09:19:29.493+0000] {logging_mixin.py:188} INFO - [2025-12-19T09:19:29.493+0000] {dag.py:3947} INFO - Setting next_dagrun for latest_only_with_trigger to 2025-12-19 04:00:00+00:00, run_after=2025-12-19 08:00:00+00:00
[2025-12-19T09:19:29.511+0000] {processor.py:183} INFO - Processing /home/airflow/.local/lib/python3.12/site-packages/airflow/example_dags/example_latest_only_with_trigger.py took 0.081 seconds
[2025-12-19T09:57:39.370+0000] {processor.py:161} INFO - Started process (PID=58115) to work on /home/airflow/.local/lib/python3.12/site-packages/airflow/example_dags/example_latest_only_with_trigger.py
[2025-12-19T09:57:39.370+0000] {processor.py:830} INFO - Processing file /home/airflow/.local/lib/python3.12/site-packages/airflow/example_dags/example_latest_only_with_trigger.py for tasks to queue
[2025-12-19T09:57:39.371+0000] {logging_mixin.py:188} INFO - [2025-12-19T09:57:39.371+0000] {dagbag.py:545} INFO - Filling up the DagBag from /home/airflow/.local/lib/python3.12/site-packages/airflow/example_dags/example_latest_only_with_trigger.py
[2025-12-19T09:57:39.376+0000] {processor.py:840} INFO - DAG(s) 'latest_only_with_trigger' retrieved from /home/airflow/.local/lib/python3.12/site-packages/airflow/example_dags/example_latest_only_with_trigger.py
[2025-12-19T09:57:39.396+0000] {logging_mixin.py:188} INFO - [2025-12-19T09:57:39.396+0000] {dag.py:3089} INFO - Sync 1 DAGs
[2025-12-19T09:57:39.415+0000] {logging_mixin.py:188} INFO - [2025-12-19T09:57:39.414+0000] {dag.py:3947} INFO - Setting next_dagrun for latest_only_with_trigger to 2025-12-19 04:00:00+00:00, run_after=2025-12-19 08:00:00+00:00
[2025-12-19T09:57:39.433+0000] {processor.py:183} INFO - Processing /home/airflow/.local/lib/python3.12/site-packages/airflow/example_dags/example_latest_only_with_trigger.py took 0.068 seconds
[2025-12-19T10:46:48.774+0000] {processor.py:161} INFO - Started process (PID=58174) to work on /home/airflow/.local/lib/python3.12/site-packages/airflow/example_dags/example_latest_only_with_trigger.py
[2025-12-19T10:46:48.779+0000] {processor.py:830} INFO - Processing file /home/airflow/.local/lib/python3.12/site-packages/airflow/example_dags/example_latest_only_with_trigger.py for tasks to queue
[2025-12-19T10:46:48.783+0000] {logging_mixin.py:188} INFO - [2025-12-19T10:46:48.782+0000] {dagbag.py:545} INFO - Filling up the DagBag from /home/airflow/.local/lib/python3.12/site-packages/airflow/example_dags/example_latest_only_with_trigger.py
[2025-12-19T10:46:48.790+0000] {processor.py:840} INFO - DAG(s) 'latest_only_with_trigger' retrieved from /home/airflow/.local/lib/python3.12/site-packages/airflow/example_dags/example_latest_only_with_trigger.py
[2025-12-19T10:46:48.830+0000] {logging_mixin.py:188} INFO - [2025-12-19T10:46:48.830+0000] {dag.py:3089} INFO - Sync 1 DAGs
[2025-12-19T10:46:48.865+0000] {logging_mixin.py:188} INFO - [2025-12-19T10:46:48.864+0000] {dag.py:3947} INFO - Setting next_dagrun for latest_only_with_trigger to 2025-12-19 04:00:00+00:00, run_after=2025-12-19 08:00:00+00:00
[2025-12-19T10:46:48.893+0000] {processor.py:183} INFO - Processing /home/airflow/.local/lib/python3.12/site-packages/airflow/example_dags/example_latest_only_with_trigger.py took 0.127 seconds
[2025-12-19T11:37:09.002+0000] {processor.py:161} INFO - Started process (PID=58233) to work on /home/airflow/.local/lib/python3.12/site-packages/airflow/example_dags/example_latest_only_with_trigger.py
[2025-12-19T11:37:09.005+0000] {processor.py:830} INFO - Processing file /home/airflow/.local/lib/python3.12/site-packages/airflow/example_dags/example_latest_only_with_trigger.py for tasks to queue
[2025-12-19T11:37:09.006+0000] {logging_mixin.py:188} INFO - [2025-12-19T11:37:09.006+0000] {dagbag.py:545} INFO - Filling up the DagBag from /home/airflow/.local/lib/python3.12/site-packages/airflow/example_dags/example_latest_only_with_trigger.py
[2025-12-19T11:37:09.015+0000] {processor.py:840} INFO - DAG(s) 'latest_only_with_trigger' retrieved from /home/airflow/.local/lib/python3.12/site-packages/airflow/example_dags/example_latest_only_with_trigger.py
[2025-12-19T11:37:09.040+0000] {logging_mixin.py:188} INFO - [2025-12-19T11:37:09.040+0000] {dag.py:3089} INFO - Sync 1 DAGs
[2025-12-19T11:37:09.083+0000] {logging_mixin.py:188} INFO - [2025-12-19T11:37:09.083+0000] {dag.py:3947} INFO - Setting next_dagrun for latest_only_with_trigger to 2025-12-19 04:00:00+00:00, run_after=2025-12-19 08:00:00+00:00
[2025-12-19T11:37:09.122+0000] {processor.py:183} INFO - Processing /home/airflow/.local/lib/python3.12/site-packages/airflow/example_dags/example_latest_only_with_trigger.py took 0.126 seconds
[2025-12-19T12:40:30.727+0000] {processor.py:161} INFO - Started process (PID=58292) to work on /home/airflow/.local/lib/python3.12/site-packages/airflow/example_dags/example_latest_only_with_trigger.py
[2025-12-19T12:40:30.729+0000] {processor.py:830} INFO - Processing file /home/airflow/.local/lib/python3.12/site-packages/airflow/example_dags/example_latest_only_with_trigger.py for tasks to queue
[2025-12-19T12:40:30.731+0000] {logging_mixin.py:188} INFO - [2025-12-19T12:40:30.731+0000] {dagbag.py:545} INFO - Filling up the DagBag from /home/airflow/.local/lib/python3.12/site-packages/airflow/example_dags/example_latest_only_with_trigger.py
[2025-12-19T12:40:30.738+0000] {processor.py:840} INFO - DAG(s) 'latest_only_with_trigger' retrieved from /home/airflow/.local/lib/python3.12/site-packages/airflow/example_dags/example_latest_only_with_trigger.py
[2025-12-19T12:40:30.759+0000] {logging_mixin.py:188} INFO - [2025-12-19T12:40:30.759+0000] {dag.py:3089} INFO - Sync 1 DAGs
[2025-12-19T12:40:30.776+0000] {logging_mixin.py:188} INFO - [2025-12-19T12:40:30.776+0000] {dag.py:3947} INFO - Setting next_dagrun for latest_only_with_trigger to 2025-12-19 08:00:00+00:00, run_after=2025-12-19 12:00:00+00:00
[2025-12-19T12:40:30.794+0000] {processor.py:183} INFO - Processing /home/airflow/.local/lib/python3.12/site-packages/airflow/example_dags/example_latest_only_with_trigger.py took 0.072 seconds
[2025-12-19T13:57:45.405+0000] {processor.py:161} INFO - Started process (PID=58351) to work on /home/airflow/.local/lib/python3.12/site-packages/airflow/example_dags/example_latest_only_with_trigger.py
[2025-12-19T13:57:45.409+0000] {processor.py:830} INFO - Processing file /home/airflow/.local/lib/python3.12/site-packages/airflow/example_dags/example_latest_only_with_trigger.py for tasks to queue
[2025-12-19T13:57:45.410+0000] {logging_mixin.py:188} INFO - [2025-12-19T13:57:45.410+0000] {dagbag.py:545} INFO - Filling up the DagBag from /home/airflow/.local/lib/python3.12/site-packages/airflow/example_dags/example_latest_only_with_trigger.py
[2025-12-19T13:57:45.420+0000] {processor.py:840} INFO - DAG(s) 'latest_only_with_trigger' retrieved from /home/airflow/.local/lib/python3.12/site-packages/airflow/example_dags/example_latest_only_with_trigger.py
[2025-12-19T13:57:45.443+0000] {logging_mixin.py:188} INFO - [2025-12-19T13:57:45.443+0000] {dag.py:3089} INFO - Sync 1 DAGs
[2025-12-19T13:57:45.462+0000] {logging_mixin.py:188} INFO - [2025-12-19T13:57:45.462+0000] {dag.py:3947} INFO - Setting next_dagrun for latest_only_with_trigger to 2025-12-19 08:00:00+00:00, run_after=2025-12-19 12:00:00+00:00
[2025-12-19T13:57:45.483+0000] {processor.py:183} INFO - Processing /home/airflow/.local/lib/python3.12/site-packages/airflow/example_dags/example_latest_only_with_trigger.py took 0.087 seconds
[2025-12-19T14:41:23.720+0000] {processor.py:161} INFO - Started process (PID=58416) to work on /home/airflow/.local/lib/python3.12/site-packages/airflow/example_dags/example_latest_only_with_trigger.py
[2025-12-19T14:41:23.726+0000] {processor.py:830} INFO - Processing file /home/airflow/.local/lib/python3.12/site-packages/airflow/example_dags/example_latest_only_with_trigger.py for tasks to queue
[2025-12-19T14:41:23.728+0000] {logging_mixin.py:188} INFO - [2025-12-19T14:41:23.728+0000] {dagbag.py:545} INFO - Filling up the DagBag from /home/airflow/.local/lib/python3.12/site-packages/airflow/example_dags/example_latest_only_with_trigger.py
[2025-12-19T14:41:23.734+0000] {processor.py:840} INFO - DAG(s) 'latest_only_with_trigger' retrieved from /home/airflow/.local/lib/python3.12/site-packages/airflow/example_dags/example_latest_only_with_trigger.py
[2025-12-19T14:41:23.768+0000] {logging_mixin.py:188} INFO - [2025-12-19T14:41:23.768+0000] {dag.py:3089} INFO - Sync 1 DAGs
[2025-12-19T14:41:23.788+0000] {logging_mixin.py:188} INFO - [2025-12-19T14:41:23.788+0000] {dag.py:3947} INFO - Setting next_dagrun for latest_only_with_trigger to 2025-12-19 08:00:00+00:00, run_after=2025-12-19 12:00:00+00:00
[2025-12-19T14:41:23.811+0000] {processor.py:183} INFO - Processing /home/airflow/.local/lib/python3.12/site-packages/airflow/example_dags/example_latest_only_with_trigger.py took 0.097 seconds
[2025-12-19T14:41:54.425+0000] {processor.py:161} INFO - Started process (PID=58475) to work on /home/airflow/.local/lib/python3.12/site-packages/airflow/example_dags/example_latest_only_with_trigger.py
[2025-12-19T14:41:54.425+0000] {processor.py:830} INFO - Processing file /home/airflow/.local/lib/python3.12/site-packages/airflow/example_dags/example_latest_only_with_trigger.py for tasks to queue
[2025-12-19T14:41:54.426+0000] {logging_mixin.py:188} INFO - [2025-12-19T14:41:54.426+0000] {dagbag.py:545} INFO - Filling up the DagBag from /home/airflow/.local/lib/python3.12/site-packages/airflow/example_dags/example_latest_only_with_trigger.py
[2025-12-19T14:41:54.432+0000] {processor.py:840} INFO - DAG(s) 'latest_only_with_trigger' retrieved from /home/airflow/.local/lib/python3.12/site-packages/airflow/example_dags/example_latest_only_with_trigger.py
[2025-12-19T14:41:54.453+0000] {logging_mixin.py:188} INFO - [2025-12-19T14:41:54.453+0000] {dag.py:3089} INFO - Sync 1 DAGs
[2025-12-19T14:41:54.474+0000] {logging_mixin.py:188} INFO - [2025-12-19T14:41:54.473+0000] {dag.py:3947} INFO - Setting next_dagrun for latest_only_with_trigger to 2025-12-19 08:00:00+00:00, run_after=2025-12-19 12:00:00+00:00
[2025-12-19T14:41:54.494+0000] {processor.py:183} INFO - Processing /home/airflow/.local/lib/python3.12/site-packages/airflow/example_dags/example_latest_only_with_trigger.py took 0.074 seconds
