[2025-12-19T01:08:01.498+0000] {processor.py:161} INFO - Started process (PID=57710) to work on /home/airflow/.local/lib/python3.12/site-packages/airflow/example_dags/example_nested_branch_dag.py
[2025-12-19T01:08:01.499+0000] {processor.py:830} INFO - Processing file /home/airflow/.local/lib/python3.12/site-packages/airflow/example_dags/example_nested_branch_dag.py for tasks to queue
[2025-12-19T01:08:01.499+0000] {logging_mixin.py:188} INFO - [2025-12-19T01:08:01.499+0000] {dagbag.py:545} INFO - Filling up the DagBag from /home/airflow/.local/lib/python3.12/site-packages/airflow/example_dags/example_nested_branch_dag.py
[2025-12-19T01:08:01.505+0000] {processor.py:840} INFO - DAG(s) 'example_nested_branch_dag' retrieved from /home/airflow/.local/lib/python3.12/site-packages/airflow/example_dags/example_nested_branch_dag.py
[2025-12-19T01:08:01.520+0000] {logging_mixin.py:188} INFO - [2025-12-19T01:08:01.520+0000] {dag.py:3089} INFO - Sync 1 DAGs
[2025-12-19T01:08:01.535+0000] {logging_mixin.py:188} INFO - [2025-12-19T01:08:01.535+0000] {dag.py:3947} INFO - Setting next_dagrun for example_nested_branch_dag to 2025-12-18 00:00:00+00:00, run_after=2025-12-19 00:00:00+00:00
[2025-12-19T01:08:01.548+0000] {processor.py:183} INFO - Processing /home/airflow/.local/lib/python3.12/site-packages/airflow/example_dags/example_nested_branch_dag.py took 0.054 seconds
[2025-12-19T02:16:04.873+0000] {processor.py:161} INFO - Started process (PID=57769) to work on /home/airflow/.local/lib/python3.12/site-packages/airflow/example_dags/example_nested_branch_dag.py
[2025-12-19T02:16:04.874+0000] {processor.py:830} INFO - Processing file /home/airflow/.local/lib/python3.12/site-packages/airflow/example_dags/example_nested_branch_dag.py for tasks to queue
[2025-12-19T02:16:04.874+0000] {logging_mixin.py:188} INFO - [2025-12-19T02:16:04.874+0000] {dagbag.py:545} INFO - Filling up the DagBag from /home/airflow/.local/lib/python3.12/site-packages/airflow/example_dags/example_nested_branch_dag.py
[2025-12-19T02:16:04.879+0000] {processor.py:840} INFO - DAG(s) 'example_nested_branch_dag' retrieved from /home/airflow/.local/lib/python3.12/site-packages/airflow/example_dags/example_nested_branch_dag.py
[2025-12-19T02:16:04.889+0000] {logging_mixin.py:188} INFO - [2025-12-19T02:16:04.889+0000] {dag.py:3089} INFO - Sync 1 DAGs
[2025-12-19T02:16:04.899+0000] {logging_mixin.py:188} INFO - [2025-12-19T02:16:04.899+0000] {dag.py:3947} INFO - Setting next_dagrun for example_nested_branch_dag to 2025-12-18 00:00:00+00:00, run_after=2025-12-19 00:00:00+00:00
[2025-12-19T02:16:04.911+0000] {processor.py:183} INFO - Processing /home/airflow/.local/lib/python3.12/site-packages/airflow/example_dags/example_nested_branch_dag.py took 0.042 seconds
[2025-12-19T03:53:39.315+0000] {processor.py:161} INFO - Started process (PID=57828) to work on /home/airflow/.local/lib/python3.12/site-packages/airflow/example_dags/example_nested_branch_dag.py
[2025-12-19T03:53:39.316+0000] {processor.py:830} INFO - Processing file /home/airflow/.local/lib/python3.12/site-packages/airflow/example_dags/example_nested_branch_dag.py for tasks to queue
[2025-12-19T03:53:39.316+0000] {logging_mixin.py:188} INFO - [2025-12-19T03:53:39.316+0000] {dagbag.py:545} INFO - Filling up the DagBag from /home/airflow/.local/lib/python3.12/site-packages/airflow/example_dags/example_nested_branch_dag.py
[2025-12-19T03:53:39.321+0000] {processor.py:840} INFO - DAG(s) 'example_nested_branch_dag' retrieved from /home/airflow/.local/lib/python3.12/site-packages/airflow/example_dags/example_nested_branch_dag.py
[2025-12-19T03:53:39.330+0000] {logging_mixin.py:188} INFO - [2025-12-19T03:53:39.330+0000] {dag.py:3089} INFO - Sync 1 DAGs
[2025-12-19T03:53:39.339+0000] {logging_mixin.py:188} INFO - [2025-12-19T03:53:39.339+0000] {dag.py:3947} INFO - Setting next_dagrun for example_nested_branch_dag to 2025-12-18 00:00:00+00:00, run_after=2025-12-19 00:00:00+00:00
[2025-12-19T03:53:39.351+0000] {processor.py:183} INFO - Processing /home/airflow/.local/lib/python3.12/site-packages/airflow/example_dags/example_nested_branch_dag.py took 0.040 seconds
[2025-12-19T05:18:12.825+0000] {processor.py:161} INFO - Started process (PID=57887) to work on /home/airflow/.local/lib/python3.12/site-packages/airflow/example_dags/example_nested_branch_dag.py
[2025-12-19T05:18:12.826+0000] {processor.py:830} INFO - Processing file /home/airflow/.local/lib/python3.12/site-packages/airflow/example_dags/example_nested_branch_dag.py for tasks to queue
[2025-12-19T05:18:12.827+0000] {logging_mixin.py:188} INFO - [2025-12-19T05:18:12.826+0000] {dagbag.py:545} INFO - Filling up the DagBag from /home/airflow/.local/lib/python3.12/site-packages/airflow/example_dags/example_nested_branch_dag.py
[2025-12-19T05:18:12.832+0000] {processor.py:840} INFO - DAG(s) 'example_nested_branch_dag' retrieved from /home/airflow/.local/lib/python3.12/site-packages/airflow/example_dags/example_nested_branch_dag.py
[2025-12-19T05:18:12.845+0000] {logging_mixin.py:188} INFO - [2025-12-19T05:18:12.845+0000] {dag.py:3089} INFO - Sync 1 DAGs
[2025-12-19T05:18:12.855+0000] {logging_mixin.py:188} INFO - [2025-12-19T05:18:12.855+0000] {dag.py:3947} INFO - Setting next_dagrun for example_nested_branch_dag to 2025-12-18 00:00:00+00:00, run_after=2025-12-19 00:00:00+00:00
[2025-12-19T05:18:12.866+0000] {processor.py:183} INFO - Processing /home/airflow/.local/lib/python3.12/site-packages/airflow/example_dags/example_nested_branch_dag.py took 0.044 seconds
[2025-12-19T06:58:37.290+0000] {processor.py:161} INFO - Started process (PID=57946) to work on /home/airflow/.local/lib/python3.12/site-packages/airflow/example_dags/example_nested_branch_dag.py
[2025-12-19T06:58:37.291+0000] {processor.py:830} INFO - Processing file /home/airflow/.local/lib/python3.12/site-packages/airflow/example_dags/example_nested_branch_dag.py for tasks to queue
[2025-12-19T06:58:37.292+0000] {logging_mixin.py:188} INFO - [2025-12-19T06:58:37.292+0000] {dagbag.py:545} INFO - Filling up the DagBag from /home/airflow/.local/lib/python3.12/site-packages/airflow/example_dags/example_nested_branch_dag.py
[2025-12-19T06:58:37.298+0000] {processor.py:840} INFO - DAG(s) 'example_nested_branch_dag' retrieved from /home/airflow/.local/lib/python3.12/site-packages/airflow/example_dags/example_nested_branch_dag.py
[2025-12-19T06:58:37.312+0000] {logging_mixin.py:188} INFO - [2025-12-19T06:58:37.312+0000] {dag.py:3089} INFO - Sync 1 DAGs
[2025-12-19T06:58:37.323+0000] {logging_mixin.py:188} INFO - [2025-12-19T06:58:37.323+0000] {dag.py:3947} INFO - Setting next_dagrun for example_nested_branch_dag to 2025-12-18 00:00:00+00:00, run_after=2025-12-19 00:00:00+00:00
[2025-12-19T06:58:37.330+0000] {processor.py:183} INFO - Processing /home/airflow/.local/lib/python3.12/site-packages/airflow/example_dags/example_nested_branch_dag.py took 0.043 seconds
[2025-12-19T08:03:03.269+0000] {processor.py:161} INFO - Started process (PID=58005) to work on /home/airflow/.local/lib/python3.12/site-packages/airflow/example_dags/example_nested_branch_dag.py
[2025-12-19T08:03:03.269+0000] {processor.py:830} INFO - Processing file /home/airflow/.local/lib/python3.12/site-packages/airflow/example_dags/example_nested_branch_dag.py for tasks to queue
[2025-12-19T08:03:03.270+0000] {logging_mixin.py:188} INFO - [2025-12-19T08:03:03.270+0000] {dagbag.py:545} INFO - Filling up the DagBag from /home/airflow/.local/lib/python3.12/site-packages/airflow/example_dags/example_nested_branch_dag.py
[2025-12-19T08:03:03.276+0000] {processor.py:840} INFO - DAG(s) 'example_nested_branch_dag' retrieved from /home/airflow/.local/lib/python3.12/site-packages/airflow/example_dags/example_nested_branch_dag.py
[2025-12-19T08:03:03.294+0000] {logging_mixin.py:188} INFO - [2025-12-19T08:03:03.294+0000] {dag.py:3089} INFO - Sync 1 DAGs
[2025-12-19T08:03:03.307+0000] {logging_mixin.py:188} INFO - [2025-12-19T08:03:03.306+0000] {dag.py:3947} INFO - Setting next_dagrun for example_nested_branch_dag to 2025-12-18 00:00:00+00:00, run_after=2025-12-19 00:00:00+00:00
[2025-12-19T08:03:03.323+0000] {processor.py:183} INFO - Processing /home/airflow/.local/lib/python3.12/site-packages/airflow/example_dags/example_nested_branch_dag.py took 0.057 seconds
[2025-12-19T09:19:29.837+0000] {processor.py:161} INFO - Started process (PID=58064) to work on /home/airflow/.local/lib/python3.12/site-packages/airflow/example_dags/example_nested_branch_dag.py
[2025-12-19T09:19:29.839+0000] {processor.py:830} INFO - Processing file /home/airflow/.local/lib/python3.12/site-packages/airflow/example_dags/example_nested_branch_dag.py for tasks to queue
[2025-12-19T09:19:29.842+0000] {logging_mixin.py:188} INFO - [2025-12-19T09:19:29.842+0000] {dagbag.py:545} INFO - Filling up the DagBag from /home/airflow/.local/lib/python3.12/site-packages/airflow/example_dags/example_nested_branch_dag.py
[2025-12-19T09:19:29.852+0000] {processor.py:840} INFO - DAG(s) 'example_nested_branch_dag' retrieved from /home/airflow/.local/lib/python3.12/site-packages/airflow/example_dags/example_nested_branch_dag.py
[2025-12-19T09:19:29.872+0000] {logging_mixin.py:188} INFO - [2025-12-19T09:19:29.872+0000] {dag.py:3089} INFO - Sync 1 DAGs
[2025-12-19T09:19:29.888+0000] {logging_mixin.py:188} INFO - [2025-12-19T09:19:29.887+0000] {dag.py:3947} INFO - Setting next_dagrun for example_nested_branch_dag to 2025-12-18 00:00:00+00:00, run_after=2025-12-19 00:00:00+00:00
[2025-12-19T09:19:29.908+0000] {processor.py:183} INFO - Processing /home/airflow/.local/lib/python3.12/site-packages/airflow/example_dags/example_nested_branch_dag.py took 0.075 seconds
[2025-12-19T09:57:39.888+0000] {processor.py:161} INFO - Started process (PID=58123) to work on /home/airflow/.local/lib/python3.12/site-packages/airflow/example_dags/example_nested_branch_dag.py
[2025-12-19T09:57:39.890+0000] {processor.py:830} INFO - Processing file /home/airflow/.local/lib/python3.12/site-packages/airflow/example_dags/example_nested_branch_dag.py for tasks to queue
[2025-12-19T09:57:39.892+0000] {logging_mixin.py:188} INFO - [2025-12-19T09:57:39.892+0000] {dagbag.py:545} INFO - Filling up the DagBag from /home/airflow/.local/lib/python3.12/site-packages/airflow/example_dags/example_nested_branch_dag.py
[2025-12-19T09:57:39.903+0000] {processor.py:840} INFO - DAG(s) 'example_nested_branch_dag' retrieved from /home/airflow/.local/lib/python3.12/site-packages/airflow/example_dags/example_nested_branch_dag.py
[2025-12-19T09:57:39.924+0000] {logging_mixin.py:188} INFO - [2025-12-19T09:57:39.924+0000] {dag.py:3089} INFO - Sync 1 DAGs
[2025-12-19T09:57:39.948+0000] {logging_mixin.py:188} INFO - [2025-12-19T09:57:39.948+0000] {dag.py:3947} INFO - Setting next_dagrun for example_nested_branch_dag to 2025-12-18 00:00:00+00:00, run_after=2025-12-19 00:00:00+00:00
[2025-12-19T09:57:39.974+0000] {processor.py:183} INFO - Processing /home/airflow/.local/lib/python3.12/site-packages/airflow/example_dags/example_nested_branch_dag.py took 0.092 seconds
[2025-12-19T10:46:50.296+0000] {processor.py:161} INFO - Started process (PID=58182) to work on /home/airflow/.local/lib/python3.12/site-packages/airflow/example_dags/example_nested_branch_dag.py
[2025-12-19T10:46:50.313+0000] {processor.py:830} INFO - Processing file /home/airflow/.local/lib/python3.12/site-packages/airflow/example_dags/example_nested_branch_dag.py for tasks to queue
[2025-12-19T10:46:50.322+0000] {logging_mixin.py:188} INFO - [2025-12-19T10:46:50.319+0000] {dagbag.py:545} INFO - Filling up the DagBag from /home/airflow/.local/lib/python3.12/site-packages/airflow/example_dags/example_nested_branch_dag.py
[2025-12-19T10:46:50.357+0000] {processor.py:840} INFO - DAG(s) 'example_nested_branch_dag' retrieved from /home/airflow/.local/lib/python3.12/site-packages/airflow/example_dags/example_nested_branch_dag.py
[2025-12-19T10:46:50.433+0000] {logging_mixin.py:188} INFO - [2025-12-19T10:46:50.433+0000] {dag.py:3089} INFO - Sync 1 DAGs
[2025-12-19T10:46:50.482+0000] {logging_mixin.py:188} INFO - [2025-12-19T10:46:50.480+0000] {dag.py:3947} INFO - Setting next_dagrun for example_nested_branch_dag to 2025-12-18 00:00:00+00:00, run_after=2025-12-19 00:00:00+00:00
[2025-12-19T10:46:50.581+0000] {processor.py:183} INFO - Processing /home/airflow/.local/lib/python3.12/site-packages/airflow/example_dags/example_nested_branch_dag.py took 0.304 seconds
[2025-12-19T11:37:10.114+0000] {processor.py:161} INFO - Started process (PID=58241) to work on /home/airflow/.local/lib/python3.12/site-packages/airflow/example_dags/example_nested_branch_dag.py
[2025-12-19T11:37:10.117+0000] {processor.py:830} INFO - Processing file /home/airflow/.local/lib/python3.12/site-packages/airflow/example_dags/example_nested_branch_dag.py for tasks to queue
[2025-12-19T11:37:10.120+0000] {logging_mixin.py:188} INFO - [2025-12-19T11:37:10.120+0000] {dagbag.py:545} INFO - Filling up the DagBag from /home/airflow/.local/lib/python3.12/site-packages/airflow/example_dags/example_nested_branch_dag.py
[2025-12-19T11:37:10.135+0000] {processor.py:840} INFO - DAG(s) 'example_nested_branch_dag' retrieved from /home/airflow/.local/lib/python3.12/site-packages/airflow/example_dags/example_nested_branch_dag.py
[2025-12-19T11:37:10.166+0000] {logging_mixin.py:188} INFO - [2025-12-19T11:37:10.166+0000] {dag.py:3089} INFO - Sync 1 DAGs
[2025-12-19T11:37:10.196+0000] {logging_mixin.py:188} INFO - [2025-12-19T11:37:10.196+0000] {dag.py:3947} INFO - Setting next_dagrun for example_nested_branch_dag to 2025-12-18 00:00:00+00:00, run_after=2025-12-19 00:00:00+00:00
[2025-12-19T11:37:10.220+0000] {processor.py:183} INFO - Processing /home/airflow/.local/lib/python3.12/site-packages/airflow/example_dags/example_nested_branch_dag.py took 0.114 seconds
[2025-12-19T12:40:31.263+0000] {processor.py:161} INFO - Started process (PID=58300) to work on /home/airflow/.local/lib/python3.12/site-packages/airflow/example_dags/example_nested_branch_dag.py
[2025-12-19T12:40:31.266+0000] {processor.py:830} INFO - Processing file /home/airflow/.local/lib/python3.12/site-packages/airflow/example_dags/example_nested_branch_dag.py for tasks to queue
[2025-12-19T12:40:31.267+0000] {logging_mixin.py:188} INFO - [2025-12-19T12:40:31.267+0000] {dagbag.py:545} INFO - Filling up the DagBag from /home/airflow/.local/lib/python3.12/site-packages/airflow/example_dags/example_nested_branch_dag.py
[2025-12-19T12:40:31.277+0000] {processor.py:840} INFO - DAG(s) 'example_nested_branch_dag' retrieved from /home/airflow/.local/lib/python3.12/site-packages/airflow/example_dags/example_nested_branch_dag.py
[2025-12-19T12:40:31.298+0000] {logging_mixin.py:188} INFO - [2025-12-19T12:40:31.298+0000] {dag.py:3089} INFO - Sync 1 DAGs
[2025-12-19T12:40:31.323+0000] {logging_mixin.py:188} INFO - [2025-12-19T12:40:31.322+0000] {dag.py:3947} INFO - Setting next_dagrun for example_nested_branch_dag to 2025-12-18 00:00:00+00:00, run_after=2025-12-19 00:00:00+00:00
[2025-12-19T12:40:31.349+0000] {processor.py:183} INFO - Processing /home/airflow/.local/lib/python3.12/site-packages/airflow/example_dags/example_nested_branch_dag.py took 0.099 seconds
[2025-12-19T13:57:45.794+0000] {processor.py:161} INFO - Started process (PID=58359) to work on /home/airflow/.local/lib/python3.12/site-packages/airflow/example_dags/example_nested_branch_dag.py
[2025-12-19T13:57:45.797+0000] {processor.py:830} INFO - Processing file /home/airflow/.local/lib/python3.12/site-packages/airflow/example_dags/example_nested_branch_dag.py for tasks to queue
[2025-12-19T13:57:45.799+0000] {logging_mixin.py:188} INFO - [2025-12-19T13:57:45.799+0000] {dagbag.py:545} INFO - Filling up the DagBag from /home/airflow/.local/lib/python3.12/site-packages/airflow/example_dags/example_nested_branch_dag.py
[2025-12-19T13:57:45.806+0000] {processor.py:840} INFO - DAG(s) 'example_nested_branch_dag' retrieved from /home/airflow/.local/lib/python3.12/site-packages/airflow/example_dags/example_nested_branch_dag.py
[2025-12-19T13:57:45.825+0000] {logging_mixin.py:188} INFO - [2025-12-19T13:57:45.825+0000] {dag.py:3089} INFO - Sync 1 DAGs
[2025-12-19T13:57:45.845+0000] {logging_mixin.py:188} INFO - [2025-12-19T13:57:45.845+0000] {dag.py:3947} INFO - Setting next_dagrun for example_nested_branch_dag to 2025-12-18 00:00:00+00:00, run_after=2025-12-19 00:00:00+00:00
[2025-12-19T13:57:45.861+0000] {processor.py:183} INFO - Processing /home/airflow/.local/lib/python3.12/site-packages/airflow/example_dags/example_nested_branch_dag.py took 0.072 seconds
[2025-12-19T14:41:24.210+0000] {processor.py:161} INFO - Started process (PID=58424) to work on /home/airflow/.local/lib/python3.12/site-packages/airflow/example_dags/example_nested_branch_dag.py
[2025-12-19T14:41:24.211+0000] {processor.py:830} INFO - Processing file /home/airflow/.local/lib/python3.12/site-packages/airflow/example_dags/example_nested_branch_dag.py for tasks to queue
[2025-12-19T14:41:24.212+0000] {logging_mixin.py:188} INFO - [2025-12-19T14:41:24.212+0000] {dagbag.py:545} INFO - Filling up the DagBag from /home/airflow/.local/lib/python3.12/site-packages/airflow/example_dags/example_nested_branch_dag.py
[2025-12-19T14:41:24.225+0000] {processor.py:840} INFO - DAG(s) 'example_nested_branch_dag' retrieved from /home/airflow/.local/lib/python3.12/site-packages/airflow/example_dags/example_nested_branch_dag.py
[2025-12-19T14:41:24.250+0000] {logging_mixin.py:188} INFO - [2025-12-19T14:41:24.250+0000] {dag.py:3089} INFO - Sync 1 DAGs
[2025-12-19T14:41:24.269+0000] {logging_mixin.py:188} INFO - [2025-12-19T14:41:24.269+0000] {dag.py:3947} INFO - Setting next_dagrun for example_nested_branch_dag to 2025-12-18 00:00:00+00:00, run_after=2025-12-19 00:00:00+00:00
[2025-12-19T14:41:24.296+0000] {processor.py:183} INFO - Processing /home/airflow/.local/lib/python3.12/site-packages/airflow/example_dags/example_nested_branch_dag.py took 0.091 seconds
[2025-12-19T14:41:54.886+0000] {processor.py:161} INFO - Started process (PID=58483) to work on /home/airflow/.local/lib/python3.12/site-packages/airflow/example_dags/example_nested_branch_dag.py
[2025-12-19T14:41:54.888+0000] {processor.py:830} INFO - Processing file /home/airflow/.local/lib/python3.12/site-packages/airflow/example_dags/example_nested_branch_dag.py for tasks to queue
[2025-12-19T14:41:54.890+0000] {logging_mixin.py:188} INFO - [2025-12-19T14:41:54.890+0000] {dagbag.py:545} INFO - Filling up the DagBag from /home/airflow/.local/lib/python3.12/site-packages/airflow/example_dags/example_nested_branch_dag.py
[2025-12-19T14:41:54.902+0000] {processor.py:840} INFO - DAG(s) 'example_nested_branch_dag' retrieved from /home/airflow/.local/lib/python3.12/site-packages/airflow/example_dags/example_nested_branch_dag.py
[2025-12-19T14:41:54.920+0000] {logging_mixin.py:188} INFO - [2025-12-19T14:41:54.920+0000] {dag.py:3089} INFO - Sync 1 DAGs
[2025-12-19T14:41:54.941+0000] {logging_mixin.py:188} INFO - [2025-12-19T14:41:54.940+0000] {dag.py:3947} INFO - Setting next_dagrun for example_nested_branch_dag to 2025-12-18 00:00:00+00:00, run_after=2025-12-19 00:00:00+00:00
[2025-12-19T14:41:54.957+0000] {processor.py:183} INFO - Processing /home/airflow/.local/lib/python3.12/site-packages/airflow/example_dags/example_nested_branch_dag.py took 0.075 seconds
