[2025-12-19T01:08:00.801+0000] {processor.py:161} INFO - Started process (PID=57692) to work on /home/airflow/.local/lib/python3.12/site-packages/airflow/example_dags/example_trigger_target_dag.py
[2025-12-19T01:08:00.801+0000] {processor.py:830} INFO - Processing file /home/airflow/.local/lib/python3.12/site-packages/airflow/example_dags/example_trigger_target_dag.py for tasks to queue
[2025-12-19T01:08:00.802+0000] {logging_mixin.py:188} INFO - [2025-12-19T01:08:00.802+0000] {dagbag.py:545} INFO - Filling up the DagBag from /home/airflow/.local/lib/python3.12/site-packages/airflow/example_dags/example_trigger_target_dag.py
[2025-12-19T01:08:00.804+0000] {processor.py:840} INFO - DAG(s) 'example_trigger_target_dag' retrieved from /home/airflow/.local/lib/python3.12/site-packages/airflow/example_dags/example_trigger_target_dag.py
[2025-12-19T01:08:00.815+0000] {logging_mixin.py:188} INFO - [2025-12-19T01:08:00.815+0000] {dag.py:3089} INFO - Sync 1 DAGs
[2025-12-19T01:08:00.820+0000] {logging_mixin.py:188} INFO - [2025-12-19T01:08:00.820+0000] {dag.py:3947} INFO - Setting next_dagrun for example_trigger_target_dag to None, run_after=None
[2025-12-19T01:08:00.837+0000] {processor.py:183} INFO - Processing /home/airflow/.local/lib/python3.12/site-packages/airflow/example_dags/example_trigger_target_dag.py took 0.038 seconds
[2025-12-19T02:16:04.316+0000] {processor.py:161} INFO - Started process (PID=57751) to work on /home/airflow/.local/lib/python3.12/site-packages/airflow/example_dags/example_trigger_target_dag.py
[2025-12-19T02:16:04.319+0000] {processor.py:830} INFO - Processing file /home/airflow/.local/lib/python3.12/site-packages/airflow/example_dags/example_trigger_target_dag.py for tasks to queue
[2025-12-19T02:16:04.319+0000] {logging_mixin.py:188} INFO - [2025-12-19T02:16:04.319+0000] {dagbag.py:545} INFO - Filling up the DagBag from /home/airflow/.local/lib/python3.12/site-packages/airflow/example_dags/example_trigger_target_dag.py
[2025-12-19T02:16:04.325+0000] {processor.py:840} INFO - DAG(s) 'example_trigger_target_dag' retrieved from /home/airflow/.local/lib/python3.12/site-packages/airflow/example_dags/example_trigger_target_dag.py
[2025-12-19T02:16:04.334+0000] {logging_mixin.py:188} INFO - [2025-12-19T02:16:04.334+0000] {dag.py:3089} INFO - Sync 1 DAGs
[2025-12-19T02:16:04.340+0000] {logging_mixin.py:188} INFO - [2025-12-19T02:16:04.340+0000] {dag.py:3947} INFO - Setting next_dagrun for example_trigger_target_dag to None, run_after=None
[2025-12-19T02:16:04.352+0000] {processor.py:183} INFO - Processing /home/airflow/.local/lib/python3.12/site-packages/airflow/example_dags/example_trigger_target_dag.py took 0.041 seconds
[2025-12-19T03:53:38.772+0000] {processor.py:161} INFO - Started process (PID=57810) to work on /home/airflow/.local/lib/python3.12/site-packages/airflow/example_dags/example_trigger_target_dag.py
[2025-12-19T03:53:38.775+0000] {processor.py:830} INFO - Processing file /home/airflow/.local/lib/python3.12/site-packages/airflow/example_dags/example_trigger_target_dag.py for tasks to queue
[2025-12-19T03:53:38.775+0000] {logging_mixin.py:188} INFO - [2025-12-19T03:53:38.775+0000] {dagbag.py:545} INFO - Filling up the DagBag from /home/airflow/.local/lib/python3.12/site-packages/airflow/example_dags/example_trigger_target_dag.py
[2025-12-19T03:53:38.780+0000] {processor.py:840} INFO - DAG(s) 'example_trigger_target_dag' retrieved from /home/airflow/.local/lib/python3.12/site-packages/airflow/example_dags/example_trigger_target_dag.py
[2025-12-19T03:53:38.789+0000] {logging_mixin.py:188} INFO - [2025-12-19T03:53:38.789+0000] {dag.py:3089} INFO - Sync 1 DAGs
[2025-12-19T03:53:38.796+0000] {logging_mixin.py:188} INFO - [2025-12-19T03:53:38.796+0000] {dag.py:3947} INFO - Setting next_dagrun for example_trigger_target_dag to None, run_after=None
[2025-12-19T03:53:38.806+0000] {processor.py:183} INFO - Processing /home/airflow/.local/lib/python3.12/site-packages/airflow/example_dags/example_trigger_target_dag.py took 0.045 seconds
[2025-12-19T05:18:12.293+0000] {processor.py:161} INFO - Started process (PID=57869) to work on /home/airflow/.local/lib/python3.12/site-packages/airflow/example_dags/example_trigger_target_dag.py
[2025-12-19T05:18:12.294+0000] {processor.py:830} INFO - Processing file /home/airflow/.local/lib/python3.12/site-packages/airflow/example_dags/example_trigger_target_dag.py for tasks to queue
[2025-12-19T05:18:12.296+0000] {logging_mixin.py:188} INFO - [2025-12-19T05:18:12.295+0000] {dagbag.py:545} INFO - Filling up the DagBag from /home/airflow/.local/lib/python3.12/site-packages/airflow/example_dags/example_trigger_target_dag.py
[2025-12-19T05:18:12.302+0000] {processor.py:840} INFO - DAG(s) 'example_trigger_target_dag' retrieved from /home/airflow/.local/lib/python3.12/site-packages/airflow/example_dags/example_trigger_target_dag.py
[2025-12-19T05:18:12.316+0000] {logging_mixin.py:188} INFO - [2025-12-19T05:18:12.316+0000] {dag.py:3089} INFO - Sync 1 DAGs
[2025-12-19T05:18:12.322+0000] {logging_mixin.py:188} INFO - [2025-12-19T05:18:12.321+0000] {dag.py:3947} INFO - Setting next_dagrun for example_trigger_target_dag to None, run_after=None
[2025-12-19T05:18:12.330+0000] {processor.py:183} INFO - Processing /home/airflow/.local/lib/python3.12/site-packages/airflow/example_dags/example_trigger_target_dag.py took 0.045 seconds
[2025-12-19T06:58:36.751+0000] {processor.py:161} INFO - Started process (PID=57928) to work on /home/airflow/.local/lib/python3.12/site-packages/airflow/example_dags/example_trigger_target_dag.py
[2025-12-19T06:58:36.752+0000] {processor.py:830} INFO - Processing file /home/airflow/.local/lib/python3.12/site-packages/airflow/example_dags/example_trigger_target_dag.py for tasks to queue
[2025-12-19T06:58:36.753+0000] {logging_mixin.py:188} INFO - [2025-12-19T06:58:36.752+0000] {dagbag.py:545} INFO - Filling up the DagBag from /home/airflow/.local/lib/python3.12/site-packages/airflow/example_dags/example_trigger_target_dag.py
[2025-12-19T06:58:36.756+0000] {processor.py:840} INFO - DAG(s) 'example_trigger_target_dag' retrieved from /home/airflow/.local/lib/python3.12/site-packages/airflow/example_dags/example_trigger_target_dag.py
[2025-12-19T06:58:36.770+0000] {logging_mixin.py:188} INFO - [2025-12-19T06:58:36.770+0000] {dag.py:3089} INFO - Sync 1 DAGs
[2025-12-19T06:58:36.778+0000] {logging_mixin.py:188} INFO - [2025-12-19T06:58:36.778+0000] {dag.py:3947} INFO - Setting next_dagrun for example_trigger_target_dag to None, run_after=None
[2025-12-19T06:58:36.788+0000] {processor.py:183} INFO - Processing /home/airflow/.local/lib/python3.12/site-packages/airflow/example_dags/example_trigger_target_dag.py took 0.049 seconds
[2025-12-19T08:03:02.559+0000] {processor.py:161} INFO - Started process (PID=57987) to work on /home/airflow/.local/lib/python3.12/site-packages/airflow/example_dags/example_trigger_target_dag.py
[2025-12-19T08:03:02.560+0000] {processor.py:830} INFO - Processing file /home/airflow/.local/lib/python3.12/site-packages/airflow/example_dags/example_trigger_target_dag.py for tasks to queue
[2025-12-19T08:03:02.560+0000] {logging_mixin.py:188} INFO - [2025-12-19T08:03:02.560+0000] {dagbag.py:545} INFO - Filling up the DagBag from /home/airflow/.local/lib/python3.12/site-packages/airflow/example_dags/example_trigger_target_dag.py
[2025-12-19T08:03:02.564+0000] {processor.py:840} INFO - DAG(s) 'example_trigger_target_dag' retrieved from /home/airflow/.local/lib/python3.12/site-packages/airflow/example_dags/example_trigger_target_dag.py
[2025-12-19T08:03:02.579+0000] {logging_mixin.py:188} INFO - [2025-12-19T08:03:02.579+0000] {dag.py:3089} INFO - Sync 1 DAGs
[2025-12-19T08:03:02.585+0000] {logging_mixin.py:188} INFO - [2025-12-19T08:03:02.585+0000] {dag.py:3947} INFO - Setting next_dagrun for example_trigger_target_dag to None, run_after=None
[2025-12-19T08:03:02.595+0000] {processor.py:183} INFO - Processing /home/airflow/.local/lib/python3.12/site-packages/airflow/example_dags/example_trigger_target_dag.py took 0.039 seconds
[2025-12-19T09:19:28.913+0000] {processor.py:161} INFO - Started process (PID=58046) to work on /home/airflow/.local/lib/python3.12/site-packages/airflow/example_dags/example_trigger_target_dag.py
[2025-12-19T09:19:28.917+0000] {processor.py:830} INFO - Processing file /home/airflow/.local/lib/python3.12/site-packages/airflow/example_dags/example_trigger_target_dag.py for tasks to queue
[2025-12-19T09:19:28.917+0000] {logging_mixin.py:188} INFO - [2025-12-19T09:19:28.917+0000] {dagbag.py:545} INFO - Filling up the DagBag from /home/airflow/.local/lib/python3.12/site-packages/airflow/example_dags/example_trigger_target_dag.py
[2025-12-19T09:19:28.923+0000] {processor.py:840} INFO - DAG(s) 'example_trigger_target_dag' retrieved from /home/airflow/.local/lib/python3.12/site-packages/airflow/example_dags/example_trigger_target_dag.py
[2025-12-19T09:19:28.944+0000] {logging_mixin.py:188} INFO - [2025-12-19T09:19:28.943+0000] {dag.py:3089} INFO - Sync 1 DAGs
[2025-12-19T09:19:28.955+0000] {logging_mixin.py:188} INFO - [2025-12-19T09:19:28.954+0000] {dag.py:3947} INFO - Setting next_dagrun for example_trigger_target_dag to None, run_after=None
[2025-12-19T09:19:28.971+0000] {processor.py:183} INFO - Processing /home/airflow/.local/lib/python3.12/site-packages/airflow/example_dags/example_trigger_target_dag.py took 0.065 seconds
[2025-12-19T09:57:38.775+0000] {processor.py:161} INFO - Started process (PID=58105) to work on /home/airflow/.local/lib/python3.12/site-packages/airflow/example_dags/example_trigger_target_dag.py
[2025-12-19T09:57:38.776+0000] {processor.py:830} INFO - Processing file /home/airflow/.local/lib/python3.12/site-packages/airflow/example_dags/example_trigger_target_dag.py for tasks to queue
[2025-12-19T09:57:38.777+0000] {logging_mixin.py:188} INFO - [2025-12-19T09:57:38.777+0000] {dagbag.py:545} INFO - Filling up the DagBag from /home/airflow/.local/lib/python3.12/site-packages/airflow/example_dags/example_trigger_target_dag.py
[2025-12-19T09:57:38.781+0000] {processor.py:840} INFO - DAG(s) 'example_trigger_target_dag' retrieved from /home/airflow/.local/lib/python3.12/site-packages/airflow/example_dags/example_trigger_target_dag.py
[2025-12-19T09:57:38.804+0000] {logging_mixin.py:188} INFO - [2025-12-19T09:57:38.804+0000] {dag.py:3089} INFO - Sync 1 DAGs
[2025-12-19T09:57:38.813+0000] {logging_mixin.py:188} INFO - [2025-12-19T09:57:38.813+0000] {dag.py:3947} INFO - Setting next_dagrun for example_trigger_target_dag to None, run_after=None
[2025-12-19T09:57:38.834+0000] {processor.py:183} INFO - Processing /home/airflow/.local/lib/python3.12/site-packages/airflow/example_dags/example_trigger_target_dag.py took 0.064 seconds
[2025-12-19T10:46:47.847+0000] {processor.py:161} INFO - Started process (PID=58164) to work on /home/airflow/.local/lib/python3.12/site-packages/airflow/example_dags/example_trigger_target_dag.py
[2025-12-19T10:46:47.849+0000] {processor.py:830} INFO - Processing file /home/airflow/.local/lib/python3.12/site-packages/airflow/example_dags/example_trigger_target_dag.py for tasks to queue
[2025-12-19T10:46:47.850+0000] {logging_mixin.py:188} INFO - [2025-12-19T10:46:47.850+0000] {dagbag.py:545} INFO - Filling up the DagBag from /home/airflow/.local/lib/python3.12/site-packages/airflow/example_dags/example_trigger_target_dag.py
[2025-12-19T10:46:47.863+0000] {processor.py:840} INFO - DAG(s) 'example_trigger_target_dag' retrieved from /home/airflow/.local/lib/python3.12/site-packages/airflow/example_dags/example_trigger_target_dag.py
[2025-12-19T10:46:47.909+0000] {logging_mixin.py:188} INFO - [2025-12-19T10:46:47.908+0000] {dag.py:3089} INFO - Sync 1 DAGs
[2025-12-19T10:46:47.934+0000] {logging_mixin.py:188} INFO - [2025-12-19T10:46:47.933+0000] {dag.py:3947} INFO - Setting next_dagrun for example_trigger_target_dag to None, run_after=None
[2025-12-19T10:46:48.029+0000] {processor.py:183} INFO - Processing /home/airflow/.local/lib/python3.12/site-packages/airflow/example_dags/example_trigger_target_dag.py took 0.190 seconds
[2025-12-19T11:37:08.138+0000] {processor.py:161} INFO - Started process (PID=58223) to work on /home/airflow/.local/lib/python3.12/site-packages/airflow/example_dags/example_trigger_target_dag.py
[2025-12-19T11:37:08.140+0000] {processor.py:830} INFO - Processing file /home/airflow/.local/lib/python3.12/site-packages/airflow/example_dags/example_trigger_target_dag.py for tasks to queue
[2025-12-19T11:37:08.145+0000] {logging_mixin.py:188} INFO - [2025-12-19T11:37:08.144+0000] {dagbag.py:545} INFO - Filling up the DagBag from /home/airflow/.local/lib/python3.12/site-packages/airflow/example_dags/example_trigger_target_dag.py
[2025-12-19T11:37:08.159+0000] {processor.py:840} INFO - DAG(s) 'example_trigger_target_dag' retrieved from /home/airflow/.local/lib/python3.12/site-packages/airflow/example_dags/example_trigger_target_dag.py
[2025-12-19T11:37:08.185+0000] {logging_mixin.py:188} INFO - [2025-12-19T11:37:08.184+0000] {dag.py:3089} INFO - Sync 1 DAGs
[2025-12-19T11:37:08.198+0000] {logging_mixin.py:188} INFO - [2025-12-19T11:37:08.198+0000] {dag.py:3947} INFO - Setting next_dagrun for example_trigger_target_dag to None, run_after=None
[2025-12-19T11:37:08.224+0000] {processor.py:183} INFO - Processing /home/airflow/.local/lib/python3.12/site-packages/airflow/example_dags/example_trigger_target_dag.py took 0.092 seconds
[2025-12-19T12:40:30.283+0000] {processor.py:161} INFO - Started process (PID=58282) to work on /home/airflow/.local/lib/python3.12/site-packages/airflow/example_dags/example_trigger_target_dag.py
[2025-12-19T12:40:30.285+0000] {processor.py:830} INFO - Processing file /home/airflow/.local/lib/python3.12/site-packages/airflow/example_dags/example_trigger_target_dag.py for tasks to queue
[2025-12-19T12:40:30.286+0000] {logging_mixin.py:188} INFO - [2025-12-19T12:40:30.286+0000] {dagbag.py:545} INFO - Filling up the DagBag from /home/airflow/.local/lib/python3.12/site-packages/airflow/example_dags/example_trigger_target_dag.py
[2025-12-19T12:40:30.290+0000] {processor.py:840} INFO - DAG(s) 'example_trigger_target_dag' retrieved from /home/airflow/.local/lib/python3.12/site-packages/airflow/example_dags/example_trigger_target_dag.py
[2025-12-19T12:40:30.305+0000] {logging_mixin.py:188} INFO - [2025-12-19T12:40:30.305+0000] {dag.py:3089} INFO - Sync 1 DAGs
[2025-12-19T12:40:30.315+0000] {logging_mixin.py:188} INFO - [2025-12-19T12:40:30.315+0000] {dag.py:3947} INFO - Setting next_dagrun for example_trigger_target_dag to None, run_after=None
[2025-12-19T12:40:30.332+0000] {processor.py:183} INFO - Processing /home/airflow/.local/lib/python3.12/site-packages/airflow/example_dags/example_trigger_target_dag.py took 0.054 seconds
[2025-12-19T13:57:44.944+0000] {processor.py:161} INFO - Started process (PID=58341) to work on /home/airflow/.local/lib/python3.12/site-packages/airflow/example_dags/example_trigger_target_dag.py
[2025-12-19T13:57:44.944+0000] {processor.py:830} INFO - Processing file /home/airflow/.local/lib/python3.12/site-packages/airflow/example_dags/example_trigger_target_dag.py for tasks to queue
[2025-12-19T13:57:44.945+0000] {logging_mixin.py:188} INFO - [2025-12-19T13:57:44.945+0000] {dagbag.py:545} INFO - Filling up the DagBag from /home/airflow/.local/lib/python3.12/site-packages/airflow/example_dags/example_trigger_target_dag.py
[2025-12-19T13:57:44.949+0000] {processor.py:840} INFO - DAG(s) 'example_trigger_target_dag' retrieved from /home/airflow/.local/lib/python3.12/site-packages/airflow/example_dags/example_trigger_target_dag.py
[2025-12-19T13:57:44.966+0000] {logging_mixin.py:188} INFO - [2025-12-19T13:57:44.966+0000] {dag.py:3089} INFO - Sync 1 DAGs
[2025-12-19T13:57:44.977+0000] {logging_mixin.py:188} INFO - [2025-12-19T13:57:44.976+0000] {dag.py:3947} INFO - Setting next_dagrun for example_trigger_target_dag to None, run_after=None
[2025-12-19T13:57:44.997+0000] {processor.py:183} INFO - Processing /home/airflow/.local/lib/python3.12/site-packages/airflow/example_dags/example_trigger_target_dag.py took 0.058 seconds
[2025-12-19T14:41:23.192+0000] {processor.py:161} INFO - Started process (PID=58406) to work on /home/airflow/.local/lib/python3.12/site-packages/airflow/example_dags/example_trigger_target_dag.py
[2025-12-19T14:41:23.193+0000] {processor.py:830} INFO - Processing file /home/airflow/.local/lib/python3.12/site-packages/airflow/example_dags/example_trigger_target_dag.py for tasks to queue
[2025-12-19T14:41:23.195+0000] {logging_mixin.py:188} INFO - [2025-12-19T14:41:23.194+0000] {dagbag.py:545} INFO - Filling up the DagBag from /home/airflow/.local/lib/python3.12/site-packages/airflow/example_dags/example_trigger_target_dag.py
[2025-12-19T14:41:23.200+0000] {processor.py:840} INFO - DAG(s) 'example_trigger_target_dag' retrieved from /home/airflow/.local/lib/python3.12/site-packages/airflow/example_dags/example_trigger_target_dag.py
[2025-12-19T14:41:23.220+0000] {logging_mixin.py:188} INFO - [2025-12-19T14:41:23.220+0000] {dag.py:3089} INFO - Sync 1 DAGs
[2025-12-19T14:41:23.234+0000] {logging_mixin.py:188} INFO - [2025-12-19T14:41:23.233+0000] {dag.py:3947} INFO - Setting next_dagrun for example_trigger_target_dag to None, run_after=None
[2025-12-19T14:41:23.254+0000] {processor.py:183} INFO - Processing /home/airflow/.local/lib/python3.12/site-packages/airflow/example_dags/example_trigger_target_dag.py took 0.069 seconds
[2025-12-19T14:41:53.981+0000] {processor.py:161} INFO - Started process (PID=58465) to work on /home/airflow/.local/lib/python3.12/site-packages/airflow/example_dags/example_trigger_target_dag.py
[2025-12-19T14:41:53.986+0000] {processor.py:830} INFO - Processing file /home/airflow/.local/lib/python3.12/site-packages/airflow/example_dags/example_trigger_target_dag.py for tasks to queue
[2025-12-19T14:41:53.986+0000] {logging_mixin.py:188} INFO - [2025-12-19T14:41:53.986+0000] {dagbag.py:545} INFO - Filling up the DagBag from /home/airflow/.local/lib/python3.12/site-packages/airflow/example_dags/example_trigger_target_dag.py
[2025-12-19T14:41:53.991+0000] {processor.py:840} INFO - DAG(s) 'example_trigger_target_dag' retrieved from /home/airflow/.local/lib/python3.12/site-packages/airflow/example_dags/example_trigger_target_dag.py
[2025-12-19T14:41:54.015+0000] {logging_mixin.py:188} INFO - [2025-12-19T14:41:54.014+0000] {dag.py:3089} INFO - Sync 1 DAGs
[2025-12-19T14:41:54.024+0000] {logging_mixin.py:188} INFO - [2025-12-19T14:41:54.024+0000] {dag.py:3947} INFO - Setting next_dagrun for example_trigger_target_dag to None, run_after=None
[2025-12-19T14:41:54.043+0000] {processor.py:183} INFO - Processing /home/airflow/.local/lib/python3.12/site-packages/airflow/example_dags/example_trigger_target_dag.py took 0.067 seconds
