[2025-12-19T01:08:00.500+0000] {processor.py:161} INFO - Started process (PID=57684) to work on /home/airflow/.local/lib/python3.12/site-packages/airflow/example_dags/example_external_task_marker_dag.py
[2025-12-19T01:08:00.501+0000] {processor.py:830} INFO - Processing file /home/airflow/.local/lib/python3.12/site-packages/airflow/example_dags/example_external_task_marker_dag.py for tasks to queue
[2025-12-19T01:08:00.501+0000] {logging_mixin.py:188} INFO - [2025-12-19T01:08:00.501+0000] {dagbag.py:545} INFO - Filling up the DagBag from /home/airflow/.local/lib/python3.12/site-packages/airflow/example_dags/example_external_task_marker_dag.py
[2025-12-19T01:08:00.505+0000] {processor.py:840} INFO - DAG(s) 'example_external_task_marker_child', 'example_external_task_marker_parent' retrieved from /home/airflow/.local/lib/python3.12/site-packages/airflow/example_dags/example_external_task_marker_dag.py
[2025-12-19T01:08:00.519+0000] {logging_mixin.py:188} INFO - [2025-12-19T01:08:00.519+0000] {dag.py:3089} INFO - Sync 2 DAGs
[2025-12-19T01:08:00.529+0000] {logging_mixin.py:188} INFO - [2025-12-19T01:08:00.529+0000] {dag.py:3947} INFO - Setting next_dagrun for example_external_task_marker_child to None, run_after=None
[2025-12-19T01:08:00.532+0000] {logging_mixin.py:188} INFO - [2025-12-19T01:08:00.532+0000] {dag.py:3947} INFO - Setting next_dagrun for example_external_task_marker_parent to None, run_after=None
[2025-12-19T01:08:00.549+0000] {processor.py:183} INFO - Processing /home/airflow/.local/lib/python3.12/site-packages/airflow/example_dags/example_external_task_marker_dag.py took 0.053 seconds
[2025-12-19T02:16:04.072+0000] {processor.py:161} INFO - Started process (PID=57743) to work on /home/airflow/.local/lib/python3.12/site-packages/airflow/example_dags/example_external_task_marker_dag.py
[2025-12-19T02:16:04.072+0000] {processor.py:830} INFO - Processing file /home/airflow/.local/lib/python3.12/site-packages/airflow/example_dags/example_external_task_marker_dag.py for tasks to queue
[2025-12-19T02:16:04.073+0000] {logging_mixin.py:188} INFO - [2025-12-19T02:16:04.073+0000] {dagbag.py:545} INFO - Filling up the DagBag from /home/airflow/.local/lib/python3.12/site-packages/airflow/example_dags/example_external_task_marker_dag.py
[2025-12-19T02:16:04.076+0000] {processor.py:840} INFO - DAG(s) 'example_external_task_marker_parent', 'example_external_task_marker_child' retrieved from /home/airflow/.local/lib/python3.12/site-packages/airflow/example_dags/example_external_task_marker_dag.py
[2025-12-19T02:16:04.086+0000] {logging_mixin.py:188} INFO - [2025-12-19T02:16:04.086+0000] {dag.py:3089} INFO - Sync 2 DAGs
[2025-12-19T02:16:04.092+0000] {logging_mixin.py:188} INFO - [2025-12-19T02:16:04.092+0000] {dag.py:3947} INFO - Setting next_dagrun for example_external_task_marker_child to None, run_after=None
[2025-12-19T02:16:04.093+0000] {logging_mixin.py:188} INFO - [2025-12-19T02:16:04.093+0000] {dag.py:3947} INFO - Setting next_dagrun for example_external_task_marker_parent to None, run_after=None
[2025-12-19T02:16:04.099+0000] {processor.py:183} INFO - Processing /home/airflow/.local/lib/python3.12/site-packages/airflow/example_dags/example_external_task_marker_dag.py took 0.030 seconds
[2025-12-19T03:53:38.515+0000] {processor.py:161} INFO - Started process (PID=57802) to work on /home/airflow/.local/lib/python3.12/site-packages/airflow/example_dags/example_external_task_marker_dag.py
[2025-12-19T03:53:38.516+0000] {processor.py:830} INFO - Processing file /home/airflow/.local/lib/python3.12/site-packages/airflow/example_dags/example_external_task_marker_dag.py for tasks to queue
[2025-12-19T03:53:38.516+0000] {logging_mixin.py:188} INFO - [2025-12-19T03:53:38.516+0000] {dagbag.py:545} INFO - Filling up the DagBag from /home/airflow/.local/lib/python3.12/site-packages/airflow/example_dags/example_external_task_marker_dag.py
[2025-12-19T03:53:38.519+0000] {processor.py:840} INFO - DAG(s) 'example_external_task_marker_child', 'example_external_task_marker_parent' retrieved from /home/airflow/.local/lib/python3.12/site-packages/airflow/example_dags/example_external_task_marker_dag.py
[2025-12-19T03:53:38.532+0000] {logging_mixin.py:188} INFO - [2025-12-19T03:53:38.531+0000] {dag.py:3089} INFO - Sync 2 DAGs
[2025-12-19T03:53:38.538+0000] {logging_mixin.py:188} INFO - [2025-12-19T03:53:38.538+0000] {dag.py:3947} INFO - Setting next_dagrun for example_external_task_marker_child to None, run_after=None
[2025-12-19T03:53:38.539+0000] {logging_mixin.py:188} INFO - [2025-12-19T03:53:38.539+0000] {dag.py:3947} INFO - Setting next_dagrun for example_external_task_marker_parent to None, run_after=None
[2025-12-19T03:53:38.555+0000] {processor.py:183} INFO - Processing /home/airflow/.local/lib/python3.12/site-packages/airflow/example_dags/example_external_task_marker_dag.py took 0.047 seconds
[2025-12-19T05:18:12.047+0000] {processor.py:161} INFO - Started process (PID=57861) to work on /home/airflow/.local/lib/python3.12/site-packages/airflow/example_dags/example_external_task_marker_dag.py
[2025-12-19T05:18:12.047+0000] {processor.py:830} INFO - Processing file /home/airflow/.local/lib/python3.12/site-packages/airflow/example_dags/example_external_task_marker_dag.py for tasks to queue
[2025-12-19T05:18:12.048+0000] {logging_mixin.py:188} INFO - [2025-12-19T05:18:12.048+0000] {dagbag.py:545} INFO - Filling up the DagBag from /home/airflow/.local/lib/python3.12/site-packages/airflow/example_dags/example_external_task_marker_dag.py
[2025-12-19T05:18:12.051+0000] {processor.py:840} INFO - DAG(s) 'example_external_task_marker_child', 'example_external_task_marker_parent' retrieved from /home/airflow/.local/lib/python3.12/site-packages/airflow/example_dags/example_external_task_marker_dag.py
[2025-12-19T05:18:12.062+0000] {logging_mixin.py:188} INFO - [2025-12-19T05:18:12.062+0000] {dag.py:3089} INFO - Sync 2 DAGs
[2025-12-19T05:18:12.067+0000] {logging_mixin.py:188} INFO - [2025-12-19T05:18:12.067+0000] {dag.py:3947} INFO - Setting next_dagrun for example_external_task_marker_child to None, run_after=None
[2025-12-19T05:18:12.068+0000] {logging_mixin.py:188} INFO - [2025-12-19T05:18:12.068+0000] {dag.py:3947} INFO - Setting next_dagrun for example_external_task_marker_parent to None, run_after=None
[2025-12-19T05:18:12.074+0000] {processor.py:183} INFO - Processing /home/airflow/.local/lib/python3.12/site-packages/airflow/example_dags/example_external_task_marker_dag.py took 0.030 seconds
[2025-12-19T06:58:36.483+0000] {processor.py:161} INFO - Started process (PID=57920) to work on /home/airflow/.local/lib/python3.12/site-packages/airflow/example_dags/example_external_task_marker_dag.py
[2025-12-19T06:58:36.484+0000] {processor.py:830} INFO - Processing file /home/airflow/.local/lib/python3.12/site-packages/airflow/example_dags/example_external_task_marker_dag.py for tasks to queue
[2025-12-19T06:58:36.486+0000] {logging_mixin.py:188} INFO - [2025-12-19T06:58:36.485+0000] {dagbag.py:545} INFO - Filling up the DagBag from /home/airflow/.local/lib/python3.12/site-packages/airflow/example_dags/example_external_task_marker_dag.py
[2025-12-19T06:58:36.490+0000] {processor.py:840} INFO - DAG(s) 'example_external_task_marker_parent', 'example_external_task_marker_child' retrieved from /home/airflow/.local/lib/python3.12/site-packages/airflow/example_dags/example_external_task_marker_dag.py
[2025-12-19T06:58:36.508+0000] {logging_mixin.py:188} INFO - [2025-12-19T06:58:36.508+0000] {dag.py:3089} INFO - Sync 2 DAGs
[2025-12-19T06:58:36.515+0000] {logging_mixin.py:188} INFO - [2025-12-19T06:58:36.515+0000] {dag.py:3947} INFO - Setting next_dagrun for example_external_task_marker_child to None, run_after=None
[2025-12-19T06:58:36.517+0000] {logging_mixin.py:188} INFO - [2025-12-19T06:58:36.517+0000] {dag.py:3947} INFO - Setting next_dagrun for example_external_task_marker_parent to None, run_after=None
[2025-12-19T06:58:36.528+0000] {processor.py:183} INFO - Processing /home/airflow/.local/lib/python3.12/site-packages/airflow/example_dags/example_external_task_marker_dag.py took 0.048 seconds
[2025-12-19T08:03:02.270+0000] {processor.py:161} INFO - Started process (PID=57979) to work on /home/airflow/.local/lib/python3.12/site-packages/airflow/example_dags/example_external_task_marker_dag.py
[2025-12-19T08:03:02.272+0000] {processor.py:830} INFO - Processing file /home/airflow/.local/lib/python3.12/site-packages/airflow/example_dags/example_external_task_marker_dag.py for tasks to queue
[2025-12-19T08:03:02.275+0000] {logging_mixin.py:188} INFO - [2025-12-19T08:03:02.274+0000] {dagbag.py:545} INFO - Filling up the DagBag from /home/airflow/.local/lib/python3.12/site-packages/airflow/example_dags/example_external_task_marker_dag.py
[2025-12-19T08:03:02.278+0000] {processor.py:840} INFO - DAG(s) 'example_external_task_marker_child', 'example_external_task_marker_parent' retrieved from /home/airflow/.local/lib/python3.12/site-packages/airflow/example_dags/example_external_task_marker_dag.py
[2025-12-19T08:03:02.297+0000] {logging_mixin.py:188} INFO - [2025-12-19T08:03:02.297+0000] {dag.py:3089} INFO - Sync 2 DAGs
[2025-12-19T08:03:02.304+0000] {logging_mixin.py:188} INFO - [2025-12-19T08:03:02.304+0000] {dag.py:3947} INFO - Setting next_dagrun for example_external_task_marker_child to None, run_after=None
[2025-12-19T08:03:02.306+0000] {logging_mixin.py:188} INFO - [2025-12-19T08:03:02.306+0000] {dag.py:3947} INFO - Setting next_dagrun for example_external_task_marker_parent to None, run_after=None
[2025-12-19T08:03:02.320+0000] {processor.py:183} INFO - Processing /home/airflow/.local/lib/python3.12/site-packages/airflow/example_dags/example_external_task_marker_dag.py took 0.059 seconds
[2025-12-19T09:19:28.530+0000] {processor.py:161} INFO - Started process (PID=58038) to work on /home/airflow/.local/lib/python3.12/site-packages/airflow/example_dags/example_external_task_marker_dag.py
[2025-12-19T09:19:28.532+0000] {processor.py:830} INFO - Processing file /home/airflow/.local/lib/python3.12/site-packages/airflow/example_dags/example_external_task_marker_dag.py for tasks to queue
[2025-12-19T09:19:28.532+0000] {logging_mixin.py:188} INFO - [2025-12-19T09:19:28.532+0000] {dagbag.py:545} INFO - Filling up the DagBag from /home/airflow/.local/lib/python3.12/site-packages/airflow/example_dags/example_external_task_marker_dag.py
[2025-12-19T09:19:28.539+0000] {processor.py:840} INFO - DAG(s) 'example_external_task_marker_child', 'example_external_task_marker_parent' retrieved from /home/airflow/.local/lib/python3.12/site-packages/airflow/example_dags/example_external_task_marker_dag.py
[2025-12-19T09:19:28.572+0000] {logging_mixin.py:188} INFO - [2025-12-19T09:19:28.572+0000] {dag.py:3089} INFO - Sync 2 DAGs
[2025-12-19T09:19:28.585+0000] {logging_mixin.py:188} INFO - [2025-12-19T09:19:28.585+0000] {dag.py:3947} INFO - Setting next_dagrun for example_external_task_marker_child to None, run_after=None
[2025-12-19T09:19:28.593+0000] {logging_mixin.py:188} INFO - [2025-12-19T09:19:28.593+0000] {dag.py:3947} INFO - Setting next_dagrun for example_external_task_marker_parent to None, run_after=None
[2025-12-19T09:19:28.612+0000] {processor.py:183} INFO - Processing /home/airflow/.local/lib/python3.12/site-packages/airflow/example_dags/example_external_task_marker_dag.py took 0.095 seconds
[2025-12-19T09:57:38.389+0000] {processor.py:161} INFO - Started process (PID=58097) to work on /home/airflow/.local/lib/python3.12/site-packages/airflow/example_dags/example_external_task_marker_dag.py
[2025-12-19T09:57:38.390+0000] {processor.py:830} INFO - Processing file /home/airflow/.local/lib/python3.12/site-packages/airflow/example_dags/example_external_task_marker_dag.py for tasks to queue
[2025-12-19T09:57:38.390+0000] {logging_mixin.py:188} INFO - [2025-12-19T09:57:38.390+0000] {dagbag.py:545} INFO - Filling up the DagBag from /home/airflow/.local/lib/python3.12/site-packages/airflow/example_dags/example_external_task_marker_dag.py
[2025-12-19T09:57:38.396+0000] {processor.py:840} INFO - DAG(s) 'example_external_task_marker_child', 'example_external_task_marker_parent' retrieved from /home/airflow/.local/lib/python3.12/site-packages/airflow/example_dags/example_external_task_marker_dag.py
[2025-12-19T09:57:38.414+0000] {logging_mixin.py:188} INFO - [2025-12-19T09:57:38.413+0000] {dag.py:3089} INFO - Sync 2 DAGs
[2025-12-19T09:57:38.423+0000] {logging_mixin.py:188} INFO - [2025-12-19T09:57:38.423+0000] {dag.py:3947} INFO - Setting next_dagrun for example_external_task_marker_child to None, run_after=None
[2025-12-19T09:57:38.425+0000] {logging_mixin.py:188} INFO - [2025-12-19T09:57:38.425+0000] {dag.py:3947} INFO - Setting next_dagrun for example_external_task_marker_parent to None, run_after=None
[2025-12-19T09:57:38.436+0000] {processor.py:183} INFO - Processing /home/airflow/.local/lib/python3.12/site-packages/airflow/example_dags/example_external_task_marker_dag.py took 0.051 seconds
[2025-12-19T10:46:46.921+0000] {processor.py:161} INFO - Started process (PID=58156) to work on /home/airflow/.local/lib/python3.12/site-packages/airflow/example_dags/example_external_task_marker_dag.py
[2025-12-19T10:46:46.923+0000] {processor.py:830} INFO - Processing file /home/airflow/.local/lib/python3.12/site-packages/airflow/example_dags/example_external_task_marker_dag.py for tasks to queue
[2025-12-19T10:46:46.923+0000] {logging_mixin.py:188} INFO - [2025-12-19T10:46:46.923+0000] {dagbag.py:545} INFO - Filling up the DagBag from /home/airflow/.local/lib/python3.12/site-packages/airflow/example_dags/example_external_task_marker_dag.py
[2025-12-19T10:46:46.930+0000] {processor.py:840} INFO - DAG(s) 'example_external_task_marker_child', 'example_external_task_marker_parent' retrieved from /home/airflow/.local/lib/python3.12/site-packages/airflow/example_dags/example_external_task_marker_dag.py
[2025-12-19T10:46:46.955+0000] {logging_mixin.py:188} INFO - [2025-12-19T10:46:46.954+0000] {dag.py:3089} INFO - Sync 2 DAGs
[2025-12-19T10:46:46.967+0000] {logging_mixin.py:188} INFO - [2025-12-19T10:46:46.967+0000] {dag.py:3947} INFO - Setting next_dagrun for example_external_task_marker_child to None, run_after=None
[2025-12-19T10:46:46.971+0000] {logging_mixin.py:188} INFO - [2025-12-19T10:46:46.971+0000] {dag.py:3947} INFO - Setting next_dagrun for example_external_task_marker_parent to None, run_after=None
[2025-12-19T10:46:46.991+0000] {processor.py:183} INFO - Processing /home/airflow/.local/lib/python3.12/site-packages/airflow/example_dags/example_external_task_marker_dag.py took 0.077 seconds
[2025-12-19T11:37:07.468+0000] {processor.py:161} INFO - Started process (PID=58215) to work on /home/airflow/.local/lib/python3.12/site-packages/airflow/example_dags/example_external_task_marker_dag.py
[2025-12-19T11:37:07.472+0000] {processor.py:830} INFO - Processing file /home/airflow/.local/lib/python3.12/site-packages/airflow/example_dags/example_external_task_marker_dag.py for tasks to queue
[2025-12-19T11:37:07.475+0000] {logging_mixin.py:188} INFO - [2025-12-19T11:37:07.474+0000] {dagbag.py:545} INFO - Filling up the DagBag from /home/airflow/.local/lib/python3.12/site-packages/airflow/example_dags/example_external_task_marker_dag.py
[2025-12-19T11:37:07.482+0000] {processor.py:840} INFO - DAG(s) 'example_external_task_marker_child', 'example_external_task_marker_parent' retrieved from /home/airflow/.local/lib/python3.12/site-packages/airflow/example_dags/example_external_task_marker_dag.py
[2025-12-19T11:37:07.517+0000] {logging_mixin.py:188} INFO - [2025-12-19T11:37:07.517+0000] {dag.py:3089} INFO - Sync 2 DAGs
[2025-12-19T11:37:07.541+0000] {logging_mixin.py:188} INFO - [2025-12-19T11:37:07.541+0000] {dag.py:3947} INFO - Setting next_dagrun for example_external_task_marker_child to None, run_after=None
[2025-12-19T11:37:07.547+0000] {logging_mixin.py:188} INFO - [2025-12-19T11:37:07.546+0000] {dag.py:3947} INFO - Setting next_dagrun for example_external_task_marker_parent to None, run_after=None
[2025-12-19T11:37:07.569+0000] {processor.py:183} INFO - Processing /home/airflow/.local/lib/python3.12/site-packages/airflow/example_dags/example_external_task_marker_dag.py took 0.108 seconds
[2025-12-19T12:40:29.895+0000] {processor.py:161} INFO - Started process (PID=58274) to work on /home/airflow/.local/lib/python3.12/site-packages/airflow/example_dags/example_external_task_marker_dag.py
[2025-12-19T12:40:29.896+0000] {processor.py:830} INFO - Processing file /home/airflow/.local/lib/python3.12/site-packages/airflow/example_dags/example_external_task_marker_dag.py for tasks to queue
[2025-12-19T12:40:29.897+0000] {logging_mixin.py:188} INFO - [2025-12-19T12:40:29.897+0000] {dagbag.py:545} INFO - Filling up the DagBag from /home/airflow/.local/lib/python3.12/site-packages/airflow/example_dags/example_external_task_marker_dag.py
[2025-12-19T12:40:29.904+0000] {processor.py:840} INFO - DAG(s) 'example_external_task_marker_child', 'example_external_task_marker_parent' retrieved from /home/airflow/.local/lib/python3.12/site-packages/airflow/example_dags/example_external_task_marker_dag.py
[2025-12-19T12:40:29.932+0000] {logging_mixin.py:188} INFO - [2025-12-19T12:40:29.931+0000] {dag.py:3089} INFO - Sync 2 DAGs
[2025-12-19T12:40:29.947+0000] {logging_mixin.py:188} INFO - [2025-12-19T12:40:29.946+0000] {dag.py:3947} INFO - Setting next_dagrun for example_external_task_marker_child to None, run_after=None
[2025-12-19T12:40:29.950+0000] {logging_mixin.py:188} INFO - [2025-12-19T12:40:29.950+0000] {dag.py:3947} INFO - Setting next_dagrun for example_external_task_marker_parent to None, run_after=None
[2025-12-19T12:40:29.969+0000] {processor.py:183} INFO - Processing /home/airflow/.local/lib/python3.12/site-packages/airflow/example_dags/example_external_task_marker_dag.py took 0.084 seconds
[2025-12-19T13:57:44.551+0000] {processor.py:161} INFO - Started process (PID=58333) to work on /home/airflow/.local/lib/python3.12/site-packages/airflow/example_dags/example_external_task_marker_dag.py
[2025-12-19T13:57:44.552+0000] {processor.py:830} INFO - Processing file /home/airflow/.local/lib/python3.12/site-packages/airflow/example_dags/example_external_task_marker_dag.py for tasks to queue
[2025-12-19T13:57:44.553+0000] {logging_mixin.py:188} INFO - [2025-12-19T13:57:44.553+0000] {dagbag.py:545} INFO - Filling up the DagBag from /home/airflow/.local/lib/python3.12/site-packages/airflow/example_dags/example_external_task_marker_dag.py
[2025-12-19T13:57:44.558+0000] {processor.py:840} INFO - DAG(s) 'example_external_task_marker_parent', 'example_external_task_marker_child' retrieved from /home/airflow/.local/lib/python3.12/site-packages/airflow/example_dags/example_external_task_marker_dag.py
[2025-12-19T13:57:44.575+0000] {logging_mixin.py:188} INFO - [2025-12-19T13:57:44.575+0000] {dag.py:3089} INFO - Sync 2 DAGs
[2025-12-19T13:57:44.583+0000] {logging_mixin.py:188} INFO - [2025-12-19T13:57:44.583+0000] {dag.py:3947} INFO - Setting next_dagrun for example_external_task_marker_child to None, run_after=None
[2025-12-19T13:57:44.586+0000] {logging_mixin.py:188} INFO - [2025-12-19T13:57:44.586+0000] {dag.py:3947} INFO - Setting next_dagrun for example_external_task_marker_parent to None, run_after=None
[2025-12-19T13:57:44.597+0000] {processor.py:183} INFO - Processing /home/airflow/.local/lib/python3.12/site-packages/airflow/example_dags/example_external_task_marker_dag.py took 0.054 seconds
[2025-12-19T14:41:22.437+0000] {processor.py:161} INFO - Started process (PID=58398) to work on /home/airflow/.local/lib/python3.12/site-packages/airflow/example_dags/example_external_task_marker_dag.py
[2025-12-19T14:41:22.439+0000] {processor.py:830} INFO - Processing file /home/airflow/.local/lib/python3.12/site-packages/airflow/example_dags/example_external_task_marker_dag.py for tasks to queue
[2025-12-19T14:41:22.441+0000] {logging_mixin.py:188} INFO - [2025-12-19T14:41:22.440+0000] {dagbag.py:545} INFO - Filling up the DagBag from /home/airflow/.local/lib/python3.12/site-packages/airflow/example_dags/example_external_task_marker_dag.py
[2025-12-19T14:41:22.449+0000] {processor.py:840} INFO - DAG(s) 'example_external_task_marker_parent', 'example_external_task_marker_child' retrieved from /home/airflow/.local/lib/python3.12/site-packages/airflow/example_dags/example_external_task_marker_dag.py
[2025-12-19T14:41:22.494+0000] {logging_mixin.py:188} INFO - [2025-12-19T14:41:22.493+0000] {dag.py:3089} INFO - Sync 2 DAGs
[2025-12-19T14:41:22.512+0000] {logging_mixin.py:188} INFO - [2025-12-19T14:41:22.512+0000] {dag.py:3947} INFO - Setting next_dagrun for example_external_task_marker_child to None, run_after=None
[2025-12-19T14:41:22.520+0000] {logging_mixin.py:188} INFO - [2025-12-19T14:41:22.520+0000] {dag.py:3947} INFO - Setting next_dagrun for example_external_task_marker_parent to None, run_after=None
[2025-12-19T14:41:22.593+0000] {processor.py:183} INFO - Processing /home/airflow/.local/lib/python3.12/site-packages/airflow/example_dags/example_external_task_marker_dag.py took 0.168 seconds
[2025-12-19T14:41:53.571+0000] {processor.py:161} INFO - Started process (PID=58457) to work on /home/airflow/.local/lib/python3.12/site-packages/airflow/example_dags/example_external_task_marker_dag.py
[2025-12-19T14:41:53.575+0000] {processor.py:830} INFO - Processing file /home/airflow/.local/lib/python3.12/site-packages/airflow/example_dags/example_external_task_marker_dag.py for tasks to queue
[2025-12-19T14:41:53.575+0000] {logging_mixin.py:188} INFO - [2025-12-19T14:41:53.575+0000] {dagbag.py:545} INFO - Filling up the DagBag from /home/airflow/.local/lib/python3.12/site-packages/airflow/example_dags/example_external_task_marker_dag.py
[2025-12-19T14:41:53.583+0000] {processor.py:840} INFO - DAG(s) 'example_external_task_marker_parent', 'example_external_task_marker_child' retrieved from /home/airflow/.local/lib/python3.12/site-packages/airflow/example_dags/example_external_task_marker_dag.py
[2025-12-19T14:41:53.603+0000] {logging_mixin.py:188} INFO - [2025-12-19T14:41:53.602+0000] {dag.py:3089} INFO - Sync 2 DAGs
[2025-12-19T14:41:53.614+0000] {logging_mixin.py:188} INFO - [2025-12-19T14:41:53.613+0000] {dag.py:3947} INFO - Setting next_dagrun for example_external_task_marker_child to None, run_after=None
[2025-12-19T14:41:53.618+0000] {logging_mixin.py:188} INFO - [2025-12-19T14:41:53.618+0000] {dag.py:3947} INFO - Setting next_dagrun for example_external_task_marker_parent to None, run_after=None
[2025-12-19T14:41:53.637+0000] {processor.py:183} INFO - Processing /home/airflow/.local/lib/python3.12/site-packages/airflow/example_dags/example_external_task_marker_dag.py took 0.069 seconds
