[2025-12-19T01:08:02.400+0000] {processor.py:161} INFO - Started process (PID=57723) to work on /home/airflow/.local/lib/python3.12/site-packages/airflow/example_dags/example_branch_operator.py
[2025-12-19T01:08:02.401+0000] {processor.py:830} INFO - Processing file /home/airflow/.local/lib/python3.12/site-packages/airflow/example_dags/example_branch_operator.py for tasks to queue
[2025-12-19T01:08:02.402+0000] {logging_mixin.py:188} INFO - [2025-12-19T01:08:02.402+0000] {dagbag.py:545} INFO - Filling up the DagBag from /home/airflow/.local/lib/python3.12/site-packages/airflow/example_dags/example_branch_operator.py
[2025-12-19T01:08:02.411+0000] {processor.py:840} INFO - DAG(s) 'example_branch_operator' retrieved from /home/airflow/.local/lib/python3.12/site-packages/airflow/example_dags/example_branch_operator.py
[2025-12-19T01:08:02.431+0000] {logging_mixin.py:188} INFO - [2025-12-19T01:08:02.430+0000] {dag.py:3089} INFO - Sync 1 DAGs
[2025-12-19T01:08:02.441+0000] {logging_mixin.py:188} INFO - [2025-12-19T01:08:02.441+0000] {dag.py:3947} INFO - Setting next_dagrun for example_branch_operator to 2025-12-18 00:00:00+00:00, run_after=2025-12-19 00:00:00+00:00
[2025-12-19T01:08:02.450+0000] {processor.py:183} INFO - Processing /home/airflow/.local/lib/python3.12/site-packages/airflow/example_dags/example_branch_operator.py took 0.053 seconds
[2025-12-19T02:16:05.271+0000] {processor.py:161} INFO - Started process (PID=57782) to work on /home/airflow/.local/lib/python3.12/site-packages/airflow/example_dags/example_branch_operator.py
[2025-12-19T02:16:05.273+0000] {processor.py:830} INFO - Processing file /home/airflow/.local/lib/python3.12/site-packages/airflow/example_dags/example_branch_operator.py for tasks to queue
[2025-12-19T02:16:05.273+0000] {logging_mixin.py:188} INFO - [2025-12-19T02:16:05.273+0000] {dagbag.py:545} INFO - Filling up the DagBag from /home/airflow/.local/lib/python3.12/site-packages/airflow/example_dags/example_branch_operator.py
[2025-12-19T02:16:05.281+0000] {processor.py:840} INFO - DAG(s) 'example_branch_operator' retrieved from /home/airflow/.local/lib/python3.12/site-packages/airflow/example_dags/example_branch_operator.py
[2025-12-19T02:16:05.296+0000] {logging_mixin.py:188} INFO - [2025-12-19T02:16:05.296+0000] {dag.py:3089} INFO - Sync 1 DAGs
[2025-12-19T02:16:05.307+0000] {logging_mixin.py:188} INFO - [2025-12-19T02:16:05.307+0000] {dag.py:3947} INFO - Setting next_dagrun for example_branch_operator to 2025-12-18 00:00:00+00:00, run_after=2025-12-19 00:00:00+00:00
[2025-12-19T02:16:05.322+0000] {processor.py:183} INFO - Processing /home/airflow/.local/lib/python3.12/site-packages/airflow/example_dags/example_branch_operator.py took 0.056 seconds
[2025-12-19T03:53:39.720+0000] {processor.py:161} INFO - Started process (PID=57841) to work on /home/airflow/.local/lib/python3.12/site-packages/airflow/example_dags/example_branch_operator.py
[2025-12-19T03:53:39.721+0000] {processor.py:830} INFO - Processing file /home/airflow/.local/lib/python3.12/site-packages/airflow/example_dags/example_branch_operator.py for tasks to queue
[2025-12-19T03:53:39.721+0000] {logging_mixin.py:188} INFO - [2025-12-19T03:53:39.721+0000] {dagbag.py:545} INFO - Filling up the DagBag from /home/airflow/.local/lib/python3.12/site-packages/airflow/example_dags/example_branch_operator.py
[2025-12-19T03:53:39.728+0000] {processor.py:840} INFO - DAG(s) 'example_branch_operator' retrieved from /home/airflow/.local/lib/python3.12/site-packages/airflow/example_dags/example_branch_operator.py
[2025-12-19T03:53:39.742+0000] {logging_mixin.py:188} INFO - [2025-12-19T03:53:39.742+0000] {dag.py:3089} INFO - Sync 1 DAGs
[2025-12-19T03:53:39.750+0000] {logging_mixin.py:188} INFO - [2025-12-19T03:53:39.750+0000] {dag.py:3947} INFO - Setting next_dagrun for example_branch_operator to 2025-12-18 00:00:00+00:00, run_after=2025-12-19 00:00:00+00:00
[2025-12-19T03:53:39.757+0000] {processor.py:183} INFO - Processing /home/airflow/.local/lib/python3.12/site-packages/airflow/example_dags/example_branch_operator.py took 0.045 seconds
[2025-12-19T05:18:13.186+0000] {processor.py:161} INFO - Started process (PID=57900) to work on /home/airflow/.local/lib/python3.12/site-packages/airflow/example_dags/example_branch_operator.py
[2025-12-19T05:18:13.187+0000] {processor.py:830} INFO - Processing file /home/airflow/.local/lib/python3.12/site-packages/airflow/example_dags/example_branch_operator.py for tasks to queue
[2025-12-19T05:18:13.187+0000] {logging_mixin.py:188} INFO - [2025-12-19T05:18:13.187+0000] {dagbag.py:545} INFO - Filling up the DagBag from /home/airflow/.local/lib/python3.12/site-packages/airflow/example_dags/example_branch_operator.py
[2025-12-19T05:18:13.201+0000] {processor.py:840} INFO - DAG(s) 'example_branch_operator' retrieved from /home/airflow/.local/lib/python3.12/site-packages/airflow/example_dags/example_branch_operator.py
[2025-12-19T05:18:13.219+0000] {logging_mixin.py:188} INFO - [2025-12-19T05:18:13.218+0000] {dag.py:3089} INFO - Sync 1 DAGs
[2025-12-19T05:18:13.233+0000] {logging_mixin.py:188} INFO - [2025-12-19T05:18:13.233+0000] {dag.py:3947} INFO - Setting next_dagrun for example_branch_operator to 2025-12-18 00:00:00+00:00, run_after=2025-12-19 00:00:00+00:00
[2025-12-19T05:18:13.240+0000] {processor.py:183} INFO - Processing /home/airflow/.local/lib/python3.12/site-packages/airflow/example_dags/example_branch_operator.py took 0.057 seconds
[2025-12-19T06:58:37.749+0000] {processor.py:161} INFO - Started process (PID=57959) to work on /home/airflow/.local/lib/python3.12/site-packages/airflow/example_dags/example_branch_operator.py
[2025-12-19T06:58:37.750+0000] {processor.py:830} INFO - Processing file /home/airflow/.local/lib/python3.12/site-packages/airflow/example_dags/example_branch_operator.py for tasks to queue
[2025-12-19T06:58:37.750+0000] {logging_mixin.py:188} INFO - [2025-12-19T06:58:37.750+0000] {dagbag.py:545} INFO - Filling up the DagBag from /home/airflow/.local/lib/python3.12/site-packages/airflow/example_dags/example_branch_operator.py
[2025-12-19T06:58:37.761+0000] {processor.py:840} INFO - DAG(s) 'example_branch_operator' retrieved from /home/airflow/.local/lib/python3.12/site-packages/airflow/example_dags/example_branch_operator.py
[2025-12-19T06:58:37.778+0000] {logging_mixin.py:188} INFO - [2025-12-19T06:58:37.778+0000] {dag.py:3089} INFO - Sync 1 DAGs
[2025-12-19T06:58:37.789+0000] {logging_mixin.py:188} INFO - [2025-12-19T06:58:37.789+0000] {dag.py:3947} INFO - Setting next_dagrun for example_branch_operator to 2025-12-18 00:00:00+00:00, run_after=2025-12-19 00:00:00+00:00
[2025-12-19T06:58:37.797+0000] {processor.py:183} INFO - Processing /home/airflow/.local/lib/python3.12/site-packages/airflow/example_dags/example_branch_operator.py took 0.051 seconds
[2025-12-19T08:03:03.761+0000] {processor.py:161} INFO - Started process (PID=58018) to work on /home/airflow/.local/lib/python3.12/site-packages/airflow/example_dags/example_branch_operator.py
[2025-12-19T08:03:03.762+0000] {processor.py:830} INFO - Processing file /home/airflow/.local/lib/python3.12/site-packages/airflow/example_dags/example_branch_operator.py for tasks to queue
[2025-12-19T08:03:03.763+0000] {logging_mixin.py:188} INFO - [2025-12-19T08:03:03.762+0000] {dagbag.py:545} INFO - Filling up the DagBag from /home/airflow/.local/lib/python3.12/site-packages/airflow/example_dags/example_branch_operator.py
[2025-12-19T08:03:03.776+0000] {processor.py:840} INFO - DAG(s) 'example_branch_operator' retrieved from /home/airflow/.local/lib/python3.12/site-packages/airflow/example_dags/example_branch_operator.py
[2025-12-19T08:03:03.801+0000] {logging_mixin.py:188} INFO - [2025-12-19T08:03:03.801+0000] {dag.py:3089} INFO - Sync 1 DAGs
[2025-12-19T08:03:03.817+0000] {logging_mixin.py:188} INFO - [2025-12-19T08:03:03.817+0000] {dag.py:3947} INFO - Setting next_dagrun for example_branch_operator to 2025-12-18 00:00:00+00:00, run_after=2025-12-19 00:00:00+00:00
[2025-12-19T08:03:03.828+0000] {processor.py:183} INFO - Processing /home/airflow/.local/lib/python3.12/site-packages/airflow/example_dags/example_branch_operator.py took 0.072 seconds
[2025-12-19T09:19:30.558+0000] {processor.py:161} INFO - Started process (PID=58077) to work on /home/airflow/.local/lib/python3.12/site-packages/airflow/example_dags/example_branch_operator.py
[2025-12-19T09:19:30.560+0000] {processor.py:830} INFO - Processing file /home/airflow/.local/lib/python3.12/site-packages/airflow/example_dags/example_branch_operator.py for tasks to queue
[2025-12-19T09:19:30.561+0000] {logging_mixin.py:188} INFO - [2025-12-19T09:19:30.561+0000] {dagbag.py:545} INFO - Filling up the DagBag from /home/airflow/.local/lib/python3.12/site-packages/airflow/example_dags/example_branch_operator.py
[2025-12-19T09:19:30.579+0000] {processor.py:840} INFO - DAG(s) 'example_branch_operator' retrieved from /home/airflow/.local/lib/python3.12/site-packages/airflow/example_dags/example_branch_operator.py
[2025-12-19T09:19:30.607+0000] {logging_mixin.py:188} INFO - [2025-12-19T09:19:30.607+0000] {dag.py:3089} INFO - Sync 1 DAGs
[2025-12-19T09:19:30.626+0000] {logging_mixin.py:188} INFO - [2025-12-19T09:19:30.626+0000] {dag.py:3947} INFO - Setting next_dagrun for example_branch_operator to 2025-12-18 00:00:00+00:00, run_after=2025-12-19 00:00:00+00:00
[2025-12-19T09:19:30.649+0000] {processor.py:183} INFO - Processing /home/airflow/.local/lib/python3.12/site-packages/airflow/example_dags/example_branch_operator.py took 0.100 seconds
[2025-12-19T09:57:42.120+0000] {processor.py:161} INFO - Started process (PID=58136) to work on /home/airflow/.local/lib/python3.12/site-packages/airflow/example_dags/example_branch_operator.py
[2025-12-19T09:57:42.122+0000] {processor.py:830} INFO - Processing file /home/airflow/.local/lib/python3.12/site-packages/airflow/example_dags/example_branch_operator.py for tasks to queue
[2025-12-19T09:57:42.123+0000] {logging_mixin.py:188} INFO - [2025-12-19T09:57:42.122+0000] {dagbag.py:545} INFO - Filling up the DagBag from /home/airflow/.local/lib/python3.12/site-packages/airflow/example_dags/example_branch_operator.py
[2025-12-19T09:57:42.146+0000] {processor.py:840} INFO - DAG(s) 'example_branch_operator' retrieved from /home/airflow/.local/lib/python3.12/site-packages/airflow/example_dags/example_branch_operator.py
[2025-12-19T09:57:42.198+0000] {logging_mixin.py:188} INFO - [2025-12-19T09:57:42.197+0000] {dag.py:3089} INFO - Sync 1 DAGs
[2025-12-19T09:57:42.238+0000] {logging_mixin.py:188} INFO - [2025-12-19T09:57:42.237+0000] {dag.py:3947} INFO - Setting next_dagrun for example_branch_operator to 2025-12-18 00:00:00+00:00, run_after=2025-12-19 00:00:00+00:00
[2025-12-19T09:57:42.276+0000] {processor.py:183} INFO - Processing /home/airflow/.local/lib/python3.12/site-packages/airflow/example_dags/example_branch_operator.py took 0.164 seconds
[2025-12-19T10:46:51.861+0000] {processor.py:161} INFO - Started process (PID=58195) to work on /home/airflow/.local/lib/python3.12/site-packages/airflow/example_dags/example_branch_operator.py
[2025-12-19T10:46:51.868+0000] {processor.py:830} INFO - Processing file /home/airflow/.local/lib/python3.12/site-packages/airflow/example_dags/example_branch_operator.py for tasks to queue
[2025-12-19T10:46:51.870+0000] {logging_mixin.py:188} INFO - [2025-12-19T10:46:51.869+0000] {dagbag.py:545} INFO - Filling up the DagBag from /home/airflow/.local/lib/python3.12/site-packages/airflow/example_dags/example_branch_operator.py
[2025-12-19T10:46:51.898+0000] {processor.py:840} INFO - DAG(s) 'example_branch_operator' retrieved from /home/airflow/.local/lib/python3.12/site-packages/airflow/example_dags/example_branch_operator.py
[2025-12-19T10:46:51.944+0000] {logging_mixin.py:188} INFO - [2025-12-19T10:46:51.944+0000] {dag.py:3089} INFO - Sync 1 DAGs
[2025-12-19T10:46:51.971+0000] {logging_mixin.py:188} INFO - [2025-12-19T10:46:51.970+0000] {dag.py:3947} INFO - Setting next_dagrun for example_branch_operator to 2025-12-18 00:00:00+00:00, run_after=2025-12-19 00:00:00+00:00
[2025-12-19T10:46:52.000+0000] {processor.py:183} INFO - Processing /home/airflow/.local/lib/python3.12/site-packages/airflow/example_dags/example_branch_operator.py took 0.150 seconds
[2025-12-19T11:37:11.035+0000] {processor.py:161} INFO - Started process (PID=58254) to work on /home/airflow/.local/lib/python3.12/site-packages/airflow/example_dags/example_branch_operator.py
[2025-12-19T11:37:11.038+0000] {processor.py:830} INFO - Processing file /home/airflow/.local/lib/python3.12/site-packages/airflow/example_dags/example_branch_operator.py for tasks to queue
[2025-12-19T11:37:11.039+0000] {logging_mixin.py:188} INFO - [2025-12-19T11:37:11.039+0000] {dagbag.py:545} INFO - Filling up the DagBag from /home/airflow/.local/lib/python3.12/site-packages/airflow/example_dags/example_branch_operator.py
[2025-12-19T11:37:11.059+0000] {processor.py:840} INFO - DAG(s) 'example_branch_operator' retrieved from /home/airflow/.local/lib/python3.12/site-packages/airflow/example_dags/example_branch_operator.py
[2025-12-19T11:37:11.091+0000] {logging_mixin.py:188} INFO - [2025-12-19T11:37:11.091+0000] {dag.py:3089} INFO - Sync 1 DAGs
[2025-12-19T11:37:11.109+0000] {logging_mixin.py:188} INFO - [2025-12-19T11:37:11.109+0000] {dag.py:3947} INFO - Setting next_dagrun for example_branch_operator to 2025-12-18 00:00:00+00:00, run_after=2025-12-19 00:00:00+00:00
[2025-12-19T11:37:11.125+0000] {processor.py:183} INFO - Processing /home/airflow/.local/lib/python3.12/site-packages/airflow/example_dags/example_branch_operator.py took 0.096 seconds
[2025-12-19T12:40:32.305+0000] {processor.py:161} INFO - Started process (PID=58313) to work on /home/airflow/.local/lib/python3.12/site-packages/airflow/example_dags/example_branch_operator.py
[2025-12-19T12:40:32.308+0000] {processor.py:830} INFO - Processing file /home/airflow/.local/lib/python3.12/site-packages/airflow/example_dags/example_branch_operator.py for tasks to queue
[2025-12-19T12:40:32.311+0000] {logging_mixin.py:188} INFO - [2025-12-19T12:40:32.311+0000] {dagbag.py:545} INFO - Filling up the DagBag from /home/airflow/.local/lib/python3.12/site-packages/airflow/example_dags/example_branch_operator.py
[2025-12-19T12:40:32.336+0000] {processor.py:840} INFO - DAG(s) 'example_branch_operator' retrieved from /home/airflow/.local/lib/python3.12/site-packages/airflow/example_dags/example_branch_operator.py
[2025-12-19T12:40:32.380+0000] {logging_mixin.py:188} INFO - [2025-12-19T12:40:32.380+0000] {dag.py:3089} INFO - Sync 1 DAGs
[2025-12-19T12:40:32.417+0000] {logging_mixin.py:188} INFO - [2025-12-19T12:40:32.417+0000] {dag.py:3947} INFO - Setting next_dagrun for example_branch_operator to 2025-12-18 00:00:00+00:00, run_after=2025-12-19 00:00:00+00:00
[2025-12-19T12:40:32.445+0000] {processor.py:183} INFO - Processing /home/airflow/.local/lib/python3.12/site-packages/airflow/example_dags/example_branch_operator.py took 0.147 seconds
[2025-12-19T13:57:46.352+0000] {processor.py:161} INFO - Started process (PID=58372) to work on /home/airflow/.local/lib/python3.12/site-packages/airflow/example_dags/example_branch_operator.py
[2025-12-19T13:57:46.353+0000] {processor.py:830} INFO - Processing file /home/airflow/.local/lib/python3.12/site-packages/airflow/example_dags/example_branch_operator.py for tasks to queue
[2025-12-19T13:57:46.353+0000] {logging_mixin.py:188} INFO - [2025-12-19T13:57:46.353+0000] {dagbag.py:545} INFO - Filling up the DagBag from /home/airflow/.local/lib/python3.12/site-packages/airflow/example_dags/example_branch_operator.py
[2025-12-19T13:57:46.365+0000] {processor.py:840} INFO - DAG(s) 'example_branch_operator' retrieved from /home/airflow/.local/lib/python3.12/site-packages/airflow/example_dags/example_branch_operator.py
[2025-12-19T13:57:46.510+0000] {logging_mixin.py:188} INFO - [2025-12-19T13:57:46.510+0000] {dag.py:3089} INFO - Sync 1 DAGs
[2025-12-19T13:57:46.549+0000] {logging_mixin.py:188} INFO - [2025-12-19T13:57:46.549+0000] {dag.py:3947} INFO - Setting next_dagrun for example_branch_operator to 2025-12-18 00:00:00+00:00, run_after=2025-12-19 00:00:00+00:00
[2025-12-19T13:57:46.585+0000] {processor.py:183} INFO - Processing /home/airflow/.local/lib/python3.12/site-packages/airflow/example_dags/example_branch_operator.py took 0.237 seconds
[2025-12-19T14:41:24.831+0000] {processor.py:161} INFO - Started process (PID=58437) to work on /home/airflow/.local/lib/python3.12/site-packages/airflow/example_dags/example_branch_operator.py
[2025-12-19T14:41:24.832+0000] {processor.py:830} INFO - Processing file /home/airflow/.local/lib/python3.12/site-packages/airflow/example_dags/example_branch_operator.py for tasks to queue
[2025-12-19T14:41:24.833+0000] {logging_mixin.py:188} INFO - [2025-12-19T14:41:24.833+0000] {dagbag.py:545} INFO - Filling up the DagBag from /home/airflow/.local/lib/python3.12/site-packages/airflow/example_dags/example_branch_operator.py
[2025-12-19T14:41:24.849+0000] {processor.py:840} INFO - DAG(s) 'example_branch_operator' retrieved from /home/airflow/.local/lib/python3.12/site-packages/airflow/example_dags/example_branch_operator.py
[2025-12-19T14:41:24.872+0000] {logging_mixin.py:188} INFO - [2025-12-19T14:41:24.872+0000] {dag.py:3089} INFO - Sync 1 DAGs
[2025-12-19T14:41:24.888+0000] {logging_mixin.py:188} INFO - [2025-12-19T14:41:24.888+0000] {dag.py:3947} INFO - Setting next_dagrun for example_branch_operator to 2025-12-18 00:00:00+00:00, run_after=2025-12-19 00:00:00+00:00
[2025-12-19T14:41:24.912+0000] {processor.py:183} INFO - Processing /home/airflow/.local/lib/python3.12/site-packages/airflow/example_dags/example_branch_operator.py took 0.086 seconds
[2025-12-19T14:41:55.478+0000] {processor.py:161} INFO - Started process (PID=58496) to work on /home/airflow/.local/lib/python3.12/site-packages/airflow/example_dags/example_branch_operator.py
[2025-12-19T14:41:55.479+0000] {processor.py:830} INFO - Processing file /home/airflow/.local/lib/python3.12/site-packages/airflow/example_dags/example_branch_operator.py for tasks to queue
[2025-12-19T14:41:55.479+0000] {logging_mixin.py:188} INFO - [2025-12-19T14:41:55.479+0000] {dagbag.py:545} INFO - Filling up the DagBag from /home/airflow/.local/lib/python3.12/site-packages/airflow/example_dags/example_branch_operator.py
[2025-12-19T14:41:55.495+0000] {processor.py:840} INFO - DAG(s) 'example_branch_operator' retrieved from /home/airflow/.local/lib/python3.12/site-packages/airflow/example_dags/example_branch_operator.py
[2025-12-19T14:41:55.517+0000] {logging_mixin.py:188} INFO - [2025-12-19T14:41:55.517+0000] {dag.py:3089} INFO - Sync 1 DAGs
[2025-12-19T14:41:55.543+0000] {logging_mixin.py:188} INFO - [2025-12-19T14:41:55.543+0000] {dag.py:3947} INFO - Setting next_dagrun for example_branch_operator to 2025-12-18 00:00:00+00:00, run_after=2025-12-19 00:00:00+00:00
[2025-12-19T14:41:55.564+0000] {processor.py:183} INFO - Processing /home/airflow/.local/lib/python3.12/site-packages/airflow/example_dags/example_branch_operator.py took 0.090 seconds
