[2025-12-19T01:08:00.639+0000] {processor.py:161} INFO - Started process (PID=57688) to work on /home/airflow/.local/lib/python3.12/site-packages/airflow/example_dags/example_branch_operator_decorator.py
[2025-12-19T01:08:00.639+0000] {processor.py:830} INFO - Processing file /home/airflow/.local/lib/python3.12/site-packages/airflow/example_dags/example_branch_operator_decorator.py for tasks to queue
[2025-12-19T01:08:00.640+0000] {logging_mixin.py:188} INFO - [2025-12-19T01:08:00.640+0000] {dagbag.py:545} INFO - Filling up the DagBag from /home/airflow/.local/lib/python3.12/site-packages/airflow/example_dags/example_branch_operator_decorator.py
[2025-12-19T01:08:00.648+0000] {processor.py:840} INFO - DAG(s) 'example_branch_python_operator_decorator' retrieved from /home/airflow/.local/lib/python3.12/site-packages/airflow/example_dags/example_branch_operator_decorator.py
[2025-12-19T01:08:00.659+0000] {logging_mixin.py:188} INFO - [2025-12-19T01:08:00.659+0000] {dag.py:3089} INFO - Sync 1 DAGs
[2025-12-19T01:08:00.667+0000] {logging_mixin.py:188} INFO - [2025-12-19T01:08:00.667+0000] {dag.py:3947} INFO - Setting next_dagrun for example_branch_python_operator_decorator to 2025-12-18 00:00:00+00:00, run_after=2025-12-19 00:00:00+00:00
[2025-12-19T01:08:00.673+0000] {processor.py:183} INFO - Processing /home/airflow/.local/lib/python3.12/site-packages/airflow/example_dags/example_branch_operator_decorator.py took 0.040 seconds
[2025-12-19T02:16:04.173+0000] {processor.py:161} INFO - Started process (PID=57747) to work on /home/airflow/.local/lib/python3.12/site-packages/airflow/example_dags/example_branch_operator_decorator.py
[2025-12-19T02:16:04.174+0000] {processor.py:830} INFO - Processing file /home/airflow/.local/lib/python3.12/site-packages/airflow/example_dags/example_branch_operator_decorator.py for tasks to queue
[2025-12-19T02:16:04.174+0000] {logging_mixin.py:188} INFO - [2025-12-19T02:16:04.174+0000] {dagbag.py:545} INFO - Filling up the DagBag from /home/airflow/.local/lib/python3.12/site-packages/airflow/example_dags/example_branch_operator_decorator.py
[2025-12-19T02:16:04.184+0000] {processor.py:840} INFO - DAG(s) 'example_branch_python_operator_decorator' retrieved from /home/airflow/.local/lib/python3.12/site-packages/airflow/example_dags/example_branch_operator_decorator.py
[2025-12-19T02:16:04.200+0000] {logging_mixin.py:188} INFO - [2025-12-19T02:16:04.200+0000] {dag.py:3089} INFO - Sync 1 DAGs
[2025-12-19T02:16:04.209+0000] {logging_mixin.py:188} INFO - [2025-12-19T02:16:04.209+0000] {dag.py:3947} INFO - Setting next_dagrun for example_branch_python_operator_decorator to 2025-12-18 00:00:00+00:00, run_after=2025-12-19 00:00:00+00:00
[2025-12-19T02:16:04.218+0000] {processor.py:183} INFO - Processing /home/airflow/.local/lib/python3.12/site-packages/airflow/example_dags/example_branch_operator_decorator.py took 0.048 seconds
[2025-12-19T03:53:38.629+0000] {processor.py:161} INFO - Started process (PID=57806) to work on /home/airflow/.local/lib/python3.12/site-packages/airflow/example_dags/example_branch_operator_decorator.py
[2025-12-19T03:53:38.629+0000] {processor.py:830} INFO - Processing file /home/airflow/.local/lib/python3.12/site-packages/airflow/example_dags/example_branch_operator_decorator.py for tasks to queue
[2025-12-19T03:53:38.630+0000] {logging_mixin.py:188} INFO - [2025-12-19T03:53:38.630+0000] {dagbag.py:545} INFO - Filling up the DagBag from /home/airflow/.local/lib/python3.12/site-packages/airflow/example_dags/example_branch_operator_decorator.py
[2025-12-19T03:53:38.641+0000] {processor.py:840} INFO - DAG(s) 'example_branch_python_operator_decorator' retrieved from /home/airflow/.local/lib/python3.12/site-packages/airflow/example_dags/example_branch_operator_decorator.py
[2025-12-19T03:53:38.655+0000] {logging_mixin.py:188} INFO - [2025-12-19T03:53:38.655+0000] {dag.py:3089} INFO - Sync 1 DAGs
[2025-12-19T03:53:38.669+0000] {logging_mixin.py:188} INFO - [2025-12-19T03:53:38.669+0000] {dag.py:3947} INFO - Setting next_dagrun for example_branch_python_operator_decorator to 2025-12-18 00:00:00+00:00, run_after=2025-12-19 00:00:00+00:00
[2025-12-19T03:53:38.682+0000] {processor.py:183} INFO - Processing /home/airflow/.local/lib/python3.12/site-packages/airflow/example_dags/example_branch_operator_decorator.py took 0.057 seconds
[2025-12-19T05:18:12.152+0000] {processor.py:161} INFO - Started process (PID=57865) to work on /home/airflow/.local/lib/python3.12/site-packages/airflow/example_dags/example_branch_operator_decorator.py
[2025-12-19T05:18:12.152+0000] {processor.py:830} INFO - Processing file /home/airflow/.local/lib/python3.12/site-packages/airflow/example_dags/example_branch_operator_decorator.py for tasks to queue
[2025-12-19T05:18:12.156+0000] {logging_mixin.py:188} INFO - [2025-12-19T05:18:12.156+0000] {dagbag.py:545} INFO - Filling up the DagBag from /home/airflow/.local/lib/python3.12/site-packages/airflow/example_dags/example_branch_operator_decorator.py
[2025-12-19T05:18:12.165+0000] {processor.py:840} INFO - DAG(s) 'example_branch_python_operator_decorator' retrieved from /home/airflow/.local/lib/python3.12/site-packages/airflow/example_dags/example_branch_operator_decorator.py
[2025-12-19T05:18:12.183+0000] {logging_mixin.py:188} INFO - [2025-12-19T05:18:12.183+0000] {dag.py:3089} INFO - Sync 1 DAGs
[2025-12-19T05:18:12.193+0000] {logging_mixin.py:188} INFO - [2025-12-19T05:18:12.193+0000] {dag.py:3947} INFO - Setting next_dagrun for example_branch_python_operator_decorator to 2025-12-18 00:00:00+00:00, run_after=2025-12-19 00:00:00+00:00
[2025-12-19T05:18:12.200+0000] {processor.py:183} INFO - Processing /home/airflow/.local/lib/python3.12/site-packages/airflow/example_dags/example_branch_operator_decorator.py took 0.054 seconds
[2025-12-19T06:58:36.619+0000] {processor.py:161} INFO - Started process (PID=57924) to work on /home/airflow/.local/lib/python3.12/site-packages/airflow/example_dags/example_branch_operator_decorator.py
[2025-12-19T06:58:36.621+0000] {processor.py:830} INFO - Processing file /home/airflow/.local/lib/python3.12/site-packages/airflow/example_dags/example_branch_operator_decorator.py for tasks to queue
[2025-12-19T06:58:36.621+0000] {logging_mixin.py:188} INFO - [2025-12-19T06:58:36.621+0000] {dagbag.py:545} INFO - Filling up the DagBag from /home/airflow/.local/lib/python3.12/site-packages/airflow/example_dags/example_branch_operator_decorator.py
[2025-12-19T06:58:36.632+0000] {processor.py:840} INFO - DAG(s) 'example_branch_python_operator_decorator' retrieved from /home/airflow/.local/lib/python3.12/site-packages/airflow/example_dags/example_branch_operator_decorator.py
[2025-12-19T06:58:36.650+0000] {logging_mixin.py:188} INFO - [2025-12-19T06:58:36.650+0000] {dag.py:3089} INFO - Sync 1 DAGs
[2025-12-19T06:58:36.662+0000] {logging_mixin.py:188} INFO - [2025-12-19T06:58:36.662+0000] {dag.py:3947} INFO - Setting next_dagrun for example_branch_python_operator_decorator to 2025-12-18 00:00:00+00:00, run_after=2025-12-19 00:00:00+00:00
[2025-12-19T06:58:36.674+0000] {processor.py:183} INFO - Processing /home/airflow/.local/lib/python3.12/site-packages/airflow/example_dags/example_branch_operator_decorator.py took 0.058 seconds
[2025-12-19T08:03:02.406+0000] {processor.py:161} INFO - Started process (PID=57983) to work on /home/airflow/.local/lib/python3.12/site-packages/airflow/example_dags/example_branch_operator_decorator.py
[2025-12-19T08:03:02.406+0000] {processor.py:830} INFO - Processing file /home/airflow/.local/lib/python3.12/site-packages/airflow/example_dags/example_branch_operator_decorator.py for tasks to queue
[2025-12-19T08:03:02.407+0000] {logging_mixin.py:188} INFO - [2025-12-19T08:03:02.406+0000] {dagbag.py:545} INFO - Filling up the DagBag from /home/airflow/.local/lib/python3.12/site-packages/airflow/example_dags/example_branch_operator_decorator.py
[2025-12-19T08:03:02.416+0000] {processor.py:840} INFO - DAG(s) 'example_branch_python_operator_decorator' retrieved from /home/airflow/.local/lib/python3.12/site-packages/airflow/example_dags/example_branch_operator_decorator.py
[2025-12-19T08:03:02.430+0000] {logging_mixin.py:188} INFO - [2025-12-19T08:03:02.430+0000] {dag.py:3089} INFO - Sync 1 DAGs
[2025-12-19T08:03:02.440+0000] {logging_mixin.py:188} INFO - [2025-12-19T08:03:02.440+0000] {dag.py:3947} INFO - Setting next_dagrun for example_branch_python_operator_decorator to 2025-12-18 00:00:00+00:00, run_after=2025-12-19 00:00:00+00:00
[2025-12-19T08:03:02.448+0000] {processor.py:183} INFO - Processing /home/airflow/.local/lib/python3.12/site-packages/airflow/example_dags/example_branch_operator_decorator.py took 0.046 seconds
[2025-12-19T09:19:28.734+0000] {processor.py:161} INFO - Started process (PID=58042) to work on /home/airflow/.local/lib/python3.12/site-packages/airflow/example_dags/example_branch_operator_decorator.py
[2025-12-19T09:19:28.736+0000] {processor.py:830} INFO - Processing file /home/airflow/.local/lib/python3.12/site-packages/airflow/example_dags/example_branch_operator_decorator.py for tasks to queue
[2025-12-19T09:19:28.737+0000] {logging_mixin.py:188} INFO - [2025-12-19T09:19:28.737+0000] {dagbag.py:545} INFO - Filling up the DagBag from /home/airflow/.local/lib/python3.12/site-packages/airflow/example_dags/example_branch_operator_decorator.py
[2025-12-19T09:19:28.754+0000] {processor.py:840} INFO - DAG(s) 'example_branch_python_operator_decorator' retrieved from /home/airflow/.local/lib/python3.12/site-packages/airflow/example_dags/example_branch_operator_decorator.py
[2025-12-19T09:19:28.785+0000] {logging_mixin.py:188} INFO - [2025-12-19T09:19:28.785+0000] {dag.py:3089} INFO - Sync 1 DAGs
[2025-12-19T09:19:28.806+0000] {logging_mixin.py:188} INFO - [2025-12-19T09:19:28.806+0000] {dag.py:3947} INFO - Setting next_dagrun for example_branch_python_operator_decorator to 2025-12-18 00:00:00+00:00, run_after=2025-12-19 00:00:00+00:00
[2025-12-19T09:19:28.823+0000] {processor.py:183} INFO - Processing /home/airflow/.local/lib/python3.12/site-packages/airflow/example_dags/example_branch_operator_decorator.py took 0.099 seconds
[2025-12-19T09:57:38.579+0000] {processor.py:161} INFO - Started process (PID=58101) to work on /home/airflow/.local/lib/python3.12/site-packages/airflow/example_dags/example_branch_operator_decorator.py
[2025-12-19T09:57:38.580+0000] {processor.py:830} INFO - Processing file /home/airflow/.local/lib/python3.12/site-packages/airflow/example_dags/example_branch_operator_decorator.py for tasks to queue
[2025-12-19T09:57:38.581+0000] {logging_mixin.py:188} INFO - [2025-12-19T09:57:38.580+0000] {dagbag.py:545} INFO - Filling up the DagBag from /home/airflow/.local/lib/python3.12/site-packages/airflow/example_dags/example_branch_operator_decorator.py
[2025-12-19T09:57:38.599+0000] {processor.py:840} INFO - DAG(s) 'example_branch_python_operator_decorator' retrieved from /home/airflow/.local/lib/python3.12/site-packages/airflow/example_dags/example_branch_operator_decorator.py
[2025-12-19T09:57:38.629+0000] {logging_mixin.py:188} INFO - [2025-12-19T09:57:38.629+0000] {dag.py:3089} INFO - Sync 1 DAGs
[2025-12-19T09:57:38.652+0000] {logging_mixin.py:188} INFO - [2025-12-19T09:57:38.652+0000] {dag.py:3947} INFO - Setting next_dagrun for example_branch_python_operator_decorator to 2025-12-18 00:00:00+00:00, run_after=2025-12-19 00:00:00+00:00
[2025-12-19T09:57:38.668+0000] {processor.py:183} INFO - Processing /home/airflow/.local/lib/python3.12/site-packages/airflow/example_dags/example_branch_operator_decorator.py took 0.095 seconds
[2025-12-19T10:46:47.199+0000] {processor.py:161} INFO - Started process (PID=58160) to work on /home/airflow/.local/lib/python3.12/site-packages/airflow/example_dags/example_branch_operator_decorator.py
[2025-12-19T10:46:47.201+0000] {processor.py:830} INFO - Processing file /home/airflow/.local/lib/python3.12/site-packages/airflow/example_dags/example_branch_operator_decorator.py for tasks to queue
[2025-12-19T10:46:47.203+0000] {logging_mixin.py:188} INFO - [2025-12-19T10:46:47.203+0000] {dagbag.py:545} INFO - Filling up the DagBag from /home/airflow/.local/lib/python3.12/site-packages/airflow/example_dags/example_branch_operator_decorator.py
[2025-12-19T10:46:47.258+0000] {processor.py:840} INFO - DAG(s) 'example_branch_python_operator_decorator' retrieved from /home/airflow/.local/lib/python3.12/site-packages/airflow/example_dags/example_branch_operator_decorator.py
[2025-12-19T10:46:47.319+0000] {logging_mixin.py:188} INFO - [2025-12-19T10:46:47.318+0000] {dag.py:3089} INFO - Sync 1 DAGs
[2025-12-19T10:46:47.363+0000] {logging_mixin.py:188} INFO - [2025-12-19T10:46:47.362+0000] {dag.py:3947} INFO - Setting next_dagrun for example_branch_python_operator_decorator to 2025-12-18 00:00:00+00:00, run_after=2025-12-19 00:00:00+00:00
[2025-12-19T10:46:47.421+0000] {processor.py:183} INFO - Processing /home/airflow/.local/lib/python3.12/site-packages/airflow/example_dags/example_branch_operator_decorator.py took 0.230 seconds
[2025-12-19T11:37:07.824+0000] {processor.py:161} INFO - Started process (PID=58219) to work on /home/airflow/.local/lib/python3.12/site-packages/airflow/example_dags/example_branch_operator_decorator.py
[2025-12-19T11:37:07.827+0000] {processor.py:830} INFO - Processing file /home/airflow/.local/lib/python3.12/site-packages/airflow/example_dags/example_branch_operator_decorator.py for tasks to queue
[2025-12-19T11:37:07.829+0000] {logging_mixin.py:188} INFO - [2025-12-19T11:37:07.829+0000] {dagbag.py:545} INFO - Filling up the DagBag from /home/airflow/.local/lib/python3.12/site-packages/airflow/example_dags/example_branch_operator_decorator.py
[2025-12-19T11:37:07.863+0000] {processor.py:840} INFO - DAG(s) 'example_branch_python_operator_decorator' retrieved from /home/airflow/.local/lib/python3.12/site-packages/airflow/example_dags/example_branch_operator_decorator.py
[2025-12-19T11:37:07.908+0000] {logging_mixin.py:188} INFO - [2025-12-19T11:37:07.907+0000] {dag.py:3089} INFO - Sync 1 DAGs
[2025-12-19T11:37:07.936+0000] {logging_mixin.py:188} INFO - [2025-12-19T11:37:07.935+0000] {dag.py:3947} INFO - Setting next_dagrun for example_branch_python_operator_decorator to 2025-12-18 00:00:00+00:00, run_after=2025-12-19 00:00:00+00:00
[2025-12-19T11:37:07.956+0000] {processor.py:183} INFO - Processing /home/airflow/.local/lib/python3.12/site-packages/airflow/example_dags/example_branch_operator_decorator.py took 0.141 seconds
[2025-12-19T12:40:30.074+0000] {processor.py:161} INFO - Started process (PID=58278) to work on /home/airflow/.local/lib/python3.12/site-packages/airflow/example_dags/example_branch_operator_decorator.py
[2025-12-19T12:40:30.076+0000] {processor.py:830} INFO - Processing file /home/airflow/.local/lib/python3.12/site-packages/airflow/example_dags/example_branch_operator_decorator.py for tasks to queue
[2025-12-19T12:40:30.077+0000] {logging_mixin.py:188} INFO - [2025-12-19T12:40:30.077+0000] {dagbag.py:545} INFO - Filling up the DagBag from /home/airflow/.local/lib/python3.12/site-packages/airflow/example_dags/example_branch_operator_decorator.py
[2025-12-19T12:40:30.093+0000] {processor.py:840} INFO - DAG(s) 'example_branch_python_operator_decorator' retrieved from /home/airflow/.local/lib/python3.12/site-packages/airflow/example_dags/example_branch_operator_decorator.py
[2025-12-19T12:40:30.116+0000] {logging_mixin.py:188} INFO - [2025-12-19T12:40:30.115+0000] {dag.py:3089} INFO - Sync 1 DAGs
[2025-12-19T12:40:30.134+0000] {logging_mixin.py:188} INFO - [2025-12-19T12:40:30.134+0000] {dag.py:3947} INFO - Setting next_dagrun for example_branch_python_operator_decorator to 2025-12-18 00:00:00+00:00, run_after=2025-12-19 00:00:00+00:00
[2025-12-19T12:40:30.158+0000] {processor.py:183} INFO - Processing /home/airflow/.local/lib/python3.12/site-packages/airflow/example_dags/example_branch_operator_decorator.py took 0.089 seconds
[2025-12-19T13:57:44.712+0000] {processor.py:161} INFO - Started process (PID=58337) to work on /home/airflow/.local/lib/python3.12/site-packages/airflow/example_dags/example_branch_operator_decorator.py
[2025-12-19T13:57:44.714+0000] {processor.py:830} INFO - Processing file /home/airflow/.local/lib/python3.12/site-packages/airflow/example_dags/example_branch_operator_decorator.py for tasks to queue
[2025-12-19T13:57:44.715+0000] {logging_mixin.py:188} INFO - [2025-12-19T13:57:44.714+0000] {dagbag.py:545} INFO - Filling up the DagBag from /home/airflow/.local/lib/python3.12/site-packages/airflow/example_dags/example_branch_operator_decorator.py
[2025-12-19T13:57:44.728+0000] {processor.py:840} INFO - DAG(s) 'example_branch_python_operator_decorator' retrieved from /home/airflow/.local/lib/python3.12/site-packages/airflow/example_dags/example_branch_operator_decorator.py
[2025-12-19T13:57:44.753+0000] {logging_mixin.py:188} INFO - [2025-12-19T13:57:44.753+0000] {dag.py:3089} INFO - Sync 1 DAGs
[2025-12-19T13:57:44.776+0000] {logging_mixin.py:188} INFO - [2025-12-19T13:57:44.776+0000] {dag.py:3947} INFO - Setting next_dagrun for example_branch_python_operator_decorator to 2025-12-18 00:00:00+00:00, run_after=2025-12-19 00:00:00+00:00
[2025-12-19T13:57:44.795+0000] {processor.py:183} INFO - Processing /home/airflow/.local/lib/python3.12/site-packages/airflow/example_dags/example_branch_operator_decorator.py took 0.087 seconds
[2025-12-19T14:41:22.948+0000] {processor.py:161} INFO - Started process (PID=58402) to work on /home/airflow/.local/lib/python3.12/site-packages/airflow/example_dags/example_branch_operator_decorator.py
[2025-12-19T14:41:22.949+0000] {processor.py:830} INFO - Processing file /home/airflow/.local/lib/python3.12/site-packages/airflow/example_dags/example_branch_operator_decorator.py for tasks to queue
[2025-12-19T14:41:22.950+0000] {logging_mixin.py:188} INFO - [2025-12-19T14:41:22.950+0000] {dagbag.py:545} INFO - Filling up the DagBag from /home/airflow/.local/lib/python3.12/site-packages/airflow/example_dags/example_branch_operator_decorator.py
[2025-12-19T14:41:22.980+0000] {processor.py:840} INFO - DAG(s) 'example_branch_python_operator_decorator' retrieved from /home/airflow/.local/lib/python3.12/site-packages/airflow/example_dags/example_branch_operator_decorator.py
[2025-12-19T14:41:23.013+0000] {logging_mixin.py:188} INFO - [2025-12-19T14:41:23.012+0000] {dag.py:3089} INFO - Sync 1 DAGs
[2025-12-19T14:41:23.037+0000] {logging_mixin.py:188} INFO - [2025-12-19T14:41:23.036+0000] {dag.py:3947} INFO - Setting next_dagrun for example_branch_python_operator_decorator to 2025-12-18 00:00:00+00:00, run_after=2025-12-19 00:00:00+00:00
[2025-12-19T14:41:23.058+0000] {processor.py:183} INFO - Processing /home/airflow/.local/lib/python3.12/site-packages/airflow/example_dags/example_branch_operator_decorator.py took 0.117 seconds
[2025-12-19T14:41:53.735+0000] {processor.py:161} INFO - Started process (PID=58461) to work on /home/airflow/.local/lib/python3.12/site-packages/airflow/example_dags/example_branch_operator_decorator.py
[2025-12-19T14:41:53.735+0000] {processor.py:830} INFO - Processing file /home/airflow/.local/lib/python3.12/site-packages/airflow/example_dags/example_branch_operator_decorator.py for tasks to queue
[2025-12-19T14:41:53.736+0000] {logging_mixin.py:188} INFO - [2025-12-19T14:41:53.735+0000] {dagbag.py:545} INFO - Filling up the DagBag from /home/airflow/.local/lib/python3.12/site-packages/airflow/example_dags/example_branch_operator_decorator.py
[2025-12-19T14:41:53.748+0000] {processor.py:840} INFO - DAG(s) 'example_branch_python_operator_decorator' retrieved from /home/airflow/.local/lib/python3.12/site-packages/airflow/example_dags/example_branch_operator_decorator.py
[2025-12-19T14:41:53.765+0000] {logging_mixin.py:188} INFO - [2025-12-19T14:41:53.764+0000] {dag.py:3089} INFO - Sync 1 DAGs
[2025-12-19T14:41:53.781+0000] {logging_mixin.py:188} INFO - [2025-12-19T14:41:53.781+0000] {dag.py:3947} INFO - Setting next_dagrun for example_branch_python_operator_decorator to 2025-12-18 00:00:00+00:00, run_after=2025-12-19 00:00:00+00:00
[2025-12-19T14:41:53.792+0000] {processor.py:183} INFO - Processing /home/airflow/.local/lib/python3.12/site-packages/airflow/example_dags/example_branch_operator_decorator.py took 0.061 seconds
