[2025-12-19T01:08:01.965+0000] {processor.py:161} INFO - Started process (PID=57716) to work on /home/airflow/.local/lib/python3.12/site-packages/airflow/example_dags/example_params_trigger_ui.py
[2025-12-19T01:08:01.966+0000] {processor.py:830} INFO - Processing file /home/airflow/.local/lib/python3.12/site-packages/airflow/example_dags/example_params_trigger_ui.py for tasks to queue
[2025-12-19T01:08:01.968+0000] {logging_mixin.py:188} INFO - [2025-12-19T01:08:01.968+0000] {dagbag.py:545} INFO - Filling up the DagBag from /home/airflow/.local/lib/python3.12/site-packages/airflow/example_dags/example_params_trigger_ui.py
[2025-12-19T01:08:01.978+0000] {processor.py:840} INFO - DAG(s) 'example_params_trigger_ui' retrieved from /home/airflow/.local/lib/python3.12/site-packages/airflow/example_dags/example_params_trigger_ui.py
[2025-12-19T01:08:02.006+0000] {logging_mixin.py:188} INFO - [2025-12-19T01:08:02.006+0000] {dag.py:3089} INFO - Sync 1 DAGs
[2025-12-19T01:08:02.015+0000] {logging_mixin.py:188} INFO - [2025-12-19T01:08:02.015+0000] {dag.py:3947} INFO - Setting next_dagrun for example_params_trigger_ui to None, run_after=None
[2025-12-19T01:08:02.029+0000] {processor.py:183} INFO - Processing /home/airflow/.local/lib/python3.12/site-packages/airflow/example_dags/example_params_trigger_ui.py took 0.069 seconds
[2025-12-19T02:16:05.041+0000] {processor.py:161} INFO - Started process (PID=57775) to work on /home/airflow/.local/lib/python3.12/site-packages/airflow/example_dags/example_params_trigger_ui.py
[2025-12-19T02:16:05.043+0000] {processor.py:830} INFO - Processing file /home/airflow/.local/lib/python3.12/site-packages/airflow/example_dags/example_params_trigger_ui.py for tasks to queue
[2025-12-19T02:16:05.043+0000] {logging_mixin.py:188} INFO - [2025-12-19T02:16:05.043+0000] {dagbag.py:545} INFO - Filling up the DagBag from /home/airflow/.local/lib/python3.12/site-packages/airflow/example_dags/example_params_trigger_ui.py
[2025-12-19T02:16:05.047+0000] {processor.py:840} INFO - DAG(s) 'example_params_trigger_ui' retrieved from /home/airflow/.local/lib/python3.12/site-packages/airflow/example_dags/example_params_trigger_ui.py
[2025-12-19T02:16:05.078+0000] {logging_mixin.py:188} INFO - [2025-12-19T02:16:05.078+0000] {dag.py:3089} INFO - Sync 1 DAGs
[2025-12-19T02:16:05.084+0000] {logging_mixin.py:188} INFO - [2025-12-19T02:16:05.084+0000] {dag.py:3947} INFO - Setting next_dagrun for example_params_trigger_ui to None, run_after=None
[2025-12-19T02:16:05.096+0000] {processor.py:183} INFO - Processing /home/airflow/.local/lib/python3.12/site-packages/airflow/example_dags/example_params_trigger_ui.py took 0.058 seconds
[2025-12-19T03:53:39.480+0000] {processor.py:161} INFO - Started process (PID=57834) to work on /home/airflow/.local/lib/python3.12/site-packages/airflow/example_dags/example_params_trigger_ui.py
[2025-12-19T03:53:39.481+0000] {processor.py:830} INFO - Processing file /home/airflow/.local/lib/python3.12/site-packages/airflow/example_dags/example_params_trigger_ui.py for tasks to queue
[2025-12-19T03:53:39.481+0000] {logging_mixin.py:188} INFO - [2025-12-19T03:53:39.481+0000] {dagbag.py:545} INFO - Filling up the DagBag from /home/airflow/.local/lib/python3.12/site-packages/airflow/example_dags/example_params_trigger_ui.py
[2025-12-19T03:53:39.487+0000] {processor.py:840} INFO - DAG(s) 'example_params_trigger_ui' retrieved from /home/airflow/.local/lib/python3.12/site-packages/airflow/example_dags/example_params_trigger_ui.py
[2025-12-19T03:53:39.506+0000] {logging_mixin.py:188} INFO - [2025-12-19T03:53:39.506+0000] {dag.py:3089} INFO - Sync 1 DAGs
[2025-12-19T03:53:39.515+0000] {logging_mixin.py:188} INFO - [2025-12-19T03:53:39.515+0000] {dag.py:3947} INFO - Setting next_dagrun for example_params_trigger_ui to None, run_after=None
[2025-12-19T03:53:39.523+0000] {processor.py:183} INFO - Processing /home/airflow/.local/lib/python3.12/site-packages/airflow/example_dags/example_params_trigger_ui.py took 0.045 seconds
[2025-12-19T05:18:12.994+0000] {processor.py:161} INFO - Started process (PID=57893) to work on /home/airflow/.local/lib/python3.12/site-packages/airflow/example_dags/example_params_trigger_ui.py
[2025-12-19T05:18:12.997+0000] {processor.py:830} INFO - Processing file /home/airflow/.local/lib/python3.12/site-packages/airflow/example_dags/example_params_trigger_ui.py for tasks to queue
[2025-12-19T05:18:12.998+0000] {logging_mixin.py:188} INFO - [2025-12-19T05:18:12.998+0000] {dagbag.py:545} INFO - Filling up the DagBag from /home/airflow/.local/lib/python3.12/site-packages/airflow/example_dags/example_params_trigger_ui.py
[2025-12-19T05:18:13.003+0000] {processor.py:840} INFO - DAG(s) 'example_params_trigger_ui' retrieved from /home/airflow/.local/lib/python3.12/site-packages/airflow/example_dags/example_params_trigger_ui.py
[2025-12-19T05:18:13.026+0000] {logging_mixin.py:188} INFO - [2025-12-19T05:18:13.026+0000] {dag.py:3089} INFO - Sync 1 DAGs
[2025-12-19T05:18:13.031+0000] {logging_mixin.py:188} INFO - [2025-12-19T05:18:13.031+0000] {dag.py:3947} INFO - Setting next_dagrun for example_params_trigger_ui to None, run_after=None
[2025-12-19T05:18:13.038+0000] {processor.py:183} INFO - Processing /home/airflow/.local/lib/python3.12/site-packages/airflow/example_dags/example_params_trigger_ui.py took 0.047 seconds
[2025-12-19T06:58:37.481+0000] {processor.py:161} INFO - Started process (PID=57952) to work on /home/airflow/.local/lib/python3.12/site-packages/airflow/example_dags/example_params_trigger_ui.py
[2025-12-19T06:58:37.481+0000] {processor.py:830} INFO - Processing file /home/airflow/.local/lib/python3.12/site-packages/airflow/example_dags/example_params_trigger_ui.py for tasks to queue
[2025-12-19T06:58:37.482+0000] {logging_mixin.py:188} INFO - [2025-12-19T06:58:37.482+0000] {dagbag.py:545} INFO - Filling up the DagBag from /home/airflow/.local/lib/python3.12/site-packages/airflow/example_dags/example_params_trigger_ui.py
[2025-12-19T06:58:37.488+0000] {processor.py:840} INFO - DAG(s) 'example_params_trigger_ui' retrieved from /home/airflow/.local/lib/python3.12/site-packages/airflow/example_dags/example_params_trigger_ui.py
[2025-12-19T06:58:37.511+0000] {logging_mixin.py:188} INFO - [2025-12-19T06:58:37.511+0000] {dag.py:3089} INFO - Sync 1 DAGs
[2025-12-19T06:58:37.518+0000] {logging_mixin.py:188} INFO - [2025-12-19T06:58:37.518+0000] {dag.py:3947} INFO - Setting next_dagrun for example_params_trigger_ui to None, run_after=None
[2025-12-19T06:58:37.527+0000] {processor.py:183} INFO - Processing /home/airflow/.local/lib/python3.12/site-packages/airflow/example_dags/example_params_trigger_ui.py took 0.051 seconds
[2025-12-19T08:03:03.477+0000] {processor.py:161} INFO - Started process (PID=58011) to work on /home/airflow/.local/lib/python3.12/site-packages/airflow/example_dags/example_params_trigger_ui.py
[2025-12-19T08:03:03.479+0000] {processor.py:830} INFO - Processing file /home/airflow/.local/lib/python3.12/site-packages/airflow/example_dags/example_params_trigger_ui.py for tasks to queue
[2025-12-19T08:03:03.480+0000] {logging_mixin.py:188} INFO - [2025-12-19T08:03:03.480+0000] {dagbag.py:545} INFO - Filling up the DagBag from /home/airflow/.local/lib/python3.12/site-packages/airflow/example_dags/example_params_trigger_ui.py
[2025-12-19T08:03:03.487+0000] {processor.py:840} INFO - DAG(s) 'example_params_trigger_ui' retrieved from /home/airflow/.local/lib/python3.12/site-packages/airflow/example_dags/example_params_trigger_ui.py
[2025-12-19T08:03:03.514+0000] {logging_mixin.py:188} INFO - [2025-12-19T08:03:03.513+0000] {dag.py:3089} INFO - Sync 1 DAGs
[2025-12-19T08:03:03.524+0000] {logging_mixin.py:188} INFO - [2025-12-19T08:03:03.524+0000] {dag.py:3947} INFO - Setting next_dagrun for example_params_trigger_ui to None, run_after=None
[2025-12-19T08:03:03.537+0000] {processor.py:183} INFO - Processing /home/airflow/.local/lib/python3.12/site-packages/airflow/example_dags/example_params_trigger_ui.py took 0.064 seconds
[2025-12-19T09:19:30.185+0000] {processor.py:161} INFO - Started process (PID=58070) to work on /home/airflow/.local/lib/python3.12/site-packages/airflow/example_dags/example_params_trigger_ui.py
[2025-12-19T09:19:30.185+0000] {processor.py:830} INFO - Processing file /home/airflow/.local/lib/python3.12/site-packages/airflow/example_dags/example_params_trigger_ui.py for tasks to queue
[2025-12-19T09:19:30.186+0000] {logging_mixin.py:188} INFO - [2025-12-19T09:19:30.186+0000] {dagbag.py:545} INFO - Filling up the DagBag from /home/airflow/.local/lib/python3.12/site-packages/airflow/example_dags/example_params_trigger_ui.py
[2025-12-19T09:19:30.196+0000] {processor.py:840} INFO - DAG(s) 'example_params_trigger_ui' retrieved from /home/airflow/.local/lib/python3.12/site-packages/airflow/example_dags/example_params_trigger_ui.py
[2025-12-19T09:19:30.226+0000] {logging_mixin.py:188} INFO - [2025-12-19T09:19:30.226+0000] {dag.py:3089} INFO - Sync 1 DAGs
[2025-12-19T09:19:30.235+0000] {logging_mixin.py:188} INFO - [2025-12-19T09:19:30.235+0000] {dag.py:3947} INFO - Setting next_dagrun for example_params_trigger_ui to None, run_after=None
[2025-12-19T09:19:30.251+0000] {processor.py:183} INFO - Processing /home/airflow/.local/lib/python3.12/site-packages/airflow/example_dags/example_params_trigger_ui.py took 0.071 seconds
[2025-12-19T09:57:40.473+0000] {processor.py:161} INFO - Started process (PID=58129) to work on /home/airflow/.local/lib/python3.12/site-packages/airflow/example_dags/example_params_trigger_ui.py
[2025-12-19T09:57:40.479+0000] {processor.py:830} INFO - Processing file /home/airflow/.local/lib/python3.12/site-packages/airflow/example_dags/example_params_trigger_ui.py for tasks to queue
[2025-12-19T09:57:40.480+0000] {logging_mixin.py:188} INFO - [2025-12-19T09:57:40.480+0000] {dagbag.py:545} INFO - Filling up the DagBag from /home/airflow/.local/lib/python3.12/site-packages/airflow/example_dags/example_params_trigger_ui.py
[2025-12-19T09:57:40.494+0000] {processor.py:840} INFO - DAG(s) 'example_params_trigger_ui' retrieved from /home/airflow/.local/lib/python3.12/site-packages/airflow/example_dags/example_params_trigger_ui.py
[2025-12-19T09:57:40.740+0000] {logging_mixin.py:188} INFO - [2025-12-19T09:57:40.739+0000] {dag.py:3089} INFO - Sync 1 DAGs
[2025-12-19T09:57:40.767+0000] {logging_mixin.py:188} INFO - [2025-12-19T09:57:40.767+0000] {dag.py:3947} INFO - Setting next_dagrun for example_params_trigger_ui to None, run_after=None
[2025-12-19T09:57:40.853+0000] {processor.py:183} INFO - Processing /home/airflow/.local/lib/python3.12/site-packages/airflow/example_dags/example_params_trigger_ui.py took 0.390 seconds
[2025-12-19T10:46:51.265+0000] {processor.py:161} INFO - Started process (PID=58188) to work on /home/airflow/.local/lib/python3.12/site-packages/airflow/example_dags/example_params_trigger_ui.py
[2025-12-19T10:46:51.266+0000] {processor.py:830} INFO - Processing file /home/airflow/.local/lib/python3.12/site-packages/airflow/example_dags/example_params_trigger_ui.py for tasks to queue
[2025-12-19T10:46:51.267+0000] {logging_mixin.py:188} INFO - [2025-12-19T10:46:51.267+0000] {dagbag.py:545} INFO - Filling up the DagBag from /home/airflow/.local/lib/python3.12/site-packages/airflow/example_dags/example_params_trigger_ui.py
[2025-12-19T10:46:51.279+0000] {processor.py:840} INFO - DAG(s) 'example_params_trigger_ui' retrieved from /home/airflow/.local/lib/python3.12/site-packages/airflow/example_dags/example_params_trigger_ui.py
[2025-12-19T10:46:51.331+0000] {logging_mixin.py:188} INFO - [2025-12-19T10:46:51.330+0000] {dag.py:3089} INFO - Sync 1 DAGs
[2025-12-19T10:46:51.345+0000] {logging_mixin.py:188} INFO - [2025-12-19T10:46:51.345+0000] {dag.py:3947} INFO - Setting next_dagrun for example_params_trigger_ui to None, run_after=None
[2025-12-19T10:46:51.364+0000] {processor.py:183} INFO - Processing /home/airflow/.local/lib/python3.12/site-packages/airflow/example_dags/example_params_trigger_ui.py took 0.109 seconds
[2025-12-19T11:37:10.549+0000] {processor.py:161} INFO - Started process (PID=58247) to work on /home/airflow/.local/lib/python3.12/site-packages/airflow/example_dags/example_params_trigger_ui.py
[2025-12-19T11:37:10.551+0000] {processor.py:830} INFO - Processing file /home/airflow/.local/lib/python3.12/site-packages/airflow/example_dags/example_params_trigger_ui.py for tasks to queue
[2025-12-19T11:37:10.556+0000] {logging_mixin.py:188} INFO - [2025-12-19T11:37:10.556+0000] {dagbag.py:545} INFO - Filling up the DagBag from /home/airflow/.local/lib/python3.12/site-packages/airflow/example_dags/example_params_trigger_ui.py
[2025-12-19T11:37:10.566+0000] {processor.py:840} INFO - DAG(s) 'example_params_trigger_ui' retrieved from /home/airflow/.local/lib/python3.12/site-packages/airflow/example_dags/example_params_trigger_ui.py
[2025-12-19T11:37:10.601+0000] {logging_mixin.py:188} INFO - [2025-12-19T11:37:10.601+0000] {dag.py:3089} INFO - Sync 1 DAGs
[2025-12-19T11:37:10.620+0000] {logging_mixin.py:188} INFO - [2025-12-19T11:37:10.620+0000] {dag.py:3947} INFO - Setting next_dagrun for example_params_trigger_ui to None, run_after=None
[2025-12-19T11:37:10.652+0000] {processor.py:183} INFO - Processing /home/airflow/.local/lib/python3.12/site-packages/airflow/example_dags/example_params_trigger_ui.py took 0.108 seconds
[2025-12-19T12:40:31.670+0000] {processor.py:161} INFO - Started process (PID=58306) to work on /home/airflow/.local/lib/python3.12/site-packages/airflow/example_dags/example_params_trigger_ui.py
[2025-12-19T12:40:31.674+0000] {processor.py:830} INFO - Processing file /home/airflow/.local/lib/python3.12/site-packages/airflow/example_dags/example_params_trigger_ui.py for tasks to queue
[2025-12-19T12:40:31.675+0000] {logging_mixin.py:188} INFO - [2025-12-19T12:40:31.675+0000] {dagbag.py:545} INFO - Filling up the DagBag from /home/airflow/.local/lib/python3.12/site-packages/airflow/example_dags/example_params_trigger_ui.py
[2025-12-19T12:40:31.689+0000] {processor.py:840} INFO - DAG(s) 'example_params_trigger_ui' retrieved from /home/airflow/.local/lib/python3.12/site-packages/airflow/example_dags/example_params_trigger_ui.py
[2025-12-19T12:40:31.749+0000] {logging_mixin.py:188} INFO - [2025-12-19T12:40:31.749+0000] {dag.py:3089} INFO - Sync 1 DAGs
[2025-12-19T12:40:31.769+0000] {logging_mixin.py:188} INFO - [2025-12-19T12:40:31.769+0000] {dag.py:3947} INFO - Setting next_dagrun for example_params_trigger_ui to None, run_after=None
[2025-12-19T12:40:31.804+0000] {processor.py:183} INFO - Processing /home/airflow/.local/lib/python3.12/site-packages/airflow/example_dags/example_params_trigger_ui.py took 0.143 seconds
[2025-12-19T13:57:46.091+0000] {processor.py:161} INFO - Started process (PID=58365) to work on /home/airflow/.local/lib/python3.12/site-packages/airflow/example_dags/example_params_trigger_ui.py
[2025-12-19T13:57:46.093+0000] {processor.py:830} INFO - Processing file /home/airflow/.local/lib/python3.12/site-packages/airflow/example_dags/example_params_trigger_ui.py for tasks to queue
[2025-12-19T13:57:46.094+0000] {logging_mixin.py:188} INFO - [2025-12-19T13:57:46.093+0000] {dagbag.py:545} INFO - Filling up the DagBag from /home/airflow/.local/lib/python3.12/site-packages/airflow/example_dags/example_params_trigger_ui.py
[2025-12-19T13:57:46.100+0000] {processor.py:840} INFO - DAG(s) 'example_params_trigger_ui' retrieved from /home/airflow/.local/lib/python3.12/site-packages/airflow/example_dags/example_params_trigger_ui.py
[2025-12-19T13:57:46.122+0000] {logging_mixin.py:188} INFO - [2025-12-19T13:57:46.121+0000] {dag.py:3089} INFO - Sync 1 DAGs
[2025-12-19T13:57:46.132+0000] {logging_mixin.py:188} INFO - [2025-12-19T13:57:46.132+0000] {dag.py:3947} INFO - Setting next_dagrun for example_params_trigger_ui to None, run_after=None
[2025-12-19T13:57:46.147+0000] {processor.py:183} INFO - Processing /home/airflow/.local/lib/python3.12/site-packages/airflow/example_dags/example_params_trigger_ui.py took 0.060 seconds
[2025-12-19T14:41:24.512+0000] {processor.py:161} INFO - Started process (PID=58430) to work on /home/airflow/.local/lib/python3.12/site-packages/airflow/example_dags/example_params_trigger_ui.py
[2025-12-19T14:41:24.513+0000] {processor.py:830} INFO - Processing file /home/airflow/.local/lib/python3.12/site-packages/airflow/example_dags/example_params_trigger_ui.py for tasks to queue
[2025-12-19T14:41:24.515+0000] {logging_mixin.py:188} INFO - [2025-12-19T14:41:24.514+0000] {dagbag.py:545} INFO - Filling up the DagBag from /home/airflow/.local/lib/python3.12/site-packages/airflow/example_dags/example_params_trigger_ui.py
[2025-12-19T14:41:24.523+0000] {processor.py:840} INFO - DAG(s) 'example_params_trigger_ui' retrieved from /home/airflow/.local/lib/python3.12/site-packages/airflow/example_dags/example_params_trigger_ui.py
[2025-12-19T14:41:24.563+0000] {logging_mixin.py:188} INFO - [2025-12-19T14:41:24.563+0000] {dag.py:3089} INFO - Sync 1 DAGs
[2025-12-19T14:41:24.573+0000] {logging_mixin.py:188} INFO - [2025-12-19T14:41:24.573+0000] {dag.py:3947} INFO - Setting next_dagrun for example_params_trigger_ui to None, run_after=None
[2025-12-19T14:41:24.585+0000] {processor.py:183} INFO - Processing /home/airflow/.local/lib/python3.12/site-packages/airflow/example_dags/example_params_trigger_ui.py took 0.079 seconds
[2025-12-19T14:41:55.174+0000] {processor.py:161} INFO - Started process (PID=58489) to work on /home/airflow/.local/lib/python3.12/site-packages/airflow/example_dags/example_params_trigger_ui.py
[2025-12-19T14:41:55.175+0000] {processor.py:830} INFO - Processing file /home/airflow/.local/lib/python3.12/site-packages/airflow/example_dags/example_params_trigger_ui.py for tasks to queue
[2025-12-19T14:41:55.176+0000] {logging_mixin.py:188} INFO - [2025-12-19T14:41:55.176+0000] {dagbag.py:545} INFO - Filling up the DagBag from /home/airflow/.local/lib/python3.12/site-packages/airflow/example_dags/example_params_trigger_ui.py
[2025-12-19T14:41:55.183+0000] {processor.py:840} INFO - DAG(s) 'example_params_trigger_ui' retrieved from /home/airflow/.local/lib/python3.12/site-packages/airflow/example_dags/example_params_trigger_ui.py
[2025-12-19T14:41:55.217+0000] {logging_mixin.py:188} INFO - [2025-12-19T14:41:55.217+0000] {dag.py:3089} INFO - Sync 1 DAGs
[2025-12-19T14:41:55.227+0000] {logging_mixin.py:188} INFO - [2025-12-19T14:41:55.227+0000] {dag.py:3947} INFO - Setting next_dagrun for example_params_trigger_ui to None, run_after=None
[2025-12-19T14:41:55.240+0000] {processor.py:183} INFO - Processing /home/airflow/.local/lib/python3.12/site-packages/airflow/example_dags/example_params_trigger_ui.py took 0.070 seconds
