[2025-12-19T01:08:02.385+0000] {processor.py:161} INFO - Started process (PID=57722) to work on /home/airflow/.local/lib/python3.12/site-packages/airflow/example_dags/example_xcomargs.py
[2025-12-19T01:08:02.386+0000] {processor.py:830} INFO - Processing file /home/airflow/.local/lib/python3.12/site-packages/airflow/example_dags/example_xcomargs.py for tasks to queue
[2025-12-19T01:08:02.386+0000] {logging_mixin.py:188} INFO - [2025-12-19T01:08:02.386+0000] {dagbag.py:545} INFO - Filling up the DagBag from /home/airflow/.local/lib/python3.12/site-packages/airflow/example_dags/example_xcomargs.py
[2025-12-19T01:08:02.392+0000] {processor.py:840} INFO - DAG(s) 'example_xcom_args', 'example_xcom_args_with_operators' retrieved from /home/airflow/.local/lib/python3.12/site-packages/airflow/example_dags/example_xcomargs.py
[2025-12-19T01:08:02.411+0000] {logging_mixin.py:188} INFO - [2025-12-19T01:08:02.411+0000] {dag.py:3089} INFO - Sync 2 DAGs
[2025-12-19T01:08:02.416+0000] {logging_mixin.py:188} INFO - [2025-12-19T01:08:02.416+0000] {dag.py:3947} INFO - Setting next_dagrun for example_xcom_args to None, run_after=None
[2025-12-19T01:08:02.419+0000] {logging_mixin.py:188} INFO - [2025-12-19T01:08:02.419+0000] {dag.py:3947} INFO - Setting next_dagrun for example_xcom_args_with_operators to None, run_after=None
[2025-12-19T01:08:02.434+0000] {processor.py:183} INFO - Processing /home/airflow/.local/lib/python3.12/site-packages/airflow/example_dags/example_xcomargs.py took 0.054 seconds
[2025-12-19T02:16:05.223+0000] {processor.py:161} INFO - Started process (PID=57781) to work on /home/airflow/.local/lib/python3.12/site-packages/airflow/example_dags/example_xcomargs.py
[2025-12-19T02:16:05.225+0000] {processor.py:830} INFO - Processing file /home/airflow/.local/lib/python3.12/site-packages/airflow/example_dags/example_xcomargs.py for tasks to queue
[2025-12-19T02:16:05.228+0000] {logging_mixin.py:188} INFO - [2025-12-19T02:16:05.227+0000] {dagbag.py:545} INFO - Filling up the DagBag from /home/airflow/.local/lib/python3.12/site-packages/airflow/example_dags/example_xcomargs.py
[2025-12-19T02:16:05.232+0000] {processor.py:840} INFO - DAG(s) 'example_xcom_args_with_operators', 'example_xcom_args' retrieved from /home/airflow/.local/lib/python3.12/site-packages/airflow/example_dags/example_xcomargs.py
[2025-12-19T02:16:05.250+0000] {logging_mixin.py:188} INFO - [2025-12-19T02:16:05.250+0000] {dag.py:3089} INFO - Sync 2 DAGs
[2025-12-19T02:16:05.256+0000] {logging_mixin.py:188} INFO - [2025-12-19T02:16:05.256+0000] {dag.py:3947} INFO - Setting next_dagrun for example_xcom_args to None, run_after=None
[2025-12-19T02:16:05.259+0000] {logging_mixin.py:188} INFO - [2025-12-19T02:16:05.259+0000] {dag.py:3947} INFO - Setting next_dagrun for example_xcom_args_with_operators to None, run_after=None
[2025-12-19T02:16:05.269+0000] {processor.py:183} INFO - Processing /home/airflow/.local/lib/python3.12/site-packages/airflow/example_dags/example_xcomargs.py took 0.049 seconds
[2025-12-19T03:53:39.671+0000] {processor.py:161} INFO - Started process (PID=57840) to work on /home/airflow/.local/lib/python3.12/site-packages/airflow/example_dags/example_xcomargs.py
[2025-12-19T03:53:39.672+0000] {processor.py:830} INFO - Processing file /home/airflow/.local/lib/python3.12/site-packages/airflow/example_dags/example_xcomargs.py for tasks to queue
[2025-12-19T03:53:39.672+0000] {logging_mixin.py:188} INFO - [2025-12-19T03:53:39.672+0000] {dagbag.py:545} INFO - Filling up the DagBag from /home/airflow/.local/lib/python3.12/site-packages/airflow/example_dags/example_xcomargs.py
[2025-12-19T03:53:39.677+0000] {processor.py:840} INFO - DAG(s) 'example_xcom_args_with_operators', 'example_xcom_args' retrieved from /home/airflow/.local/lib/python3.12/site-packages/airflow/example_dags/example_xcomargs.py
[2025-12-19T03:53:39.688+0000] {logging_mixin.py:188} INFO - [2025-12-19T03:53:39.688+0000] {dag.py:3089} INFO - Sync 2 DAGs
[2025-12-19T03:53:39.693+0000] {logging_mixin.py:188} INFO - [2025-12-19T03:53:39.693+0000] {dag.py:3947} INFO - Setting next_dagrun for example_xcom_args to None, run_after=None
[2025-12-19T03:53:39.695+0000] {logging_mixin.py:188} INFO - [2025-12-19T03:53:39.695+0000] {dag.py:3947} INFO - Setting next_dagrun for example_xcom_args_with_operators to None, run_after=None
[2025-12-19T03:53:39.704+0000] {processor.py:183} INFO - Processing /home/airflow/.local/lib/python3.12/site-packages/airflow/example_dags/example_xcomargs.py took 0.035 seconds
[2025-12-19T05:18:13.185+0000] {processor.py:161} INFO - Started process (PID=57899) to work on /home/airflow/.local/lib/python3.12/site-packages/airflow/example_dags/example_xcomargs.py
[2025-12-19T05:18:13.186+0000] {processor.py:830} INFO - Processing file /home/airflow/.local/lib/python3.12/site-packages/airflow/example_dags/example_xcomargs.py for tasks to queue
[2025-12-19T05:18:13.187+0000] {logging_mixin.py:188} INFO - [2025-12-19T05:18:13.186+0000] {dagbag.py:545} INFO - Filling up the DagBag from /home/airflow/.local/lib/python3.12/site-packages/airflow/example_dags/example_xcomargs.py
[2025-12-19T05:18:13.192+0000] {processor.py:840} INFO - DAG(s) 'example_xcom_args_with_operators', 'example_xcom_args' retrieved from /home/airflow/.local/lib/python3.12/site-packages/airflow/example_dags/example_xcomargs.py
[2025-12-19T05:18:13.209+0000] {logging_mixin.py:188} INFO - [2025-12-19T05:18:13.209+0000] {dag.py:3089} INFO - Sync 2 DAGs
[2025-12-19T05:18:13.218+0000] {logging_mixin.py:188} INFO - [2025-12-19T05:18:13.218+0000] {dag.py:3947} INFO - Setting next_dagrun for example_xcom_args to None, run_after=None
[2025-12-19T05:18:13.222+0000] {logging_mixin.py:188} INFO - [2025-12-19T05:18:13.222+0000] {dag.py:3947} INFO - Setting next_dagrun for example_xcom_args_with_operators to None, run_after=None
[2025-12-19T05:18:13.229+0000] {processor.py:183} INFO - Processing /home/airflow/.local/lib/python3.12/site-packages/airflow/example_dags/example_xcomargs.py took 0.048 seconds
[2025-12-19T06:58:37.740+0000] {processor.py:161} INFO - Started process (PID=57958) to work on /home/airflow/.local/lib/python3.12/site-packages/airflow/example_dags/example_xcomargs.py
[2025-12-19T06:58:37.740+0000] {processor.py:830} INFO - Processing file /home/airflow/.local/lib/python3.12/site-packages/airflow/example_dags/example_xcomargs.py for tasks to queue
[2025-12-19T06:58:37.741+0000] {logging_mixin.py:188} INFO - [2025-12-19T06:58:37.741+0000] {dagbag.py:545} INFO - Filling up the DagBag from /home/airflow/.local/lib/python3.12/site-packages/airflow/example_dags/example_xcomargs.py
[2025-12-19T06:58:37.745+0000] {processor.py:840} INFO - DAG(s) 'example_xcom_args_with_operators', 'example_xcom_args' retrieved from /home/airflow/.local/lib/python3.12/site-packages/airflow/example_dags/example_xcomargs.py
[2025-12-19T06:58:37.756+0000] {logging_mixin.py:188} INFO - [2025-12-19T06:58:37.755+0000] {dag.py:3089} INFO - Sync 2 DAGs
[2025-12-19T06:58:37.761+0000] {logging_mixin.py:188} INFO - [2025-12-19T06:58:37.761+0000] {dag.py:3947} INFO - Setting next_dagrun for example_xcom_args to None, run_after=None
[2025-12-19T06:58:37.764+0000] {logging_mixin.py:188} INFO - [2025-12-19T06:58:37.764+0000] {dag.py:3947} INFO - Setting next_dagrun for example_xcom_args_with_operators to None, run_after=None
[2025-12-19T06:58:37.782+0000] {processor.py:183} INFO - Processing /home/airflow/.local/lib/python3.12/site-packages/airflow/example_dags/example_xcomargs.py took 0.047 seconds
[2025-12-19T08:03:03.753+0000] {processor.py:161} INFO - Started process (PID=58017) to work on /home/airflow/.local/lib/python3.12/site-packages/airflow/example_dags/example_xcomargs.py
[2025-12-19T08:03:03.755+0000] {processor.py:830} INFO - Processing file /home/airflow/.local/lib/python3.12/site-packages/airflow/example_dags/example_xcomargs.py for tasks to queue
[2025-12-19T08:03:03.756+0000] {logging_mixin.py:188} INFO - [2025-12-19T08:03:03.756+0000] {dagbag.py:545} INFO - Filling up the DagBag from /home/airflow/.local/lib/python3.12/site-packages/airflow/example_dags/example_xcomargs.py
[2025-12-19T08:03:03.762+0000] {processor.py:840} INFO - DAG(s) 'example_xcom_args_with_operators', 'example_xcom_args' retrieved from /home/airflow/.local/lib/python3.12/site-packages/airflow/example_dags/example_xcomargs.py
[2025-12-19T08:03:03.782+0000] {logging_mixin.py:188} INFO - [2025-12-19T08:03:03.782+0000] {dag.py:3089} INFO - Sync 2 DAGs
[2025-12-19T08:03:03.794+0000] {logging_mixin.py:188} INFO - [2025-12-19T08:03:03.794+0000] {dag.py:3947} INFO - Setting next_dagrun for example_xcom_args to None, run_after=None
[2025-12-19T08:03:03.797+0000] {logging_mixin.py:188} INFO - [2025-12-19T08:03:03.797+0000] {dag.py:3947} INFO - Setting next_dagrun for example_xcom_args_with_operators to None, run_after=None
[2025-12-19T08:03:03.810+0000] {processor.py:183} INFO - Processing /home/airflow/.local/lib/python3.12/site-packages/airflow/example_dags/example_xcomargs.py took 0.061 seconds
[2025-12-19T09:19:30.497+0000] {processor.py:161} INFO - Started process (PID=58076) to work on /home/airflow/.local/lib/python3.12/site-packages/airflow/example_dags/example_xcomargs.py
[2025-12-19T09:19:30.499+0000] {processor.py:830} INFO - Processing file /home/airflow/.local/lib/python3.12/site-packages/airflow/example_dags/example_xcomargs.py for tasks to queue
[2025-12-19T09:19:30.501+0000] {logging_mixin.py:188} INFO - [2025-12-19T09:19:30.500+0000] {dagbag.py:545} INFO - Filling up the DagBag from /home/airflow/.local/lib/python3.12/site-packages/airflow/example_dags/example_xcomargs.py
[2025-12-19T09:19:30.508+0000] {processor.py:840} INFO - DAG(s) 'example_xcom_args_with_operators', 'example_xcom_args' retrieved from /home/airflow/.local/lib/python3.12/site-packages/airflow/example_dags/example_xcomargs.py
[2025-12-19T09:19:30.533+0000] {logging_mixin.py:188} INFO - [2025-12-19T09:19:30.533+0000] {dag.py:3089} INFO - Sync 2 DAGs
[2025-12-19T09:19:30.543+0000] {logging_mixin.py:188} INFO - [2025-12-19T09:19:30.542+0000] {dag.py:3947} INFO - Setting next_dagrun for example_xcom_args to None, run_after=None
[2025-12-19T09:19:30.546+0000] {logging_mixin.py:188} INFO - [2025-12-19T09:19:30.546+0000] {dag.py:3947} INFO - Setting next_dagrun for example_xcom_args_with_operators to None, run_after=None
[2025-12-19T09:19:30.567+0000] {processor.py:183} INFO - Processing /home/airflow/.local/lib/python3.12/site-packages/airflow/example_dags/example_xcomargs.py took 0.080 seconds
[2025-12-19T09:57:41.983+0000] {processor.py:161} INFO - Started process (PID=58135) to work on /home/airflow/.local/lib/python3.12/site-packages/airflow/example_dags/example_xcomargs.py
[2025-12-19T09:57:41.986+0000] {processor.py:830} INFO - Processing file /home/airflow/.local/lib/python3.12/site-packages/airflow/example_dags/example_xcomargs.py for tasks to queue
[2025-12-19T09:57:41.995+0000] {logging_mixin.py:188} INFO - [2025-12-19T09:57:41.995+0000] {dagbag.py:545} INFO - Filling up the DagBag from /home/airflow/.local/lib/python3.12/site-packages/airflow/example_dags/example_xcomargs.py
[2025-12-19T09:57:42.009+0000] {processor.py:840} INFO - DAG(s) 'example_xcom_args', 'example_xcom_args_with_operators' retrieved from /home/airflow/.local/lib/python3.12/site-packages/airflow/example_dags/example_xcomargs.py
[2025-12-19T09:57:42.055+0000] {logging_mixin.py:188} INFO - [2025-12-19T09:57:42.054+0000] {dag.py:3089} INFO - Sync 2 DAGs
[2025-12-19T09:57:42.072+0000] {logging_mixin.py:188} INFO - [2025-12-19T09:57:42.072+0000] {dag.py:3947} INFO - Setting next_dagrun for example_xcom_args to None, run_after=None
[2025-12-19T09:57:42.076+0000] {logging_mixin.py:188} INFO - [2025-12-19T09:57:42.076+0000] {dag.py:3947} INFO - Setting next_dagrun for example_xcom_args_with_operators to None, run_after=None
[2025-12-19T09:57:42.109+0000] {processor.py:183} INFO - Processing /home/airflow/.local/lib/python3.12/site-packages/airflow/example_dags/example_xcomargs.py took 0.136 seconds
[2025-12-19T10:46:51.738+0000] {processor.py:161} INFO - Started process (PID=58194) to work on /home/airflow/.local/lib/python3.12/site-packages/airflow/example_dags/example_xcomargs.py
[2025-12-19T10:46:51.739+0000] {processor.py:830} INFO - Processing file /home/airflow/.local/lib/python3.12/site-packages/airflow/example_dags/example_xcomargs.py for tasks to queue
[2025-12-19T10:46:51.740+0000] {logging_mixin.py:188} INFO - [2025-12-19T10:46:51.740+0000] {dagbag.py:545} INFO - Filling up the DagBag from /home/airflow/.local/lib/python3.12/site-packages/airflow/example_dags/example_xcomargs.py
[2025-12-19T10:46:51.754+0000] {processor.py:840} INFO - DAG(s) 'example_xcom_args_with_operators', 'example_xcom_args' retrieved from /home/airflow/.local/lib/python3.12/site-packages/airflow/example_dags/example_xcomargs.py
[2025-12-19T10:46:51.810+0000] {logging_mixin.py:188} INFO - [2025-12-19T10:46:51.809+0000] {dag.py:3089} INFO - Sync 2 DAGs
[2025-12-19T10:46:51.833+0000] {logging_mixin.py:188} INFO - [2025-12-19T10:46:51.833+0000] {dag.py:3947} INFO - Setting next_dagrun for example_xcom_args to None, run_after=None
[2025-12-19T10:46:51.839+0000] {logging_mixin.py:188} INFO - [2025-12-19T10:46:51.838+0000] {dag.py:3947} INFO - Setting next_dagrun for example_xcom_args_with_operators to None, run_after=None
[2025-12-19T10:46:51.860+0000] {processor.py:183} INFO - Processing /home/airflow/.local/lib/python3.12/site-packages/airflow/example_dags/example_xcomargs.py took 0.134 seconds
[2025-12-19T11:37:10.959+0000] {processor.py:161} INFO - Started process (PID=58253) to work on /home/airflow/.local/lib/python3.12/site-packages/airflow/example_dags/example_xcomargs.py
[2025-12-19T11:37:10.960+0000] {processor.py:830} INFO - Processing file /home/airflow/.local/lib/python3.12/site-packages/airflow/example_dags/example_xcomargs.py for tasks to queue
[2025-12-19T11:37:10.960+0000] {logging_mixin.py:188} INFO - [2025-12-19T11:37:10.960+0000] {dagbag.py:545} INFO - Filling up the DagBag from /home/airflow/.local/lib/python3.12/site-packages/airflow/example_dags/example_xcomargs.py
[2025-12-19T11:37:10.969+0000] {processor.py:840} INFO - DAG(s) 'example_xcom_args', 'example_xcom_args_with_operators' retrieved from /home/airflow/.local/lib/python3.12/site-packages/airflow/example_dags/example_xcomargs.py
[2025-12-19T11:37:10.990+0000] {logging_mixin.py:188} INFO - [2025-12-19T11:37:10.990+0000] {dag.py:3089} INFO - Sync 2 DAGs
[2025-12-19T11:37:10.999+0000] {logging_mixin.py:188} INFO - [2025-12-19T11:37:10.999+0000] {dag.py:3947} INFO - Setting next_dagrun for example_xcom_args to None, run_after=None
[2025-12-19T11:37:11.002+0000] {logging_mixin.py:188} INFO - [2025-12-19T11:37:11.001+0000] {dag.py:3947} INFO - Setting next_dagrun for example_xcom_args_with_operators to None, run_after=None
[2025-12-19T11:37:11.013+0000] {processor.py:183} INFO - Processing /home/airflow/.local/lib/python3.12/site-packages/airflow/example_dags/example_xcomargs.py took 0.062 seconds
[2025-12-19T12:40:32.298+0000] {processor.py:161} INFO - Started process (PID=58312) to work on /home/airflow/.local/lib/python3.12/site-packages/airflow/example_dags/example_xcomargs.py
[2025-12-19T12:40:32.299+0000] {processor.py:830} INFO - Processing file /home/airflow/.local/lib/python3.12/site-packages/airflow/example_dags/example_xcomargs.py for tasks to queue
[2025-12-19T12:40:32.300+0000] {logging_mixin.py:188} INFO - [2025-12-19T12:40:32.300+0000] {dagbag.py:545} INFO - Filling up the DagBag from /home/airflow/.local/lib/python3.12/site-packages/airflow/example_dags/example_xcomargs.py
[2025-12-19T12:40:32.311+0000] {processor.py:840} INFO - DAG(s) 'example_xcom_args_with_operators', 'example_xcom_args' retrieved from /home/airflow/.local/lib/python3.12/site-packages/airflow/example_dags/example_xcomargs.py
[2025-12-19T12:40:32.346+0000] {logging_mixin.py:188} INFO - [2025-12-19T12:40:32.346+0000] {dag.py:3089} INFO - Sync 2 DAGs
[2025-12-19T12:40:32.366+0000] {logging_mixin.py:188} INFO - [2025-12-19T12:40:32.366+0000] {dag.py:3947} INFO - Setting next_dagrun for example_xcom_args to None, run_after=None
[2025-12-19T12:40:32.374+0000] {logging_mixin.py:188} INFO - [2025-12-19T12:40:32.374+0000] {dag.py:3947} INFO - Setting next_dagrun for example_xcom_args_with_operators to None, run_after=None
[2025-12-19T12:40:32.406+0000] {processor.py:183} INFO - Processing /home/airflow/.local/lib/python3.12/site-packages/airflow/example_dags/example_xcomargs.py took 0.116 seconds
[2025-12-19T13:57:46.300+0000] {processor.py:161} INFO - Started process (PID=58371) to work on /home/airflow/.local/lib/python3.12/site-packages/airflow/example_dags/example_xcomargs.py
[2025-12-19T13:57:46.301+0000] {processor.py:830} INFO - Processing file /home/airflow/.local/lib/python3.12/site-packages/airflow/example_dags/example_xcomargs.py for tasks to queue
[2025-12-19T13:57:46.301+0000] {logging_mixin.py:188} INFO - [2025-12-19T13:57:46.301+0000] {dagbag.py:545} INFO - Filling up the DagBag from /home/airflow/.local/lib/python3.12/site-packages/airflow/example_dags/example_xcomargs.py
[2025-12-19T13:57:46.306+0000] {processor.py:840} INFO - DAG(s) 'example_xcom_args_with_operators', 'example_xcom_args' retrieved from /home/airflow/.local/lib/python3.12/site-packages/airflow/example_dags/example_xcomargs.py
[2025-12-19T13:57:46.319+0000] {logging_mixin.py:188} INFO - [2025-12-19T13:57:46.319+0000] {dag.py:3089} INFO - Sync 2 DAGs
[2025-12-19T13:57:46.326+0000] {logging_mixin.py:188} INFO - [2025-12-19T13:57:46.326+0000] {dag.py:3947} INFO - Setting next_dagrun for example_xcom_args to None, run_after=None
[2025-12-19T13:57:46.328+0000] {logging_mixin.py:188} INFO - [2025-12-19T13:57:46.328+0000] {dag.py:3947} INFO - Setting next_dagrun for example_xcom_args_with_operators to None, run_after=None
[2025-12-19T13:57:46.336+0000] {processor.py:183} INFO - Processing /home/airflow/.local/lib/python3.12/site-packages/airflow/example_dags/example_xcomargs.py took 0.040 seconds
[2025-12-19T14:41:24.780+0000] {processor.py:161} INFO - Started process (PID=58436) to work on /home/airflow/.local/lib/python3.12/site-packages/airflow/example_dags/example_xcomargs.py
[2025-12-19T14:41:24.784+0000] {processor.py:830} INFO - Processing file /home/airflow/.local/lib/python3.12/site-packages/airflow/example_dags/example_xcomargs.py for tasks to queue
[2025-12-19T14:41:24.785+0000] {logging_mixin.py:188} INFO - [2025-12-19T14:41:24.785+0000] {dagbag.py:545} INFO - Filling up the DagBag from /home/airflow/.local/lib/python3.12/site-packages/airflow/example_dags/example_xcomargs.py
[2025-12-19T14:41:24.791+0000] {processor.py:840} INFO - DAG(s) 'example_xcom_args_with_operators', 'example_xcom_args' retrieved from /home/airflow/.local/lib/python3.12/site-packages/airflow/example_dags/example_xcomargs.py
[2025-12-19T14:41:24.811+0000] {logging_mixin.py:188} INFO - [2025-12-19T14:41:24.811+0000] {dag.py:3089} INFO - Sync 2 DAGs
[2025-12-19T14:41:24.822+0000] {logging_mixin.py:188} INFO - [2025-12-19T14:41:24.822+0000] {dag.py:3947} INFO - Setting next_dagrun for example_xcom_args to None, run_after=None
[2025-12-19T14:41:24.825+0000] {logging_mixin.py:188} INFO - [2025-12-19T14:41:24.825+0000] {dag.py:3947} INFO - Setting next_dagrun for example_xcom_args_with_operators to None, run_after=None
[2025-12-19T14:41:24.840+0000] {processor.py:183} INFO - Processing /home/airflow/.local/lib/python3.12/site-packages/airflow/example_dags/example_xcomargs.py took 0.064 seconds
[2025-12-19T14:41:55.432+0000] {processor.py:161} INFO - Started process (PID=58495) to work on /home/airflow/.local/lib/python3.12/site-packages/airflow/example_dags/example_xcomargs.py
[2025-12-19T14:41:55.434+0000] {processor.py:830} INFO - Processing file /home/airflow/.local/lib/python3.12/site-packages/airflow/example_dags/example_xcomargs.py for tasks to queue
[2025-12-19T14:41:55.436+0000] {logging_mixin.py:188} INFO - [2025-12-19T14:41:55.435+0000] {dagbag.py:545} INFO - Filling up the DagBag from /home/airflow/.local/lib/python3.12/site-packages/airflow/example_dags/example_xcomargs.py
[2025-12-19T14:41:55.441+0000] {processor.py:840} INFO - DAG(s) 'example_xcom_args', 'example_xcom_args_with_operators' retrieved from /home/airflow/.local/lib/python3.12/site-packages/airflow/example_dags/example_xcomargs.py
[2025-12-19T14:41:55.463+0000] {logging_mixin.py:188} INFO - [2025-12-19T14:41:55.463+0000] {dag.py:3089} INFO - Sync 2 DAGs
[2025-12-19T14:41:55.472+0000] {logging_mixin.py:188} INFO - [2025-12-19T14:41:55.471+0000] {dag.py:3947} INFO - Setting next_dagrun for example_xcom_args to None, run_after=None
[2025-12-19T14:41:55.475+0000] {logging_mixin.py:188} INFO - [2025-12-19T14:41:55.474+0000] {dag.py:3947} INFO - Setting next_dagrun for example_xcom_args_with_operators to None, run_after=None
[2025-12-19T14:41:55.493+0000] {processor.py:183} INFO - Processing /home/airflow/.local/lib/python3.12/site-packages/airflow/example_dags/example_xcomargs.py took 0.065 seconds
