[2025-12-19T01:08:01.435+0000] {processor.py:161} INFO - Started process (PID=57708) to work on /home/airflow/.local/lib/python3.12/site-packages/airflow/example_dags/example_python_operator.py
[2025-12-19T01:08:01.436+0000] {processor.py:830} INFO - Processing file /home/airflow/.local/lib/python3.12/site-packages/airflow/example_dags/example_python_operator.py for tasks to queue
[2025-12-19T01:08:01.437+0000] {logging_mixin.py:188} INFO - [2025-12-19T01:08:01.437+0000] {dagbag.py:545} INFO - Filling up the DagBag from /home/airflow/.local/lib/python3.12/site-packages/airflow/example_dags/example_python_operator.py
[2025-12-19T01:08:01.441+0000] {processor.py:840} INFO - DAG(s) 'example_python_operator' retrieved from /home/airflow/.local/lib/python3.12/site-packages/airflow/example_dags/example_python_operator.py
[2025-12-19T01:08:01.457+0000] {logging_mixin.py:188} INFO - [2025-12-19T01:08:01.457+0000] {dag.py:3089} INFO - Sync 1 DAGs
[2025-12-19T01:08:01.464+0000] {logging_mixin.py:188} INFO - [2025-12-19T01:08:01.464+0000] {dag.py:3947} INFO - Setting next_dagrun for example_python_operator to None, run_after=None
[2025-12-19T01:08:01.477+0000] {processor.py:183} INFO - Processing /home/airflow/.local/lib/python3.12/site-packages/airflow/example_dags/example_python_operator.py took 0.046 seconds
[2025-12-19T02:16:04.817+0000] {processor.py:161} INFO - Started process (PID=57767) to work on /home/airflow/.local/lib/python3.12/site-packages/airflow/example_dags/example_python_operator.py
[2025-12-19T02:16:04.817+0000] {processor.py:830} INFO - Processing file /home/airflow/.local/lib/python3.12/site-packages/airflow/example_dags/example_python_operator.py for tasks to queue
[2025-12-19T02:16:04.818+0000] {logging_mixin.py:188} INFO - [2025-12-19T02:16:04.817+0000] {dagbag.py:545} INFO - Filling up the DagBag from /home/airflow/.local/lib/python3.12/site-packages/airflow/example_dags/example_python_operator.py
[2025-12-19T02:16:04.826+0000] {processor.py:840} INFO - DAG(s) 'example_python_operator' retrieved from /home/airflow/.local/lib/python3.12/site-packages/airflow/example_dags/example_python_operator.py
[2025-12-19T02:16:04.844+0000] {logging_mixin.py:188} INFO - [2025-12-19T02:16:04.844+0000] {dag.py:3089} INFO - Sync 1 DAGs
[2025-12-19T02:16:04.849+0000] {logging_mixin.py:188} INFO - [2025-12-19T02:16:04.849+0000] {dag.py:3947} INFO - Setting next_dagrun for example_python_operator to None, run_after=None
[2025-12-19T02:16:04.861+0000] {processor.py:183} INFO - Processing /home/airflow/.local/lib/python3.12/site-packages/airflow/example_dags/example_python_operator.py took 0.047 seconds
[2025-12-19T03:53:39.265+0000] {processor.py:161} INFO - Started process (PID=57826) to work on /home/airflow/.local/lib/python3.12/site-packages/airflow/example_dags/example_python_operator.py
[2025-12-19T03:53:39.266+0000] {processor.py:830} INFO - Processing file /home/airflow/.local/lib/python3.12/site-packages/airflow/example_dags/example_python_operator.py for tasks to queue
[2025-12-19T03:53:39.266+0000] {logging_mixin.py:188} INFO - [2025-12-19T03:53:39.266+0000] {dagbag.py:545} INFO - Filling up the DagBag from /home/airflow/.local/lib/python3.12/site-packages/airflow/example_dags/example_python_operator.py
[2025-12-19T03:53:39.271+0000] {processor.py:840} INFO - DAG(s) 'example_python_operator' retrieved from /home/airflow/.local/lib/python3.12/site-packages/airflow/example_dags/example_python_operator.py
[2025-12-19T03:53:39.288+0000] {logging_mixin.py:188} INFO - [2025-12-19T03:53:39.288+0000] {dag.py:3089} INFO - Sync 1 DAGs
[2025-12-19T03:53:39.293+0000] {logging_mixin.py:188} INFO - [2025-12-19T03:53:39.293+0000] {dag.py:3947} INFO - Setting next_dagrun for example_python_operator to None, run_after=None
[2025-12-19T03:53:39.302+0000] {processor.py:183} INFO - Processing /home/airflow/.local/lib/python3.12/site-packages/airflow/example_dags/example_python_operator.py took 0.040 seconds
[2025-12-19T05:18:12.769+0000] {processor.py:161} INFO - Started process (PID=57885) to work on /home/airflow/.local/lib/python3.12/site-packages/airflow/example_dags/example_python_operator.py
[2025-12-19T05:18:12.770+0000] {processor.py:830} INFO - Processing file /home/airflow/.local/lib/python3.12/site-packages/airflow/example_dags/example_python_operator.py for tasks to queue
[2025-12-19T05:18:12.773+0000] {logging_mixin.py:188} INFO - [2025-12-19T05:18:12.771+0000] {dagbag.py:545} INFO - Filling up the DagBag from /home/airflow/.local/lib/python3.12/site-packages/airflow/example_dags/example_python_operator.py
[2025-12-19T05:18:12.778+0000] {processor.py:840} INFO - DAG(s) 'example_python_operator' retrieved from /home/airflow/.local/lib/python3.12/site-packages/airflow/example_dags/example_python_operator.py
[2025-12-19T05:18:12.790+0000] {logging_mixin.py:188} INFO - [2025-12-19T05:18:12.790+0000] {dag.py:3089} INFO - Sync 1 DAGs
[2025-12-19T05:18:12.795+0000] {logging_mixin.py:188} INFO - [2025-12-19T05:18:12.795+0000] {dag.py:3947} INFO - Setting next_dagrun for example_python_operator to None, run_after=None
[2025-12-19T05:18:12.810+0000] {processor.py:183} INFO - Processing /home/airflow/.local/lib/python3.12/site-packages/airflow/example_dags/example_python_operator.py took 0.043 seconds
[2025-12-19T06:58:37.240+0000] {processor.py:161} INFO - Started process (PID=57944) to work on /home/airflow/.local/lib/python3.12/site-packages/airflow/example_dags/example_python_operator.py
[2025-12-19T06:58:37.242+0000] {processor.py:830} INFO - Processing file /home/airflow/.local/lib/python3.12/site-packages/airflow/example_dags/example_python_operator.py for tasks to queue
[2025-12-19T06:58:37.243+0000] {logging_mixin.py:188} INFO - [2025-12-19T06:58:37.242+0000] {dagbag.py:545} INFO - Filling up the DagBag from /home/airflow/.local/lib/python3.12/site-packages/airflow/example_dags/example_python_operator.py
[2025-12-19T06:58:37.249+0000] {processor.py:840} INFO - DAG(s) 'example_python_operator' retrieved from /home/airflow/.local/lib/python3.12/site-packages/airflow/example_dags/example_python_operator.py
[2025-12-19T06:58:37.262+0000] {logging_mixin.py:188} INFO - [2025-12-19T06:58:37.262+0000] {dag.py:3089} INFO - Sync 1 DAGs
[2025-12-19T06:58:37.268+0000] {logging_mixin.py:188} INFO - [2025-12-19T06:58:37.268+0000] {dag.py:3947} INFO - Setting next_dagrun for example_python_operator to None, run_after=None
[2025-12-19T06:58:37.277+0000] {processor.py:183} INFO - Processing /home/airflow/.local/lib/python3.12/site-packages/airflow/example_dags/example_python_operator.py took 0.039 seconds
[2025-12-19T08:03:03.200+0000] {processor.py:161} INFO - Started process (PID=58003) to work on /home/airflow/.local/lib/python3.12/site-packages/airflow/example_dags/example_python_operator.py
[2025-12-19T08:03:03.200+0000] {processor.py:830} INFO - Processing file /home/airflow/.local/lib/python3.12/site-packages/airflow/example_dags/example_python_operator.py for tasks to queue
[2025-12-19T08:03:03.201+0000] {logging_mixin.py:188} INFO - [2025-12-19T08:03:03.201+0000] {dagbag.py:545} INFO - Filling up the DagBag from /home/airflow/.local/lib/python3.12/site-packages/airflow/example_dags/example_python_operator.py
[2025-12-19T08:03:03.207+0000] {processor.py:840} INFO - DAG(s) 'example_python_operator' retrieved from /home/airflow/.local/lib/python3.12/site-packages/airflow/example_dags/example_python_operator.py
[2025-12-19T08:03:03.225+0000] {logging_mixin.py:188} INFO - [2025-12-19T08:03:03.224+0000] {dag.py:3089} INFO - Sync 1 DAGs
[2025-12-19T08:03:03.237+0000] {logging_mixin.py:188} INFO - [2025-12-19T08:03:03.237+0000] {dag.py:3947} INFO - Setting next_dagrun for example_python_operator to None, run_after=None
[2025-12-19T08:03:03.251+0000] {processor.py:183} INFO - Processing /home/airflow/.local/lib/python3.12/site-packages/airflow/example_dags/example_python_operator.py took 0.056 seconds
[2025-12-19T09:19:29.766+0000] {processor.py:161} INFO - Started process (PID=58062) to work on /home/airflow/.local/lib/python3.12/site-packages/airflow/example_dags/example_python_operator.py
[2025-12-19T09:19:29.767+0000] {processor.py:830} INFO - Processing file /home/airflow/.local/lib/python3.12/site-packages/airflow/example_dags/example_python_operator.py for tasks to queue
[2025-12-19T09:19:29.768+0000] {logging_mixin.py:188} INFO - [2025-12-19T09:19:29.768+0000] {dagbag.py:545} INFO - Filling up the DagBag from /home/airflow/.local/lib/python3.12/site-packages/airflow/example_dags/example_python_operator.py
[2025-12-19T09:19:29.775+0000] {processor.py:840} INFO - DAG(s) 'example_python_operator' retrieved from /home/airflow/.local/lib/python3.12/site-packages/airflow/example_dags/example_python_operator.py
[2025-12-19T09:19:29.794+0000] {logging_mixin.py:188} INFO - [2025-12-19T09:19:29.794+0000] {dag.py:3089} INFO - Sync 1 DAGs
[2025-12-19T09:19:29.803+0000] {logging_mixin.py:188} INFO - [2025-12-19T09:19:29.803+0000] {dag.py:3947} INFO - Setting next_dagrun for example_python_operator to None, run_after=None
[2025-12-19T09:19:29.817+0000] {processor.py:183} INFO - Processing /home/airflow/.local/lib/python3.12/site-packages/airflow/example_dags/example_python_operator.py took 0.055 seconds
[2025-12-19T09:57:39.789+0000] {processor.py:161} INFO - Started process (PID=58121) to work on /home/airflow/.local/lib/python3.12/site-packages/airflow/example_dags/example_python_operator.py
[2025-12-19T09:57:39.790+0000] {processor.py:830} INFO - Processing file /home/airflow/.local/lib/python3.12/site-packages/airflow/example_dags/example_python_operator.py for tasks to queue
[2025-12-19T09:57:39.791+0000] {logging_mixin.py:188} INFO - [2025-12-19T09:57:39.790+0000] {dagbag.py:545} INFO - Filling up the DagBag from /home/airflow/.local/lib/python3.12/site-packages/airflow/example_dags/example_python_operator.py
[2025-12-19T09:57:39.800+0000] {processor.py:840} INFO - DAG(s) 'example_python_operator' retrieved from /home/airflow/.local/lib/python3.12/site-packages/airflow/example_dags/example_python_operator.py
[2025-12-19T09:57:39.831+0000] {logging_mixin.py:188} INFO - [2025-12-19T09:57:39.830+0000] {dag.py:3089} INFO - Sync 1 DAGs
[2025-12-19T09:57:39.847+0000] {logging_mixin.py:188} INFO - [2025-12-19T09:57:39.847+0000] {dag.py:3947} INFO - Setting next_dagrun for example_python_operator to None, run_after=None
[2025-12-19T09:57:39.864+0000] {processor.py:183} INFO - Processing /home/airflow/.local/lib/python3.12/site-packages/airflow/example_dags/example_python_operator.py took 0.080 seconds
[2025-12-19T10:46:49.459+0000] {processor.py:161} INFO - Started process (PID=58180) to work on /home/airflow/.local/lib/python3.12/site-packages/airflow/example_dags/example_python_operator.py
[2025-12-19T10:46:49.463+0000] {processor.py:830} INFO - Processing file /home/airflow/.local/lib/python3.12/site-packages/airflow/example_dags/example_python_operator.py for tasks to queue
[2025-12-19T10:46:49.464+0000] {logging_mixin.py:188} INFO - [2025-12-19T10:46:49.464+0000] {dagbag.py:545} INFO - Filling up the DagBag from /home/airflow/.local/lib/python3.12/site-packages/airflow/example_dags/example_python_operator.py
[2025-12-19T10:46:49.490+0000] {processor.py:840} INFO - DAG(s) 'example_python_operator' retrieved from /home/airflow/.local/lib/python3.12/site-packages/airflow/example_dags/example_python_operator.py
[2025-12-19T10:46:49.896+0000] {logging_mixin.py:188} INFO - [2025-12-19T10:46:49.895+0000] {dag.py:3089} INFO - Sync 1 DAGs
[2025-12-19T10:46:49.934+0000] {logging_mixin.py:188} INFO - [2025-12-19T10:46:49.933+0000] {dag.py:3947} INFO - Setting next_dagrun for example_python_operator to None, run_after=None
[2025-12-19T10:46:50.167+0000] {processor.py:183} INFO - Processing /home/airflow/.local/lib/python3.12/site-packages/airflow/example_dags/example_python_operator.py took 0.717 seconds
[2025-12-19T11:37:10.002+0000] {processor.py:161} INFO - Started process (PID=58239) to work on /home/airflow/.local/lib/python3.12/site-packages/airflow/example_dags/example_python_operator.py
[2025-12-19T11:37:10.003+0000] {processor.py:830} INFO - Processing file /home/airflow/.local/lib/python3.12/site-packages/airflow/example_dags/example_python_operator.py for tasks to queue
[2025-12-19T11:37:10.004+0000] {logging_mixin.py:188} INFO - [2025-12-19T11:37:10.004+0000] {dagbag.py:545} INFO - Filling up the DagBag from /home/airflow/.local/lib/python3.12/site-packages/airflow/example_dags/example_python_operator.py
[2025-12-19T11:37:10.017+0000] {processor.py:840} INFO - DAG(s) 'example_python_operator' retrieved from /home/airflow/.local/lib/python3.12/site-packages/airflow/example_dags/example_python_operator.py
[2025-12-19T11:37:10.045+0000] {logging_mixin.py:188} INFO - [2025-12-19T11:37:10.045+0000] {dag.py:3089} INFO - Sync 1 DAGs
[2025-12-19T11:37:10.061+0000] {logging_mixin.py:188} INFO - [2025-12-19T11:37:10.060+0000] {dag.py:3947} INFO - Setting next_dagrun for example_python_operator to None, run_after=None
[2025-12-19T11:37:10.080+0000] {processor.py:183} INFO - Processing /home/airflow/.local/lib/python3.12/site-packages/airflow/example_dags/example_python_operator.py took 0.086 seconds
[2025-12-19T12:40:31.137+0000] {processor.py:161} INFO - Started process (PID=58298) to work on /home/airflow/.local/lib/python3.12/site-packages/airflow/example_dags/example_python_operator.py
[2025-12-19T12:40:31.141+0000] {processor.py:830} INFO - Processing file /home/airflow/.local/lib/python3.12/site-packages/airflow/example_dags/example_python_operator.py for tasks to queue
[2025-12-19T12:40:31.142+0000] {logging_mixin.py:188} INFO - [2025-12-19T12:40:31.141+0000] {dagbag.py:545} INFO - Filling up the DagBag from /home/airflow/.local/lib/python3.12/site-packages/airflow/example_dags/example_python_operator.py
[2025-12-19T12:40:31.156+0000] {processor.py:840} INFO - DAG(s) 'example_python_operator' retrieved from /home/airflow/.local/lib/python3.12/site-packages/airflow/example_dags/example_python_operator.py
[2025-12-19T12:40:31.182+0000] {logging_mixin.py:188} INFO - [2025-12-19T12:40:31.182+0000] {dag.py:3089} INFO - Sync 1 DAGs
[2025-12-19T12:40:31.198+0000] {logging_mixin.py:188} INFO - [2025-12-19T12:40:31.198+0000] {dag.py:3947} INFO - Setting next_dagrun for example_python_operator to None, run_after=None
[2025-12-19T12:40:31.229+0000] {processor.py:183} INFO - Processing /home/airflow/.local/lib/python3.12/site-packages/airflow/example_dags/example_python_operator.py took 0.099 seconds
[2025-12-19T13:57:45.734+0000] {processor.py:161} INFO - Started process (PID=58357) to work on /home/airflow/.local/lib/python3.12/site-packages/airflow/example_dags/example_python_operator.py
[2025-12-19T13:57:45.735+0000] {processor.py:830} INFO - Processing file /home/airflow/.local/lib/python3.12/site-packages/airflow/example_dags/example_python_operator.py for tasks to queue
[2025-12-19T13:57:45.736+0000] {logging_mixin.py:188} INFO - [2025-12-19T13:57:45.735+0000] {dagbag.py:545} INFO - Filling up the DagBag from /home/airflow/.local/lib/python3.12/site-packages/airflow/example_dags/example_python_operator.py
[2025-12-19T13:57:45.743+0000] {processor.py:840} INFO - DAG(s) 'example_python_operator' retrieved from /home/airflow/.local/lib/python3.12/site-packages/airflow/example_dags/example_python_operator.py
[2025-12-19T13:57:45.757+0000] {logging_mixin.py:188} INFO - [2025-12-19T13:57:45.757+0000] {dag.py:3089} INFO - Sync 1 DAGs
[2025-12-19T13:57:45.764+0000] {logging_mixin.py:188} INFO - [2025-12-19T13:57:45.764+0000] {dag.py:3947} INFO - Setting next_dagrun for example_python_operator to None, run_after=None
[2025-12-19T13:57:45.774+0000] {processor.py:183} INFO - Processing /home/airflow/.local/lib/python3.12/site-packages/airflow/example_dags/example_python_operator.py took 0.043 seconds
[2025-12-19T14:41:24.119+0000] {processor.py:161} INFO - Started process (PID=58422) to work on /home/airflow/.local/lib/python3.12/site-packages/airflow/example_dags/example_python_operator.py
[2025-12-19T14:41:24.120+0000] {processor.py:830} INFO - Processing file /home/airflow/.local/lib/python3.12/site-packages/airflow/example_dags/example_python_operator.py for tasks to queue
[2025-12-19T14:41:24.120+0000] {logging_mixin.py:188} INFO - [2025-12-19T14:41:24.120+0000] {dagbag.py:545} INFO - Filling up the DagBag from /home/airflow/.local/lib/python3.12/site-packages/airflow/example_dags/example_python_operator.py
[2025-12-19T14:41:24.130+0000] {processor.py:840} INFO - DAG(s) 'example_python_operator' retrieved from /home/airflow/.local/lib/python3.12/site-packages/airflow/example_dags/example_python_operator.py
[2025-12-19T14:41:24.151+0000] {logging_mixin.py:188} INFO - [2025-12-19T14:41:24.150+0000] {dag.py:3089} INFO - Sync 1 DAGs
[2025-12-19T14:41:24.163+0000] {logging_mixin.py:188} INFO - [2025-12-19T14:41:24.163+0000] {dag.py:3947} INFO - Setting next_dagrun for example_python_operator to None, run_after=None
[2025-12-19T14:41:24.180+0000] {processor.py:183} INFO - Processing /home/airflow/.local/lib/python3.12/site-packages/airflow/example_dags/example_python_operator.py took 0.067 seconds
[2025-12-19T14:41:54.816+0000] {processor.py:161} INFO - Started process (PID=58481) to work on /home/airflow/.local/lib/python3.12/site-packages/airflow/example_dags/example_python_operator.py
[2025-12-19T14:41:54.817+0000] {processor.py:830} INFO - Processing file /home/airflow/.local/lib/python3.12/site-packages/airflow/example_dags/example_python_operator.py for tasks to queue
[2025-12-19T14:41:54.817+0000] {logging_mixin.py:188} INFO - [2025-12-19T14:41:54.817+0000] {dagbag.py:545} INFO - Filling up the DagBag from /home/airflow/.local/lib/python3.12/site-packages/airflow/example_dags/example_python_operator.py
[2025-12-19T14:41:54.825+0000] {processor.py:840} INFO - DAG(s) 'example_python_operator' retrieved from /home/airflow/.local/lib/python3.12/site-packages/airflow/example_dags/example_python_operator.py
[2025-12-19T14:41:54.840+0000] {logging_mixin.py:188} INFO - [2025-12-19T14:41:54.840+0000] {dag.py:3089} INFO - Sync 1 DAGs
[2025-12-19T14:41:54.849+0000] {logging_mixin.py:188} INFO - [2025-12-19T14:41:54.849+0000] {dag.py:3947} INFO - Setting next_dagrun for example_python_operator to None, run_after=None
[2025-12-19T14:41:54.864+0000] {processor.py:183} INFO - Processing /home/airflow/.local/lib/python3.12/site-packages/airflow/example_dags/example_python_operator.py took 0.052 seconds
