[2025-12-19T01:08:01.381+0000] {processor.py:161} INFO - Started process (PID=57706) to work on /home/airflow/.local/lib/python3.12/site-packages/airflow/example_dags/example_skip_dag.py
[2025-12-19T01:08:01.381+0000] {processor.py:830} INFO - Processing file /home/airflow/.local/lib/python3.12/site-packages/airflow/example_dags/example_skip_dag.py for tasks to queue
[2025-12-19T01:08:01.382+0000] {logging_mixin.py:188} INFO - [2025-12-19T01:08:01.382+0000] {dagbag.py:545} INFO - Filling up the DagBag from /home/airflow/.local/lib/python3.12/site-packages/airflow/example_dags/example_skip_dag.py
[2025-12-19T01:08:01.386+0000] {processor.py:840} INFO - DAG(s) 'example_skip_dag' retrieved from /home/airflow/.local/lib/python3.12/site-packages/airflow/example_dags/example_skip_dag.py
[2025-12-19T01:08:01.396+0000] {logging_mixin.py:188} INFO - [2025-12-19T01:08:01.396+0000] {dag.py:3089} INFO - Sync 1 DAGs
[2025-12-19T01:08:01.410+0000] {logging_mixin.py:188} INFO - [2025-12-19T01:08:01.410+0000] {dag.py:3947} INFO - Setting next_dagrun for example_skip_dag to 2025-12-18 00:00:00+00:00, run_after=2025-12-19 00:00:00+00:00
[2025-12-19T01:08:01.421+0000] {processor.py:183} INFO - Processing /home/airflow/.local/lib/python3.12/site-packages/airflow/example_dags/example_skip_dag.py took 0.043 seconds
[2025-12-19T02:16:04.705+0000] {processor.py:161} INFO - Started process (PID=57765) to work on /home/airflow/.local/lib/python3.12/site-packages/airflow/example_dags/example_skip_dag.py
[2025-12-19T02:16:04.705+0000] {processor.py:830} INFO - Processing file /home/airflow/.local/lib/python3.12/site-packages/airflow/example_dags/example_skip_dag.py for tasks to queue
[2025-12-19T02:16:04.706+0000] {logging_mixin.py:188} INFO - [2025-12-19T02:16:04.706+0000] {dagbag.py:545} INFO - Filling up the DagBag from /home/airflow/.local/lib/python3.12/site-packages/airflow/example_dags/example_skip_dag.py
[2025-12-19T02:16:04.709+0000] {processor.py:840} INFO - DAG(s) 'example_skip_dag' retrieved from /home/airflow/.local/lib/python3.12/site-packages/airflow/example_dags/example_skip_dag.py
[2025-12-19T02:16:04.720+0000] {logging_mixin.py:188} INFO - [2025-12-19T02:16:04.720+0000] {dag.py:3089} INFO - Sync 1 DAGs
[2025-12-19T02:16:04.734+0000] {logging_mixin.py:188} INFO - [2025-12-19T02:16:04.734+0000] {dag.py:3947} INFO - Setting next_dagrun for example_skip_dag to 2025-12-18 00:00:00+00:00, run_after=2025-12-19 00:00:00+00:00
[2025-12-19T02:16:04.750+0000] {processor.py:183} INFO - Processing /home/airflow/.local/lib/python3.12/site-packages/airflow/example_dags/example_skip_dag.py took 0.049 seconds
[2025-12-19T03:53:39.169+0000] {processor.py:161} INFO - Started process (PID=57824) to work on /home/airflow/.local/lib/python3.12/site-packages/airflow/example_dags/example_skip_dag.py
[2025-12-19T03:53:39.169+0000] {processor.py:830} INFO - Processing file /home/airflow/.local/lib/python3.12/site-packages/airflow/example_dags/example_skip_dag.py for tasks to queue
[2025-12-19T03:53:39.170+0000] {logging_mixin.py:188} INFO - [2025-12-19T03:53:39.170+0000] {dagbag.py:545} INFO - Filling up the DagBag from /home/airflow/.local/lib/python3.12/site-packages/airflow/example_dags/example_skip_dag.py
[2025-12-19T03:53:39.173+0000] {processor.py:840} INFO - DAG(s) 'example_skip_dag' retrieved from /home/airflow/.local/lib/python3.12/site-packages/airflow/example_dags/example_skip_dag.py
[2025-12-19T03:53:39.190+0000] {logging_mixin.py:188} INFO - [2025-12-19T03:53:39.190+0000] {dag.py:3089} INFO - Sync 1 DAGs
[2025-12-19T03:53:39.206+0000] {logging_mixin.py:188} INFO - [2025-12-19T03:53:39.206+0000] {dag.py:3947} INFO - Setting next_dagrun for example_skip_dag to 2025-12-18 00:00:00+00:00, run_after=2025-12-19 00:00:00+00:00
[2025-12-19T03:53:39.218+0000] {processor.py:183} INFO - Processing /home/airflow/.local/lib/python3.12/site-packages/airflow/example_dags/example_skip_dag.py took 0.052 seconds
[2025-12-19T05:18:12.691+0000] {processor.py:161} INFO - Started process (PID=57883) to work on /home/airflow/.local/lib/python3.12/site-packages/airflow/example_dags/example_skip_dag.py
[2025-12-19T05:18:12.693+0000] {processor.py:830} INFO - Processing file /home/airflow/.local/lib/python3.12/site-packages/airflow/example_dags/example_skip_dag.py for tasks to queue
[2025-12-19T05:18:12.694+0000] {logging_mixin.py:188} INFO - [2025-12-19T05:18:12.694+0000] {dagbag.py:545} INFO - Filling up the DagBag from /home/airflow/.local/lib/python3.12/site-packages/airflow/example_dags/example_skip_dag.py
[2025-12-19T05:18:12.697+0000] {processor.py:840} INFO - DAG(s) 'example_skip_dag' retrieved from /home/airflow/.local/lib/python3.12/site-packages/airflow/example_dags/example_skip_dag.py
[2025-12-19T05:18:12.708+0000] {logging_mixin.py:188} INFO - [2025-12-19T05:18:12.708+0000] {dag.py:3089} INFO - Sync 1 DAGs
[2025-12-19T05:18:12.717+0000] {logging_mixin.py:188} INFO - [2025-12-19T05:18:12.717+0000] {dag.py:3947} INFO - Setting next_dagrun for example_skip_dag to 2025-12-18 00:00:00+00:00, run_after=2025-12-19 00:00:00+00:00
[2025-12-19T05:18:12.724+0000] {processor.py:183} INFO - Processing /home/airflow/.local/lib/python3.12/site-packages/airflow/example_dags/example_skip_dag.py took 0.036 seconds
[2025-12-19T06:58:37.149+0000] {processor.py:161} INFO - Started process (PID=57942) to work on /home/airflow/.local/lib/python3.12/site-packages/airflow/example_dags/example_skip_dag.py
[2025-12-19T06:58:37.153+0000] {processor.py:830} INFO - Processing file /home/airflow/.local/lib/python3.12/site-packages/airflow/example_dags/example_skip_dag.py for tasks to queue
[2025-12-19T06:58:37.154+0000] {logging_mixin.py:188} INFO - [2025-12-19T06:58:37.154+0000] {dagbag.py:545} INFO - Filling up the DagBag from /home/airflow/.local/lib/python3.12/site-packages/airflow/example_dags/example_skip_dag.py
[2025-12-19T06:58:37.159+0000] {processor.py:840} INFO - DAG(s) 'example_skip_dag' retrieved from /home/airflow/.local/lib/python3.12/site-packages/airflow/example_dags/example_skip_dag.py
[2025-12-19T06:58:37.183+0000] {logging_mixin.py:188} INFO - [2025-12-19T06:58:37.183+0000] {dag.py:3089} INFO - Sync 1 DAGs
[2025-12-19T06:58:37.195+0000] {logging_mixin.py:188} INFO - [2025-12-19T06:58:37.195+0000] {dag.py:3947} INFO - Setting next_dagrun for example_skip_dag to 2025-12-18 00:00:00+00:00, run_after=2025-12-19 00:00:00+00:00
[2025-12-19T06:58:37.205+0000] {processor.py:183} INFO - Processing /home/airflow/.local/lib/python3.12/site-packages/airflow/example_dags/example_skip_dag.py took 0.058 seconds
[2025-12-19T08:03:03.079+0000] {processor.py:161} INFO - Started process (PID=58001) to work on /home/airflow/.local/lib/python3.12/site-packages/airflow/example_dags/example_skip_dag.py
[2025-12-19T08:03:03.080+0000] {processor.py:830} INFO - Processing file /home/airflow/.local/lib/python3.12/site-packages/airflow/example_dags/example_skip_dag.py for tasks to queue
[2025-12-19T08:03:03.080+0000] {logging_mixin.py:188} INFO - [2025-12-19T08:03:03.080+0000] {dagbag.py:545} INFO - Filling up the DagBag from /home/airflow/.local/lib/python3.12/site-packages/airflow/example_dags/example_skip_dag.py
[2025-12-19T08:03:03.086+0000] {processor.py:840} INFO - DAG(s) 'example_skip_dag' retrieved from /home/airflow/.local/lib/python3.12/site-packages/airflow/example_dags/example_skip_dag.py
[2025-12-19T08:03:03.102+0000] {logging_mixin.py:188} INFO - [2025-12-19T08:03:03.102+0000] {dag.py:3089} INFO - Sync 1 DAGs
[2025-12-19T08:03:03.115+0000] {logging_mixin.py:188} INFO - [2025-12-19T08:03:03.115+0000] {dag.py:3947} INFO - Setting next_dagrun for example_skip_dag to 2025-12-18 00:00:00+00:00, run_after=2025-12-19 00:00:00+00:00
[2025-12-19T08:03:03.125+0000] {processor.py:183} INFO - Processing /home/airflow/.local/lib/python3.12/site-packages/airflow/example_dags/example_skip_dag.py took 0.050 seconds
[2025-12-19T09:19:29.620+0000] {processor.py:161} INFO - Started process (PID=58060) to work on /home/airflow/.local/lib/python3.12/site-packages/airflow/example_dags/example_skip_dag.py
[2025-12-19T09:19:29.621+0000] {processor.py:830} INFO - Processing file /home/airflow/.local/lib/python3.12/site-packages/airflow/example_dags/example_skip_dag.py for tasks to queue
[2025-12-19T09:19:29.621+0000] {logging_mixin.py:188} INFO - [2025-12-19T09:19:29.621+0000] {dagbag.py:545} INFO - Filling up the DagBag from /home/airflow/.local/lib/python3.12/site-packages/airflow/example_dags/example_skip_dag.py
[2025-12-19T09:19:29.626+0000] {processor.py:840} INFO - DAG(s) 'example_skip_dag' retrieved from /home/airflow/.local/lib/python3.12/site-packages/airflow/example_dags/example_skip_dag.py
[2025-12-19T09:19:29.643+0000] {logging_mixin.py:188} INFO - [2025-12-19T09:19:29.643+0000] {dag.py:3089} INFO - Sync 1 DAGs
[2025-12-19T09:19:29.659+0000] {logging_mixin.py:188} INFO - [2025-12-19T09:19:29.659+0000] {dag.py:3947} INFO - Setting next_dagrun for example_skip_dag to 2025-12-18 00:00:00+00:00, run_after=2025-12-19 00:00:00+00:00
[2025-12-19T09:19:29.678+0000] {processor.py:183} INFO - Processing /home/airflow/.local/lib/python3.12/site-packages/airflow/example_dags/example_skip_dag.py took 0.066 seconds
[2025-12-19T09:57:39.696+0000] {processor.py:161} INFO - Started process (PID=58119) to work on /home/airflow/.local/lib/python3.12/site-packages/airflow/example_dags/example_skip_dag.py
[2025-12-19T09:57:39.697+0000] {processor.py:830} INFO - Processing file /home/airflow/.local/lib/python3.12/site-packages/airflow/example_dags/example_skip_dag.py for tasks to queue
[2025-12-19T09:57:39.698+0000] {logging_mixin.py:188} INFO - [2025-12-19T09:57:39.698+0000] {dagbag.py:545} INFO - Filling up the DagBag from /home/airflow/.local/lib/python3.12/site-packages/airflow/example_dags/example_skip_dag.py
[2025-12-19T09:57:39.706+0000] {processor.py:840} INFO - DAG(s) 'example_skip_dag' retrieved from /home/airflow/.local/lib/python3.12/site-packages/airflow/example_dags/example_skip_dag.py
[2025-12-19T09:57:39.725+0000] {logging_mixin.py:188} INFO - [2025-12-19T09:57:39.725+0000] {dag.py:3089} INFO - Sync 1 DAGs
[2025-12-19T09:57:39.747+0000] {logging_mixin.py:188} INFO - [2025-12-19T09:57:39.746+0000] {dag.py:3947} INFO - Setting next_dagrun for example_skip_dag to 2025-12-18 00:00:00+00:00, run_after=2025-12-19 00:00:00+00:00
[2025-12-19T09:57:39.764+0000] {processor.py:183} INFO - Processing /home/airflow/.local/lib/python3.12/site-packages/airflow/example_dags/example_skip_dag.py took 0.074 seconds
[2025-12-19T10:46:49.214+0000] {processor.py:161} INFO - Started process (PID=58178) to work on /home/airflow/.local/lib/python3.12/site-packages/airflow/example_dags/example_skip_dag.py
[2025-12-19T10:46:49.217+0000] {processor.py:830} INFO - Processing file /home/airflow/.local/lib/python3.12/site-packages/airflow/example_dags/example_skip_dag.py for tasks to queue
[2025-12-19T10:46:49.220+0000] {logging_mixin.py:188} INFO - [2025-12-19T10:46:49.219+0000] {dagbag.py:545} INFO - Filling up the DagBag from /home/airflow/.local/lib/python3.12/site-packages/airflow/example_dags/example_skip_dag.py
[2025-12-19T10:46:49.230+0000] {processor.py:840} INFO - DAG(s) 'example_skip_dag' retrieved from /home/airflow/.local/lib/python3.12/site-packages/airflow/example_dags/example_skip_dag.py
[2025-12-19T10:46:49.258+0000] {logging_mixin.py:188} INFO - [2025-12-19T10:46:49.257+0000] {dag.py:3089} INFO - Sync 1 DAGs
[2025-12-19T10:46:49.301+0000] {logging_mixin.py:188} INFO - [2025-12-19T10:46:49.301+0000] {dag.py:3947} INFO - Setting next_dagrun for example_skip_dag to 2025-12-18 00:00:00+00:00, run_after=2025-12-19 00:00:00+00:00
[2025-12-19T10:46:49.334+0000] {processor.py:183} INFO - Processing /home/airflow/.local/lib/python3.12/site-packages/airflow/example_dags/example_skip_dag.py took 0.129 seconds
[2025-12-19T11:37:09.560+0000] {processor.py:161} INFO - Started process (PID=58237) to work on /home/airflow/.local/lib/python3.12/site-packages/airflow/example_dags/example_skip_dag.py
[2025-12-19T11:37:09.564+0000] {processor.py:830} INFO - Processing file /home/airflow/.local/lib/python3.12/site-packages/airflow/example_dags/example_skip_dag.py for tasks to queue
[2025-12-19T11:37:09.566+0000] {logging_mixin.py:188} INFO - [2025-12-19T11:37:09.565+0000] {dagbag.py:545} INFO - Filling up the DagBag from /home/airflow/.local/lib/python3.12/site-packages/airflow/example_dags/example_skip_dag.py
[2025-12-19T11:37:09.585+0000] {processor.py:840} INFO - DAG(s) 'example_skip_dag' retrieved from /home/airflow/.local/lib/python3.12/site-packages/airflow/example_dags/example_skip_dag.py
[2025-12-19T11:37:09.650+0000] {logging_mixin.py:188} INFO - [2025-12-19T11:37:09.649+0000] {dag.py:3089} INFO - Sync 1 DAGs
[2025-12-19T11:37:09.727+0000] {logging_mixin.py:188} INFO - [2025-12-19T11:37:09.726+0000] {dag.py:3947} INFO - Setting next_dagrun for example_skip_dag to 2025-12-18 00:00:00+00:00, run_after=2025-12-19 00:00:00+00:00
[2025-12-19T11:37:09.781+0000] {processor.py:183} INFO - Processing /home/airflow/.local/lib/python3.12/site-packages/airflow/example_dags/example_skip_dag.py took 0.261 seconds
[2025-12-19T12:40:30.931+0000] {processor.py:161} INFO - Started process (PID=58296) to work on /home/airflow/.local/lib/python3.12/site-packages/airflow/example_dags/example_skip_dag.py
[2025-12-19T12:40:30.933+0000] {processor.py:830} INFO - Processing file /home/airflow/.local/lib/python3.12/site-packages/airflow/example_dags/example_skip_dag.py for tasks to queue
[2025-12-19T12:40:30.933+0000] {logging_mixin.py:188} INFO - [2025-12-19T12:40:30.933+0000] {dagbag.py:545} INFO - Filling up the DagBag from /home/airflow/.local/lib/python3.12/site-packages/airflow/example_dags/example_skip_dag.py
[2025-12-19T12:40:30.938+0000] {processor.py:840} INFO - DAG(s) 'example_skip_dag' retrieved from /home/airflow/.local/lib/python3.12/site-packages/airflow/example_dags/example_skip_dag.py
[2025-12-19T12:40:30.960+0000] {logging_mixin.py:188} INFO - [2025-12-19T12:40:30.960+0000] {dag.py:3089} INFO - Sync 1 DAGs
[2025-12-19T12:40:30.983+0000] {logging_mixin.py:188} INFO - [2025-12-19T12:40:30.982+0000] {dag.py:3947} INFO - Setting next_dagrun for example_skip_dag to 2025-12-18 00:00:00+00:00, run_after=2025-12-19 00:00:00+00:00
[2025-12-19T12:40:30.997+0000] {processor.py:183} INFO - Processing /home/airflow/.local/lib/python3.12/site-packages/airflow/example_dags/example_skip_dag.py took 0.070 seconds
[2025-12-19T13:57:45.597+0000] {processor.py:161} INFO - Started process (PID=58355) to work on /home/airflow/.local/lib/python3.12/site-packages/airflow/example_dags/example_skip_dag.py
[2025-12-19T13:57:45.597+0000] {processor.py:830} INFO - Processing file /home/airflow/.local/lib/python3.12/site-packages/airflow/example_dags/example_skip_dag.py for tasks to queue
[2025-12-19T13:57:45.598+0000] {logging_mixin.py:188} INFO - [2025-12-19T13:57:45.598+0000] {dagbag.py:545} INFO - Filling up the DagBag from /home/airflow/.local/lib/python3.12/site-packages/airflow/example_dags/example_skip_dag.py
[2025-12-19T13:57:45.603+0000] {processor.py:840} INFO - DAG(s) 'example_skip_dag' retrieved from /home/airflow/.local/lib/python3.12/site-packages/airflow/example_dags/example_skip_dag.py
[2025-12-19T13:57:45.623+0000] {logging_mixin.py:188} INFO - [2025-12-19T13:57:45.623+0000] {dag.py:3089} INFO - Sync 1 DAGs
[2025-12-19T13:57:45.641+0000] {logging_mixin.py:188} INFO - [2025-12-19T13:57:45.641+0000] {dag.py:3947} INFO - Setting next_dagrun for example_skip_dag to 2025-12-18 00:00:00+00:00, run_after=2025-12-19 00:00:00+00:00
[2025-12-19T13:57:45.656+0000] {processor.py:183} INFO - Processing /home/airflow/.local/lib/python3.12/site-packages/airflow/example_dags/example_skip_dag.py took 0.063 seconds
[2025-12-19T14:41:23.962+0000] {processor.py:161} INFO - Started process (PID=58420) to work on /home/airflow/.local/lib/python3.12/site-packages/airflow/example_dags/example_skip_dag.py
[2025-12-19T14:41:23.966+0000] {processor.py:830} INFO - Processing file /home/airflow/.local/lib/python3.12/site-packages/airflow/example_dags/example_skip_dag.py for tasks to queue
[2025-12-19T14:41:23.967+0000] {logging_mixin.py:188} INFO - [2025-12-19T14:41:23.967+0000] {dagbag.py:545} INFO - Filling up the DagBag from /home/airflow/.local/lib/python3.12/site-packages/airflow/example_dags/example_skip_dag.py
[2025-12-19T14:41:23.973+0000] {processor.py:840} INFO - DAG(s) 'example_skip_dag' retrieved from /home/airflow/.local/lib/python3.12/site-packages/airflow/example_dags/example_skip_dag.py
[2025-12-19T14:41:23.991+0000] {logging_mixin.py:188} INFO - [2025-12-19T14:41:23.990+0000] {dag.py:3089} INFO - Sync 1 DAGs
[2025-12-19T14:41:24.010+0000] {logging_mixin.py:188} INFO - [2025-12-19T14:41:24.010+0000] {dag.py:3947} INFO - Setting next_dagrun for example_skip_dag to 2025-12-18 00:00:00+00:00, run_after=2025-12-19 00:00:00+00:00
[2025-12-19T14:41:24.025+0000] {processor.py:183} INFO - Processing /home/airflow/.local/lib/python3.12/site-packages/airflow/example_dags/example_skip_dag.py took 0.068 seconds
[2025-12-19T14:41:54.654+0000] {processor.py:161} INFO - Started process (PID=58479) to work on /home/airflow/.local/lib/python3.12/site-packages/airflow/example_dags/example_skip_dag.py
[2025-12-19T14:41:54.658+0000] {processor.py:830} INFO - Processing file /home/airflow/.local/lib/python3.12/site-packages/airflow/example_dags/example_skip_dag.py for tasks to queue
[2025-12-19T14:41:54.659+0000] {logging_mixin.py:188} INFO - [2025-12-19T14:41:54.659+0000] {dagbag.py:545} INFO - Filling up the DagBag from /home/airflow/.local/lib/python3.12/site-packages/airflow/example_dags/example_skip_dag.py
[2025-12-19T14:41:54.668+0000] {processor.py:840} INFO - DAG(s) 'example_skip_dag' retrieved from /home/airflow/.local/lib/python3.12/site-packages/airflow/example_dags/example_skip_dag.py
[2025-12-19T14:41:54.685+0000] {logging_mixin.py:188} INFO - [2025-12-19T14:41:54.685+0000] {dag.py:3089} INFO - Sync 1 DAGs
[2025-12-19T14:41:54.702+0000] {logging_mixin.py:188} INFO - [2025-12-19T14:41:54.702+0000] {dag.py:3947} INFO - Setting next_dagrun for example_skip_dag to 2025-12-18 00:00:00+00:00, run_after=2025-12-19 00:00:00+00:00
[2025-12-19T14:41:54.716+0000] {processor.py:183} INFO - Processing /home/airflow/.local/lib/python3.12/site-packages/airflow/example_dags/example_skip_dag.py took 0.067 seconds
