[2025-12-19T01:08:00.239+0000] {processor.py:161} INFO - Started process (PID=57681) to work on /home/airflow/.local/lib/python3.12/site-packages/airflow/example_dags/example_short_circuit_operator.py
[2025-12-19T01:08:00.240+0000] {processor.py:830} INFO - Processing file /home/airflow/.local/lib/python3.12/site-packages/airflow/example_dags/example_short_circuit_operator.py for tasks to queue
[2025-12-19T01:08:00.241+0000] {logging_mixin.py:188} INFO - [2025-12-19T01:08:00.241+0000] {dagbag.py:545} INFO - Filling up the DagBag from /home/airflow/.local/lib/python3.12/site-packages/airflow/example_dags/example_short_circuit_operator.py
[2025-12-19T01:08:00.263+0000] {processor.py:840} INFO - DAG(s) 'example_short_circuit_operator' retrieved from /home/airflow/.local/lib/python3.12/site-packages/airflow/example_dags/example_short_circuit_operator.py
[2025-12-19T01:08:00.305+0000] {logging_mixin.py:188} INFO - [2025-12-19T01:08:00.305+0000] {dag.py:3089} INFO - Sync 1 DAGs
[2025-12-19T01:08:00.331+0000] {logging_mixin.py:188} INFO - [2025-12-19T01:08:00.330+0000] {dag.py:3947} INFO - Setting next_dagrun for example_short_circuit_operator to 2025-12-18 00:00:00+00:00, run_after=2025-12-19 00:00:00+00:00
[2025-12-19T01:08:00.347+0000] {processor.py:183} INFO - Processing /home/airflow/.local/lib/python3.12/site-packages/airflow/example_dags/example_short_circuit_operator.py took 0.125 seconds
[2025-12-19T02:16:03.799+0000] {processor.py:161} INFO - Started process (PID=57740) to work on /home/airflow/.local/lib/python3.12/site-packages/airflow/example_dags/example_short_circuit_operator.py
[2025-12-19T02:16:03.800+0000] {processor.py:830} INFO - Processing file /home/airflow/.local/lib/python3.12/site-packages/airflow/example_dags/example_short_circuit_operator.py for tasks to queue
[2025-12-19T02:16:03.801+0000] {logging_mixin.py:188} INFO - [2025-12-19T02:16:03.801+0000] {dagbag.py:545} INFO - Filling up the DagBag from /home/airflow/.local/lib/python3.12/site-packages/airflow/example_dags/example_short_circuit_operator.py
[2025-12-19T02:16:03.818+0000] {processor.py:840} INFO - DAG(s) 'example_short_circuit_operator' retrieved from /home/airflow/.local/lib/python3.12/site-packages/airflow/example_dags/example_short_circuit_operator.py
[2025-12-19T02:16:03.864+0000] {logging_mixin.py:188} INFO - [2025-12-19T02:16:03.864+0000] {dag.py:3089} INFO - Sync 1 DAGs
[2025-12-19T02:16:03.890+0000] {logging_mixin.py:188} INFO - [2025-12-19T02:16:03.890+0000] {dag.py:3947} INFO - Setting next_dagrun for example_short_circuit_operator to 2025-12-18 00:00:00+00:00, run_after=2025-12-19 00:00:00+00:00
[2025-12-19T02:16:03.909+0000] {processor.py:183} INFO - Processing /home/airflow/.local/lib/python3.12/site-packages/airflow/example_dags/example_short_circuit_operator.py took 0.116 seconds
[2025-12-19T03:53:38.266+0000] {processor.py:161} INFO - Started process (PID=57799) to work on /home/airflow/.local/lib/python3.12/site-packages/airflow/example_dags/example_short_circuit_operator.py
[2025-12-19T03:53:38.267+0000] {processor.py:830} INFO - Processing file /home/airflow/.local/lib/python3.12/site-packages/airflow/example_dags/example_short_circuit_operator.py for tasks to queue
[2025-12-19T03:53:38.268+0000] {logging_mixin.py:188} INFO - [2025-12-19T03:53:38.268+0000] {dagbag.py:545} INFO - Filling up the DagBag from /home/airflow/.local/lib/python3.12/site-packages/airflow/example_dags/example_short_circuit_operator.py
[2025-12-19T03:53:38.283+0000] {processor.py:840} INFO - DAG(s) 'example_short_circuit_operator' retrieved from /home/airflow/.local/lib/python3.12/site-packages/airflow/example_dags/example_short_circuit_operator.py
[2025-12-19T03:53:38.324+0000] {logging_mixin.py:188} INFO - [2025-12-19T03:53:38.324+0000] {dag.py:3089} INFO - Sync 1 DAGs
[2025-12-19T03:53:38.354+0000] {logging_mixin.py:188} INFO - [2025-12-19T03:53:38.353+0000] {dag.py:3947} INFO - Setting next_dagrun for example_short_circuit_operator to 2025-12-18 00:00:00+00:00, run_after=2025-12-19 00:00:00+00:00
[2025-12-19T03:53:38.367+0000] {processor.py:183} INFO - Processing /home/airflow/.local/lib/python3.12/site-packages/airflow/example_dags/example_short_circuit_operator.py took 0.109 seconds
[2025-12-19T05:18:11.766+0000] {processor.py:161} INFO - Started process (PID=57858) to work on /home/airflow/.local/lib/python3.12/site-packages/airflow/example_dags/example_short_circuit_operator.py
[2025-12-19T05:18:11.768+0000] {processor.py:830} INFO - Processing file /home/airflow/.local/lib/python3.12/site-packages/airflow/example_dags/example_short_circuit_operator.py for tasks to queue
[2025-12-19T05:18:11.769+0000] {logging_mixin.py:188} INFO - [2025-12-19T05:18:11.768+0000] {dagbag.py:545} INFO - Filling up the DagBag from /home/airflow/.local/lib/python3.12/site-packages/airflow/example_dags/example_short_circuit_operator.py
[2025-12-19T05:18:11.793+0000] {processor.py:840} INFO - DAG(s) 'example_short_circuit_operator' retrieved from /home/airflow/.local/lib/python3.12/site-packages/airflow/example_dags/example_short_circuit_operator.py
[2025-12-19T05:18:11.829+0000] {logging_mixin.py:188} INFO - [2025-12-19T05:18:11.829+0000] {dag.py:3089} INFO - Sync 1 DAGs
[2025-12-19T05:18:11.856+0000] {logging_mixin.py:188} INFO - [2025-12-19T05:18:11.856+0000] {dag.py:3947} INFO - Setting next_dagrun for example_short_circuit_operator to 2025-12-18 00:00:00+00:00, run_after=2025-12-19 00:00:00+00:00
[2025-12-19T05:18:11.878+0000] {processor.py:183} INFO - Processing /home/airflow/.local/lib/python3.12/site-packages/airflow/example_dags/example_short_circuit_operator.py took 0.119 seconds
[2025-12-19T06:58:36.251+0000] {processor.py:161} INFO - Started process (PID=57917) to work on /home/airflow/.local/lib/python3.12/site-packages/airflow/example_dags/example_short_circuit_operator.py
[2025-12-19T06:58:36.252+0000] {processor.py:830} INFO - Processing file /home/airflow/.local/lib/python3.12/site-packages/airflow/example_dags/example_short_circuit_operator.py for tasks to queue
[2025-12-19T06:58:36.253+0000] {logging_mixin.py:188} INFO - [2025-12-19T06:58:36.253+0000] {dagbag.py:545} INFO - Filling up the DagBag from /home/airflow/.local/lib/python3.12/site-packages/airflow/example_dags/example_short_circuit_operator.py
[2025-12-19T06:58:36.275+0000] {processor.py:840} INFO - DAG(s) 'example_short_circuit_operator' retrieved from /home/airflow/.local/lib/python3.12/site-packages/airflow/example_dags/example_short_circuit_operator.py
[2025-12-19T06:58:36.311+0000] {logging_mixin.py:188} INFO - [2025-12-19T06:58:36.311+0000] {dag.py:3089} INFO - Sync 1 DAGs
[2025-12-19T06:58:36.340+0000] {logging_mixin.py:188} INFO - [2025-12-19T06:58:36.340+0000] {dag.py:3947} INFO - Setting next_dagrun for example_short_circuit_operator to 2025-12-18 00:00:00+00:00, run_after=2025-12-19 00:00:00+00:00
[2025-12-19T06:58:36.356+0000] {processor.py:183} INFO - Processing /home/airflow/.local/lib/python3.12/site-packages/airflow/example_dags/example_short_circuit_operator.py took 0.111 seconds
[2025-12-19T08:03:01.995+0000] {processor.py:161} INFO - Started process (PID=57976) to work on /home/airflow/.local/lib/python3.12/site-packages/airflow/example_dags/example_short_circuit_operator.py
[2025-12-19T08:03:02.002+0000] {processor.py:830} INFO - Processing file /home/airflow/.local/lib/python3.12/site-packages/airflow/example_dags/example_short_circuit_operator.py for tasks to queue
[2025-12-19T08:03:02.003+0000] {logging_mixin.py:188} INFO - [2025-12-19T08:03:02.003+0000] {dagbag.py:545} INFO - Filling up the DagBag from /home/airflow/.local/lib/python3.12/site-packages/airflow/example_dags/example_short_circuit_operator.py
[2025-12-19T08:03:02.025+0000] {processor.py:840} INFO - DAG(s) 'example_short_circuit_operator' retrieved from /home/airflow/.local/lib/python3.12/site-packages/airflow/example_dags/example_short_circuit_operator.py
[2025-12-19T08:03:02.063+0000] {logging_mixin.py:188} INFO - [2025-12-19T08:03:02.063+0000] {dag.py:3089} INFO - Sync 1 DAGs
[2025-12-19T08:03:02.090+0000] {logging_mixin.py:188} INFO - [2025-12-19T08:03:02.090+0000] {dag.py:3947} INFO - Setting next_dagrun for example_short_circuit_operator to 2025-12-18 00:00:00+00:00, run_after=2025-12-19 00:00:00+00:00
[2025-12-19T08:03:02.107+0000] {processor.py:183} INFO - Processing /home/airflow/.local/lib/python3.12/site-packages/airflow/example_dags/example_short_circuit_operator.py took 0.118 seconds
[2025-12-19T09:19:28.121+0000] {processor.py:161} INFO - Started process (PID=58035) to work on /home/airflow/.local/lib/python3.12/site-packages/airflow/example_dags/example_short_circuit_operator.py
[2025-12-19T09:19:28.123+0000] {processor.py:830} INFO - Processing file /home/airflow/.local/lib/python3.12/site-packages/airflow/example_dags/example_short_circuit_operator.py for tasks to queue
[2025-12-19T09:19:28.126+0000] {logging_mixin.py:188} INFO - [2025-12-19T09:19:28.124+0000] {dagbag.py:545} INFO - Filling up the DagBag from /home/airflow/.local/lib/python3.12/site-packages/airflow/example_dags/example_short_circuit_operator.py
[2025-12-19T09:19:28.151+0000] {processor.py:840} INFO - DAG(s) 'example_short_circuit_operator' retrieved from /home/airflow/.local/lib/python3.12/site-packages/airflow/example_dags/example_short_circuit_operator.py
[2025-12-19T09:19:28.197+0000] {logging_mixin.py:188} INFO - [2025-12-19T09:19:28.196+0000] {dag.py:3089} INFO - Sync 1 DAGs
[2025-12-19T09:19:28.231+0000] {logging_mixin.py:188} INFO - [2025-12-19T09:19:28.231+0000] {dag.py:3947} INFO - Setting next_dagrun for example_short_circuit_operator to 2025-12-18 00:00:00+00:00, run_after=2025-12-19 00:00:00+00:00
[2025-12-19T09:19:28.258+0000] {processor.py:183} INFO - Processing /home/airflow/.local/lib/python3.12/site-packages/airflow/example_dags/example_short_circuit_operator.py took 0.149 seconds
[2025-12-19T09:57:38.058+0000] {processor.py:161} INFO - Started process (PID=58094) to work on /home/airflow/.local/lib/python3.12/site-packages/airflow/example_dags/example_short_circuit_operator.py
[2025-12-19T09:57:38.060+0000] {processor.py:830} INFO - Processing file /home/airflow/.local/lib/python3.12/site-packages/airflow/example_dags/example_short_circuit_operator.py for tasks to queue
[2025-12-19T09:57:38.062+0000] {logging_mixin.py:188} INFO - [2025-12-19T09:57:38.062+0000] {dagbag.py:545} INFO - Filling up the DagBag from /home/airflow/.local/lib/python3.12/site-packages/airflow/example_dags/example_short_circuit_operator.py
[2025-12-19T09:57:38.095+0000] {processor.py:840} INFO - DAG(s) 'example_short_circuit_operator' retrieved from /home/airflow/.local/lib/python3.12/site-packages/airflow/example_dags/example_short_circuit_operator.py
[2025-12-19T09:57:38.132+0000] {logging_mixin.py:188} INFO - [2025-12-19T09:57:38.132+0000] {dag.py:3089} INFO - Sync 1 DAGs
[2025-12-19T09:57:38.163+0000] {logging_mixin.py:188} INFO - [2025-12-19T09:57:38.163+0000] {dag.py:3947} INFO - Setting next_dagrun for example_short_circuit_operator to 2025-12-18 00:00:00+00:00, run_after=2025-12-19 00:00:00+00:00
[2025-12-19T09:57:38.184+0000] {processor.py:183} INFO - Processing /home/airflow/.local/lib/python3.12/site-packages/airflow/example_dags/example_short_circuit_operator.py took 0.137 seconds
[2025-12-19T10:46:46.528+0000] {processor.py:161} INFO - Started process (PID=58153) to work on /home/airflow/.local/lib/python3.12/site-packages/airflow/example_dags/example_short_circuit_operator.py
[2025-12-19T10:46:46.531+0000] {processor.py:830} INFO - Processing file /home/airflow/.local/lib/python3.12/site-packages/airflow/example_dags/example_short_circuit_operator.py for tasks to queue
[2025-12-19T10:46:46.533+0000] {logging_mixin.py:188} INFO - [2025-12-19T10:46:46.533+0000] {dagbag.py:545} INFO - Filling up the DagBag from /home/airflow/.local/lib/python3.12/site-packages/airflow/example_dags/example_short_circuit_operator.py
[2025-12-19T10:46:46.563+0000] {processor.py:840} INFO - DAG(s) 'example_short_circuit_operator' retrieved from /home/airflow/.local/lib/python3.12/site-packages/airflow/example_dags/example_short_circuit_operator.py
[2025-12-19T10:46:46.620+0000] {logging_mixin.py:188} INFO - [2025-12-19T10:46:46.619+0000] {dag.py:3089} INFO - Sync 1 DAGs
[2025-12-19T10:46:46.651+0000] {logging_mixin.py:188} INFO - [2025-12-19T10:46:46.651+0000] {dag.py:3947} INFO - Setting next_dagrun for example_short_circuit_operator to 2025-12-18 00:00:00+00:00, run_after=2025-12-19 00:00:00+00:00
[2025-12-19T10:46:46.683+0000] {processor.py:183} INFO - Processing /home/airflow/.local/lib/python3.12/site-packages/airflow/example_dags/example_short_circuit_operator.py took 0.177 seconds
[2025-12-19T11:37:06.871+0000] {processor.py:161} INFO - Started process (PID=58212) to work on /home/airflow/.local/lib/python3.12/site-packages/airflow/example_dags/example_short_circuit_operator.py
[2025-12-19T11:37:06.874+0000] {processor.py:830} INFO - Processing file /home/airflow/.local/lib/python3.12/site-packages/airflow/example_dags/example_short_circuit_operator.py for tasks to queue
[2025-12-19T11:37:06.878+0000] {logging_mixin.py:188} INFO - [2025-12-19T11:37:06.877+0000] {dagbag.py:545} INFO - Filling up the DagBag from /home/airflow/.local/lib/python3.12/site-packages/airflow/example_dags/example_short_circuit_operator.py
[2025-12-19T11:37:06.902+0000] {processor.py:840} INFO - DAG(s) 'example_short_circuit_operator' retrieved from /home/airflow/.local/lib/python3.12/site-packages/airflow/example_dags/example_short_circuit_operator.py
[2025-12-19T11:37:06.965+0000] {logging_mixin.py:188} INFO - [2025-12-19T11:37:06.965+0000] {dag.py:3089} INFO - Sync 1 DAGs
[2025-12-19T11:37:07.016+0000] {logging_mixin.py:188} INFO - [2025-12-19T11:37:07.016+0000] {dag.py:3947} INFO - Setting next_dagrun for example_short_circuit_operator to 2025-12-18 00:00:00+00:00, run_after=2025-12-19 00:00:00+00:00
[2025-12-19T11:37:07.074+0000] {processor.py:183} INFO - Processing /home/airflow/.local/lib/python3.12/site-packages/airflow/example_dags/example_short_circuit_operator.py took 0.214 seconds
[2025-12-19T12:40:29.457+0000] {processor.py:161} INFO - Started process (PID=58271) to work on /home/airflow/.local/lib/python3.12/site-packages/airflow/example_dags/example_short_circuit_operator.py
[2025-12-19T12:40:29.459+0000] {processor.py:830} INFO - Processing file /home/airflow/.local/lib/python3.12/site-packages/airflow/example_dags/example_short_circuit_operator.py for tasks to queue
[2025-12-19T12:40:29.461+0000] {logging_mixin.py:188} INFO - [2025-12-19T12:40:29.460+0000] {dagbag.py:545} INFO - Filling up the DagBag from /home/airflow/.local/lib/python3.12/site-packages/airflow/example_dags/example_short_circuit_operator.py
[2025-12-19T12:40:29.503+0000] {processor.py:840} INFO - DAG(s) 'example_short_circuit_operator' retrieved from /home/airflow/.local/lib/python3.12/site-packages/airflow/example_dags/example_short_circuit_operator.py
[2025-12-19T12:40:29.574+0000] {logging_mixin.py:188} INFO - [2025-12-19T12:40:29.574+0000] {dag.py:3089} INFO - Sync 1 DAGs
[2025-12-19T12:40:29.618+0000] {logging_mixin.py:188} INFO - [2025-12-19T12:40:29.618+0000] {dag.py:3947} INFO - Setting next_dagrun for example_short_circuit_operator to 2025-12-18 00:00:00+00:00, run_after=2025-12-19 00:00:00+00:00
[2025-12-19T12:40:29.640+0000] {processor.py:183} INFO - Processing /home/airflow/.local/lib/python3.12/site-packages/airflow/example_dags/example_short_circuit_operator.py took 0.196 seconds
[2025-12-19T13:57:44.228+0000] {processor.py:161} INFO - Started process (PID=58330) to work on /home/airflow/.local/lib/python3.12/site-packages/airflow/example_dags/example_short_circuit_operator.py
[2025-12-19T13:57:44.230+0000] {processor.py:830} INFO - Processing file /home/airflow/.local/lib/python3.12/site-packages/airflow/example_dags/example_short_circuit_operator.py for tasks to queue
[2025-12-19T13:57:44.231+0000] {logging_mixin.py:188} INFO - [2025-12-19T13:57:44.231+0000] {dagbag.py:545} INFO - Filling up the DagBag from /home/airflow/.local/lib/python3.12/site-packages/airflow/example_dags/example_short_circuit_operator.py
[2025-12-19T13:57:44.256+0000] {processor.py:840} INFO - DAG(s) 'example_short_circuit_operator' retrieved from /home/airflow/.local/lib/python3.12/site-packages/airflow/example_dags/example_short_circuit_operator.py
[2025-12-19T13:57:44.288+0000] {logging_mixin.py:188} INFO - [2025-12-19T13:57:44.287+0000] {dag.py:3089} INFO - Sync 1 DAGs
[2025-12-19T13:57:44.321+0000] {logging_mixin.py:188} INFO - [2025-12-19T13:57:44.320+0000] {dag.py:3947} INFO - Setting next_dagrun for example_short_circuit_operator to 2025-12-18 00:00:00+00:00, run_after=2025-12-19 00:00:00+00:00
[2025-12-19T13:57:44.341+0000] {processor.py:183} INFO - Processing /home/airflow/.local/lib/python3.12/site-packages/airflow/example_dags/example_short_circuit_operator.py took 0.119 seconds
[2025-12-19T13:58:34.241+0000] {processor.py:161} INFO - Started process (PID=58395) to work on /home/airflow/.local/lib/python3.12/site-packages/airflow/example_dags/example_short_circuit_operator.py
[2025-12-19T13:58:34.266+0000] {processor.py:830} INFO - Processing file /home/airflow/.local/lib/python3.12/site-packages/airflow/example_dags/example_short_circuit_operator.py for tasks to queue
[2025-12-19T13:58:34.327+0000] {logging_mixin.py:188} INFO - [2025-12-19T13:58:34.316+0000] {dagbag.py:545} INFO - Filling up the DagBag from /home/airflow/.local/lib/python3.12/site-packages/airflow/example_dags/example_short_circuit_operator.py
[2025-12-19T13:58:34.510+0000] {processor.py:840} INFO - DAG(s) 'example_short_circuit_operator' retrieved from /home/airflow/.local/lib/python3.12/site-packages/airflow/example_dags/example_short_circuit_operator.py
[2025-12-19T14:41:20.640+0000] {logging_mixin.py:188} INFO - [2025-12-19T14:41:20.640+0000] {dag.py:3089} INFO - Sync 1 DAGs
[2025-12-19T14:41:20.914+0000] {logging_mixin.py:188} INFO - [2025-12-19T14:41:20.913+0000] {dag.py:3947} INFO - Setting next_dagrun for example_short_circuit_operator to 2025-12-18 00:00:00+00:00, run_after=2025-12-19 00:00:00+00:00
[2025-12-19T14:41:21.500+0000] {processor.py:183} INFO - Processing /home/airflow/.local/lib/python3.12/site-packages/airflow/example_dags/example_short_circuit_operator.py took 1.320 seconds
[2025-12-19T14:41:52.407+0000] {processor.py:161} INFO - Started process (PID=58454) to work on /home/airflow/.local/lib/python3.12/site-packages/airflow/example_dags/example_short_circuit_operator.py
[2025-12-19T14:41:52.408+0000] {processor.py:830} INFO - Processing file /home/airflow/.local/lib/python3.12/site-packages/airflow/example_dags/example_short_circuit_operator.py for tasks to queue
[2025-12-19T14:41:52.408+0000] {logging_mixin.py:188} INFO - [2025-12-19T14:41:52.408+0000] {dagbag.py:545} INFO - Filling up the DagBag from /home/airflow/.local/lib/python3.12/site-packages/airflow/example_dags/example_short_circuit_operator.py
[2025-12-19T14:41:52.413+0000] {processor.py:840} INFO - DAG(s) 'example_short_circuit_operator' retrieved from /home/airflow/.local/lib/python3.12/site-packages/airflow/example_dags/example_short_circuit_operator.py
[2025-12-19T14:41:52.428+0000] {logging_mixin.py:188} INFO - [2025-12-19T14:41:52.427+0000] {dag.py:3089} INFO - Sync 1 DAGs
[2025-12-19T14:41:52.437+0000] {logging_mixin.py:188} INFO - [2025-12-19T14:41:52.437+0000] {dag.py:3947} INFO - Setting next_dagrun for example_short_circuit_operator to 2025-12-18 00:00:00+00:00, run_after=2025-12-19 00:00:00+00:00
[2025-12-19T14:41:52.445+0000] {processor.py:183} INFO - Processing /home/airflow/.local/lib/python3.12/site-packages/airflow/example_dags/example_short_circuit_operator.py took 0.041 seconds
