[2025-12-19T01:08:01.570+0000] {processor.py:161} INFO - Started process (PID=57711) to work on /home/airflow/.local/lib/python3.12/site-packages/airflow/example_dags/example_datasets.py
[2025-12-19T01:08:01.571+0000] {processor.py:830} INFO - Processing file /home/airflow/.local/lib/python3.12/site-packages/airflow/example_dags/example_datasets.py for tasks to queue
[2025-12-19T01:08:01.572+0000] {logging_mixin.py:188} INFO - [2025-12-19T01:08:01.571+0000] {dagbag.py:545} INFO - Filling up the DagBag from /home/airflow/.local/lib/python3.12/site-packages/airflow/example_dags/example_datasets.py
[2025-12-19T01:08:01.581+0000] {processor.py:840} INFO - DAG(s) 'consume_1_and_2_with_dataset_expressions', 'dataset_consumes_1', 'consume_1_or_2_with_dataset_expressions', 'conditional_dataset_and_time_based_timetable', 'dataset_consumes_unknown_never_scheduled', 'dataset_produces_2', 'dataset_consumes_1_never_scheduled', 'dataset_consumes_1_and_2', 'consume_1_or_both_2_and_3_with_dataset_expressions', 'dataset_produces_1' retrieved from /home/airflow/.local/lib/python3.12/site-packages/airflow/example_dags/example_datasets.py
[2025-12-19T01:08:01.601+0000] {logging_mixin.py:188} INFO - [2025-12-19T01:08:01.601+0000] {dag.py:3089} INFO - Sync 10 DAGs
[2025-12-19T01:08:01.612+0000] {logging_mixin.py:188} INFO - [2025-12-19T01:08:01.612+0000] {dag.py:3947} INFO - Setting next_dagrun for conditional_dataset_and_time_based_timetable to 2025-12-17 01:00:00+00:00, run_after=2025-12-17 01:00:00+00:00
[2025-12-19T01:08:01.614+0000] {logging_mixin.py:188} INFO - [2025-12-19T01:08:01.614+0000] {dag.py:3947} INFO - Setting next_dagrun for consume_1_and_2_with_dataset_expressions to None, run_after=None
[2025-12-19T01:08:01.614+0000] {logging_mixin.py:188} INFO - [2025-12-19T01:08:01.614+0000] {dag.py:3947} INFO - Setting next_dagrun for consume_1_or_2_with_dataset_expressions to None, run_after=None
[2025-12-19T01:08:01.615+0000] {logging_mixin.py:188} INFO - [2025-12-19T01:08:01.615+0000] {dag.py:3947} INFO - Setting next_dagrun for consume_1_or_both_2_and_3_with_dataset_expressions to None, run_after=None
[2025-12-19T01:08:01.615+0000] {logging_mixin.py:188} INFO - [2025-12-19T01:08:01.615+0000] {dag.py:3947} INFO - Setting next_dagrun for dataset_consumes_1 to None, run_after=None
[2025-12-19T01:08:01.616+0000] {logging_mixin.py:188} INFO - [2025-12-19T01:08:01.616+0000] {dag.py:3947} INFO - Setting next_dagrun for dataset_consumes_1_and_2 to None, run_after=None
[2025-12-19T01:08:01.616+0000] {logging_mixin.py:188} INFO - [2025-12-19T01:08:01.616+0000] {dag.py:3947} INFO - Setting next_dagrun for dataset_consumes_1_never_scheduled to None, run_after=None
[2025-12-19T01:08:01.617+0000] {logging_mixin.py:188} INFO - [2025-12-19T01:08:01.617+0000] {dag.py:3947} INFO - Setting next_dagrun for dataset_consumes_unknown_never_scheduled to None, run_after=None
[2025-12-19T01:08:01.618+0000] {logging_mixin.py:188} INFO - [2025-12-19T01:08:01.618+0000] {dag.py:3947} INFO - Setting next_dagrun for dataset_produces_1 to 2025-12-18 00:00:00+00:00, run_after=2025-12-19 00:00:00+00:00
[2025-12-19T01:08:01.618+0000] {logging_mixin.py:188} INFO - [2025-12-19T01:08:01.618+0000] {dag.py:3947} INFO - Setting next_dagrun for dataset_produces_2 to None, run_after=None
[2025-12-19T01:08:01.633+0000] {processor.py:183} INFO - Processing /home/airflow/.local/lib/python3.12/site-packages/airflow/example_dags/example_datasets.py took 0.066 seconds
[2025-12-19T02:16:04.877+0000] {processor.py:161} INFO - Started process (PID=57770) to work on /home/airflow/.local/lib/python3.12/site-packages/airflow/example_dags/example_datasets.py
[2025-12-19T02:16:04.878+0000] {processor.py:830} INFO - Processing file /home/airflow/.local/lib/python3.12/site-packages/airflow/example_dags/example_datasets.py for tasks to queue
[2025-12-19T02:16:04.878+0000] {logging_mixin.py:188} INFO - [2025-12-19T02:16:04.878+0000] {dagbag.py:545} INFO - Filling up the DagBag from /home/airflow/.local/lib/python3.12/site-packages/airflow/example_dags/example_datasets.py
[2025-12-19T02:16:04.892+0000] {processor.py:840} INFO - DAG(s) 'dataset_consumes_1', 'dataset_produces_2', 'consume_1_and_2_with_dataset_expressions', 'conditional_dataset_and_time_based_timetable', 'dataset_consumes_1_and_2', 'consume_1_or_both_2_and_3_with_dataset_expressions', 'dataset_consumes_unknown_never_scheduled', 'dataset_consumes_1_never_scheduled', 'dataset_produces_1', 'consume_1_or_2_with_dataset_expressions' retrieved from /home/airflow/.local/lib/python3.12/site-packages/airflow/example_dags/example_datasets.py
[2025-12-19T02:16:04.920+0000] {logging_mixin.py:188} INFO - [2025-12-19T02:16:04.919+0000] {dag.py:3089} INFO - Sync 10 DAGs
[2025-12-19T02:16:04.929+0000] {logging_mixin.py:188} INFO - [2025-12-19T02:16:04.929+0000] {dag.py:3947} INFO - Setting next_dagrun for conditional_dataset_and_time_based_timetable to 2025-12-17 01:00:00+00:00, run_after=2025-12-17 01:00:00+00:00
[2025-12-19T02:16:04.934+0000] {logging_mixin.py:188} INFO - [2025-12-19T02:16:04.934+0000] {dag.py:3947} INFO - Setting next_dagrun for consume_1_and_2_with_dataset_expressions to None, run_after=None
[2025-12-19T02:16:04.936+0000] {logging_mixin.py:188} INFO - [2025-12-19T02:16:04.936+0000] {dag.py:3947} INFO - Setting next_dagrun for consume_1_or_2_with_dataset_expressions to None, run_after=None
[2025-12-19T02:16:04.936+0000] {logging_mixin.py:188} INFO - [2025-12-19T02:16:04.936+0000] {dag.py:3947} INFO - Setting next_dagrun for consume_1_or_both_2_and_3_with_dataset_expressions to None, run_after=None
[2025-12-19T02:16:04.937+0000] {logging_mixin.py:188} INFO - [2025-12-19T02:16:04.937+0000] {dag.py:3947} INFO - Setting next_dagrun for dataset_consumes_1 to None, run_after=None
[2025-12-19T02:16:04.937+0000] {logging_mixin.py:188} INFO - [2025-12-19T02:16:04.937+0000] {dag.py:3947} INFO - Setting next_dagrun for dataset_consumes_1_and_2 to None, run_after=None
[2025-12-19T02:16:04.938+0000] {logging_mixin.py:188} INFO - [2025-12-19T02:16:04.938+0000] {dag.py:3947} INFO - Setting next_dagrun for dataset_consumes_1_never_scheduled to None, run_after=None
[2025-12-19T02:16:04.938+0000] {logging_mixin.py:188} INFO - [2025-12-19T02:16:04.938+0000] {dag.py:3947} INFO - Setting next_dagrun for dataset_consumes_unknown_never_scheduled to None, run_after=None
[2025-12-19T02:16:04.939+0000] {logging_mixin.py:188} INFO - [2025-12-19T02:16:04.939+0000] {dag.py:3947} INFO - Setting next_dagrun for dataset_produces_1 to 2025-12-18 00:00:00+00:00, run_after=2025-12-19 00:00:00+00:00
[2025-12-19T02:16:04.940+0000] {logging_mixin.py:188} INFO - [2025-12-19T02:16:04.940+0000] {dag.py:3947} INFO - Setting next_dagrun for dataset_produces_2 to None, run_after=None
[2025-12-19T02:16:04.963+0000] {processor.py:183} INFO - Processing /home/airflow/.local/lib/python3.12/site-packages/airflow/example_dags/example_datasets.py took 0.089 seconds
[2025-12-19T03:53:39.326+0000] {processor.py:161} INFO - Started process (PID=57829) to work on /home/airflow/.local/lib/python3.12/site-packages/airflow/example_dags/example_datasets.py
[2025-12-19T03:53:39.330+0000] {processor.py:830} INFO - Processing file /home/airflow/.local/lib/python3.12/site-packages/airflow/example_dags/example_datasets.py for tasks to queue
[2025-12-19T03:53:39.330+0000] {logging_mixin.py:188} INFO - [2025-12-19T03:53:39.330+0000] {dagbag.py:545} INFO - Filling up the DagBag from /home/airflow/.local/lib/python3.12/site-packages/airflow/example_dags/example_datasets.py
[2025-12-19T03:53:39.340+0000] {processor.py:840} INFO - DAG(s) 'dataset_consumes_1', 'consume_1_or_both_2_and_3_with_dataset_expressions', 'conditional_dataset_and_time_based_timetable', 'dataset_produces_2', 'dataset_consumes_1_and_2', 'dataset_consumes_unknown_never_scheduled', 'dataset_consumes_1_never_scheduled', 'consume_1_or_2_with_dataset_expressions', 'dataset_produces_1', 'consume_1_and_2_with_dataset_expressions' retrieved from /home/airflow/.local/lib/python3.12/site-packages/airflow/example_dags/example_datasets.py
[2025-12-19T03:53:39.361+0000] {logging_mixin.py:188} INFO - [2025-12-19T03:53:39.360+0000] {dag.py:3089} INFO - Sync 10 DAGs
[2025-12-19T03:53:39.378+0000] {logging_mixin.py:188} INFO - [2025-12-19T03:53:39.378+0000] {dag.py:3947} INFO - Setting next_dagrun for conditional_dataset_and_time_based_timetable to 2025-12-17 01:00:00+00:00, run_after=2025-12-17 01:00:00+00:00
[2025-12-19T03:53:39.379+0000] {logging_mixin.py:188} INFO - [2025-12-19T03:53:39.379+0000] {dag.py:3947} INFO - Setting next_dagrun for consume_1_and_2_with_dataset_expressions to None, run_after=None
[2025-12-19T03:53:39.380+0000] {logging_mixin.py:188} INFO - [2025-12-19T03:53:39.380+0000] {dag.py:3947} INFO - Setting next_dagrun for consume_1_or_2_with_dataset_expressions to None, run_after=None
[2025-12-19T03:53:39.381+0000] {logging_mixin.py:188} INFO - [2025-12-19T03:53:39.381+0000] {dag.py:3947} INFO - Setting next_dagrun for consume_1_or_both_2_and_3_with_dataset_expressions to None, run_after=None
[2025-12-19T03:53:39.381+0000] {logging_mixin.py:188} INFO - [2025-12-19T03:53:39.381+0000] {dag.py:3947} INFO - Setting next_dagrun for dataset_consumes_1 to None, run_after=None
[2025-12-19T03:53:39.382+0000] {logging_mixin.py:188} INFO - [2025-12-19T03:53:39.382+0000] {dag.py:3947} INFO - Setting next_dagrun for dataset_consumes_1_and_2 to None, run_after=None
[2025-12-19T03:53:39.383+0000] {logging_mixin.py:188} INFO - [2025-12-19T03:53:39.383+0000] {dag.py:3947} INFO - Setting next_dagrun for dataset_consumes_1_never_scheduled to None, run_after=None
[2025-12-19T03:53:39.384+0000] {logging_mixin.py:188} INFO - [2025-12-19T03:53:39.384+0000] {dag.py:3947} INFO - Setting next_dagrun for dataset_consumes_unknown_never_scheduled to None, run_after=None
[2025-12-19T03:53:39.386+0000] {logging_mixin.py:188} INFO - [2025-12-19T03:53:39.386+0000] {dag.py:3947} INFO - Setting next_dagrun for dataset_produces_1 to 2025-12-18 00:00:00+00:00, run_after=2025-12-19 00:00:00+00:00
[2025-12-19T03:53:39.388+0000] {logging_mixin.py:188} INFO - [2025-12-19T03:53:39.388+0000] {dag.py:3947} INFO - Setting next_dagrun for dataset_produces_2 to None, run_after=None
[2025-12-19T03:53:39.409+0000] {processor.py:183} INFO - Processing /home/airflow/.local/lib/python3.12/site-packages/airflow/example_dags/example_datasets.py took 0.086 seconds
[2025-12-19T05:18:12.848+0000] {processor.py:161} INFO - Started process (PID=57888) to work on /home/airflow/.local/lib/python3.12/site-packages/airflow/example_dags/example_datasets.py
[2025-12-19T05:18:12.853+0000] {processor.py:830} INFO - Processing file /home/airflow/.local/lib/python3.12/site-packages/airflow/example_dags/example_datasets.py for tasks to queue
[2025-12-19T05:18:12.853+0000] {logging_mixin.py:188} INFO - [2025-12-19T05:18:12.853+0000] {dagbag.py:545} INFO - Filling up the DagBag from /home/airflow/.local/lib/python3.12/site-packages/airflow/example_dags/example_datasets.py
[2025-12-19T05:18:12.861+0000] {processor.py:840} INFO - DAG(s) 'dataset_consumes_1', 'dataset_consumes_1_never_scheduled', 'dataset_produces_2', 'consume_1_or_both_2_and_3_with_dataset_expressions', 'conditional_dataset_and_time_based_timetable', 'dataset_consumes_unknown_never_scheduled', 'consume_1_and_2_with_dataset_expressions', 'dataset_consumes_1_and_2', 'consume_1_or_2_with_dataset_expressions', 'dataset_produces_1' retrieved from /home/airflow/.local/lib/python3.12/site-packages/airflow/example_dags/example_datasets.py
[2025-12-19T05:18:12.884+0000] {logging_mixin.py:188} INFO - [2025-12-19T05:18:12.884+0000] {dag.py:3089} INFO - Sync 10 DAGs
[2025-12-19T05:18:12.895+0000] {logging_mixin.py:188} INFO - [2025-12-19T05:18:12.895+0000] {dag.py:3947} INFO - Setting next_dagrun for conditional_dataset_and_time_based_timetable to 2025-12-17 01:00:00+00:00, run_after=2025-12-17 01:00:00+00:00
[2025-12-19T05:18:12.900+0000] {logging_mixin.py:188} INFO - [2025-12-19T05:18:12.900+0000] {dag.py:3947} INFO - Setting next_dagrun for consume_1_and_2_with_dataset_expressions to None, run_after=None
[2025-12-19T05:18:12.901+0000] {logging_mixin.py:188} INFO - [2025-12-19T05:18:12.901+0000] {dag.py:3947} INFO - Setting next_dagrun for consume_1_or_2_with_dataset_expressions to None, run_after=None
[2025-12-19T05:18:12.901+0000] {logging_mixin.py:188} INFO - [2025-12-19T05:18:12.901+0000] {dag.py:3947} INFO - Setting next_dagrun for consume_1_or_both_2_and_3_with_dataset_expressions to None, run_after=None
[2025-12-19T05:18:12.902+0000] {logging_mixin.py:188} INFO - [2025-12-19T05:18:12.902+0000] {dag.py:3947} INFO - Setting next_dagrun for dataset_consumes_1 to None, run_after=None
[2025-12-19T05:18:12.902+0000] {logging_mixin.py:188} INFO - [2025-12-19T05:18:12.902+0000] {dag.py:3947} INFO - Setting next_dagrun for dataset_consumes_1_and_2 to None, run_after=None
[2025-12-19T05:18:12.902+0000] {logging_mixin.py:188} INFO - [2025-12-19T05:18:12.902+0000] {dag.py:3947} INFO - Setting next_dagrun for dataset_consumes_1_never_scheduled to None, run_after=None
[2025-12-19T05:18:12.903+0000] {logging_mixin.py:188} INFO - [2025-12-19T05:18:12.903+0000] {dag.py:3947} INFO - Setting next_dagrun for dataset_consumes_unknown_never_scheduled to None, run_after=None
[2025-12-19T05:18:12.903+0000] {logging_mixin.py:188} INFO - [2025-12-19T05:18:12.903+0000] {dag.py:3947} INFO - Setting next_dagrun for dataset_produces_1 to 2025-12-18 00:00:00+00:00, run_after=2025-12-19 00:00:00+00:00
[2025-12-19T05:18:12.904+0000] {logging_mixin.py:188} INFO - [2025-12-19T05:18:12.904+0000] {dag.py:3947} INFO - Setting next_dagrun for dataset_produces_2 to None, run_after=None
[2025-12-19T05:18:12.924+0000] {processor.py:183} INFO - Processing /home/airflow/.local/lib/python3.12/site-packages/airflow/example_dags/example_datasets.py took 0.079 seconds
[2025-12-19T06:58:37.331+0000] {processor.py:161} INFO - Started process (PID=57947) to work on /home/airflow/.local/lib/python3.12/site-packages/airflow/example_dags/example_datasets.py
[2025-12-19T06:58:37.333+0000] {processor.py:830} INFO - Processing file /home/airflow/.local/lib/python3.12/site-packages/airflow/example_dags/example_datasets.py for tasks to queue
[2025-12-19T06:58:37.334+0000] {logging_mixin.py:188} INFO - [2025-12-19T06:58:37.334+0000] {dagbag.py:545} INFO - Filling up the DagBag from /home/airflow/.local/lib/python3.12/site-packages/airflow/example_dags/example_datasets.py
[2025-12-19T06:58:37.342+0000] {processor.py:840} INFO - DAG(s) 'consume_1_or_2_with_dataset_expressions', 'consume_1_and_2_with_dataset_expressions', 'dataset_consumes_1_never_scheduled', 'dataset_produces_1', 'consume_1_or_both_2_and_3_with_dataset_expressions', 'conditional_dataset_and_time_based_timetable', 'dataset_consumes_unknown_never_scheduled', 'dataset_consumes_1', 'dataset_consumes_1_and_2', 'dataset_produces_2' retrieved from /home/airflow/.local/lib/python3.12/site-packages/airflow/example_dags/example_datasets.py
[2025-12-19T06:58:37.372+0000] {logging_mixin.py:188} INFO - [2025-12-19T06:58:37.372+0000] {dag.py:3089} INFO - Sync 10 DAGs
[2025-12-19T06:58:37.388+0000] {logging_mixin.py:188} INFO - [2025-12-19T06:58:37.387+0000] {dag.py:3947} INFO - Setting next_dagrun for conditional_dataset_and_time_based_timetable to 2025-12-17 01:00:00+00:00, run_after=2025-12-17 01:00:00+00:00
[2025-12-19T06:58:37.391+0000] {logging_mixin.py:188} INFO - [2025-12-19T06:58:37.391+0000] {dag.py:3947} INFO - Setting next_dagrun for consume_1_and_2_with_dataset_expressions to None, run_after=None
[2025-12-19T06:58:37.392+0000] {logging_mixin.py:188} INFO - [2025-12-19T06:58:37.392+0000] {dag.py:3947} INFO - Setting next_dagrun for consume_1_or_2_with_dataset_expressions to None, run_after=None
[2025-12-19T06:58:37.393+0000] {logging_mixin.py:188} INFO - [2025-12-19T06:58:37.392+0000] {dag.py:3947} INFO - Setting next_dagrun for consume_1_or_both_2_and_3_with_dataset_expressions to None, run_after=None
[2025-12-19T06:58:37.393+0000] {logging_mixin.py:188} INFO - [2025-12-19T06:58:37.393+0000] {dag.py:3947} INFO - Setting next_dagrun for dataset_consumes_1 to None, run_after=None
[2025-12-19T06:58:37.393+0000] {logging_mixin.py:188} INFO - [2025-12-19T06:58:37.393+0000] {dag.py:3947} INFO - Setting next_dagrun for dataset_consumes_1_and_2 to None, run_after=None
[2025-12-19T06:58:37.394+0000] {logging_mixin.py:188} INFO - [2025-12-19T06:58:37.394+0000] {dag.py:3947} INFO - Setting next_dagrun for dataset_consumes_1_never_scheduled to None, run_after=None
[2025-12-19T06:58:37.394+0000] {logging_mixin.py:188} INFO - [2025-12-19T06:58:37.394+0000] {dag.py:3947} INFO - Setting next_dagrun for dataset_consumes_unknown_never_scheduled to None, run_after=None
[2025-12-19T06:58:37.395+0000] {logging_mixin.py:188} INFO - [2025-12-19T06:58:37.395+0000] {dag.py:3947} INFO - Setting next_dagrun for dataset_produces_1 to 2025-12-18 00:00:00+00:00, run_after=2025-12-19 00:00:00+00:00
[2025-12-19T06:58:37.396+0000] {logging_mixin.py:188} INFO - [2025-12-19T06:58:37.396+0000] {dag.py:3947} INFO - Setting next_dagrun for dataset_produces_2 to None, run_after=None
[2025-12-19T06:58:37.412+0000] {processor.py:183} INFO - Processing /home/airflow/.local/lib/python3.12/site-packages/airflow/example_dags/example_datasets.py took 0.083 seconds
[2025-12-19T08:03:03.279+0000] {processor.py:161} INFO - Started process (PID=58006) to work on /home/airflow/.local/lib/python3.12/site-packages/airflow/example_dags/example_datasets.py
[2025-12-19T08:03:03.279+0000] {processor.py:830} INFO - Processing file /home/airflow/.local/lib/python3.12/site-packages/airflow/example_dags/example_datasets.py for tasks to queue
[2025-12-19T08:03:03.280+0000] {logging_mixin.py:188} INFO - [2025-12-19T08:03:03.280+0000] {dagbag.py:545} INFO - Filling up the DagBag from /home/airflow/.local/lib/python3.12/site-packages/airflow/example_dags/example_datasets.py
[2025-12-19T08:03:03.291+0000] {processor.py:840} INFO - DAG(s) 'dataset_consumes_unknown_never_scheduled', 'consume_1_and_2_with_dataset_expressions', 'conditional_dataset_and_time_based_timetable', 'dataset_consumes_1_and_2', 'consume_1_or_2_with_dataset_expressions', 'dataset_consumes_1_never_scheduled', 'consume_1_or_both_2_and_3_with_dataset_expressions', 'dataset_produces_2', 'dataset_produces_1', 'dataset_consumes_1' retrieved from /home/airflow/.local/lib/python3.12/site-packages/airflow/example_dags/example_datasets.py
[2025-12-19T08:03:03.324+0000] {logging_mixin.py:188} INFO - [2025-12-19T08:03:03.324+0000] {dag.py:3089} INFO - Sync 10 DAGs
[2025-12-19T08:03:03.340+0000] {logging_mixin.py:188} INFO - [2025-12-19T08:03:03.340+0000] {dag.py:3947} INFO - Setting next_dagrun for conditional_dataset_and_time_based_timetable to 2025-12-17 01:00:00+00:00, run_after=2025-12-17 01:00:00+00:00
[2025-12-19T08:03:03.343+0000] {logging_mixin.py:188} INFO - [2025-12-19T08:03:03.342+0000] {dag.py:3947} INFO - Setting next_dagrun for consume_1_and_2_with_dataset_expressions to None, run_after=None
[2025-12-19T08:03:03.349+0000] {logging_mixin.py:188} INFO - [2025-12-19T08:03:03.348+0000] {dag.py:3947} INFO - Setting next_dagrun for consume_1_or_2_with_dataset_expressions to None, run_after=None
[2025-12-19T08:03:03.350+0000] {logging_mixin.py:188} INFO - [2025-12-19T08:03:03.350+0000] {dag.py:3947} INFO - Setting next_dagrun for consume_1_or_both_2_and_3_with_dataset_expressions to None, run_after=None
[2025-12-19T08:03:03.351+0000] {logging_mixin.py:188} INFO - [2025-12-19T08:03:03.351+0000] {dag.py:3947} INFO - Setting next_dagrun for dataset_consumes_1 to None, run_after=None
[2025-12-19T08:03:03.352+0000] {logging_mixin.py:188} INFO - [2025-12-19T08:03:03.352+0000] {dag.py:3947} INFO - Setting next_dagrun for dataset_consumes_1_and_2 to None, run_after=None
[2025-12-19T08:03:03.353+0000] {logging_mixin.py:188} INFO - [2025-12-19T08:03:03.353+0000] {dag.py:3947} INFO - Setting next_dagrun for dataset_consumes_1_never_scheduled to None, run_after=None
[2025-12-19T08:03:03.355+0000] {logging_mixin.py:188} INFO - [2025-12-19T08:03:03.355+0000] {dag.py:3947} INFO - Setting next_dagrun for dataset_consumes_unknown_never_scheduled to None, run_after=None
[2025-12-19T08:03:03.356+0000] {logging_mixin.py:188} INFO - [2025-12-19T08:03:03.356+0000] {dag.py:3947} INFO - Setting next_dagrun for dataset_produces_1 to 2025-12-18 00:00:00+00:00, run_after=2025-12-19 00:00:00+00:00
[2025-12-19T08:03:03.357+0000] {logging_mixin.py:188} INFO - [2025-12-19T08:03:03.357+0000] {dag.py:3947} INFO - Setting next_dagrun for dataset_produces_2 to None, run_after=None
[2025-12-19T08:03:03.375+0000] {processor.py:183} INFO - Processing /home/airflow/.local/lib/python3.12/site-packages/airflow/example_dags/example_datasets.py took 0.101 seconds
[2025-12-19T09:19:29.922+0000] {processor.py:161} INFO - Started process (PID=58065) to work on /home/airflow/.local/lib/python3.12/site-packages/airflow/example_dags/example_datasets.py
[2025-12-19T09:19:29.923+0000] {processor.py:830} INFO - Processing file /home/airflow/.local/lib/python3.12/site-packages/airflow/example_dags/example_datasets.py for tasks to queue
[2025-12-19T09:19:29.924+0000] {logging_mixin.py:188} INFO - [2025-12-19T09:19:29.924+0000] {dagbag.py:545} INFO - Filling up the DagBag from /home/airflow/.local/lib/python3.12/site-packages/airflow/example_dags/example_datasets.py
[2025-12-19T09:19:29.936+0000] {processor.py:840} INFO - DAG(s) 'dataset_consumes_1_never_scheduled', 'dataset_consumes_unknown_never_scheduled', 'consume_1_and_2_with_dataset_expressions', 'dataset_produces_2', 'consume_1_or_2_with_dataset_expressions', 'dataset_produces_1', 'conditional_dataset_and_time_based_timetable', 'consume_1_or_both_2_and_3_with_dataset_expressions', 'dataset_consumes_1_and_2', 'dataset_consumes_1' retrieved from /home/airflow/.local/lib/python3.12/site-packages/airflow/example_dags/example_datasets.py
[2025-12-19T09:19:29.965+0000] {logging_mixin.py:188} INFO - [2025-12-19T09:19:29.965+0000] {dag.py:3089} INFO - Sync 10 DAGs
[2025-12-19T09:19:29.982+0000] {logging_mixin.py:188} INFO - [2025-12-19T09:19:29.982+0000] {dag.py:3947} INFO - Setting next_dagrun for conditional_dataset_and_time_based_timetable to 2025-12-17 01:00:00+00:00, run_after=2025-12-17 01:00:00+00:00
[2025-12-19T09:19:29.984+0000] {logging_mixin.py:188} INFO - [2025-12-19T09:19:29.984+0000] {dag.py:3947} INFO - Setting next_dagrun for consume_1_and_2_with_dataset_expressions to None, run_after=None
[2025-12-19T09:19:29.985+0000] {logging_mixin.py:188} INFO - [2025-12-19T09:19:29.985+0000] {dag.py:3947} INFO - Setting next_dagrun for consume_1_or_2_with_dataset_expressions to None, run_after=None
[2025-12-19T09:19:29.986+0000] {logging_mixin.py:188} INFO - [2025-12-19T09:19:29.986+0000] {dag.py:3947} INFO - Setting next_dagrun for consume_1_or_both_2_and_3_with_dataset_expressions to None, run_after=None
[2025-12-19T09:19:29.987+0000] {logging_mixin.py:188} INFO - [2025-12-19T09:19:29.987+0000] {dag.py:3947} INFO - Setting next_dagrun for dataset_consumes_1 to None, run_after=None
[2025-12-19T09:19:29.988+0000] {logging_mixin.py:188} INFO - [2025-12-19T09:19:29.988+0000] {dag.py:3947} INFO - Setting next_dagrun for dataset_consumes_1_and_2 to None, run_after=None
[2025-12-19T09:19:29.989+0000] {logging_mixin.py:188} INFO - [2025-12-19T09:19:29.989+0000] {dag.py:3947} INFO - Setting next_dagrun for dataset_consumes_1_never_scheduled to None, run_after=None
[2025-12-19T09:19:29.989+0000] {logging_mixin.py:188} INFO - [2025-12-19T09:19:29.989+0000] {dag.py:3947} INFO - Setting next_dagrun for dataset_consumes_unknown_never_scheduled to None, run_after=None
[2025-12-19T09:19:29.991+0000] {logging_mixin.py:188} INFO - [2025-12-19T09:19:29.991+0000] {dag.py:3947} INFO - Setting next_dagrun for dataset_produces_1 to 2025-12-18 00:00:00+00:00, run_after=2025-12-19 00:00:00+00:00
[2025-12-19T09:19:29.992+0000] {logging_mixin.py:188} INFO - [2025-12-19T09:19:29.991+0000] {dag.py:3947} INFO - Setting next_dagrun for dataset_produces_2 to None, run_after=None
[2025-12-19T09:19:30.014+0000] {processor.py:183} INFO - Processing /home/airflow/.local/lib/python3.12/site-packages/airflow/example_dags/example_datasets.py took 0.096 seconds
[2025-12-19T09:57:39.994+0000] {processor.py:161} INFO - Started process (PID=58124) to work on /home/airflow/.local/lib/python3.12/site-packages/airflow/example_dags/example_datasets.py
[2025-12-19T09:57:39.995+0000] {processor.py:830} INFO - Processing file /home/airflow/.local/lib/python3.12/site-packages/airflow/example_dags/example_datasets.py for tasks to queue
[2025-12-19T09:57:39.996+0000] {logging_mixin.py:188} INFO - [2025-12-19T09:57:39.995+0000] {dagbag.py:545} INFO - Filling up the DagBag from /home/airflow/.local/lib/python3.12/site-packages/airflow/example_dags/example_datasets.py
[2025-12-19T09:57:40.013+0000] {processor.py:840} INFO - DAG(s) 'consume_1_or_2_with_dataset_expressions', 'dataset_consumes_unknown_never_scheduled', 'dataset_produces_1', 'consume_1_and_2_with_dataset_expressions', 'consume_1_or_both_2_and_3_with_dataset_expressions', 'dataset_consumes_1', 'dataset_consumes_1_and_2', 'conditional_dataset_and_time_based_timetable', 'dataset_consumes_1_never_scheduled', 'dataset_produces_2' retrieved from /home/airflow/.local/lib/python3.12/site-packages/airflow/example_dags/example_datasets.py
[2025-12-19T09:57:40.061+0000] {logging_mixin.py:188} INFO - [2025-12-19T09:57:40.061+0000] {dag.py:3089} INFO - Sync 10 DAGs
[2025-12-19T09:57:40.092+0000] {logging_mixin.py:188} INFO - [2025-12-19T09:57:40.092+0000] {dag.py:3947} INFO - Setting next_dagrun for conditional_dataset_and_time_based_timetable to 2025-12-17 01:00:00+00:00, run_after=2025-12-17 01:00:00+00:00
[2025-12-19T09:57:40.097+0000] {logging_mixin.py:188} INFO - [2025-12-19T09:57:40.096+0000] {dag.py:3947} INFO - Setting next_dagrun for consume_1_and_2_with_dataset_expressions to None, run_after=None
[2025-12-19T09:57:40.098+0000] {logging_mixin.py:188} INFO - [2025-12-19T09:57:40.098+0000] {dag.py:3947} INFO - Setting next_dagrun for consume_1_or_2_with_dataset_expressions to None, run_after=None
[2025-12-19T09:57:40.100+0000] {logging_mixin.py:188} INFO - [2025-12-19T09:57:40.099+0000] {dag.py:3947} INFO - Setting next_dagrun for consume_1_or_both_2_and_3_with_dataset_expressions to None, run_after=None
[2025-12-19T09:57:40.101+0000] {logging_mixin.py:188} INFO - [2025-12-19T09:57:40.101+0000] {dag.py:3947} INFO - Setting next_dagrun for dataset_consumes_1 to None, run_after=None
[2025-12-19T09:57:40.103+0000] {logging_mixin.py:188} INFO - [2025-12-19T09:57:40.103+0000] {dag.py:3947} INFO - Setting next_dagrun for dataset_consumes_1_and_2 to None, run_after=None
[2025-12-19T09:57:40.104+0000] {logging_mixin.py:188} INFO - [2025-12-19T09:57:40.104+0000] {dag.py:3947} INFO - Setting next_dagrun for dataset_consumes_1_never_scheduled to None, run_after=None
[2025-12-19T09:57:40.106+0000] {logging_mixin.py:188} INFO - [2025-12-19T09:57:40.106+0000] {dag.py:3947} INFO - Setting next_dagrun for dataset_consumes_unknown_never_scheduled to None, run_after=None
[2025-12-19T09:57:40.109+0000] {logging_mixin.py:188} INFO - [2025-12-19T09:57:40.109+0000] {dag.py:3947} INFO - Setting next_dagrun for dataset_produces_1 to 2025-12-18 00:00:00+00:00, run_after=2025-12-19 00:00:00+00:00
[2025-12-19T09:57:40.110+0000] {logging_mixin.py:188} INFO - [2025-12-19T09:57:40.110+0000] {dag.py:3947} INFO - Setting next_dagrun for dataset_produces_2 to None, run_after=None
[2025-12-19T09:57:40.148+0000] {processor.py:183} INFO - Processing /home/airflow/.local/lib/python3.12/site-packages/airflow/example_dags/example_datasets.py took 0.161 seconds
[2025-12-19T10:46:50.459+0000] {processor.py:161} INFO - Started process (PID=58183) to work on /home/airflow/.local/lib/python3.12/site-packages/airflow/example_dags/example_datasets.py
[2025-12-19T10:46:50.464+0000] {processor.py:830} INFO - Processing file /home/airflow/.local/lib/python3.12/site-packages/airflow/example_dags/example_datasets.py for tasks to queue
[2025-12-19T10:46:50.470+0000] {logging_mixin.py:188} INFO - [2025-12-19T10:46:50.469+0000] {dagbag.py:545} INFO - Filling up the DagBag from /home/airflow/.local/lib/python3.12/site-packages/airflow/example_dags/example_datasets.py
[2025-12-19T10:46:50.505+0000] {processor.py:840} INFO - DAG(s) 'consume_1_or_2_with_dataset_expressions', 'dataset_consumes_1', 'dataset_consumes_1_and_2', 'dataset_consumes_1_never_scheduled', 'conditional_dataset_and_time_based_timetable', 'consume_1_or_both_2_and_3_with_dataset_expressions', 'dataset_consumes_unknown_never_scheduled', 'dataset_produces_2', 'dataset_produces_1', 'consume_1_and_2_with_dataset_expressions' retrieved from /home/airflow/.local/lib/python3.12/site-packages/airflow/example_dags/example_datasets.py
[2025-12-19T10:46:50.660+0000] {logging_mixin.py:188} INFO - [2025-12-19T10:46:50.660+0000] {dag.py:3089} INFO - Sync 10 DAGs
[2025-12-19T10:46:50.717+0000] {logging_mixin.py:188} INFO - [2025-12-19T10:46:50.716+0000] {dag.py:3947} INFO - Setting next_dagrun for conditional_dataset_and_time_based_timetable to 2025-12-17 01:00:00+00:00, run_after=2025-12-17 01:00:00+00:00
[2025-12-19T10:46:50.727+0000] {logging_mixin.py:188} INFO - [2025-12-19T10:46:50.727+0000] {dag.py:3947} INFO - Setting next_dagrun for consume_1_and_2_with_dataset_expressions to None, run_after=None
[2025-12-19T10:46:50.731+0000] {logging_mixin.py:188} INFO - [2025-12-19T10:46:50.731+0000] {dag.py:3947} INFO - Setting next_dagrun for consume_1_or_2_with_dataset_expressions to None, run_after=None
[2025-12-19T10:46:50.735+0000] {logging_mixin.py:188} INFO - [2025-12-19T10:46:50.735+0000] {dag.py:3947} INFO - Setting next_dagrun for consume_1_or_both_2_and_3_with_dataset_expressions to None, run_after=None
[2025-12-19T10:46:50.737+0000] {logging_mixin.py:188} INFO - [2025-12-19T10:46:50.737+0000] {dag.py:3947} INFO - Setting next_dagrun for dataset_consumes_1 to None, run_after=None
[2025-12-19T10:46:50.744+0000] {logging_mixin.py:188} INFO - [2025-12-19T10:46:50.743+0000] {dag.py:3947} INFO - Setting next_dagrun for dataset_consumes_1_and_2 to None, run_after=None
[2025-12-19T10:46:50.751+0000] {logging_mixin.py:188} INFO - [2025-12-19T10:46:50.749+0000] {dag.py:3947} INFO - Setting next_dagrun for dataset_consumes_1_never_scheduled to None, run_after=None
[2025-12-19T10:46:50.763+0000] {logging_mixin.py:188} INFO - [2025-12-19T10:46:50.762+0000] {dag.py:3947} INFO - Setting next_dagrun for dataset_consumes_unknown_never_scheduled to None, run_after=None
[2025-12-19T10:46:50.773+0000] {logging_mixin.py:188} INFO - [2025-12-19T10:46:50.773+0000] {dag.py:3947} INFO - Setting next_dagrun for dataset_produces_1 to 2025-12-18 00:00:00+00:00, run_after=2025-12-19 00:00:00+00:00
[2025-12-19T10:46:50.809+0000] {logging_mixin.py:188} INFO - [2025-12-19T10:46:50.808+0000] {dag.py:3947} INFO - Setting next_dagrun for dataset_produces_2 to None, run_after=None
[2025-12-19T10:46:50.910+0000] {processor.py:183} INFO - Processing /home/airflow/.local/lib/python3.12/site-packages/airflow/example_dags/example_datasets.py took 0.459 seconds
[2025-12-19T11:37:10.248+0000] {processor.py:161} INFO - Started process (PID=58242) to work on /home/airflow/.local/lib/python3.12/site-packages/airflow/example_dags/example_datasets.py
[2025-12-19T11:37:10.249+0000] {processor.py:830} INFO - Processing file /home/airflow/.local/lib/python3.12/site-packages/airflow/example_dags/example_datasets.py for tasks to queue
[2025-12-19T11:37:10.250+0000] {logging_mixin.py:188} INFO - [2025-12-19T11:37:10.249+0000] {dagbag.py:545} INFO - Filling up the DagBag from /home/airflow/.local/lib/python3.12/site-packages/airflow/example_dags/example_datasets.py
[2025-12-19T11:37:10.264+0000] {processor.py:840} INFO - DAG(s) 'dataset_consumes_1_and_2', 'dataset_consumes_unknown_never_scheduled', 'dataset_produces_1', 'dataset_consumes_1', 'consume_1_or_both_2_and_3_with_dataset_expressions', 'dataset_produces_2', 'conditional_dataset_and_time_based_timetable', 'consume_1_or_2_with_dataset_expressions', 'consume_1_and_2_with_dataset_expressions', 'dataset_consumes_1_never_scheduled' retrieved from /home/airflow/.local/lib/python3.12/site-packages/airflow/example_dags/example_datasets.py
[2025-12-19T11:37:10.302+0000] {logging_mixin.py:188} INFO - [2025-12-19T11:37:10.301+0000] {dag.py:3089} INFO - Sync 10 DAGs
[2025-12-19T11:37:10.323+0000] {logging_mixin.py:188} INFO - [2025-12-19T11:37:10.322+0000] {dag.py:3947} INFO - Setting next_dagrun for conditional_dataset_and_time_based_timetable to 2025-12-17 01:00:00+00:00, run_after=2025-12-17 01:00:00+00:00
[2025-12-19T11:37:10.325+0000] {logging_mixin.py:188} INFO - [2025-12-19T11:37:10.325+0000] {dag.py:3947} INFO - Setting next_dagrun for consume_1_and_2_with_dataset_expressions to None, run_after=None
[2025-12-19T11:37:10.327+0000] {logging_mixin.py:188} INFO - [2025-12-19T11:37:10.327+0000] {dag.py:3947} INFO - Setting next_dagrun for consume_1_or_2_with_dataset_expressions to None, run_after=None
[2025-12-19T11:37:10.328+0000] {logging_mixin.py:188} INFO - [2025-12-19T11:37:10.328+0000] {dag.py:3947} INFO - Setting next_dagrun for consume_1_or_both_2_and_3_with_dataset_expressions to None, run_after=None
[2025-12-19T11:37:10.329+0000] {logging_mixin.py:188} INFO - [2025-12-19T11:37:10.328+0000] {dag.py:3947} INFO - Setting next_dagrun for dataset_consumes_1 to None, run_after=None
[2025-12-19T11:37:10.330+0000] {logging_mixin.py:188} INFO - [2025-12-19T11:37:10.330+0000] {dag.py:3947} INFO - Setting next_dagrun for dataset_consumes_1_and_2 to None, run_after=None
[2025-12-19T11:37:10.331+0000] {logging_mixin.py:188} INFO - [2025-12-19T11:37:10.330+0000] {dag.py:3947} INFO - Setting next_dagrun for dataset_consumes_1_never_scheduled to None, run_after=None
[2025-12-19T11:37:10.332+0000] {logging_mixin.py:188} INFO - [2025-12-19T11:37:10.331+0000] {dag.py:3947} INFO - Setting next_dagrun for dataset_consumes_unknown_never_scheduled to None, run_after=None
[2025-12-19T11:37:10.333+0000] {logging_mixin.py:188} INFO - [2025-12-19T11:37:10.333+0000] {dag.py:3947} INFO - Setting next_dagrun for dataset_produces_1 to 2025-12-18 00:00:00+00:00, run_after=2025-12-19 00:00:00+00:00
[2025-12-19T11:37:10.334+0000] {logging_mixin.py:188} INFO - [2025-12-19T11:37:10.334+0000] {dag.py:3947} INFO - Setting next_dagrun for dataset_produces_2 to None, run_after=None
[2025-12-19T11:37:10.363+0000] {processor.py:183} INFO - Processing /home/airflow/.local/lib/python3.12/site-packages/airflow/example_dags/example_datasets.py took 0.121 seconds
[2025-12-19T12:40:31.289+0000] {processor.py:161} INFO - Started process (PID=58301) to work on /home/airflow/.local/lib/python3.12/site-packages/airflow/example_dags/example_datasets.py
[2025-12-19T12:40:31.292+0000] {processor.py:830} INFO - Processing file /home/airflow/.local/lib/python3.12/site-packages/airflow/example_dags/example_datasets.py for tasks to queue
[2025-12-19T12:40:31.296+0000] {logging_mixin.py:188} INFO - [2025-12-19T12:40:31.295+0000] {dagbag.py:545} INFO - Filling up the DagBag from /home/airflow/.local/lib/python3.12/site-packages/airflow/example_dags/example_datasets.py
[2025-12-19T12:40:31.318+0000] {processor.py:840} INFO - DAG(s) 'dataset_produces_1', 'consume_1_or_both_2_and_3_with_dataset_expressions', 'dataset_consumes_1_and_2', 'consume_1_and_2_with_dataset_expressions', 'dataset_consumes_1', 'dataset_consumes_unknown_never_scheduled', 'consume_1_or_2_with_dataset_expressions', 'dataset_consumes_1_never_scheduled', 'dataset_produces_2', 'conditional_dataset_and_time_based_timetable' retrieved from /home/airflow/.local/lib/python3.12/site-packages/airflow/example_dags/example_datasets.py
[2025-12-19T12:40:31.370+0000] {logging_mixin.py:188} INFO - [2025-12-19T12:40:31.370+0000] {dag.py:3089} INFO - Sync 10 DAGs
[2025-12-19T12:40:31.398+0000] {logging_mixin.py:188} INFO - [2025-12-19T12:40:31.398+0000] {dag.py:3947} INFO - Setting next_dagrun for conditional_dataset_and_time_based_timetable to 2025-12-17 01:00:00+00:00, run_after=2025-12-17 01:00:00+00:00
[2025-12-19T12:40:31.404+0000] {logging_mixin.py:188} INFO - [2025-12-19T12:40:31.404+0000] {dag.py:3947} INFO - Setting next_dagrun for consume_1_and_2_with_dataset_expressions to None, run_after=None
[2025-12-19T12:40:31.406+0000] {logging_mixin.py:188} INFO - [2025-12-19T12:40:31.405+0000] {dag.py:3947} INFO - Setting next_dagrun for consume_1_or_2_with_dataset_expressions to None, run_after=None
[2025-12-19T12:40:31.407+0000] {logging_mixin.py:188} INFO - [2025-12-19T12:40:31.407+0000] {dag.py:3947} INFO - Setting next_dagrun for consume_1_or_both_2_and_3_with_dataset_expressions to None, run_after=None
[2025-12-19T12:40:31.409+0000] {logging_mixin.py:188} INFO - [2025-12-19T12:40:31.409+0000] {dag.py:3947} INFO - Setting next_dagrun for dataset_consumes_1 to None, run_after=None
[2025-12-19T12:40:31.411+0000] {logging_mixin.py:188} INFO - [2025-12-19T12:40:31.410+0000] {dag.py:3947} INFO - Setting next_dagrun for dataset_consumes_1_and_2 to None, run_after=None
[2025-12-19T12:40:31.412+0000] {logging_mixin.py:188} INFO - [2025-12-19T12:40:31.412+0000] {dag.py:3947} INFO - Setting next_dagrun for dataset_consumes_1_never_scheduled to None, run_after=None
[2025-12-19T12:40:31.415+0000] {logging_mixin.py:188} INFO - [2025-12-19T12:40:31.415+0000] {dag.py:3947} INFO - Setting next_dagrun for dataset_consumes_unknown_never_scheduled to None, run_after=None
[2025-12-19T12:40:31.418+0000] {logging_mixin.py:188} INFO - [2025-12-19T12:40:31.417+0000] {dag.py:3947} INFO - Setting next_dagrun for dataset_produces_1 to 2025-12-18 00:00:00+00:00, run_after=2025-12-19 00:00:00+00:00
[2025-12-19T12:40:31.422+0000] {logging_mixin.py:188} INFO - [2025-12-19T12:40:31.422+0000] {dag.py:3947} INFO - Setting next_dagrun for dataset_produces_2 to None, run_after=None
[2025-12-19T12:40:31.463+0000] {processor.py:183} INFO - Processing /home/airflow/.local/lib/python3.12/site-packages/airflow/example_dags/example_datasets.py took 0.180 seconds
[2025-12-19T13:57:45.873+0000] {processor.py:161} INFO - Started process (PID=58360) to work on /home/airflow/.local/lib/python3.12/site-packages/airflow/example_dags/example_datasets.py
[2025-12-19T13:57:45.873+0000] {processor.py:830} INFO - Processing file /home/airflow/.local/lib/python3.12/site-packages/airflow/example_dags/example_datasets.py for tasks to queue
[2025-12-19T13:57:45.874+0000] {logging_mixin.py:188} INFO - [2025-12-19T13:57:45.873+0000] {dagbag.py:545} INFO - Filling up the DagBag from /home/airflow/.local/lib/python3.12/site-packages/airflow/example_dags/example_datasets.py
[2025-12-19T13:57:45.883+0000] {processor.py:840} INFO - DAG(s) 'dataset_consumes_1', 'dataset_consumes_1_and_2', 'consume_1_or_both_2_and_3_with_dataset_expressions', 'dataset_produces_2', 'conditional_dataset_and_time_based_timetable', 'dataset_consumes_unknown_never_scheduled', 'dataset_consumes_1_never_scheduled', 'consume_1_and_2_with_dataset_expressions', 'dataset_produces_1', 'consume_1_or_2_with_dataset_expressions' retrieved from /home/airflow/.local/lib/python3.12/site-packages/airflow/example_dags/example_datasets.py
[2025-12-19T13:57:45.906+0000] {logging_mixin.py:188} INFO - [2025-12-19T13:57:45.906+0000] {dag.py:3089} INFO - Sync 10 DAGs
[2025-12-19T13:57:45.919+0000] {logging_mixin.py:188} INFO - [2025-12-19T13:57:45.919+0000] {dag.py:3947} INFO - Setting next_dagrun for conditional_dataset_and_time_based_timetable to 2025-12-17 01:00:00+00:00, run_after=2025-12-17 01:00:00+00:00
[2025-12-19T13:57:45.921+0000] {logging_mixin.py:188} INFO - [2025-12-19T13:57:45.921+0000] {dag.py:3947} INFO - Setting next_dagrun for consume_1_and_2_with_dataset_expressions to None, run_after=None
[2025-12-19T13:57:45.922+0000] {logging_mixin.py:188} INFO - [2025-12-19T13:57:45.922+0000] {dag.py:3947} INFO - Setting next_dagrun for consume_1_or_2_with_dataset_expressions to None, run_after=None
[2025-12-19T13:57:45.922+0000] {logging_mixin.py:188} INFO - [2025-12-19T13:57:45.922+0000] {dag.py:3947} INFO - Setting next_dagrun for consume_1_or_both_2_and_3_with_dataset_expressions to None, run_after=None
[2025-12-19T13:57:45.923+0000] {logging_mixin.py:188} INFO - [2025-12-19T13:57:45.923+0000] {dag.py:3947} INFO - Setting next_dagrun for dataset_consumes_1 to None, run_after=None
[2025-12-19T13:57:45.924+0000] {logging_mixin.py:188} INFO - [2025-12-19T13:57:45.924+0000] {dag.py:3947} INFO - Setting next_dagrun for dataset_consumes_1_and_2 to None, run_after=None
[2025-12-19T13:57:45.924+0000] {logging_mixin.py:188} INFO - [2025-12-19T13:57:45.924+0000] {dag.py:3947} INFO - Setting next_dagrun for dataset_consumes_1_never_scheduled to None, run_after=None
[2025-12-19T13:57:45.925+0000] {logging_mixin.py:188} INFO - [2025-12-19T13:57:45.925+0000] {dag.py:3947} INFO - Setting next_dagrun for dataset_consumes_unknown_never_scheduled to None, run_after=None
[2025-12-19T13:57:45.926+0000] {logging_mixin.py:188} INFO - [2025-12-19T13:57:45.926+0000] {dag.py:3947} INFO - Setting next_dagrun for dataset_produces_1 to 2025-12-18 00:00:00+00:00, run_after=2025-12-19 00:00:00+00:00
[2025-12-19T13:57:45.927+0000] {logging_mixin.py:188} INFO - [2025-12-19T13:57:45.927+0000] {dag.py:3947} INFO - Setting next_dagrun for dataset_produces_2 to None, run_after=None
[2025-12-19T13:57:45.942+0000] {processor.py:183} INFO - Processing /home/airflow/.local/lib/python3.12/site-packages/airflow/example_dags/example_datasets.py took 0.074 seconds
[2025-12-19T14:41:24.255+0000] {processor.py:161} INFO - Started process (PID=58425) to work on /home/airflow/.local/lib/python3.12/site-packages/airflow/example_dags/example_datasets.py
[2025-12-19T14:41:24.258+0000] {processor.py:830} INFO - Processing file /home/airflow/.local/lib/python3.12/site-packages/airflow/example_dags/example_datasets.py for tasks to queue
[2025-12-19T14:41:24.259+0000] {logging_mixin.py:188} INFO - [2025-12-19T14:41:24.259+0000] {dagbag.py:545} INFO - Filling up the DagBag from /home/airflow/.local/lib/python3.12/site-packages/airflow/example_dags/example_datasets.py
[2025-12-19T14:41:24.275+0000] {processor.py:840} INFO - DAG(s) 'dataset_consumes_1_and_2', 'consume_1_and_2_with_dataset_expressions', 'conditional_dataset_and_time_based_timetable', 'dataset_consumes_1_never_scheduled', 'dataset_consumes_1', 'consume_1_or_2_with_dataset_expressions', 'consume_1_or_both_2_and_3_with_dataset_expressions', 'dataset_produces_2', 'dataset_consumes_unknown_never_scheduled', 'dataset_produces_1' retrieved from /home/airflow/.local/lib/python3.12/site-packages/airflow/example_dags/example_datasets.py
[2025-12-19T14:41:24.320+0000] {logging_mixin.py:188} INFO - [2025-12-19T14:41:24.319+0000] {dag.py:3089} INFO - Sync 10 DAGs
[2025-12-19T14:41:24.343+0000] {logging_mixin.py:188} INFO - [2025-12-19T14:41:24.343+0000] {dag.py:3947} INFO - Setting next_dagrun for conditional_dataset_and_time_based_timetable to 2025-12-17 01:00:00+00:00, run_after=2025-12-17 01:00:00+00:00
[2025-12-19T14:41:24.348+0000] {logging_mixin.py:188} INFO - [2025-12-19T14:41:24.348+0000] {dag.py:3947} INFO - Setting next_dagrun for consume_1_and_2_with_dataset_expressions to None, run_after=None
[2025-12-19T14:41:24.353+0000] {logging_mixin.py:188} INFO - [2025-12-19T14:41:24.352+0000] {dag.py:3947} INFO - Setting next_dagrun for consume_1_or_2_with_dataset_expressions to None, run_after=None
[2025-12-19T14:41:24.353+0000] {logging_mixin.py:188} INFO - [2025-12-19T14:41:24.353+0000] {dag.py:3947} INFO - Setting next_dagrun for consume_1_or_both_2_and_3_with_dataset_expressions to None, run_after=None
[2025-12-19T14:41:24.354+0000] {logging_mixin.py:188} INFO - [2025-12-19T14:41:24.354+0000] {dag.py:3947} INFO - Setting next_dagrun for dataset_consumes_1 to None, run_after=None
[2025-12-19T14:41:24.355+0000] {logging_mixin.py:188} INFO - [2025-12-19T14:41:24.355+0000] {dag.py:3947} INFO - Setting next_dagrun for dataset_consumes_1_and_2 to None, run_after=None
[2025-12-19T14:41:24.359+0000] {logging_mixin.py:188} INFO - [2025-12-19T14:41:24.359+0000] {dag.py:3947} INFO - Setting next_dagrun for dataset_consumes_1_never_scheduled to None, run_after=None
[2025-12-19T14:41:24.360+0000] {logging_mixin.py:188} INFO - [2025-12-19T14:41:24.360+0000] {dag.py:3947} INFO - Setting next_dagrun for dataset_consumes_unknown_never_scheduled to None, run_after=None
[2025-12-19T14:41:24.361+0000] {logging_mixin.py:188} INFO - [2025-12-19T14:41:24.361+0000] {dag.py:3947} INFO - Setting next_dagrun for dataset_produces_1 to 2025-12-18 00:00:00+00:00, run_after=2025-12-19 00:00:00+00:00
[2025-12-19T14:41:24.365+0000] {logging_mixin.py:188} INFO - [2025-12-19T14:41:24.365+0000] {dag.py:3947} INFO - Setting next_dagrun for dataset_produces_2 to None, run_after=None
[2025-12-19T14:41:24.393+0000] {processor.py:183} INFO - Processing /home/airflow/.local/lib/python3.12/site-packages/airflow/example_dags/example_datasets.py took 0.144 seconds
[2025-12-19T14:41:54.966+0000] {processor.py:161} INFO - Started process (PID=58484) to work on /home/airflow/.local/lib/python3.12/site-packages/airflow/example_dags/example_datasets.py
[2025-12-19T14:41:54.967+0000] {processor.py:830} INFO - Processing file /home/airflow/.local/lib/python3.12/site-packages/airflow/example_dags/example_datasets.py for tasks to queue
[2025-12-19T14:41:54.968+0000] {logging_mixin.py:188} INFO - [2025-12-19T14:41:54.967+0000] {dagbag.py:545} INFO - Filling up the DagBag from /home/airflow/.local/lib/python3.12/site-packages/airflow/example_dags/example_datasets.py
[2025-12-19T14:41:54.977+0000] {processor.py:840} INFO - DAG(s) 'consume_1_and_2_with_dataset_expressions', 'consume_1_or_both_2_and_3_with_dataset_expressions', 'dataset_consumes_1_and_2', 'dataset_consumes_1_never_scheduled', 'dataset_consumes_unknown_never_scheduled', 'consume_1_or_2_with_dataset_expressions', 'dataset_produces_1', 'conditional_dataset_and_time_based_timetable', 'dataset_consumes_1', 'dataset_produces_2' retrieved from /home/airflow/.local/lib/python3.12/site-packages/airflow/example_dags/example_datasets.py
[2025-12-19T14:41:55.022+0000] {logging_mixin.py:188} INFO - [2025-12-19T14:41:55.021+0000] {dag.py:3089} INFO - Sync 10 DAGs
[2025-12-19T14:41:55.042+0000] {logging_mixin.py:188} INFO - [2025-12-19T14:41:55.042+0000] {dag.py:3947} INFO - Setting next_dagrun for conditional_dataset_and_time_based_timetable to 2025-12-17 01:00:00+00:00, run_after=2025-12-17 01:00:00+00:00
[2025-12-19T14:41:55.046+0000] {logging_mixin.py:188} INFO - [2025-12-19T14:41:55.045+0000] {dag.py:3947} INFO - Setting next_dagrun for consume_1_and_2_with_dataset_expressions to None, run_after=None
[2025-12-19T14:41:55.047+0000] {logging_mixin.py:188} INFO - [2025-12-19T14:41:55.047+0000] {dag.py:3947} INFO - Setting next_dagrun for consume_1_or_2_with_dataset_expressions to None, run_after=None
[2025-12-19T14:41:55.049+0000] {logging_mixin.py:188} INFO - [2025-12-19T14:41:55.049+0000] {dag.py:3947} INFO - Setting next_dagrun for consume_1_or_both_2_and_3_with_dataset_expressions to None, run_after=None
[2025-12-19T14:41:55.051+0000] {logging_mixin.py:188} INFO - [2025-12-19T14:41:55.051+0000] {dag.py:3947} INFO - Setting next_dagrun for dataset_consumes_1 to None, run_after=None
[2025-12-19T14:41:55.053+0000] {logging_mixin.py:188} INFO - [2025-12-19T14:41:55.053+0000] {dag.py:3947} INFO - Setting next_dagrun for dataset_consumes_1_and_2 to None, run_after=None
[2025-12-19T14:41:55.054+0000] {logging_mixin.py:188} INFO - [2025-12-19T14:41:55.054+0000] {dag.py:3947} INFO - Setting next_dagrun for dataset_consumes_1_never_scheduled to None, run_after=None
[2025-12-19T14:41:55.055+0000] {logging_mixin.py:188} INFO - [2025-12-19T14:41:55.055+0000] {dag.py:3947} INFO - Setting next_dagrun for dataset_consumes_unknown_never_scheduled to None, run_after=None
[2025-12-19T14:41:55.056+0000] {logging_mixin.py:188} INFO - [2025-12-19T14:41:55.056+0000] {dag.py:3947} INFO - Setting next_dagrun for dataset_produces_1 to 2025-12-18 00:00:00+00:00, run_after=2025-12-19 00:00:00+00:00
[2025-12-19T14:41:55.057+0000] {logging_mixin.py:188} INFO - [2025-12-19T14:41:55.057+0000] {dag.py:3947} INFO - Setting next_dagrun for dataset_produces_2 to None, run_after=None
[2025-12-19T14:41:55.082+0000] {processor.py:183} INFO - Processing /home/airflow/.local/lib/python3.12/site-packages/airflow/example_dags/example_datasets.py took 0.119 seconds
