[2025-12-19T01:08:00.580+0000] {processor.py:161} INFO - Started process (PID=57687) to work on /home/airflow/.local/lib/python3.12/site-packages/airflow/example_dags/example_short_circuit_decorator.py
[2025-12-19T01:08:00.581+0000] {processor.py:830} INFO - Processing file /home/airflow/.local/lib/python3.12/site-packages/airflow/example_dags/example_short_circuit_decorator.py for tasks to queue
[2025-12-19T01:08:00.584+0000] {logging_mixin.py:188} INFO - [2025-12-19T01:08:00.584+0000] {dagbag.py:545} INFO - Filling up the DagBag from /home/airflow/.local/lib/python3.12/site-packages/airflow/example_dags/example_short_circuit_decorator.py
[2025-12-19T01:08:00.588+0000] {processor.py:840} INFO - DAG(s) 'example_short_circuit_decorator' retrieved from /home/airflow/.local/lib/python3.12/site-packages/airflow/example_dags/example_short_circuit_decorator.py
[2025-12-19T01:08:00.602+0000] {logging_mixin.py:188} INFO - [2025-12-19T01:08:00.602+0000] {dag.py:3089} INFO - Sync 1 DAGs
[2025-12-19T01:08:00.615+0000] {logging_mixin.py:188} INFO - [2025-12-19T01:08:00.615+0000] {dag.py:3947} INFO - Setting next_dagrun for example_short_circuit_decorator to 2025-12-18 00:00:00+00:00, run_after=2025-12-19 00:00:00+00:00
[2025-12-19T01:08:00.627+0000] {processor.py:183} INFO - Processing /home/airflow/.local/lib/python3.12/site-packages/airflow/example_dags/example_short_circuit_decorator.py took 0.050 seconds
[2025-12-19T02:16:04.170+0000] {processor.py:161} INFO - Started process (PID=57746) to work on /home/airflow/.local/lib/python3.12/site-packages/airflow/example_dags/example_short_circuit_decorator.py
[2025-12-19T02:16:04.174+0000] {processor.py:830} INFO - Processing file /home/airflow/.local/lib/python3.12/site-packages/airflow/example_dags/example_short_circuit_decorator.py for tasks to queue
[2025-12-19T02:16:04.174+0000] {logging_mixin.py:188} INFO - [2025-12-19T02:16:04.174+0000] {dagbag.py:545} INFO - Filling up the DagBag from /home/airflow/.local/lib/python3.12/site-packages/airflow/example_dags/example_short_circuit_decorator.py
[2025-12-19T02:16:04.179+0000] {processor.py:840} INFO - DAG(s) 'example_short_circuit_decorator' retrieved from /home/airflow/.local/lib/python3.12/site-packages/airflow/example_dags/example_short_circuit_decorator.py
[2025-12-19T02:16:04.192+0000] {logging_mixin.py:188} INFO - [2025-12-19T02:16:04.192+0000] {dag.py:3089} INFO - Sync 1 DAGs
[2025-12-19T02:16:04.201+0000] {logging_mixin.py:188} INFO - [2025-12-19T02:16:04.201+0000] {dag.py:3947} INFO - Setting next_dagrun for example_short_circuit_decorator to 2025-12-18 00:00:00+00:00, run_after=2025-12-19 00:00:00+00:00
[2025-12-19T02:16:04.213+0000] {processor.py:183} INFO - Processing /home/airflow/.local/lib/python3.12/site-packages/airflow/example_dags/example_short_circuit_decorator.py took 0.050 seconds
[2025-12-19T03:53:38.595+0000] {processor.py:161} INFO - Started process (PID=57805) to work on /home/airflow/.local/lib/python3.12/site-packages/airflow/example_dags/example_short_circuit_decorator.py
[2025-12-19T03:53:38.597+0000] {processor.py:830} INFO - Processing file /home/airflow/.local/lib/python3.12/site-packages/airflow/example_dags/example_short_circuit_decorator.py for tasks to queue
[2025-12-19T03:53:38.597+0000] {logging_mixin.py:188} INFO - [2025-12-19T03:53:38.597+0000] {dagbag.py:545} INFO - Filling up the DagBag from /home/airflow/.local/lib/python3.12/site-packages/airflow/example_dags/example_short_circuit_decorator.py
[2025-12-19T03:53:38.601+0000] {processor.py:840} INFO - DAG(s) 'example_short_circuit_decorator' retrieved from /home/airflow/.local/lib/python3.12/site-packages/airflow/example_dags/example_short_circuit_decorator.py
[2025-12-19T03:53:38.614+0000] {logging_mixin.py:188} INFO - [2025-12-19T03:53:38.614+0000] {dag.py:3089} INFO - Sync 1 DAGs
[2025-12-19T03:53:38.625+0000] {logging_mixin.py:188} INFO - [2025-12-19T03:53:38.625+0000] {dag.py:3947} INFO - Setting next_dagrun for example_short_circuit_decorator to 2025-12-18 00:00:00+00:00, run_after=2025-12-19 00:00:00+00:00
[2025-12-19T03:53:38.636+0000] {processor.py:183} INFO - Processing /home/airflow/.local/lib/python3.12/site-packages/airflow/example_dags/example_short_circuit_decorator.py took 0.044 seconds
[2025-12-19T05:18:12.141+0000] {processor.py:161} INFO - Started process (PID=57864) to work on /home/airflow/.local/lib/python3.12/site-packages/airflow/example_dags/example_short_circuit_decorator.py
[2025-12-19T05:18:12.142+0000] {processor.py:830} INFO - Processing file /home/airflow/.local/lib/python3.12/site-packages/airflow/example_dags/example_short_circuit_decorator.py for tasks to queue
[2025-12-19T05:18:12.142+0000] {logging_mixin.py:188} INFO - [2025-12-19T05:18:12.142+0000] {dagbag.py:545} INFO - Filling up the DagBag from /home/airflow/.local/lib/python3.12/site-packages/airflow/example_dags/example_short_circuit_decorator.py
[2025-12-19T05:18:12.147+0000] {processor.py:840} INFO - DAG(s) 'example_short_circuit_decorator' retrieved from /home/airflow/.local/lib/python3.12/site-packages/airflow/example_dags/example_short_circuit_decorator.py
[2025-12-19T05:18:12.157+0000] {logging_mixin.py:188} INFO - [2025-12-19T05:18:12.157+0000] {dag.py:3089} INFO - Sync 1 DAGs
[2025-12-19T05:18:12.167+0000] {logging_mixin.py:188} INFO - [2025-12-19T05:18:12.167+0000] {dag.py:3947} INFO - Setting next_dagrun for example_short_circuit_decorator to 2025-12-18 00:00:00+00:00, run_after=2025-12-19 00:00:00+00:00
[2025-12-19T05:18:12.179+0000] {processor.py:183} INFO - Processing /home/airflow/.local/lib/python3.12/site-packages/airflow/example_dags/example_short_circuit_decorator.py took 0.041 seconds
[2025-12-19T06:58:36.595+0000] {processor.py:161} INFO - Started process (PID=57923) to work on /home/airflow/.local/lib/python3.12/site-packages/airflow/example_dags/example_short_circuit_decorator.py
[2025-12-19T06:58:36.596+0000] {processor.py:830} INFO - Processing file /home/airflow/.local/lib/python3.12/site-packages/airflow/example_dags/example_short_circuit_decorator.py for tasks to queue
[2025-12-19T06:58:36.596+0000] {logging_mixin.py:188} INFO - [2025-12-19T06:58:36.596+0000] {dagbag.py:545} INFO - Filling up the DagBag from /home/airflow/.local/lib/python3.12/site-packages/airflow/example_dags/example_short_circuit_decorator.py
[2025-12-19T06:58:36.601+0000] {processor.py:840} INFO - DAG(s) 'example_short_circuit_decorator' retrieved from /home/airflow/.local/lib/python3.12/site-packages/airflow/example_dags/example_short_circuit_decorator.py
[2025-12-19T06:58:36.617+0000] {logging_mixin.py:188} INFO - [2025-12-19T06:58:36.617+0000] {dag.py:3089} INFO - Sync 1 DAGs
[2025-12-19T06:58:36.630+0000] {logging_mixin.py:188} INFO - [2025-12-19T06:58:36.629+0000] {dag.py:3947} INFO - Setting next_dagrun for example_short_circuit_decorator to 2025-12-18 00:00:00+00:00, run_after=2025-12-19 00:00:00+00:00
[2025-12-19T06:58:36.639+0000] {processor.py:183} INFO - Processing /home/airflow/.local/lib/python3.12/site-packages/airflow/example_dags/example_short_circuit_decorator.py took 0.048 seconds
[2025-12-19T08:03:02.346+0000] {processor.py:161} INFO - Started process (PID=57982) to work on /home/airflow/.local/lib/python3.12/site-packages/airflow/example_dags/example_short_circuit_decorator.py
[2025-12-19T08:03:02.351+0000] {processor.py:830} INFO - Processing file /home/airflow/.local/lib/python3.12/site-packages/airflow/example_dags/example_short_circuit_decorator.py for tasks to queue
[2025-12-19T08:03:02.351+0000] {logging_mixin.py:188} INFO - [2025-12-19T08:03:02.351+0000] {dagbag.py:545} INFO - Filling up the DagBag from /home/airflow/.local/lib/python3.12/site-packages/airflow/example_dags/example_short_circuit_decorator.py
[2025-12-19T08:03:02.356+0000] {processor.py:840} INFO - DAG(s) 'example_short_circuit_decorator' retrieved from /home/airflow/.local/lib/python3.12/site-packages/airflow/example_dags/example_short_circuit_decorator.py
[2025-12-19T08:03:02.370+0000] {logging_mixin.py:188} INFO - [2025-12-19T08:03:02.370+0000] {dag.py:3089} INFO - Sync 1 DAGs
[2025-12-19T08:03:02.381+0000] {logging_mixin.py:188} INFO - [2025-12-19T08:03:02.381+0000] {dag.py:3947} INFO - Setting next_dagrun for example_short_circuit_decorator to 2025-12-18 00:00:00+00:00, run_after=2025-12-19 00:00:00+00:00
[2025-12-19T08:03:02.392+0000] {processor.py:183} INFO - Processing /home/airflow/.local/lib/python3.12/site-packages/airflow/example_dags/example_short_circuit_decorator.py took 0.049 seconds
[2025-12-19T09:19:28.644+0000] {processor.py:161} INFO - Started process (PID=58041) to work on /home/airflow/.local/lib/python3.12/site-packages/airflow/example_dags/example_short_circuit_decorator.py
[2025-12-19T09:19:28.644+0000] {processor.py:830} INFO - Processing file /home/airflow/.local/lib/python3.12/site-packages/airflow/example_dags/example_short_circuit_decorator.py for tasks to queue
[2025-12-19T09:19:28.645+0000] {logging_mixin.py:188} INFO - [2025-12-19T09:19:28.645+0000] {dagbag.py:545} INFO - Filling up the DagBag from /home/airflow/.local/lib/python3.12/site-packages/airflow/example_dags/example_short_circuit_decorator.py
[2025-12-19T09:19:28.652+0000] {processor.py:840} INFO - DAG(s) 'example_short_circuit_decorator' retrieved from /home/airflow/.local/lib/python3.12/site-packages/airflow/example_dags/example_short_circuit_decorator.py
[2025-12-19T09:19:28.681+0000] {logging_mixin.py:188} INFO - [2025-12-19T09:19:28.681+0000] {dag.py:3089} INFO - Sync 1 DAGs
[2025-12-19T09:19:28.697+0000] {logging_mixin.py:188} INFO - [2025-12-19T09:19:28.697+0000] {dag.py:3947} INFO - Setting next_dagrun for example_short_circuit_decorator to 2025-12-18 00:00:00+00:00, run_after=2025-12-19 00:00:00+00:00
[2025-12-19T09:19:28.714+0000] {processor.py:183} INFO - Processing /home/airflow/.local/lib/python3.12/site-packages/airflow/example_dags/example_short_circuit_decorator.py took 0.075 seconds
[2025-12-19T09:57:38.562+0000] {processor.py:161} INFO - Started process (PID=58100) to work on /home/airflow/.local/lib/python3.12/site-packages/airflow/example_dags/example_short_circuit_decorator.py
[2025-12-19T09:57:38.564+0000] {processor.py:830} INFO - Processing file /home/airflow/.local/lib/python3.12/site-packages/airflow/example_dags/example_short_circuit_decorator.py for tasks to queue
[2025-12-19T09:57:38.565+0000] {logging_mixin.py:188} INFO - [2025-12-19T09:57:38.565+0000] {dagbag.py:545} INFO - Filling up the DagBag from /home/airflow/.local/lib/python3.12/site-packages/airflow/example_dags/example_short_circuit_decorator.py
[2025-12-19T09:57:38.575+0000] {processor.py:840} INFO - DAG(s) 'example_short_circuit_decorator' retrieved from /home/airflow/.local/lib/python3.12/site-packages/airflow/example_dags/example_short_circuit_decorator.py
[2025-12-19T09:57:38.596+0000] {logging_mixin.py:188} INFO - [2025-12-19T09:57:38.596+0000] {dag.py:3089} INFO - Sync 1 DAGs
[2025-12-19T09:57:38.614+0000] {logging_mixin.py:188} INFO - [2025-12-19T09:57:38.614+0000] {dag.py:3947} INFO - Setting next_dagrun for example_short_circuit_decorator to 2025-12-18 00:00:00+00:00, run_after=2025-12-19 00:00:00+00:00
[2025-12-19T09:57:38.627+0000] {processor.py:183} INFO - Processing /home/airflow/.local/lib/python3.12/site-packages/airflow/example_dags/example_short_circuit_decorator.py took 0.088 seconds
[2025-12-19T10:46:47.178+0000] {processor.py:161} INFO - Started process (PID=58159) to work on /home/airflow/.local/lib/python3.12/site-packages/airflow/example_dags/example_short_circuit_decorator.py
[2025-12-19T10:46:47.180+0000] {processor.py:830} INFO - Processing file /home/airflow/.local/lib/python3.12/site-packages/airflow/example_dags/example_short_circuit_decorator.py for tasks to queue
[2025-12-19T10:46:47.182+0000] {logging_mixin.py:188} INFO - [2025-12-19T10:46:47.181+0000] {dagbag.py:545} INFO - Filling up the DagBag from /home/airflow/.local/lib/python3.12/site-packages/airflow/example_dags/example_short_circuit_decorator.py
[2025-12-19T10:46:47.198+0000] {processor.py:840} INFO - DAG(s) 'example_short_circuit_decorator' retrieved from /home/airflow/.local/lib/python3.12/site-packages/airflow/example_dags/example_short_circuit_decorator.py
[2025-12-19T10:46:47.242+0000] {logging_mixin.py:188} INFO - [2025-12-19T10:46:47.241+0000] {dag.py:3089} INFO - Sync 1 DAGs
[2025-12-19T10:46:47.288+0000] {logging_mixin.py:188} INFO - [2025-12-19T10:46:47.288+0000] {dag.py:3947} INFO - Setting next_dagrun for example_short_circuit_decorator to 2025-12-18 00:00:00+00:00, run_after=2025-12-19 00:00:00+00:00
[2025-12-19T10:46:47.330+0000] {processor.py:183} INFO - Processing /home/airflow/.local/lib/python3.12/site-packages/airflow/example_dags/example_short_circuit_decorator.py took 0.164 seconds
[2025-12-19T11:37:07.700+0000] {processor.py:161} INFO - Started process (PID=58218) to work on /home/airflow/.local/lib/python3.12/site-packages/airflow/example_dags/example_short_circuit_decorator.py
[2025-12-19T11:37:07.706+0000] {processor.py:830} INFO - Processing file /home/airflow/.local/lib/python3.12/site-packages/airflow/example_dags/example_short_circuit_decorator.py for tasks to queue
[2025-12-19T11:37:07.710+0000] {logging_mixin.py:188} INFO - [2025-12-19T11:37:07.710+0000] {dagbag.py:545} INFO - Filling up the DagBag from /home/airflow/.local/lib/python3.12/site-packages/airflow/example_dags/example_short_circuit_decorator.py
[2025-12-19T11:37:07.732+0000] {processor.py:840} INFO - DAG(s) 'example_short_circuit_decorator' retrieved from /home/airflow/.local/lib/python3.12/site-packages/airflow/example_dags/example_short_circuit_decorator.py
[2025-12-19T11:37:07.780+0000] {logging_mixin.py:188} INFO - [2025-12-19T11:37:07.779+0000] {dag.py:3089} INFO - Sync 1 DAGs
[2025-12-19T11:37:07.820+0000] {logging_mixin.py:188} INFO - [2025-12-19T11:37:07.819+0000] {dag.py:3947} INFO - Setting next_dagrun for example_short_circuit_decorator to 2025-12-18 00:00:00+00:00, run_after=2025-12-19 00:00:00+00:00
[2025-12-19T11:37:07.866+0000] {processor.py:183} INFO - Processing /home/airflow/.local/lib/python3.12/site-packages/airflow/example_dags/example_short_circuit_decorator.py took 0.175 seconds
[2025-12-19T12:40:30.028+0000] {processor.py:161} INFO - Started process (PID=58277) to work on /home/airflow/.local/lib/python3.12/site-packages/airflow/example_dags/example_short_circuit_decorator.py
[2025-12-19T12:40:30.030+0000] {processor.py:830} INFO - Processing file /home/airflow/.local/lib/python3.12/site-packages/airflow/example_dags/example_short_circuit_decorator.py for tasks to queue
[2025-12-19T12:40:30.031+0000] {logging_mixin.py:188} INFO - [2025-12-19T12:40:30.031+0000] {dagbag.py:545} INFO - Filling up the DagBag from /home/airflow/.local/lib/python3.12/site-packages/airflow/example_dags/example_short_circuit_decorator.py
[2025-12-19T12:40:30.039+0000] {processor.py:840} INFO - DAG(s) 'example_short_circuit_decorator' retrieved from /home/airflow/.local/lib/python3.12/site-packages/airflow/example_dags/example_short_circuit_decorator.py
[2025-12-19T12:40:30.060+0000] {logging_mixin.py:188} INFO - [2025-12-19T12:40:30.060+0000] {dag.py:3089} INFO - Sync 1 DAGs
[2025-12-19T12:40:30.078+0000] {logging_mixin.py:188} INFO - [2025-12-19T12:40:30.077+0000] {dag.py:3947} INFO - Setting next_dagrun for example_short_circuit_decorator to 2025-12-18 00:00:00+00:00, run_after=2025-12-19 00:00:00+00:00
[2025-12-19T12:40:30.094+0000] {processor.py:183} INFO - Processing /home/airflow/.local/lib/python3.12/site-packages/airflow/example_dags/example_short_circuit_decorator.py took 0.075 seconds
[2025-12-19T13:57:44.681+0000] {processor.py:161} INFO - Started process (PID=58336) to work on /home/airflow/.local/lib/python3.12/site-packages/airflow/example_dags/example_short_circuit_decorator.py
[2025-12-19T13:57:44.682+0000] {processor.py:830} INFO - Processing file /home/airflow/.local/lib/python3.12/site-packages/airflow/example_dags/example_short_circuit_decorator.py for tasks to queue
[2025-12-19T13:57:44.683+0000] {logging_mixin.py:188} INFO - [2025-12-19T13:57:44.682+0000] {dagbag.py:545} INFO - Filling up the DagBag from /home/airflow/.local/lib/python3.12/site-packages/airflow/example_dags/example_short_circuit_decorator.py
[2025-12-19T13:57:44.690+0000] {processor.py:840} INFO - DAG(s) 'example_short_circuit_decorator' retrieved from /home/airflow/.local/lib/python3.12/site-packages/airflow/example_dags/example_short_circuit_decorator.py
[2025-12-19T13:57:44.707+0000] {logging_mixin.py:188} INFO - [2025-12-19T13:57:44.707+0000] {dag.py:3089} INFO - Sync 1 DAGs
[2025-12-19T13:57:44.722+0000] {logging_mixin.py:188} INFO - [2025-12-19T13:57:44.722+0000] {dag.py:3947} INFO - Setting next_dagrun for example_short_circuit_decorator to 2025-12-18 00:00:00+00:00, run_after=2025-12-19 00:00:00+00:00
[2025-12-19T13:57:44.744+0000] {processor.py:183} INFO - Processing /home/airflow/.local/lib/python3.12/site-packages/airflow/example_dags/example_short_circuit_decorator.py took 0.069 seconds
[2025-12-19T14:41:22.828+0000] {processor.py:161} INFO - Started process (PID=58401) to work on /home/airflow/.local/lib/python3.12/site-packages/airflow/example_dags/example_short_circuit_decorator.py
[2025-12-19T14:41:22.829+0000] {processor.py:830} INFO - Processing file /home/airflow/.local/lib/python3.12/site-packages/airflow/example_dags/example_short_circuit_decorator.py for tasks to queue
[2025-12-19T14:41:22.830+0000] {logging_mixin.py:188} INFO - [2025-12-19T14:41:22.830+0000] {dagbag.py:545} INFO - Filling up the DagBag from /home/airflow/.local/lib/python3.12/site-packages/airflow/example_dags/example_short_circuit_decorator.py
[2025-12-19T14:41:22.842+0000] {processor.py:840} INFO - DAG(s) 'example_short_circuit_decorator' retrieved from /home/airflow/.local/lib/python3.12/site-packages/airflow/example_dags/example_short_circuit_decorator.py
[2025-12-19T14:41:22.869+0000] {logging_mixin.py:188} INFO - [2025-12-19T14:41:22.869+0000] {dag.py:3089} INFO - Sync 1 DAGs
[2025-12-19T14:41:22.889+0000] {logging_mixin.py:188} INFO - [2025-12-19T14:41:22.889+0000] {dag.py:3947} INFO - Setting next_dagrun for example_short_circuit_decorator to 2025-12-18 00:00:00+00:00, run_after=2025-12-19 00:00:00+00:00
[2025-12-19T14:41:22.911+0000] {processor.py:183} INFO - Processing /home/airflow/.local/lib/python3.12/site-packages/airflow/example_dags/example_short_circuit_decorator.py took 0.091 seconds
[2025-12-19T14:41:53.667+0000] {processor.py:161} INFO - Started process (PID=58460) to work on /home/airflow/.local/lib/python3.12/site-packages/airflow/example_dags/example_short_circuit_decorator.py
[2025-12-19T14:41:53.668+0000] {processor.py:830} INFO - Processing file /home/airflow/.local/lib/python3.12/site-packages/airflow/example_dags/example_short_circuit_decorator.py for tasks to queue
[2025-12-19T14:41:53.670+0000] {logging_mixin.py:188} INFO - [2025-12-19T14:41:53.669+0000] {dagbag.py:545} INFO - Filling up the DagBag from /home/airflow/.local/lib/python3.12/site-packages/airflow/example_dags/example_short_circuit_decorator.py
[2025-12-19T14:41:53.678+0000] {processor.py:840} INFO - DAG(s) 'example_short_circuit_decorator' retrieved from /home/airflow/.local/lib/python3.12/site-packages/airflow/example_dags/example_short_circuit_decorator.py
[2025-12-19T14:41:53.694+0000] {logging_mixin.py:188} INFO - [2025-12-19T14:41:53.694+0000] {dag.py:3089} INFO - Sync 1 DAGs
[2025-12-19T14:41:53.710+0000] {logging_mixin.py:188} INFO - [2025-12-19T14:41:53.710+0000] {dag.py:3947} INFO - Setting next_dagrun for example_short_circuit_decorator to 2025-12-18 00:00:00+00:00, run_after=2025-12-19 00:00:00+00:00
[2025-12-19T14:41:53.724+0000] {processor.py:183} INFO - Processing /home/airflow/.local/lib/python3.12/site-packages/airflow/example_dags/example_short_circuit_decorator.py took 0.062 seconds
