[2025-12-19T01:08:01.258+0000] {processor.py:161} INFO - Started process (PID=57704) to work on /home/airflow/.local/lib/python3.12/site-packages/airflow/example_dags/example_dag_decorator.py
[2025-12-19T01:08:01.258+0000] {processor.py:830} INFO - Processing file /home/airflow/.local/lib/python3.12/site-packages/airflow/example_dags/example_dag_decorator.py for tasks to queue
[2025-12-19T01:08:01.260+0000] {logging_mixin.py:188} INFO - [2025-12-19T01:08:01.260+0000] {dagbag.py:545} INFO - Filling up the DagBag from /home/airflow/.local/lib/python3.12/site-packages/airflow/example_dags/example_dag_decorator.py
[2025-12-19T01:08:01.333+0000] {processor.py:840} INFO - DAG(s) 'example_dag_decorator' retrieved from /home/airflow/.local/lib/python3.12/site-packages/airflow/example_dags/example_dag_decorator.py
[2025-12-19T01:08:01.392+0000] {logging_mixin.py:188} INFO - [2025-12-19T01:08:01.391+0000] {dag.py:3089} INFO - Sync 1 DAGs
[2025-12-19T01:08:01.402+0000] {logging_mixin.py:188} INFO - [2025-12-19T01:08:01.402+0000] {dag.py:3947} INFO - Setting next_dagrun for example_dag_decorator to None, run_after=None
[2025-12-19T01:08:01.415+0000] {processor.py:183} INFO - Processing /home/airflow/.local/lib/python3.12/site-packages/airflow/example_dags/example_dag_decorator.py took 0.160 seconds
[2025-12-19T02:16:04.655+0000] {processor.py:161} INFO - Started process (PID=57763) to work on /home/airflow/.local/lib/python3.12/site-packages/airflow/example_dags/example_dag_decorator.py
[2025-12-19T02:16:04.656+0000] {processor.py:830} INFO - Processing file /home/airflow/.local/lib/python3.12/site-packages/airflow/example_dags/example_dag_decorator.py for tasks to queue
[2025-12-19T02:16:04.656+0000] {logging_mixin.py:188} INFO - [2025-12-19T02:16:04.656+0000] {dagbag.py:545} INFO - Filling up the DagBag from /home/airflow/.local/lib/python3.12/site-packages/airflow/example_dags/example_dag_decorator.py
[2025-12-19T02:16:04.716+0000] {processor.py:840} INFO - DAG(s) 'example_dag_decorator' retrieved from /home/airflow/.local/lib/python3.12/site-packages/airflow/example_dags/example_dag_decorator.py
[2025-12-19T02:16:04.790+0000] {logging_mixin.py:188} INFO - [2025-12-19T02:16:04.790+0000] {dag.py:3089} INFO - Sync 1 DAGs
[2025-12-19T02:16:04.796+0000] {logging_mixin.py:188} INFO - [2025-12-19T02:16:04.796+0000] {dag.py:3947} INFO - Setting next_dagrun for example_dag_decorator to None, run_after=None
[2025-12-19T02:16:04.808+0000] {processor.py:183} INFO - Processing /home/airflow/.local/lib/python3.12/site-packages/airflow/example_dags/example_dag_decorator.py took 0.156 seconds
[2025-12-19T03:53:39.118+0000] {processor.py:161} INFO - Started process (PID=57822) to work on /home/airflow/.local/lib/python3.12/site-packages/airflow/example_dags/example_dag_decorator.py
[2025-12-19T03:53:39.119+0000] {processor.py:830} INFO - Processing file /home/airflow/.local/lib/python3.12/site-packages/airflow/example_dags/example_dag_decorator.py for tasks to queue
[2025-12-19T03:53:39.119+0000] {logging_mixin.py:188} INFO - [2025-12-19T03:53:39.119+0000] {dagbag.py:545} INFO - Filling up the DagBag from /home/airflow/.local/lib/python3.12/site-packages/airflow/example_dags/example_dag_decorator.py
[2025-12-19T03:53:39.178+0000] {processor.py:840} INFO - DAG(s) 'example_dag_decorator' retrieved from /home/airflow/.local/lib/python3.12/site-packages/airflow/example_dags/example_dag_decorator.py
[2025-12-19T03:53:39.197+0000] {logging_mixin.py:188} INFO - [2025-12-19T03:53:39.197+0000] {dag.py:3089} INFO - Sync 1 DAGs
[2025-12-19T03:53:39.202+0000] {logging_mixin.py:188} INFO - [2025-12-19T03:53:39.202+0000] {dag.py:3947} INFO - Setting next_dagrun for example_dag_decorator to None, run_after=None
[2025-12-19T03:53:39.215+0000] {processor.py:183} INFO - Processing /home/airflow/.local/lib/python3.12/site-packages/airflow/example_dags/example_dag_decorator.py took 0.100 seconds
[2025-12-19T05:18:12.628+0000] {processor.py:161} INFO - Started process (PID=57881) to work on /home/airflow/.local/lib/python3.12/site-packages/airflow/example_dags/example_dag_decorator.py
[2025-12-19T05:18:12.629+0000] {processor.py:830} INFO - Processing file /home/airflow/.local/lib/python3.12/site-packages/airflow/example_dags/example_dag_decorator.py for tasks to queue
[2025-12-19T05:18:12.629+0000] {logging_mixin.py:188} INFO - [2025-12-19T05:18:12.629+0000] {dagbag.py:545} INFO - Filling up the DagBag from /home/airflow/.local/lib/python3.12/site-packages/airflow/example_dags/example_dag_decorator.py
[2025-12-19T05:18:12.685+0000] {processor.py:840} INFO - DAG(s) 'example_dag_decorator' retrieved from /home/airflow/.local/lib/python3.12/site-packages/airflow/example_dags/example_dag_decorator.py
[2025-12-19T05:18:12.742+0000] {logging_mixin.py:188} INFO - [2025-12-19T05:18:12.741+0000] {dag.py:3089} INFO - Sync 1 DAGs
[2025-12-19T05:18:12.746+0000] {logging_mixin.py:188} INFO - [2025-12-19T05:18:12.746+0000] {dag.py:3947} INFO - Setting next_dagrun for example_dag_decorator to None, run_after=None
[2025-12-19T05:18:12.755+0000] {processor.py:183} INFO - Processing /home/airflow/.local/lib/python3.12/site-packages/airflow/example_dags/example_dag_decorator.py took 0.130 seconds
[2025-12-19T06:58:37.084+0000] {processor.py:161} INFO - Started process (PID=57940) to work on /home/airflow/.local/lib/python3.12/site-packages/airflow/example_dags/example_dag_decorator.py
[2025-12-19T06:58:37.085+0000] {processor.py:830} INFO - Processing file /home/airflow/.local/lib/python3.12/site-packages/airflow/example_dags/example_dag_decorator.py for tasks to queue
[2025-12-19T06:58:37.087+0000] {logging_mixin.py:188} INFO - [2025-12-19T06:58:37.087+0000] {dagbag.py:545} INFO - Filling up the DagBag from /home/airflow/.local/lib/python3.12/site-packages/airflow/example_dags/example_dag_decorator.py
[2025-12-19T06:58:37.143+0000] {processor.py:840} INFO - DAG(s) 'example_dag_decorator' retrieved from /home/airflow/.local/lib/python3.12/site-packages/airflow/example_dags/example_dag_decorator.py
[2025-12-19T06:58:37.207+0000] {logging_mixin.py:188} INFO - [2025-12-19T06:58:37.207+0000] {dag.py:3089} INFO - Sync 1 DAGs
[2025-12-19T06:58:37.212+0000] {logging_mixin.py:188} INFO - [2025-12-19T06:58:37.212+0000] {dag.py:3947} INFO - Setting next_dagrun for example_dag_decorator to None, run_after=None
[2025-12-19T06:58:37.227+0000] {processor.py:183} INFO - Processing /home/airflow/.local/lib/python3.12/site-packages/airflow/example_dags/example_dag_decorator.py took 0.145 seconds
[2025-12-19T08:03:03.004+0000] {processor.py:161} INFO - Started process (PID=57999) to work on /home/airflow/.local/lib/python3.12/site-packages/airflow/example_dags/example_dag_decorator.py
[2025-12-19T08:03:03.005+0000] {processor.py:830} INFO - Processing file /home/airflow/.local/lib/python3.12/site-packages/airflow/example_dags/example_dag_decorator.py for tasks to queue
[2025-12-19T08:03:03.005+0000] {logging_mixin.py:188} INFO - [2025-12-19T08:03:03.005+0000] {dagbag.py:545} INFO - Filling up the DagBag from /home/airflow/.local/lib/python3.12/site-packages/airflow/example_dags/example_dag_decorator.py
[2025-12-19T08:03:03.091+0000] {processor.py:840} INFO - DAG(s) 'example_dag_decorator' retrieved from /home/airflow/.local/lib/python3.12/site-packages/airflow/example_dags/example_dag_decorator.py
[2025-12-19T08:03:03.168+0000] {logging_mixin.py:188} INFO - [2025-12-19T08:03:03.168+0000] {dag.py:3089} INFO - Sync 1 DAGs
[2025-12-19T08:03:03.174+0000] {logging_mixin.py:188} INFO - [2025-12-19T08:03:03.174+0000] {dag.py:3947} INFO - Setting next_dagrun for example_dag_decorator to None, run_after=None
[2025-12-19T08:03:03.189+0000] {processor.py:183} INFO - Processing /home/airflow/.local/lib/python3.12/site-packages/airflow/example_dags/example_dag_decorator.py took 0.189 seconds
[2025-12-19T09:19:29.529+0000] {processor.py:161} INFO - Started process (PID=58058) to work on /home/airflow/.local/lib/python3.12/site-packages/airflow/example_dags/example_dag_decorator.py
[2025-12-19T09:19:29.531+0000] {processor.py:830} INFO - Processing file /home/airflow/.local/lib/python3.12/site-packages/airflow/example_dags/example_dag_decorator.py for tasks to queue
[2025-12-19T09:19:29.532+0000] {logging_mixin.py:188} INFO - [2025-12-19T09:19:29.531+0000] {dagbag.py:545} INFO - Filling up the DagBag from /home/airflow/.local/lib/python3.12/site-packages/airflow/example_dags/example_dag_decorator.py
[2025-12-19T09:19:29.627+0000] {processor.py:840} INFO - DAG(s) 'example_dag_decorator' retrieved from /home/airflow/.local/lib/python3.12/site-packages/airflow/example_dags/example_dag_decorator.py
[2025-12-19T09:19:29.728+0000] {logging_mixin.py:188} INFO - [2025-12-19T09:19:29.728+0000] {dag.py:3089} INFO - Sync 1 DAGs
[2025-12-19T09:19:29.735+0000] {logging_mixin.py:188} INFO - [2025-12-19T09:19:29.735+0000] {dag.py:3947} INFO - Setting next_dagrun for example_dag_decorator to None, run_after=None
[2025-12-19T09:19:29.748+0000] {processor.py:183} INFO - Processing /home/airflow/.local/lib/python3.12/site-packages/airflow/example_dags/example_dag_decorator.py took 0.223 seconds
[2025-12-19T09:57:39.451+0000] {processor.py:161} INFO - Started process (PID=58117) to work on /home/airflow/.local/lib/python3.12/site-packages/airflow/example_dags/example_dag_decorator.py
[2025-12-19T09:57:39.452+0000] {processor.py:830} INFO - Processing file /home/airflow/.local/lib/python3.12/site-packages/airflow/example_dags/example_dag_decorator.py for tasks to queue
[2025-12-19T09:57:39.453+0000] {logging_mixin.py:188} INFO - [2025-12-19T09:57:39.453+0000] {dagbag.py:545} INFO - Filling up the DagBag from /home/airflow/.local/lib/python3.12/site-packages/airflow/example_dags/example_dag_decorator.py
[2025-12-19T09:57:39.550+0000] {processor.py:840} INFO - DAG(s) 'example_dag_decorator' retrieved from /home/airflow/.local/lib/python3.12/site-packages/airflow/example_dags/example_dag_decorator.py
[2025-12-19T09:57:39.645+0000] {logging_mixin.py:188} INFO - [2025-12-19T09:57:39.645+0000] {dag.py:3089} INFO - Sync 1 DAGs
[2025-12-19T09:57:39.654+0000] {logging_mixin.py:188} INFO - [2025-12-19T09:57:39.653+0000] {dag.py:3947} INFO - Setting next_dagrun for example_dag_decorator to None, run_after=None
[2025-12-19T09:57:39.670+0000] {processor.py:183} INFO - Processing /home/airflow/.local/lib/python3.12/site-packages/airflow/example_dags/example_dag_decorator.py took 0.223 seconds
[2025-12-19T10:46:48.957+0000] {processor.py:161} INFO - Started process (PID=58176) to work on /home/airflow/.local/lib/python3.12/site-packages/airflow/example_dags/example_dag_decorator.py
[2025-12-19T10:46:48.960+0000] {processor.py:830} INFO - Processing file /home/airflow/.local/lib/python3.12/site-packages/airflow/example_dags/example_dag_decorator.py for tasks to queue
[2025-12-19T10:46:48.962+0000] {logging_mixin.py:188} INFO - [2025-12-19T10:46:48.961+0000] {dagbag.py:545} INFO - Filling up the DagBag from /home/airflow/.local/lib/python3.12/site-packages/airflow/example_dags/example_dag_decorator.py
[2025-12-19T10:46:49.164+0000] {processor.py:840} INFO - DAG(s) 'example_dag_decorator' retrieved from /home/airflow/.local/lib/python3.12/site-packages/airflow/example_dags/example_dag_decorator.py
[2025-12-19T10:46:49.346+0000] {logging_mixin.py:188} INFO - [2025-12-19T10:46:49.346+0000] {dag.py:3089} INFO - Sync 1 DAGs
[2025-12-19T10:46:49.365+0000] {logging_mixin.py:188} INFO - [2025-12-19T10:46:49.365+0000] {dag.py:3947} INFO - Setting next_dagrun for example_dag_decorator to None, run_after=None
[2025-12-19T10:46:49.407+0000] {processor.py:183} INFO - Processing /home/airflow/.local/lib/python3.12/site-packages/airflow/example_dags/example_dag_decorator.py took 0.467 seconds
[2025-12-19T11:37:09.298+0000] {processor.py:161} INFO - Started process (PID=58235) to work on /home/airflow/.local/lib/python3.12/site-packages/airflow/example_dags/example_dag_decorator.py
[2025-12-19T11:37:09.299+0000] {processor.py:830} INFO - Processing file /home/airflow/.local/lib/python3.12/site-packages/airflow/example_dags/example_dag_decorator.py for tasks to queue
[2025-12-19T11:37:09.301+0000] {logging_mixin.py:188} INFO - [2025-12-19T11:37:09.300+0000] {dagbag.py:545} INFO - Filling up the DagBag from /home/airflow/.local/lib/python3.12/site-packages/airflow/example_dags/example_dag_decorator.py
[2025-12-19T11:37:09.631+0000] {processor.py:840} INFO - DAG(s) 'example_dag_decorator' retrieved from /home/airflow/.local/lib/python3.12/site-packages/airflow/example_dags/example_dag_decorator.py
[2025-12-19T11:37:09.910+0000] {logging_mixin.py:188} INFO - [2025-12-19T11:37:09.910+0000] {dag.py:3089} INFO - Sync 1 DAGs
[2025-12-19T11:37:09.926+0000] {logging_mixin.py:188} INFO - [2025-12-19T11:37:09.925+0000] {dag.py:3947} INFO - Setting next_dagrun for example_dag_decorator to None, run_after=None
[2025-12-19T11:37:09.963+0000] {processor.py:183} INFO - Processing /home/airflow/.local/lib/python3.12/site-packages/airflow/example_dags/example_dag_decorator.py took 0.685 seconds
[2025-12-19T12:40:30.822+0000] {processor.py:161} INFO - Started process (PID=58294) to work on /home/airflow/.local/lib/python3.12/site-packages/airflow/example_dags/example_dag_decorator.py
[2025-12-19T12:40:30.826+0000] {processor.py:830} INFO - Processing file /home/airflow/.local/lib/python3.12/site-packages/airflow/example_dags/example_dag_decorator.py for tasks to queue
[2025-12-19T12:40:30.826+0000] {logging_mixin.py:188} INFO - [2025-12-19T12:40:30.826+0000] {dagbag.py:545} INFO - Filling up the DagBag from /home/airflow/.local/lib/python3.12/site-packages/airflow/example_dags/example_dag_decorator.py
[2025-12-19T12:40:30.927+0000] {processor.py:840} INFO - DAG(s) 'example_dag_decorator' retrieved from /home/airflow/.local/lib/python3.12/site-packages/airflow/example_dags/example_dag_decorator.py
[2025-12-19T12:40:31.053+0000] {logging_mixin.py:188} INFO - [2025-12-19T12:40:31.053+0000] {dag.py:3089} INFO - Sync 1 DAGs
[2025-12-19T12:40:31.065+0000] {logging_mixin.py:188} INFO - [2025-12-19T12:40:31.065+0000] {dag.py:3947} INFO - Setting next_dagrun for example_dag_decorator to None, run_after=None
[2025-12-19T12:40:31.098+0000] {processor.py:183} INFO - Processing /home/airflow/.local/lib/python3.12/site-packages/airflow/example_dags/example_dag_decorator.py took 0.281 seconds
[2025-12-19T13:57:45.510+0000] {processor.py:161} INFO - Started process (PID=58353) to work on /home/airflow/.local/lib/python3.12/site-packages/airflow/example_dags/example_dag_decorator.py
[2025-12-19T13:57:45.512+0000] {processor.py:830} INFO - Processing file /home/airflow/.local/lib/python3.12/site-packages/airflow/example_dags/example_dag_decorator.py for tasks to queue
[2025-12-19T13:57:45.512+0000] {logging_mixin.py:188} INFO - [2025-12-19T13:57:45.512+0000] {dagbag.py:545} INFO - Filling up the DagBag from /home/airflow/.local/lib/python3.12/site-packages/airflow/example_dags/example_dag_decorator.py
[2025-12-19T13:57:45.609+0000] {processor.py:840} INFO - DAG(s) 'example_dag_decorator' retrieved from /home/airflow/.local/lib/python3.12/site-packages/airflow/example_dags/example_dag_decorator.py
[2025-12-19T13:57:45.695+0000] {logging_mixin.py:188} INFO - [2025-12-19T13:57:45.695+0000] {dag.py:3089} INFO - Sync 1 DAGs
[2025-12-19T13:57:45.705+0000] {logging_mixin.py:188} INFO - [2025-12-19T13:57:45.705+0000] {dag.py:3947} INFO - Setting next_dagrun for example_dag_decorator to None, run_after=None
[2025-12-19T13:57:45.717+0000] {processor.py:183} INFO - Processing /home/airflow/.local/lib/python3.12/site-packages/airflow/example_dags/example_dag_decorator.py took 0.216 seconds
[2025-12-19T14:41:23.836+0000] {processor.py:161} INFO - Started process (PID=58418) to work on /home/airflow/.local/lib/python3.12/site-packages/airflow/example_dags/example_dag_decorator.py
[2025-12-19T14:41:23.838+0000] {processor.py:830} INFO - Processing file /home/airflow/.local/lib/python3.12/site-packages/airflow/example_dags/example_dag_decorator.py for tasks to queue
[2025-12-19T14:41:23.839+0000] {logging_mixin.py:188} INFO - [2025-12-19T14:41:23.838+0000] {dagbag.py:545} INFO - Filling up the DagBag from /home/airflow/.local/lib/python3.12/site-packages/airflow/example_dags/example_dag_decorator.py
[2025-12-19T14:41:23.958+0000] {processor.py:840} INFO - DAG(s) 'example_dag_decorator' retrieved from /home/airflow/.local/lib/python3.12/site-packages/airflow/example_dags/example_dag_decorator.py
[2025-12-19T14:41:24.059+0000] {logging_mixin.py:188} INFO - [2025-12-19T14:41:24.059+0000] {dag.py:3089} INFO - Sync 1 DAGs
[2025-12-19T14:41:24.071+0000] {logging_mixin.py:188} INFO - [2025-12-19T14:41:24.071+0000] {dag.py:3947} INFO - Setting next_dagrun for example_dag_decorator to None, run_after=None
[2025-12-19T14:41:24.095+0000] {processor.py:183} INFO - Processing /home/airflow/.local/lib/python3.12/site-packages/airflow/example_dags/example_dag_decorator.py took 0.264 seconds
[2025-12-19T14:41:54.515+0000] {processor.py:161} INFO - Started process (PID=58477) to work on /home/airflow/.local/lib/python3.12/site-packages/airflow/example_dags/example_dag_decorator.py
[2025-12-19T14:41:54.521+0000] {processor.py:830} INFO - Processing file /home/airflow/.local/lib/python3.12/site-packages/airflow/example_dags/example_dag_decorator.py for tasks to queue
[2025-12-19T14:41:54.522+0000] {logging_mixin.py:188} INFO - [2025-12-19T14:41:54.522+0000] {dagbag.py:545} INFO - Filling up the DagBag from /home/airflow/.local/lib/python3.12/site-packages/airflow/example_dags/example_dag_decorator.py
[2025-12-19T14:41:54.608+0000] {processor.py:840} INFO - DAG(s) 'example_dag_decorator' retrieved from /home/airflow/.local/lib/python3.12/site-packages/airflow/example_dags/example_dag_decorator.py
[2025-12-19T14:41:54.693+0000] {logging_mixin.py:188} INFO - [2025-12-19T14:41:54.693+0000] {dag.py:3089} INFO - Sync 1 DAGs
[2025-12-19T14:41:54.702+0000] {logging_mixin.py:188} INFO - [2025-12-19T14:41:54.702+0000] {dag.py:3947} INFO - Setting next_dagrun for example_dag_decorator to None, run_after=None
[2025-12-19T14:41:54.716+0000] {processor.py:183} INFO - Processing /home/airflow/.local/lib/python3.12/site-packages/airflow/example_dags/example_dag_decorator.py took 0.206 seconds
