[2025-12-19T01:08:02.249+0000] {processor.py:161} INFO - Started process (PID=57721) to work on /home/airflow/.local/lib/python3.12/site-packages/airflow/example_dags/example_sensor_decorator.py
[2025-12-19T01:08:02.253+0000] {processor.py:830} INFO - Processing file /home/airflow/.local/lib/python3.12/site-packages/airflow/example_dags/example_sensor_decorator.py for tasks to queue
[2025-12-19T01:08:02.254+0000] {logging_mixin.py:188} INFO - [2025-12-19T01:08:02.254+0000] {dagbag.py:545} INFO - Filling up the DagBag from /home/airflow/.local/lib/python3.12/site-packages/airflow/example_dags/example_sensor_decorator.py
[2025-12-19T01:08:02.275+0000] {processor.py:840} INFO - DAG(s) 'example_sensor_decorator' retrieved from /home/airflow/.local/lib/python3.12/site-packages/airflow/example_dags/example_sensor_decorator.py
[2025-12-19T01:08:02.353+0000] {logging_mixin.py:188} INFO - [2025-12-19T01:08:02.353+0000] {dag.py:3089} INFO - Sync 1 DAGs
[2025-12-19T01:08:02.372+0000] {logging_mixin.py:188} INFO - [2025-12-19T01:08:02.372+0000] {dag.py:3947} INFO - Setting next_dagrun for example_sensor_decorator to None, run_after=None
[2025-12-19T01:08:02.382+0000] {processor.py:183} INFO - Processing /home/airflow/.local/lib/python3.12/site-packages/airflow/example_dags/example_sensor_decorator.py took 0.140 seconds
[2025-12-19T02:16:05.211+0000] {processor.py:161} INFO - Started process (PID=57780) to work on /home/airflow/.local/lib/python3.12/site-packages/airflow/example_dags/example_sensor_decorator.py
[2025-12-19T02:16:05.212+0000] {processor.py:830} INFO - Processing file /home/airflow/.local/lib/python3.12/site-packages/airflow/example_dags/example_sensor_decorator.py for tasks to queue
[2025-12-19T02:16:05.213+0000] {logging_mixin.py:188} INFO - [2025-12-19T02:16:05.212+0000] {dagbag.py:545} INFO - Filling up the DagBag from /home/airflow/.local/lib/python3.12/site-packages/airflow/example_dags/example_sensor_decorator.py
[2025-12-19T02:16:05.216+0000] {processor.py:840} INFO - DAG(s) 'example_sensor_decorator' retrieved from /home/airflow/.local/lib/python3.12/site-packages/airflow/example_dags/example_sensor_decorator.py
[2025-12-19T02:16:05.231+0000] {logging_mixin.py:188} INFO - [2025-12-19T02:16:05.231+0000] {dag.py:3089} INFO - Sync 1 DAGs
[2025-12-19T02:16:05.238+0000] {logging_mixin.py:188} INFO - [2025-12-19T02:16:05.238+0000] {dag.py:3947} INFO - Setting next_dagrun for example_sensor_decorator to None, run_after=None
[2025-12-19T02:16:05.252+0000] {processor.py:183} INFO - Processing /home/airflow/.local/lib/python3.12/site-packages/airflow/example_dags/example_sensor_decorator.py took 0.046 seconds
[2025-12-19T03:53:39.668+0000] {processor.py:161} INFO - Started process (PID=57839) to work on /home/airflow/.local/lib/python3.12/site-packages/airflow/example_dags/example_sensor_decorator.py
[2025-12-19T03:53:39.672+0000] {processor.py:830} INFO - Processing file /home/airflow/.local/lib/python3.12/site-packages/airflow/example_dags/example_sensor_decorator.py for tasks to queue
[2025-12-19T03:53:39.672+0000] {logging_mixin.py:188} INFO - [2025-12-19T03:53:39.672+0000] {dagbag.py:545} INFO - Filling up the DagBag from /home/airflow/.local/lib/python3.12/site-packages/airflow/example_dags/example_sensor_decorator.py
[2025-12-19T03:53:39.675+0000] {processor.py:840} INFO - DAG(s) 'example_sensor_decorator' retrieved from /home/airflow/.local/lib/python3.12/site-packages/airflow/example_dags/example_sensor_decorator.py
[2025-12-19T03:53:39.688+0000] {logging_mixin.py:188} INFO - [2025-12-19T03:53:39.688+0000] {dag.py:3089} INFO - Sync 1 DAGs
[2025-12-19T03:53:39.695+0000] {logging_mixin.py:188} INFO - [2025-12-19T03:53:39.695+0000] {dag.py:3947} INFO - Setting next_dagrun for example_sensor_decorator to None, run_after=None
[2025-12-19T03:53:39.706+0000] {processor.py:183} INFO - Processing /home/airflow/.local/lib/python3.12/site-packages/airflow/example_dags/example_sensor_decorator.py took 0.042 seconds
[2025-12-19T05:18:13.149+0000] {processor.py:161} INFO - Started process (PID=57898) to work on /home/airflow/.local/lib/python3.12/site-packages/airflow/example_dags/example_sensor_decorator.py
[2025-12-19T05:18:13.150+0000] {processor.py:830} INFO - Processing file /home/airflow/.local/lib/python3.12/site-packages/airflow/example_dags/example_sensor_decorator.py for tasks to queue
[2025-12-19T05:18:13.150+0000] {logging_mixin.py:188} INFO - [2025-12-19T05:18:13.150+0000] {dagbag.py:545} INFO - Filling up the DagBag from /home/airflow/.local/lib/python3.12/site-packages/airflow/example_dags/example_sensor_decorator.py
[2025-12-19T05:18:13.153+0000] {processor.py:840} INFO - DAG(s) 'example_sensor_decorator' retrieved from /home/airflow/.local/lib/python3.12/site-packages/airflow/example_dags/example_sensor_decorator.py
[2025-12-19T05:18:13.162+0000] {logging_mixin.py:188} INFO - [2025-12-19T05:18:13.162+0000] {dag.py:3089} INFO - Sync 1 DAGs
[2025-12-19T05:18:13.167+0000] {logging_mixin.py:188} INFO - [2025-12-19T05:18:13.167+0000] {dag.py:3947} INFO - Setting next_dagrun for example_sensor_decorator to None, run_after=None
[2025-12-19T05:18:13.174+0000] {processor.py:183} INFO - Processing /home/airflow/.local/lib/python3.12/site-packages/airflow/example_dags/example_sensor_decorator.py took 0.028 seconds
[2025-12-19T06:58:37.702+0000] {processor.py:161} INFO - Started process (PID=57957) to work on /home/airflow/.local/lib/python3.12/site-packages/airflow/example_dags/example_sensor_decorator.py
[2025-12-19T06:58:37.703+0000] {processor.py:830} INFO - Processing file /home/airflow/.local/lib/python3.12/site-packages/airflow/example_dags/example_sensor_decorator.py for tasks to queue
[2025-12-19T06:58:37.704+0000] {logging_mixin.py:188} INFO - [2025-12-19T06:58:37.704+0000] {dagbag.py:545} INFO - Filling up the DagBag from /home/airflow/.local/lib/python3.12/site-packages/airflow/example_dags/example_sensor_decorator.py
[2025-12-19T06:58:37.707+0000] {processor.py:840} INFO - DAG(s) 'example_sensor_decorator' retrieved from /home/airflow/.local/lib/python3.12/site-packages/airflow/example_dags/example_sensor_decorator.py
[2025-12-19T06:58:37.719+0000] {logging_mixin.py:188} INFO - [2025-12-19T06:58:37.719+0000] {dag.py:3089} INFO - Sync 1 DAGs
[2025-12-19T06:58:37.726+0000] {logging_mixin.py:188} INFO - [2025-12-19T06:58:37.726+0000] {dag.py:3947} INFO - Setting next_dagrun for example_sensor_decorator to None, run_after=None
[2025-12-19T06:58:37.735+0000] {processor.py:183} INFO - Processing /home/airflow/.local/lib/python3.12/site-packages/airflow/example_dags/example_sensor_decorator.py took 0.036 seconds
[2025-12-19T08:03:03.687+0000] {processor.py:161} INFO - Started process (PID=58016) to work on /home/airflow/.local/lib/python3.12/site-packages/airflow/example_dags/example_sensor_decorator.py
[2025-12-19T08:03:03.690+0000] {processor.py:830} INFO - Processing file /home/airflow/.local/lib/python3.12/site-packages/airflow/example_dags/example_sensor_decorator.py for tasks to queue
[2025-12-19T08:03:03.691+0000] {logging_mixin.py:188} INFO - [2025-12-19T08:03:03.691+0000] {dagbag.py:545} INFO - Filling up the DagBag from /home/airflow/.local/lib/python3.12/site-packages/airflow/example_dags/example_sensor_decorator.py
[2025-12-19T08:03:03.695+0000] {processor.py:840} INFO - DAG(s) 'example_sensor_decorator' retrieved from /home/airflow/.local/lib/python3.12/site-packages/airflow/example_dags/example_sensor_decorator.py
[2025-12-19T08:03:03.713+0000] {logging_mixin.py:188} INFO - [2025-12-19T08:03:03.713+0000] {dag.py:3089} INFO - Sync 1 DAGs
[2025-12-19T08:03:03.721+0000] {logging_mixin.py:188} INFO - [2025-12-19T08:03:03.721+0000] {dag.py:3947} INFO - Setting next_dagrun for example_sensor_decorator to None, run_after=None
[2025-12-19T08:03:03.737+0000] {processor.py:183} INFO - Processing /home/airflow/.local/lib/python3.12/site-packages/airflow/example_dags/example_sensor_decorator.py took 0.054 seconds
[2025-12-19T09:19:30.476+0000] {processor.py:161} INFO - Started process (PID=58075) to work on /home/airflow/.local/lib/python3.12/site-packages/airflow/example_dags/example_sensor_decorator.py
[2025-12-19T09:19:30.477+0000] {processor.py:830} INFO - Processing file /home/airflow/.local/lib/python3.12/site-packages/airflow/example_dags/example_sensor_decorator.py for tasks to queue
[2025-12-19T09:19:30.477+0000] {logging_mixin.py:188} INFO - [2025-12-19T09:19:30.477+0000] {dagbag.py:545} INFO - Filling up the DagBag from /home/airflow/.local/lib/python3.12/site-packages/airflow/example_dags/example_sensor_decorator.py
[2025-12-19T09:19:30.482+0000] {processor.py:840} INFO - DAG(s) 'example_sensor_decorator' retrieved from /home/airflow/.local/lib/python3.12/site-packages/airflow/example_dags/example_sensor_decorator.py
[2025-12-19T09:19:30.498+0000] {logging_mixin.py:188} INFO - [2025-12-19T09:19:30.498+0000] {dag.py:3089} INFO - Sync 1 DAGs
[2025-12-19T09:19:30.509+0000] {logging_mixin.py:188} INFO - [2025-12-19T09:19:30.508+0000] {dag.py:3947} INFO - Setting next_dagrun for example_sensor_decorator to None, run_after=None
[2025-12-19T09:19:30.528+0000] {processor.py:183} INFO - Processing /home/airflow/.local/lib/python3.12/site-packages/airflow/example_dags/example_sensor_decorator.py took 0.060 seconds
[2025-12-19T09:57:41.952+0000] {processor.py:161} INFO - Started process (PID=58134) to work on /home/airflow/.local/lib/python3.12/site-packages/airflow/example_dags/example_sensor_decorator.py
[2025-12-19T09:57:41.957+0000] {processor.py:830} INFO - Processing file /home/airflow/.local/lib/python3.12/site-packages/airflow/example_dags/example_sensor_decorator.py for tasks to queue
[2025-12-19T09:57:41.958+0000] {logging_mixin.py:188} INFO - [2025-12-19T09:57:41.958+0000] {dagbag.py:545} INFO - Filling up the DagBag from /home/airflow/.local/lib/python3.12/site-packages/airflow/example_dags/example_sensor_decorator.py
[2025-12-19T09:57:41.968+0000] {processor.py:840} INFO - DAG(s) 'example_sensor_decorator' retrieved from /home/airflow/.local/lib/python3.12/site-packages/airflow/example_dags/example_sensor_decorator.py
[2025-12-19T09:57:42.000+0000] {logging_mixin.py:188} INFO - [2025-12-19T09:57:41.999+0000] {dag.py:3089} INFO - Sync 1 DAGs
[2025-12-19T09:57:42.019+0000] {logging_mixin.py:188} INFO - [2025-12-19T09:57:42.018+0000] {dag.py:3947} INFO - Setting next_dagrun for example_sensor_decorator to None, run_after=None
[2025-12-19T09:57:42.082+0000] {processor.py:183} INFO - Processing /home/airflow/.local/lib/python3.12/site-packages/airflow/example_dags/example_sensor_decorator.py took 0.159 seconds
[2025-12-19T10:46:51.717+0000] {processor.py:161} INFO - Started process (PID=58193) to work on /home/airflow/.local/lib/python3.12/site-packages/airflow/example_dags/example_sensor_decorator.py
[2025-12-19T10:46:51.719+0000] {processor.py:830} INFO - Processing file /home/airflow/.local/lib/python3.12/site-packages/airflow/example_dags/example_sensor_decorator.py for tasks to queue
[2025-12-19T10:46:51.720+0000] {logging_mixin.py:188} INFO - [2025-12-19T10:46:51.720+0000] {dagbag.py:545} INFO - Filling up the DagBag from /home/airflow/.local/lib/python3.12/site-packages/airflow/example_dags/example_sensor_decorator.py
[2025-12-19T10:46:51.728+0000] {processor.py:840} INFO - DAG(s) 'example_sensor_decorator' retrieved from /home/airflow/.local/lib/python3.12/site-packages/airflow/example_dags/example_sensor_decorator.py
[2025-12-19T10:46:51.760+0000] {logging_mixin.py:188} INFO - [2025-12-19T10:46:51.760+0000] {dag.py:3089} INFO - Sync 1 DAGs
[2025-12-19T10:46:51.784+0000] {logging_mixin.py:188} INFO - [2025-12-19T10:46:51.784+0000] {dag.py:3947} INFO - Setting next_dagrun for example_sensor_decorator to None, run_after=None
[2025-12-19T10:46:51.824+0000] {processor.py:183} INFO - Processing /home/airflow/.local/lib/python3.12/site-packages/airflow/example_dags/example_sensor_decorator.py took 0.117 seconds
[2025-12-19T11:37:10.881+0000] {processor.py:161} INFO - Started process (PID=58252) to work on /home/airflow/.local/lib/python3.12/site-packages/airflow/example_dags/example_sensor_decorator.py
[2025-12-19T11:37:10.882+0000] {processor.py:830} INFO - Processing file /home/airflow/.local/lib/python3.12/site-packages/airflow/example_dags/example_sensor_decorator.py for tasks to queue
[2025-12-19T11:37:10.884+0000] {logging_mixin.py:188} INFO - [2025-12-19T11:37:10.884+0000] {dagbag.py:545} INFO - Filling up the DagBag from /home/airflow/.local/lib/python3.12/site-packages/airflow/example_dags/example_sensor_decorator.py
[2025-12-19T11:37:10.889+0000] {processor.py:840} INFO - DAG(s) 'example_sensor_decorator' retrieved from /home/airflow/.local/lib/python3.12/site-packages/airflow/example_dags/example_sensor_decorator.py
[2025-12-19T11:37:10.910+0000] {logging_mixin.py:188} INFO - [2025-12-19T11:37:10.910+0000] {dag.py:3089} INFO - Sync 1 DAGs
[2025-12-19T11:37:10.919+0000] {logging_mixin.py:188} INFO - [2025-12-19T11:37:10.919+0000] {dag.py:3947} INFO - Setting next_dagrun for example_sensor_decorator to None, run_after=None
[2025-12-19T11:37:10.937+0000] {processor.py:183} INFO - Processing /home/airflow/.local/lib/python3.12/site-packages/airflow/example_dags/example_sensor_decorator.py took 0.061 seconds
[2025-12-19T12:40:32.200+0000] {processor.py:161} INFO - Started process (PID=58311) to work on /home/airflow/.local/lib/python3.12/site-packages/airflow/example_dags/example_sensor_decorator.py
[2025-12-19T12:40:32.201+0000] {processor.py:830} INFO - Processing file /home/airflow/.local/lib/python3.12/site-packages/airflow/example_dags/example_sensor_decorator.py for tasks to queue
[2025-12-19T12:40:32.202+0000] {logging_mixin.py:188} INFO - [2025-12-19T12:40:32.202+0000] {dagbag.py:545} INFO - Filling up the DagBag from /home/airflow/.local/lib/python3.12/site-packages/airflow/example_dags/example_sensor_decorator.py
[2025-12-19T12:40:32.209+0000] {processor.py:840} INFO - DAG(s) 'example_sensor_decorator' retrieved from /home/airflow/.local/lib/python3.12/site-packages/airflow/example_dags/example_sensor_decorator.py
[2025-12-19T12:40:32.234+0000] {logging_mixin.py:188} INFO - [2025-12-19T12:40:32.234+0000] {dag.py:3089} INFO - Sync 1 DAGs
[2025-12-19T12:40:32.248+0000] {logging_mixin.py:188} INFO - [2025-12-19T12:40:32.248+0000] {dag.py:3947} INFO - Setting next_dagrun for example_sensor_decorator to None, run_after=None
[2025-12-19T12:40:32.269+0000] {processor.py:183} INFO - Processing /home/airflow/.local/lib/python3.12/site-packages/airflow/example_dags/example_sensor_decorator.py took 0.076 seconds
[2025-12-19T13:57:46.241+0000] {processor.py:161} INFO - Started process (PID=58370) to work on /home/airflow/.local/lib/python3.12/site-packages/airflow/example_dags/example_sensor_decorator.py
[2025-12-19T13:57:46.242+0000] {processor.py:830} INFO - Processing file /home/airflow/.local/lib/python3.12/site-packages/airflow/example_dags/example_sensor_decorator.py for tasks to queue
[2025-12-19T13:57:46.243+0000] {logging_mixin.py:188} INFO - [2025-12-19T13:57:46.242+0000] {dagbag.py:545} INFO - Filling up the DagBag from /home/airflow/.local/lib/python3.12/site-packages/airflow/example_dags/example_sensor_decorator.py
[2025-12-19T13:57:46.246+0000] {processor.py:840} INFO - DAG(s) 'example_sensor_decorator' retrieved from /home/airflow/.local/lib/python3.12/site-packages/airflow/example_dags/example_sensor_decorator.py
[2025-12-19T13:57:46.262+0000] {logging_mixin.py:188} INFO - [2025-12-19T13:57:46.262+0000] {dag.py:3089} INFO - Sync 1 DAGs
[2025-12-19T13:57:46.269+0000] {logging_mixin.py:188} INFO - [2025-12-19T13:57:46.269+0000] {dag.py:3947} INFO - Setting next_dagrun for example_sensor_decorator to None, run_after=None
[2025-12-19T13:57:46.284+0000] {processor.py:183} INFO - Processing /home/airflow/.local/lib/python3.12/site-packages/airflow/example_dags/example_sensor_decorator.py took 0.047 seconds
[2025-12-19T14:41:24.753+0000] {processor.py:161} INFO - Started process (PID=58435) to work on /home/airflow/.local/lib/python3.12/site-packages/airflow/example_dags/example_sensor_decorator.py
[2025-12-19T14:41:24.754+0000] {processor.py:830} INFO - Processing file /home/airflow/.local/lib/python3.12/site-packages/airflow/example_dags/example_sensor_decorator.py for tasks to queue
[2025-12-19T14:41:24.758+0000] {logging_mixin.py:188} INFO - [2025-12-19T14:41:24.758+0000] {dagbag.py:545} INFO - Filling up the DagBag from /home/airflow/.local/lib/python3.12/site-packages/airflow/example_dags/example_sensor_decorator.py
[2025-12-19T14:41:24.763+0000] {processor.py:840} INFO - DAG(s) 'example_sensor_decorator' retrieved from /home/airflow/.local/lib/python3.12/site-packages/airflow/example_dags/example_sensor_decorator.py
[2025-12-19T14:41:24.778+0000] {logging_mixin.py:188} INFO - [2025-12-19T14:41:24.778+0000] {dag.py:3089} INFO - Sync 1 DAGs
[2025-12-19T14:41:24.787+0000] {logging_mixin.py:188} INFO - [2025-12-19T14:41:24.786+0000] {dag.py:3947} INFO - Setting next_dagrun for example_sensor_decorator to None, run_after=None
[2025-12-19T14:41:24.810+0000] {processor.py:183} INFO - Processing /home/airflow/.local/lib/python3.12/site-packages/airflow/example_dags/example_sensor_decorator.py took 0.062 seconds
[2025-12-19T14:41:55.407+0000] {processor.py:161} INFO - Started process (PID=58494) to work on /home/airflow/.local/lib/python3.12/site-packages/airflow/example_dags/example_sensor_decorator.py
[2025-12-19T14:41:55.408+0000] {processor.py:830} INFO - Processing file /home/airflow/.local/lib/python3.12/site-packages/airflow/example_dags/example_sensor_decorator.py for tasks to queue
[2025-12-19T14:41:55.410+0000] {logging_mixin.py:188} INFO - [2025-12-19T14:41:55.410+0000] {dagbag.py:545} INFO - Filling up the DagBag from /home/airflow/.local/lib/python3.12/site-packages/airflow/example_dags/example_sensor_decorator.py
[2025-12-19T14:41:55.415+0000] {processor.py:840} INFO - DAG(s) 'example_sensor_decorator' retrieved from /home/airflow/.local/lib/python3.12/site-packages/airflow/example_dags/example_sensor_decorator.py
[2025-12-19T14:41:55.429+0000] {logging_mixin.py:188} INFO - [2025-12-19T14:41:55.429+0000] {dag.py:3089} INFO - Sync 1 DAGs
[2025-12-19T14:41:55.437+0000] {logging_mixin.py:188} INFO - [2025-12-19T14:41:55.437+0000] {dag.py:3947} INFO - Setting next_dagrun for example_sensor_decorator to None, run_after=None
[2025-12-19T14:41:55.457+0000] {processor.py:183} INFO - Processing /home/airflow/.local/lib/python3.12/site-packages/airflow/example_dags/example_sensor_decorator.py took 0.054 seconds
