[2025-12-19T01:08:01.959+0000] {processor.py:161} INFO - Started process (PID=57715) to work on /home/airflow/.local/lib/python3.12/site-packages/airflow/example_dags/example_branch_python_dop_operator_3.py
[2025-12-19T01:08:01.960+0000] {processor.py:830} INFO - Processing file /home/airflow/.local/lib/python3.12/site-packages/airflow/example_dags/example_branch_python_dop_operator_3.py for tasks to queue
[2025-12-19T01:08:01.961+0000] {logging_mixin.py:188} INFO - [2025-12-19T01:08:01.961+0000] {dagbag.py:545} INFO - Filling up the DagBag from /home/airflow/.local/lib/python3.12/site-packages/airflow/example_dags/example_branch_python_dop_operator_3.py
[2025-12-19T01:08:01.966+0000] {processor.py:840} INFO - DAG(s) 'example_branch_dop_operator_v3' retrieved from /home/airflow/.local/lib/python3.12/site-packages/airflow/example_dags/example_branch_python_dop_operator_3.py
[2025-12-19T01:08:01.984+0000] {logging_mixin.py:188} INFO - [2025-12-19T01:08:01.984+0000] {dag.py:3089} INFO - Sync 1 DAGs
[2025-12-19T01:08:02.002+0000] {logging_mixin.py:188} INFO - [2025-12-19T01:08:02.002+0000] {dag.py:3947} INFO - Setting next_dagrun for example_branch_dop_operator_v3 to 2025-12-19 01:07:00+00:00, run_after=2025-12-19 01:08:00+00:00
[2025-12-19T01:08:02.022+0000] {processor.py:183} INFO - Processing /home/airflow/.local/lib/python3.12/site-packages/airflow/example_dags/example_branch_python_dop_operator_3.py took 0.068 seconds
[2025-12-19T02:16:05.031+0000] {processor.py:161} INFO - Started process (PID=57774) to work on /home/airflow/.local/lib/python3.12/site-packages/airflow/example_dags/example_branch_python_dop_operator_3.py
[2025-12-19T02:16:05.031+0000] {processor.py:830} INFO - Processing file /home/airflow/.local/lib/python3.12/site-packages/airflow/example_dags/example_branch_python_dop_operator_3.py for tasks to queue
[2025-12-19T02:16:05.032+0000] {logging_mixin.py:188} INFO - [2025-12-19T02:16:05.032+0000] {dagbag.py:545} INFO - Filling up the DagBag from /home/airflow/.local/lib/python3.12/site-packages/airflow/example_dags/example_branch_python_dop_operator_3.py
[2025-12-19T02:16:05.036+0000] {processor.py:840} INFO - DAG(s) 'example_branch_dop_operator_v3' retrieved from /home/airflow/.local/lib/python3.12/site-packages/airflow/example_dags/example_branch_python_dop_operator_3.py
[2025-12-19T02:16:05.047+0000] {logging_mixin.py:188} INFO - [2025-12-19T02:16:05.047+0000] {dag.py:3089} INFO - Sync 1 DAGs
[2025-12-19T02:16:05.059+0000] {logging_mixin.py:188} INFO - [2025-12-19T02:16:05.059+0000] {dag.py:3947} INFO - Setting next_dagrun for example_branch_dop_operator_v3 to 2025-12-19 02:15:00+00:00, run_after=2025-12-19 02:16:00+00:00
[2025-12-19T02:16:05.068+0000] {processor.py:183} INFO - Processing /home/airflow/.local/lib/python3.12/site-packages/airflow/example_dags/example_branch_python_dop_operator_3.py took 0.040 seconds
[2025-12-19T03:53:39.469+0000] {processor.py:161} INFO - Started process (PID=57833) to work on /home/airflow/.local/lib/python3.12/site-packages/airflow/example_dags/example_branch_python_dop_operator_3.py
[2025-12-19T03:53:39.470+0000] {processor.py:830} INFO - Processing file /home/airflow/.local/lib/python3.12/site-packages/airflow/example_dags/example_branch_python_dop_operator_3.py for tasks to queue
[2025-12-19T03:53:39.471+0000] {logging_mixin.py:188} INFO - [2025-12-19T03:53:39.471+0000] {dagbag.py:545} INFO - Filling up the DagBag from /home/airflow/.local/lib/python3.12/site-packages/airflow/example_dags/example_branch_python_dop_operator_3.py
[2025-12-19T03:53:39.475+0000] {processor.py:840} INFO - DAG(s) 'example_branch_dop_operator_v3' retrieved from /home/airflow/.local/lib/python3.12/site-packages/airflow/example_dags/example_branch_python_dop_operator_3.py
[2025-12-19T03:53:39.491+0000] {logging_mixin.py:188} INFO - [2025-12-19T03:53:39.491+0000] {dag.py:3089} INFO - Sync 1 DAGs
[2025-12-19T03:53:39.501+0000] {logging_mixin.py:188} INFO - [2025-12-19T03:53:39.501+0000] {dag.py:3947} INFO - Setting next_dagrun for example_branch_dop_operator_v3 to 2025-12-19 03:52:00+00:00, run_after=2025-12-19 03:53:00+00:00
[2025-12-19T03:53:39.512+0000] {processor.py:183} INFO - Processing /home/airflow/.local/lib/python3.12/site-packages/airflow/example_dags/example_branch_python_dop_operator_3.py took 0.046 seconds
[2025-12-19T05:18:12.985+0000] {processor.py:161} INFO - Started process (PID=57892) to work on /home/airflow/.local/lib/python3.12/site-packages/airflow/example_dags/example_branch_python_dop_operator_3.py
[2025-12-19T05:18:12.985+0000] {processor.py:830} INFO - Processing file /home/airflow/.local/lib/python3.12/site-packages/airflow/example_dags/example_branch_python_dop_operator_3.py for tasks to queue
[2025-12-19T05:18:12.985+0000] {logging_mixin.py:188} INFO - [2025-12-19T05:18:12.985+0000] {dagbag.py:545} INFO - Filling up the DagBag from /home/airflow/.local/lib/python3.12/site-packages/airflow/example_dags/example_branch_python_dop_operator_3.py
[2025-12-19T05:18:12.989+0000] {processor.py:840} INFO - DAG(s) 'example_branch_dop_operator_v3' retrieved from /home/airflow/.local/lib/python3.12/site-packages/airflow/example_dags/example_branch_python_dop_operator_3.py
[2025-12-19T05:18:12.998+0000] {logging_mixin.py:188} INFO - [2025-12-19T05:18:12.998+0000] {dag.py:3089} INFO - Sync 1 DAGs
[2025-12-19T05:18:13.008+0000] {logging_mixin.py:188} INFO - [2025-12-19T05:18:13.008+0000] {dag.py:3947} INFO - Setting next_dagrun for example_branch_dop_operator_v3 to 2025-12-19 05:17:00+00:00, run_after=2025-12-19 05:18:00+00:00
[2025-12-19T05:18:13.024+0000] {processor.py:183} INFO - Processing /home/airflow/.local/lib/python3.12/site-packages/airflow/example_dags/example_branch_python_dop_operator_3.py took 0.042 seconds
[2025-12-19T06:58:37.449+0000] {processor.py:161} INFO - Started process (PID=57951) to work on /home/airflow/.local/lib/python3.12/site-packages/airflow/example_dags/example_branch_python_dop_operator_3.py
[2025-12-19T06:58:37.449+0000] {processor.py:830} INFO - Processing file /home/airflow/.local/lib/python3.12/site-packages/airflow/example_dags/example_branch_python_dop_operator_3.py for tasks to queue
[2025-12-19T06:58:37.450+0000] {logging_mixin.py:188} INFO - [2025-12-19T06:58:37.450+0000] {dagbag.py:545} INFO - Filling up the DagBag from /home/airflow/.local/lib/python3.12/site-packages/airflow/example_dags/example_branch_python_dop_operator_3.py
[2025-12-19T06:58:37.454+0000] {processor.py:840} INFO - DAG(s) 'example_branch_dop_operator_v3' retrieved from /home/airflow/.local/lib/python3.12/site-packages/airflow/example_dags/example_branch_python_dop_operator_3.py
[2025-12-19T06:58:37.464+0000] {logging_mixin.py:188} INFO - [2025-12-19T06:58:37.464+0000] {dag.py:3089} INFO - Sync 1 DAGs
[2025-12-19T06:58:37.483+0000] {logging_mixin.py:188} INFO - [2025-12-19T06:58:37.483+0000] {dag.py:3947} INFO - Setting next_dagrun for example_branch_dop_operator_v3 to 2025-12-19 06:57:00+00:00, run_after=2025-12-19 06:58:00+00:00
[2025-12-19T06:58:37.494+0000] {processor.py:183} INFO - Processing /home/airflow/.local/lib/python3.12/site-packages/airflow/example_dags/example_branch_python_dop_operator_3.py took 0.048 seconds
[2025-12-19T08:03:03.461+0000] {processor.py:161} INFO - Started process (PID=58010) to work on /home/airflow/.local/lib/python3.12/site-packages/airflow/example_dags/example_branch_python_dop_operator_3.py
[2025-12-19T08:03:03.462+0000] {processor.py:830} INFO - Processing file /home/airflow/.local/lib/python3.12/site-packages/airflow/example_dags/example_branch_python_dop_operator_3.py for tasks to queue
[2025-12-19T08:03:03.463+0000] {logging_mixin.py:188} INFO - [2025-12-19T08:03:03.463+0000] {dagbag.py:545} INFO - Filling up the DagBag from /home/airflow/.local/lib/python3.12/site-packages/airflow/example_dags/example_branch_python_dop_operator_3.py
[2025-12-19T08:03:03.469+0000] {processor.py:840} INFO - DAG(s) 'example_branch_dop_operator_v3' retrieved from /home/airflow/.local/lib/python3.12/site-packages/airflow/example_dags/example_branch_python_dop_operator_3.py
[2025-12-19T08:03:03.484+0000] {logging_mixin.py:188} INFO - [2025-12-19T08:03:03.483+0000] {dag.py:3089} INFO - Sync 1 DAGs
[2025-12-19T08:03:03.501+0000] {logging_mixin.py:188} INFO - [2025-12-19T08:03:03.501+0000] {dag.py:3947} INFO - Setting next_dagrun for example_branch_dop_operator_v3 to 2025-12-19 08:02:00+00:00, run_after=2025-12-19 08:03:00+00:00
[2025-12-19T08:03:03.519+0000] {processor.py:183} INFO - Processing /home/airflow/.local/lib/python3.12/site-packages/airflow/example_dags/example_branch_python_dop_operator_3.py took 0.063 seconds
[2025-12-19T09:19:30.174+0000] {processor.py:161} INFO - Started process (PID=58069) to work on /home/airflow/.local/lib/python3.12/site-packages/airflow/example_dags/example_branch_python_dop_operator_3.py
[2025-12-19T09:19:30.175+0000] {processor.py:830} INFO - Processing file /home/airflow/.local/lib/python3.12/site-packages/airflow/example_dags/example_branch_python_dop_operator_3.py for tasks to queue
[2025-12-19T09:19:30.175+0000] {logging_mixin.py:188} INFO - [2025-12-19T09:19:30.175+0000] {dagbag.py:545} INFO - Filling up the DagBag from /home/airflow/.local/lib/python3.12/site-packages/airflow/example_dags/example_branch_python_dop_operator_3.py
[2025-12-19T09:19:30.183+0000] {processor.py:840} INFO - DAG(s) 'example_branch_dop_operator_v3' retrieved from /home/airflow/.local/lib/python3.12/site-packages/airflow/example_dags/example_branch_python_dop_operator_3.py
[2025-12-19T09:19:30.203+0000] {logging_mixin.py:188} INFO - [2025-12-19T09:19:30.203+0000] {dag.py:3089} INFO - Sync 1 DAGs
[2025-12-19T09:19:30.224+0000] {logging_mixin.py:188} INFO - [2025-12-19T09:19:30.224+0000] {dag.py:3947} INFO - Setting next_dagrun for example_branch_dop_operator_v3 to 2025-12-19 09:18:00+00:00, run_after=2025-12-19 09:19:00+00:00
[2025-12-19T09:19:30.243+0000] {processor.py:183} INFO - Processing /home/airflow/.local/lib/python3.12/site-packages/airflow/example_dags/example_branch_python_dop_operator_3.py took 0.074 seconds
[2025-12-19T09:57:40.459+0000] {processor.py:161} INFO - Started process (PID=58128) to work on /home/airflow/.local/lib/python3.12/site-packages/airflow/example_dags/example_branch_python_dop_operator_3.py
[2025-12-19T09:57:40.460+0000] {processor.py:830} INFO - Processing file /home/airflow/.local/lib/python3.12/site-packages/airflow/example_dags/example_branch_python_dop_operator_3.py for tasks to queue
[2025-12-19T09:57:40.462+0000] {logging_mixin.py:188} INFO - [2025-12-19T09:57:40.462+0000] {dagbag.py:545} INFO - Filling up the DagBag from /home/airflow/.local/lib/python3.12/site-packages/airflow/example_dags/example_branch_python_dop_operator_3.py
[2025-12-19T09:57:40.486+0000] {processor.py:840} INFO - DAG(s) 'example_branch_dop_operator_v3' retrieved from /home/airflow/.local/lib/python3.12/site-packages/airflow/example_dags/example_branch_python_dop_operator_3.py
[2025-12-19T09:57:40.556+0000] {logging_mixin.py:188} INFO - [2025-12-19T09:57:40.555+0000] {dag.py:3089} INFO - Sync 1 DAGs
[2025-12-19T09:57:40.764+0000] {logging_mixin.py:188} INFO - [2025-12-19T09:57:40.764+0000] {dag.py:3947} INFO - Setting next_dagrun for example_branch_dop_operator_v3 to 2025-12-19 09:56:00+00:00, run_after=2025-12-19 09:57:00+00:00
[2025-12-19T09:57:40.865+0000] {processor.py:183} INFO - Processing /home/airflow/.local/lib/python3.12/site-packages/airflow/example_dags/example_branch_python_dop_operator_3.py took 0.413 seconds
[2025-12-19T10:46:51.102+0000] {processor.py:161} INFO - Started process (PID=58187) to work on /home/airflow/.local/lib/python3.12/site-packages/airflow/example_dags/example_branch_python_dop_operator_3.py
[2025-12-19T10:46:51.104+0000] {processor.py:830} INFO - Processing file /home/airflow/.local/lib/python3.12/site-packages/airflow/example_dags/example_branch_python_dop_operator_3.py for tasks to queue
[2025-12-19T10:46:51.107+0000] {logging_mixin.py:188} INFO - [2025-12-19T10:46:51.105+0000] {dagbag.py:545} INFO - Filling up the DagBag from /home/airflow/.local/lib/python3.12/site-packages/airflow/example_dags/example_branch_python_dop_operator_3.py
[2025-12-19T10:46:51.126+0000] {processor.py:840} INFO - DAG(s) 'example_branch_dop_operator_v3' retrieved from /home/airflow/.local/lib/python3.12/site-packages/airflow/example_dags/example_branch_python_dop_operator_3.py
[2025-12-19T10:46:51.172+0000] {logging_mixin.py:188} INFO - [2025-12-19T10:46:51.172+0000] {dag.py:3089} INFO - Sync 1 DAGs
[2025-12-19T10:46:51.212+0000] {logging_mixin.py:188} INFO - [2025-12-19T10:46:51.211+0000] {dag.py:3947} INFO - Setting next_dagrun for example_branch_dop_operator_v3 to 2025-12-19 10:45:00+00:00, run_after=2025-12-19 10:46:00+00:00
[2025-12-19T10:46:51.240+0000] {processor.py:183} INFO - Processing /home/airflow/.local/lib/python3.12/site-packages/airflow/example_dags/example_branch_python_dop_operator_3.py took 0.150 seconds
[2025-12-19T11:37:10.546+0000] {processor.py:161} INFO - Started process (PID=58246) to work on /home/airflow/.local/lib/python3.12/site-packages/airflow/example_dags/example_branch_python_dop_operator_3.py
[2025-12-19T11:37:10.547+0000] {processor.py:830} INFO - Processing file /home/airflow/.local/lib/python3.12/site-packages/airflow/example_dags/example_branch_python_dop_operator_3.py for tasks to queue
[2025-12-19T11:37:10.547+0000] {logging_mixin.py:188} INFO - [2025-12-19T11:37:10.547+0000] {dagbag.py:545} INFO - Filling up the DagBag from /home/airflow/.local/lib/python3.12/site-packages/airflow/example_dags/example_branch_python_dop_operator_3.py
[2025-12-19T11:37:10.553+0000] {processor.py:840} INFO - DAG(s) 'example_branch_dop_operator_v3' retrieved from /home/airflow/.local/lib/python3.12/site-packages/airflow/example_dags/example_branch_python_dop_operator_3.py
[2025-12-19T11:37:10.574+0000] {logging_mixin.py:188} INFO - [2025-12-19T11:37:10.574+0000] {dag.py:3089} INFO - Sync 1 DAGs
[2025-12-19T11:37:10.593+0000] {logging_mixin.py:188} INFO - [2025-12-19T11:37:10.593+0000] {dag.py:3947} INFO - Setting next_dagrun for example_branch_dop_operator_v3 to 2025-12-19 11:36:00+00:00, run_after=2025-12-19 11:37:00+00:00
[2025-12-19T11:37:10.614+0000] {processor.py:183} INFO - Processing /home/airflow/.local/lib/python3.12/site-packages/airflow/example_dags/example_branch_python_dop_operator_3.py took 0.074 seconds
[2025-12-19T12:40:31.632+0000] {processor.py:161} INFO - Started process (PID=58305) to work on /home/airflow/.local/lib/python3.12/site-packages/airflow/example_dags/example_branch_python_dop_operator_3.py
[2025-12-19T12:40:31.634+0000] {processor.py:830} INFO - Processing file /home/airflow/.local/lib/python3.12/site-packages/airflow/example_dags/example_branch_python_dop_operator_3.py for tasks to queue
[2025-12-19T12:40:31.638+0000] {logging_mixin.py:188} INFO - [2025-12-19T12:40:31.637+0000] {dagbag.py:545} INFO - Filling up the DagBag from /home/airflow/.local/lib/python3.12/site-packages/airflow/example_dags/example_branch_python_dop_operator_3.py
[2025-12-19T12:40:31.649+0000] {processor.py:840} INFO - DAG(s) 'example_branch_dop_operator_v3' retrieved from /home/airflow/.local/lib/python3.12/site-packages/airflow/example_dags/example_branch_python_dop_operator_3.py
[2025-12-19T12:40:31.684+0000] {logging_mixin.py:188} INFO - [2025-12-19T12:40:31.683+0000] {dag.py:3089} INFO - Sync 1 DAGs
[2025-12-19T12:40:31.733+0000] {logging_mixin.py:188} INFO - [2025-12-19T12:40:31.733+0000] {dag.py:3947} INFO - Setting next_dagrun for example_branch_dop_operator_v3 to 2025-12-19 12:39:00+00:00, run_after=2025-12-19 12:40:00+00:00
[2025-12-19T12:40:31.764+0000] {processor.py:183} INFO - Processing /home/airflow/.local/lib/python3.12/site-packages/airflow/example_dags/example_branch_python_dop_operator_3.py took 0.140 seconds
[2025-12-19T13:57:46.038+0000] {processor.py:161} INFO - Started process (PID=58364) to work on /home/airflow/.local/lib/python3.12/site-packages/airflow/example_dags/example_branch_python_dop_operator_3.py
[2025-12-19T13:57:46.038+0000] {processor.py:830} INFO - Processing file /home/airflow/.local/lib/python3.12/site-packages/airflow/example_dags/example_branch_python_dop_operator_3.py for tasks to queue
[2025-12-19T13:57:46.043+0000] {logging_mixin.py:188} INFO - [2025-12-19T13:57:46.043+0000] {dagbag.py:545} INFO - Filling up the DagBag from /home/airflow/.local/lib/python3.12/site-packages/airflow/example_dags/example_branch_python_dop_operator_3.py
[2025-12-19T13:57:46.050+0000] {processor.py:840} INFO - DAG(s) 'example_branch_dop_operator_v3' retrieved from /home/airflow/.local/lib/python3.12/site-packages/airflow/example_dags/example_branch_python_dop_operator_3.py
[2025-12-19T13:57:46.063+0000] {logging_mixin.py:188} INFO - [2025-12-19T13:57:46.062+0000] {dag.py:3089} INFO - Sync 1 DAGs
[2025-12-19T13:57:46.079+0000] {logging_mixin.py:188} INFO - [2025-12-19T13:57:46.079+0000] {dag.py:3947} INFO - Setting next_dagrun for example_branch_dop_operator_v3 to 2025-12-19 13:56:00+00:00, run_after=2025-12-19 13:57:00+00:00
[2025-12-19T13:57:46.089+0000] {processor.py:183} INFO - Processing /home/airflow/.local/lib/python3.12/site-packages/airflow/example_dags/example_branch_python_dop_operator_3.py took 0.055 seconds
[2025-12-19T14:41:24.496+0000] {processor.py:161} INFO - Started process (PID=58429) to work on /home/airflow/.local/lib/python3.12/site-packages/airflow/example_dags/example_branch_python_dop_operator_3.py
[2025-12-19T14:41:24.497+0000] {processor.py:830} INFO - Processing file /home/airflow/.local/lib/python3.12/site-packages/airflow/example_dags/example_branch_python_dop_operator_3.py for tasks to queue
[2025-12-19T14:41:24.497+0000] {logging_mixin.py:188} INFO - [2025-12-19T14:41:24.497+0000] {dagbag.py:545} INFO - Filling up the DagBag from /home/airflow/.local/lib/python3.12/site-packages/airflow/example_dags/example_branch_python_dop_operator_3.py
[2025-12-19T14:41:24.504+0000] {processor.py:840} INFO - DAG(s) 'example_branch_dop_operator_v3' retrieved from /home/airflow/.local/lib/python3.12/site-packages/airflow/example_dags/example_branch_python_dop_operator_3.py
[2025-12-19T14:41:24.521+0000] {logging_mixin.py:188} INFO - [2025-12-19T14:41:24.521+0000] {dag.py:3089} INFO - Sync 1 DAGs
[2025-12-19T14:41:24.538+0000] {logging_mixin.py:188} INFO - [2025-12-19T14:41:24.538+0000] {dag.py:3947} INFO - Setting next_dagrun for example_branch_dop_operator_v3 to 2025-12-19 14:40:00+00:00, run_after=2025-12-19 14:41:00+00:00
[2025-12-19T14:41:24.553+0000] {processor.py:183} INFO - Processing /home/airflow/.local/lib/python3.12/site-packages/airflow/example_dags/example_branch_python_dop_operator_3.py took 0.062 seconds
[2025-12-19T14:41:55.144+0000] {processor.py:161} INFO - Started process (PID=58488) to work on /home/airflow/.local/lib/python3.12/site-packages/airflow/example_dags/example_branch_python_dop_operator_3.py
[2025-12-19T14:41:55.146+0000] {processor.py:830} INFO - Processing file /home/airflow/.local/lib/python3.12/site-packages/airflow/example_dags/example_branch_python_dop_operator_3.py for tasks to queue
[2025-12-19T14:41:55.146+0000] {logging_mixin.py:188} INFO - [2025-12-19T14:41:55.146+0000] {dagbag.py:545} INFO - Filling up the DagBag from /home/airflow/.local/lib/python3.12/site-packages/airflow/example_dags/example_branch_python_dop_operator_3.py
[2025-12-19T14:41:55.153+0000] {processor.py:840} INFO - DAG(s) 'example_branch_dop_operator_v3' retrieved from /home/airflow/.local/lib/python3.12/site-packages/airflow/example_dags/example_branch_python_dop_operator_3.py
[2025-12-19T14:41:55.169+0000] {logging_mixin.py:188} INFO - [2025-12-19T14:41:55.169+0000] {dag.py:3089} INFO - Sync 1 DAGs
[2025-12-19T14:41:55.189+0000] {logging_mixin.py:188} INFO - [2025-12-19T14:41:55.189+0000] {dag.py:3947} INFO - Setting next_dagrun for example_branch_dop_operator_v3 to 2025-12-19 14:40:00+00:00, run_after=2025-12-19 14:41:00+00:00
[2025-12-19T14:41:55.213+0000] {processor.py:183} INFO - Processing /home/airflow/.local/lib/python3.12/site-packages/airflow/example_dags/example_branch_python_dop_operator_3.py took 0.073 seconds
