[2025-12-19T01:08:02.463+0000] {processor.py:161} INFO - Started process (PID=57725) to work on /home/airflow/.local/lib/python3.12/site-packages/airflow/example_dags/tutorial_taskflow_api.py
[2025-12-19T01:08:02.466+0000] {processor.py:830} INFO - Processing file /home/airflow/.local/lib/python3.12/site-packages/airflow/example_dags/tutorial_taskflow_api.py for tasks to queue
[2025-12-19T01:08:02.466+0000] {logging_mixin.py:188} INFO - [2025-12-19T01:08:02.466+0000] {dagbag.py:545} INFO - Filling up the DagBag from /home/airflow/.local/lib/python3.12/site-packages/airflow/example_dags/tutorial_taskflow_api.py
[2025-12-19T01:08:02.469+0000] {processor.py:840} INFO - DAG(s) 'tutorial_taskflow_api' retrieved from /home/airflow/.local/lib/python3.12/site-packages/airflow/example_dags/tutorial_taskflow_api.py
[2025-12-19T01:08:02.483+0000] {logging_mixin.py:188} INFO - [2025-12-19T01:08:02.483+0000] {dag.py:3089} INFO - Sync 1 DAGs
[2025-12-19T01:08:02.491+0000] {logging_mixin.py:188} INFO - [2025-12-19T01:08:02.491+0000] {dag.py:3947} INFO - Setting next_dagrun for tutorial_taskflow_api to None, run_after=None
[2025-12-19T01:08:02.503+0000] {processor.py:183} INFO - Processing /home/airflow/.local/lib/python3.12/site-packages/airflow/example_dags/tutorial_taskflow_api.py took 0.043 seconds
[2025-12-19T02:16:05.337+0000] {processor.py:161} INFO - Started process (PID=57784) to work on /home/airflow/.local/lib/python3.12/site-packages/airflow/example_dags/tutorial_taskflow_api.py
[2025-12-19T02:16:05.339+0000] {processor.py:830} INFO - Processing file /home/airflow/.local/lib/python3.12/site-packages/airflow/example_dags/tutorial_taskflow_api.py for tasks to queue
[2025-12-19T02:16:05.340+0000] {logging_mixin.py:188} INFO - [2025-12-19T02:16:05.340+0000] {dagbag.py:545} INFO - Filling up the DagBag from /home/airflow/.local/lib/python3.12/site-packages/airflow/example_dags/tutorial_taskflow_api.py
[2025-12-19T02:16:05.343+0000] {processor.py:840} INFO - DAG(s) 'tutorial_taskflow_api' retrieved from /home/airflow/.local/lib/python3.12/site-packages/airflow/example_dags/tutorial_taskflow_api.py
[2025-12-19T02:16:05.356+0000] {logging_mixin.py:188} INFO - [2025-12-19T02:16:05.356+0000] {dag.py:3089} INFO - Sync 1 DAGs
[2025-12-19T02:16:05.362+0000] {logging_mixin.py:188} INFO - [2025-12-19T02:16:05.361+0000] {dag.py:3947} INFO - Setting next_dagrun for tutorial_taskflow_api to None, run_after=None
[2025-12-19T02:16:05.373+0000] {processor.py:183} INFO - Processing /home/airflow/.local/lib/python3.12/site-packages/airflow/example_dags/tutorial_taskflow_api.py took 0.040 seconds
[2025-12-19T03:53:39.770+0000] {processor.py:161} INFO - Started process (PID=57843) to work on /home/airflow/.local/lib/python3.12/site-packages/airflow/example_dags/tutorial_taskflow_api.py
[2025-12-19T03:53:39.770+0000] {processor.py:830} INFO - Processing file /home/airflow/.local/lib/python3.12/site-packages/airflow/example_dags/tutorial_taskflow_api.py for tasks to queue
[2025-12-19T03:53:39.771+0000] {logging_mixin.py:188} INFO - [2025-12-19T03:53:39.771+0000] {dagbag.py:545} INFO - Filling up the DagBag from /home/airflow/.local/lib/python3.12/site-packages/airflow/example_dags/tutorial_taskflow_api.py
[2025-12-19T03:53:39.774+0000] {processor.py:840} INFO - DAG(s) 'tutorial_taskflow_api' retrieved from /home/airflow/.local/lib/python3.12/site-packages/airflow/example_dags/tutorial_taskflow_api.py
[2025-12-19T03:53:39.786+0000] {logging_mixin.py:188} INFO - [2025-12-19T03:53:39.785+0000] {dag.py:3089} INFO - Sync 1 DAGs
[2025-12-19T03:53:39.792+0000] {logging_mixin.py:188} INFO - [2025-12-19T03:53:39.792+0000] {dag.py:3947} INFO - Setting next_dagrun for tutorial_taskflow_api to None, run_after=None
[2025-12-19T03:53:39.802+0000] {processor.py:183} INFO - Processing /home/airflow/.local/lib/python3.12/site-packages/airflow/example_dags/tutorial_taskflow_api.py took 0.035 seconds
[2025-12-19T05:18:13.252+0000] {processor.py:161} INFO - Started process (PID=57902) to work on /home/airflow/.local/lib/python3.12/site-packages/airflow/example_dags/tutorial_taskflow_api.py
[2025-12-19T05:18:13.253+0000] {processor.py:830} INFO - Processing file /home/airflow/.local/lib/python3.12/site-packages/airflow/example_dags/tutorial_taskflow_api.py for tasks to queue
[2025-12-19T05:18:13.253+0000] {logging_mixin.py:188} INFO - [2025-12-19T05:18:13.253+0000] {dagbag.py:545} INFO - Filling up the DagBag from /home/airflow/.local/lib/python3.12/site-packages/airflow/example_dags/tutorial_taskflow_api.py
[2025-12-19T05:18:13.261+0000] {processor.py:840} INFO - DAG(s) 'tutorial_taskflow_api' retrieved from /home/airflow/.local/lib/python3.12/site-packages/airflow/example_dags/tutorial_taskflow_api.py
[2025-12-19T05:18:13.275+0000] {logging_mixin.py:188} INFO - [2025-12-19T05:18:13.275+0000] {dag.py:3089} INFO - Sync 1 DAGs
[2025-12-19T05:18:13.280+0000] {logging_mixin.py:188} INFO - [2025-12-19T05:18:13.280+0000] {dag.py:3947} INFO - Setting next_dagrun for tutorial_taskflow_api to None, run_after=None
[2025-12-19T05:18:13.290+0000] {processor.py:183} INFO - Processing /home/airflow/.local/lib/python3.12/site-packages/airflow/example_dags/tutorial_taskflow_api.py took 0.041 seconds
[2025-12-19T06:58:37.810+0000] {processor.py:161} INFO - Started process (PID=57961) to work on /home/airflow/.local/lib/python3.12/site-packages/airflow/example_dags/tutorial_taskflow_api.py
[2025-12-19T06:58:37.812+0000] {processor.py:830} INFO - Processing file /home/airflow/.local/lib/python3.12/site-packages/airflow/example_dags/tutorial_taskflow_api.py for tasks to queue
[2025-12-19T06:58:37.813+0000] {logging_mixin.py:188} INFO - [2025-12-19T06:58:37.812+0000] {dagbag.py:545} INFO - Filling up the DagBag from /home/airflow/.local/lib/python3.12/site-packages/airflow/example_dags/tutorial_taskflow_api.py
[2025-12-19T06:58:37.816+0000] {processor.py:840} INFO - DAG(s) 'tutorial_taskflow_api' retrieved from /home/airflow/.local/lib/python3.12/site-packages/airflow/example_dags/tutorial_taskflow_api.py
[2025-12-19T06:58:37.829+0000] {logging_mixin.py:188} INFO - [2025-12-19T06:58:37.829+0000] {dag.py:3089} INFO - Sync 1 DAGs
[2025-12-19T06:58:37.837+0000] {logging_mixin.py:188} INFO - [2025-12-19T06:58:37.837+0000] {dag.py:3947} INFO - Setting next_dagrun for tutorial_taskflow_api to None, run_after=None
[2025-12-19T06:58:37.847+0000] {processor.py:183} INFO - Processing /home/airflow/.local/lib/python3.12/site-packages/airflow/example_dags/tutorial_taskflow_api.py took 0.040 seconds
[2025-12-19T08:03:03.848+0000] {processor.py:161} INFO - Started process (PID=58020) to work on /home/airflow/.local/lib/python3.12/site-packages/airflow/example_dags/tutorial_taskflow_api.py
[2025-12-19T08:03:03.849+0000] {processor.py:830} INFO - Processing file /home/airflow/.local/lib/python3.12/site-packages/airflow/example_dags/tutorial_taskflow_api.py for tasks to queue
[2025-12-19T08:03:03.849+0000] {logging_mixin.py:188} INFO - [2025-12-19T08:03:03.849+0000] {dagbag.py:545} INFO - Filling up the DagBag from /home/airflow/.local/lib/python3.12/site-packages/airflow/example_dags/tutorial_taskflow_api.py
[2025-12-19T08:03:03.856+0000] {processor.py:840} INFO - DAG(s) 'tutorial_taskflow_api' retrieved from /home/airflow/.local/lib/python3.12/site-packages/airflow/example_dags/tutorial_taskflow_api.py
[2025-12-19T08:03:03.882+0000] {logging_mixin.py:188} INFO - [2025-12-19T08:03:03.882+0000] {dag.py:3089} INFO - Sync 1 DAGs
[2025-12-19T08:03:03.897+0000] {logging_mixin.py:188} INFO - [2025-12-19T08:03:03.896+0000] {dag.py:3947} INFO - Setting next_dagrun for tutorial_taskflow_api to None, run_after=None
[2025-12-19T08:03:03.917+0000] {processor.py:183} INFO - Processing /home/airflow/.local/lib/python3.12/site-packages/airflow/example_dags/tutorial_taskflow_api.py took 0.073 seconds
[2025-12-19T09:19:30.668+0000] {processor.py:161} INFO - Started process (PID=58079) to work on /home/airflow/.local/lib/python3.12/site-packages/airflow/example_dags/tutorial_taskflow_api.py
[2025-12-19T09:19:30.669+0000] {processor.py:830} INFO - Processing file /home/airflow/.local/lib/python3.12/site-packages/airflow/example_dags/tutorial_taskflow_api.py for tasks to queue
[2025-12-19T09:19:30.671+0000] {logging_mixin.py:188} INFO - [2025-12-19T09:19:30.671+0000] {dagbag.py:545} INFO - Filling up the DagBag from /home/airflow/.local/lib/python3.12/site-packages/airflow/example_dags/tutorial_taskflow_api.py
[2025-12-19T09:19:30.676+0000] {processor.py:840} INFO - DAG(s) 'tutorial_taskflow_api' retrieved from /home/airflow/.local/lib/python3.12/site-packages/airflow/example_dags/tutorial_taskflow_api.py
[2025-12-19T09:19:30.693+0000] {logging_mixin.py:188} INFO - [2025-12-19T09:19:30.693+0000] {dag.py:3089} INFO - Sync 1 DAGs
[2025-12-19T09:19:30.707+0000] {logging_mixin.py:188} INFO - [2025-12-19T09:19:30.706+0000] {dag.py:3947} INFO - Setting next_dagrun for tutorial_taskflow_api to None, run_after=None
[2025-12-19T09:19:30.727+0000] {processor.py:183} INFO - Processing /home/airflow/.local/lib/python3.12/site-packages/airflow/example_dags/tutorial_taskflow_api.py took 0.064 seconds
[2025-12-19T09:57:42.316+0000] {processor.py:161} INFO - Started process (PID=58138) to work on /home/airflow/.local/lib/python3.12/site-packages/airflow/example_dags/tutorial_taskflow_api.py
[2025-12-19T09:57:42.318+0000] {processor.py:830} INFO - Processing file /home/airflow/.local/lib/python3.12/site-packages/airflow/example_dags/tutorial_taskflow_api.py for tasks to queue
[2025-12-19T09:57:42.319+0000] {logging_mixin.py:188} INFO - [2025-12-19T09:57:42.318+0000] {dagbag.py:545} INFO - Filling up the DagBag from /home/airflow/.local/lib/python3.12/site-packages/airflow/example_dags/tutorial_taskflow_api.py
[2025-12-19T09:57:42.327+0000] {processor.py:840} INFO - DAG(s) 'tutorial_taskflow_api' retrieved from /home/airflow/.local/lib/python3.12/site-packages/airflow/example_dags/tutorial_taskflow_api.py
[2025-12-19T09:57:42.360+0000] {logging_mixin.py:188} INFO - [2025-12-19T09:57:42.360+0000] {dag.py:3089} INFO - Sync 1 DAGs
[2025-12-19T09:57:42.383+0000] {logging_mixin.py:188} INFO - [2025-12-19T09:57:42.383+0000] {dag.py:3947} INFO - Setting next_dagrun for tutorial_taskflow_api to None, run_after=None
[2025-12-19T09:57:42.440+0000] {processor.py:183} INFO - Processing /home/airflow/.local/lib/python3.12/site-packages/airflow/example_dags/tutorial_taskflow_api.py took 0.132 seconds
[2025-12-19T10:46:52.037+0000] {processor.py:161} INFO - Started process (PID=58197) to work on /home/airflow/.local/lib/python3.12/site-packages/airflow/example_dags/tutorial_taskflow_api.py
[2025-12-19T10:46:52.038+0000] {processor.py:830} INFO - Processing file /home/airflow/.local/lib/python3.12/site-packages/airflow/example_dags/tutorial_taskflow_api.py for tasks to queue
[2025-12-19T10:46:52.039+0000] {logging_mixin.py:188} INFO - [2025-12-19T10:46:52.039+0000] {dagbag.py:545} INFO - Filling up the DagBag from /home/airflow/.local/lib/python3.12/site-packages/airflow/example_dags/tutorial_taskflow_api.py
[2025-12-19T10:46:52.048+0000] {processor.py:840} INFO - DAG(s) 'tutorial_taskflow_api' retrieved from /home/airflow/.local/lib/python3.12/site-packages/airflow/example_dags/tutorial_taskflow_api.py
[2025-12-19T10:46:52.079+0000] {logging_mixin.py:188} INFO - [2025-12-19T10:46:52.079+0000] {dag.py:3089} INFO - Sync 1 DAGs
[2025-12-19T10:46:52.099+0000] {logging_mixin.py:188} INFO - [2025-12-19T10:46:52.099+0000] {dag.py:3947} INFO - Setting next_dagrun for tutorial_taskflow_api to None, run_after=None
[2025-12-19T10:46:52.127+0000] {processor.py:183} INFO - Processing /home/airflow/.local/lib/python3.12/site-packages/airflow/example_dags/tutorial_taskflow_api.py took 0.098 seconds
[2025-12-19T11:37:11.136+0000] {processor.py:161} INFO - Started process (PID=58256) to work on /home/airflow/.local/lib/python3.12/site-packages/airflow/example_dags/tutorial_taskflow_api.py
[2025-12-19T11:37:11.137+0000] {processor.py:830} INFO - Processing file /home/airflow/.local/lib/python3.12/site-packages/airflow/example_dags/tutorial_taskflow_api.py for tasks to queue
[2025-12-19T11:37:11.137+0000] {logging_mixin.py:188} INFO - [2025-12-19T11:37:11.137+0000] {dagbag.py:545} INFO - Filling up the DagBag from /home/airflow/.local/lib/python3.12/site-packages/airflow/example_dags/tutorial_taskflow_api.py
[2025-12-19T11:37:11.142+0000] {processor.py:840} INFO - DAG(s) 'tutorial_taskflow_api' retrieved from /home/airflow/.local/lib/python3.12/site-packages/airflow/example_dags/tutorial_taskflow_api.py
[2025-12-19T11:37:11.160+0000] {logging_mixin.py:188} INFO - [2025-12-19T11:37:11.160+0000] {dag.py:3089} INFO - Sync 1 DAGs
[2025-12-19T11:37:11.172+0000] {logging_mixin.py:188} INFO - [2025-12-19T11:37:11.172+0000] {dag.py:3947} INFO - Setting next_dagrun for tutorial_taskflow_api to None, run_after=None
[2025-12-19T11:37:11.196+0000] {processor.py:183} INFO - Processing /home/airflow/.local/lib/python3.12/site-packages/airflow/example_dags/tutorial_taskflow_api.py took 0.066 seconds
[2025-12-19T12:40:32.484+0000] {processor.py:161} INFO - Started process (PID=58315) to work on /home/airflow/.local/lib/python3.12/site-packages/airflow/example_dags/tutorial_taskflow_api.py
[2025-12-19T12:40:32.485+0000] {processor.py:830} INFO - Processing file /home/airflow/.local/lib/python3.12/site-packages/airflow/example_dags/tutorial_taskflow_api.py for tasks to queue
[2025-12-19T12:40:32.488+0000] {logging_mixin.py:188} INFO - [2025-12-19T12:40:32.488+0000] {dagbag.py:545} INFO - Filling up the DagBag from /home/airflow/.local/lib/python3.12/site-packages/airflow/example_dags/tutorial_taskflow_api.py
[2025-12-19T12:40:32.497+0000] {processor.py:840} INFO - DAG(s) 'tutorial_taskflow_api' retrieved from /home/airflow/.local/lib/python3.12/site-packages/airflow/example_dags/tutorial_taskflow_api.py
[2025-12-19T12:40:32.536+0000] {logging_mixin.py:188} INFO - [2025-12-19T12:40:32.536+0000] {dag.py:3089} INFO - Sync 1 DAGs
[2025-12-19T12:40:32.556+0000] {logging_mixin.py:188} INFO - [2025-12-19T12:40:32.556+0000] {dag.py:3947} INFO - Setting next_dagrun for tutorial_taskflow_api to None, run_after=None
[2025-12-19T12:40:32.584+0000] {processor.py:183} INFO - Processing /home/airflow/.local/lib/python3.12/site-packages/airflow/example_dags/tutorial_taskflow_api.py took 0.108 seconds
[2025-12-19T13:57:46.612+0000] {processor.py:161} INFO - Started process (PID=58374) to work on /home/airflow/.local/lib/python3.12/site-packages/airflow/example_dags/tutorial_taskflow_api.py
[2025-12-19T13:57:46.613+0000] {processor.py:830} INFO - Processing file /home/airflow/.local/lib/python3.12/site-packages/airflow/example_dags/tutorial_taskflow_api.py for tasks to queue
[2025-12-19T13:57:46.613+0000] {logging_mixin.py:188} INFO - [2025-12-19T13:57:46.613+0000] {dagbag.py:545} INFO - Filling up the DagBag from /home/airflow/.local/lib/python3.12/site-packages/airflow/example_dags/tutorial_taskflow_api.py
[2025-12-19T13:57:46.619+0000] {processor.py:840} INFO - DAG(s) 'tutorial_taskflow_api' retrieved from /home/airflow/.local/lib/python3.12/site-packages/airflow/example_dags/tutorial_taskflow_api.py
[2025-12-19T13:57:46.641+0000] {logging_mixin.py:188} INFO - [2025-12-19T13:57:46.640+0000] {dag.py:3089} INFO - Sync 1 DAGs
[2025-12-19T13:57:46.649+0000] {logging_mixin.py:188} INFO - [2025-12-19T13:57:46.649+0000] {dag.py:3947} INFO - Setting next_dagrun for tutorial_taskflow_api to None, run_after=None
[2025-12-19T13:57:46.664+0000] {processor.py:183} INFO - Processing /home/airflow/.local/lib/python3.12/site-packages/airflow/example_dags/tutorial_taskflow_api.py took 0.057 seconds
[2025-12-19T14:41:24.931+0000] {processor.py:161} INFO - Started process (PID=58439) to work on /home/airflow/.local/lib/python3.12/site-packages/airflow/example_dags/tutorial_taskflow_api.py
[2025-12-19T14:41:24.932+0000] {processor.py:830} INFO - Processing file /home/airflow/.local/lib/python3.12/site-packages/airflow/example_dags/tutorial_taskflow_api.py for tasks to queue
[2025-12-19T14:41:24.933+0000] {logging_mixin.py:188} INFO - [2025-12-19T14:41:24.933+0000] {dagbag.py:545} INFO - Filling up the DagBag from /home/airflow/.local/lib/python3.12/site-packages/airflow/example_dags/tutorial_taskflow_api.py
[2025-12-19T14:41:24.938+0000] {processor.py:840} INFO - DAG(s) 'tutorial_taskflow_api' retrieved from /home/airflow/.local/lib/python3.12/site-packages/airflow/example_dags/tutorial_taskflow_api.py
[2025-12-19T14:41:24.958+0000] {logging_mixin.py:188} INFO - [2025-12-19T14:41:24.958+0000] {dag.py:3089} INFO - Sync 1 DAGs
[2025-12-19T14:41:24.974+0000] {logging_mixin.py:188} INFO - [2025-12-19T14:41:24.974+0000] {dag.py:3947} INFO - Setting next_dagrun for tutorial_taskflow_api to None, run_after=None
[2025-12-19T14:41:24.996+0000] {processor.py:183} INFO - Processing /home/airflow/.local/lib/python3.12/site-packages/airflow/example_dags/tutorial_taskflow_api.py took 0.069 seconds
[2025-12-19T14:41:55.581+0000] {processor.py:161} INFO - Started process (PID=58498) to work on /home/airflow/.local/lib/python3.12/site-packages/airflow/example_dags/tutorial_taskflow_api.py
[2025-12-19T14:41:55.581+0000] {processor.py:830} INFO - Processing file /home/airflow/.local/lib/python3.12/site-packages/airflow/example_dags/tutorial_taskflow_api.py for tasks to queue
[2025-12-19T14:41:55.582+0000] {logging_mixin.py:188} INFO - [2025-12-19T14:41:55.582+0000] {dagbag.py:545} INFO - Filling up the DagBag from /home/airflow/.local/lib/python3.12/site-packages/airflow/example_dags/tutorial_taskflow_api.py
[2025-12-19T14:41:55.587+0000] {processor.py:840} INFO - DAG(s) 'tutorial_taskflow_api' retrieved from /home/airflow/.local/lib/python3.12/site-packages/airflow/example_dags/tutorial_taskflow_api.py
[2025-12-19T14:41:55.605+0000] {logging_mixin.py:188} INFO - [2025-12-19T14:41:55.605+0000] {dag.py:3089} INFO - Sync 1 DAGs
[2025-12-19T14:41:55.614+0000] {logging_mixin.py:188} INFO - [2025-12-19T14:41:55.614+0000] {dag.py:3947} INFO - Setting next_dagrun for tutorial_taskflow_api to None, run_after=None
[2025-12-19T14:41:55.637+0000] {processor.py:183} INFO - Processing /home/airflow/.local/lib/python3.12/site-packages/airflow/example_dags/tutorial_taskflow_api.py took 0.061 seconds
